262 262 2561
22
197
13
8
128
123
128
71
173
42
71
88
7
69
199
175
63
6
84
6
107
6
63
185
141
192
60
83
58
175
63
62
63
171
41
68
57
68
129
29
151
145
23
184
145
179
65
34
53
10
149
10
143
64
164
64
38
75
150
33
180
108
96
127
1
158
161
124
181
124
78
118
78
12
134
12
55
91
21
26
120
26
120
30
120
75
174
113
90
67
162
172
144
172
162
172
94
182
147
33
116
24
116
33
135
193
27
44
6
77
169
183
37
49
2
15
2
191
138
126
81
110
99
109
189
157
140
93
140
189
72
66
79
194
146
95
36
112
155
31
170
59
196
48
196
121
156
74
56
163
82
163
56
163
25
0
166
87
159
87
61
154
167
40
70
187
92
188
92
130
85
136
153
85
130
100
130
4
130
9
32
9
177
20
54
152
14
89
14
152
103
45
17
125
115
122
80
52
139
43
139
43
139
119
142
35
142
119
139
43
101
28
51
101
190
3
16
11
111
106
111
118
165
18
165
102
117
176
97
73
86
73
148
46
168
76
39
76
168
137
198
5
131
105
178
105
47
50
104
50
114
98
133
19
186
160
186
195
104
50
47
132
22 197
13 197
8 13
8 128
123 128
123 128
71 128
71 173
42 173
42 71
71 88
7 88
7 69
69 199
175 199
63 175
6 63
6 84
6 84
6 107
6 107
6 63
63 185
141 185
141 192
60 192
60 83
58 83
58 175
63 175
62 63
62 63
63 171
41 171
41 68
57 68
57 68
68 129
29 129
29 151
145 151
23 145
23 184
145 184
145 179
65 179
34 65
34 53
10 53
10 149
10 149
10 143
64 143
64 164
64 164
38 64
38 75
75 150
33 150
33 180
108 180
96 108
96 127
1 127
1 158
158 161
124 161
124 181
124 181
78 124
78 118
78 118
12 78
12 134
12 134
12 55
55 91
21 91
21 26
26 120
26 120
26 120
30 120
30 120
75 120
75 174
113 174
90 113
67 90
67 162
162 172
144 172
144 172
162 172
162 172
94 172
94 182
147 182
33 147
33 116
24 116
24 116
33 116
33 135
135 193
27 193
27 44
6 44
6 77
77 169
169 183
37 183
37 49
2 49
2 15
2 15
2 191
138 191
126 138
81 126
81 110
99 110
99 109
109 189
157 189
140 157
93 140
93 140
140 189
72 189
66 72
66 79
79 194
146 194
95 146
36 95
36 112
112 155
31 155
31 170
59 170
59 196
48 196
48 196
121 196
121 156
74 156
56 74
56 163
82 163
82 163
56 163
56 163
25 163
0 25
0 166
87 166
87 159
87 159
61 87
61 154
154 167
40 167
40 70
70 187
92 187
92 188
92 188
92 130
85 130
85 136
136 153
85 153
85 130
100 130
100 130
4 130
4 130
9 130
9 32
9 32
9 177
20 177
20 54
54 152
14 152
14 89
14 89
14 152
103 152
45 103
17 45
17 125
115 125
115 122
80 122
52 80
52 139
43 139
43 139
43 139
43 139
119 139
119 142
35 142
35 142
119 142
119 139
43 139
43 101
28 101
28 51
51 101
101 190
3 190
3 16
11 16
11 111
106 111
106 111
111 118
118 165
18 165
18 165
102 165
102 117
117 176
97 176
73 97
73 86
73 86
73 148
46 148
46 168
76 168
39 76
39 76
76 168
137 168
137 198
5 198
5 131
105 131
105 178
105 178
47 105
47 50
50 104
50 104
50 114
98 114
98 133
19 133
19 186
160 186
160 186
186 195
104 195
50 104
47 50
47 132
22 132
