208 208 1438
68
110
184
83
104
184
167
61
5
168
70
191
190
169
14
10
103
62
124
179
183
93
37
72
37
45
92
116
152
106
23
67
46
139
81
118
186
56
108
71
186
94
35
25
35
142
197
77
113
163
74
180
137
31
43
138
176
69
16
24
141
24
111
84
122
82
195
114
193
156
33
196
129
198
66
26
121
87
187
58
126
105
126
96
8
91
123
36
150
173
13
107
15
59
162
48
40
63
154
171
3
171
17
97
20
99
28
148
65
131
85
44
128
75
90
174
164
39
54
41
130
101
188
158
47
136
7
73
172
11
53
42
125
98
192
178
30
178
18
4
79
144
157
177
86
52
109
165
151
78
21
89
147
6
182
181
140
134
119
19
95
32
22
199
1
55
155
51
146
145
0
133
161
80
9
166
64
29
149
2
50
49
194
127
185
102
60
57
27
153
135
189
38
100
143
159
175
34
88
112
12
170
132
120
160
115
76
117
68 110
110 184
83 184
83 104
104 184
167 184
61 167
5 61
5 168
70 168
70 191
190 191
169 190
14 169
10 14
10 103
62 103
62 124
124 179
179 183
93 183
37 93
37 72
37 72
37 45
45 92
92 116
116 152
106 152
23 106
23 67
46 67
46 139
81 139
81 118
118 186
56 186
56 108
71 108
71 186
94 186
35 94
25 35
25 35
35 142
142 197
77 197
77 113
113 163
74 163
74 180
137 180
31 137
31 43
43 138
138 176
69 176
16 69
16 24
24 141
24 141
24 111
84 111
84 122
82 122
82 195
114 195
114 193
156 193
33 156
33 196
129 196
129 198
66 198
26 66
26 121
87 121
87 187
58 187
58 126
105 126
105 126
96 126
8 96
8 91
91 123
36 123
36 150
150 173
13 173
13 107
15 107
15 59
59 162
48 162
40 48
40 63
63 154
154 171
3 171
3 171
17 171
17 97
20 97
20 99
28 99
28 148
65 148
65 131
85 131
44 85
44 128
75 128
75 90
90 174
164 174
39 164
39 54
41 54
41 130
101 130
101 188
158 188
47 158
47 136
7 136
7 73
73 172
11 172
11 53
42 53
42 125
98 125
98 192
178 192
30 178
30 178
18 178
4 18
4 79
79 144
144 157
157 177
86 177
52 86
52 109
109 165
151 165
78 151
21 78
21 89
89 147
6 147
6 182
181 182
140 181
134 140
119 134
19 119
19 95
32 95
22 32
22 199
1 199
1 55
55 155
51 155
51 146
145 146
0 145
0 133
133 161
80 161
9 80
9 166
64 166
29 64
29 149
2 149
2 50
49 50
49 194
127 194
127 185
102 185
60 102
57 60
27 57
27 153
135 153
135 189
38 189
38 100
100 143
143 159
159 175
34 175
34 88
88 112
12 112
12 170
132 170
120 132
120 160
115 160
76 115
76 117
68 117
