107 107 1093
67
0
14
19
40
12
96
47
96
4
62
29
60
82
61
97
81
15
56
38
31
86
33
77
36
27
72
29
94
10
7
85
2
20
25
79
8
41
13
26
11
51
11
51
53
68
58
52
49
69
84
37
46
73
50
1
42
83
42
98
30
98
24
98
32
75
17
63
66
28
91
54
78
45
99
88
64
95
57
92
23
21
87
93
6
80
48
74
5
39
3
70
9
18
22
43
90
59
16
55
35
34
65
89
44
71
76
0 67
0 14
14 19
19 40
12 40
12 96
47 96
47 96
4 96
4 62
29 62
29 60
60 82
61 82
61 97
81 97
15 81
15 56
38 56
31 38
31 86
33 86
33 77
36 77
27 36
27 72
29 72
29 94
10 94
7 10
7 85
2 85
2 20
20 25
25 79
8 79
8 41
13 41
13 26
11 26
11 51
11 51
11 51
51 53
53 68
58 68
52 58
49 52
49 69
69 84
37 84
37 46
46 73
50 73
1 50
1 42
42 83
42 83
42 98
30 98
30 98
24 98
24 98
32 98
32 75
17 75
17 63
63 66
28 66
28 91
54 91
54 78
45 78
45 99
88 99
64 88
64 95
57 95
57 92
23 92
21 23
21 87
87 93
6 93
6 80
48 80
48 74
5 74
5 39
3 39
3 70
9 70
9 18
18 22
22 43
43 90
59 90
16 59
16 55
35 55
34 35
34 65
65 89
44 89
44 71
71 76
67 76
