63 63 981
2
39
21
44
16
47
16
45
15
31
8
19
16
33
28
4
35
34
28
33
16
24
12
26
10
9
22
9
14
18
32
42
0
38
40
3
27
7
11
23
43
13
29
13
20
13
41
17
49
17
41
13
48
36
5
1
6
30
25
30
6
37
46
2 39
21 39
21 44
16 44
16 47
16 47
16 45
15 45
15 31
8 31
8 19
16 19
16 33
28 33
4 28
4 35
34 35
28 34
28 33
16 33
16 24
12 24
12 26
10 26
9 10
9 22
9 22
9 14
14 18
18 32
32 42
0 42
0 38
38 40
3 40
3 27
7 27
7 11
11 23
23 43
13 43
13 29
13 29
13 20
13 20
13 41
17 41
17 49
17 49
17 41
13 41
13 48
36 48
5 36
1 5
1 6
6 30
25 30
25 30
6 30
6 37
37 46
2 46
