62 62 1392
5
9
21
39
35
10
43
40
20
1
38
25
38
27
26
47
15
24
42
0
26
0
11
49
6
18
36
18
34
19
23
2
33
29
22
37
8
37
46
37
22
3
14
44
48
17
41
28
7
16
30
16
7
16
30
12
45
31
32
31
7
13
5 9
9 21
21 39
35 39
10 35
10 43
40 43
20 40
1 20
1 38
25 38
25 38
27 38
26 27
26 47
15 47
15 24
24 42
0 42
0 26
0 26
0 11
11 49
6 49
6 18
18 36
18 36
18 34
19 34
19 23
2 23
2 33
29 33
22 29
22 37
8 37
8 37
37 46
37 46
22 37
3 22
3 14
14 44
44 48
17 48
17 41
28 41
7 28
7 16
16 30
16 30
7 16
7 16
16 30
12 30
12 45
31 45
31 32
31 32
7 31
7 13
5 13
