142 142 2037
3
5
6
8
9
11
13
14
15
16
17
18
19
20
21
22
24
25
27
28
29
30
31
32
34
35
36
37
38
40
42
43
44
47
48
49
50
52
53
54
56
58
59
61
62
63
64
65
66
69
70
71
72
73
74
76
77
78
79
80
82
84
85
86
87
89
91
92
95
97
99
102
103
108
109
110
112
114
115
116
117
120
121
123
124
125
127
129
130
131
134
135
136
137
138
139
140
141
142
145
146
147
148
149
150
151
152
153
154
155
156
157
159
160
161
162
163
164
165
166
167
168
169
170
171
173
174
175
176
177
178
179
181
183
184
187
188
189
191
192
195
199
3 22
3 27
5 40
5 56
6 32
6 137
8 48
8 87
9 109
9 192
11 40
11 149
13 17
13 25
14 80
14 183
15 50
15 71
16 99
16 121
17 112
18 31
18 54
19 21
19 129
20 146
20 162
21 84
22 195
24 38
24 152
25 139
27 28
28 170
29 108
29 195
30 117
30 141
31 74
32 153
34 42
34 157
35 89
35 124
36 69
36 92
37 109
37 184
38 150
42 115
43 87
43 136
44 47
44 53
47 63
48 58
49 160
49 168
50 181
52 56
52 59
53 66
54 155
58 97
59 64
61 65
61 73
62 103
62 124
63 150
64 140
65 199
66 175
69 127
70 86
70 142
71 134
72 110
72 171
73 189
74 179
76 130
76 174
77 80
77 141
78 131
78 166
79 138
79 154
82 175
82 178
84 91
85 155
85 187
86 134
89 173
91 148
92 191
95 139
95 154
97 123
99 116
102 116
102 199
103 149
108 110
112 127
114 159
114 174
115 117
120 171
120 189
121 177
123 164
125 130
125 191
129 157
131 184
135 167
135 179
136 147
137 188
138 187
140 181
142 169
145 159
145 165
146 176
147 176
148 164
151 153
151 162
152 177
156 168
156 192
160 183
161 163
161 170
163 169
165 166
167 173
178 188
