63 63 1025
0
1
3
5
8
11
16
17
18
20
22
23
25
26
27
28
30
31
33
34
35
36
37
38
40
41
44
45
47
49
50
52
55
56
57
59
60
64
66
67
69
71
72
73
74
75
77
78
80
81
82
83
84
85
86
88
89
90
91
92
97
98
99
0 22
0 81
1 45
1 84
3 50
3 85
5 18
5 73
8 40
8 41
11 44
11 80
16 23
16 41
17 52
17 59
18 92
20 30
20 64
22 67
23 72
25 31
25 59
26 36
26 78
27 36
27 56
28 52
28 98
30 75
31 78
33 91
33 97
34 38
34 69
35 56
35 82
37 74
37 97
38 71
40 73
44 82
45 84
47 66
47 80
49 55
49 83
50 60
55 89
57 67
57 99
60 98
64 90
66 77
69 72
71 88
74 91
75 88
77 86
81 86
83 89
85 99
90 92
