57 57 1191
96
4
17
48
38
8
38
5
63
67
23
67
63
70
66
31
73
65
61
73
75
11
75
25
51
18
51
59
64
82
22
16
68
43
46
90
9
66
13
15
19
10
19
79
76
50
76
79
94
97
34
98
29
5
37
6
57
4 96
4 17
17 48
38 48
8 38
8 38
5 38
5 63
63 67
23 67
23 67
63 67
63 70
66 70
31 66
31 73
65 73
61 65
61 73
73 75
11 75
11 75
25 75
25 51
18 51
18 51
51 59
59 64
64 82
22 82
16 22
16 68
43 68
43 46
46 90
9 90
9 66
13 66
13 15
15 19
10 19
10 19
19 79
76 79
50 76
50 76
76 79
79 94
94 97
34 97
34 98
29 98
5 29
5 37
6 37
6 57
57 96
