100 100 1116
0
1
2
3
4
5
6
7
8
9
10
11
12
13
14
15
16
17
18
19
20
21
22
23
24
25
26
27
28
29
30
31
32
33
34
35
36
37
38
39
40
41
42
43
44
45
46
47
48
49
50
51
52
53
54
55
56
57
58
59
60
61
62
63
64
65
66
67
68
69
70
71
72
73
74
75
76
77
78
79
80
81
82
83
84
85
86
87
88
89
90
91
92
93
94
95
96
97
98
99
0 1
0 19
1 69
2 14
2 27
3 32
3 91
4 88
4 90
5 40
5 64
6 46
6 63
7 31
7 95
8 37
8 39
9 23
9 58
10 58
10 80
11 24
11 89
12 34
12 97
13 35
13 43
14 26
15 26
15 42
16 27
16 76
17 24
17 35
18 25
18 67
19 61
20 29
20 83
21 49
21 91
22 60
22 85
23 65
25 33
28 72
28 81
29 74
30 62
30 82
31 57
32 69
33 48
34 97
36 71
36 90
37 38
38 84
39 52
40 79
41 44
41 45
42 55
43 53
44 66
45 96
46 94
47 63
47 93
48 74
49 98
50 56
50 86
51 61
51 75
52 70
53 89
54 83
54 86
55 76
56 80
57 95
59 85
59 99
60 77
62 94
64 79
65 75
66 87
67 93
68 73
68 82
70 92
71 87
72 92
73 88
77 99
78 81
78 84
96 98
