69 69 1122
30
20
28
54
25
54
79
89
94
2
37
55
98
78
32
75
67
85
60
53
34
35
48
35
26
14
12
82
10
87
70
66
69
91
47
62
17
8
23
5
4
72
21
86
21
18
13
97
76
41
40
72
40
29
39
29
57
27
80
15
93
51
59
1
90
73
43
0
33
20 30
20 28
28 54
25 54
25 54
54 79
79 89
89 94
2 94
2 37
37 55
55 98
78 98
32 78
32 75
67 75
67 85
60 85
53 60
34 53
34 35
35 48
35 48
26 35
14 26
12 14
12 82
10 82
10 87
70 87
66 70
66 69
69 91
47 91
47 62
17 62
8 17
8 23
5 23
4 5
4 72
21 72
21 86
21 86
18 21
13 18
13 97
76 97
41 76
40 41
40 72
40 72
29 40
29 39
29 39
29 57
27 57
27 80
15 80
15 93
51 93
51 59
1 59
1 90
73 90
43 73
0 43
0 33
30 33
