110 110 1864
32
136
85
198
28
169
7
160
78
99
67
30
67
131
177
114
125
46
72
150
27
3
130
55
41
126
180
62
180
89
2
82
14
45
104
35
79
57
56
44
24
76
113
155
174
193
145
47
94
161
94
172
94
6
100
51
71
13
71
33
154
88
154
69
117
69
61
9
42
68
20
199
19
0
173
143
183
108
16
106
16
52
103
49
27
15
60
140
73
25
34
135
34
65
38
65
181
95
75
58
139
109
163
50
115
43
37
90
36
64
32 136
85 136
85 198
28 198
28 169
7 169
7 160
78 160
78 99
67 99
30 67
30 67
67 131
131 177
114 177
114 125
46 125
46 72
72 150
27 150
3 27
3 130
55 130
41 55
41 126
126 180
62 180
62 180
89 180
2 89
2 82
14 82
14 45
45 104
35 104
35 79
57 79
56 57
44 56
24 44
24 76
76 113
113 155
155 174
174 193
145 193
47 145
47 94
94 161
94 161
94 172
94 172
6 94
6 100
51 100
51 71
13 71
13 71
33 71
33 154
88 154
88 154
69 154
69 117
69 117
61 69
9 61
9 42
42 68
20 68
20 199
19 199
0 19
0 173
143 173
143 183
108 183
16 108
16 106
16 106
16 52
52 103
49 103
27 49
15 27
15 60
60 140
73 140
25 73
25 34
34 135
34 135
34 65
38 65
38 65
65 181
95 181
75 95
58 75
58 139
109 139
109 163
50 163
50 115
43 115
37 43
37 90
36 90
36 64
32 64
