66 66 1275
45
37
3
20
46
21
10
31
6
42
6
42
18
21
16
21
18
21
9
4
13
27
30
27
14
39
33
5
0
5
0
44
2
12
24
36
24
7
17
48
34
48
8
49
47
15
26
19
32
19
23
19
26
8
40
35
29
38
11
43
28
43
22
1
25
41
37 45
3 37
3 20
20 46
21 46
10 21
10 31
6 31
6 42
6 42
6 42
18 42
18 21
16 21
16 21
18 21
18 21
9 21
4 9
4 13
13 27
27 30
27 30
14 27
14 39
33 39
5 33
0 5
0 5
0 5
0 44
2 44
2 12
12 24
24 36
24 36
7 24
7 17
17 48
34 48
34 48
8 48
8 49
47 49
15 47
15 26
19 26
19 32
19 32
19 23
19 23
19 26
8 26
8 40
35 40
29 35
29 38
11 38
11 43
28 43
28 43
22 43
1 22
1 25
25 41
41 45
