50 106 799
0
1
2
3
4
5
6
7
8
9
10
11
12
13
14
15
16
17
18
19
20
21
22
23
24
25
26
27
28
29
30
31
32
33
34
35
36
37
38
39
40
41
42
43
44
45
46
47
48
49
0 2
0 2
0 25
0 25
1 36
1 36
1 43
1 43
2 0
0 22
0 22
3 9
3 9
3 22
3 22
4 30
4 30
4 35
4 35
5 38
5 38
5 38
38 40
38 40
6 17
6 17
6 21
6 21
7 40
40 13
40 13
7 19
7 19
8 10
8 10
8 18
8 18
9 11
9 11
10 39
10 39
11 48
11 48
12 24
12 24
12 28
12 28
13 40
40 38
40 38
14 20
14 20
14 39
14 39
15 16
15 16
15 16
16 35
16 35
16 31
16 31
17 41
17 41
18 42
18 42
19 37
19 37
20 46
20 46
21 37
21 37
23 26
23 26
23 49
23 49
24 27
24 27
25 34
25 34
26 27
26 27
28 24
24 47
24 47
29 43
29 43
29 48
29 48
30 44
30 44
31 36
31 36
32 40
32 40
32 49
32 49
33 44
33 44
33 45
33 45
34 46
34 46
41 45
41 45
42 47
42 47
