100 100 1052
0
1
2
3
4
5
6
7
8
9
10
11
12
13
14
15
16
17
18
19
20
21
22
23
24
25
26
27
28
29
30
31
32
33
34
35
36
37
38
39
40
41
42
43
44
45
46
47
48
49
50
51
52
53
54
55
56
57
58
59
60
61
62
63
64
65
66
67
68
69
70
71
72
73
74
75
76
77
78
79
80
81
82
83
84
85
86
87
88
89
90
91
92
93
94
95
96
97
98
99
0 8
0 93
1 16
1 23
2 24
2 61
3 39
3 42
4 22
4 45
5 60
5 71
6 72
6 81
7 20
7 52
8 84
9 34
9 57
10 18
10 73
11 30
11 94
12 52
12 90
13 35
13 66
14 74
14 82
15 44
15 47
16 43
17 65
17 86
18 19
19 56
20 70
21 24
21 77
22 75
23 93
25 34
25 89
26 50
26 78
27 38
27 81
28 37
28 87
29 88
29 96
30 59
31 48
31 85
32 40
32 80
33 68
33 84
35 41
36 39
36 61
37 67
38 64
40 92
41 50
42 64
43 47
44 49
45 49
46 53
46 74
48 99
51 89
51 99
53 83
54 79
54 82
55 66
55 75
56 71
57 65
58 62
58 77
59 90
60 63
62 94
63 92
67 76
68 85
69 76
69 98
70 97
72 73
78 95
79 95
80 86
83 91
87 88
91 96
97 98
