98 98 1007
0
1
2
3
4
5
6
7
8
9
10
11
12
13
14
15
16
17
18
19
20
21
22
23
24
25
26
27
28
29
30
31
32
33
34
35
36
37
38
39
40
41
42
43
44
45
46
47
48
49
50
51
52
53
55
56
57
58
59
60
61
62
63
64
65
67
68
69
70
71
72
73
74
75
76
77
78
79
80
81
82
83
84
85
86
87
88
89
90
91
92
93
94
95
96
97
98
99
0 39
0 71
1 2
1 36
2 58
3 4
3 80
4 43
5 46
5 68
6 8
6 95
7 51
7 70
8 95
9 27
9 76
10 40
10 60
11 16
11 90
12 46
12 88
13 30
13 37
14 55
14 56
15 70
15 82
16 89
17 37
17 78
18 61
18 64
19 71
19 98
20 47
20 83
21 26
21 39
22 25
22 92
23 43
23 99
24 33
24 69
25 50
26 85
27 45
28 55
28 65
29 48
29 52
30 73
31 38
31 87
32 35
32 40
33 48
34 81
34 94
35 67
36 41
38 73
41 45
42 77
42 85
44 63
44 77
47 57
49 52
49 78
50 79
51 92
53 58
53 96
56 97
57 84
59 80
59 99
60 62
61 88
62 86
63 97
64 79
65 75
67 86
68 82
69 91
72 74
72 89
74 87
75 90
76 96
81 94
83 93
84 93
91 98
