50 101 891
0
1
2
3
4
5
6
7
8
9
10
11
12
13
14
15
16
17
18
19
20
21
22
23
24
25
26
27
28
29
30
31
32
33
34
35
36
37
38
39
40
41
42
43
44
45
46
47
48
49
0 2
0 2
0 14
0 14
1 8
1 8
1 11
1 11
2 12
2 12
3 30
3 30
3 45
3 45
4 22
4 22
4 48
4 48
5 9
5 9
5 33
5 33
6 24
6 24
6 32
6 32
7 21
7 21
7 39
7 39
8 35
8 35
9 47
9 47
10 13
10 13
10 29
10 29
11 26
11 26
12 22
12 22
13 42
13 42
14 44
14 44
15 20
15 20
15 42
15 42
16 19
16 19
16 38
16 38
17 18
17 18
17 37
17 37
18 17
17 27
17 27
19 43
19 43
20 36
20 36
21 28
21 28
23 39
23 39
23 45
23 45
24 27
24 27
25 35
25 35
25 49
25 49
26 34
26 34
28 33
28 33
29 46
29 46
30 40
30 40
31 43
31 43
31 47
31 47
32 41
32 41
34 37
34 37
36 40
36 40
38 49
38 49
41 48
41 48
44 46
44 46
