97 97 834
0
1
2
3
4
5
6
7
8
9
10
11
12
13
14
15
16
17
18
19
20
21
22
23
24
25
26
27
28
29
30
31
32
33
34
35
36
37
38
39
40
41
42
43
44
45
46
47
48
49
50
51
52
53
54
55
56
57
58
59
60
61
62
63
64
65
66
67
68
69
70
71
72
73
74
75
76
77
78
79
80
81
83
84
85
86
88
89
90
91
92
93
94
95
96
97
99
0 70
0 77
1 16
1 91
2 48
2 80
3 35
3 39
4 20
4 36
5 33
5 37
6 56
6 64
7 67
7 75
8 9
8 13
9 93
10 46
10 71
11 68
11 77
12 31
12 71
13 41
14 28
14 81
15 62
15 85
16 57
17 33
17 95
18 69
18 83
19 49
19 75
20 52
21 27
21 40
22 27
22 31
23 29
23 76
24 44
24 58
25 34
25 91
26 61
26 66
28 51
29 97
30 72
30 86
32 54
32 92
34 36
35 45
37 47
38 50
38 74
39 69
40 56
41 48
42 47
42 55
43 65
43 80
44 99
45 63
46 84
49 67
50 74
51 81
52 70
53 73
53 89
54 78
55 79
57 95
58 99
59 60
59 96
60 88
61 66
62 85
63 83
64 93
65 68
72 90
73 89
76 97
78 92
79 84
86 94
88 96
90 94
