99 99 1435
0
1
2
3
4
5
6
7
8
9
10
11
12
13
14
15
16
17
18
19
20
21
22
23
24
25
26
27
28
29
30
31
32
33
34
35
36
37
38
39
40
41
42
43
44
45
46
47
48
49
50
51
52
53
54
55
56
57
58
59
60
62
63
64
65
66
67
68
69
70
71
72
73
74
75
76
77
78
79
80
81
82
83
84
85
86
87
88
89
90
91
92
93
94
95
96
97
98
99
0 8
0 91
1 75
1 83
2 29
2 95
3 18
3 57
4 26
4 93
5 26
5 60
6 31
6 76
7 46
7 67
8 22
9 34
9 86
10 82
10 98
11 21
11 85
12 52
12 71
13 30
13 69
14 77
14 82
15 87
15 93
16 73
16 80
17 35
17 70
18 38
19 35
19 54
20 45
20 57
21 44
22 24
23 62
23 69
24 78
25 33
25 43
27 79
27 94
28 42
28 97
29 63
30 66
31 76
32 53
32 99
33 88
34 74
36 55
36 81
37 72
37 84
38 51
39 40
39 71
40 60
41 58
41 62
42 94
43 49
44 58
45 67
46 53
47 55
47 88
48 56
48 65
49 66
50 59
50 91
51 79
52 84
54 90
56 64
59 77
63 85
64 98
65 96
68 89
68 92
70 81
72 75
73 89
74 80
78 95
83 87
86 99
90 97
92 96
