76 76 1677
110
184
197
133
135
162
165
29
142
29
89
169
114
157
149
28
93
15
155
32
95
23
152
177
10
94
52
127
17
153
50
88
67
170
26
161
39
196
38
115
13
179
107
123
3
123
192
124
129
58
99
96
44
147
187
144
57
43
130
2
35
141
174
116
120
33
191
138
173
100
146
102
85
126
76
90
110 184
184 197
133 197
133 135
135 162
162 165
29 165
29 142
29 142
29 89
89 169
114 169
114 157
149 157
28 149
28 93
15 93
15 155
32 155
32 95
23 95
23 152
152 177
10 177
10 94
52 94
52 127
17 127
17 153
50 153
50 88
67 88
67 170
26 170
26 161
39 161
39 196
38 196
38 115
13 115
13 179
107 179
107 123
3 123
3 123
123 192
124 192
124 129
58 129
58 99
96 99
44 96
44 147
147 187
144 187
57 144
43 57
43 130
2 130
2 35
35 141
141 174
116 174
116 120
33 120
33 191
138 191
138 173
100 173
100 146
102 146
85 102
85 126
76 126
76 90
90 110
