100 100 1190
0
1
2
3
4
5
6
7
8
9
10
11
12
13
14
15
16
17
18
19
20
21
22
23
24
25
26
27
28
29
30
31
32
33
34
35
36
37
38
39
40
41
42
43
44
45
46
47
48
49
50
51
52
53
54
55
56
57
58
59
60
61
62
63
64
65
66
67
68
69
70
71
72
73
74
75
76
77
78
79
80
81
82
83
84
85
86
87
88
89
90
91
92
93
94
95
96
97
98
99
0 38
0 44
1 56
1 96
2 12
2 64
3 10
3 15
4 27
4 50
5 30
5 78
6 40
6 51
7 66
7 85
8 20
8 61
9 54
9 88
10 17
11 70
11 74
12 64
13 17
13 26
14 41
14 91
15 36
16 22
16 71
18 42
18 80
19 71
19 84
20 78
21 53
21 68
22 66
23 46
23 54
24 47
24 56
25 83
25 95
26 37
27 97
28 45
28 52
29 34
29 90
30 37
31 49
31 57
32 41
32 98
33 38
33 44
34 89
35 76
35 90
36 69
39 47
39 93
40 87
42 75
43 48
43 92
45 89
46 79
48 92
49 77
50 58
51 91
52 74
53 65
55 83
55 95
57 86
58 86
59 73
59 99
60 88
60 94
61 72
62 63
62 77
63 79
65 70
67 81
67 82
68 98
69 80
72 73
75 99
76 97
81 82
84 85
87 94
93 96
