50 101 931
0
1
2
3
4
5
6
7
8
9
10
11
12
13
14
15
16
17
18
19
20
21
22
23
24
25
26
27
28
29
30
31
32
33
34
35
36
37
38
39
40
41
42
43
44
45
46
47
48
49
0 33
0 33
0 35
0 35
1 29
1 29
1 40
1 40
2 42
2 42
2 47
2 47
3 11
3 11
3 15
3 15
4 22
4 22
4 28
4 28
5 6
5 6
5 37
5 37
6 41
6 41
7 17
7 17
7 19
7 19
8 25
8 25
8 39
8 39
9 13
9 13
9 16
9 16
10 35
10 35
10 40
10 40
11 25
11 25
12 13
12 13
12 49
12 49
14 32
14 32
14 36
14 36
15 46
15 46
16 21
16 21
17 37
17 37
18 32
18 32
18 45
18 45
19 31
19 31
20 22
20 22
20 30
20 30
21 43
21 43
23 24
23 24
23 48
23 48
24 31
24 31
26 38
26 38
26 44
26 44
27 41
27 41
27 42
27 42
28 34
28 34
29 43
29 43
30 44
30 44
33 0
0 39
0 39
34 36
34 36
38 47
38 47
45 46
45 46
48 49
48 49
