86 86 1267
0
1
2
3
4
5
8
9
10
11
12
13
14
15
16
18
19
20
21
22
23
25
26
27
28
29
30
31
32
33
35
36
37
38
39
40
41
42
43
44
45
46
47
48
49
50
51
56
58
59
60
61
62
64
66
67
68
69
70
71
72
73
74
75
76
77
78
79
80
81
82
83
84
85
86
87
88
89
90
92
94
95
96
97
98
99
0 29
0 42
1 16
1 32
2 12
2 23
3 47
3 76
4 51
4 79
5 46
5 50
8 13
8 69
9 66
9 94
10 35
10 85
11 18
11 58
12 56
13 78
14 28
14 88
15 33
15 66
16 77
18 70
19 43
19 84
20 26
20 82
21 23
21 44
22 38
22 82
25 62
25 87
26 36
27 41
27 42
28 74
29 56
30 47
30 68
31 44
31 83
32 80
33 78
35 99
36 86
37 45
37 95
38 98
39 51
39 60
40 75
40 98
41 59
43 67
45 95
46 50
48 67
48 86
49 76
49 92
58 72
59 84
60 96
61 71
61 79
62 89
64 90
64 97
68 74
69 71
70 83
72 81
73 87
73 89
75 92
77 94
80 96
81 88
85 99
90 97
