97 97 1608
75
138
125
108
84
2
68
170
140
156
94
82
36
39
177
157
34
4
87
129
194
51
50
137
48
129
49
158
128
198
112
198
121
133
148
31
146
46
100
95
100
127
182
124
66
120
52
191
161
77
141
109
141
80
149
132
28
43
74
103
92
71
60
16
139
113
42
195
119
56
130
118
185
1
86
72
3
79
134
24
105
69
99
96
62
110
29
97
78
61
90
131
111
176
114
67
145
75 138
125 138
108 125
84 108
2 84
2 68
68 170
140 170
140 156
94 156
82 94
36 82
36 39
39 177
157 177
34 157
4 34
4 87
87 129
129 194
51 194
50 51
50 137
48 137
48 129
49 129
49 158
128 158
128 198
112 198
112 198
121 198
121 133
133 148
31 148
31 146
46 146
46 100
95 100
95 100
100 127
127 182
124 182
66 124
66 120
52 120
52 191
161 191
77 161
77 141
109 141
109 141
80 141
80 149
132 149
28 132
28 43
43 74
74 103
92 103
71 92
60 71
16 60
16 139
113 139
42 113
42 195
119 195
56 119
56 130
118 130
118 185
1 185
1 86
72 86
3 72
3 79
79 134
24 134
24 105
69 105
69 99
96 99
62 96
62 110
29 110
29 97
78 97
61 78
61 90
90 131
111 131
111 176
114 176
67 114
67 145
75 145
