98 98 1505
0
1
2
3
4
5
6
7
8
9
10
11
12
13
14
15
16
17
18
19
20
21
22
23
24
25
26
27
28
29
30
31
32
33
34
35
36
37
38
39
40
41
42
43
44
45
46
47
48
49
50
52
53
54
55
56
57
58
59
60
61
62
63
64
65
67
68
69
70
71
72
73
74
75
76
77
78
79
80
81
82
83
84
85
86
87
88
89
90
91
92
93
94
95
96
97
98
99
0 39
0 79
1 4
1 95
2 42
2 63
3 24
3 91
4 95
5 76
5 93
6 57
6 70
7 45
7 47
8 22
8 27
9 48
9 96
10 40
10 55
11 53
11 61
12 44
12 49
13 31
13 69
14 76
14 80
15 43
15 72
16 43
16 72
17 19
17 97
18 74
18 87
19 25
20 30
20 75
21 30
21 41
22 97
23 44
23 59
24 69
25 75
26 36
26 84
27 29
28 52
28 92
29 82
31 73
32 81
32 86
33 56
33 92
34 60
34 73
35 55
35 82
36 47
37 54
37 79
38 93
38 94
39 54
40 67
41 88
42 68
45 89
46 71
46 91
48 70
49 65
50 77
50 98
52 61
53 78
56 99
57 68
58 71
58 90
59 86
60 63
62 84
62 89
64 80
64 90
65 85
67 94
74 88
77 98
78 83
81 85
83 96
87 99
