100 100 1539
0
1
2
3
4
5
6
7
8
9
10
11
12
13
14
15
16
17
18
19
20
21
22
23
24
25
26
27
28
29
30
31
32
33
34
35
36
37
38
39
40
41
42
43
44
45
46
47
48
49
50
51
52
53
54
55
56
57
58
59
60
61
62
63
64
65
66
67
68
69
70
71
72
73
74
75
76
77
78
79
80
81
82
83
84
85
86
87
88
89
90
91
92
93
94
95
96
97
98
99
0 73
0 79
1 32
1 59
2 29
2 79
3 31
3 81
4 12
4 65
5 23
5 61
6 34
6 82
7 54
7 94
8 67
8 95
9 35
9 88
10 29
10 56
11 25
11 62
12 48
13 46
13 72
14 38
14 85
15 26
15 39
16 63
16 90
17 37
17 41
18 22
18 30
19 59
19 60
20 37
20 66
21 26
21 93
22 94
23 46
24 48
24 92
25 84
27 53
27 85
28 51
28 78
30 50
31 86
32 76
33 55
33 64
34 91
35 47
36 47
36 62
38 43
39 45
40 72
40 75
41 68
42 74
42 83
43 75
44 51
44 76
45 69
49 95
49 97
50 55
52 67
52 84
53 81
54 93
56 97
57 58
57 70
58 77
60 87
61 71
63 88
64 70
65 99
66 96
68 83
69 73
71 98
74 89
77 82
78 99
80 86
80 96
87 91
89 90
92 98
