50 101 687
0
1
2
3
4
5
6
7
8
9
10
11
12
13
14
15
16
17
18
19
20
21
22
23
24
25
26
27
28
29
30
31
32
33
34
35
36
37
38
39
40
41
42
43
44
45
46
47
48
49
0 2
0 2
0 45
0 45
1 5
1 5
1 10
1 10
2 8
2 8
3 14
3 14
3 40
3 40
4 15
4 15
4 26
4 26
5 28
5 28
6 7
6 7
6 7
7 21
7 21
7 37
7 37
8 11
8 11
9 34
9 34
9 47
9 47
10 44
10 44
11 27
11 27
12 24
12 24
12 45
12 45
13 19
13 19
13 37
13 37
14 48
14 48
15 43
15 43
16 41
16 41
16 42
16 42
17 29
17 29
17 34
17 34
18 30
18 30
18 39
18 39
19 32
19 32
20 22
20 22
20 25
20 25
21 28
21 28
22 30
22 30
23 32
23 32
23 41
23 41
24 25
24 25
26 49
26 49
27 38
27 38
29 43
29 43
31 33
31 33
31 36
31 36
33 46
33 46
35 39
35 39
35 42
35 42
36 38
36 38
40 47
40 47
44 49
44 49
46 48
46 48
