254 254 2317
160
185
179
63
35
133
81
150
111
101
55
155
41
124
41
155
150
20
152
96
66
37
187
108
168
36
90
194
43
125
140
3
17
38
17
33
126
33
126
68
178
12
136
12
161
174
119
87
180
52
121
53
50
70
123
34
169
48
188
10
177
132
181
88
29
109
88
25
23
197
138
11
122
49
162
148
163
97
170
46
51
170
97
83
142
83
142
182
42
182
69
65
190
27
79
114
79
72
79
27
104
144
85
135
98
18
98
18
115
149
183
21
166
139
54
92
60
89
112
110
7
175
75
176
8
75
1
75
9
75
82
158
61
158
82
199
26
32
192
157
13
78
56
165
56
78
13
173
86
99
156
118
102
0
127
14
198
30
134
80
69
25
91
130
91
130
59
50
120
40
129
146
117
159
4
186
161
174
74
154
136
12
178
147
178
137
145
137
64
77
64
137
193
106
94
171
15
31
39
31
45
31
15
171
167
6
113
44
57
19
107
195
151
58
16
184
16
58
5
191
71
100
141
100
71
196
95
84
164
84
73
22
73
116
73
105
47
28
67
24
67
62
143
76
93
171
15
153
103
131
2
155
41
128
160 185
179 185
63 179
35 63
35 133
81 133
81 150
111 150
101 111
55 101
55 155
41 155
41 124
41 124
41 155
150 155
20 150
20 152
96 152
66 96
37 66
37 187
108 187
108 168
36 168
36 90
90 194
43 194
43 125
125 140
3 140
3 17
17 38
17 38
17 33
33 126
33 126
33 126
68 126
68 178
12 178
12 136
12 136
12 161
161 174
119 174
87 119
87 180
52 180
52 121
53 121
50 53
50 70
70 123
34 123
34 169
48 169
48 188
10 188
10 177
132 177
132 181
88 181
29 88
29 109
88 109
25 88
23 25
23 197
138 197
11 138
11 122
49 122
49 162
148 162
148 163
97 163
97 170
46 170
46 51
51 170
97 170
83 97
83 142
83 142
83 142
142 182
42 182
42 182
69 182
65 69
65 190
27 190
27 79
79 114
79 114
72 79
72 79
27 79
27 104
104 144
85 144
85 135
98 135
18 98
18 98
18 98
18 115
115 149
149 183
21 183
21 166
139 166
54 139
54 92
60 92
60 89
89 112
110 112
7 110
7 175
75 175
75 176
8 176
8 75
1 75
1 75
9 75
9 75
75 82
82 158
61 158
61 158
82 158
82 199
26 199
26 32
32 192
157 192
13 157
13 78
56 78
56 165
56 165
56 78
13 78
13 173
86 173
86 99
99 156
118 156
102 118
0 102
0 127
14 127
14 198
30 198
30 134
80 134
69 80
25 69
25 91
91 130
91 130
91 130
59 130
50 59
50 120
40 120
40 129
129 146
117 146
117 159
4 159
4 186
161 186
161 174
74 174
74 154
136 154
12 136
12 178
147 178
147 178
137 178
137 145
137 145
64 137
64 77
64 77
64 137
137 193
106 193
94 106
94 171
15 171
15 31
31 39
31 39
31 45
31 45
15 31
15 171
167 171
6 167
6 113
44 113
44 57
19 57
19 107
107 195
151 195
58 151
16 58
16 184
16 184
16 58
5 58
5 191
71 191
71 100
100 141
100 141
71 100
71 196
95 196
84 95
84 164
84 164
73 84
22 73
22 73
73 116
73 116
73 105
47 105
28 47
28 67
24 67
24 67
62 67
62 143
76 143
76 93
93 171
15 171
15 153
103 153
103 131
2 131
2 155
41 155
41 128
128 160
