197 197 2142
0
1
2
3
4
5
6
7
8
9
10
11
12
13
14
15
16
17
18
19
20
21
22
23
24
25
26
27
29
30
31
32
33
34
35
36
37
38
39
40
41
42
43
44
45
46
47
48
49
50
51
52
53
54
55
56
57
58
59
60
61
62
63
64
65
66
67
68
69
70
71
72
73
74
75
76
77
78
79
80
81
83
84
85
86
87
88
89
90
91
92
93
94
95
96
97
98
99
100
101
102
103
104
105
106
107
108
109
110
111
112
113
114
115
116
117
118
119
120
121
122
123
124
125
126
127
128
129
130
131
132
133
134
135
136
137
138
139
140
141
142
143
144
145
146
147
148
149
150
151
152
153
154
155
156
158
159
160
161
162
163
164
165
166
167
168
169
170
171
172
173
174
175
176
177
178
179
180
181
182
183
184
185
186
187
188
189
190
191
192
193
194
195
196
197
198
199
0 23
0 118
1 35
1 49
2 115
2 133
3 124
3 145
4 6
4 173
5 36
5 191
6 98
7 69
7 132
8 18
8 40
9 100
9 150
10 21
10 86
11 51
11 163
12 48
12 75
13 43
13 102
14 132
14 143
15 71
15 111
16 107
16 150
17 85
17 137
18 74
19 21
19 79
20 57
20 85
22 32
22 102
23 96
24 53
24 93
25 72
25 149
26 54
26 58
27 141
27 195
29 94
29 188
30 147
30 159
31 70
31 154
32 176
33 97
33 125
34 97
34 135
35 154
36 79
37 51
37 88
38 47
38 84
39 59
39 179
40 168
41 148
41 177
42 109
42 130
43 55
44 134
44 171
45 147
45 173
46 175
46 181
47 180
48 106
49 189
50 140
50 178
52 121
52 129
53 153
54 158
55 135
56 113
56 136
57 119
58 185
59 124
60 183
60 193
61 180
61 184
62 162
62 167
63 64
63 160
64 114
65 75
65 90
66 143
66 156
67 104
67 107
68 106
68 114
69 116
70 111
71 99
72 184
73 116
73 131
74 108
76 119
76 187
77 134
77 153
78 110
78 155
80 155
80 171
81 120
81 178
83 94
83 127
84 140
86 90
87 141
87 181
88 113
89 146
89 166
91 145
91 194
92 169
92 176
93 103
95 101
95 148
96 118
98 110
99 170
100 192
101 161
103 117
104 185
105 108
105 182
109 186
112 120
112 126
115 133
117 131
121 122
122 174
123 175
123 195
125 193
126 169
127 174
128 139
128 162
129 159
130 151
136 138
137 197
138 163
139 152
142 144
142 188
144 187
146 172
149 160
151 198
152 164
156 186
158 192
161 198
164 190
165 179
165 189
166 199
167 177
168 182
170 194
172 196
183 196
190 199
191 197
