131 131 4194
2
4
5
6
7
11
12
14
15
16
18
20
24
25
26
27
28
29
30
32
33
34
35
39
40
41
42
44
45
46
47
50
52
53
56
57
59
60
61
63
65
66
68
69
72
73
74
75
76
77
78
80
81
82
84
85
86
87
89
90
91
92
96
97
99
101
102
104
106
107
109
111
112
113
114
115
116
117
118
119
120
121
122
124
125
126
127
128
129
130
132
134
136
138
141
142
146
147
150
152
154
155
156
157
158
159
161
162
163
164
165
166
167
168
171
172
173
174
175
176
177
180
185
186
187
189
190
192
194
195
197
2 121
2 195
4 185
4 190
5 119
5 190
6 112
6 195
7 130
7 187
11 61
11 189
12 134
12 194
14 150
14 194
15 122
15 124
16 82
16 174
18 26
18 125
20 44
20 185
24 61
24 197
25 69
25 187
26 111
27 138
27 197
28 72
28 126
29 72
29 171
30 81
30 176
32 63
32 192
33 85
33 189
34 42
34 180
35 53
35 192
39 107
39 177
40 78
40 177
41 46
41 173
42 80
44 168
45 176
45 180
46 168
47 130
47 157
50 158
50 164
52 106
52 115
53 75
56 171
56 186
57 65
57 162
59 68
59 162
60 97
60 146
63 175
65 113
66 74
66 120
68 157
69 119
73 173
73 174
74 99
75 186
76 77
76 166
77 175
78 166
80 155
81 89
82 172
84 155
84 163
85 165
86 154
86 156
87 132
87 156
89 164
90 127
90 172
91 113
91 161
92 127
92 150
96 141
96 142
97 141
99 136
101 128
101 158
102 147
102 154
104 126
104 163
106 159
107 165
109 129
109 167
111 152
112 161
114 146
114 147
115 152
116 136
116 142
117 128
117 159
118 134
118 167
120 122
121 132
124 125
129 138
