100 100 865
0
1
2
3
4
5
6
7
8
9
10
11
12
13
14
15
16
17
18
19
20
21
22
23
24
25
26
27
28
29
30
31
32
33
34
35
36
37
38
39
40
41
42
43
44
45
46
47
48
49
50
51
52
53
54
55
56
57
58
59
60
61
62
63
64
65
66
67
68
69
70
71
72
73
74
75
76
77
78
79
80
81
82
83
84
85
86
87
88
89
90
91
92
93
94
95
96
97
98
99
0 55
0 92
1 5
1 96
2 27
2 82
3 63
3 68
4 19
4 26
5 34
6 18
6 60
7 21
7 90
8 31
8 98
9 10
9 48
10 25
11 67
11 95
12 24
12 52
13 72
13 79
14 33
14 82
15 50
15 73
16 18
16 29
17 49
17 77
19 21
20 32
20 38
22 27
22 60
23 89
23 92
24 59
25 85
26 96
28 42
28 61
29 48
30 34
30 77
31 80
32 38
33 53
35 41
35 93
36 42
36 85
37 58
37 94
39 66
39 75
40 45
40 88
41 62
43 46
43 64
44 47
44 97
45 88
46 87
47 84
49 72
50 95
51 83
51 94
52 76
53 54
54 55
56 80
56 81
57 71
57 78
58 83
59 97
61 70
62 86
63 68
64 87
65 66
65 73
67 89
69 71
69 78
70 74
74 90
75 99
76 84
79 91
81 93
86 98
91 99
