100 100 1080
0
1
2
3
4
5
6
7
8
9
10
11
12
13
14
15
16
17
18
19
20
21
22
23
24
25
26
27
28
29
30
31
32
33
34
35
36
37
38
39
40
41
42
43
44
45
46
47
48
49
50
51
52
53
54
55
56
57
58
59
60
61
62
63
64
65
66
67
68
69
70
71
72
73
74
75
76
77
78
79
80
81
82
83
84
85
86
87
88
89
90
91
92
93
94
95
96
97
98
99
0 43
0 64
1 9
1 86
2 8
2 87
3 49
3 50
4 28
4 58
5 13
5 50
6 76
6 96
7 75
7 93
8 35
9 46
10 81
10 91
11 12
11 97
12 14
13 60
14 25
15 31
15 97
16 27
16 85
17 31
17 32
18 20
18 38
19 47
19 95
20 88
21 63
21 91
22 30
22 53
23 87
23 92
24 77
24 79
25 43
26 67
26 78
27 69
28 69
29 37
29 67
30 61
32 44
33 66
33 72
34 68
34 98
35 72
36 52
36 98
37 90
38 45
39 46
39 78
40 54
40 82
41 45
41 56
42 53
42 99
44 58
47 73
48 56
48 71
49 60
51 61
51 93
52 90
54 89
55 77
55 80
57 70
57 92
59 74
59 85
62 84
62 88
63 94
64 66
65 70
65 95
68 71
73 79
74 99
75 84
76 94
80 86
81 83
82 89
83 96
