108 108 1015
68
22
80
39
63
70
2
75
90
58
19
84
26
49
27
23
78
30
9
35
57
88
79
42
50
33
50
13
50
97
6
25
51
8
17
30
94
23
15
21
93
59
93
16
0
32
81
12
64
12
62
1
98
46
43
54
76
65
44
92
3
34
31
72
47
73
11
18
56
99
69
71
67
66
5
67
83
91
36
29
74
14
20
37
89
53
41
40
55
7
52
96
10
61
45
77
86
60
85
38
28
24
95
48
87
48
4
82
22 68
22 80
39 80
39 63
63 70
2 70
2 75
75 90
58 90
19 58
19 84
26 84
26 49
27 49
23 27
23 78
30 78
9 30
9 35
35 57
57 88
79 88
42 79
42 50
33 50
33 50
13 50
13 50
50 97
6 97
6 25
25 51
8 51
8 17
17 30
30 94
23 94
15 23
15 21
21 93
59 93
59 93
16 93
0 16
0 32
32 81
12 81
12 64
12 64
12 62
1 62
1 98
46 98
43 46
43 54
54 76
65 76
44 65
44 92
3 92
3 34
31 34
31 72
47 72
47 73
11 73
11 18
18 56
56 99
69 99
69 71
67 71
66 67
5 66
5 67
67 83
83 91
36 91
29 36
29 74
14 74
14 20
20 37
37 89
53 89
41 53
40 41
40 55
7 55
7 52
52 96
10 96
10 61
45 61
45 77
77 86
60 86
60 85
38 85
28 38
24 28
24 95
48 95
48 87
48 87
4 48
4 82
68 82
