81 81 1079
0
1
2
3
4
5
6
7
9
10
11
13
14
15
16
17
18
19
20
21
22
23
24
25
26
27
28
29
30
32
33
34
35
37
38
39
40
41
43
45
46
48
49
50
51
52
53
55
56
57
58
59
61
63
64
65
66
67
69
70
74
75
78
79
80
81
82
83
84
86
87
88
89
90
91
92
93
94
95
97
98
0 24
0 89
1 19
1 39
2 29
2 70
3 49
3 57
4 27
4 90
5 43
5 80
6 21
6 30
7 17
7 59
9 43
9 75
10 50
10 66
11 28
11 95
13 25
13 66
14 23
14 51
15 27
15 84
16 22
16 64
17 69
18 20
18 33
19 87
20 23
21 91
22 79
24 87
25 70
26 52
26 75
28 65
29 38
30 86
32 56
32 74
33 84
34 46
34 78
35 37
35 88
37 61
38 41
39 92
40 61
40 93
41 55
45 97
45 98
46 74
48 51
48 81
49 89
50 64
52 92
53 57
53 93
55 58
56 83
58 98
59 82
63 69
63 83
65 86
67 78
67 95
79 94
80 94
81 91
82 88
90 97
