98 98 1093
0
1
2
3
4
5
6
7
8
9
10
11
12
13
14
15
16
17
19
20
21
22
23
24
25
26
27
28
29
30
31
32
33
34
35
36
37
38
39
40
41
42
43
44
45
46
47
48
49
50
51
52
53
54
55
56
57
58
59
60
61
62
63
64
65
66
67
68
69
70
71
72
73
74
75
76
77
78
79
80
81
82
83
84
85
86
87
88
89
90
91
92
93
94
95
96
97
98
0 6
0 65
1 5
1 40
2 86
2 98
3 9
3 25
4 59
4 61
5 13
6 27
7 25
7 54
8 34
8 82
9 66
10 19
10 63
11 52
11 84
12 31
12 43
13 44
14 15
14 36
15 37
16 49
16 72
17 28
17 44
19 78
20 45
20 71
21 22
21 96
22 56
23 30
23 91
24 45
24 79
26 41
26 82
27 64
28 56
29 69
29 96
30 93
31 48
32 49
32 53
33 55
33 68
34 94
35 87
35 89
36 37
38 40
38 46
39 43
39 69
41 94
42 60
42 97
46 70
47 54
47 58
48 81
50 57
50 73
51 60
51 76
52 98
53 92
55 80
57 62
58 91
59 73
61 62
63 75
64 90
65 85
66 77
67 77
67 81
68 80
70 90
71 79
72 92
74 86
74 97
75 85
76 84
78 93
83 88
83 95
87 89
88 95
