100 100 871
0
1
2
3
4
5
6
7
8
9
10
11
12
13
14
15
16
17
18
19
20
21
22
23
24
25
26
27
28
29
30
31
32
33
34
35
36
37
38
39
40
41
42
43
44
45
46
47
48
49
50
51
52
53
54
55
56
57
58
59
60
61
62
63
64
65
66
67
68
69
70
71
72
73
74
75
76
77
78
79
80
81
82
83
84
85
86
87
88
89
90
91
92
93
94
95
96
97
98
99
0 5
0 77
1 60
1 67
2 20
2 53
3 7
3 92
4 45
4 97
5 44
6 25
6 50
7 85
8 28
8 29
9 34
9 85
10 62
10 73
11 23
11 81
12 18
12 46
13 57
13 66
14 69
14 99
15 54
15 93
16 80
16 86
17 31
17 41
18 84
19 65
19 68
20 87
21 71
21 77
22 51
22 63
23 81
24 34
24 79
25 90
26 83
26 92
27 33
27 44
28 29
30 48
30 74
31 67
32 35
32 43
33 71
35 99
36 54
36 64
37 42
37 70
38 79
38 83
39 84
39 88
40 70
40 86
41 94
42 89
43 76
45 97
46 88
47 48
47 74
49 50
49 91
51 61
52 55
52 76
53 96
55 87
56 73
56 94
57 82
58 78
58 98
59 60
59 75
61 63
62 80
64 89
65 68
66 82
69 95
72 75
72 93
78 98
90 91
95 96
