93 93 1889
139
132
139
163
109
36
128
141
94
161
94
182
6
155
113
174
193
145
51
151
100
6
43
98
123
112
33
154
97
112
160
37
90
37
90
74
80
64
32
95
75
137
136
124
105
140
152
92
170
173
147
52
108
52
199
96
199
4
9
61
116
68
62
180
89
126
41
55
130
3
16
106
23
127
125
149
66
78
5
121
195
166
114
177
131
67
30
10
122
38
134
32
64
132 139
132 139
139 163
109 163
36 109
36 128
128 141
94 141
94 161
94 161
94 182
6 182
6 155
113 155
113 174
174 193
145 193
51 145
51 151
100 151
6 100
6 43
43 98
98 123
112 123
33 112
33 154
97 154
97 112
112 160
37 160
37 90
37 90
37 90
74 90
74 80
64 80
32 64
32 95
75 95
75 137
136 137
124 136
105 124
105 140
140 152
92 152
92 170
170 173
147 173
52 147
52 108
52 108
52 199
96 199
96 199
4 199
4 9
9 61
61 116
68 116
62 68
62 180
89 180
89 126
41 126
41 55
55 130
3 130
3 16
16 106
23 106
23 127
125 127
125 149
66 149
66 78
5 78
5 121
121 195
166 195
114 166
114 177
131 177
67 131
30 67
10 30
10 122
38 122
38 134
32 134
32 64
64 139
