96 96 1108
0
1
2
3
4
5
6
7
8
9
10
11
12
13
15
16
17
18
19
20
21
22
24
25
26
27
28
29
30
31
32
33
34
35
36
37
38
39
40
41
42
43
44
45
46
47
48
49
50
51
52
53
54
55
56
57
58
61
62
63
64
65
66
67
68
69
70
71
72
73
74
75
76
77
78
79
80
81
82
83
84
85
86
87
88
89
90
91
92
93
94
95
96
97
98
99
0 5
0 55
1 15
1 57
2 3
2 46
3 12
4 39
4 44
5 70
6 73
6 79
7 76
7 83
8 36
8 48
9 26
9 89
10 40
10 89
11 45
11 51
12 30
13 68
13 81
15 29
16 35
16 62
17 43
17 49
18 32
18 66
19 53
19 64
20 63
20 87
21 37
21 85
22 43
22 49
24 88
24 99
25 82
25 96
26 27
27 52
28 31
28 34
29 78
30 78
31 34
32 76
33 54
33 56
35 71
36 58
37 85
38 41
38 80
39 44
40 84
41 90
42 79
42 92
45 95
46 77
47 75
47 81
48 86
50 52
50 84
51 95
53 67
54 97
55 65
56 97
57 98
58 94
61 69
61 83
62 71
63 70
64 72
65 87
66 75
67 69
68 82
72 98
73 92
74 90
74 91
77 96
80 91
86 99
88 93
93 94
