198 198 1243
0
1
2
3
4
5
6
7
8
9
10
11
12
13
14
15
16
17
18
19
20
21
22
23
24
25
26
27
28
30
31
32
33
34
35
36
37
38
39
40
41
42
43
44
45
46
47
48
49
50
51
52
53
54
55
56
57
58
59
60
61
62
63
64
65
66
67
68
69
70
71
72
73
74
75
76
77
78
79
80
81
82
83
84
85
86
87
88
89
90
91
92
93
94
95
96
97
98
99
100
101
102
103
105
106
107
108
109
110
111
112
113
114
115
116
117
118
119
120
121
122
123
124
125
126
127
128
129
130
131
132
133
134
135
136
137
138
139
140
141
142
143
144
145
146
147
148
149
150
151
152
153
154
155
156
157
158
159
160
161
162
163
164
165
166
167
168
169
170
171
172
173
174
175
176
177
178
179
180
181
182
183
184
185
186
187
188
189
190
191
192
193
194
195
196
197
198
199
0 97
0 119
1 16
1 23
2 46
2 188
3 12
3 121
4 181
4 189
5 42
5 156
6 68
6 103
7 44
7 101
8 18
8 76
9 56
9 164
10 139
10 157
11 117
11 138
12 114
13 37
13 110
14 51
14 190
15 39
15 161
16 136
17 121
17 153
18 197
19 27
19 131
20 91
20 177
21 33
21 195
22 109
22 194
23 91
24 89
24 144
25 47
25 132
26 78
26 195
27 131
28 34
28 182
30 100
30 129
31 146
31 155
32 140
32 163
33 78
34 35
35 142
36 87
36 106
37 167
38 148
38 158
39 185
40 102
40 134
41 84
41 96
42 74
43 53
43 111
44 62
45 127
45 135
46 55
47 88
48 59
48 175
49 101
49 135
50 115
50 180
51 183
52 129
52 151
53 155
54 119
54 178
55 163
56 164
57 76
57 193
58 61
58 138
59 187
60 136
60 151
61 105
62 69
63 67
63 113
64 84
64 109
65 148
65 194
66 118
66 159
67 107
68 70
69 192
70 106
71 105
71 153
72 117
72 189
73 132
73 145
74 165
75 170
75 172
77 126
77 192
79 80
79 199
80 186
81 143
81 160
82 169
82 184
83 108
83 110
85 172
85 179
86 125
86 174
87 198
88 176
89 98
90 107
90 124
92 120
92 185
93 143
93 180
94 154
94 166
95 100
95 128
96 145
97 187
98 196
99 167
99 190
102 134
103 112
108 183
111 176
112 147
113 124
114 182
115 160
116 130
116 147
118 178
120 161
122 128
122 181
123 150
123 168
125 174
126 152
127 139
130 141
133 177
133 191
137 146
137 158
140 186
141 173
142 191
144 199
149 162
149 168
150 162
152 157
154 166
156 165
159 175
169 184
170 171
171 179
173 193
188 196
197 198
