99 99 906
0
1
2
3
4
5
6
7
8
9
10
11
12
13
14
15
16
17
18
19
20
21
22
23
24
25
26
27
28
29
30
31
32
33
34
35
37
38
39
40
41
42
43
44
45
46
47
48
49
50
51
52
53
54
55
56
57
58
59
60
61
62
63
64
65
66
67
68
69
70
71
72
73
74
75
76
77
78
79
80
81
82
83
84
85
86
87
88
89
90
91
92
93
94
95
96
97
98
99
0 65
0 86
1 23
1 92
2 82
2 96
3 11
3 74
4 9
4 98
5 7
5 28
6 31
6 48
7 45
8 20
8 87
9 98
10 39
10 62
11 38
12 32
12 73
13 22
13 62
14 17
14 20
15 50
15 88
16 55
16 57
17 60
18 56
18 72
19 56
19 64
21 43
21 85
22 76
23 27
24 30
24 37
25 52
25 68
26 41
26 70
27 84
28 78
29 31
29 87
30 80
32 49
33 77
33 92
34 77
34 93
35 59
35 71
37 42
38 58
39 70
40 63
40 95
41 64
42 44
43 45
44 60
46 47
46 91
47 51
48 54
49 63
50 59
51 53
52 68
53 83
54 66
55 57
58 99
61 88
61 93
65 83
66 69
67 76
67 99
69 96
71 79
72 85
73 84
74 89
75 78
75 80
79 89
81 86
81 91
82 95
90 94
90 97
94 97
