88 88 1647
156
13
32
166
47
186
30
56
199
59
43
59
199
3
143
2
143
55
113
57
190
14
52
19
103
81
153
41
34
107
60
114
26
11
28
54
172
193
144
134
64
46
22
24
23
58
197
9
125
85
21
76
62
122
37
108
35
108
94
1
44
20
192
185
25
17
90
63
155
118
75
118
31
119
70
106
102
53
71
136
191
158
18
99
72
48
156
13
13 156
13 32
32 166
47 166
47 186
30 186
30 56
56 199
59 199
43 59
43 59
59 199
3 199
3 143
2 143
2 143
55 143
55 113
57 113
57 190
14 190
14 52
19 52
19 103
81 103
81 153
41 153
34 41
34 107
60 107
60 114
26 114
11 26
11 28
28 54
54 172
172 193
144 193
134 144
64 134
46 64
22 46
22 24
23 24
23 58
58 197
9 197
9 125
85 125
21 85
21 76
62 76
62 122
37 122
37 108
35 108
35 108
94 108
1 94
1 44
20 44
20 192
185 192
25 185
17 25
17 90
63 90
63 155
118 155
75 118
75 118
31 118
31 119
70 119
70 106
102 106
53 102
53 71
71 136
136 191
158 191
18 158
18 99
72 99
48 72
48 156
13 156
13 156
