110 110 2319
36
152
64
96
43
196
198
11
157
13
161
13
66
88
181
76
6
41
171
16
187
60
75
185
130
82
17
59
81
95
122
108
24
155
0
91
84
37
106
102
80
131
3
98
105
23
67
14
53
87
65
34
115
188
56
25
44
197
63
147
192
150
33
20
154
121
61
40
151
45
142
28
35
133
118
47
31
55
74
21
112
120
26
58
135
127
93
159
89
180
129
29
38
162
68
175
69
71
100
77
173
22
13
39
7
51
124
109
36
5
36 152
64 152
64 96
43 96
43 196
196 198
11 198
11 157
13 157
13 161
13 161
13 66
66 88
88 181
76 181
6 76
6 41
41 171
16 171
16 187
60 187
60 75
75 185
130 185
82 130
17 82
17 59
59 81
81 95
95 122
108 122
24 108
24 155
0 155
0 91
84 91
37 84
37 106
102 106
80 102
80 131
3 131
3 98
98 105
23 105
23 67
14 67
14 53
53 87
65 87
34 65
34 115
115 188
56 188
25 56
25 44
44 197
63 197
63 147
147 192
150 192
33 150
20 33
20 154
121 154
61 121
40 61
40 151
45 151
45 142
28 142
28 35
35 133
118 133
47 118
31 47
31 55
55 74
21 74
21 112
112 120
26 120
26 58
58 135
127 135
93 127
93 159
89 159
89 180
129 180
29 129
29 38
38 162
68 162
68 175
69 175
69 71
71 100
77 100
77 173
22 173
13 22
13 39
7 39
7 51
51 124
109 124
36 109
5 36
5 36
