95 95 1112
0
1
2
3
4
5
6
7
8
9
10
11
12
13
14
15
16
17
18
19
22
23
24
25
26
27
28
29
30
31
32
33
35
36
37
38
39
40
41
42
43
44
45
46
47
48
49
50
51
52
53
54
55
56
57
58
59
60
61
62
63
64
65
66
67
68
69
70
71
72
73
74
75
76
77
78
79
80
81
82
83
84
85
86
87
88
89
90
91
92
94
95
96
97
99
0 57
0 84
1 17
1 26
2 38
2 69
3 12
3 73
4 39
4 88
5 42
5 77
6 45
6 71
7 47
7 97
8 55
8 91
9 76
9 79
10 14
10 38
11 88
11 95
12 50
13 59
13 68
14 31
15 61
15 90
16 18
16 53
17 74
18 53
19 32
19 44
22 81
22 84
23 77
23 83
24 60
24 78
25 46
25 62
26 97
27 67
27 92
28 64
28 74
29 63
29 73
30 40
30 56
31 36
32 60
33 48
33 49
35 37
35 87
36 41
37 65
39 99
40 82
41 96
42 62
43 70
43 99
44 65
45 56
46 83
47 68
48 86
49 67
50 80
51 55
51 96
52 89
52 94
54 57
54 64
58 63
58 80
59 70
61 90
66 78
66 89
69 86
71 92
72 85
72 91
75 76
75 79
81 82
85 95
87 94
