57 57 960
1
2
3
4
7
8
9
10
11
14
16
17
18
22
23
24
25
28
29
30
31
32
39
40
43
44
45
46
48
49
52
53
54
59
60
63
64
66
68
69
70
71
73
74
75
76
77
78
79
85
86
89
90
91
92
96
98
1 24
1 73
2 25
2 85
3 18
3 98
4 43
4 70
7 44
7 78
8 40
8 43
9 69
9 91
10 11
10 69
11 48
14 40
14 46
16 54
16 86
17 59
17 85
18 22
22 79
23 49
23 71
24 52
25 66
28 68
28 74
29 32
29 76
30 46
30 64
31 39
31 77
32 92
39 52
44 91
45 60
45 89
48 77
49 53
53 96
54 79
59 68
60 75
63 64
63 90
66 98
70 89
71 78
73 75
74 92
76 90
86 96
