100 109 1185
0
1
2
3
4
5
6
7
8
9
10
11
12
13
14
15
16
17
18
19
20
21
22
23
24
25
26
27
28
29
30
31
32
33
34
35
36
37
38
39
40
41
42
43
44
45
46
47
48
49
50
51
52
53
54
55
56
57
58
59
60
61
62
63
64
65
66
67
68
69
70
71
72
73
74
75
76
77
78
79
80
81
82
83
84
85
86
87
88
89
90
91
92
93
94
95
96
97
98
99
0 33
0 64
1 14
1 84
2 30
2 98
3 18
3 71
4 13
4 95
5 34
5 84
6 25
6 45
7 80
7 87
8 39
8 44
9 28
9 57
10 87
10 99
11 35
19 35
11 61
12 37
12 94
4 13
4 77
14 51
15 20
15 20
20 72
16 57
27 57
16 47
17 53
17 76
18 60
19 59
20 77
21 46
21 61
22 81
28 81
22 81
23 36
23 50
24 33
24 89
25 93
26 43
26 76
27 57
29 46
29 75
30 67
31 72
31 85
32 52
32 95
34 53
35 48
35 88
36 93
37 58
38 51
38 96
39 62
40 59
40 48
48 66
41 98
50 98
41 98
42 67
42 92
43 99
44 55
45 49
47 60
48 66
49 94
52 56
54 55
54 97
56 86
58 88
62 78
63 69
63 73
64 86
65 69
65 82
68 89
68 90
70 83
70 96
71 82
5 73
5 91
74 83
79 83
74 90
75 97
78 81
79 83
80 92
85 91
