70 70 1395
7
16
40
16
30
16
7
9
39
21
20
1
21
35
12
45
31
45
0
42
24
15
47
26
0
26
6
32
2
23
19
34
18
36
17
41
17
36
18
6
26
0
49
11
0
38
25
38
27
29
33
46
37
8
37
22
3
28
3
14
44
48
44
14
3
22
4
43
5
13
7 16
16 40
16 40
16 30
16 30
7 16
7 9
9 39
21 39
20 21
1 20
1 21
21 35
12 35
12 45
31 45
31 45
0 45
0 42
24 42
15 24
15 47
26 47
0 26
0 26
6 26
6 32
2 32
2 23
19 23
19 34
18 34
18 36
17 36
17 41
17 41
17 36
18 36
6 18
6 26
0 26
0 49
11 49
0 11
0 38
25 38
25 38
27 38
27 29
29 33
33 46
37 46
8 37
8 37
22 37
3 22
3 28
3 28
3 14
14 44
44 48
44 48
14 44
3 14
3 22
4 22
4 43
5 43
5 13
7 13
