199 199 1600
0
1
2
3
4
5
6
7
8
9
10
11
12
13
14
15
16
17
18
19
20
21
22
23
24
25
26
27
28
29
30
31
32
33
34
35
36
37
39
40
41
42
43
44
45
46
47
48
49
50
51
52
53
54
55
56
57
58
59
60
61
62
63
64
65
66
67
68
69
70
71
72
73
74
75
76
77
78
79
80
81
82
83
84
85
86
87
88
89
90
91
92
93
94
95
96
97
98
99
100
101
102
103
104
105
106
107
108
109
110
111
112
113
114
115
116
117
118
119
120
121
122
123
124
125
126
127
128
129
130
131
132
133
134
135
136
137
138
139
140
141
142
143
144
145
146
147
148
149
150
151
152
153
154
155
156
157
158
159
160
161
162
163
164
165
166
167
168
169
170
171
172
173
174
175
176
177
178
179
180
181
182
183
184
185
186
187
188
189
190
191
192
193
194
195
196
197
198
199
0 12
0 150
1 4
1 109
2 88
2 134
3 47
3 193
4 69
5 60
5 91
6 166
6 199
7 65
7 98
8 13
8 170
9 98
9 148
10 153
10 182
11 122
11 132
12 86
13 72
14 103
14 104
15 55
15 145
16 44
16 127
17 42
17 53
18 144
18 192
19 49
19 93
20 78
20 95
21 173
21 175
22 140
22 197
23 66
23 76
24 33
24 152
25 55
25 108
26 27
26 59
27 188
28 46
28 67
29 73
29 191
30 87
30 177
31 157
31 175
32 139
32 142
33 185
34 161
34 176
35 51
35 107
36 40
36 85
37 109
37 190
39 125
39 138
40 50
41 49
41 87
42 184
43 90
43 173
44 81
45 122
45 141
46 194
47 164
48 157
48 195
50 85
51 135
52 124
52 163
53 127
54 137
54 165
56 97
56 179
57 79
57 128
58 111
58 129
59 113
60 101
61 162
61 187
62 94
62 133
63 67
63 168
64 70
64 118
65 184
66 191
68 81
68 97
69 147
70 159
71 117
71 169
72 185
73 181
74 96
74 110
75 123
75 137
76 95
77 102
77 190
78 107
79 84
80 118
80 143
82 134
82 159
83 132
83 143
84 150
86 114
88 182
89 146
89 176
90 196
91 171
92 123
92 149
93 178
94 165
96 110
99 154
99 186
100 156
100 196
101 121
102 181
103 136
104 136
105 108
105 133
106 140
106 177
111 131
112 121
112 130
113 114
115 119
115 145
116 120
116 189
117 183
119 179
120 155
124 195
125 149
126 158
126 172
128 138
129 180
130 171
131 183
135 169
139 167
141 168
142 167
144 192
146 153
147 161
148 188
151 180
151 198
152 187
154 186
155 189
156 163
158 172
160 162
160 170
164 193
166 199
174 194
174 197
178 198
