120 120 1203
61
64
87
63
87
70
74
75
89
79
66
84
22
69
23
46
23
36
77
81
21
47
49
26
40
1
55
73
51
65
53
28
9
28
33
44
62
59
62
59
58
43
38
42
85
34
30
34
57
24
52
2
20
18
97
60
91
60
50
98
17
98
88
25
90
68
27
39
68
86
7
86
68
56
83
32
0
94
14
94
13
54
6
54
6
10
31
12
78
62
72
82
29
45
48
67
37
93
76
96
41
3
5
99
95
11
71
80
41
19
11
92
4
92
35
8
16
15
61
64
61 64
64 87
63 87
63 87
70 87
70 74
74 75
75 89
79 89
66 79
66 84
22 84
22 69
23 69
23 46
23 46
23 36
36 77
77 81
21 81
21 47
47 49
26 49
26 40
1 40
1 55
55 73
51 73
51 65
53 65
28 53
9 28
9 28
28 33
33 44
44 62
59 62
59 62
59 62
58 59
43 58
38 43
38 42
42 85
34 85
30 34
30 34
34 57
24 57
24 52
2 52
2 20
18 20
18 97
60 97
60 91
60 91
50 60
50 98
17 98
17 98
88 98
25 88
25 90
68 90
27 68
27 39
39 68
68 86
7 86
7 86
68 86
56 68
56 83
32 83
0 32
0 94
14 94
14 94
13 94
13 54
6 54
6 54
6 54
6 10
10 31
12 31
12 78
62 78
62 72
72 82
29 82
29 45
45 48
48 67
37 67
37 93
76 93
76 96
41 96
3 41
3 5
5 99
95 99
11 95
11 71
71 80
41 80
19 41
11 19
11 92
4 92
4 92
35 92
8 35
8 16
15 16
15 61
61 64
61 64
