160 160 1950
0
2
3
4
6
7
8
9
10
11
12
13
14
15
16
17
18
19
20
21
22
23
24
25
26
27
28
29
30
32
33
34
36
37
38
40
42
43
45
46
47
48
49
50
51
54
55
56
57
58
60
64
65
66
67
68
69
70
72
73
76
78
79
80
81
83
84
85
86
87
88
89
90
91
92
93
94
95
96
97
98
99
100
102
103
105
106
107
108
109
110
111
112
113
115
116
117
118
119
121
122
123
124
130
131
132
133
134
135
136
137
138
139
140
141
142
143
144
145
146
147
148
149
150
151
152
153
155
156
157
159
161
162
163
164
166
167
168
169
170
172
173
174
175
176
179
180
181
182
183
185
186
187
188
189
190
192
194
195
196
0 29
0 118
2 115
2 135
3 38
3 145
4 141
4 148
6 55
6 134
7 60
7 146
8 159
8 170
9 162
9 175
10 32
10 72
11 107
11 135
12 92
12 164
13 78
13 194
14 168
14 172
15 42
15 83
16 47
16 88
17 94
17 100
18 116
18 167
19 68
19 186
20 28
20 131
21 27
21 33
22 124
22 155
23 98
23 153
24 136
24 157
25 124
25 163
26 42
26 91
27 140
28 173
29 105
30 55
30 148
32 80
33 182
34 102
34 117
36 95
36 109
37 64
37 87
38 150
40 146
40 152
43 87
43 164
45 48
45 99
46 50
46 80
47 130
48 181
49 119
49 130
50 137
51 147
51 170
54 60
54 185
56 174
56 179
57 86
57 97
58 64
58 99
65 68
65 123
66 69
66 123
67 122
67 147
69 192
70 116
70 137
72 196
73 183
73 192
76 151
76 161
78 90
79 94
79 183
81 90
81 149
83 92
84 176
84 185
85 106
85 169
86 180
88 89
89 138
91 173
93 181
93 186
95 113
96 103
96 121
97 141
98 190
100 139
102 110
103 107
105 108
106 143
108 119
109 195
110 188
111 188
111 194
112 122
112 156
113 121
115 157
117 134
118 144
131 138
132 152
132 174
133 189
133 190
136 182
139 151
140 150
142 144
142 159
143 179
145 149
153 180
155 195
156 187
161 162
163 172
166 167
166 176
168 175
169 187
189 196
