97 97 994
0
1
2
3
4
5
6
7
8
9
10
11
12
13
14
15
16
18
19
20
21
22
23
24
25
26
27
28
29
30
31
32
34
35
36
37
38
39
40
41
42
43
44
45
46
47
48
49
50
51
52
53
54
55
56
57
58
59
60
61
62
63
64
65
66
67
68
70
71
72
73
74
75
76
77
78
79
80
81
82
83
84
85
86
87
88
89
90
91
92
93
94
95
96
97
98
99
0 19
0 97
1 30
1 42
2 5
2 45
3 65
3 71
4 36
4 89
5 8
6 50
6 96
7 60
7 70
8 47
9 25
9 97
10 53
10 63
11 60
11 70
12 39
12 73
13 16
13 81
14 81
14 83
15 34
15 39
16 41
18 46
18 74
19 21
20 29
20 98
21 86
22 23
22 93
23 59
24 48
24 68
25 44
26 66
26 83
27 75
27 78
28 54
28 95
29 67
30 43
31 52
31 85
32 67
32 98
34 58
35 64
35 77
36 99
37 38
37 49
38 79
40 88
40 90
41 64
42 45
43 80
44 56
46 77
47 91
48 68
49 66
50 76
51 72
51 79
52 99
53 62
54 95
55 56
55 94
57 61
57 84
58 90
59 80
61 84
62 82
63 92
65 71
72 73
74 87
75 78
76 96
82 92
85 94
86 89
87 88
91 93
