94 94 1402
0
1
2
3
4
6
7
8
9
10
11
12
13
14
15
16
17
18
20
22
23
24
25
27
28
29
30
31
32
33
34
35
36
37
38
39
40
41
42
43
44
45
46
47
48
50
51
52
53
54
56
57
58
59
60
61
62
63
64
65
66
67
68
69
70
71
72
73
74
75
76
77
78
79
80
81
82
83
84
85
86
87
88
89
90
91
92
93
94
95
96
97
98
99
0 28
0 80
1 27
1 29
2 63
2 79
3 44
3 68
4 10
4 58
6 29
6 44
7 34
7 78
8 11
8 57
9 24
9 59
10 92
11 98
12 17
12 91
13 31
13 63
14 43
14 96
15 53
15 54
16 36
16 48
17 86
18 37
18 38
20 22
20 40
22 77
23 81
23 93
24 97
25 61
25 91
27 47
28 50
30 46
30 74
31 76
32 52
32 68
33 83
33 87
34 88
35 42
35 90
36 72
37 64
38 77
39 57
39 95
40 82
41 45
41 94
42 73
43 86
45 67
46 70
47 89
48 69
50 87
51 74
51 76
52 56
53 90
54 71
56 85
58 75
59 62
60 84
60 94
61 64
62 66
65 83
65 98
66 92
67 95
69 82
70 89
71 96
72 85
73 80
75 84
78 88
79 99
81 97
93 99
