106 106 986
4
48
95
48
87
96
41
60
85
38
17
24
28
38
13
50
33
79
88
57
35
9
42
97
6
25
51
8
52
7
40
55
53
89
37
20
14
74
29
36
91
86
77
45
61
99
56
69
71
67
5
10
83
66
18
11
73
47
72
31
34
3
76
65
44
92
44
54
43
46
98
1
62
12
64
32
81
59
93
21
15
23
78
30
94
27
49
26
16
0
32
19
84
19
58
90
75
2
70
63
39
80
39
68
22
82
4 48
48 95
48 95
48 87
87 96
41 96
41 60
60 85
38 85
17 38
17 24
24 28
28 38
13 38
13 50
33 50
33 79
79 88
57 88
35 57
9 35
9 42
42 97
6 97
6 25
25 51
8 51
8 52
7 52
7 40
40 55
53 55
53 89
37 89
20 37
14 20
14 74
29 74
29 36
36 91
86 91
77 86
45 77
45 61
61 99
56 99
56 69
69 71
67 71
5 67
5 10
10 83
66 83
18 66
11 18
11 73
47 73
47 72
31 72
31 34
3 34
3 76
65 76
44 65
44 92
44 92
44 54
43 54
43 46
46 98
1 98
1 62
12 62
12 64
32 64
32 81
59 81
59 93
21 93
15 21
15 23
23 78
30 78
30 94
27 94
27 49
26 49
16 26
0 16
0 32
19 32
19 84
19 84
19 58
58 90
75 90
2 75
2 70
63 70
39 63
39 80
39 80
39 68
22 68
22 82
4 82
