115 115 1394
86
58
25
56
97
82
97
11
97
45
65
73
63
30
63
4
51
67
79
3
74
3
53
31
40
23
62
59
75
28
75
17
96
70
98
83
8
77
2
27
87
90
8
2
99
93
69
16
68
22
0
55
38
24
6
42
81
37
9
5
20
39
76
94
76
72
12
52
49
52
57
33
92
1
54
36
10
66
10
61
32
21
47
21
60
80
19
48
15
14
89
95
35
89
34
26
29
85
29
46
44
71
18
13
91
88
91
84
41
84
43
50
78
64
7
58 86
25 58
25 56
56 97
82 97
82 97
11 97
11 97
45 97
45 65
65 73
63 73
30 63
30 63
4 63
4 51
51 67
67 79
3 79
3 74
3 74
3 53
31 53
31 40
23 40
23 62
59 62
59 75
28 75
28 75
17 75
17 96
70 96
70 98
83 98
8 83
8 77
2 77
2 27
27 87
87 90
8 90
2 8
2 99
93 99
69 93
16 69
16 68
22 68
0 22
0 55
38 55
24 38
6 24
6 42
42 81
37 81
9 37
5 9
5 20
20 39
39 76
76 94
76 94
72 76
12 72
12 52
49 52
49 52
52 57
33 57
33 92
1 92
1 54
36 54
10 36
10 66
10 66
10 61
32 61
21 32
21 47
21 47
21 60
60 80
19 80
19 48
15 48
14 15
14 89
89 95
35 95
35 89
34 89
26 34
26 29
29 85
29 85
29 46
44 46
44 71
18 71
13 18
13 91
88 91
88 91
84 91
41 84
41 84
43 84
43 50
50 78
64 78
7 64
7 86
