50 103 1116
0
1
2
3
4
5
6
7
8
9
10
11
12
13
14
15
16
17
18
19
20
21
22
23
24
25
26
27
28
29
30
31
32
33
34
35
36
37
38
39
40
41
42
43
44
45
46
47
48
49
0 5
0 5
0 24
0 24
1 10
1 10
1 49
1 49
2 25
2 25
2 40
2 40
3 19
19 13
19 13
3 28
3 28
4 29
4 29
4 41
41 34
41 34
5 42
5 42
6 12
6 12
6 21
6 21
7 15
7 15
7 38
7 38
8 29
8 29
8 31
8 31
9 11
9 11
9 16
9 16
10 32
10 32
11 24
11 24
12 15
12 15
13 19
13 19
14 38
14 38
14 39
14 39
16 33
16 33
17 39
17 39
17 49
17 49
18 28
18 28
18 33
18 33
19 27
19 27
20 36
20 36
20 46
20 46
21 22
21 22
22 43
22 43
23 45
45 32
45 32
23 45
23 45
25 41
25 41
26 30
26 30
26 40
26 40
27 35
27 35
30 45
30 45
31 47
31 47
34 41
34 41
35 37
35 37
36 42
36 42
37 44
37 44
43 48
43 48
44 47
44 47
46 48
46 48
