253 253 2522
125
6
125
28
108
128
108
28
125
124
66
180
189
15
159
171
175
103
121
67
145
25
157
11
94
20
96
153
141
155
45
96
20
142
174
139
182
99
139
142
105
142
29
106
147
183
147
161
34
21
34
179
33
60
119
120
32
167
188
7
178
103
50
95
130
37
130
53
82
122
98
75
57
85
36
148
197
70
81
101
92
52
92
58
126
199
123
31
184
127
132
127
184
1
40
168
115
14
115
196
144
196
115
196
3
116
97
116
3
86
193
74
12
8
12
133
49
129
4
24
2
166
24
44
10
114
10
54
78
143
17
83
48
192
100
164
84
102
9
151
69
151
136
22
136
51
89
112
26
112
23
80
27
160
77
160
154
176
56
64
137
181
63
181
173
170
93
117
93
135
158
160
77
160
91
23
80
138
38
87
76
104
72
61
72
177
72
39
107
39
110
190
13
195
104
76
59
73
35
73
146
140
146
46
194
42
163
162
194
149
194
162
152
185
165
38
65
38
87
30
90
113
18
191
43
118
172
118
198
55
79
187
186
41
156
41
186
131
134
19
47
16
71
109
5
111
150
68
169
88
58
125
28
6 125
6 125
28 125
28 108
108 128
108 128
28 108
28 125
124 125
66 124
66 180
180 189
15 189
15 159
159 171
171 175
103 175
103 121
67 121
67 145
25 145
25 157
11 157
11 94
20 94
20 96
96 153
141 153
141 155
45 155
45 96
20 96
20 142
142 174
139 174
139 182
99 182
99 139
139 142
105 142
105 142
29 142
29 106
106 147
147 183
147 183
147 161
34 161
21 34
21 34
34 179
33 179
33 60
60 119
119 120
32 120
32 167
167 188
7 188
7 178
103 178
50 103
50 95
95 130
37 130
37 130
53 130
53 82
82 122
98 122
75 98
57 75
57 85
36 85
36 148
148 197
70 197
70 81
81 101
92 101
52 92
52 92
58 92
58 126
126 199
123 199
31 123
31 184
127 184
127 132
127 132
127 184
1 184
1 40
40 168
115 168
14 115
14 115
115 196
144 196
144 196
115 196
115 196
3 196
3 116
97 116
97 116
3 116
3 86
86 193
74 193
12 74
8 12
8 12
12 133
49 133
49 129
4 129
4 24
2 24
2 166
24 166
24 44
10 44
10 114
10 114
10 54
54 78
78 143
17 143
17 83
48 83
48 192
100 192
100 164
84 164
84 102
9 102
9 151
69 151
69 151
136 151
22 136
22 136
51 136
51 89
89 112
26 112
26 112
23 112
23 80
27 80
27 160
77 160
77 160
154 160
154 176
56 176
56 64
64 137
137 181
63 181
63 181
173 181
170 173
93 170
93 117
93 117
93 135
135 158
158 160
77 160
77 160
91 160
23 91
23 80
80 138
38 138
38 87
76 87
76 104
72 104
61 72
61 72
72 177
72 177
39 72
39 107
39 107
39 110
110 190
13 190
13 195
104 195
76 104
59 76
59 73
35 73
35 73
73 146
140 146
140 146
46 146
46 194
42 194
42 163
162 163
162 194
149 194
149 194
162 194
152 162
152 185
165 185
38 165
38 65
38 65
38 87
30 87
30 90
90 113
18 113
18 191
43 191
43 118
118 172
118 172
118 198
55 198
55 79
79 187
186 187
41 186
41 156
41 156
41 186
131 186
131 134
19 134
19 47
16 47
16 71
71 109
5 109
5 111
111 150
68 150
68 169
88 169
58 88
58 125
28 125
28 125
