77 77 1293
26
73
10
62
82
76
68
31
87
8
33
83
36
48
67
30
63
86
14
91
97
46
37
69
40
28
52
75
79
6
49
59
78
81
90
5
12
64
53
65
4
89
23
47
23
50
84
15
98
92
66
18
61
77
80
72
74
32
51
70
9
57
85
19
60
44
43
3
43
22
58
11
71
39
95
20
38
26 73
10 73
10 62
62 82
76 82
68 76
31 68
31 87
8 87
8 33
33 83
36 83
36 48
48 67
30 67
30 63
63 86
14 86
14 91
91 97
46 97
37 46
37 69
40 69
28 40
28 52
52 75
75 79
6 79
6 49
49 59
59 78
78 81
81 90
5 90
5 12
12 64
53 64
53 65
4 65
4 89
23 89
23 47
23 47
23 50
50 84
15 84
15 98
92 98
66 92
18 66
18 61
61 77
77 80
72 80
72 74
32 74
32 51
51 70
9 70
9 57
57 85
19 85
19 60
44 60
43 44
3 43
3 43
22 43
22 58
11 58
11 71
39 71
39 95
20 95
20 38
26 38
