100 100 1500
0
1
2
3
4
5
6
7
8
9
10
11
12
13
14
15
16
17
18
19
20
21
22
23
24
25
26
27
28
29
30
31
32
33
34
35
36
37
38
39
40
41
42
43
44
45
46
47
48
49
50
51
52
53
54
55
56
57
58
59
60
61
62
63
64
65
66
67
68
69
70
71
72
73
74
75
76
77
78
79
80
81
82
83
84
85
86
87
88
89
90
91
92
93
94
95
96
97
98
99
0 28
0 61
1 16
1 78
2 6
2 38
3 36
3 60
4 33
4 36
5 68
5 82
6 37
7 17
7 99
8 44
8 52
9 93
9 99
10 45
10 49
11 47
11 76
12 13
12 80
13 34
14 72
14 98
15 89
15 91
16 45
17 85
18 21
18 46
19 90
19 93
20 69
20 94
21 54
22 56
22 69
23 33
23 79
24 88
24 94
25 32
25 63
26 70
26 71
27 34
27 73
28 97
29 30
29 65
30 97
31 72
31 96
32 49
35 43
35 82
37 68
38 63
39 48
39 57
40 47
40 51
41 44
41 75
42 56
42 95
43 67
46 53
48 70
50 52
50 53
51 84
54 87
55 76
55 80
57 73
58 77
58 89
59 86
59 92
60 88
61 91
62 65
62 66
64 81
64 90
66 74
67 71
74 75
77 98
78 83
79 84
81 95
83 96
85 92
86 87
