Error code = 10013
Unable to write to file './output/N50D0.5K10T1P1.0/model.lp'

49 49 865
0
1
2
3
4
5
6
7
8
9
10
11
12
13
14
15
16
17
18
19
20
21
22
23
24
25
26
27
28
29
30
31
32
33
34
35
36
37
38
39
40
41
42
44
45
46
47
48
49
0 39
0 48
1 29
1 33
2 12
2 14
3 9
3 15
4 45
4 46
5 39
5 49
6 13
6 14
7 17
7 25
8 11
8 21
9 20
10 21
10 23
11 42
12 24
13 31
15 32
16 26
16 36
17 28
18 28
18 38
19 38
19 49
20 47
22 45
22 48
23 40
24 33
25 34
26 36
27 30
27 37
29 31
30 44
32 44
34 35
35 37
40 46
41 42
41 47
