100 118 1799
0
1
2
3
4
5
6
7
8
9
10
11
12
13
14
15
16
17
18
19
20
21
22
23
24
25
26
27
28
29
30
31
32
33
34
35
36
37
38
39
40
41
42
43
44
45
46
47
48
49
50
51
52
53
54
55
56
57
58
59
60
61
62
63
64
65
66
67
68
69
70
71
72
73
74
75
76
77
78
79
80
81
82
83
84
85
86
87
88
89
90
91
92
93
94
95
96
97
98
99
0 34
0 62
1 34
16 34
1 25
2 37
2 51
3 63
3 86
4 57
4 64
5 86
27 86
5 86
86 98
6 40
6 56
7 15
7 33
8 40
38 40
8 45
9 49
9 56
10 31
10 70
11 57
11 84
12 16
12 75
71 75
13 68
13 92
14 76
14 97
15 82
17 46
17 47
18 61
18 81
3 19
3 22
19 32
20 32
20 52
21 50
21 81
81 89
22 88
23 67
23 99
24 43
24 42
42 89
60 89
25 72
26 46
46 68
35 68
26 46
27 95
28 77
28 98
29 49
29 91
30 41
30 80
31 79
33 74
34 48
35 68
36 37
36 93
38 40
39 41
39 86
42 89
60 89
42 89
43 82
44 58
44 90
45 61
47 95
48 67
50 85
51 97
52 96
53 69
53 94
54 63
54 76
55 58
55 93
59 66
4 59
4 78
62 75
64 69
65 70
65 96
66 84
4 84
4 77
71 75
72 83
73 89
81 89
73 87
74 92
78 88
44 79
44 90
66 80
66 84
83 91
85 87
94 99
