97 97 1116
0
1
2
3
4
5
6
7
8
9
11
12
13
14
15
16
17
18
19
20
21
22
23
24
25
26
27
28
29
30
32
33
34
35
36
37
38
39
40
41
43
44
45
46
47
48
49
50
51
52
53
54
55
56
57
58
59
60
61
62
63
64
65
66
67
68
69
70
71
72
73
74
75
76
77
78
79
80
81
82
83
84
85
86
87
88
89
90
91
92
93
94
95
96
97
98
99
0 61
0 86
1 64
1 82
2 13
2 36
3 7
3 53
4 46
4 51
5 47
5 90
6 34
6 83
7 65
8 44
8 94
9 21
9 39
11 64
11 70
12 30
12 89
13 84
14 69
14 93
15 55
15 76
16 62
16 80
17 62
17 63
18 49
18 76
19 58
19 97
20 41
20 85
21 39
22 32
22 69
23 65
23 88
24 72
24 92
25 61
25 92
26 51
26 77
27 60
27 78
28 70
28 80
29 57
29 96
30 59
32 47
33 48
33 56
34 37
35 45
35 52
36 87
37 88
38 67
38 75
40 46
40 68
41 56
43 53
43 79
44 94
45 95
48 85
49 66
50 54
50 58
52 98
54 66
55 84
57 96
59 93
60 78
63 99
67 75
68 81
71 95
71 98
72 73
73 79
74 91
74 99
77 82
81 86
83 89
87 97
90 91
