62 62 1131
0
11
27
57
29
39
55
98
60
89
79
89
67
75
32
16
53
35
48
31
38
26
14
46
82
10
22
12
23
5
56
91
7
87
47
66
69
86
21
18
21
18
13
42
90
1
59
51
59
58
77
99
72
4
19
50
25
54
28
20
30
33
0 11
11 27
27 57
29 57
29 39
39 55
55 98
60 98
60 89
79 89
79 89
67 89
67 75
32 75
16 32
16 53
35 53
35 48
31 48
31 38
26 38
14 26
14 46
46 82
10 82
10 22
12 22
12 23
5 23
5 56
56 91
7 91
7 87
47 87
47 66
66 69
69 86
21 86
18 21
18 21
18 21
13 18
13 42
42 90
1 90
1 59
51 59
51 59
58 59
58 77
77 99
72 99
4 72
4 19
19 50
25 50
25 54
28 54
20 28
20 30
30 33
0 33
