100 100 1177
0
1
2
3
4
5
6
7
8
9
10
11
12
13
14
15
16
17
18
19
20
21
22
23
24
25
26
27
28
29
30
31
32
33
34
35
36
37
38
39
40
41
42
43
44
45
46
47
48
49
50
51
52
53
54
55
56
57
58
59
60
61
62
63
64
65
66
67
68
69
70
71
72
73
74
75
76
77
78
79
80
81
82
83
84
85
86
87
88
89
90
91
92
93
94
95
96
97
98
99
0 43
0 44
1 13
1 76
2 63
2 74
3 39
3 68
4 50
4 83
5 63
5 75
6 55
6 70
7 24
7 27
8 57
8 82
9 22
9 73
10 57
10 94
11 66
11 99
12 47
12 51
13 26
14 16
14 29
15 23
15 66
16 53
17 62
17 86
18 36
18 52
19 30
19 93
20 47
20 69
21 49
21 88
22 85
23 32
24 26
25 38
25 54
27 60
28 58
28 99
29 88
30 76
31 82
31 92
32 89
33 41
33 52
34 61
34 71
35 65
35 91
36 58
37 64
37 95
38 54
39 42
40 46
40 48
41 97
42 65
43 84
44 87
45 61
45 84
46 48
49 77
50 83
51 59
53 98
55 69
56 62
56 73
59 94
60 74
64 79
67 87
67 90
68 81
70 89
71 77
72 78
72 96
75 86
78 80
79 81
80 97
85 92
90 93
91 96
95 98
