196 196 1871
0
1
2
3
4
6
7
8
9
10
11
12
13
14
15
16
17
18
19
20
21
22
23
24
25
26
27
28
29
30
31
32
34
35
36
37
38
39
40
41
42
43
44
45
46
47
48
49
50
51
52
53
54
55
56
57
58
59
60
61
62
63
64
65
66
67
68
69
70
71
72
73
74
75
76
77
78
79
80
81
82
83
85
86
87
88
89
90
91
92
93
94
95
96
97
98
99
100
101
102
103
104
105
106
107
108
109
110
111
112
113
114
115
116
117
118
119
120
121
122
123
124
125
126
127
128
129
130
131
133
134
135
136
137
138
139
140
141
142
143
144
145
146
147
148
149
150
151
152
153
154
155
156
157
158
159
160
161
162
163
164
165
166
167
168
169
170
171
172
173
174
175
176
177
178
179
180
181
182
183
184
185
186
187
188
189
190
191
192
193
194
195
196
197
198
199
0 56
0 110
1 116
1 167
2 87
2 160
3 28
3 198
4 130
4 142
6 103
6 112
7 22
7 44
8 66
8 177
9 83
9 179
10 70
10 119
11 22
11 199
12 13
12 176
13 14
14 100
15 82
15 147
16 116
16 185
17 29
17 36
18 69
18 172
19 115
19 137
20 66
20 123
21 48
21 163
23 126
23 197
24 107
24 189
25 81
25 89
26 70
26 170
27 55
27 178
28 106
29 71
30 34
30 110
31 120
31 150
32 47
32 199
34 58
35 126
35 136
36 139
37 68
37 86
38 88
38 145
39 170
39 173
40 106
40 141
41 63
41 192
42 65
42 91
43 88
43 165
44 155
45 85
45 149
46 160
46 184
47 93
48 62
49 155
49 159
50 51
50 113
51 131
52 59
52 194
53 62
53 124
54 109
54 146
55 127
56 148
57 133
57 190
58 76
59 171
60 101
60 178
61 82
61 102
63 182
64 87
64 144
65 94
67 154
67 191
68 114
69 172
71 104
72 138
72 188
73 79
73 108
74 90
74 135
75 143
75 157
76 191
77 96
77 111
78 140
78 161
79 147
80 97
80 120
81 92
83 124
85 135
86 150
89 163
90 192
91 169
92 109
93 103
94 105
95 184
95 187
96 168
97 118
98 138
98 183
99 139
99 149
100 121
101 164
102 111
104 122
105 156
107 113
108 130
112 117
114 188
115 162
117 185
118 151
119 186
121 162
122 146
123 148
125 145
125 177
127 136
128 151
128 195
129 158
129 168
131 198
133 190
134 195
134 196
137 193
140 153
141 196
142 187
143 157
144 152
152 158
153 159
154 175
156 169
161 182
164 197
165 171
166 189
166 194
167 183
173 186
174 180
174 181
175 179
176 193
180 181
