104 104 2441
75
34
27
61
24
87
199
89
106
79
189
0
78
36
63
83
60
1
98
8
23
51
30
82
104
81
15
9
85
187
53
197
143
124
54
184
52
160
40
7
65
66
198
42
170
163
104
81
165
88
165
174
44
71
101
113
39
97
195
18
32
95
2
181
55
179
55
49
76
172
147
171
68
49
194
77
132
50
130
10
67
28
131
177
196
155
73
99
64
193
192
72
103
72
70
72
192
162
62
57
37
127
48
167
34 75
27 34
27 61
24 61
24 87
87 199
89 199
89 106
79 106
79 189
0 189
0 78
36 78
36 63
63 83
60 83
1 60
1 98
8 98
8 23
23 51
30 51
30 82
82 104
81 104
15 81
9 15
9 85
85 187
53 187
53 197
143 197
124 143
54 124
54 184
52 184
52 160
40 160
7 40
7 65
65 66
66 198
42 198
42 170
163 170
104 163
81 104
81 165
88 165
88 165
165 174
44 174
44 71
71 101
101 113
39 113
39 97
97 195
18 195
18 32
32 95
2 95
2 181
55 181
55 179
55 179
49 55
49 76
76 172
147 172
147 171
68 171
49 68
49 194
77 194
77 132
50 132
50 130
10 130
10 67
28 67
28 131
131 177
177 196
155 196
73 155
73 99
64 99
64 193
192 193
72 192
72 103
72 103
70 72
70 72
72 192
162 192
62 162
57 62
37 57
37 127
48 127
48 167
75 167
