99 99 2411
107
97
138
116
149
57
76
73
191
69
123
105
18
41
53
186
92
83
20
157
152
74
152
86
16
175
89
146
72
80
44
30
163
181
35
119
113
139
122
39
33
64
199
91
127
164
132
47
25
8
110
70
118
54
135
101
78
190
106
112
131
109
125
29
56
48
67
13
130
98
183
126
79
65
115
103
111
178
104
141
108
187
27
9
17
137
62
19
77
100
117
134
40
169
90
188
166
96
136
97 107
97 138
116 138
116 149
57 149
57 76
73 76
73 191
69 191
69 123
105 123
18 105
18 41
41 53
53 186
92 186
83 92
20 83
20 157
152 157
74 152
74 152
86 152
16 86
16 175
89 175
89 146
72 146
72 80
44 80
30 44
30 163
163 181
35 181
35 119
113 119
113 139
122 139
39 122
33 39
33 64
64 199
91 199
91 127
127 164
132 164
47 132
25 47
8 25
8 110
70 110
70 118
54 118
54 135
101 135
78 101
78 190
106 190
106 112
112 131
109 131
109 125
29 125
29 56
48 56
48 67
13 67
13 130
98 130
98 183
126 183
79 126
65 79
65 115
103 115
103 111
111 178
104 178
104 141
108 141
108 187
27 187
9 27
9 17
17 137
62 137
19 62
19 77
77 100
100 117
117 134
40 134
40 169
90 169
90 188
166 188
96 166
96 136
107 136
