57 57 2783
126
36
75
17
63
101
55
169
11
119
79
7
158
93
15
45
97
58
28
12
20
157
77
72
5
8
9
22
90
40
13
87
68
60
84
31
54
124
43
94
23
67
39
122
106
34
74
38
48
107
153
26
159
110
191
126
160
36 126
36 75
17 75
17 63
63 101
55 101
55 169
11 169
11 119
79 119
7 79
7 158
93 158
15 93
15 45
45 97
58 97
28 58
12 28
12 20
20 157
77 157
72 77
5 72
5 8
8 9
9 22
22 90
40 90
13 40
13 87
68 87
60 68
60 84
31 84
31 54
54 124
43 124
43 94
23 94
23 67
39 67
39 122
106 122
34 106
34 74
38 74
38 48
48 107
107 153
26 153
26 159
110 159
110 191
126 191
126 160
126 160
