99 99 927
0
1
2
3
4
5
6
7
8
9
10
11
12
13
14
15
16
17
18
19
20
21
22
23
24
25
26
27
28
29
30
31
32
33
34
35
36
37
39
40
41
42
43
44
45
46
47
48
49
50
51
52
53
54
55
56
57
58
59
60
61
62
63
64
65
66
67
68
69
70
71
72
73
74
75
76
77
78
79
80
81
82
83
84
85
86
87
88
89
90
91
92
93
94
95
96
97
98
99
0 21
0 75
1 30
1 98
2 67
2 94
3 67
3 94
4 54
4 95
5 31
5 34
6 14
6 68
7 59
7 89
8 27
8 42
9 29
9 90
10 52
10 96
11 35
11 65
12 31
12 64
13 44
13 84
14 24
15 39
15 85
16 51
16 72
17 59
17 89
18 73
18 74
19 37
19 78
20 25
20 45
21 24
22 28
22 62
23 48
23 93
25 45
26 69
26 88
27 34
28 62
29 71
30 68
32 36
32 87
33 51
33 72
35 57
36 53
37 79
39 69
40 42
40 99
41 80
41 95
43 81
43 97
44 79
46 73
46 74
47 71
47 84
48 86
49 76
49 82
50 83
50 93
52 56
53 66
54 88
55 66
55 87
56 63
57 61
58 70
58 80
60 91
60 98
61 90
63 78
64 92
65 83
70 91
75 92
76 82
77 85
77 96
81 97
86 99
