59 59 1006
33
27
33
14
18
15
18
4
10
34
25
6
49
7
28
24
5
22
45
44
3
37
12
19
36
40
36
30
38
17
2
13
31
46
39
20
35
11
42
41
48
9
29
8
29
26
32
26
1
23
1
47
29
8
16
0
16
21
43
27 33
27 33
14 33
14 18
15 18
15 18
4 18
4 10
10 34
25 34
6 25
6 49
7 49
7 28
24 28
5 24
5 22
22 45
44 45
3 44
3 37
12 37
12 19
19 36
36 40
36 40
30 36
30 38
17 38
2 17
2 13
13 31
31 46
39 46
20 39
20 35
11 35
11 42
41 42
41 48
9 48
9 29
8 29
8 29
26 29
26 32
26 32
1 26
1 23
1 23
1 47
29 47
8 29
8 16
0 16
0 16
16 21
21 43
33 43
