65 65 1307
49
25
6
41
26
43
9
0
9
42
48
1
48
42
9
43
37
29
35
14
43
26
4
40
23
44
47
49
3
45
8
46
22
32
22
11
36
17
28
10
33
27
21
27
16
34
5
34
2
7
2
20
19
18
30
18
31
39
24
19
12
38
12
13
15
25 49
6 25
6 41
26 41
26 43
9 43
0 9
0 9
9 42
42 48
1 48
1 48
42 48
9 42
9 43
37 43
29 37
29 35
14 35
14 43
26 43
4 26
4 40
23 40
23 44
44 47
47 49
3 49
3 45
8 45
8 46
22 46
22 32
22 32
11 22
11 36
17 36
17 28
10 28
10 33
27 33
21 27
21 27
16 27
16 34
5 34
5 34
2 34
2 7
2 7
2 20
19 20
18 19
18 30
18 30
18 31
31 39
24 39
19 24
12 19
12 38
12 38
12 13
13 15
15 49
