197 197 1971
0
1
2
3
4
5
6
7
8
9
10
11
12
13
14
15
16
17
18
19
20
21
22
23
24
25
26
27
28
29
30
31
32
33
34
35
36
37
38
39
40
41
42
43
44
45
46
47
48
49
50
51
52
53
54
55
56
57
58
59
60
61
62
63
64
65
66
67
68
69
70
71
72
73
74
75
76
77
78
79
80
81
82
83
84
85
86
87
88
89
90
91
92
93
94
95
96
97
98
99
100
101
102
103
104
105
106
107
108
109
110
111
112
113
114
115
116
117
118
119
120
121
122
123
124
125
126
127
128
129
130
131
132
133
134
135
136
137
138
139
140
141
142
143
144
145
146
147
148
149
150
151
152
153
154
155
156
157
158
159
160
161
162
163
164
165
166
167
168
169
170
171
172
173
174
175
176
177
179
180
181
182
183
184
185
186
187
188
189
190
191
192
193
195
197
198
199
0 51
0 68
1 47
1 175
2 112
2 164
3 26
3 95
4 77
4 122
5 60
5 90
6 129
6 173
7 84
7 137
8 12
8 22
9 85
9 88
10 30
10 45
11 52
11 150
12 100
13 53
13 144
14 59
14 168
15 29
15 108
16 85
16 130
17 18
17 193
18 174
19 61
19 96
20 54
20 181
21 76
21 172
22 94
23 37
23 78
24 166
24 184
25 157
25 173
26 35
27 56
27 136
28 52
28 124
29 57
30 120
31 60
31 90
32 167
32 176
33 63
33 146
34 114
34 123
35 188
36 118
36 156
37 97
38 119
38 154
39 133
39 148
40 71
40 101
41 88
41 145
42 64
42 142
43 50
43 131
44 111
44 185
45 160
46 54
46 109
47 87
48 93
48 192
49 126
49 170
50 149
51 118
53 92
55 154
55 184
56 99
57 62
58 63
58 168
59 105
61 142
62 138
64 176
65 105
65 133
66 95
66 186
67 137
67 156
68 106
69 116
69 152
70 75
70 89
71 111
72 106
72 113
73 79
73 197
74 123
74 125
75 89
76 161
77 98
78 165
79 92
80 108
80 199
81 167
81 188
82 169
82 187
83 103
83 171
84 116
86 136
86 141
87 140
91 99
91 102
93 135
94 97
96 149
98 195
100 181
101 150
102 185
103 122
104 132
104 198
107 147
107 180
109 113
110 158
110 162
112 151
114 131
115 129
115 172
117 146
117 199
119 190
120 157
121 134
121 159
124 162
125 127
126 195
127 132
128 187
128 198
130 143
134 161
135 153
138 179
139 170
139 171
140 182
141 147
143 145
144 197
148 163
151 180
152 186
153 189
155 169
155 179
158 177
159 163
160 191
164 166
165 177
174 193
175 183
182 190
183 192
189 191
