56 56 1055
1
3
4
5
10
16
18
19
20
21
24
26
31
32
34
35
36
37
41
42
44
45
46
47
48
49
51
52
54
55
57
58
59
62
63
64
65
66
69
71
72
76
79
80
81
82
83
84
85
86
89
90
92
93
94
99
1 79
1 89
3 49
3 84
4 35
4 90
5 47
5 58
10 37
10 55
16 59
16 62
18 49
18 62
19 36
19 44
20 82
20 92
21 26
21 48
24 64
24 93
26 89
31 57
31 66
32 76
32 86
34 58
34 80
35 83
36 71
37 44
41 57
41 69
42 51
42 81
45 76
45 93
46 65
46 72
47 52
48 92
51 99
52 72
54 94
54 99
55 81
59 66
63 79
63 86
64 94
65 71
69 83
80 84
82 85
85 90
