97 97 1096
0
1
2
3
4
5
6
7
8
9
10
11
12
13
14
15
16
17
18
19
21
22
23
24
25
26
27
28
29
30
31
32
33
34
35
36
37
38
39
40
41
42
43
44
45
46
47
48
49
50
51
52
53
54
55
56
57
59
60
61
62
63
64
65
66
67
68
69
70
71
72
73
74
75
76
77
78
79
80
81
82
83
84
85
86
88
89
90
91
92
93
94
95
96
97
98
99
0 15
0 69
1 11
1 32
2 52
2 75
3 57
3 74
4 40
4 55
5 48
5 86
6 44
6 70
7 60
7 98
8 16
8 37
9 13
9 94
10 64
10 68
11 32
12 17
12 33
13 14
14 89
15 82
16 62
17 35
18 54
18 77
19 81
19 83
21 24
21 59
22 84
22 98
23 50
23 91
24 93
25 61
25 76
26 45
26 88
27 88
27 96
28 53
28 75
29 82
29 92
30 36
30 52
31 42
31 65
33 35
34 67
34 73
36 85
37 96
38 67
38 99
39 68
39 92
40 66
41 56
41 63
42 43
43 86
44 70
45 48
46 79
46 95
47 60
47 80
49 54
49 99
50 83
51 72
51 89
53 76
55 77
56 63
57 74
59 91
61 65
62 66
64 69
71 78
71 84
72 90
73 85
78 80
79 97
81 93
90 94
95 97
