98 98 863
0
1
2
3
4
5
6
7
8
9
10
11
12
13
14
15
16
17
18
19
20
21
22
23
24
25
26
27
28
29
30
31
32
33
34
35
36
37
38
39
40
41
42
43
44
45
46
47
48
50
51
52
53
54
55
56
57
58
59
60
61
62
63
64
65
66
67
68
69
70
71
72
73
74
76
77
78
79
80
81
82
83
84
85
86
87
88
89
90
91
92
93
94
95
96
97
98
99
0 35
0 70
1 5
1 27
2 67
2 81
3 34
3 57
4 27
4 34
5 78
6 23
6 94
7 31
7 72
8 51
8 90
9 45
9 98
10 68
10 89
11 22
11 26
12 23
12 36
13 21
13 25
14 56
14 93
15 39
15 41
16 38
16 80
17 19
17 92
18 20
18 26
19 51
20 85
21 95
22 87
24 66
24 84
25 82
28 63
28 79
29 46
29 94
30 48
30 64
31 52
32 64
32 96
33 54
33 82
35 83
36 54
37 47
37 98
38 80
39 73
40 47
40 73
41 43
42 60
42 81
43 74
44 62
44 97
45 55
46 63
48 65
50 58
50 76
52 69
53 56
53 97
55 72
57 90
58 76
59 61
59 85
60 93
61 67
62 92
65 86
66 77
68 89
69 99
70 91
71 77
71 88
74 78
79 95
83 91
84 87
86 96
88 99
