79 79 1227
0
1
4
5
6
8
9
11
12
13
14
16
17
18
19
20
22
23
25
26
27
28
29
30
31
33
34
35
36
37
38
39
40
41
42
43
45
46
48
50
51
55
56
57
58
59
60
61
62
64
65
66
67
68
69
70
71
72
73
74
75
76
77
78
79
80
81
82
83
84
85
86
88
89
91
92
93
94
96
0 37
0 77
1 17
1 19
4 23
4 61
5 46
5 83
6 55
6 57
8 25
8 27
9 67
9 75
11 46
11 69
12 60
12 86
13 18
13 80
14 62
14 89
16 26
16 65
17 22
18 93
19 85
20 28
20 82
22 36
23 61
25 66
26 92
27 35
28 42
29 45
29 67
30 38
30 74
31 40
31 70
33 40
33 55
34 66
34 96
35 88
36 45
37 42
38 64
39 73
39 81
41 80
41 93
43 70
43 82
48 68
48 85
50 78
50 94
51 76
51 89
56 59
56 62
57 65
58 73
58 96
59 91
60 91
64 86
68 69
71 79
71 83
72 76
72 81
74 84
75 84
77 92
78 79
88 94
