197 197 2110
0
1
2
3
4
5
6
7
8
9
10
11
12
13
14
15
16
18
19
20
21
22
23
24
25
26
27
28
29
30
31
32
33
34
35
36
37
38
39
40
41
42
43
44
45
46
47
48
49
50
51
52
53
54
55
56
57
58
59
60
61
62
63
64
65
66
67
68
69
70
71
72
73
74
75
76
77
78
79
80
81
82
83
84
85
86
87
88
89
90
91
92
93
94
95
96
98
99
100
101
102
103
104
105
106
107
108
109
110
111
112
113
114
115
116
117
118
119
120
121
122
123
124
125
126
127
128
129
130
131
132
133
134
135
136
137
138
139
140
141
142
143
144
145
146
147
148
149
150
151
152
153
154
155
156
157
158
159
160
161
162
163
164
165
166
167
168
169
170
171
172
173
174
175
176
177
178
179
180
181
182
183
184
185
186
187
188
189
190
191
192
193
194
195
196
197
198
0 110
0 120
1 20
1 131
2 57
2 140
3 22
3 154
4 19
4 141
5 171
5 191
6 85
6 120
7 50
7 154
8 137
8 170
9 95
9 180
10 72
10 186
11 36
11 52
12 44
12 56
13 46
13 115
14 161
14 175
15 104
15 172
16 91
16 109
18 28
18 88
19 183
20 79
21 77
21 89
22 87
23 25
23 119
24 64
24 136
25 187
26 126
26 183
27 106
27 125
28 180
29 100
29 118
30 122
30 194
31 92
31 133
32 59
32 184
33 113
33 133
34 59
34 116
35 129
35 163
36 188
37 109
37 114
38 90
38 94
39 42
39 62
40 66
40 181
41 182
41 184
42 62
43 95
43 138
44 106
45 157
45 198
46 149
47 165
47 191
48 61
48 103
49 179
49 185
50 70
51 65
51 73
52 55
53 75
53 169
54 166
54 197
55 167
56 189
57 67
58 68
58 187
60 112
60 156
61 96
63 128
63 163
64 144
65 146
66 111
67 195
68 179
69 130
69 195
70 73
71 76
71 167
72 186
74 93
74 162
75 84
76 153
77 131
78 189
78 193
79 80
80 150
81 103
81 142
82 96
82 164
83 123
83 174
84 90
85 117
86 138
86 174
87 107
88 162
89 111
91 156
92 158
93 130
94 171
98 135
98 140
99 122
99 129
100 152
101 123
101 143
102 137
102 147
104 178
105 128
105 190
107 146
108 132
108 196
110 127
112 135
113 152
114 178
115 173
116 124
117 143
118 194
119 151
121 168
121 192
124 182
125 160
126 165
127 197
132 141
134 145
134 155
136 169
139 149
139 173
142 176
144 150
145 155
147 161
148 166
148 177
151 185
153 164
157 198
158 190
159 168
159 176
160 192
170 193
172 196
175 188
177 181
