70 70 1262
2
18
27
18
2
24
34
30
11
12
11
4
21
26
11
2
18
2
11
12
10
39
8
39
6
20
29
35
42
35
28
41
45
3
45
41
19
6
46
36
22
7
16
15
47
15
25
15
32
23
32
1
32
44
40
17
9
13
49
5
0
14
37
38
31
43
37
48
33
48
2 18
18 27
18 27
2 18
2 24
24 34
30 34
11 30
11 12
11 12
4 11
4 21
21 26
11 26
2 11
2 18
2 18
2 11
11 12
10 12
10 39
8 39
8 39
6 39
6 20
20 29
29 35
35 42
35 42
28 35
28 41
41 45
3 45
3 45
41 45
19 41
6 19
6 46
36 46
22 36
7 22
7 16
15 16
15 47
15 47
15 25
15 25
15 32
23 32
23 32
1 32
1 32
32 44
40 44
17 40
9 17
9 13
13 49
5 49
0 5
0 14
14 37
37 38
31 38
31 43
37 43
37 48
33 48
33 48
2 48
