104 104 1033
74
53
0
75
41
77
43
12
20
90
35
10
93
18
23
92
60
31
30
46
50
13
5
73
21
94
78
61
9
39
80
4
1
2
37
86
82
48
81
95
81
87
96
62
64
16
24
38
85
65
76
27
17
66
25
66
8
47
67
83
69
57
99
34
6
59
56
91
36
97
98
71
44
54
51
72
15
28
3
49
11
40
7
26
52
7
19
88
70
63
68
45
68
42
29
32
55
58
89
84
22
33
79
14
53 74
0 53
0 75
41 75
41 77
43 77
12 43
12 20
20 90
35 90
10 35
10 93
18 93
18 23
23 92
60 92
31 60
30 31
30 46
46 50
13 50
5 13
5 73
21 73
21 94
78 94
61 78
9 61
9 39
39 80
4 80
1 4
1 2
2 37
37 86
82 86
48 82
48 81
81 95
81 95
81 87
87 96
62 96
62 64
16 64
16 24
24 38
38 85
65 85
65 76
27 76
17 27
17 66
25 66
25 66
8 66
8 47
47 67
67 83
69 83
57 69
57 99
34 99
6 34
6 59
56 59
56 91
36 91
36 97
97 98
71 98
44 71
44 54
51 54
51 72
15 72
15 28
3 28
3 49
11 49
11 40
7 40
7 26
26 52
7 52
7 19
19 88
70 88
63 70
63 68
45 68
45 68
42 68
29 42
29 32
32 55
55 58
58 89
84 89
22 84
22 33
33 79
14 79
14 74
