100 100 1086
0
1
2
3
4
5
6
7
8
9
10
11
12
13
14
15
16
17
18
19
20
21
22
23
24
25
26
27
28
29
30
31
32
33
34
35
36
37
38
39
40
41
42
43
44
45
46
47
48
49
50
51
52
53
54
55
56
57
58
59
60
61
62
63
64
65
66
67
68
69
70
71
72
73
74
75
76
77
78
79
80
81
82
83
84
85
86
87
88
89
90
91
92
93
94
95
96
97
98
99
0 23
0 87
1 46
1 99
2 20
2 77
3 19
3 64
4 69
4 76
5 44
5 76
6 16
6 29
7 24
7 35
8 37
8 41
9 25
9 97
10 42
10 91
11 61
11 93
12 35
12 68
13 45
13 95
14 25
14 36
15 19
15 73
16 43
17 57
17 83
18 27
18 43
20 59
21 55
21 71
22 33
22 56
23 86
24 74
26 33
26 44
27 48
28 39
28 51
29 61
30 62
30 77
31 36
31 58
32 66
32 82
34 42
34 63
37 70
38 52
38 63
39 94
40 52
40 79
41 75
45 85
46 47
47 87
48 97
49 91
49 95
50 55
50 90
51 98
53 60
53 98
54 58
54 84
56 70
57 72
59 81
60 92
62 86
64 89
65 75
65 88
66 80
67 69
67 94
68 92
71 84
72 79
73 81
74 89
78 80
78 99
82 90
83 96
85 88
93 96
