100 100 1041
0
1
2
3
4
5
6
7
8
9
10
11
12
13
14
15
16
17
18
19
20
21
22
23
24
25
26
27
28
29
30
31
32
33
34
35
36
37
38
39
40
41
42
43
44
45
46
47
48
49
50
51
52
53
54
55
56
57
58
59
60
61
62
63
64
65
66
67
68
69
70
71
72
73
74
75
76
77
78
79
80
81
82
83
84
85
86
87
88
89
90
91
92
93
94
95
96
97
98
99
0 60
0 68
1 36
1 80
2 31
2 62
3 35
3 43
4 20
4 63
5 81
5 96
6 7
6 95
7 41
8 13
8 46
9 16
9 66
10 22
10 28
11 29
11 34
12 67
12 94
13 73
14 42
14 84
15 64
15 72
16 53
17 91
17 99
18 19
18 88
19 79
20 27
21 58
21 86
22 91
23 44
23 69
24 39
24 77
25 28
25 87
26 78
26 82
27 58
29 50
30 42
30 66
31 92
32 68
32 74
33 50
33 78
34 52
35 54
36 80
37 55
37 70
38 67
38 71
39 98
40 43
40 77
41 45
44 49
45 83
46 69
47 55
47 84
48 65
48 95
49 87
51 59
51 99
52 65
53 75
54 85
56 64
56 93
57 76
57 90
59 90
60 76
61 72
61 94
62 92
63 98
70 82
71 89
73 75
74 83
79 88
81 96
85 93
86 97
89 97
