106 106 2312
178
57
109
114
58
70
72
157
29
111
196
99
112
16
108
1
98
8
83
63
50
17
47
26
188
133
144
102
165
14
85
187
53
54
166
4
80
9
184
52
119
198
33
15
174
104
81
104
163
66
65
136
126
116
158
22
194
135
76
172
147
71
171
44
46
101
49
38
84
113
55
181
2
95
182
179
94
105
97
11
169
117
0
189
106
89
168
75
92
78
35
20
118
185
36
93
175
27
45
34
24
107
24
87
110
167
57 178
57 109
109 114
58 114
58 70
70 72
72 157
29 157
29 111
111 196
99 196
99 112
16 112
16 108
1 108
1 98
8 98
8 83
63 83
50 63
17 50
17 47
26 47
26 188
133 188
133 144
102 144
102 165
14 165
14 85
85 187
53 187
53 54
54 166
4 166
4 80
9 80
9 184
52 184
52 119
119 198
33 198
15 33
15 174
104 174
81 104
81 104
104 163
66 163
65 66
65 136
126 136
116 126
116 158
22 158
22 194
135 194
76 135
76 172
147 172
71 147
71 171
44 171
44 46
46 101
49 101
38 49
38 84
84 113
55 113
55 181
2 181
2 95
95 182
179 182
94 179
94 105
97 105
11 97
11 169
117 169
0 117
0 189
106 189
89 106
89 168
75 168
75 92
78 92
35 78
20 35
20 118
118 185
36 185
36 93
93 175
27 175
27 45
34 45
24 34
24 107
24 107
24 87
87 110
110 167
167 178
