114 114 1196
79
69
3
32
3
9
15
9
19
40
0
41
0
41
0
74
55
89
68
37
65
5
53
0
43
28
98
70
93
66
71
48
33
38
2
97
10
42
86
29
96
52
96
46
92
99
27
47
4
35
72
78
17
56
23
21
80
49
14
88
14
7
51
76
24
94
87
57
18
24
18
24
67
36
1
36
83
63
54
34
64
6
75
25
84
95
16
61
44
22
73
77
8
91
30
85
91
62
13
45
31
11
26
59
20
60
12
39
82
90
50
58
79
81
69 79
3 69
3 32
3 32
3 9
9 15
9 15
9 19
19 40
0 40
0 41
0 41
0 41
0 41
0 74
55 74
55 89
68 89
37 68
37 65
5 65
5 53
0 53
0 43
28 43
28 98
70 98
70 93
66 93
66 71
48 71
33 48
33 38
2 38
2 97
10 97
10 42
42 86
29 86
29 96
52 96
52 96
46 96
46 92
92 99
27 99
27 47
4 47
4 35
35 72
72 78
17 78
17 56
23 56
21 23
21 80
49 80
14 49
14 88
14 88
7 14
7 51
51 76
24 76
24 94
87 94
57 87
18 57
18 24
18 24
18 24
24 67
36 67
1 36
1 36
36 83
63 83
54 63
34 54
34 64
6 64
6 75
25 75
25 84
84 95
16 95
16 61
44 61
22 44
22 73
73 77
8 77
8 91
30 91
30 85
85 91
62 91
13 62
13 45
31 45
11 31
11 26
26 59
20 59
20 60
12 60
12 39
39 82
82 90
50 90
50 58
58 79
79 81
79 81
