197 197 2026
0
1
2
3
4
5
6
7
8
9
10
11
12
13
14
15
16
17
18
19
20
21
22
23
24
25
26
27
28
29
30
31
32
33
34
35
36
37
38
39
40
41
42
43
44
45
46
47
48
49
50
51
52
53
54
55
56
57
58
59
60
62
63
65
66
67
68
69
70
71
72
73
74
75
76
77
78
79
80
81
82
83
84
85
86
87
88
89
90
91
92
93
94
95
96
97
98
99
100
101
102
103
104
105
106
107
108
109
110
111
112
113
114
115
116
117
118
119
120
121
122
123
124
125
126
127
128
129
130
131
132
133
134
135
136
137
138
139
140
141
142
143
144
145
147
148
149
150
151
152
153
154
155
156
157
158
159
160
161
162
163
164
165
166
167
168
169
170
171
172
173
174
175
176
177
178
179
180
181
182
183
184
185
186
187
188
189
190
191
192
193
194
195
196
197
198
199
0 88
0 151
1 72
1 174
2 74
2 196
3 6
3 38
4 16
4 119
5 22
5 79
6 13
7 45
7 135
8 67
8 156
9 73
9 92
10 30
10 141
11 40
11 52
12 128
12 191
13 77
14 158
14 179
15 33
15 99
16 44
17 67
17 108
18 141
18 153
19 53
19 157
20 163
20 167
21 72
21 113
22 96
23 83
23 114
24 27
24 145
25 31
25 115
26 80
26 149
27 77
28 60
28 155
29 51
29 162
30 92
31 133
32 91
32 188
33 104
34 73
34 144
35 110
35 176
36 81
36 138
37 55
37 182
38 192
39 100
39 185
40 90
41 178
41 180
42 44
42 69
43 167
43 195
45 66
46 129
46 165
47 104
47 106
48 169
48 175
49 78
49 139
50 58
50 172
51 194
52 183
53 150
54 65
54 128
55 123
56 170
56 199
57 98
57 150
58 137
59 70
59 143
60 107
62 173
62 186
63 114
63 197
65 140
66 188
68 87
68 109
69 111
70 105
71 127
71 139
74 184
75 130
75 183
76 86
76 131
78 89
79 147
80 143
81 118
82 154
82 161
83 101
84 136
84 179
85 93
85 182
86 105
87 109
88 107
89 171
90 94
91 101
93 160
94 117
95 115
95 125
96 193
97 112
97 118
98 148
99 162
100 166
102 120
102 124
103 126
103 181
106 111
108 190
110 130
112 187
113 160
116 117
116 181
119 125
120 124
121 136
121 198
122 132
122 196
123 138
126 140
127 187
129 144
131 184
132 165
133 159
134 151
134 155
135 147
137 152
142 171
142 174
145 197
148 156
149 164
152 172
153 190
154 189
157 198
158 193
159 170
161 189
163 195
164 177
166 175
168 194
168 199
169 177
173 186
176 191
178 192
180 185
