66 66 1105
88
69
17
64
22
70
85
25
47
25
83
76
45
24
28
55
77
80
21
3
67
16
68
36
35
99
44
99
75
63
51
81
9
92
4
26
32
91
31
58
7
58
43
84
40
5
97
59
79
14
94
65
54
78
58
20
82
57
8
73
8
74
41
56
41
53
69 88
17 69
17 64
22 64
22 70
70 85
25 85
25 47
25 47
25 83
76 83
45 76
24 45
24 28
28 55
55 77
77 80
21 80
3 21
3 67
16 67
16 68
36 68
35 36
35 99
44 99
44 99
75 99
63 75
51 63
51 81
9 81
9 92
4 92
4 26
26 32
32 91
31 91
31 58
7 58
7 58
43 58
43 84
40 84
5 40
5 97
59 97
59 79
14 79
14 94
65 94
54 65
54 78
58 78
20 58
20 82
57 82
8 57
8 73
8 73
8 74
41 74
41 56
41 56
41 53
53 88
