100 100 1136
0
1
2
3
4
5
6
7
8
9
10
11
12
13
14
15
16
17
18
19
20
21
22
23
24
25
26
27
28
29
30
31
32
33
34
35
36
37
38
39
40
41
42
43
44
45
46
47
48
49
50
51
52
53
54
55
56
57
58
59
60
61
62
63
64
65
66
67
68
69
70
71
72
73
74
75
76
77
78
79
80
81
82
83
84
85
86
87
88
89
90
91
92
93
94
95
96
97
98
99
0 45
0 85
1 19
1 80
2 13
2 22
3 48
3 81
4 77
4 87
5 46
5 68
6 15
6 93
7 19
7 67
8 29
8 51
9 14
9 67
10 35
10 75
11 29
11 36
12 55
12 78
13 40
14 71
15 62
16 49
16 91
17 88
17 94
18 53
18 55
20 24
20 49
21 38
21 40
22 95
23 50
23 93
24 99
25 39
25 89
26 64
26 66
27 48
27 83
28 41
28 87
30 47
30 70
31 43
31 73
32 43
32 59
33 37
33 94
34 52
34 97
35 96
36 42
37 51
38 61
39 65
41 58
42 71
44 72
44 96
45 84
46 68
47 79
50 98
52 60
53 90
54 57
54 90
56 64
56 76
57 80
58 99
59 66
60 69
61 75
62 98
63 81
63 92
65 82
69 72
70 77
73 95
74 79
74 91
76 78
82 84
83 86
85 89
86 92
88 97
