100 100 899
0
1
2
3
4
5
6
7
8
9
10
11
12
13
14
15
16
17
18
19
20
21
22
23
24
25
26
27
28
29
30
31
32
33
34
35
36
37
38
39
40
41
42
43
44
45
46
47
48
49
50
51
52
53
54
55
56
57
58
59
60
61
62
63
64
65
66
67
68
69
70
71
72
73
74
75
76
77
78
79
80
81
82
83
84
85
86
87
88
89
90
91
92
93
94
95
96
97
98
99
0 7
0 76
1 75
1 84
2 17
2 26
3 79
3 82
4 82
4 90
5 23
5 62
6 16
6 76
7 63
8 44
8 53
9 35
9 59
10 12
10 39
11 27
11 38
12 84
13 32
13 67
14 68
14 79
15 39
15 70
16 33
17 40
18 24
18 34
19 30
19 96
20 44
20 88
21 29
21 99
22 45
22 57
23 62
24 77
25 93
25 94
26 98
27 38
28 31
28 78
29 31
30 87
32 80
33 58
34 77
35 61
36 37
36 42
37 97
40 70
41 47
41 52
42 81
43 86
43 92
45 49
46 61
46 88
47 91
48 63
48 75
49 57
50 71
50 74
51 72
51 95
52 64
53 56
54 66
54 89
55 86
55 96
56 99
58 65
59 60
60 95
64 90
65 85
66 89
67 83
68 69
69 91
71 98
72 85
73 74
73 78
80 83
81 93
87 92
94 97
