198 198 1502
0
1
2
3
4
5
6
8
9
10
11
12
13
14
15
16
17
18
19
20
21
22
23
24
25
26
27
28
29
30
31
32
33
34
35
36
37
38
39
40
41
42
43
44
45
46
47
48
49
50
51
52
53
54
55
56
57
58
59
60
61
62
63
64
65
66
67
68
69
70
71
72
73
74
75
76
77
78
79
80
81
82
83
84
85
86
87
88
89
90
91
92
93
94
95
96
97
98
99
100
101
102
103
104
105
106
107
108
109
110
111
112
113
114
115
116
117
118
119
120
121
122
123
124
125
126
127
128
129
130
131
132
133
134
135
136
138
139
140
141
142
143
144
145
146
147
148
149
150
151
152
153
154
155
156
157
158
159
160
161
162
163
164
165
166
167
168
169
170
171
172
173
174
175
176
177
178
179
180
181
182
183
184
185
186
187
188
189
190
191
192
193
194
195
196
197
198
199
0 91
0 98
1 93
1 143
2 109
2 194
3 61
3 74
4 15
4 187
5 49
5 130
6 71
6 126
8 48
8 160
9 60
9 164
10 26
10 166
11 83
11 168
12 57
12 85
13 32
13 108
14 84
14 186
15 187
16 154
16 199
17 63
17 145
18 51
18 75
19 87
19 112
20 93
20 125
21 30
21 188
22 63
22 191
23 145
23 165
24 54
24 178
25 45
25 47
26 170
27 125
27 148
28 58
28 114
29 155
29 163
30 123
31 50
31 94
32 127
33 112
33 140
34 77
34 144
35 150
35 176
36 66
36 147
37 60
37 104
38 45
38 171
39 106
39 167
40 175
40 194
41 46
41 76
42 57
42 126
43 110
43 133
44 91
44 196
46 148
47 70
48 128
49 99
50 64
51 163
52 80
52 132
53 124
53 179
54 169
55 69
55 170
56 142
56 185
58 158
59 84
59 196
61 79
62 69
62 181
64 116
65 190
65 197
66 86
67 92
67 111
68 166
68 184
70 105
71 114
72 172
72 191
73 88
73 156
74 113
75 149
76 161
77 78
78 141
79 178
80 116
81 86
81 119
82 151
82 189
83 117
85 140
87 160
88 99
89 157
89 199
90 95
90 177
92 104
94 124
95 100
96 122
96 154
97 136
97 162
98 186
100 149
101 130
101 131
102 103
102 133
103 193
105 106
107 121
107 139
108 127
109 175
110 129
111 179
113 190
115 118
115 182
117 168
118 182
119 195
120 129
120 143
121 185
122 134
123 177
128 156
131 159
132 136
134 198
135 159
135 174
138 167
138 192
139 142
141 151
144 176
146 165
146 193
147 152
150 157
152 173
153 164
153 172
155 192
158 174
161 197
162 169
171 188
173 184
180 181
180 195
183 189
183 198
