100 100 864
0
1
2
3
4
5
6
7
8
9
10
11
12
13
14
15
16
17
18
19
20
21
22
23
24
25
26
27
28
29
30
31
32
33
34
35
36
37
38
39
40
41
42
43
44
45
46
47
48
49
50
51
52
53
54
55
56
57
58
59
60
61
62
63
64
65
66
67
68
69
70
71
72
73
74
75
76
77
78
79
80
81
82
83
84
85
86
87
88
89
90
91
92
93
94
95
96
97
98
99
0 11
0 92
1 31
1 48
2 41
2 57
3 77
3 89
4 41
4 46
5 14
5 55
6 42
6 54
7 21
7 91
8 47
8 81
9 16
9 90
10 47
10 84
11 99
12 33
12 69
13 36
13 75
14 86
15 51
15 70
16 22
17 34
17 80
18 23
18 87
19 39
19 69
20 87
20 90
21 82
22 44
23 49
24 50
24 61
25 38
25 92
26 91
26 93
27 28
27 80
28 34
29 49
29 51
30 45
30 96
31 60
32 46
32 83
33 61
35 52
35 98
36 94
37 65
37 78
38 62
39 59
40 68
40 71
42 97
43 52
43 64
44 78
45 67
48 60
50 77
53 81
53 84
54 97
55 56
56 83
57 72
58 73
58 99
59 96
62 73
63 71
63 74
64 67
65 76
66 82
66 85
68 74
70 89
72 95
75 85
76 79
79 88
86 94
88 98
93 95
