73 73 1147
0
1
2
3
5
6
7
8
9
13
15
16
19
23
24
26
27
28
30
32
34
35
36
37
38
40
42
43
44
45
46
47
48
49
50
51
52
54
55
56
57
58
59
60
61
64
65
66
67
68
69
70
71
74
75
77
80
81
82
83
85
86
87
88
89
90
92
93
95
96
97
98
99
0 43
0 67
1 37
1 95
2 58
2 60
3 70
3 89
5 89
5 90
6 27
6 47
7 42
7 85
8 24
8 43
9 69
9 90
13 55
13 83
15 16
15 86
16 28
19 24
19 52
23 32
23 64
26 35
26 40
27 54
28 83
30 59
30 65
32 88
34 77
34 80
35 75
36 82
36 96
37 38
38 93
40 66
42 95
44 45
44 49
45 68
46 54
46 71
47 51
48 81
48 97
49 93
50 87
50 96
51 56
52 82
55 58
56 65
57 86
57 99
59 81
60 97
61 67
61 75
64 70
66 69
68 71
74 80
74 98
77 88
85 92
87 92
98 99
