97 97 867
0
1
2
3
4
5
6
7
8
9
10
11
12
13
14
15
16
17
18
19
20
21
22
23
25
26
27
28
29
30
31
32
33
34
35
36
37
38
39
40
41
42
43
44
45
46
47
48
49
50
51
52
53
54
55
56
57
58
59
60
61
62
63
64
65
66
67
68
69
70
71
72
73
74
75
76
77
79
80
81
82
83
84
85
86
87
88
89
90
91
93
94
95
96
97
98
99
0 3
0 11
1 18
1 59
2 49
2 70
3 11
4 9
4 56
5 34
5 54
6 49
6 90
7 8
7 77
8 85
9 25
10 48
10 64
12 27
12 51
13 55
13 66
14 79
14 88
15 81
15 95
16 39
16 42
17 89
17 97
18 59
19 40
19 86
20 22
20 88
21 29
21 63
22 77
23 26
23 99
25 63
26 99
27 43
28 38
28 45
29 62
30 52
30 85
31 43
31 87
32 67
32 98
33 46
33 80
34 68
35 51
35 83
36 73
36 83
37 58
37 71
38 74
39 52
40 61
41 69
41 97
42 56
44 50
44 76
45 84
46 80
47 53
47 65
48 91
50 57
53 82
54 79
55 66
57 76
58 65
60 68
60 96
61 86
62 87
64 82
67 98
69 75
70 90
71 72
72 96
73 74
75 89
81 95
84 94
91 93
93 94
