66 66 1295
41
0
20
49
48
21
7
21
23
40
32
1
32
40
30
46
18
47
9
47
27
6
12
19
14
17
3
22
35
10
26
10
24
5
29
36
25
36
29
13
17
14
19
12
28
44
12
19
39
43
37
43
39
19
14
2
11
38
16
42
45
4
15
31
33
34
0 41
0 20
20 49
48 49
21 48
7 21
7 21
21 23
23 40
32 40
1 32
1 32
32 40
30 40
30 46
18 46
18 47
9 47
9 47
27 47
6 27
6 12
12 19
14 19
14 17
3 17
3 22
22 35
10 35
10 26
10 26
10 24
5 24
5 29
29 36
25 36
25 36
29 36
13 29
13 17
14 17
14 19
12 19
12 28
28 44
12 44
12 19
19 39
39 43
37 43
37 43
39 43
19 39
14 19
2 14
2 11
11 38
16 38
16 42
42 45
4 45
4 15
15 31
31 33
33 34
34 41
