86 86 1072
0
1
2
3
4
5
6
7
8
9
11
12
14
15
17
18
19
20
21
23
24
25
26
27
28
29
30
31
32
33
35
36
37
38
39
40
41
42
43
44
45
46
47
48
49
50
51
54
55
56
57
58
59
60
61
62
63
64
65
66
67
68
69
72
74
75
76
77
78
79
80
81
83
84
85
88
89
90
91
92
93
94
95
96
97
98
0 33
0 64
1 63
1 84
2 30
2 98
3 47
3 65
4 74
4 95
5 17
5 84
6 25
6 45
7 43
7 80
8 39
8 55
9 18
9 28
11 21
11 50
12 37
12 94
14 51
14 91
15 20
15 96
17 76
18 60
19 40
19 88
20 90
21 61
23 36
23 41
24 33
24 66
25 93
26 43
26 76
27 57
27 75
28 81
29 46
29 50
30 67
31 72
31 85
32 64
32 95
35 48
35 59
36 93
37 58
38 51
38 96
39 62
40 59
41 98
42 67
42 92
44 54
44 55
45 49
46 75
47 60
48 66
49 94
54 97
56 79
56 90
57 97
58 88
61 68
62 78
63 69
65 69
68 89
72 77
74 83
77 89
78 81
79 83
80 92
85 91
