200 200 1937
0
1
2
3
4
5
6
7
8
9
10
11
12
13
14
15
16
17
18
19
20
21
22
23
24
25
26
27
28
29
30
31
32
33
34
35
36
37
38
39
40
41
42
43
44
45
46
47
48
49
50
51
52
53
54
55
56
57
58
59
60
61
62
63
64
65
66
67
68
69
70
71
72
73
74
75
76
77
78
79
80
81
82
83
84
85
86
87
88
89
90
91
92
93
94
95
96
97
98
99
100
101
102
103
104
105
106
107
108
109
110
111
112
113
114
115
116
117
118
119
120
121
122
123
124
125
126
127
128
129
130
131
132
133
134
135
136
137
138
139
140
141
142
143
144
145
146
147
148
149
150
151
152
153
154
155
156
157
158
159
160
161
162
163
164
165
166
167
168
169
170
171
172
173
174
175
176
177
178
179
180
181
182
183
184
185
186
187
188
189
190
191
192
193
194
195
196
197
198
199
0 63
0 169
1 69
1 181
2 154
2 164
3 87
3 193
4 37
4 186
5 116
5 162
6 9
6 174
7 15
7 129
8 39
8 145
9 172
10 67
10 158
11 35
11 110
12 80
12 104
13 142
13 185
14 156
14 157
15 41
16 92
16 196
17 59
17 155
18 49
18 125
19 88
19 107
20 72
20 182
21 30
21 138
22 92
22 107
23 149
23 166
24 128
24 137
25 127
25 155
26 60
26 124
27 82
27 171
28 44
28 76
29 103
29 184
30 84
31 162
31 180
32 49
32 148
33 71
33 111
34 183
34 194
35 36
36 146
37 83
38 100
38 126
39 105
40 117
40 128
41 176
42 50
42 91
43 147
43 195
44 108
45 154
45 164
46 83
46 187
47 62
47 81
48 135
48 169
50 68
51 57
51 156
52 129
52 132
53 86
53 159
54 91
54 163
55 64
55 96
56 93
56 186
57 58
58 191
59 152
60 177
61 134
61 192
62 81
63 99
64 133
65 140
65 161
66 100
66 188
67 117
68 190
69 113
70 95
70 150
71 135
72 116
73 80
73 109
74 121
74 195
75 149
75 175
76 98
77 171
77 198
78 122
78 160
79 118
79 133
82 115
84 175
85 93
85 105
86 131
87 102
88 134
89 106
89 125
90 148
90 189
94 97
94 165
95 146
96 122
97 165
98 144
99 123
101 159
101 178
102 153
103 177
104 124
106 199
108 139
109 147
110 136
111 189
112 163
112 172
113 181
114 152
114 197
115 131
118 160
119 139
119 178
120 140
120 143
121 168
123 126
127 153
130 144
130 145
132 138
136 179
137 161
141 193
141 196
142 151
143 192
150 179
151 185
157 167
158 173
166 173
167 182
168 198
170 180
170 188
174 190
176 197
183 194
184 191
187 199
