50 102 777
0
1
2
3
4
5
6
7
8
9
10
11
12
13
14
15
16
17
18
19
20
21
22
23
24
25
26
27
28
29
30
31
32
33
34
35
36
37
38
39
40
41
42
43
44
45
46
47
48
49
0 20
0 20
0 49
0 49
1 21
1 21
1 35
1 35
2 11
2 11
2 14
2 14
3 6
3 6
3 42
3 42
4 30
4 30
4 43
4 43
5 21
5 21
5 48
5 48
6 43
6 43
7 13
7 13
7 38
7 38
8 31
8 31
8 32
8 32
9 27
9 27
9 32
9 32
10 14
10 14
10 28
10 28
11 25
11 25
12 45
12 45
12 46
12 46
13 1
1 35
1 35
15 22
22 33
22 33
15 42
15 42
16 26
16 26
16 37
16 37
17 41
17 41
17 47
17 47
18 30
18 30
18 36
18 36
19 37
19 37
19 38
19 38
20 44
20 44
22 33
22 33
22 48
22 48
23 27
23 27
23 39
23 39
24 29
24 29
24 34
24 34
25 39
25 39
26 46
26 46
28 49
28 49
29 45
29 45
31 34
31 34
36 40
36 40
40 41
40 41
44 47
44 47
