65 65 1344
26
52
92
1
19
87
24
0
66
10
50
41
59
35
40
93
53
57
3
49
61
71
73
31
82
88
77
32
56
83
63
46
78
95
67
17
76
58
55
58
65
72
98
45
91
21
81
48
51
4
90
33
84
15
2
70
75
80
94
79
94
80
5
22
52
26 52
52 92
1 92
1 19
19 87
24 87
0 24
0 66
10 66
10 50
41 50
41 59
35 59
35 40
40 93
53 93
53 57
3 57
3 49
49 61
61 71
71 73
31 73
31 82
82 88
77 88
32 77
32 56
56 83
63 83
46 63
46 78
78 95
67 95
17 67
17 76
58 76
55 58
55 58
58 65
65 72
72 98
45 98
45 91
21 91
21 81
48 81
48 51
4 51
4 90
33 90
33 84
15 84
2 15
2 70
70 75
75 80
80 94
79 94
79 94
80 94
5 80
5 22
22 52
26 52
