62 62 994
1
2
3
4
5
7
8
9
10
11
13
14
17
19
20
21
22
24
25
28
31
34
36
38
39
40
43
44
46
49
50
51
52
53
54
56
57
58
61
62
63
64
65
66
69
70
71
72
73
74
75
77
82
83
84
88
90
92
93
96
97
98
1 10
1 97
2 56
2 58
3 7
3 62
4 38
4 44
5 36
5 74
7 83
8 61
8 77
9 71
9 82
10 21
11 73
11 93
13 28
13 46
14 44
14 82
17 38
17 40
19 70
19 90
20 36
20 75
21 31
22 66
22 74
24 61
24 97
25 50
25 53
28 88
31 84
34 65
34 69
39 46
39 54
40 62
43 52
43 88
49 58
49 93
50 57
51 56
51 72
52 92
53 69
54 65
57 98
63 72
63 90
64 75
64 96
66 77
70 96
71 98
73 92
83 84
