Error code = 10013
Unable to write to file './output/N50D0.7K0T0P0.1/model.lp'

50 50 609
0
1
2
3
4
5
6
7
8
9
10
11
12
13
14
15
16
17
18
19
20
21
22
23
24
25
26
27
28
29
30
31
32
33
34
35
36
37
38
39
40
41
42
43
44
45
46
47
48
49
0 11
0 32
1 5
1 40
2 37
2 38
3 6
3 12
4 11
4 47
5 40
6 12
7 8
7 14
8 47
9 28
9 48
10 19
10 28
13 29
13 41
14 39
15 17
15 30
16 26
16 31
17 27
18 35
18 37
19 45
20 33
20 43
21 44
21 46
22 29
22 49
23 24
23 36
24 27
25 30
25 34
26 31
32 48
33 43
34 39
35 42
36 42
38 49
41 45
44 46
