50 101 684
0
1
2
3
4
5
6
7
8
9
10
11
12
13
14
15
16
17
18
19
20
21
22
23
24
25
26
27
28
29
30
31
32
33
34
35
36
37
38
39
40
41
42
43
44
45
46
47
48
49
0 1
0 1
0 40
0 40
1 33
1 33
2 29
2 29
2 40
2 40
3 34
3 34
3 42
3 42
4 23
4 23
4 43
4 43
5 15
5 15
5 20
5 20
6 7
6 7
6 48
6 48
7 43
7 43
8 17
8 17
8 49
8 49
9 11
9 11
9 18
9 18
10 19
10 19
10 26
10 26
11 15
11 15
12 14
12 14
12 44
12 44
13 18
13 18
13 30
13 30
14 12
12 36
12 36
16 22
16 22
16 39
16 39
17 31
17 31
19 20
19 20
21 24
21 24
21 41
21 41
22 27
22 27
23 24
23 24
25 29
25 29
25 47
25 47
26 35
26 35
27 31
27 31
28 48
28 48
28 49
28 49
30 33
30 33
32 34
32 34
32 45
32 45
35 45
35 45
36 46
36 46
37 38
37 38
37 42
37 42
38 41
38 41
39 44
39 44
46 47
46 47
