98 98 1379
0
1
2
3
4
5
6
7
8
9
10
11
12
13
14
15
16
17
18
20
21
22
23
24
25
26
27
28
29
30
31
32
33
34
35
36
37
38
39
40
41
42
43
44
45
46
47
49
50
51
52
53
54
55
56
57
58
59
60
61
62
63
64
65
66
67
68
69
70
71
72
73
74
75
76
77
78
79
80
81
82
83
84
85
86
87
88
89
90
91
92
93
94
95
96
97
98
99
0 15
0 82
1 85
1 98
2 67
2 81
3 75
3 87
4 6
4 66
5 62
5 63
6 22
7 18
7 89
8 25
8 71
9 56
9 77
10 20
10 23
11 76
11 90
12 13
12 44
13 38
14 74
14 85
15 34
16 30
16 88
17 28
17 42
18 53
20 23
21 53
21 75
22 47
24 33
24 50
25 61
26 61
26 65
27 29
27 39
28 30
29 34
31 35
31 60
32 38
32 81
33 80
35 76
36 49
36 93
37 91
37 97
39 70
40 42
40 84
41 43
41 91
43 96
44 95
45 71
45 83
46 58
46 99
47 93
49 90
50 87
51 55
51 92
52 56
52 82
54 73
54 78
55 92
57 70
57 88
58 64
59 79
59 86
60 67
62 68
63 83
64 72
65 68
66 94
69 77
69 94
72 95
73 74
78 98
79 99
80 89
84 86
96 97
