100 100 1524
0
1
2
3
4
5
6
7
8
9
10
11
12
13
14
15
16
17
18
19
20
21
22
23
24
25
26
27
28
29
30
31
32
33
34
35
36
37
38
39
40
41
42
43
44
45
46
47
48
49
50
51
52
53
54
55
56
57
58
59
60
61
62
63
64
65
66
67
68
69
70
71
72
73
74
75
76
77
78
79
80
81
82
83
84
85
86
87
88
89
90
91
92
93
94
95
96
97
98
99
0 60
0 90
1 46
1 95
2 88
2 93
3 4
3 22
4 6
5 9
5 27
6 42
7 8
7 87
8 82
9 54
10 96
10 97
11 32
11 99
12 29
12 83
13 24
13 63
14 50
14 81
15 30
15 86
16 90
16 98
17 48
17 61
18 20
18 94
19 27
19 71
20 89
21 65
21 79
22 31
23 38
23 61
24 50
25 31
25 96
26 53
26 59
28 64
28 84
29 45
30 57
32 97
33 37
33 41
34 43
34 75
35 47
35 78
36 44
36 52
37 92
38 67
39 51
39 70
40 69
40 98
41 66
42 89
43 95
44 62
45 71
46 56
47 58
48 74
49 52
49 64
51 76
53 70
54 99
55 86
55 91
56 72
57 74
58 73
59 88
60 94
62 82
63 92
65 68
66 76
67 68
69 80
72 84
73 85
75 77
77 91
78 79
80 87
81 85
83 93
