104 104 993
6
51
99
54
61
53
23
21
55
73
13
27
74
65
69
34
67
4
98
68
95
66
22
72
26
71
43
38
8
48
7
39
42
80
64
16
0
81
70
11
70
41
1
93
39
35
50
92
44
20
12
49
90
59
94
47
17
40
29
46
14
96
83
3
75
77
57
36
82
24
2
91
10
79
88
10
86
28
5
85
97
37
76
33
19
87
18
32
45
62
60
9
52
31
56
89
63
15
30
84
30
58
25
78
6 51
51 99
54 99
54 61
53 61
23 53
21 23
21 55
55 73
13 73
13 27
27 74
65 74
65 69
34 69
34 67
4 67
4 98
68 98
68 95
66 95
22 66
22 72
26 72
26 71
43 71
38 43
8 38
8 48
7 48
7 39
39 42
42 80
64 80
16 64
0 16
0 81
70 81
11 70
11 70
41 70
1 41
1 93
39 93
35 39
35 50
50 92
44 92
20 44
12 20
12 49
49 90
59 90
59 94
47 94
17 47
17 40
29 40
29 46
14 46
14 96
83 96
3 83
3 75
75 77
57 77
36 57
36 82
24 82
2 24
2 91
10 91
10 79
79 88
10 88
10 86
28 86
5 28
5 85
85 97
37 97
37 76
33 76
19 33
19 87
18 87
18 32
32 45
45 62
60 62
9 60
9 52
31 52
31 56
56 89
63 89
15 63
15 30
30 84
30 84
30 58
25 58
25 78
6 78
