53 53 2854
119
17
73
159
38
115
106
25
146
29
61
104
189
2
88
21
87
43
19
49
123
160
46
76
36
54
7
182
26
166
115
38
16
58
82
177
14
80
9
42
8
10
130
12
39
11
153
85
18
180
30
188
6
17 119
17 73
73 159
38 159
38 115
106 115
25 106
25 146
29 146
29 61
61 104
104 189
2 189
2 88
21 88
21 87
43 87
19 43
19 49
49 123
123 160
46 160
46 76
36 76
36 54
7 54
7 182
26 182
26 166
115 166
38 115
16 38
16 58
58 82
82 177
14 177
14 80
9 80
9 42
8 42
8 10
10 130
12 130
12 39
11 39
11 153
85 153
18 85
18 180
30 180
30 188
6 188
6 119
