98 98 1542
0
1
2
3
4
5
6
7
8
9
10
11
12
13
14
15
16
17
18
19
20
21
22
23
24
25
26
27
28
29
30
31
32
33
34
35
36
37
38
39
40
41
42
43
44
45
46
47
48
49
50
51
52
53
54
55
56
57
58
59
60
61
62
63
64
65
66
68
69
70
71
72
73
74
75
76
77
78
79
80
81
82
83
84
86
87
88
89
90
91
92
93
94
95
96
97
98
99
0 14
0 89
1 32
1 38
2 93
2 97
3 47
3 91
4 17
4 68
5 49
5 76
6 16
6 33
7 48
7 55
8 52
8 91
9 39
9 51
10 56
10 63
11 23
11 32
12 30
12 84
13 31
13 62
14 60
15 41
15 95
16 45
17 79
18 20
18 81
19 21
19 99
20 47
21 29
22 56
22 62
23 38
24 57
24 96
25 46
25 94
26 36
26 72
27 48
27 49
28 75
28 86
29 55
30 45
31 73
33 44
34 37
34 44
35 50
35 61
36 53
37 52
39 66
40 80
40 88
41 69
42 61
42 81
43 54
43 74
46 54
50 74
51 90
53 86
57 76
58 83
58 92
59 66
59 93
60 82
63 71
64 72
64 89
65 83
65 92
68 95
69 77
70 84
70 90
71 94
73 80
75 78
77 87
78 97
79 98
82 88
87 96
98 99
