52 52 1830
39
166
9
139
58
179
72
185
188
185
6
190
28
38
165
162
90
184
84
177
148
54
148
194
5
157
151
66
133
40
0
14
41
124
180
186
158
32
182
93
187
12
19
183
67
91
189
4
174
33
36
159
39 166
9 166
9 139
58 139
58 179
72 179
72 185
185 188
185 188
6 185
6 190
28 190
28 38
38 165
162 165
90 162
90 184
84 184
84 177
148 177
54 148
54 148
148 194
5 194
5 157
151 157
66 151
66 133
40 133
0 40
0 14
14 41
41 124
124 180
180 186
158 186
32 158
32 182
93 182
93 187
12 187
12 19
19 183
67 183
67 91
91 189
4 189
4 174
33 174
33 36
36 159
39 159
