88 88 779
0
1
2
3
5
6
8
9
10
11
12
13
14
15
16
17
19
20
21
22
23
25
26
27
28
29
30
31
32
33
34
35
36
37
38
39
40
41
42
43
44
45
46
47
48
49
50
51
52
53
54
55
57
58
60
61
62
63
65
66
67
68
69
71
72
74
75
76
78
79
80
81
82
84
85
86
87
88
89
91
92
93
94
95
96
97
98
99
0 1
0 61
1 99
2 11
2 29
3 15
3 67
5 84
5 97
6 86
6 89
8 49
8 52
9 78
9 96
10 80
10 94
11 16
12 93
12 96
13 47
13 95
14 25
14 85
15 72
16 29
17 38
17 86
19 23
19 39
20 32
20 62
21 65
21 71
22 37
22 41
23 69
25 41
26 68
26 87
27 52
27 67
28 91
28 98
30 44
30 81
31 36
31 76
32 62
33 75
33 97
34 40
34 43
35 54
35 92
36 78
37 85
38 89
39 69
40 79
42 72
42 81
43 57
44 82
45 65
45 71
46 51
46 87
47 53
48 74
48 88
49 58
50 55
50 74
51 68
53 60
54 92
55 88
57 66
58 76
60 95
61 99
63 80
63 94
66 79
75 84
82 93
91 98
