100 100 1052
0
1
2
3
4
5
6
7
8
9
10
11
12
13
14
15
16
17
18
19
20
21
22
23
24
25
26
27
28
29
30
31
32
33
34
35
36
37
38
39
40
41
42
43
44
45
46
47
48
49
50
51
52
53
54
55
56
57
58
59
60
61
62
63
64
65
66
67
68
69
70
71
72
73
74
75
76
77
78
79
80
81
82
83
84
85
86
87
88
89
90
91
92
93
94
95
96
97
98
99
0 46
0 68
1 24
1 99
2 38
2 64
3 34
3 89
4 8
4 12
5 25
5 97
6 62
6 81
7 15
7 48
8 12
9 44
9 84
10 95
10 96
11 32
11 68
13 21
13 82
14 41
14 94
15 72
16 22
16 86
17 39
17 59
18 20
18 30
19 58
19 75
20 83
21 65
22 84
23 54
23 76
24 27
25 51
26 73
26 74
27 80
28 37
28 66
29 95
29 99
30 49
31 49
31 51
32 59
33 57
33 69
34 97
35 42
35 98
36 50
36 89
37 55
38 43
39 90
40 53
40 93
41 44
42 98
43 87
45 70
45 85
46 90
47 56
47 57
48 63
50 58
52 91
52 92
53 93
54 80
55 66
56 67
60 61
60 88
61 82
62 81
63 72
64 76
65 67
69 77
70 86
71 77
71 92
73 74
75 96
78 88
78 91
79 85
79 94
83 87
