78 78 1512
16
66
67
10
61
38
31
20
51
20
76
37
77
24
22
74
39
74
49
82
73
9
13
64
26
98
93
88
54
40
1
59
85
32
8
32
48
96
23
21
86
14
23
21
69
95
63
28
47
33
80
91
89
46
72
36
5
41
62
56
62
41
62
43
58
57
18
44
57
65
45
40
1
0
30
9
73
97
16 66
66 67
10 67
10 61
38 61
31 38
20 31
20 51
20 51
20 76
37 76
37 77
24 77
22 24
22 74
39 74
39 74
49 74
49 82
73 82
9 73
9 13
13 64
26 64
26 98
93 98
88 93
54 88
40 54
1 40
1 59
59 85
32 85
8 32
8 32
32 48
48 96
23 96
21 23
21 86
14 86
14 23
21 23
21 69
69 95
63 95
28 63
28 47
33 47
33 80
80 91
89 91
46 89
46 72
36 72
5 36
5 41
41 62
56 62
56 62
41 62
41 62
43 62
43 58
57 58
18 57
18 44
44 57
57 65
45 65
40 45
1 40
0 1
0 30
9 30
9 73
73 97
16 97
