Error code = 10013
Unable to write to file './output/N100D0.7K5T0P0.5/model.lp'

100 100 920
0
1
2
3
4
5
6
7
8
9
10
11
12
13
14
15
16
17
18
19
20
21
22
23
24
25
26
27
28
29
30
31
32
33
34
35
36
37
38
39
40
41
42
43
44
45
46
47
48
49
50
51
52
53
54
55
56
57
58
59
60
61
62
63
64
65
66
67
68
69
70
71
72
73
74
75
76
77
78
79
80
81
82
83
84
85
86
87
88
89
90
91
92
93
94
95
96
97
98
99
0 14
0 58
1 13
1 48
2 8
2 89
3 70
3 93
4 67
4 86
5 65
5 75
6 19
6 52
7 13
7 83
8 62
9 43
9 82
10 38
10 84
11 65
11 83
12 23
12 78
14 71
15 36
15 47
16 76
16 97
17 41
17 45
18 47
18 64
19 52
20 31
20 33
21 61
21 81
22 51
22 86
23 33
24 69
24 88
25 30
25 41
26 92
26 98
27 37
27 63
28 59
28 77
29 48
29 78
30 74
31 80
32 34
32 60
34 55
35 51
35 95
36 64
37 60
38 46
39 53
39 79
40 49
40 55
42 46
42 79
43 54
44 45
44 72
49 74
50 56
50 96
53 69
54 82
56 96
57 87
57 94
58 71
59 77
61 81
62 89
63 70
66 84
66 92
67 90
68 73
68 93
72 80
73 99
75 95
76 97
85 87
85 88
90 91
91 94
98 99
