Error code = 10013
Unable to write to file './output/N50D0.5K0T0P0.5/model.lp'

50 50 902
0
1
2
3
4
5
6
7
8
9
10
11
12
13
14
15
16
17
18
19
20
21
22
23
24
25
26
27
28
29
30
31
32
33
34
35
36
37
38
39
40
41
42
43
44
45
46
47
48
49
0 10
0 21
1 18
1 32
2 23
2 40
3 39
3 46
4 5
4 10
5 19
6 9
6 16
7 15
7 45
8 20
8 48
9 17
11 33
11 39
12 24
12 44
13 24
13 32
14 29
14 43
15 47
16 34
17 31
18 21
19 36
20 28
22 27
22 44
23 49
25 35
25 45
26 31
26 37
27 34
28 48
29 37
30 40
30 41
33 38
35 46
36 38
41 49
42 43
42 47
