99 99 902
0
1
2
3
4
5
6
7
8
9
10
11
12
13
14
15
16
17
18
19
20
21
22
23
24
25
26
27
28
29
30
31
32
34
35
36
37
38
39
40
41
42
43
44
45
46
47
48
49
50
51
52
53
54
55
56
57
58
59
60
61
62
63
64
65
66
67
68
69
70
71
72
73
74
75
76
77
78
79
80
81
82
83
84
85
86
87
88
89
90
91
92
93
94
95
96
97
98
99
0 72
0 96
1 17
1 22
2 17
2 62
3 55
3 66
4 6
4 21
5 58
5 79
6 40
7 37
7 49
8 26
8 39
9 46
9 85
10 18
10 75
11 41
11 74
12 64
12 90
13 31
13 60
14 34
14 71
15 42
15 45
16 23
16 95
18 19
19 65
20 58
20 68
21 89
22 54
23 32
24 38
24 77
25 32
25 81
26 94
27 86
27 99
28 73
28 80
29 74
29 78
30 59
30 78
31 94
34 48
35 56
35 61
36 66
36 98
37 82
38 69
39 50
40 44
41 43
42 72
43 76
44 83
45 91
46 85
47 52
47 67
48 71
49 82
50 53
51 55
51 91
52 89
53 83
54 62
56 98
57 63
57 87
59 61
60 87
63 88
64 90
65 96
67 92
68 95
69 77
70 93
70 97
73 76
75 84
79 81
80 88
84 92
86 99
93 97
