97 97 1098
0
1
2
3
4
5
6
7
8
9
10
11
12
13
14
15
16
17
18
19
20
21
22
23
24
25
26
27
28
29
30
31
32
33
34
35
36
37
39
40
42
43
44
45
46
47
48
49
50
51
52
53
54
55
56
57
58
59
60
61
62
63
64
65
66
67
68
69
70
71
72
73
74
75
76
77
78
79
80
81
82
83
84
86
87
88
89
90
91
92
93
94
95
96
97
98
99
0 33
0 73
1 33
1 82
2 44
2 89
3 25
3 90
4 32
4 47
5 47
5 87
6 14
6 96
7 28
7 53
8 30
8 71
9 56
9 60
10 19
10 80
11 64
11 89
12 34
12 58
13 27
13 69
14 88
15 17
15 79
16 49
16 63
17 23
18 26
18 58
19 72
20 76
20 84
21 31
21 48
22 49
22 63
23 67
24 72
24 75
25 50
26 65
27 69
28 30
29 92
29 97
31 79
32 87
34 54
35 42
35 71
36 45
36 59
37 82
37 86
39 55
39 93
40 57
40 94
42 83
43 66
43 86
44 48
45 59
46 65
46 78
50 70
51 57
51 61
52 66
52 73
53 84
54 74
55 93
56 92
60 91
61 94
62 68
62 95
64 95
67 83
68 97
70 90
74 99
75 81
76 81
77 88
77 98
78 96
80 91
98 99
