198 198 1995
0
1
2
3
4
5
6
7
8
9
10
11
12
13
14
15
16
17
18
19
20
21
22
23
24
25
26
27
28
29
30
31
32
33
34
35
36
37
38
39
40
41
42
43
44
45
46
47
48
49
50
51
52
53
54
55
56
57
58
59
60
61
62
63
64
65
66
67
68
69
70
71
72
73
74
75
76
77
78
79
80
81
82
83
84
85
86
87
88
89
90
91
92
93
94
95
96
97
98
99
100
101
102
103
104
105
106
107
108
109
110
111
112
113
114
115
116
117
118
119
120
121
122
123
124
125
126
127
128
129
130
131
132
133
134
135
136
137
138
139
140
141
142
144
145
146
147
148
149
150
151
152
153
154
155
156
157
158
159
160
161
162
163
164
165
166
167
168
169
170
171
172
173
174
175
176
177
178
179
180
181
182
183
184
185
186
187
188
189
190
191
192
193
194
195
196
197
199
0 91
0 161
1 89
1 150
2 53
2 118
3 118
3 124
4 29
4 148
5 50
5 153
6 70
6 187
7 117
7 125
8 36
8 39
9 114
9 157
10 94
10 132
11 19
11 58
12 42
12 116
13 68
13 194
14 62
14 134
15 81
15 96
16 84
16 174
17 85
17 152
18 45
18 119
19 31
20 90
20 199
21 122
21 141
22 154
22 181
23 42
23 146
24 46
24 101
25 133
25 191
26 34
26 96
27 29
27 69
28 53
28 162
30 93
30 128
31 80
32 76
32 89
33 110
33 177
34 48
35 149
35 173
36 39
37 63
37 192
38 79
38 135
40 47
40 191
41 64
41 103
43 101
43 126
44 88
44 106
45 115
46 165
47 49
48 59
49 69
50 167
51 80
51 129
52 64
52 117
54 112
54 154
55 120
55 147
56 57
56 142
57 107
58 183
59 102
60 140
60 175
61 110
61 137
62 112
63 93
65 146
65 180
66 133
66 199
67 72
67 95
68 75
70 113
71 77
71 184
72 176
73 92
73 111
74 132
74 163
75 97
76 83
77 181
78 108
78 188
79 168
81 147
82 98
82 125
83 141
84 113
85 120
86 128
86 172
87 105
87 109
88 197
90 92
91 161
94 123
95 195
97 151
98 103
99 115
99 136
100 121
100 124
102 160
104 119
104 196
105 194
106 189
107 116
108 182
109 159
111 137
114 172
121 182
122 150
123 158
126 165
127 139
127 184
129 190
130 148
130 190
131 164
131 180
134 179
135 178
136 173
138 140
138 160
139 164
142 156
144 171
144 176
145 153
145 166
149 193
151 163
152 169
155 157
155 183
156 175
158 170
159 192
162 186
166 178
167 169
168 170
171 185
174 187
177 197
179 196
185 195
186 189
188 193
