92 92 1414
0
1
2
3
4
5
7
8
9
10
11
12
13
14
15
16
17
18
20
21
22
23
24
25
26
28
29
30
31
32
33
34
35
36
37
38
39
40
41
42
43
44
45
46
47
48
49
50
51
52
53
54
56
57
59
60
61
62
63
64
65
66
67
68
69
70
72
73
74
76
77
78
79
80
81
82
83
84
85
86
87
88
89
90
91
92
93
95
96
97
98
99
0 66
0 98
1 21
1 67
2 20
2 26
3 53
3 57
4 9
4 92
5 12
5 73
7 85
7 88
8 34
8 73
9 18
10 46
10 68
11 70
11 72
12 96
13 78
13 99
14 35
14 40
15 41
15 83
16 17
16 52
17 32
18 80
20 36
21 43
22 23
22 61
23 76
24 52
24 63
25 46
25 54
26 51
28 60
28 61
29 39
29 95
30 31
30 96
31 67
32 49
33 47
33 90
34 65
35 95
36 57
37 42
37 77
38 51
38 87
39 48
40 42
41 79
43 65
44 59
44 80
45 59
45 82
47 69
48 97
49 91
50 64
50 72
53 62
54 78
56 64
56 89
60 79
62 74
63 93
66 90
68 89
69 70
74 81
76 82
77 84
81 86
83 92
84 88
85 93
86 87
91 99
97 98
