92 92 1025
0
1
2
3
4
5
7
8
10
11
12
13
14
15
17
18
19
20
21
22
23
24
25
26
27
28
29
30
31
33
34
35
36
37
38
39
40
41
42
43
44
45
46
47
48
49
50
51
52
53
54
55
56
57
58
59
60
61
62
64
65
67
68
69
70
71
72
73
74
75
76
77
78
79
80
81
83
84
86
87
88
89
90
91
92
93
94
95
96
97
98
99
0 88
0 93
1 42
1 84
2 29
2 46
3 37
3 52
4 17
4 28
5 26
5 55
7 35
7 94
8 24
8 80
10 52
10 91
11 49
11 72
12 15
12 91
13 58
13 90
14 30
14 77
15 59
17 27
18 58
18 76
19 43
19 93
20 36
20 77
21 29
21 80
22 50
22 64
23 75
23 97
24 33
25 60
25 75
26 97
27 28
30 41
31 51
31 95
33 54
34 68
34 78
35 78
36 73
37 68
38 40
38 86
39 98
39 99
40 44
41 99
42 87
43 87
44 69
45 65
45 86
46 83
47 53
47 62
48 70
48 79
49 53
50 64
51 95
54 83
55 62
56 76
56 90
57 67
57 74
59 92
60 72
61 81
61 96
65 89
67 74
69 92
70 81
71 89
71 98
73 94
79 96
84 88
