193 193 1892
0
2
3
4
5
6
8
9
10
11
12
13
14
15
16
17
18
19
20
21
22
23
24
25
26
27
28
29
30
31
32
33
34
35
36
37
38
39
40
41
42
43
44
45
46
47
48
49
50
52
53
54
55
56
57
58
59
60
61
62
63
64
65
66
67
68
69
70
72
73
74
75
76
77
78
79
80
81
82
83
85
86
87
88
89
90
91
92
93
94
95
96
97
98
99
100
101
102
103
104
105
106
107
108
109
110
111
112
113
114
115
116
117
118
119
120
121
122
123
124
125
126
127
128
129
130
131
132
133
134
135
136
137
139
140
141
143
144
145
146
147
148
149
150
151
152
153
154
155
156
157
158
159
160
161
162
163
164
165
166
167
168
169
170
171
172
173
174
175
176
177
178
179
180
181
182
183
184
185
186
187
188
189
190
191
192
193
194
195
196
197
198
199
0 28
0 184
2 56
2 101
3 169
3 192
4 65
4 77
5 127
5 131
6 24
6 165
8 78
8 100
9 113
9 153
10 139
10 181
11 64
11 79
12 65
12 185
13 53
13 161
14 72
14 132
15 16
15 196
16 130
17 133
17 194
18 85
18 149
19 41
19 196
20 114
20 119
21 43
21 177
22 38
22 63
23 37
23 46
24 82
25 102
25 130
26 62
26 147
27 47
27 148
28 108
29 81
29 126
30 44
30 146
31 70
31 171
32 93
32 103
33 129
33 155
34 55
34 126
35 53
35 60
36 112
36 154
37 193
38 90
39 166
39 180
40 125
40 191
41 76
42 170
42 195
43 151
44 194
45 135
45 164
46 199
47 148
48 117
48 137
49 154
49 172
50 104
50 174
52 166
52 173
54 176
54 187
55 185
56 159
57 89
57 101
58 63
58 92
59 82
59 167
60 145
61 106
61 175
62 147
64 134
66 102
66 108
67 87
67 143
68 152
68 156
69 80
69 91
70 92
72 97
73 112
73 122
74 146
74 176
75 115
75 162
76 179
77 191
78 175
79 158
80 91
81 174
83 129
83 150
85 183
86 95
86 186
87 188
88 124
88 183
89 159
90 98
93 149
94 107
94 128
95 104
96 110
96 118
97 160
98 182
99 163
99 164
100 151
103 177
105 165
105 189
106 168
107 178
109 123
109 141
110 173
111 192
111 197
113 127
114 156
115 198
116 144
116 162
117 181
118 172
119 132
120 155
120 187
121 145
121 161
122 152
123 158
124 125
128 171
131 178
133 150
134 160
135 179
136 169
136 186
137 167
139 199
140 190
140 193
141 189
143 195
144 190
153 157
157 163
168 188
170 197
180 198
182 184
