100 100 915
0
1
2
3
4
5
6
7
8
9
10
11
12
13
14
15
16
17
18
19
20
21
22
23
24
25
26
27
28
29
30
31
32
33
34
35
36
37
38
39
40
41
42
43
44
45
46
47
48
49
50
51
52
53
54
55
56
57
58
59
60
61
62
63
64
65
66
67
68
69
70
71
72
73
74
75
76
77
78
79
80
81
82
83
84
85
86
87
88
89
90
91
92
93
94
95
96
97
98
99
0 49
0 89
1 71
1 89
2 5
2 60
3 88
3 93
4 62
4 63
5 60
6 19
6 53
7 58
7 65
8 11
8 72
9 50
9 52
10 23
10 92
11 70
12 33
12 80
13 61
13 85
14 46
14 75
15 32
15 43
16 32
16 96
17 45
17 73
18 55
18 56
19 85
20 49
20 90
21 39
21 77
22 74
22 84
23 47
24 76
24 82
25 40
25 57
26 50
26 58
27 78
27 96
28 68
28 77
29 34
29 66
30 38
30 86
31 81
31 91
33 67
34 42
35 61
35 63
36 48
36 95
37 59
37 83
38 75
39 68
40 93
41 42
41 82
43 94
44 59
44 83
45 99
46 80
47 74
48 79
51 64
51 71
52 87
53 57
54 69
54 78
55 98
56 69
62 94
64 92
65 72
66 76
67 98
70 97
73 90
79 95
81 91
84 88
86 99
87 97
