100 100 882
0
1
2
3
4
5
6
7
8
9
10
11
12
13
14
15
16
17
18
19
20
21
22
23
24
25
26
27
28
29
30
31
32
33
34
35
36
37
38
39
40
41
42
43
44
45
46
47
48
49
50
51
52
53
54
55
56
57
58
59
60
61
62
63
64
65
66
67
68
69
70
71
72
73
74
75
76
77
78
79
80
81
82
83
84
85
86
87
88
89
90
91
92
93
94
95
96
97
98
99
0 40
0 62
1 65
1 91
2 15
2 94
3 40
3 48
4 29
4 76
5 64
5 67
6 45
6 71
7 46
7 70
8 13
8 92
9 60
9 87
10 14
10 88
11 39
11 57
12 23
12 32
13 45
14 37
15 29
16 31
16 83
17 18
17 59
18 98
19 26
19 50
20 46
20 88
21 30
21 36
22 54
22 85
23 95
24 53
24 75
25 76
25 79
26 37
27 71
27 95
28 47
28 82
30 36
31 83
32 48
33 66
33 89
34 49
34 52
35 90
35 91
38 64
38 67
39 75
41 73
41 78
42 44
42 66
43 80
43 87
44 86
47 62
49 69
50 70
51 72
51 97
52 90
53 57
54 89
55 68
55 86
56 77
56 93
58 61
58 85
59 74
60 92
61 96
63 68
63 80
65 69
72 99
73 78
74 98
77 81
79 84
81 93
82 96
84 94
97 99
