99 100 1632
0
1
2
3
4
5
6
7
8
9
11
12
13
14
15
16
17
18
19
20
21
22
23
24
25
26
27
28
29
30
31
32
33
34
35
36
37
38
39
40
41
42
43
44
45
46
47
48
49
50
51
52
53
54
55
56
57
58
59
60
61
62
63
64
65
66
67
68
69
70
71
72
73
74
75
76
77
78
79
80
81
82
83
84
85
86
87
88
89
90
91
92
93
94
95
96
97
98
99
0 23
0 38
1 41
1 76
2 39
2 49
3 61
3 82
4 46
4 64
5 71
5 74
6 26
6 97
7 40
7 58
8 67
8 94
9 19
9 55
11 32
11 85
12 47
12 68
13 75
13 87
14 45
14 68
15 85
15 89
16 49
16 79
17 28
17 88
18 81
18 82
19 60
20 53
20 80
21 91
21 98
22 24
22 95
23 31
24 72
25 61
25 96
26 83
27 73
27 80
28 47
29 77
29 88
30 65
30 92
10 31
10 44
32 44
33 59
33 84
34 56
34 94
35 40
35 64
36 54
36 96
37 42
37 78
38 65
39 93
41 84
42 43
43 77
45 62
46 63
48 69
48 74
50 66
50 76
51 70
51 71
52 69
52 86
53 99
54 92
55 56
57 58
57 67
59 87
60 91
62 79
63 73
66 93
70 97
72 99
75 89
78 98
81 83
86 90
90 95
