61 61 999
2
39
24
47
8
19
34
28
4
1
6
30
11
7
3
40
3
35
49
17
41
13
29
13
20
13
43
38
0
42
10
26
25
22
9
22
9
14
18
32
40
3
27
11
23
12
23
48
36
5
31
15
31
33
16
45
21
44
16
37
46
2 39
24 39
24 47
8 47
8 19
19 34
28 34
4 28
1 4
1 6
6 30
11 30
7 11
3 7
3 40
3 40
3 35
35 49
17 49
17 41
13 41
13 29
13 29
13 20
13 20
13 43
38 43
0 38
0 42
10 42
10 26
25 26
22 25
9 22
9 22
9 22
9 14
14 18
18 32
32 40
3 40
3 27
11 27
11 23
12 23
12 23
23 48
36 48
5 36
5 31
15 31
15 31
31 33
16 33
16 45
21 45
21 44
16 44
16 37
37 46
2 46
