95 95 1554
0
1
2
3
4
5
6
7
8
9
10
11
13
14
15
16
17
18
19
20
21
22
23
24
25
26
27
28
29
30
31
32
33
34
35
36
37
38
39
40
41
42
43
44
45
46
47
48
49
51
52
53
54
55
58
59
60
61
62
63
64
65
66
67
68
69
70
71
73
74
75
76
77
78
79
80
81
82
83
84
85
86
87
88
89
90
91
92
93
94
95
96
97
98
99
0 34
0 40
1 3
1 61
2 49
2 66
3 17
4 33
4 82
5 86
5 90
6 32
6 91
7 31
7 44
8 22
8 53
9 25
9 93
10 24
10 42
11 26
11 38
13 68
13 88
14 36
14 85
15 49
15 68
16 53
16 87
17 18
18 40
19 20
19 89
20 67
21 58
21 73
22 64
23 55
23 60
24 65
25 87
26 99
27 69
27 83
28 29
28 43
29 59
30 66
30 75
31 79
32 81
33 60
34 45
35 44
35 94
36 46
37 71
37 84
38 96
39 64
39 82
41 59
41 88
42 74
43 70
45 80
46 98
47 78
47 93
48 51
48 81
51 62
52 67
52 69
54 70
54 77
55 77
58 92
61 73
62 95
63 90
63 97
65 71
74 76
75 96
76 84
78 86
79 94
80 83
85 98
89 92
91 97
95 99
