99 98 908
0
1
2
3
4
5
6
7
8
9
10
11
12
13
14
16
17
18
19
20
21
22
23
24
25
26
27
28
29
30
31
32
33
34
35
36
37
38
39
40
41
42
43
44
45
46
47
48
49
50
51
52
53
54
55
56
57
58
59
60
61
62
63
64
65
66
67
68
69
70
71
72
73
74
75
76
77
78
79
80
81
82
83
84
85
86
87
88
89
90
91
92
93
94
95
96
97
98
99
0 8
0 72
1 2
1 98
2 37
3 56
3 90
4 63
4 65
5 31
5 48
6 44
6 93
7 9
7 49
8 13
9 86
10 38
10 96
11 40
11 85
12 17
12 29
13 75
14 23
14 80
16 31
16 48
17 51
18 74
18 83
19 66
19 67
20 53
20 74
21 34
21 95
22 27
22 50
23 58
24 71
24 77
25 35
25 65
26 57
26 79
27 38
28 54
28 95
29 43
30 43
30 44
32 50
32 56
33 39
33 80
34 93
35 63
36 84
36 92
37 67
39 89
40 62
41 58
41 81
42 46
42 51
45 69
45 82
46 77
47 49
47 86
52 89
52 99
53 94
54 92
55 57
55 97
59 73
59 82
60 69
60 73
61 70
61 84
62 97
64 90
64 91
66 98
70 88
71 87
72 75
76 83
76 94
78 68
79 85
81 99
87 88
91 96
