Error code = 10013
Unable to write to file './output/N50D0.3K5T0P1.0/model.lp'

49 49 1169
0
1
2
3
4
5
6
7
8
9
10
11
12
13
14
15
16
17
18
19
20
21
22
23
24
25
26
28
29
30
31
32
33
34
35
36
37
38
39
40
41
42
43
44
45
46
47
48
49
0 18
0 24
1 8
1 28
2 22
2 46
3 13
3 40
4 14
4 33
5 21
5 31
6 10
6 31
7 8
7 41
9 42
9 47
10 16
11 20
11 48
12 38
12 49
13 15
14 33
15 35
16 25
17 22
17 43
18 37
19 21
19 32
20 48
23 35
23 42
24 45
25 36
26 28
26 41
29 30
29 46
30 34
32 39
34 47
36 38
37 45
39 44
40 49
43 44
