200 200 1307
0
1
2
3
4
5
6
7
8
9
10
11
12
13
14
15
16
17
18
19
20
21
22
23
24
25
26
27
28
29
30
31
32
33
34
35
36
37
38
39
40
41
42
43
44
45
46
47
48
49
50
51
52
53
54
55
56
57
58
59
60
61
62
63
64
65
66
67
68
69
70
71
72
73
74
75
76
77
78
79
80
81
82
83
84
85
86
87
88
89
90
91
92
93
94
95
96
97
98
99
100
101
102
103
104
105
106
107
108
109
110
111
112
113
114
115
116
117
118
119
120
121
122
123
124
125
126
127
128
129
130
131
132
133
134
135
136
137
138
139
140
141
142
143
144
145
146
147
148
149
150
151
152
153
154
155
156
157
158
159
160
161
162
163
164
165
166
167
168
169
170
171
172
173
174
175
176
177
178
179
180
181
182
183
184
185
186
187
188
189
190
191
192
193
194
195
196
197
198
199
0 29
0 93
1 73
1 130
2 54
2 70
3 79
3 136
4 42
4 77
5 149
5 164
6 25
6 98
7 80
7 186
8 67
8 108
9 102
9 152
10 68
10 78
11 50
11 173
12 88
12 184
13 15
13 58
14 20
14 111
15 81
16 20
16 82
17 24
17 140
18 105
18 171
19 162
19 179
21 26
21 176
22 78
22 191
23 56
23 84
24 156
25 163
26 199
27 118
27 185
28 166
28 191
29 184
30 137
30 143
31 167
31 192
32 73
32 130
33 165
33 171
34 139
34 150
35 95
35 138
36 66
36 155
37 99
37 152
38 120
38 122
39 64
39 112
40 109
40 128
41 47
41 151
42 188
43 146
43 177
44 133
44 142
45 131
45 199
46 163
46 168
47 128
48 60
48 112
49 80
49 123
50 173
51 117
51 185
52 70
52 135
53 57
53 183
54 96
55 127
55 165
56 76
57 100
58 169
59 75
59 198
60 141
61 113
61 162
62 161
62 178
63 101
63 194
64 81
65 75
65 155
66 157
67 108
68 166
69 117
69 134
71 74
71 138
72 87
72 118
74 91
76 134
77 116
79 169
82 83
83 187
84 107
85 149
85 164
86 119
86 198
87 100
88 146
89 105
89 137
90 136
90 188
91 197
92 104
92 190
93 132
94 103
94 195
95 175
96 135
97 183
97 194
98 119
99 174
101 174
102 123
103 195
104 120
106 147
106 168
107 161
109 181
110 116
110 156
111 187
113 133
114 154
114 180
115 186
115 196
121 140
121 144
122 190
124 145
124 158
125 141
125 142
126 148
126 170
127 139
129 153
129 160
131 150
132 175
143 177
144 167
145 192
147 179
148 170
151 181
153 160
154 193
157 158
159 172
159 189
172 189
176 178
180 193
182 196
182 197
