263 263 2373
67
54
195
192
135
44
103
174
103
106
193
106
145
106
38
85
146
40
96
7
164
81
164
169
64
91
48
87
120
92
19
20
166
87
120
92
120
158
53
120
87
137
87
86
2
177
131
176
42
176
100
176
6
179
45
159
163
24
27
24
30
167
30
46
133
10
99
98
33
22
69
5
71
56
127
51
127
56
127
51
21
102
76
102
72
104
29
123
9
74
199
74
37
168
196
168
37
58
108
58
118
12
32
12
173
12
32
147
143
32
134
148
28
181
28
130
52
170
90
80
62
88
62
74
139
121
162
8
162
83
29
79
39
79
39
82
197
35
110
35
141
35
14
1
63
1
77
1
144
1
0
160
189
180
111
194
157
140
105
188
101
107
136
107
70
43
132
128
154
128
129
43
163
172
41
152
191
55
191
122
198
17
124
17
178
17
78
117
110
97
22
185
4
84
75
187
183
84
75
84
75
119
175
113
155
126
49
142
60
3
60
73
18
73
182
94
182
31
47
165
153
161
156
161
153
186
112
150
68
50
190
23
15
93
109
125
109
171
149
171
115
171
61
57
89
114
36
13
59
34
138
11
65
11
26
184
160
0
16
151
66
116
25
54 67
54 195
192 195
135 192
44 135
44 103
103 174
103 174
103 106
106 193
106 193
106 145
106 145
38 106
38 85
85 146
40 146
40 96
7 96
7 164
81 164
81 164
164 169
64 169
64 91
48 91
48 87
87 120
92 120
19 92
19 20
20 166
87 166
87 120
92 120
92 120
120 158
53 158
53 120
87 120
87 137
87 137
86 87
2 86
2 177
131 177
131 176
42 176
42 176
100 176
100 176
6 176
6 179
45 179
45 159
159 163
24 163
24 27
24 27
24 30
30 167
30 167
30 46
46 133
10 133
10 99
98 99
33 98
22 33
22 69
5 69
5 71
56 71
56 127
51 127
51 127
56 127
56 127
51 127
21 51
21 102
76 102
76 102
72 102
72 104
29 104
29 123
9 123
9 74
74 199
74 199
37 74
37 168
168 196
168 196
37 168
37 58
58 108
58 108
58 118
12 118
12 32
12 32
12 173
12 173
12 32
32 147
143 147
32 143
32 134
134 148
28 148
28 181
28 181
28 130
52 130
52 170
90 170
80 90
62 80
62 88
62 88
62 74
74 139
121 139
121 162
8 162
8 162
83 162
29 83
29 79
39 79
39 79
39 79
39 82
82 197
35 197
35 110
35 110
35 141
35 141
14 35
1 14
1 63
1 63
1 77
1 77
1 144
1 144
0 1
0 160
160 189
180 189
111 180
111 194
157 194
140 157
105 140
105 188
101 188
101 107
107 136
107 136
70 107
43 70
43 132
128 132
128 154
128 154
128 129
43 129
43 163
163 172
41 172
41 152
152 191
55 191
55 191
122 191
122 198
17 198
17 124
17 124
17 178
17 178
17 78
78 117
110 117
97 110
22 97
22 185
4 185
4 84
75 84
75 187
183 187
84 183
75 84
75 84
75 84
75 119
119 175
113 175
113 155
126 155
49 126
49 142
60 142
3 60
3 60
60 73
18 73
18 73
73 182
94 182
94 182
31 182
31 47
47 165
153 165
153 161
156 161
156 161
153 161
153 186
112 186
112 150
68 150
50 68
50 190
23 190
15 23
15 93
93 109
109 125
109 125
109 171
149 171
149 171
115 171
115 171
61 171
57 61
57 89
89 114
36 114
13 36
13 59
34 59
34 138
11 138
11 65
11 65
11 26
26 184
160 184
0 160
0 16
16 151
66 151
66 116
25 116
25 67
