Error code = 10013
Unable to write to file './output/N100D03K0T1P1/model.lp'

100 100 1486
0
1
2
3
4
5
6
7
8
9
10
11
12
13
14
15
16
17
18
19
20
21
22
23
24
25
26
27
28
29
30
31
32
33
34
35
36
37
38
39
40
41
42
43
44
45
46
47
48
49
50
51
52
53
54
55
56
57
58
59
60
61
62
63
64
65
66
67
68
69
70
71
72
73
74
75
76
77
78
79
80
81
82
83
84
85
86
87
88
89
90
91
92
93
94
95
96
97
98
99
0 3
0 12
1 41
1 46
2 65
2 70
3 44
4 69
4 94
5 36
5 41
6 67
6 98
7 53
7 72
8 33
8 79
9 16
9 45
10 91
10 96
11 28
11 77
12 30
13 18
13 88
14 32
14 34
15 63
15 73
16 36
17 55
17 95
18 80
19 21
19 47
20 30
20 71
21 91
22 42
22 62
23 51
23 75
24 31
24 51
25 39
25 86
26 49
26 73
27 63
27 93
28 58
29 66
29 85
31 61
32 37
33 80
34 97
35 56
35 66
37 38
38 44
39 89
40 72
40 74
42 50
43 76
43 77
45 99
46 57
47 81
48 60
48 93
49 60
50 87
52 92
52 94
53 78
54 78
54 88
55 84
56 92
57 83
58 99
59 86
59 96
61 97
62 65
64 69
64 84
67 95
68 70
68 85
71 83
74 76
75 98
79 82
81 87
82 90
89 90
