66 66 1268
52
82
52
84
65
75
1
91
32
31
46
8
21
10
48
57
81
3
63
99
43
99
59
24
56
53
56
9
47
79
51
78
16
93
12
64
74
28
80
92
80
34
73
41
20
62
39
62
54
60
19
86
19
95
61
42
25
77
30
54
50
40
85
90
17
58
52 82
52 82
52 84
65 84
65 75
1 75
1 91
32 91
31 32
31 46
8 46
8 21
10 21
10 48
48 57
57 81
3 81
3 63
63 99
43 99
43 99
59 99
24 59
24 56
53 56
53 56
9 56
9 47
47 79
51 79
51 78
16 78
16 93
12 93
12 64
64 74
28 74
28 80
80 92
80 92
34 80
34 73
41 73
20 41
20 62
39 62
39 62
54 62
54 60
19 60
19 86
19 86
19 95
61 95
42 61
25 42
25 77
30 77
30 54
50 54
40 50
40 85
85 90
17 90
17 58
52 58
