132 132 1968
16
49
38
0
23
38
65
30
74
30
92
54
45
79
62
45
36
96
25
48
25
5
71
51
70
51
26
83
81
18
6
97
6
82
3
61
24
72
99
72
99
43
42
37
78
47
28
9
28
17
88
17
12
68
14
69
52
86
52
86
90
95
90
99
53
20
60
91
60
19
80
22
80
27
35
64
4
46
63
73
63
55
8
94
8
67
57
58
40
7
58
57
34
56
34
59
87
75
89
15
89
50
66
33
13
1
76
1
41
84
29
85
11
32
44
10
44
10
44
32
44
10
31
10
21
98
77
98
93
39
2
49
16 49
38 49
0 38
0 23
23 38
38 65
30 65
30 74
30 74
30 92
54 92
45 54
45 79
62 79
45 62
36 45
36 96
25 96
25 48
25 48
5 25
5 71
51 71
51 70
51 70
26 51
26 83
81 83
18 81
6 18
6 97
6 97
6 82
3 82
3 61
24 61
24 72
72 99
72 99
72 99
43 99
42 43
37 42
37 78
47 78
28 47
9 28
9 28
17 28
17 88
17 88
12 17
12 68
14 68
14 69
52 69
52 86
52 86
52 86
86 90
90 95
90 95
90 99
53 99
20 53
20 60
60 91
60 91
19 60
19 80
22 80
22 80
27 80
27 35
35 64
4 64
4 46
46 63
63 73
63 73
55 63
8 55
8 94
8 94
8 67
57 67
57 58
40 58
7 40
7 58
57 58
34 57
34 56
34 56
34 59
59 87
75 87
75 89
15 89
15 89
50 89
50 66
33 66
13 33
1 13
1 76
1 76
1 41
41 84
29 84
29 85
11 85
11 32
32 44
10 44
10 44
10 44
10 44
32 44
32 44
10 44
10 31
10 31
10 21
21 98
77 98
77 98
93 98
39 93
2 39
2 49
16 49
