105 105 1073
62
37
8
20
29
95
93
13
4
2
52
90
23
55
44
73
96
60
94
59
64
75
84
91
25
6
87
89
9
76
80
27
30
7
58
36
58
16
47
85
79
21
83
21
28
0
34
70
11
72
31
72
19
54
3
81
26
63
42
17
53
57
15
14
40
14
68
78
61
99
24
5
49
51
82
92
74
88
97
43
67
46
56
12
49
66
32
22
50
10
38
48
35
98
77
39
86
45
69
71
33
18
65
1
41
37 62
8 37
8 20
20 29
29 95
93 95
13 93
4 13
2 4
2 52
52 90
23 90
23 55
44 55
44 73
73 96
60 96
60 94
59 94
59 64
64 75
75 84
84 91
25 91
6 25
6 87
87 89
9 89
9 76
76 80
27 80
27 30
7 30
7 58
36 58
36 58
16 58
16 47
47 85
79 85
21 79
21 83
21 83
21 28
0 28
0 34
34 70
11 70
11 72
31 72
31 72
19 72
19 54
3 54
3 81
26 81
26 63
42 63
17 42
17 53
53 57
15 57
14 15
14 40
14 40
14 68
68 78
61 78
61 99
24 99
5 24
5 49
49 51
51 82
82 92
74 92
74 88
88 97
43 97
43 67
46 67
46 56
12 56
12 49
49 66
32 66
22 32
22 50
10 50
10 38
38 48
35 48
35 98
77 98
39 77
39 86
45 86
45 69
69 71
33 71
18 33
18 65
1 65
1 41
41 62
