97 97 1552
0
1
2
3
4
5
6
7
8
9
10
11
12
13
14
15
16
17
18
19
20
21
22
23
24
25
26
27
28
29
30
31
32
33
34
35
36
37
38
39
40
41
42
43
44
45
46
47
48
49
50
51
52
53
54
56
57
58
59
60
61
62
63
64
65
66
67
68
69
70
72
73
74
75
76
77
78
79
80
81
82
84
85
86
87
88
89
90
91
92
93
94
95
96
97
98
99
0 2
0 43
1 70
1 72
2 31
3 23
3 30
4 21
4 39
5 49
5 92
6 52
6 75
7 10
7 96
8 27
8 51
9 41
9 85
10 94
11 29
11 45
12 78
12 80
13 85
13 93
14 25
14 34
15 54
15 91
16 33
16 65
17 64
17 88
18 50
18 61
19 29
19 87
20 44
20 90
21 48
22 86
22 98
23 77
24 43
24 58
25 63
26 46
26 47
27 42
28 39
28 79
30 56
31 69
32 40
32 66
33 46
34 68
35 54
35 61
36 37
36 92
37 84
38 60
38 68
40 66
41 84
42 59
44 48
45 73
47 93
49 90
50 94
51 57
52 76
53 80
53 99
56 96
57 97
58 62
59 67
60 95
62 88
63 73
64 67
65 98
69 97
70 87
72 95
74 81
74 99
75 76
77 82
78 86
79 81
82 89
89 91
