63 63 1336
21
11
24
68
64
52
32
56
79
83
74
90
20
15
85
31
72
96
38
63
34
5
17
76
65
3
47
3
26
43
7
80
30
98
50
23
88
59
40
59
19
12
94
49
33
6
25
93
29
75
27
57
9
28
81
78
44
54
55
62
39
42
61
11 21
11 24
24 68
64 68
52 64
32 52
32 56
56 79
79 83
74 83
74 90
20 90
15 20
15 85
31 85
31 72
72 96
38 96
38 63
34 63
5 34
5 17
17 76
65 76
3 65
3 47
3 47
3 26
26 43
7 43
7 80
30 80
30 98
50 98
23 50
23 88
59 88
40 59
40 59
19 59
12 19
12 94
49 94
33 49
6 33
6 25
25 93
29 93
29 75
27 75
27 57
9 57
9 28
28 81
78 81
44 78
44 54
54 55
55 62
39 62
39 42
42 61
21 61
