199 199 1294
0
1
2
4
5
6
7
8
9
10
11
12
13
14
15
16
17
18
19
20
21
22
23
24
25
26
27
28
29
30
31
32
33
34
35
36
37
38
39
40
41
42
43
44
45
46
47
48
49
50
51
52
53
54
55
56
57
58
59
60
61
62
63
64
65
66
67
68
69
70
71
72
73
74
75
76
77
78
79
80
81
82
83
84
85
86
87
88
89
90
91
92
93
94
95
96
97
98
99
100
101
102
103
104
105
106
107
108
109
110
111
112
113
114
115
116
117
118
119
120
121
122
123
124
125
126
127
128
129
130
131
132
133
134
135
136
137
138
139
140
141
142
143
144
145
146
147
148
149
150
151
152
153
154
155
156
157
158
159
160
161
162
163
164
165
166
167
168
169
170
171
172
173
174
175
176
177
178
179
180
181
182
183
184
185
186
187
188
189
190
191
192
193
194
195
196
197
198
199
0 56
0 129
1 130
1 162
2 50
2 166
4 146
4 172
5 98
5 129
6 108
6 155
7 119
7 179
8 81
8 121
9 10
9 40
10 118
11 97
11 108
12 30
12 59
13 36
13 112
14 68
14 105
15 34
15 143
16 20
16 197
17 45
17 74
18 58
18 72
19 96
19 169
20 176
21 123
21 174
22 110
22 156
23 78
23 85
24 52
24 123
25 45
25 178
26 62
26 105
27 73
27 77
28 41
28 171
29 59
29 107
30 40
31 53
31 74
32 186
32 192
33 38
33 120
34 195
35 47
35 79
36 51
37 119
37 139
38 185
39 122
39 159
41 167
42 100
42 135
43 161
43 188
44 158
44 182
46 181
46 199
47 149
48 60
48 172
49 71
49 194
50 57
51 106
52 168
53 179
54 92
54 134
55 80
55 197
56 153
57 166
58 180
60 191
61 131
61 190
62 137
63 126
63 132
64 113
64 159
65 99
65 118
66 91
66 152
67 82
67 109
68 160
69 146
69 193
70 77
70 104
71 104
72 138
73 139
75 137
75 157
76 115
76 150
78 96
79 160
80 157
81 158
82 109
83 131
83 173
84 124
84 170
85 175
86 154
86 173
87 111
87 140
88 117
88 140
89 153
89 190
90 103
90 164
91 184
92 191
93 120
93 185
94 184
94 187
95 114
95 183
97 125
98 150
99 124
100 135
101 115
101 177
102 127
102 192
103 164
106 136
107 133
110 145
111 116
112 136
113 169
114 183
116 117
121 128
122 162
125 198
126 130
127 141
128 180
132 144
133 148
134 182
138 193
141 168
142 163
142 170
143 151
144 177
145 194
147 151
147 163
148 195
149 175
152 189
154 156
155 176
161 196
165 178
165 186
167 171
174 198
181 199
187 189
188 196
