96 96 967
0
1
3
4
5
6
7
8
9
10
11
12
13
14
15
16
17
18
20
21
22
23
24
25
26
27
28
29
30
31
32
33
34
35
36
37
38
39
40
41
42
43
44
45
46
47
48
49
50
51
52
53
54
55
56
57
58
59
60
61
62
63
64
65
67
68
69
70
71
72
73
74
75
76
77
78
80
81
82
83
84
85
86
87
88
89
90
91
92
93
94
95
96
97
98
99
0 56
0 81
1 59
1 89
3 20
3 32
4 6
4 18
5 48
5 68
6 18
7 24
7 57
8 30
8 71
9 43
9 78
10 15
10 76
11 53
11 86
12 61
12 90
13 16
13 27
14 30
14 48
15 97
16 68
17 35
17 99
20 55
21 38
21 67
22 28
22 80
23 31
23 45
24 63
25 49
25 90
26 52
26 76
27 57
28 88
29 74
29 77
31 86
32 84
33 40
33 50
34 75
34 96
35 38
36 44
36 83
37 65
37 82
39 61
39 62
40 93
41 43
41 44
42 78
42 84
45 51
46 71
46 91
47 50
47 93
49 72
51 62
52 81
53 55
54 83
54 98
56 58
58 97
59 89
60 73
60 87
63 72
64 65
64 82
67 99
69 70
69 85
70 73
74 88
75 96
77 94
80 94
85 98
87 92
91 95
92 95
