116 116 1233
79
69
52
96
46
96
48
33
71
66
93
70
32
3
9
15
9
19
40
0
40
0
41
98
28
43
0
53
5
74
5
65
37
68
89
55
89
50
90
58
8
62
91
85
30
91
77
73
11
26
25
84
75
64
6
27
47
4
29
86
42
86
42
38
2
97
10
42
56
23
78
17
78
72
35
34
54
63
7
76
51
63
1
36
67
36
21
80
14
88
94
87
57
18
24
18
49
36
83
95
16
61
44
22
13
31
45
59
20
82
39
12
60
99
92
81
69 79
52 69
52 96
46 96
46 96
48 96
33 48
33 71
66 71
66 93
70 93
32 70
3 32
3 9
9 15
9 15
9 19
19 40
0 40
0 40
0 40
0 41
41 98
28 98
28 43
0 43
0 53
5 53
5 74
5 74
5 65
37 65
37 68
68 89
55 89
55 89
50 89
50 90
58 90
8 58
8 62
62 91
85 91
30 85
30 91
77 91
73 77
11 73
11 26
25 26
25 84
75 84
64 75
6 64
6 27
27 47
4 47
4 29
29 86
42 86
42 86
42 86
38 42
2 38
2 97
10 97
10 42
42 56
23 56
23 78
17 78
17 78
72 78
35 72
34 35
34 54
54 63
7 63
7 76
51 76
51 63
1 63
1 36
36 67
36 67
21 36
21 80
14 80
14 88
88 94
87 94
57 87
18 57
18 24
18 24
18 49
36 49
36 83
83 95
16 95
16 61
44 61
22 44
13 22
13 31
31 45
45 59
20 59
20 82
39 82
12 39
12 60
60 99
92 99
81 92
79 81
