100 100 1527
0
1
2
3
4
5
6
7
8
9
10
11
12
13
14
15
16
17
18
19
20
21
22
23
24
25
26
27
28
29
30
31
32
33
34
35
36
37
38
39
40
41
42
43
44
45
46
47
48
49
50
51
52
53
54
55
56
57
58
59
60
61
62
63
64
65
66
67
68
69
70
71
72
73
74
75
76
77
78
79
80
81
82
83
84
85
86
87
88
89
90
91
92
93
94
95
96
97
98
99
0 57
0 79
1 35
1 91
2 90
2 93
3 72
3 86
4 66
4 87
5 44
5 95
6 22
6 88
7 32
7 45
8 28
8 77
9 29
9 85
10 15
10 79
11 72
11 89
12 17
12 82
13 41
13 54
14 16
14 43
15 39
16 44
17 47
18 38
18 65
19 50
19 96
20 22
20 53
21 52
21 78
23 41
23 55
24 74
24 81
25 66
25 76
26 58
26 87
27 30
27 99
28 76
29 91
30 67
31 67
31 97
32 57
33 82
33 84
34 56
34 78
35 70
36 40
36 68
37 80
37 90
38 99
39 98
40 53
42 70
42 81
43 75
45 85
46 48
46 63
47 68
48 83
49 61
49 62
50 86
51 62
51 83
52 89
54 75
55 93
56 71
58 94
59 64
59 94
60 71
60 95
61 73
63 88
64 73
65 69
69 92
74 92
77 97
80 84
96 98
