100 100 980
0
1
2
3
4
5
6
7
8
9
10
11
12
13
14
15
16
17
18
19
20
21
22
23
24
25
26
27
28
29
30
31
32
33
34
35
36
37
38
39
40
41
42
43
44
45
46
47
48
49
50
51
52
53
54
55
56
57
58
59
60
61
62
63
64
65
66
67
68
69
70
71
72
73
74
75
76
77
78
79
80
81
82
83
84
85
86
87
88
89
90
91
92
93
94
95
96
97
98
99
0 31
0 91
1 16
1 99
2 46
2 47
3 5
3 94
4 19
4 61
5 71
6 19
6 25
7 58
7 72
8 29
8 64
9 31
9 32
10 50
10 81
11 49
11 68
12 78
12 92
13 17
13 59
14 15
14 67
15 34
16 90
17 79
18 69
18 97
20 27
20 76
21 55
21 84
22 36
22 42
23 24
23 98
24 27
25 51
26 91
26 93
28 40
28 73
29 42
30 34
30 41
32 81
33 47
33 74
35 90
35 98
36 82
37 43
37 50
38 56
38 86
39 51
39 96
40 44
41 72
43 88
44 59
45 66
45 74
46 83
48 54
48 67
49 83
52 65
52 87
53 57
53 93
54 61
55 62
56 70
57 63
58 94
60 78
60 86
62 77
63 95
64 68
65 77
66 76
69 75
70 71
73 85
75 85
79 87
80 88
80 89
82 97
84 89
92 95
96 99
