198 198 1193
0
1
2
3
4
5
6
7
8
9
10
11
12
13
14
15
16
17
18
19
20
21
22
23
24
25
26
27
28
29
30
31
32
33
34
35
36
37
38
39
40
41
42
43
44
45
46
47
48
49
50
51
52
53
54
55
56
57
59
60
61
62
63
64
65
66
67
68
69
70
71
72
73
74
75
76
77
78
79
80
81
82
83
84
85
86
87
88
89
90
91
92
93
94
95
96
97
98
99
100
101
102
103
104
105
106
107
108
109
110
111
112
113
114
115
116
117
118
119
120
121
122
123
124
125
126
127
128
129
130
131
132
133
134
135
136
137
138
139
140
141
142
143
144
145
146
147
148
149
150
151
152
153
154
155
156
157
159
160
161
162
163
164
165
166
167
168
169
170
171
172
173
174
175
176
177
178
179
180
181
182
183
184
185
186
187
188
189
190
191
192
193
194
195
196
197
198
199
0 67
0 137
1 39
1 164
2 119
2 170
3 63
3 126
4 44
4 56
5 140
5 183
6 68
6 108
7 134
7 182
8 61
8 174
9 127
9 169
10 115
10 135
11 54
11 106
12 21
12 160
13 69
13 176
14 186
14 189
15 37
15 168
16 83
16 136
17 23
17 150
18 184
18 189
19 46
19 101
20 91
20 120
21 41
22 117
22 133
23 97
24 26
24 148
25 90
25 161
26 153
27 31
27 137
28 79
28 132
29 101
29 139
30 117
30 166
31 99
32 147
32 167
33 51
33 110
34 72
34 148
35 138
35 151
36 38
36 141
37 129
38 141
39 105
40 86
40 116
41 172
42 74
42 193
43 109
43 177
44 155
45 57
45 128
46 104
47 143
47 185
48 125
48 185
49 192
49 196
50 73
50 156
51 110
52 76
52 159
53 80
53 165
54 178
55 152
55 183
56 112
57 85
59 125
59 191
60 142
60 154
61 174
62 65
62 157
63 130
64 143
64 144
65 86
66 95
66 152
67 107
68 108
69 177
70 90
70 163
71 75
71 118
72 95
73 84
74 105
75 194
76 199
77 88
77 197
78 81
78 106
79 193
80 111
81 173
82 102
82 179
83 164
84 94
85 198
87 92
87 190
88 123
89 97
89 150
91 120
92 104
93 133
93 156
94 103
96 147
96 153
98 129
98 168
99 139
100 172
100 173
102 195
103 124
107 162
109 176
111 116
112 122
113 175
113 181
114 161
114 167
115 135
118 194
119 170
121 145
121 165
122 123
124 126
127 169
128 196
130 140
131 146
131 184
132 136
134 145
138 197
142 192
144 163
146 191
149 187
149 190
151 195
154 155
157 180
159 175
160 188
162 178
166 186
171 180
171 182
179 198
181 199
187 188
