100 100 885
0
1
2
3
4
5
6
7
8
9
10
11
12
13
14
15
16
17
18
19
20
21
22
23
24
25
26
27
28
29
30
31
32
33
34
35
36
37
38
39
40
41
42
43
44
45
46
47
48
49
50
51
52
53
54
55
56
57
58
59
60
61
62
63
64
65
66
67
68
69
70
71
72
73
74
75
76
77
78
79
80
81
82
83
84
85
86
87
88
89
90
91
92
93
94
95
96
97
98
99
0 1
0 15
1 78
2 8
2 63
3 90
3 94
4 32
4 36
5 43
5 44
6 34
6 70
7 18
7 72
8 29
9 23
9 79
10 20
10 33
11 56
11 84
12 51
12 55
13 67
13 95
14 83
14 98
15 61
16 67
16 68
17 69
17 86
18 92
19 85
19 94
20 93
21 42
21 56
22 80
22 99
23 79
24 50
24 87
25 26
25 60
26 70
27 45
27 66
28 73
28 75
29 63
30 36
30 97
31 38
31 68
32 71
33 47
34 54
35 76
35 85
37 48
37 65
38 57
39 41
39 96
40 58
40 69
41 43
42 87
44 96
45 88
46 49
46 89
47 80
48 91
49 53
50 84
51 52
52 55
53 90
54 95
57 60
58 86
59 77
59 93
61 81
62 91
62 97
64 74
64 75
65 71
66 88
72 82
73 74
76 82
77 99
78 81
83 98
89 92
