57 57 1143
84
40
62
40
31
33
99
23
1
10
60
8
61
12
76
26
87
95
35
38
4
3
4
81
18
90
75
20
66
36
48
36
78
64
63
86
0
51
46
13
28
88
67
93
92
58
85
39
54
65
25
44
9
71
47
7
83
40 84
40 62
40 62
31 40
31 33
33 99
23 99
1 23
1 10
10 60
8 60
8 61
12 61
12 76
26 76
26 87
87 95
35 95
35 38
4 38
3 4
3 4
4 81
18 81
18 90
75 90
20 75
20 66
36 66
36 48
36 48
36 78
64 78
63 64
63 86
0 86
0 51
46 51
13 46
13 28
28 88
67 88
67 93
92 93
58 92
58 85
39 85
39 54
54 65
25 65
25 44
9 44
9 71
47 71
7 47
7 83
83 84
