224 224 1779
14
164
174
153
116
141
98
20
111
45
41
77
1
77
1
77
122
156
39
155
140
70
9
162
9
91
130
183
75
35
0
36
29
173
29
114
82
120
59
11
129
69
102
197
199
55
13
107
13
25
147
115
133
143
57
52
151
52
83
92
180
68
34
144
42
144
74
95
196
87
60
161
30
145
66
27
168
94
189
5
165
167
23
195
179
148
100
3
56
37
88
64
185
176
185
119
166
105
132
105
158
105
158
106
7
139
154
103
157
81
7
135
99
160
99
71
19
121
126
58
149
85
177
194
15
127
113
33
4
142
33
90
118
101
47
84
136
47
137
22
178
38
175
67
61
150
80
198
96
170
96
50
163
97
48
73
72
73
182
73
93
28
86
134
125
123
24
46
128
169
49
152
2
188
78
192
117
31
54
31
186
138
171
65
51
89
43
124
186
26
190
17
6
76
184
131
104
63
40
8
181
159
10
109
110
146
16
193
53
112
187
191
108
12
108
32
172
18
44
79
172
21
141
62
14 164
164 174
153 174
116 153
116 141
98 141
20 98
20 111
45 111
41 45
41 77
1 77
1 77
1 77
1 77
77 122
122 156
39 156
39 155
140 155
70 140
9 70
9 162
9 162
9 91
91 130
130 183
75 183
35 75
0 35
0 36
29 36
29 173
29 173
29 114
82 114
82 120
59 120
11 59
11 129
69 129
69 102
102 197
197 199
55 199
13 55
13 107
13 107
13 25
25 147
115 147
115 133
133 143
57 143
52 57
52 151
52 151
52 83
83 92
92 180
68 180
34 68
34 144
42 144
42 144
74 144
74 95
95 196
87 196
60 87
60 161
30 161
30 145
66 145
27 66
27 168
94 168
94 189
5 189
5 165
165 167
23 167
23 195
179 195
148 179
100 148
3 100
3 56
37 56
37 88
64 88
64 185
176 185
176 185
119 185
119 166
105 166
105 132
105 132
105 158
105 158
105 158
106 158
7 106
7 139
139 154
103 154
103 157
81 157
7 81
7 135
99 135
99 160
99 160
71 99
19 71
19 121
121 126
58 126
58 149
85 149
85 177
177 194
15 194
15 127
113 127
33 113
4 33
4 142
33 142
33 90
90 118
101 118
47 101
47 84
84 136
47 136
47 137
22 137
22 178
38 178
38 175
67 175
61 67
61 150
80 150
80 198
96 198
96 170
96 170
50 96
50 163
97 163
48 97
48 73
72 73
72 73
73 182
73 182
73 93
28 93
28 86
86 134
125 134
123 125
24 123
24 46
46 128
128 169
49 169
49 152
2 152
2 188
78 188
78 192
117 192
31 117
31 54
31 54
31 186
138 186
138 171
65 171
51 65
51 89
43 89
43 124
124 186
26 186
26 190
17 190
6 17
6 76
76 184
131 184
104 131
63 104
40 63
8 40
8 181
159 181
10 159
10 109
109 110
110 146
16 146
16 193
53 193
53 112
112 187
187 191
108 191
12 108
12 108
32 108
32 172
18 172
18 44
44 79
79 172
21 172
21 141
62 141
14 62
