99 99 1448
0
1
2
3
4
5
6
7
8
9
10
11
12
13
14
15
16
17
18
19
20
21
22
23
24
25
26
27
28
29
30
31
32
33
34
35
36
37
38
39
40
41
42
43
44
45
46
47
48
49
50
51
52
53
54
55
56
57
58
59
60
61
62
63
64
65
67
68
69
70
71
72
73
74
75
76
77
78
79
80
81
82
83
84
85
86
87
88
89
90
91
92
93
94
95
96
97
98
99
0 33
0 52
1 5
1 68
2 20
2 85
3 60
3 78
4 26
4 34
5 91
6 15
6 92
7 57
7 71
8 43
8 89
9 70
9 84
10 52
10 61
11 79
11 87
12 17
12 85
13 50
13 51
14 41
14 76
15 73
16 27
16 98
17 43
18 41
18 93
19 28
19 70
20 48
21 54
21 57
22 69
22 92
23 24
23 38
24 72
25 39
25 81
26 71
27 45
28 95
29 35
29 54
30 82
30 93
31 91
31 94
32 34
32 63
33 72
35 59
36 44
36 56
37 58
37 76
38 98
39 83
40 77
40 94
42 69
42 84
44 73
45 87
46 62
46 82
47 78
47 97
48 90
49 67
49 96
50 53
51 56
53 55
55 68
58 62
59 99
60 81
61 64
63 96
64 75
65 74
65 80
67 77
74 86
75 79
80 99
83 88
86 95
88 90
89 97
