232 232 1722
158
132
124
165
126
106
124
106
138
69
138
71
78
25
70
143
100
59
183
107
47
68
47
68
43
122
117
141
146
54
28
97
110
196
1
164
128
187
181
57
51
72
90
40
90
45
115
125
152
102
194
96
75
41
118
109
63
80
37
17
37
87
26
50
74
27
149
171
191
15
83
42
114
168
114
4
24
114
42
114
161
195
178
195
133
111
0
151
159
13
7
34
101
175
147
56
163
35
92
120
92
35
156
48
77
157
131
66
145
3
12
199
12
79
119
32
177
94
39
173
166
81
16
104
193
148
146
136
93
91
113
36
60
108
5
61
46
38
67
58
140
129
172
189
164
189
176
18
188
182
109
96
99
6
144
44
144
160
142
20
98
89
116
31
23
95
2
137
179
170
169
85
33
155
150
112
8
123
180
49
154
127
84
29
153
9
135
86
82
86
180
73
134
21
76
192
65
192
103
167
55
62
174
105
174
190
121
184
197
185
139
185
52
19
52
78
130
162
30
64
10
53
186
11
14
22
14
88
198
124
106
124
132 158
124 132
124 165
126 165
106 126
106 124
106 124
106 138
69 138
69 138
71 138
71 78
25 78
25 70
70 143
100 143
59 100
59 183
107 183
47 107
47 68
47 68
47 68
43 68
43 122
117 122
117 141
141 146
54 146
28 54
28 97
97 110
110 196
1 196
1 164
128 164
128 187
181 187
57 181
51 57
51 72
72 90
40 90
40 90
45 90
45 115
115 125
125 152
102 152
102 194
96 194
75 96
41 75
41 118
109 118
63 109
63 80
37 80
17 37
17 37
37 87
26 87
26 50
50 74
27 74
27 149
149 171
171 191
15 191
15 83
42 83
42 114
114 168
114 168
4 114
4 24
24 114
42 114
42 114
114 161
161 195
178 195
178 195
133 195
111 133
0 111
0 151
151 159
13 159
7 13
7 34
34 101
101 175
147 175
56 147
56 163
35 163
35 92
92 120
92 120
35 92
35 156
48 156
48 77
77 157
131 157
66 131
66 145
3 145
3 12
12 199
12 199
12 79
79 119
32 119
32 177
94 177
39 94
39 173
166 173
81 166
16 81
16 104
104 193
148 193
146 148
136 146
93 136
91 93
91 113
36 113
36 60
60 108
5 108
5 61
46 61
38 46
38 67
58 67
58 140
129 140
129 172
172 189
164 189
164 189
176 189
18 176
18 188
182 188
109 182
96 109
96 99
6 99
6 144
44 144
44 144
144 160
142 160
20 142
20 98
89 98
89 116
31 116
23 31
23 95
2 95
2 137
137 179
170 179
169 170
85 169
33 85
33 155
150 155
112 150
8 112
8 123
123 180
49 180
49 154
127 154
84 127
29 84
29 153
9 153
9 135
86 135
82 86
82 86
86 180
73 180
73 134
21 134
21 76
76 192
65 192
65 192
103 192
103 167
55 167
55 62
62 174
105 174
105 174
174 190
121 190
121 184
184 197
185 197
139 185
139 185
52 185
19 52
19 52
52 78
78 130
130 162
30 162
30 64
10 64
10 53
53 186
11 186
11 14
14 22
14 22
14 88
88 198
124 198
106 124
106 124
124 158
