172 172 1924
0
1
2
3
4
5
6
7
8
9
10
12
13
14
15
16
17
18
19
20
21
22
24
25
26
28
29
30
31
32
34
35
36
37
38
39
40
41
42
43
44
45
46
47
48
49
50
52
53
54
55
56
57
58
59
60
61
62
63
64
65
66
67
68
69
71
73
74
77
78
79
80
82
84
85
86
87
88
89
90
91
92
93
94
95
96
97
98
99
100
101
102
104
105
106
109
110
111
112
114
115
117
119
121
122
123
124
126
127
128
129
130
131
132
133
134
135
136
138
139
140
141
142
143
144
145
146
147
149
151
152
153
154
155
157
159
160
162
163
164
165
166
167
168
169
170
171
172
173
175
176
178
179
180
181
182
183
184
185
186
187
189
190
191
192
193
194
195
196
197
198
199
0 100
0 157
1 73
1 171
2 29
2 193
3 18
3 47
4 133
4 134
5 34
5 121
6 131
6 166
7 12
7 36
8 119
8 193
9 45
9 97
10 173
10 178
12 16
13 62
13 82
14 37
14 170
15 29
15 164
16 94
17 162
17 189
18 88
19 40
19 106
20 55
20 179
21 69
21 153
22 39
22 169
24 56
24 78
25 110
25 115
26 73
26 121
28 63
28 167
30 64
30 198
31 105
31 182
32 86
32 142
34 176
35 42
35 155
36 87
37 182
38 97
38 159
39 119
40 195
41 57
41 194
42 54
43 111
43 138
44 143
44 160
45 68
46 124
46 128
47 66
48 98
48 197
49 63
49 71
50 61
50 122
52 100
52 183
53 181
53 191
54 163
55 147
56 170
57 131
58 123
58 173
59 77
59 155
60 180
60 199
61 136
62 104
64 141
65 94
65 132
66 130
67 77
67 195
68 184
69 112
71 168
74 92
74 199
78 160
79 146
79 151
80 84
80 132
82 185
84 196
85 123
85 165
86 129
87 117
88 181
89 115
89 151
90 138
90 157
91 104
91 176
92 175
93 124
93 192
95 162
95 186
96 136
96 145
98 172
99 114
99 168
101 144
101 191
102 106
102 190
105 187
109 165
109 190
110 111
112 130
114 126
117 139
122 186
126 140
127 140
127 169
128 198
129 154
133 164
134 166
135 154
135 194
139 178
141 189
142 180
143 184
144 185
145 159
146 172
147 175
149 153
149 183
152 179
152 187
163 197
167 196
171 192
