50 106 841
0
1
2
3
4
5
6
7
8
9
10
11
12
13
14
15
16
17
18
19
20
21
22
23
24
25
26
27
28
29
30
31
32
33
34
35
36
37
38
39
40
41
42
43
44
45
46
47
48
49
0 1
0 1
0 29
0 29
1 24
1 24
2 13
2 13
2 41
2 41
3 43
43 6
43 6
3 43
3 43
4 9
4 9
4 25
4 25
5 26
5 26
5 31
5 31
6 18
6 18
7 12
7 12
7 22
7 22
8 22
8 22
8 30
8 30
9 0
0 29
0 29
10 33
10 33
10 40
10 40
11 20
11 20
11 35
11 35
12 28
12 28
13 2
2 19
2 19
14 27
14 27
14 31
14 31
15 34
15 34
15 44
15 44
16 24
16 24
16 33
16 33
17 46
17 46
17 47
17 47
18 38
18 38
19 17
17 46
17 46
20 49
20 49
21 32
21 32
21 34
21 34
23 42
23 42
23 45
23 45
25 41
25 41
26 32
26 32
27 39
27 39
28 42
28 42
30 17
17 47
17 47
35 36
35 36
36 32
32 44
32 44
37 38
37 38
37 49
37 49
39 48
39 48
40 48
40 48
43 45
43 45
