100 140 5276
0
1
2
3
4
5
6
7
8
9
10
11
12
13
14
15
16
17
18
19
20
21
22
23
24
25
26
27
28
29
30
31
32
33
34
35
36
37
38
39
40
41
42
43
44
45
46
47
48
49
50
51
52
53
54
55
56
57
58
59
60
61
62
63
64
65
66
67
68
69
70
71
72
73
74
75
76
77
78
79
80
81
82
83
84
85
86
87
88
89
90
91
92
93
94
95
96
97
98
99
0 34
0 63
0 98
1 26
1 55
1 76
2 6
2 35
2 36
2 67
3 45
3 60
3 80
3 81
4 52
4 88
5 19
5 64
6 65
6 67
6 69
6 92
7 60
7 70
8 14
8 21
9 2
9 50
10 15
10 87
11 44
11 50
11 88
12 34
12 49
13 53
13 95
14 34
15 11
15 23
15 36
15 65
16 22
16 68
17 6
18 87
18 99
19 70
20 42
20 78
21 22
21 49
21 52
22 66
22 67
22 70
22 80
22 95
23 73
24 27
24 42
25 82
25 83
27 38
27 53
27 78
28 15
28 94
29 41
29 94
30 45
30 65
31 41
31 75
32 91
33 2
33 66
34 26
35 21
36 22
36 59
36 79
37 11
38 91
39 3
39 40
40 85
43 73
44 80
46 81
46 83
47 36
47 57
48 68
48 70
48 84
49 71
49 82
50 93
51 96
54 36
55 61
56 63
56 90
57 97
58 70
58 77
59 73
62 85
62 94
64 96
65 75
66 86
67 61
67 81
67 86
70 1
70 73
70 76
72 82
72 92
73 43
73 69
74 3
74 84
75 21
75 50
75 88
75 97
77 66
79 48
80 17
81 99
82 93
86 32
86 98
88 51
89 0
89 90
94 71
