231 231 1710
113
42
79
127
12
80
184
80
184
180
15
105
16
135
149
135
88
122
96
157
96
176
33
165
100
179
43
35
173
162
131
36
0
17
118
82
186
84
51
145
191
49
197
25
24
187
24
153
2
153
58
92
86
73
7
144
193
28
141
126
57
53
57
60
117
138
164
26
29
47
136
138
159
54
10
46
124
168
137
40
114
94
90
142
22
9
130
90
104
90
61
75
148
119
158
98
85
134
19
134
19
68
34
139
20
166
72
1
170
178
195
3
91
70
76
37
156
1
44
111
52
14
52
102
83
18
83
59
55
151
99
78
99
152
59
71
169
121
125
107
125
13
116
199
13
172
50
38
48
41
21
45
97
177
194
106
95
74
140
171
65
23
32
175
56
163
150
198
77
185
93
87
182
81
74
106
64
48
196
112
62
129
146
128
146
129
101
188
69
190
181
190
31
169
161
110
147
30
8
6
8
30
63
66
5
155
103
67
4
63
174
115
189
115
133
192
120
27
109
11
160
108
160
123
132
154
183
167
131
39
89
42 113
42 79
79 127
12 127
12 80
80 184
80 184
80 184
180 184
15 180
15 105
16 105
16 135
135 149
135 149
88 135
88 122
96 122
96 157
96 157
96 176
33 176
33 165
100 165
100 179
43 179
35 43
35 173
162 173
131 162
36 131
0 36
0 17
17 118
82 118
82 186
84 186
51 84
51 145
145 191
49 191
49 197
25 197
24 25
24 187
24 187
24 153
2 153
2 153
58 153
58 92
86 92
73 86
7 73
7 144
144 193
28 193
28 141
126 141
57 126
53 57
53 57
57 60
60 117
117 138
138 164
26 164
26 29
29 47
47 136
136 138
138 159
54 159
10 54
10 46
46 124
124 168
137 168
40 137
40 114
94 114
90 94
90 142
22 142
9 22
9 130
90 130
90 104
90 104
61 90
61 75
75 148
119 148
119 158
98 158
85 98
85 134
19 134
19 134
19 134
19 68
34 68
34 139
20 139
20 166
72 166
1 72
1 170
170 178
178 195
3 195
3 91
70 91
70 76
37 76
37 156
1 156
1 44
44 111
52 111
14 52
14 52
52 102
83 102
18 83
18 83
59 83
55 59
55 151
99 151
78 99
78 99
99 152
59 152
59 71
71 169
121 169
121 125
107 125
107 125
13 125
13 116
116 199
13 199
13 172
50 172
38 50
38 48
41 48
21 41
21 45
45 97
97 177
177 194
106 194
95 106
74 95
74 140
140 171
65 171
23 65
23 32
32 175
56 175
56 163
150 163
150 198
77 198
77 185
93 185
87 93
87 182
81 182
74 81
74 106
64 106
48 64
48 196
112 196
62 112
62 129
129 146
128 146
128 146
129 146
101 129
101 188
69 188
69 190
181 190
181 190
31 190
31 169
161 169
110 161
110 147
30 147
8 30
6 8
6 8
8 30
30 63
63 66
5 66
5 155
103 155
67 103
4 67
4 63
63 174
115 174
115 189
115 189
115 133
133 192
120 192
27 120
27 109
11 109
11 160
108 160
108 160
123 160
123 132
132 154
154 183
167 183
131 167
39 131
39 89
89 113
