60 60 878
16
5
12
7
12
42
6
22
4
0
39
28
20
13
34
15
34
10
11
36
26
10
32
43
32
24
44
37
10
11
3
23
2
14
27
25
33
48
45
29
41
25
46
40
18
31
18
30
47
30
19
8
1
19
9
49
17
21
38
35
5 16
5 12
7 12
7 12
12 42
6 42
6 22
4 22
0 4
0 39
28 39
20 28
13 20
13 34
15 34
15 34
10 34
10 11
11 36
26 36
10 26
10 32
32 43
32 43
24 32
24 44
37 44
10 37
10 11
3 11
3 23
2 23
2 14
14 27
25 27
25 33
33 48
45 48
29 45
29 41
25 41
25 46
40 46
18 40
18 31
18 31
18 30
30 47
30 47
19 30
8 19
1 8
1 19
9 19
9 49
17 49
17 21
21 38
35 38
16 35
