91 91 1390
0
1
2
3
4
5
6
7
8
9
11
12
13
14
15
16
17
18
19
21
22
23
24
25
26
27
28
29
30
31
32
33
34
35
36
38
39
40
41
42
43
44
45
46
47
48
49
51
53
54
55
56
57
58
59
60
61
62
63
64
65
66
67
69
70
72
73
74
75
76
77
78
79
80
81
82
83
84
86
87
88
89
90
91
92
93
95
96
97
98
99
0 24
0 26
1 81
1 95
2 56
2 63
3 80
3 83
4 21
4 73
5 40
5 77
6 42
6 98
7 17
7 49
8 23
8 39
9 42
9 60
11 57
11 64
12 32
12 91
13 16
13 33
14 57
14 90
15 22
15 36
16 65
17 79
18 88
18 93
19 58
19 92
21 28
22 29
23 41
24 97
25 26
25 48
27 31
27 77
28 78
29 96
30 44
30 76
31 87
32 60
33 63
34 54
34 99
35 78
35 89
36 98
38 40
38 64
39 58
41 59
43 45
43 66
44 96
45 53
46 61
46 72
47 72
47 76
48 93
49 51
51 79
53 92
54 84
55 62
55 67
56 70
59 65
61 86
62 67
66 99
69 80
69 83
70 75
73 87
74 91
74 97
75 84
81 89
82 90
82 95
86 88
