107 107 919
82
11
0
45
98
9
85
48
10
76
91
17
91
4
55
56
74
75
7
75
95
50
31
87
52
47
78
80
23
70
24
44
57
73
46
1
36
79
53
62
18
49
96
19
26
32
68
84
59
25
29
92
29
12
83
81
35
66
8
14
15
97
15
21
88
16
34
16
13
37
60
90
61
41
38
51
63
94
27
67
6
43
99
93
65
86
65
3
64
40
28
71
58
22
77
30
61
33
89
20
42
54
69
2
39
5
72
11 82
0 11
0 45
45 98
9 98
9 85
48 85
10 48
10 76
76 91
17 91
17 91
4 91
4 55
55 56
56 74
74 75
7 75
7 75
75 95
50 95
31 50
31 87
52 87
47 52
47 78
78 80
23 80
23 70
24 70
24 44
44 57
57 73
46 73
1 46
1 36
36 79
53 79
53 62
18 62
18 49
49 96
19 96
19 26
26 32
32 68
68 84
59 84
25 59
25 29
29 92
29 92
12 29
12 83
81 83
35 81
35 66
8 66
8 14
14 15
15 97
15 97
15 21
21 88
16 88
16 34
16 34
13 16
13 37
37 60
60 90
61 90
41 61
38 41
38 51
51 63
63 94
27 94
27 67
6 67
6 43
43 99
93 99
65 93
65 86
65 86
3 65
3 64
40 64
28 40
28 71
58 71
22 58
22 77
30 77
30 61
33 61
33 89
20 89
20 42
42 54
54 69
2 69
2 39
5 39
5 72
72 82
