65 65 1391
3
89
64
16
28
83
13
55
58
87
50
68
45
44
49
12
38
93
38
37
1
95
42
39
22
82
52
82
36
1
95
42
18
71
46
54
27
6
33
63
65
30
59
30
57
86
15
67
0
43
29
19
69
66
40
26
75
61
34
77
74
98
89
3
90
3 89
64 89
16 64
16 28
28 83
13 83
13 55
55 58
58 87
50 87
50 68
45 68
44 45
44 49
12 49
12 38
38 93
38 93
37 38
1 37
1 95
42 95
39 42
22 39
22 82
52 82
52 82
36 82
1 36
1 95
42 95
18 42
18 71
46 71
46 54
27 54
6 27
6 33
33 63
63 65
30 65
30 59
30 59
30 57
57 86
15 86
15 67
0 67
0 43
29 43
19 29
19 69
66 69
40 66
26 40
26 75
61 75
34 61
34 77
74 77
74 98
89 98
3 89
3 90
3 90
