199 199 10537
0
1
2
3
4
5
6
7
8
9
10
11
12
13
14
15
16
17
18
19
20
21
22
23
24
25
26
27
28
29
30
31
32
33
34
35
36
37
38
39
40
41
42
43
44
45
46
47
48
49
50
51
52
53
54
55
56
57
58
59
60
61
62
63
64
65
66
67
68
69
70
71
72
73
74
75
76
77
78
79
80
81
82
83
84
85
86
87
88
89
90
91
92
93
94
95
96
97
98
99
100
101
102
103
104
105
106
107
108
109
110
111
112
113
114
115
116
117
118
119
120
121
122
123
124
125
126
127
128
129
130
131
132
133
134
135
136
137
138
139
140
141
142
143
144
145
146
147
148
150
151
152
153
154
155
156
157
158
159
160
161
162
163
164
165
166
167
168
169
170
171
172
173
174
175
176
177
178
179
180
181
182
183
184
185
186
187
188
189
190
191
192
193
194
195
196
197
198
199
0 82
0 194
1 37
1 133
2 151
2 187
3 121
3 152
4 49
4 62
5 58
5 80
6 58
6 79
7 39
7 56
8 134
8 138
9 21
9 78
10 67
10 72
11 85
11 138
12 116
12 162
13 47
13 89
14 30
14 84
15 74
15 82
16 17
16 90
17 111
18 30
18 162
19 85
19 186
20 79
20 192
21 40
22 62
22 151
23 145
23 168
24 90
24 189
25 34
25 48
26 87
26 95
27 77
27 128
28 117
28 191
29 43
29 81
31 170
31 174
32 92
32 155
33 94
33 161
34 44
35 65
35 84
36 38
36 165
37 177
38 106
39 110
40 93
41 70
41 88
42 89
42 194
43 173
44 131
45 57
45 123
46 167
46 196
47 111
48 117
49 195
50 105
50 133
51 59
51 197
52 96
52 181
53 158
53 165
54 137
54 176
55 135
55 174
56 177
57 126
59 159
60 71
60 106
61 65
61 67
63 100
63 195
64 103
64 125
66 158
66 161
68 176
68 190
69 95
69 163
70 164
71 107
72 128
73 88
73 136
74 76
75 77
75 189
76 198
78 167
80 175
81 134
83 115
83 142
86 124
86 188
87 112
91 141
91 181
92 125
93 173
94 109
96 137
97 107
97 159
98 100
98 164
99 132
99 157
101 150
101 168
102 104
102 198
103 120
104 182
105 152
108 112
108 179
109 116
110 184
113 136
113 171
114 145
114 193
115 118
118 155
119 132
119 144
120 130
121 154
122 150
122 160
123 130
124 197
126 183
127 148
127 171
129 139
129 184
131 180
135 141
139 166
140 146
140 179
142 170
143 157
143 182
144 175
146 169
147 190
147 199
148 172
153 154
153 196
156 166
156 180
160 169
163 191
172 185
178 188
178 193
183 192
185 186
187 199
