198 198 2071
0
1
2
3
4
5
6
7
8
9
10
11
12
13
14
15
16
17
18
19
20
21
22
23
24
25
26
27
28
29
30
31
32
33
34
35
36
37
38
39
40
41
42
43
44
45
46
47
48
49
50
51
52
53
54
55
56
57
58
59
60
61
62
63
64
65
66
67
68
69
70
71
72
73
74
75
76
77
78
79
80
81
82
83
84
85
86
87
88
89
90
91
92
93
94
95
96
97
98
99
100
101
102
103
104
105
106
107
108
109
110
111
112
113
114
115
116
117
118
119
120
121
122
123
124
125
126
127
128
129
130
131
132
133
135
137
138
139
140
141
142
143
144
145
146
147
148
149
150
151
152
153
154
155
156
157
158
159
160
161
162
163
164
165
166
167
168
169
170
171
172
173
174
175
176
177
178
179
180
181
182
183
184
185
186
187
188
189
190
191
192
193
194
195
196
197
198
199
0 132
0 184
1 88
1 190
2 27
2 166
3 99
3 157
4 116
4 196
5 16
5 23
6 10
6 23
7 84
7 180
8 63
8 195
9 147
9 154
10 135
11 30
11 64
12 150
12 161
13 29
13 119
14 57
14 123
15 43
15 91
16 97
17 87
17 192
18 51
18 181
19 38
19 98
20 31
20 148
21 86
21 166
22 172
22 176
24 73
24 84
25 135
25 188
26 124
26 194
27 86
28 108
28 148
29 34
30 90
31 58
32 66
32 198
33 35
33 185
34 196
35 74
36 80
36 118
37 159
37 174
38 155
39 67
39 173
40 69
40 78
41 73
41 126
42 113
42 138
43 109
44 147
44 189
45 111
45 181
46 47
46 117
47 55
48 75
48 90
49 50
49 142
50 144
51 111
52 72
52 87
53 165
53 177
54 107
54 158
55 183
56 82
56 193
57 183
58 101
59 96
59 128
60 186
60 187
61 132
61 157
62 104
62 173
63 66
64 108
65 75
65 118
67 107
68 112
68 174
69 169
70 99
70 167
71 127
71 178
72 160
74 137
76 98
76 143
77 79
77 85
78 113
79 197
80 127
81 115
81 151
82 95
83 163
83 195
85 122
88 121
89 145
89 151
91 138
92 93
92 141
93 155
94 182
94 189
95 103
96 121
97 145
100 192
100 198
101 170
102 120
102 190
103 131
104 110
105 130
105 177
106 109
106 169
110 131
112 168
114 123
114 124
115 156
116 168
117 162
119 153
120 199
122 171
125 146
125 154
126 137
128 143
129 139
129 188
130 160
133 164
133 171
139 193
140 186
140 187
141 152
142 182
144 167
146 184
149 153
149 159
150 156
152 163
158 179
161 175
162 175
164 199
165 197
170 178
172 176
179 194
180 191
185 191
