56 56 1817
192
189
17
85
3
14
3
195
15
146
28
88
56
94
41
190
69
19
98
19
98
16
165
84
87
22
90
4
42
83
12
51
125
175
27
175
27
102
23
102
105
5
66
178
138
24
123
162
21
25
8
7
10
9
192
52
189 192
17 189
17 85
3 85
3 14
3 14
3 195
15 195
15 146
28 146
28 88
56 88
56 94
41 94
41 190
69 190
19 69
19 98
19 98
19 98
16 98
16 165
84 165
84 87
22 87
22 90
4 90
4 42
42 83
12 83
12 51
51 125
125 175
27 175
27 175
27 175
27 102
23 102
23 102
102 105
5 105
5 66
66 178
138 178
24 138
24 123
123 162
21 162
21 25
8 25
7 8
7 10
9 10
9 192
52 192
52 192
