99 99 905
0
1
2
3
4
5
6
7
8
9
10
11
12
13
14
15
16
17
18
19
20
21
22
23
24
25
26
27
28
29
30
31
32
33
34
35
36
37
38
39
40
41
42
43
44
45
46
47
48
49
50
51
52
53
54
55
56
57
58
59
60
61
62
63
64
65
66
67
68
69
70
71
72
73
74
75
76
77
78
79
80
81
82
83
84
85
87
88
89
90
91
92
93
94
95
96
97
98
99
0 24
0 83
1 29
1 73
2 83
2 97
3 38
3 75
4 9
4 22
5 60
5 68
6 85
6 88
7 30
7 31
8 21
8 96
9 81
10 25
10 44
11 20
11 62
12 14
12 95
13 66
13 94
14 54
15 35
15 36
16 23
16 58
17 18
17 82
18 71
19 61
19 90
20 37
21 96
22 48
23 58
24 97
25 30
26 34
26 91
27 33
27 40
28 45
28 87
29 75
31 53
32 38
32 55
33 41
34 77
35 50
36 70
37 64
39 63
39 98
40 72
41 42
42 56
43 56
43 89
44 76
45 87
46 59
46 78
47 91
47 98
48 81
49 85
49 90
50 51
51 52
52 74
53 69
54 73
55 84
57 79
57 99
59 78
60 63
61 88
62 77
64 93
65 67
65 84
66 94
67 76
68 93
69 74
70 72
71 82
79 99
80 92
80 95
89 92
