96 96 1366
0
1
2
3
4
5
6
7
9
10
11
12
13
14
15
16
17
18
19
20
21
22
23
24
25
26
27
28
29
30
31
32
33
34
35
36
37
38
39
40
41
42
43
44
45
46
47
48
49
50
52
53
54
55
56
57
58
59
60
61
62
63
64
65
66
67
68
69
70
71
72
73
74
75
76
77
78
79
80
81
82
83
84
85
86
87
88
89
90
91
93
94
95
97
98
99
0 41
0 76
1 12
1 62
2 16
2 71
3 31
3 58
4 66
4 78
5 13
5 69
6 11
6 55
7 66
7 78
9 72
9 87
10 24
10 26
11 64
12 79
13 71
14 44
14 85
15 36
15 94
16 54
17 35
17 38
18 29
18 63
19 60
19 81
20 47
20 79
21 42
21 43
22 54
22 55
23 59
23 99
24 80
25 35
25 46
26 80
27 59
27 98
28 37
28 81
29 94
30 68
30 82
31 67
32 58
32 83
33 50
33 91
34 74
34 95
36 67
37 70
38 69
39 68
39 73
40 75
40 97
41 76
42 65
43 75
44 93
45 52
45 84
46 87
47 93
48 57
48 77
49 73
49 82
50 90
52 90
53 83
53 98
56 85
56 99
57 77
60 64
61 62
61 65
63 88
70 97
72 88
74 84
86 89
86 95
89 91
