96 96 1536
0
1
2
3
4
5
6
7
8
9
10
11
12
13
14
15
16
17
18
19
20
21
22
23
24
25
26
27
28
29
30
31
32
33
35
36
37
38
39
40
41
42
43
44
45
46
47
48
49
50
51
52
53
54
55
56
57
58
59
60
62
63
64
65
66
67
69
70
71
72
73
75
76
77
78
79
80
81
82
83
84
85
86
87
88
89
90
91
92
93
94
95
96
97
98
99
0 11
0 73
1 44
1 98
2 15
2 53
3 56
3 63
4 64
4 71
5 67
5 86
6 17
6 53
7 39
7 77
8 45
8 87
9 40
9 91
10 13
10 33
11 52
12 57
12 84
13 29
14 24
14 66
15 30
16 18
16 25
17 37
18 65
19 42
19 76
20 27
20 38
21 59
21 94
22 25
22 65
23 62
23 80
24 35
26 82
26 84
27 43
28 47
28 93
29 33
30 67
31 79
31 88
32 70
32 97
35 40
36 69
36 76
37 49
38 49
39 75
41 94
41 95
42 46
43 57
44 50
45 54
46 87
47 52
48 85
48 95
50 83
51 60
51 89
54 58
55 81
55 99
56 96
58 89
59 66
60 71
62 80
63 96
64 85
69 90
70 72
72 83
73 98
75 78
77 79
78 81
82 97
86 93
88 92
90 99
91 92
