Error code = 10013
Unable to write to file './output/N50D0.3K10T1P1.0/model.lp'

50 50 931
0
1
2
3
4
5
6
7
8
9
10
11
12
13
14
15
16
17
18
19
20
21
22
23
24
25
26
27
28
29
30
31
32
33
34
35
36
37
38
39
40
41
42
43
44
45
46
47
48
49
0 8
0 40
1 3
1 46
2 6
2 25
3 9
4 19
4 41
5 27
5 35
6 19
7 31
7 49
8 45
9 15
10 11
10 28
11 21
12 14
12 44
13 37
13 39
14 18
15 27
16 40
16 45
17 23
17 42
18 44
20 26
20 33
21 26
22 36
22 49
23 39
24 29
24 47
25 48
28 43
29 34
30 35
30 46
31 47
32 38
32 42
33 36
34 37
38 43
41 48
