105 105 2584
155
14
151
7
81
129
174
21
164
137
163
30
114
97
123
45
46
113
34
100
34
192
126
111
184
35
182
109
170
62
179
121
156
179
62
150
82
181
72
144
153
171
102
103
193
141
68
53
189
187
96
187
177
143
189
191
76
186
57
149
138
128
105
33
8
166
32
167
105
128
140
190
180
95
36
169
9
175
23
88
4
64
159
142
176
146
37
55
131
55
54
80
178
101
168
48
92
66
172
158
183
24
42
173
136
14 155
14 151
7 151
7 81
81 129
129 174
21 174
21 164
137 164
137 163
30 163
30 114
97 114
97 123
45 123
45 46
46 113
34 113
34 100
34 100
34 192
126 192
111 126
111 184
35 184
35 182
109 182
109 170
62 170
62 179
121 179
121 156
156 179
62 179
62 150
82 150
82 181
72 181
72 144
144 153
153 171
102 171
102 103
103 193
141 193
68 141
53 68
53 189
187 189
96 187
96 187
177 187
143 177
143 189
189 191
76 191
76 186
57 186
57 149
138 149
128 138
105 128
33 105
8 33
8 166
32 166
32 167
105 167
105 128
128 140
140 190
180 190
95 180
36 95
36 169
9 169
9 175
23 175
23 88
4 88
4 64
64 159
142 159
142 176
146 176
37 146
37 55
55 131
55 131
54 55
54 80
80 178
101 178
101 168
48 168
48 92
66 92
66 172
158 172
158 183
24 183
24 42
42 173
136 173
136 155
