79 79 1338
61
73
17
77
17
73
61
93
51
26
15
30
70
11
37
11
48
42
55
19
87
63
97
12
80
65
80
31
68
54
38
41
92
1
49
62
67
25
66
89
57
44
24
72
40
16
2
47
79
95
75
53
33
28
45
94
22
27
60
56
34
50
43
84
9
78
10
13
64
59
46
91
88
58
74
35
74
71
52
61 73
17 73
17 77
17 77
17 73
61 73
61 93
51 93
26 51
15 26
15 30
30 70
11 70
11 37
11 37
11 48
42 48
42 55
19 55
19 87
63 87
63 97
12 97
12 80
65 80
65 80
31 80
31 68
54 68
38 54
38 41
41 92
1 92
1 49
49 62
62 67
25 67
25 66
66 89
57 89
44 57
24 44
24 72
40 72
16 40
2 16
2 47
47 79
79 95
75 95
53 75
33 53
28 33
28 45
45 94
22 94
22 27
27 60
56 60
34 56
34 50
43 50
43 84
9 84
9 78
10 78
10 13
13 64
59 64
46 59
46 91
88 91
58 88
58 74
35 74
35 74
71 74
52 71
52 61
