99 99 909
0
1
2
3
4
5
6
7
8
9
10
11
12
13
14
15
16
17
18
19
20
21
22
23
24
26
27
28
29
30
31
32
33
34
35
36
37
38
39
40
41
42
43
44
45
46
47
48
49
50
51
52
53
54
55
56
57
58
59
60
61
62
63
64
65
66
67
68
69
70
71
72
73
74
75
76
77
78
79
80
81
82
83
84
85
86
87
88
89
90
91
92
93
94
95
96
97
98
99
0 24
0 70
1 37
1 44
2 34
2 93
3 36
3 71
4 69
4 98
5 66
5 90
6 28
6 42
7 43
7 80
8 81
8 84
9 40
9 53
10 32
10 47
11 22
11 94
12 27
12 46
13 86
13 92
14 85
14 86
15 51
15 56
16 22
16 47
17 26
17 76
18 52
18 67
19 51
19 63
20 29
20 39
21 49
21 59
23 30
23 69
24 88
26 35
27 54
28 65
29 91
30 79
31 58
31 78
32 81
33 57
33 98
34 77
35 50
36 85
37 62
38 75
38 89
39 96
40 82
41 77
41 97
42 88
43 87
44 95
45 91
45 96
46 87
48 93
48 97
49 64
50 76
52 68
53 82
54 80
55 70
55 92
56 71
57 72
58 95
59 64
60 61
60 73
61 73
62 74
63 99
65 79
66 90
67 84
68 83
72 99
74 83
75 89
78 94
