212 212 1463
7
77
191
58
152
86
83
64
43
157
80
129
23
171
48
18
164
158
117
42
196
115
45
116
102
65
55
199
193
24
99
104
97
104
188
198
141
34
26
140
4
60
39
28
131
113
185
21
181
109
88
44
53
63
166
52
17
146
195
3
165
103
79
192
79
175
79
11
125
2
71
2
46
41
128
61
57
82
72
0
187
105
76
106
107
35
31
35
130
161
124
112
160
31
89
90
126
38
139
56
14
149
150
138
186
147
186
100
184
92
59
177
59
110
123
6
120
142
98
178
98
73
74
133
137
29
154
135
69
95
47
174
151
145
168
22
13
67
194
167
176
170
25
159
119
8
16
121
16
122
49
179
143
114
118
32
172
156
163
153
162
62
169
85
96
66
36
190
9
183
189
10
108
144
127
5
70
134
132
40
180
75
50
54
111
15
68
30
33
87
91
20
84
93
84
27
1
173
81
155
78
19
94
51
101
37
12
37
197
136
182
148
7 77
77 191
58 191
58 152
86 152
83 86
64 83
43 64
43 157
80 157
80 129
23 129
23 171
48 171
18 48
18 164
158 164
117 158
42 117
42 196
115 196
45 115
45 116
102 116
65 102
55 65
55 199
193 199
24 193
24 99
99 104
97 104
97 104
104 188
188 198
141 198
34 141
26 34
26 140
4 140
4 60
39 60
28 39
28 131
113 131
113 185
21 185
21 181
109 181
88 109
44 88
44 53
53 63
63 166
52 166
17 52
17 146
146 195
3 195
3 165
103 165
79 103
79 192
79 192
79 175
79 175
11 79
11 125
2 125
2 71
2 71
2 46
41 46
41 128
61 128
57 61
57 82
72 82
0 72
0 187
105 187
76 105
76 106
106 107
35 107
31 35
31 35
35 130
130 161
124 161
112 124
112 160
31 160
31 89
89 90
90 126
38 126
38 139
56 139
14 56
14 149
149 150
138 150
138 186
147 186
147 186
100 186
100 184
92 184
59 92
59 177
59 177
59 110
110 123
6 123
6 120
120 142
98 142
98 178
98 178
73 98
73 74
74 133
133 137
29 137
29 154
135 154
69 135
69 95
47 95
47 174
151 174
145 151
145 168
22 168
13 22
13 67
67 194
167 194
167 176
170 176
25 170
25 159
119 159
8 119
8 16
16 121
16 121
16 122
49 122
49 179
143 179
114 143
114 118
32 118
32 172
156 172
156 163
153 163
153 162
62 162
62 169
85 169
85 96
66 96
36 66
36 190
9 190
9 183
183 189
10 189
10 108
108 144
127 144
5 127
5 70
70 134
132 134
40 132
40 180
75 180
50 75
50 54
54 111
15 111
15 68
30 68
30 33
33 87
87 91
20 91
20 84
84 93
84 93
27 84
1 27
1 173
81 173
81 155
78 155
19 78
19 94
51 94
51 101
37 101
12 37
12 37
37 197
136 197
136 182
148 182
7 148
