100 100 1567
0
1
2
3
4
5
6
7
8
9
10
11
12
13
14
15
16
17
18
19
20
21
22
23
24
25
26
27
28
29
30
31
32
33
34
35
36
37
38
39
40
41
42
43
44
45
46
47
48
49
50
51
52
53
54
55
56
57
58
59
60
61
62
63
64
65
66
67
68
69
70
71
72
73
74
75
76
77
78
79
80
81
82
83
84
85
86
87
88
89
90
91
92
93
94
95
96
97
98
99
0 58
0 97
1 37
1 88
2 30
2 86
3 59
3 95
4 46
4 95
5 16
5 92
6 72
6 78
7 9
7 49
8 47
8 70
9 30
10 35
10 67
11 65
11 77
12 34
12 60
13 14
13 43
14 74
15 19
15 75
16 29
17 28
17 93
18 53
18 68
19 27
20 31
20 99
21 57
21 74
22 61
22 78
23 91
23 94
24 42
24 81
25 61
25 89
26 36
26 76
27 73
28 91
29 76
31 65
32 46
32 71
33 41
33 79
34 39
35 72
36 85
37 49
38 80
38 83
39 57
40 51
40 83
41 89
42 63
43 60
44 96
44 97
45 50
45 88
47 81
48 82
48 90
50 69
51 82
52 69
52 70
53 87
54 56
54 80
55 79
55 86
56 64
58 85
59 96
62 77
62 98
63 64
66 67
66 98
68 94
71 99
73 93
75 84
84 87
90 92
