73 73 2847
64
164
127
13
190
18
190
78
29
7
168
61
105
103
28
103
108
41
198
73
166
30
166
125
44
82
63
43
63
1
176
22
125
144
31
121
137
34
178
69
76
23
150
130
33
11
122
48
101
12
192
136
183
9
39
65
90
47
109
84
50
142
151
15
199
140
162
27
174
67
14
17
106
64 164
127 164
13 127
13 190
18 190
18 190
78 190
29 78
7 29
7 168
61 168
61 105
103 105
28 103
28 103
103 108
41 108
41 198
73 198
73 166
30 166
30 166
125 166
44 125
44 82
63 82
43 63
43 63
1 63
1 176
22 176
22 125
125 144
31 144
31 121
121 137
34 137
34 178
69 178
69 76
23 76
23 150
130 150
33 130
11 33
11 122
48 122
48 101
12 101
12 192
136 192
136 183
9 183
9 39
39 65
65 90
47 90
47 109
84 109
50 84
50 142
142 151
15 151
15 199
140 199
140 162
27 162
27 174
67 174
14 67
14 17
17 106
64 106
