99 99 1160
0
1
2
3
4
5
6
7
8
9
10
11
12
13
14
15
16
17
18
19
20
21
22
23
24
25
26
27
28
29
30
31
32
33
35
36
37
38
39
40
41
42
43
44
45
46
47
48
49
50
51
52
53
54
55
56
57
58
59
60
61
62
63
64
65
66
67
68
69
70
71
72
73
74
75
76
77
78
79
80
81
82
83
84
85
86
87
88
89
90
91
92
93
94
95
96
97
98
99
0 9
0 78
1 29
1 72
2 28
2 51
3 18
3 57
4 43
4 63
5 33
5 83
6 12
6 91
7 39
7 40
8 53
8 68
9 95
10 14
10 96
11 22
11 27
12 97
13 23
13 65
14 48
15 20
15 73
16 50
16 58
17 86
17 94
18 55
19 77
19 99
20 67
21 58
21 64
22 84
23 24
24 60
25 33
25 42
26 53
26 99
27 84
28 51
29 44
30 88
30 97
31 35
31 74
32 44
32 47
35 74
36 50
36 64
37 45
37 79
38 73
38 95
39 98
40 54
41 69
41 90
42 62
43 83
45 52
46 67
46 69
47 71
48 76
49 59
49 68
52 80
54 87
55 81
56 61
56 87
57 78
59 72
60 81
61 76
62 98
63 89
65 82
66 75
66 86
70 75
70 77
71 85
79 93
80 89
82 93
85 96
88 90
91 92
92 94
