197 197 1543
0
1
2
3
4
5
6
7
8
9
10
11
12
13
14
15
16
17
18
19
20
21
22
23
24
25
26
27
28
29
30
31
32
33
34
35
36
37
38
39
40
41
42
43
44
45
46
47
48
49
50
51
52
53
54
55
56
57
58
59
60
61
62
63
64
65
66
67
69
70
71
72
73
74
75
76
77
78
79
80
81
82
83
84
85
86
87
88
89
90
91
92
93
94
95
96
97
98
99
100
101
102
103
104
105
106
107
108
109
110
111
112
113
114
115
116
117
118
119
120
121
122
123
124
125
126
127
128
129
130
131
132
133
134
135
136
137
138
139
140
141
142
143
144
145
146
147
148
149
150
152
153
154
155
157
158
159
160
161
162
163
164
165
166
167
168
169
170
171
172
173
174
175
176
177
178
179
180
181
182
183
184
185
186
187
188
189
190
191
192
193
194
195
196
197
198
199
0 145
0 152
1 102
1 125
2 23
2 101
3 101
3 104
4 29
4 171
5 22
5 43
6 34
6 107
7 115
7 166
8 118
8 129
9 32
9 86
10 98
10 165
11 96
11 107
12 109
12 153
13 70
13 133
14 176
14 195
15 17
15 188
16 27
16 54
17 41
18 28
18 108
19 70
19 112
20 55
20 61
21 103
21 174
22 46
23 69
24 78
24 140
25 84
25 85
26 81
26 145
27 44
28 40
29 94
30 164
30 191
31 124
31 157
32 170
33 170
33 175
34 48
35 37
35 126
36 78
36 199
37 57
38 55
38 136
39 153
39 180
40 89
41 138
42 62
42 141
43 181
44 172
45 87
45 154
46 173
47 184
47 197
48 97
49 143
49 144
50 67
50 135
51 79
51 116
52 143
52 144
53 88
53 125
54 161
56 128
56 198
57 95
58 92
58 117
59 168
59 184
60 80
60 194
61 89
62 95
63 164
63 191
64 133
64 149
65 127
65 146
66 163
66 179
67 98
69 121
71 174
71 186
72 155
72 172
73 83
73 88
74 115
74 182
75 124
75 137
76 110
76 195
77 136
77 150
79 182
80 194
81 108
82 90
82 120
83 155
84 85
86 175
87 119
90 177
91 146
91 162
92 188
93 97
93 196
94 137
96 123
99 132
99 183
100 165
100 167
102 112
103 186
104 192
105 166
105 197
106 149
106 189
109 193
110 179
111 150
111 154
113 122
113 178
114 122
114 178
116 139
117 169
118 152
119 140
120 181
121 187
123 161
126 134
127 199
128 198
129 158
130 185
130 196
131 160
131 189
132 173
134 141
135 180
138 176
139 168
142 157
142 171
147 167
147 193
148 158
148 160
159 177
159 190
162 190
163 169
183 185
187 192
