50 101 696
0
1
2
3
4
5
6
7
8
9
10
11
12
13
14
15
16
17
18
19
20
21
22
23
24
25
26
27
28
29
30
31
32
33
34
35
36
37
38
39
40
41
42
43
44
45
46
47
48
49
0 23
0 23
0 34
0 34
1 24
1 24
1 31
1 31
2 23
2 23
2 29
2 29
3 6
3 6
3 32
3 32
4 27
4 27
4 38
4 38
5 25
5 25
5 41
5 41
6 39
6 39
7 15
7 15
7 15
15 33
15 33
8 28
8 28
8 49
8 49
9 13
9 13
9 36
9 36
10 14
10 14
10 36
10 36
11 28
11 28
11 44
11 44
12 13
12 13
12 29
12 29
14 35
14 35
15 46
15 46
16 18
16 18
16 45
16 45
17 19
17 19
17 47
17 47
18 34
18 34
19 42
19 42
20 21
20 21
20 42
20 42
21 24
21 24
22 37
22 37
22 40
22 40
25 43
25 43
26 37
26 37
26 41
26 41
27 30
27 30
30 48
30 48
31 48
31 48
32 33
32 33
35 39
35 39
38 49
38 49
40 45
40 45
43 47
43 47
44 46
44 46
