100 100 1537
0
1
2
3
4
5
6
7
8
9
10
11
12
13
14
15
16
17
18
19
20
21
22
23
24
25
26
27
28
29
30
31
32
33
34
35
36
37
38
39
40
41
42
43
44
45
46
47
48
49
50
51
52
53
54
55
56
57
58
59
60
61
62
63
64
65
66
67
68
69
70
71
72
73
74
75
76
77
78
79
80
81
82
83
84
85
86
87
88
89
90
91
92
93
94
95
96
97
98
99
0 30
0 55
1 11
1 49
2 44
2 93
3 65
3 71
4 24
4 50
5 47
5 75
6 23
6 48
7 29
7 60
8 24
8 29
9 78
9 83
10 31
10 46
11 70
12 19
12 22
13 31
13 98
14 40
14 76
15 35
15 58
16 26
16 90
17 50
17 90
18 25
18 57
19 74
20 43
20 60
21 27
21 98
22 69
23 65
25 32
26 51
27 36
28 38
28 80
30 66
32 76
33 83
33 89
34 37
34 82
35 43
36 54
37 74
38 81
39 68
39 73
40 79
41 88
41 95
42 48
42 99
44 97
45 51
45 87
46 56
47 82
49 73
52 61
52 86
53 56
53 92
54 96
55 84
57 78
58 79
59 62
59 77
61 91
62 94
63 70
63 85
64 69
64 72
66 71
67 77
67 99
68 94
72 91
75 80
81 95
84 96
85 87
86 89
88 97
92 93
