98 98 859
0
1
3
4
5
6
7
8
9
10
11
12
13
14
15
16
17
18
19
20
21
22
23
24
25
26
27
28
29
30
31
32
33
34
35
36
37
38
39
40
41
42
43
44
45
46
47
48
49
50
51
52
53
55
56
57
58
59
60
61
62
63
64
65
66
67
68
69
70
71
72
73
74
75
76
77
78
79
80
81
82
83
84
85
86
87
88
89
90
91
92
93
94
95
96
97
98
99
0 85
0 89
1 66
1 94
3 30
3 70
4 17
4 31
5 15
5 30
6 26
6 98
7 12
7 60
8 34
8 52
9 22
9 71
10 13
10 90
11 35
11 94
12 52
13 92
14 43
14 95
15 16
16 85
17 68
18 45
18 53
19 59
19 81
20 25
20 73
21 28
21 61
22 75
23 77
23 98
24 29
24 72
25 67
26 71
27 59
27 83
28 50
29 55
31 48
32 56
32 95
33 41
33 91
34 77
35 66
36 70
36 96
37 78
37 81
38 40
38 80
39 79
39 84
40 80
41 65
42 56
42 87
43 69
44 73
44 97
45 53
46 63
46 88
47 74
47 93
48 68
49 55
49 62
50 58
51 57
51 79
57 99
58 78
60 96
61 97
62 76
63 86
64 74
64 93
65 91
67 75
69 87
72 82
76 89
82 83
84 99
86 88
90 92
