98 98 1028
0
1
2
3
4
5
6
7
8
9
10
11
12
13
14
16
17
18
19
20
21
22
23
24
25
26
27
28
29
30
31
32
33
34
35
36
37
39
40
41
42
43
44
45
46
47
48
49
50
51
52
53
54
55
56
57
58
59
60
61
62
63
64
65
66
67
68
69
70
71
72
73
74
75
76
77
78
79
80
81
82
83
84
85
86
87
88
89
90
91
92
93
94
95
96
97
98
99
0 74
0 81
1 6
1 82
2 5
2 89
3 71
3 86
4 45
4 58
5 24
6 48
7 29
7 87
8 9
8 47
9 98
10 54
10 99
11 22
11 63
12 46
12 58
13 17
13 81
14 60
14 94
16 53
16 67
17 94
18 40
18 88
19 22
19 23
20 36
20 75
21 24
21 49
23 78
25 26
25 78
26 54
27 30
27 51
28 56
28 90
29 99
30 76
31 33
31 65
32 92
32 95
33 68
34 41
34 69
35 55
35 87
36 67
37 80
37 97
39 57
39 83
40 88
41 56
42 64
42 95
43 59
43 72
44 71
44 91
45 50
46 50
47 49
48 96
51 83
52 55
52 62
53 63
57 75
59 93
60 70
61 85
61 90
62 66
64 91
65 74
66 96
68 80
69 86
70 77
72 93
73 79
73 97
76 85
77 84
79 89
82 98
84 92
