109 109 1866
50
5
24
127
136
52
54
45
54
52
33
187
33
58
128
148
168
148
128
0
68
56
192
14
164
80
95
170
3
97
3
170
104
195
34
61
196
53
31
10
31
183
19
99
101
36
101
15
13
199
177
130
27
172
180
179
23
166
152
38
49
20
129
70
64
154
17
144
75
62
94
16
171
193
41
134
42
12
76
123
107
4
46
106
173
141
77
51
193
70
108
43
108
43
108
87
35
79
167
60
175
25
32
55
69
55
88
37
133
5 50
5 24
24 127
127 136
52 136
52 54
45 54
45 54
52 54
33 52
33 187
33 187
33 58
58 128
128 148
148 168
148 168
128 148
0 128
0 68
56 68
56 192
14 192
14 164
80 164
80 95
95 170
3 170
3 97
3 97
3 170
104 170
104 195
34 195
34 61
61 196
53 196
31 53
10 31
10 31
31 183
19 183
19 99
99 101
36 101
36 101
15 101
13 15
13 199
177 199
130 177
27 130
27 172
172 180
179 180
23 179
23 166
152 166
38 152
38 49
20 49
20 129
70 129
64 70
64 154
17 154
17 144
75 144
62 75
62 94
16 94
16 171
171 193
41 193
41 134
42 134
12 42
12 76
76 123
107 123
4 107
4 46
46 106
106 173
141 173
77 141
51 77
51 193
70 193
70 108
43 108
43 108
43 108
43 108
87 108
35 87
35 79
79 167
60 167
60 175
25 175
25 32
32 55
55 69
55 69
55 88
37 88
37 133
50 133
