99 99 1462
0
1
2
3
4
5
6
7
8
9
10
11
12
13
14
15
16
17
18
19
20
21
22
23
24
25
26
27
28
29
30
31
32
33
34
35
36
37
38
39
40
41
42
43
44
45
46
47
48
49
50
51
52
53
54
55
56
57
58
59
60
61
62
63
64
65
66
67
68
69
70
71
72
73
74
75
76
77
78
79
80
81
82
83
84
85
86
87
88
89
90
91
93
94
95
96
97
98
99
0 15
0 65
1 33
1 90
2 5
2 43
3 52
3 69
4 6
4 56
5 27
6 44
7 8
7 68
8 68
9 13
9 79
10 11
10 30
11 37
12 27
12 34
13 59
14 29
14 55
15 91
16 35
16 61
17 54
17 78
18 62
18 94
19 33
19 90
20 49
20 85
21 76
21 81
22 24
22 45
23 66
23 71
24 42
25 36
25 61
26 28
26 55
28 36
29 84
30 75
31 49
31 58
32 34
32 38
35 67
37 99
38 79
39 42
39 80
40 44
40 99
41 73
41 93
43 83
45 96
46 64
46 77
47 63
47 83
48 60
48 72
50 72
50 97
51 82
51 88
52 95
53 63
53 86
54 93
56 75
57 70
57 74
58 62
59 60
64 69
65 70
66 91
67 73
71 74
76 89
77 86
78 94
80 81
82 95
84 96
85 89
87 88
87 98
97 98
