100 100 1039
0
1
2
3
4
5
6
7
8
9
10
11
12
13
14
15
16
17
18
19
20
21
22
23
24
25
26
27
28
29
30
31
32
33
34
35
36
37
38
39
40
41
42
43
44
45
46
47
48
49
50
51
52
53
54
55
56
57
58
59
60
61
62
63
64
65
66
67
68
69
70
71
72
73
74
75
76
77
78
79
80
81
82
83
84
85
86
87
88
89
90
91
92
93
94
95
96
97
98
99
0 22
0 93
1 60
1 99
2 68
2 86
3 59
3 82
4 52
4 92
5 61
5 67
6 39
6 69
7 33
7 50
8 22
8 95
9 24
9 46
10 43
10 61
11 14
11 19
12 35
12 72
13 54
13 90
14 38
15 34
15 76
16 55
16 97
17 34
17 52
18 33
18 83
19 53
20 49
20 79
21 55
21 97
23 38
23 77
24 84
25 45
25 70
26 48
26 71
27 49
27 66
28 32
28 41
29 36
29 74
30 40
30 86
31 59
31 85
32 47
35 72
36 37
37 69
39 42
40 78
41 95
42 79
43 53
44 76
44 89
45 70
46 91
47 51
48 56
50 89
51 87
54 75
56 80
57 62
57 93
58 60
58 96
62 74
63 81
63 84
64 73
64 87
65 75
65 88
66 78
67 92
68 98
71 80
73 77
81 94
82 98
83 85
88 90
91 94
96 99
