92 92 978
0
1
2
3
4
5
6
7
8
9
10
11
12
13
14
15
16
17
18
20
21
22
23
24
25
26
27
28
29
31
32
33
34
35
36
37
38
39
40
41
42
43
44
45
47
49
50
51
52
53
55
56
58
59
60
61
62
63
64
65
66
67
68
70
71
72
73
74
75
76
77
78
79
80
81
82
83
84
85
86
87
88
89
90
91
92
93
94
95
96
97
99
0 7
0 94
1 74
1 78
2 24
2 28
3 26
3 61
4 85
4 97
5 39
5 97
6 81
6 93
7 61
8 27
8 62
9 10
9 73
10 73
11 38
11 59
12 25
12 31
13 58
13 63
14 52
14 55
15 43
15 99
16 33
16 75
17 47
17 79
18 76
18 90
20 89
20 95
21 44
21 47
22 23
22 64
23 71
24 34
25 31
26 84
27 76
28 35
29 37
29 43
32 51
32 62
33 56
34 59
35 40
36 60
36 68
37 40
38 72
39 86
41 70
41 75
42 44
42 64
45 56
45 83
49 67
49 82
50 55
50 67
51 88
52 90
53 85
53 86
58 63
60 94
65 71
65 79
66 83
66 99
68 84
70 87
72 87
74 91
77 80
77 92
78 91
80 96
81 93
82 88
89 95
92 96
