119 119 1259
63
60
6
74
62
30
67
96
81
82
95
91
46
95
29
20
66
90
36
61
84
51
34
35
34
88
78
1
65
3
18
49
44
40
97
40
25
9
57
43
64
12
64
55
98
32
2
89
2
22
15
99
15
17
15
39
37
39
15
28
54
53
83
7
54
92
47
93
21
87
71
16
48
19
69
48
68
75
80
75
80
58
14
11
8
45
0
27
0
8
86
50
56
26
38
26
13
85
42
52
76
72
33
31
79
94
5
4
10
4
23
70
77
70
24
70
59
41
73
60 63
6 60
6 74
62 74
30 62
30 67
67 96
81 96
81 82
82 95
91 95
46 91
46 95
29 95
20 29
20 66
66 90
36 90
36 61
61 84
51 84
34 51
34 35
34 35
34 88
78 88
1 78
1 65
3 65
3 18
18 49
44 49
40 44
40 97
40 97
25 40
9 25
9 57
43 57
43 64
12 64
12 64
55 64
55 98
32 98
2 32
2 89
2 89
2 22
15 22
15 99
15 99
15 17
15 17
15 39
37 39
37 39
15 39
15 28
28 54
53 54
53 83
7 83
7 54
54 92
47 92
47 93
21 93
21 87
71 87
16 71
16 48
19 48
19 69
48 69
48 68
68 75
75 80
75 80
75 80
58 80
14 58
11 14
8 11
8 45
0 45
0 27
0 27
0 8
8 86
50 86
50 56
26 56
26 38
26 38
13 26
13 85
42 85
42 52
52 76
72 76
33 72
31 33
31 79
79 94
5 94
4 5
4 10
4 10
4 23
23 70
70 77
70 77
24 70
24 70
59 70
41 59
41 73
63 73
