100 100 1191
0
1
2
3
4
5
6
7
8
9
10
11
12
13
14
15
16
17
18
19
20
21
22
23
24
25
26
27
28
29
30
31
32
33
34
35
36
37
38
39
40
41
42
43
44
45
46
47
48
49
50
51
52
53
54
55
56
57
58
59
60
61
62
63
64
65
66
67
68
69
70
71
72
73
74
75
76
77
78
79
80
81
82
83
84
85
86
87
88
89
90
91
92
93
94
95
96
97
98
99
0 29
0 42
1 54
1 68
2 62
2 77
3 24
3 68
4 54
4 84
5 29
5 56
6 11
6 44
7 12
7 49
8 57
8 74
9 35
9 48
10 63
10 96
11 76
12 74
13 37
13 90
14 75
14 86
15 22
15 44
16 18
16 48
17 45
17 78
18 53
19 23
19 93
20 25
20 43
21 72
21 97
22 85
23 27
24 92
25 57
26 35
26 42
27 32
28 63
28 91
30 70
30 88
31 46
31 80
32 78
33 36
33 60
34 82
34 93
36 47
37 95
38 40
38 41
39 55
39 90
40 67
41 99
43 66
45 71
46 89
47 83
49 69
50 59
50 94
51 89
51 95
52 69
52 81
53 67
55 84
56 64
58 79
58 92
59 65
60 80
61 64
61 79
62 87
65 97
66 73
70 98
71 77
72 87
73 98
75 86
76 83
81 99
82 94
85 88
91 96
