99 99 1092
0
1
2
3
4
5
6
7
8
9
10
11
12
13
14
15
16
17
18
19
20
21
22
23
24
25
26
27
28
29
30
31
32
33
34
35
36
37
38
39
40
41
42
43
44
45
46
47
48
49
50
51
52
53
54
55
56
57
58
59
60
61
62
63
64
65
66
67
68
69
71
72
73
74
75
76
77
78
79
80
81
82
83
84
85
86
87
88
89
90
91
92
93
94
95
96
97
98
99
0 7
0 42
1 16
1 29
2 50
2 52
3 57
3 90
4 79
4 85
5 27
5 40
6 87
6 96
7 22
8 35
8 89
9 49
9 96
10 87
10 88
11 71
11 85
12 23
12 34
13 17
13 51
14 86
14 90
15 30
15 53
16 55
17 92
18 21
18 75
19 21
19 59
20 38
20 64
22 91
23 66
24 46
24 61
25 60
25 71
26 45
26 69
27 37
28 34
28 66
29 99
30 37
31 80
31 84
32 33
32 41
33 39
35 95
36 73
36 98
38 76
39 41
40 45
42 54
43 64
43 83
44 53
44 75
46 80
47 63
47 98
48 62
48 77
49 62
50 52
51 61
54 94
55 99
56 68
56 79
57 65
58 78
58 91
59 81
60 68
63 97
65 97
67 86
67 92
69 74
72 82
72 94
73 74
76 77
78 93
81 88
82 83
84 89
93 95
