93 93 938
0
1
2
3
4
5
6
7
8
10
11
12
13
14
15
16
17
18
19
20
21
22
23
24
25
26
27
28
29
30
31
32
33
34
35
36
37
38
39
40
41
42
43
44
45
47
48
49
50
51
52
53
55
56
57
58
59
60
61
62
63
64
65
67
68
69
70
71
72
73
74
75
76
77
78
79
80
81
83
84
85
86
88
90
91
92
93
94
95
96
97
98
99
0 25
0 40
1 4
1 25
2 39
2 58
3 56
3 98
4 22
5 18
5 83
6 10
6 47
7 64
7 70
8 17
8 22
10 27
11 67
11 74
12 68
12 69
13 55
13 96
14 17
14 42
15 39
15 88
16 53
16 92
18 44
19 48
19 65
20 52
20 78
21 63
21 86
23 43
23 79
24 28
24 49
26 65
26 69
27 47
28 51
29 36
29 56
30 37
30 57
31 33
31 49
32 52
32 62
33 99
34 45
34 50
35 80
35 91
36 81
37 64
38 51
38 94
40 61
41 73
41 99
42 79
43 77
44 83
45 50
48 85
53 84
55 96
57 92
58 76
59 72
59 95
60 67
60 74
61 93
62 71
63 93
68 76
70 94
71 78
72 81
73 75
75 86
77 80
84 90
85 97
88 97
90 98
91 95
