Error code = 10013
Unable to write to file './output/N50D03K0T0P1/model.lp'

50 50 1005
0
1
2
3
4
5
6
7
8
9
10
11
12
13
14
15
16
17
18
19
20
21
22
23
24
25
26
27
28
29
30
31
32
33
34
35
36
37
38
39
40
41
42
43
44
45
46
47
48
49
0 4
0 34
1 10
1 26
2 14
2 35
3 33
3 45
4 32
5 16
5 35
6 29
6 46
7 37
7 47
8 22
8 46
9 27
9 30
10 14
11 15
11 38
12 34
12 40
13 25
13 28
15 38
16 49
17 20
17 28
18 19
18 42
19 31
20 39
21 22
21 48
23 25
23 29
24 40
24 41
26 44
27 39
30 41
31 42
32 48
33 43
36 37
36 45
43 44
47 49
