86 86 1016
0
2
3
5
6
7
8
9
10
11
13
15
16
17
18
20
21
22
23
24
25
26
27
28
29
30
31
32
33
34
35
36
37
38
39
40
41
43
44
45
46
47
48
49
50
51
52
53
54
55
56
57
58
60
61
62
63
64
65
66
67
69
70
71
72
74
75
76
77
78
79
82
83
84
85
87
89
90
91
92
93
94
95
97
98
99
0 21
0 51
2 53
2 91
3 41
3 50
5 11
5 89
6 75
6 91
7 38
7 67
8 74
8 95
9 49
9 78
10 16
10 46
11 63
13 44
13 78
15 83
15 87
16 22
17 39
17 51
18 61
18 66
20 36
20 71
21 69
22 47
23 61
23 66
24 31
24 70
25 60
25 77
26 49
26 75
27 43
27 76
28 47
28 58
29 30
29 52
30 35
31 43
32 34
32 40
33 56
33 69
34 40
35 52
36 92
37 62
37 65
38 79
39 45
41 93
44 50
45 98
46 48
48 63
53 89
54 55
54 94
55 76
56 79
57 71
57 92
58 64
60 99
62 65
64 82
67 82
70 90
72 84
72 90
74 95
77 84
83 98
85 94
85 97
87 99
93 97
