100 100 1265
0
1
2
3
4
5
6
7
8
9
10
11
12
13
14
15
16
17
18
19
20
21
22
23
24
25
26
27
28
29
30
31
32
33
34
35
36
37
38
39
40
41
42
43
44
45
46
47
48
49
50
51
52
53
54
55
56
57
58
59
60
61
62
63
64
65
66
67
68
69
70
71
72
73
74
75
76
77
78
79
80
81
82
83
84
85
86
87
88
89
90
91
92
93
94
95
96
97
98
99
0 48
0 74
1 14
1 33
2 48
2 52
3 89
3 92
4 64
4 87
5 46
5 63
6 9
6 95
7 9
7 28
8 30
8 32
10 55
10 93
11 22
11 27
12 66
12 78
13 23
13 76
14 35
15 57
15 74
16 36
16 69
17 63
17 71
18 58
18 77
19 30
19 75
20 68
20 78
21 22
21 24
23 51
24 41
25 44
25 96
26 50
26 95
27 81
28 32
29 47
29 76
31 37
31 82
33 61
34 79
34 84
35 47
36 90
37 56
38 43
38 66
39 52
39 94
40 49
40 58
41 88
42 43
42 87
44 53
45 62
45 72
46 75
49 94
50 72
51 86
53 56
54 62
54 90
55 70
57 83
59 69
59 96
60 68
60 73
61 85
64 65
65 91
67 93
67 99
70 92
71 99
73 80
77 84
79 97
80 97
81 83
82 85
86 98
88 89
91 98
