200 200 1299
0
1
2
3
4
5
6
7
8
9
10
11
12
13
14
15
16
17
18
19
20
21
22
23
24
25
26
27
28
29
30
31
32
33
34
35
36
37
38
39
40
41
42
43
44
45
46
47
48
49
50
51
52
53
54
55
56
57
58
59
60
61
62
63
64
65
66
67
68
69
70
71
72
73
74
75
76
77
78
79
80
81
82
83
84
85
86
87
88
89
90
91
92
93
94
95
96
97
98
99
100
101
102
103
104
105
106
107
108
109
110
111
112
113
114
115
116
117
118
119
120
121
122
123
124
125
126
127
128
129
130
131
132
133
134
135
136
137
138
139
140
141
142
143
144
145
146
147
148
149
150
151
152
153
154
155
156
157
158
159
160
161
162
163
164
165
166
167
168
169
170
171
172
173
174
175
176
177
178
179
180
181
182
183
184
185
186
187
188
189
190
191
192
193
194
195
196
197
198
199
0 6
0 29
1 18
1 167
2 131
2 165
3 26
3 77
4 30
4 64
5 129
5 145
6 138
7 91
7 109
8 125
8 179
9 34
9 186
10 19
10 130
11 111
11 160
12 17
12 141
13 14
13 154
14 154
15 143
15 158
16 70
16 88
17 135
18 48
19 130
20 103
20 113
21 71
21 161
22 71
22 156
23 176
23 186
24 85
24 165
25 171
25 187
26 102
27 51
27 150
28 79
28 106
29 118
30 117
31 67
31 166
32 40
32 50
33 66
33 97
34 194
35 87
35 162
36 74
36 84
37 63
37 113
38 57
38 182
39 159
39 185
40 88
41 110
41 182
42 61
42 137
43 114
43 136
44 47
44 99
45 55
45 76
46 104
46 168
47 144
48 152
49 52
49 69
50 128
51 150
52 192
53 72
53 191
54 127
54 159
55 138
56 140
56 173
57 132
58 92
58 181
59 60
59 189
60 194
61 180
62 94
62 197
63 197
64 183
65 174
65 193
66 77
67 187
68 132
68 183
69 142
70 139
72 108
73 83
73 166
74 101
75 89
75 134
76 93
78 80
78 143
79 172
80 131
81 108
81 120
82 90
82 169
83 170
84 134
85 161
86 172
86 188
87 148
89 173
90 93
91 110
92 151
94 176
95 137
95 184
96 124
96 153
97 155
98 111
98 126
99 163
100 109
100 120
101 135
102 139
103 107
104 149
105 185
105 192
106 175
107 142
112 144
112 163
114 156
115 122
115 160
116 146
116 191
117 169
118 196
119 146
119 188
121 164
121 198
122 178
123 141
123 147
124 140
125 199
126 145
127 196
128 195
129 175
133 158
133 190
136 151
147 184
148 162
149 190
152 167
153 195
155 177
157 178
157 199
164 171
168 179
170 198
174 193
177 180
181 189
