100 100 945
0
1
2
3
4
5
6
7
8
9
10
11
12
13
14
15
16
17
18
19
20
21
22
23
24
25
26
27
28
29
30
31
32
33
34
35
36
37
38
39
40
41
42
43
44
45
46
47
48
49
50
51
52
53
54
55
56
57
58
59
60
61
62
63
64
65
66
67
68
69
70
71
72
73
74
75
76
77
78
79
80
81
82
83
84
85
86
87
88
89
90
91
92
93
94
95
96
97
98
99
0 1
0 15
1 9
2 90
2 93
3 45
3 88
4 19
4 22
5 51
5 92
6 47
6 78
7 27
7 62
8 87
8 91
9 99
10 16
10 22
11 46
11 59
12 13
12 52
13 70
14 69
14 76
15 73
16 54
17 60
17 71
18 67
18 74
19 84
20 23
20 66
21 39
21 71
23 75
24 37
24 76
25 73
25 89
26 35
26 48
27 34
28 38
28 95
29 49
29 89
30 31
30 79
31 88
32 63
32 83
33 51
33 78
34 72
35 63
36 65
36 68
37 38
39 60
40 74
40 77
41 59
41 85
42 43
42 85
43 95
44 65
44 69
45 52
46 61
47 56
48 55
49 92
50 57
50 72
53 64
53 67
54 97
55 99
56 75
57 66
58 86
58 98
61 96
62 97
64 84
68 83
70 79
77 96
80 81
80 82
81 82
86 94
87 91
90 93
94 98
