208 208 1451
104
108
1
45
123
152
93
181
93
64
94
64
134
174
136
78
114
79
180
40
17
31
110
173
46
122
75
82
178
196
91
53
60
162
132
145
140
62
193
55
6
32
90
116
41
71
41
116
41
105
194
142
170
118
12
33
65
18
99
24
25
49
159
86
131
15
109
186
139
172
119
160
185
74
148
44
153
111
16
127
13
14
189
112
161
42
72
167
101
97
38
176
67
76
43
147
115
137
10
171
39
183
5
102
48
27
11
80
184
107
166
50
34
138
95
157
182
22
143
22
29
66
87
21
47
63
84
37
85
77
54
96
146
4
57
163
156
165
70
168
129
199
73
100
88
103
177
188
2
141
117
68
19
154
9
106
130
126
51
187
28
61
59
197
35
113
124
56
120
58
155
36
81
169
195
149
195
30
26
92
0
190
98
128
179
158
151
20
198
121
150
23
135
113
192
144
69
125
164
3
7
52
175
133
191
83
89
8
104 108
1 108
1 45
45 123
123 152
93 152
93 181
93 181
64 93
64 94
64 94
64 134
134 174
136 174
78 136
78 114
79 114
79 180
40 180
17 40
17 31
31 110
110 173
46 173
46 122
75 122
75 82
82 178
178 196
91 196
53 91
53 60
60 162
132 162
132 145
140 145
62 140
62 193
55 193
6 55
6 32
32 90
90 116
41 116
41 71
41 71
41 116
41 116
41 105
105 194
142 194
142 170
118 170
12 118
12 33
33 65
18 65
18 99
24 99
24 25
25 49
49 159
86 159
86 131
15 131
15 109
109 186
139 186
139 172
119 172
119 160
160 185
74 185
74 148
44 148
44 153
111 153
16 111
16 127
13 127
13 14
14 189
112 189
112 161
42 161
42 72
72 167
101 167
97 101
38 97
38 176
67 176
67 76
43 76
43 147
115 147
115 137
10 137
10 171
39 171
39 183
5 183
5 102
48 102
27 48
11 27
11 80
80 184
107 184
107 166
50 166
34 50
34 138
95 138
95 157
157 182
22 182
22 143
22 143
22 29
29 66
66 87
21 87
21 47
47 63
63 84
37 84
37 85
77 85
54 77
54 96
96 146
4 146
4 57
57 163
156 163
156 165
70 165
70 168
129 168
129 199
73 199
73 100
88 100
88 103
103 177
177 188
2 188
2 141
117 141
68 117
19 68
19 154
9 154
9 106
106 130
126 130
51 126
51 187
28 187
28 61
59 61
59 197
35 197
35 113
113 124
56 124
56 120
58 120
58 155
36 155
36 81
81 169
169 195
149 195
149 195
30 195
26 30
26 92
0 92
0 190
98 190
98 128
128 179
158 179
151 158
20 151
20 198
121 198
121 150
23 150
23 135
113 135
113 192
144 192
69 144
69 125
125 164
3 164
3 7
7 52
52 175
133 175
133 191
83 191
83 89
8 89
8 104
