111 111 1155
4
45
49
84
8
0
93
15
44
15
47
43
16
1
23
65
86
80
86
32
40
17
5
60
63
92
56
71
18
19
18
10
3
42
24
2
77
21
64
27
38
27
72
73
72
6
81
58
62
30
11
94
59
90
12
7
20
7
52
28
87
88
29
54
79
95
55
22
75
13
35
66
55
66
41
50
26
78
26
82
14
82
53
83
53
46
74
96
91
37
67
76
69
98
97
9
57
70
61
36
39
48
99
51
89
25
34
85
31
68
33
4 45
45 49
49 84
8 84
0 8
0 93
15 93
15 44
15 44
15 47
43 47
16 43
1 16
1 23
23 65
65 86
80 86
80 86
32 86
32 40
17 40
5 17
5 60
60 63
63 92
56 92
56 71
18 71
18 19
18 19
10 18
3 10
3 42
24 42
2 24
2 77
21 77
21 64
27 64
27 38
27 38
27 72
72 73
72 73
6 72
6 81
58 81
58 62
30 62
11 30
11 94
59 94
59 90
12 90
7 12
7 20
7 20
7 52
28 52
28 87
87 88
29 88
29 54
54 79
79 95
55 95
22 55
22 75
13 75
13 35
35 66
55 66
55 66
41 66
41 50
26 50
26 78
26 78
26 82
14 82
14 82
53 82
53 83
53 83
46 53
46 74
74 96
91 96
37 91
37 67
67 76
69 76
69 98
97 98
9 97
9 57
57 70
61 70
36 61
36 39
39 48
48 99
51 99
51 89
25 89
25 34
34 85
31 85
31 68
33 68
4 33
