99 99 1447
0
1
2
3
4
5
6
7
8
9
10
11
12
13
14
15
16
17
18
20
21
22
23
24
25
26
27
28
29
30
31
32
33
34
35
36
37
38
39
40
41
42
43
44
45
46
47
48
49
50
51
52
53
54
55
56
57
58
59
60
61
62
63
64
65
66
67
68
69
70
71
72
73
74
75
76
77
78
79
80
81
82
83
84
85
86
87
88
89
90
91
92
93
94
95
96
97
98
99
0 15
0 92
1 37
1 57
2 66
2 94
3 56
3 67
4 62
4 92
5 8
5 79
6 18
6 27
7 63
7 75
8 10
9 43
9 78
10 79
11 41
11 59
12 76
12 93
13 59
13 61
14 50
14 72
15 99
16 75
16 96
17 21
17 30
18 29
20 24
20 69
21 44
22 45
22 90
23 41
23 85
24 46
25 44
25 45
26 38
26 89
27 82
28 83
28 85
29 84
30 63
31 58
31 77
32 60
32 96
33 61
33 81
34 73
34 86
35 58
35 99
36 67
36 87
37 68
38 88
39 47
39 54
40 80
40 95
42 50
42 74
43 98
46 80
47 95
48 53
48 56
49 53
49 70
51 81
51 94
52 60
52 77
54 69
55 78
55 97
57 97
62 88
64 68
64 89
65 72
65 84
66 76
70 71
71 90
73 86
74 91
82 93
83 98
87 91
