91 91 959
0
1
2
3
4
5
6
7
8
9
10
12
13
14
15
16
18
19
20
21
22
23
24
25
26
27
28
29
30
32
33
34
35
36
37
38
39
40
41
42
43
44
45
46
47
48
49
50
51
52
53
54
56
58
59
61
62
63
64
65
66
67
69
70
71
72
73
74
75
76
77
79
80
81
82
83
84
85
86
87
88
89
90
91
92
93
94
95
97
98
99
0 9
0 52
1 43
1 67
2 38
2 69
3 62
3 87
4 82
4 90
5 26
5 33
6 66
6 95
7 42
7 94
8 13
8 29
9 77
10 37
10 46
12 15
12 93
13 91
14 18
14 90
15 25
16 80
16 87
18 99
19 62
19 80
20 23
20 72
21 36
21 63
22 48
22 59
23 34
24 54
24 69
25 86
26 47
27 41
27 44
28 46
28 83
29 73
30 33
30 63
32 34
32 51
35 88
35 89
36 77
37 70
38 39
39 45
40 79
40 94
41 98
42 52
43 75
44 58
45 53
47 71
48 95
49 58
49 70
50 61
50 84
51 54
53 56
56 84
59 66
61 79
64 86
64 97
65 81
65 99
67 75
71 92
72 83
73 91
74 76
74 89
76 88
81 85
82 92
85 98
93 97
