98 98 1567
0
1
2
3
4
5
6
7
8
9
10
11
12
13
14
15
16
17
18
19
20
21
22
23
24
25
27
28
29
30
31
32
33
34
35
36
37
38
39
40
41
42
43
44
45
46
47
48
49
50
51
52
53
54
55
56
57
58
59
60
61
63
64
65
66
67
68
69
70
71
72
73
74
75
76
77
78
79
80
81
82
83
84
85
86
87
88
89
90
91
92
93
94
95
96
97
98
99
0 36
0 78
1 10
1 46
2 68
2 80
3 36
3 83
4 18
4 33
5 6
5 45
6 43
7 11
7 90
8 15
8 16
9 25
9 44
10 79
11 76
12 48
12 88
13 21
13 55
14 42
14 65
15 50
16 51
17 97
17 98
18 33
19 49
19 53
20 38
20 40
21 90
22 74
22 80
23 55
23 98
24 93
24 99
25 34
27 44
27 65
28 40
28 53
29 79
29 94
30 47
30 59
31 75
31 96
32 68
32 85
34 51
35 43
35 96
37 56
37 88
38 64
39 41
39 46
41 99
42 66
45 95
47 49
48 63
50 52
52 76
54 56
54 72
57 66
57 70
58 81
58 97
59 84
60 89
60 92
61 67
61 82
63 78
64 93
67 71
69 86
69 91
70 92
71 85
72 95
73 74
73 81
75 77
77 91
82 83
84 89
86 87
87 94
