199 199 1229
0
1
2
3
4
5
6
7
8
9
10
11
12
13
14
15
16
17
18
19
20
21
22
23
24
25
26
27
28
29
30
31
32
33
34
35
36
37
38
39
40
41
42
43
44
45
46
47
48
49
50
52
53
54
55
56
57
58
59
60
61
62
63
64
65
66
67
68
69
70
71
72
73
74
75
76
77
78
79
80
81
82
83
84
85
86
87
88
89
90
91
92
93
94
95
96
97
98
99
100
101
102
103
104
105
106
107
108
109
110
111
112
113
114
115
116
117
118
119
120
121
122
123
124
125
126
127
128
129
130
131
132
133
134
135
136
137
138
139
140
141
142
143
144
145
146
147
148
149
150
151
152
153
154
155
156
157
158
159
160
161
162
163
164
165
166
167
168
169
170
171
172
173
174
175
176
177
178
179
180
181
182
183
184
185
186
187
188
189
190
191
192
193
194
195
196
197
198
199
0 50
0 62
1 3
1 100
2 70
2 89
3 153
4 16
4 117
5 108
5 163
6 114
6 143
7 35
7 115
8 97
8 113
9 10
9 111
10 90
11 32
11 59
12 164
12 194
13 66
13 172
14 79
14 121
15 21
15 149
16 176
17 154
17 172
18 80
18 138
19 98
19 142
20 89
20 155
21 92
22 24
22 124
23 75
23 165
24 152
25 59
25 61
26 135
26 139
27 183
27 190
28 81
28 110
29 86
29 132
30 36
30 189
31 52
31 151
32 104
33 147
33 187
34 49
34 107
35 192
36 73
37 146
37 169
38 123
38 133
39 65
39 199
40 93
40 129
41 74
41 190
42 117
42 140
43 131
43 193
44 79
44 116
45 125
45 196
46 128
46 137
47 95
47 118
48 81
48 98
49 123
50 62
52 151
53 78
53 197
54 85
54 156
55 71
55 179
56 134
56 170
57 184
57 186
58 119
58 158
60 119
60 158
61 130
63 87
63 136
64 109
64 121
65 181
66 162
67 114
67 198
68 137
68 149
69 105
69 143
70 183
71 99
72 110
72 142
73 104
74 162
75 185
76 166
76 175
77 126
77 159
78 184
80 105
82 87
82 130
83 148
83 188
84 171
84 185
85 113
86 132
88 153
88 160
90 111
91 125
91 128
92 196
93 120
94 109
94 116
95 144
96 99
96 141
97 180
100 102
101 126
101 175
102 188
103 152
103 178
106 122
106 167
107 165
108 191
112 129
112 164
115 192
118 144
120 194
122 167
124 168
127 141
127 182
131 147
133 189
134 170
135 148
136 150
138 140
139 160
145 177
145 182
146 163
150 176
154 157
155 179
156 174
157 171
159 198
161 166
161 193
168 173
169 191
173 178
174 180
177 187
181 195
186 197
195 199
