98 98 912
0
1
2
3
4
5
6
7
8
10
11
12
13
14
15
16
17
18
19
20
21
22
23
24
25
26
27
28
29
30
31
32
33
34
35
36
37
38
39
40
41
42
43
44
45
46
47
48
49
50
51
52
53
54
55
56
57
58
59
60
61
62
63
64
65
66
67
68
69
70
71
72
73
74
75
77
78
79
80
81
82
83
84
85
86
87
88
89
90
91
92
93
94
95
96
97
98
99
0 53
0 57
1 18
1 35
2 52
2 81
3 8
3 89
4 24
4 84
5 27
5 88
6 82
6 92
7 33
7 40
8 14
10 54
10 58
11 15
11 39
12 83
12 99
13 22
13 30
14 46
15 86
16 40
16 78
17 28
17 97
18 55
19 72
19 90
20 44
20 84
21 43
21 56
22 30
23 27
23 42
24 87
25 35
25 71
26 59
26 63
28 73
29 41
29 80
31 88
31 99
32 43
32 64
33 78
34 57
34 85
36 54
36 95
37 51
37 90
38 48
38 85
39 77
41 94
42 53
44 68
45 50
45 75
46 64
47 91
47 93
48 51
49 62
49 92
50 65
52 66
55 71
56 65
58 98
59 63
60 73
60 75
61 74
61 91
62 95
66 67
67 82
68 70
69 70
69 96
72 89
74 79
77 86
79 93
80 94
81 97
83 98
87 96
