90 89 1436
0
1
2
3
5
6
7
8
9
10
11
12
13
14
15
16
17
18
19
20
21
22
23
24
25
26
27
28
29
30
31
32
33
35
36
37
38
39
40
42
43
44
45
46
47
48
49
50
51
52
53
56
57
58
59
60
61
62
63
64
65
66
67
68
70
71
73
74
75
76
77
78
79
80
81
82
83
84
85
87
88
90
91
92
93
94
95
96
98
99
0 5
0 44
1 38
1 75
2 57
2 98
3 37
3 87
5 92
6 18
6 52
7 43
7 95
8 31
8 32
9 24
9 88
10 56
10 68
11 61
11 88
12 52
12 90
13 35
13 49
14 28
14 65
15 26
15 38
16 23
16 77
17 25
17 37
18 46
20 66
20 85
21 74
21 91
22 24
22 40
23 60
25 48
26 66
27 77
27 84
28 73
29 51
29 99
30 42
30 50
31 79
32 57
33 81
33 96
35 71
36 47
36 59
39 47
39 58
40 45
42 64
43 67
44 92
45 70
46 99
48 53
49 94
50 94
51 83
53 74
56 82
58 67
59 80
60 91
61 76
62 76
62 93
63 19
64 83
65 82
68 95
70 78
71 84
73 80
75 85
78 87
79 81
90 98
93 96
