Error code = 10013
Unable to write to file './output/N100D0.3K5T0P0.1/model.lp'

72 72 1145
1
2
4
6
8
10
11
12
13
14
15
17
19
22
23
25
26
27
28
29
30
31
32
33
35
36
37
38
39
40
41
43
45
46
48
50
51
52
55
56
58
61
62
65
66
67
68
69
71
72
73
74
75
76
77
80
81
82
83
85
87
89
90
91
92
93
94
95
96
97
98
99
1 89
1 90
2 87
2 94
4 62
4 67
6 11
6 83
8 14
8 52
10 50
10 92
11 83
12 28
12 89
13 93
13 97
14 41
15 45
15 75
17 33
17 72
19 31
19 95
22 80
22 92
23 26
23 37
25 28
25 40
26 98
27 76
27 91
29 55
29 82
30 74
30 91
31 33
32 36
32 51
35 43
35 87
36 48
37 68
38 52
38 65
39 46
39 58
40 73
41 72
43 69
45 77
46 56
48 76
50 82
51 85
55 69
56 80
58 61
61 99
62 67
65 98
66 74
66 93
68 71
71 96
73 81
75 96
77 95
81 94
85 90
97 99
