143 143 1816
27
75
27
61
27
61
88
89
53
26
83
39
62
39
1
39
43
7
21
48
21
82
21
49
8
49
7
67
7
67
71
67
15
81
15
10
72
73
72
29
92
42
70
20
42
6
86
16
50
16
86
65
38
98
35
44
35
44
97
94
30
47
30
9
11
57
37
57
41
5
41
87
25
23
93
23
96
17
40
34
78
3
32
85
32
91
76
58
52
13
24
13
24
0
24
31
77
90
12
18
12
95
4
63
4
45
4
2
66
36
84
46
84
46
80
74
68
99
69
33
51
33
60
28
59
14
22
64
22
14
28
14
22
46
55
79
56
79
19
54
19
27
61
27 75
27 75
27 61
27 61
27 61
61 88
88 89
53 89
26 53
26 83
39 83
39 62
39 62
1 39
1 39
39 43
7 43
7 21
21 48
21 48
21 82
21 82
21 49
8 49
8 49
7 49
7 67
7 67
7 67
67 71
67 71
15 67
15 81
15 81
10 15
10 72
72 73
72 73
29 72
29 92
42 92
42 70
20 70
20 42
6 42
6 86
16 86
16 50
16 50
16 86
65 86
38 65
38 98
35 98
35 44
35 44
35 44
44 97
94 97
30 94
30 47
30 47
9 30
9 11
11 57
37 57
37 57
41 57
5 41
5 41
41 87
25 87
23 25
23 93
23 93
23 96
17 96
17 40
34 40
34 78
3 78
3 32
32 85
32 85
32 91
76 91
58 76
52 58
13 52
13 24
13 24
13 24
0 24
0 24
24 31
31 77
77 90
12 90
12 18
12 18
12 95
4 95
4 63
4 63
4 45
4 45
2 4
2 66
36 66
36 84
46 84
46 84
46 84
46 80
74 80
68 74
68 99
69 99
33 69
33 51
33 51
33 60
28 60
28 59
14 59
14 22
22 64
22 64
14 22
14 28
14 28
14 22
22 46
46 55
55 79
56 79
56 79
19 79
19 54
19 54
19 27
27 61
27 61
