75 75 955
0
2
4
5
6
7
8
9
11
12
13
14
15
16
17
18
19
20
22
23
24
25
26
29
30
31
32
33
34
35
38
40
42
43
45
48
49
51
52
56
57
58
59
60
61
62
63
65
66
67
68
69
70
71
72
74
76
77
80
81
82
83
84
85
87
88
89
90
91
93
94
95
96
97
98
0 31
0 33
2 72
2 95
4 12
4 76
5 29
5 51
6 9
6 80
7 22
7 23
8 87
8 97
9 77
11 15
11 57
12 82
13 52
13 65
14 69
14 82
15 67
16 18
16 31
17 63
17 66
18 33
19 48
19 57
20 30
20 67
22 49
23 91
24 35
24 56
25 58
25 88
26 49
26 68
29 45
30 61
32 40
32 81
34 45
34 80
35 61
38 62
38 89
40 52
42 70
42 85
43 59
43 72
48 98
51 83
56 96
58 71
59 70
60 84
60 94
62 84
63 66
65 94
68 91
69 96
71 88
74 93
74 98
76 95
77 83
81 89
85 90
87 97
90 93
