61 61 1016
47
31
22
21
11
10
39
10
13
28
4
31
40
25
32
30
49
15
5
15
34
29
27
16
18
44
16
17
12
33
9
33
41
35
43
7
46
48
6
24
26
24
42
8
38
45
19
23
36
3
37
1
37
20
2
0
43
14
32
25
40
31 47
22 31
21 22
11 21
10 11
10 39
10 39
10 13
13 28
4 28
4 31
31 40
25 40
25 32
30 32
30 49
15 49
5 15
5 15
15 34
29 34
27 29
16 27
16 18
18 44
16 44
16 17
12 17
12 33
9 33
9 33
33 41
35 41
35 43
7 43
7 46
46 48
6 48
6 24
24 26
24 26
24 42
8 42
8 38
38 45
19 45
19 23
23 36
3 36
3 37
1 37
1 37
20 37
2 20
0 2
0 43
14 43
14 32
25 32
25 40
40 47
