200 200 1482
0
1
2
3
4
5
6
7
8
9
10
11
12
13
14
15
16
17
18
19
20
21
22
23
24
25
26
27
28
29
30
31
32
33
34
35
36
37
38
39
40
41
42
43
44
45
46
47
48
49
50
51
52
53
54
55
56
57
58
59
60
61
62
63
64
65
66
67
68
69
70
71
72
73
74
75
76
77
78
79
80
81
82
83
84
85
86
87
88
89
90
91
92
93
94
95
96
97
98
99
100
101
102
103
104
105
106
107
108
109
110
111
112
113
114
115
116
117
118
119
120
121
122
123
124
125
126
127
128
129
130
131
132
133
134
135
136
137
138
139
140
141
142
143
144
145
146
147
148
149
150
151
152
153
154
155
156
157
158
159
160
161
162
163
164
165
166
167
168
169
170
171
172
173
174
175
176
177
178
179
180
181
182
183
184
185
186
187
188
189
190
191
192
193
194
195
196
197
198
199
0 14
0 91
1 5
1 67
2 31
2 70
3 102
3 190
4 15
4 136
5 101
6 72
6 147
7 135
7 152
8 59
8 111
9 27
9 86
10 54
10 89
11 24
11 118
12 22
12 193
13 95
13 174
14 124
15 18
16 53
16 155
17 90
17 179
18 103
19 130
19 167
20 64
20 100
21 77
21 128
22 97
23 57
23 80
24 146
25 175
25 181
26 55
26 110
27 135
28 178
28 182
29 92
29 199
30 189
30 192
31 79
32 66
32 125
33 80
33 145
34 174
34 197
35 97
35 193
36 99
36 144
37 170
37 187
38 39
38 61
39 122
40 129
40 133
41 117
41 133
42 75
42 142
43 82
43 181
44 115
44 134
45 84
45 164
46 78
46 198
47 161
47 171
48 81
48 191
49 52
49 88
50 140
50 158
51 164
51 185
52 114
53 70
54 195
55 131
56 60
56 76
57 85
58 106
58 132
59 173
60 197
61 140
62 122
62 163
63 69
63 137
64 183
65 142
65 172
66 114
67 104
68 151
68 177
69 117
71 96
71 160
72 147
73 154
73 177
74 108
74 182
75 127
76 190
77 85
78 188
79 162
81 179
82 139
83 112
83 128
84 96
86 183
87 98
87 187
88 151
89 156
90 109
91 124
92 168
93 118
93 143
94 148
94 149
95 102
98 178
99 144
100 166
101 192
103 107
104 106
105 153
105 195
107 171
108 149
109 132
110 131
111 169
112 152
113 115
113 134
116 123
116 163
119 186
119 194
120 146
120 166
121 130
121 150
123 129
125 189
126 138
126 176
127 136
137 139
138 176
141 155
141 162
143 169
145 159
148 165
150 167
153 184
154 180
156 157
157 173
158 159
160 185
161 199
165 172
168 196
170 191
175 198
180 188
184 196
186 194
