100 100 1532
0
1
2
3
4
5
6
7
8
9
10
11
12
13
14
15
16
17
18
19
20
21
22
23
24
25
26
27
28
29
30
31
32
33
34
35
36
37
38
39
40
41
42
43
44
45
46
47
48
49
50
51
52
53
54
55
56
57
58
59
60
61
62
63
64
65
66
67
68
69
70
71
72
73
74
75
76
77
78
79
80
81
82
83
84
85
86
87
88
89
90
91
92
93
94
95
96
97
98
99
0 4
0 74
1 87
1 90
2 40
2 86
3 57
3 90
4 49
5 91
5 97
6 50
6 70
7 10
7 81
8 18
8 67
9 55
9 86
10 37
11 12
11 13
12 94
13 35
14 60
14 88
15 20
15 44
16 28
16 64
17 65
17 89
18 78
19 43
19 48
20 22
21 39
21 66
22 24
23 54
23 78
24 58
25 32
25 50
26 54
26 82
27 76
27 83
28 68
29 61
29 84
30 35
30 60
31 58
31 74
32 33
33 96
34 59
34 98
36 62
36 63
37 75
38 51
38 99
39 80
40 72
41 44
41 69
42 46
42 84
43 92
45 72
45 80
46 62
47 77
47 91
48 73
49 52
51 73
52 71
53 59
53 98
55 56
56 61
57 89
63 95
64 71
65 70
66 67
68 75
69 85
76 93
77 79
79 97
81 92
82 85
83 88
87 99
93 95
94 96
