81 81 1000
0
1
2
3
4
6
7
8
9
10
11
12
13
14
15
16
17
18
21
22
23
24
25
27
29
31
33
34
35
36
37
38
39
42
43
46
47
49
50
51
52
53
54
55
56
58
59
60
61
64
65
67
68
69
71
72
73
74
75
76
77
78
79
80
81
82
84
85
86
87
89
90
91
92
93
94
95
96
97
98
99
0 50
0 97
1 9
1 99
2 60
2 95
3 4
3 51
4 55
6 43
6 64
7 17
7 54
8 71
8 87
9 79
10 59
10 96
11 16
11 74
12 14
12 58
13 69
13 89
14 69
15 65
15 73
16 47
17 72
18 67
18 85
21 33
21 60
22 81
22 90
23 46
23 51
24 36
24 89
25 39
25 53
27 65
27 68
29 56
29 87
31 35
31 77
33 36
34 46
34 80
35 72
37 81
37 90
38 50
38 76
39 49
42 61
42 97
43 79
47 95
49 53
52 64
52 93
54 98
55 71
56 84
58 92
59 85
61 82
67 96
68 75
73 80
74 86
75 99
76 82
77 84
78 91
78 94
86 93
91 94
92 98
