100 100 1180
0
1
2
3
4
5
6
7
8
9
10
11
12
13
14
15
16
17
18
19
20
21
22
23
24
25
26
27
28
29
30
31
32
33
34
35
36
37
38
39
40
41
42
43
44
45
46
47
48
49
50
51
52
53
54
55
56
57
58
59
60
61
62
63
64
65
66
67
68
69
70
71
72
73
74
75
76
77
78
79
80
81
82
83
84
85
86
87
88
89
90
91
92
93
94
95
96
97
98
99
0 55
0 97
1 54
1 73
2 7
2 15
3 12
3 71
4 46
4 99
5 34
5 71
6 22
6 91
7 51
8 41
8 62
9 56
9 64
10 17
10 78
11 86
11 99
12 50
13 52
13 60
14 87
14 95
15 38
16 26
16 80
17 23
18 33
18 72
19 63
19 70
20 59
20 85
21 42
21 66
22 72
23 66
24 26
24 51
25 37
25 69
27 57
27 85
28 39
28 80
29 39
29 81
30 83
30 96
31 81
31 88
32 63
32 82
33 94
34 93
35 90
35 92
36 50
36 70
37 54
38 78
40 41
40 49
42 47
43 48
43 84
44 67
44 76
45 79
45 84
46 97
47 77
48 75
49 93
52 88
53 61
53 92
55 98
56 64
57 75
58 62
58 89
59 77
60 68
61 76
65 87
65 95
67 90
68 94
69 74
73 74
79 82
83 96
86 98
89 91
