100 100 1102
0
1
2
3
4
5
6
7
8
9
10
11
12
13
14
15
16
17
18
19
20
21
22
23
24
25
26
27
28
29
30
31
32
33
34
35
36
37
38
39
40
41
42
43
44
45
46
47
48
49
50
51
52
53
54
55
56
57
58
59
60
61
62
63
64
65
66
67
68
69
70
71
72
73
74
75
76
77
78
79
80
81
82
83
84
85
86
87
88
89
90
91
92
93
94
95
96
97
98
99
0 45
0 46
1 13
1 73
2 29
2 42
3 92
3 98
4 38
4 40
5 7
5 36
6 16
6 89
7 47
8 29
8 49
9 75
9 92
10 64
10 73
11 24
11 35
12 22
12 32
13 64
14 50
14 70
15 90
15 98
16 89
17 52
17 95
18 23
18 78
19 39
19 66
20 62
20 99
21 57
21 69
22 25
23 67
24 42
25 47
26 43
26 58
27 58
27 59
28 32
28 36
30 41
30 86
31 48
31 78
33 54
33 55
34 90
34 91
35 81
37 53
37 75
38 79
39 83
40 88
41 44
43 74
44 65
45 82
46 69
48 67
49 96
50 74
51 72
51 77
52 84
53 87
54 97
55 60
56 68
56 76
57 68
59 94
60 96
61 63
61 71
62 76
63 80
65 93
66 83
70 97
71 82
72 77
79 88
80 99
81 94
84 95
85 87
85 91
86 93
