103 103 1078
70
83
54
23
3
2
48
41
63
44
96
84
30
38
34
81
88
4
39
66
65
66
25
43
87
75
47
78
82
9
0
7
0
95
15
77
85
90
35
89
72
50
98
57
72
64
91
52
94
33
13
97
42
27
73
27
99
6
55
12
22
74
76
19
20
18
51
80
45
62
8
36
49
14
69
29
32
67
21
17
21
53
86
46
24
56
92
93
60
68
16
28
31
71
59
79
1
61
40
37
11
26
58
70 83
54 83
23 54
3 23
2 3
2 48
41 48
41 63
44 63
44 96
84 96
30 84
30 38
34 38
34 81
81 88
4 88
4 39
39 66
65 66
65 66
25 66
25 43
43 87
75 87
47 75
47 78
78 82
9 82
0 9
0 7
0 7
0 95
15 95
15 77
77 85
85 90
35 90
35 89
72 89
50 72
50 98
57 98
57 72
64 72
64 91
52 91
52 94
33 94
13 33
13 97
42 97
27 42
27 73
27 73
27 99
6 99
6 55
12 55
12 22
22 74
74 76
19 76
19 20
18 20
18 51
51 80
45 80
45 62
8 62
8 36
36 49
14 49
14 69
29 69
29 32
32 67
21 67
17 21
17 21
21 53
53 86
46 86
24 46
24 56
56 92
92 93
60 93
60 68
16 68
16 28
28 31
31 71
59 71
59 79
1 79
1 61
40 61
37 40
11 37
11 26
26 58
58 70
