68 68 1221
0
1
4
5
6
7
8
10
14
15
16
17
18
19
20
21
22
23
24
25
26
27
28
29
30
32
34
35
36
37
38
41
42
47
48
49
51
52
54
55
56
58
59
60
61
62
63
65
66
67
68
69
72
73
78
79
82
85
87
88
89
91
92
94
95
97
98
99
0 14
0 51
1 7
1 23
4 16
4 28
5 10
5 68
6 29
6 41
7 63
8 21
8 38
10 78
14 52
15 61
15 94
16 61
17 49
17 65
18 58
18 92
19 59
19 85
20 56
20 89
21 88
22 54
22 63
23 55
24 47
24 48
25 32
25 73
26 27
26 91
27 78
28 92
29 67
30 49
30 69
32 91
34 42
34 87
35 79
35 82
36 69
36 99
37 79
37 88
38 73
41 56
42 47
48 66
51 98
52 60
54 72
55 95
58 67
59 97
60 99
62 66
62 68
65 87
72 94
82 85
89 97
95 98
