82 82 988
0
1
2
4
5
6
7
9
10
11
12
13
14
16
18
19
20
21
22
26
28
29
30
31
32
33
34
35
36
38
40
41
42
43
45
46
47
48
49
50
51
52
53
55
57
58
59
60
61
62
63
64
66
67
68
69
70
72
73
74
75
76
77
78
79
80
81
82
83
84
85
86
87
88
89
90
91
92
93
94
98
99
0 81
0 83
1 83
1 88
2 48
2 72
4 48
4 68
5 31
5 94
6 32
6 53
7 85
7 94
9 75
9 84
10 42
10 79
11 47
11 82
12 76
12 86
13 52
13 61
14 58
14 78
16 50
16 60
18 66
18 98
19 80
19 92
20 21
20 55
21 40
22 43
22 57
26 41
26 64
28 35
28 36
29 36
29 62
30 66
30 93
31 49
32 74
33 51
33 69
34 49
34 63
35 51
38 63
38 85
40 58
41 77
42 79
43 53
45 74
45 82
46 70
46 77
47 91
50 64
52 76
55 92
57 59
59 67
60 86
61 98
62 67
68 80
69 89
70 93
72 89
73 90
73 91
75 87
78 99
81 88
84 87
90 99
