130 130 1853
29
61
45
62
36
63
36
50
17
83
17
50
44
50
49
50
80
50
97
1
99
11
12
87
67
28
95
39
74
39
25
89
25
27
15
13
76
73
70
2
82
8
66
26
23
26
8
24
10
91
10
6
10
24
21
84
43
84
21
24
34
4
86
92
12
94
14
47
5
3
61
90
57
90
52
60
31
60
31
71
98
71
98
71
98
0
32
58
88
69
56
18
96
93
33
55
72
51
65
64
65
20
77
41
7
30
65
51
37
35
42
46
68
22
79
16
38
16
59
75
9
75
85
19
48
81
54
40
53
78
29 61
45 61
45 62
36 62
36 63
36 63
36 50
17 50
17 83
17 83
17 50
44 50
44 50
49 50
49 50
50 80
50 80
50 97
1 97
1 99
11 99
11 12
12 87
67 87
28 67
28 95
39 95
39 74
39 74
25 39
25 89
25 89
25 27
15 27
13 15
13 76
73 76
70 73
2 70
2 82
8 82
8 66
26 66
23 26
23 26
8 26
8 24
10 24
10 91
10 91
6 10
6 10
10 24
21 24
21 84
43 84
43 84
21 84
21 24
24 34
4 34
4 86
86 92
12 92
12 94
14 94
14 47
5 47
3 5
3 61
61 90
57 90
57 90
52 90
52 60
31 60
31 60
31 60
31 71
71 98
71 98
71 98
71 98
71 98
0 98
0 32
32 58
58 88
69 88
56 69
18 56
18 96
93 96
33 93
33 55
55 72
51 72
51 65
64 65
64 65
20 65
20 77
41 77
7 41
7 30
30 65
51 65
37 51
35 37
35 42
42 46
46 68
22 68
22 79
16 79
16 38
16 38
16 59
59 75
9 75
9 75
75 85
19 85
19 48
48 81
54 81
40 54
40 53
53 78
29 78
