100 100 958
0
1
2
3
4
5
6
7
8
9
10
11
12
13
14
15
16
17
18
19
20
21
22
23
24
25
26
27
28
29
30
31
32
33
34
35
36
37
38
39
40
41
42
43
44
45
46
47
48
49
50
51
52
53
54
55
56
57
58
59
60
61
62
63
64
65
66
67
68
69
70
71
72
73
74
75
76
77
78
79
80
81
82
83
84
85
86
87
88
89
90
91
92
93
94
95
96
97
98
99
0 40
0 95
1 5
1 46
2 36
2 90
3 59
3 94
4 64
4 78
5 34
6 41
6 71
7 60
7 66
8 44
8 89
9 23
9 72
10 52
10 94
11 18
11 98
12 45
12 81
13 17
13 68
14 34
14 99
15 16
15 62
16 97
17 21
18 79
19 39
19 46
20 67
20 85
21 32
22 29
22 38
23 56
24 52
24 60
25 44
25 57
26 35
26 47
27 30
27 92
28 43
28 63
29 38
30 92
31 79
31 98
32 93
33 47
33 72
35 84
36 37
37 43
39 80
40 70
41 83
42 58
42 86
45 81
48 55
48 69
49 56
49 80
50 51
50 65
51 54
53 74
53 91
54 67
55 69
57 89
58 73
59 99
61 76
61 77
62 63
64 93
65 70
66 85
68 95
71 83
73 96
74 91
75 77
75 88
76 88
78 84
82 87
82 97
86 96
87 90
