100 100 1169
0
1
2
3
4
5
6
7
8
9
10
11
12
13
14
15
16
17
18
19
20
21
22
23
24
25
26
27
28
29
30
31
32
33
34
35
36
37
38
39
40
41
42
43
44
45
46
47
48
49
50
51
52
53
54
55
56
57
58
59
60
61
62
63
64
65
66
67
68
69
70
71
72
73
74
75
76
77
78
79
80
81
82
83
84
85
86
87
88
89
90
91
92
93
94
95
96
97
98
99
0 47
0 56
1 4
1 5
2 7
2 96
3 11
3 49
4 13
5 60
6 11
6 49
7 39
8 70
8 74
9 53
9 96
10 15
10 54
12 57
12 86
13 27
14 19
14 55
15 36
16 58
16 75
17 25
17 63
18 34
18 91
19 72
20 78
20 90
21 48
21 64
22 87
22 98
23 73
23 87
24 59
24 74
25 61
26 50
26 52
27 30
28 43
28 83
29 51
29 59
30 42
31 84
31 91
32 37
32 93
33 73
33 98
34 41
35 45
35 50
36 80
37 39
38 68
38 76
40 60
40 66
41 51
42 44
43 89
44 84
45 80
46 77
46 79
47 79
48 95
52 68
53 82
54 81
55 56
57 78
58 97
61 85
62 64
62 95
63 75
65 66
65 99
67 69
67 97
69 92
70 71
71 72
76 92
77 99
81 88
82 89
83 90
85 88
86 94
93 94
