100 100 900
0
1
2
3
4
5
6
7
8
9
10
11
12
13
14
15
16
17
18
19
20
21
22
23
24
25
26
27
28
29
30
31
32
33
34
35
36
37
38
39
40
41
42
43
44
45
46
47
48
49
50
51
52
53
54
55
56
57
58
59
60
61
62
63
64
65
66
67
68
69
70
71
72
73
74
75
76
77
78
79
80
81
82
83
84
85
86
87
88
89
90
91
92
93
94
95
96
97
98
99
0 22
0 42
1 16
1 52
2 79
2 93
3 24
3 36
4 10
4 86
5 17
5 73
6 23
6 55
7 33
7 69
8 27
8 67
9 45
9 74
10 35
11 46
11 99
12 97
12 98
13 14
13 44
14 39
15 61
15 85
16 51
17 62
18 20
18 38
19 50
19 97
20 38
21 48
21 98
22 84
23 75
24 31
25 68
25 72
26 34
26 64
27 81
28 44
28 89
29 31
29 72
30 70
30 95
32 57
32 80
33 58
34 64
35 42
36 57
37 40
37 94
39 77
40 91
41 47
41 49
43 85
43 88
45 59
46 91
47 79
48 60
49 93
50 56
51 86
52 61
53 75
53 92
54 68
54 80
55 73
56 87
58 71
59 69
60 65
62 63
63 81
65 76
66 88
66 90
67 82
70 77
71 89
74 99
76 90
78 83
78 92
82 94
83 96
84 95
87 96
