Error code = 10013
Unable to write to file './output/N50D0.3K0T1P1.0/model.lp'

50 50 1218
0
1
2
3
4
5
6
7
8
9
10
11
12
13
14
15
16
17
18
19
20
21
22
23
24
25
26
27
28
29
30
31
32
33
34
35
36
37
38
39
40
41
42
43
44
45
46
47
48
49
0 44
0 49
1 10
1 12
2 19
2 23
3 14
3 19
4 9
4 42
5 25
5 39
6 24
6 33
7 16
7 49
8 13
8 24
9 31
10 26
11 28
11 41
12 17
13 15
14 30
15 20
16 48
17 25
18 26
18 38
20 33
21 32
21 47
22 28
22 40
23 44
27 34
27 38
29 31
29 43
30 41
32 45
34 40
35 36
35 46
36 47
37 45
37 48
39 46
42 43
