100 100 1095
0
1
2
3
4
5
6
7
8
9
10
11
12
13
14
15
16
17
18
19
20
21
22
23
24
25
26
27
28
29
30
31
32
33
34
35
36
37
38
39
40
41
42
43
44
45
46
47
48
49
50
51
52
53
54
55
56
57
58
59
60
61
62
63
64
65
66
67
68
69
70
71
72
73
74
75
76
77
78
79
80
81
82
83
84
85
86
87
88
89
90
91
92
93
94
95
96
97
98
99
0 41
0 53
1 36
1 88
2 38
2 97
3 9
3 32
4 29
4 47
5 53
5 65
6 64
6 75
7 16
7 51
8 62
8 73
9 15
10 66
10 97
11 25
11 77
12 39
12 60
13 22
13 31
14 49
14 88
15 48
16 95
17 78
17 80
18 24
18 67
19 40
19 43
20 26
20 60
21 54
21 80
22 44
23 57
23 71
24 94
25 84
26 59
27 47
27 99
28 41
28 43
29 86
30 61
30 85
31 45
32 93
33 38
33 48
34 35
34 64
35 72
36 67
37 65
37 68
39 50
40 74
42 56
42 86
44 61
45 59
46 92
46 96
49 76
50 90
51 76
52 69
52 96
54 63
55 58
55 89
56 78
57 87
58 79
62 91
63 83
66 71
68 89
69 82
70 93
70 98
72 99
73 77
74 98
75 84
79 81
81 92
82 90
83 95
85 91
87 94
