Error code = 10013
Unable to write to file './output/N100D0.3K5T0P1.0/model.lp'

99 99 1378
0
1
2
3
4
6
7
8
9
10
11
12
13
14
15
16
17
18
19
20
21
22
23
24
25
26
27
28
29
30
31
32
33
34
35
36
37
38
39
40
41
42
43
44
45
46
47
48
49
50
51
52
53
54
55
56
57
58
59
60
61
62
63
64
65
66
67
68
69
70
71
72
73
74
75
76
77
78
79
80
81
82
83
84
85
86
87
88
89
90
91
92
93
94
95
96
97
98
99
0 55
0 84
1 24
1 94
2 32
2 89
3 13
3 64
4 30
4 51
6 69
6 89
7 23
7 53
8 41
8 43
9 18
9 29
10 25
10 38
11 29
11 77
12 23
12 45
13 70
14 40
14 93
15 45
15 63
16 71
16 98
17 77
17 84
18 58
19 20
19 73
20 73
21 70
21 72
22 61
22 65
24 78
25 97
26 52
26 66
27 56
27 68
28 40
28 99
30 54
31 47
31 97
32 46
33 41
33 79
34 35
34 59
35 74
36 78
36 88
37 83
37 88
38 92
39 54
39 94
42 85
42 98
43 74
44 63
44 90
46 92
47 96
48 71
48 85
49 72
49 86
50 75
50 87
51 53
52 95
55 79
56 80
57 76
57 81
58 87
59 62
60 75
60 90
61 65
62 64
66 82
67 68
67 80
69 86
76 81
82 83
91 96
91 99
93 95
