77 77 1257
0
1
2
5
6
8
9
10
12
13
14
15
16
17
18
20
21
22
23
24
25
26
28
30
31
32
33
34
36
38
40
41
42
43
44
45
46
47
48
49
50
51
52
54
57
58
59
61
62
63
64
65
66
67
69
71
72
74
75
77
79
80
81
82
83
85
86
88
89
91
93
94
95
96
97
98
99
0 30
0 34
1 25
1 40
2 44
2 61
5 36
5 54
6 51
6 83
8 32
8 77
9 13
9 30
10 67
10 71
12 38
12 61
13 64
14 59
14 86
15 45
15 50
16 66
16 79
17 43
17 94
18 44
18 99
20 31
20 51
21 23
21 86
22 24
22 97
23 96
24 77
25 57
26 64
26 98
28 47
28 63
31 38
32 48
33 47
33 80
34 50
36 72
40 54
41 62
41 81
42 52
42 98
43 75
45 65
46 72
46 89
48 96
49 74
49 82
52 82
57 71
58 94
58 99
59 85
62 93
63 95
65 88
66 67
69 85
69 95
74 97
75 81
79 83
80 91
88 93
89 91
