99 99 938
0
1
2
3
4
5
6
7
8
9
10
11
12
13
14
15
16
17
18
19
20
21
22
23
24
25
26
27
28
29
30
31
32
33
34
35
36
37
38
39
40
41
42
43
44
45
46
47
48
49
50
51
52
53
54
55
56
57
58
59
60
61
62
63
64
65
66
67
68
69
70
71
72
73
74
75
76
77
78
79
80
81
82
83
84
85
86
87
88
89
90
91
92
94
95
96
97
98
99
0 76
0 94
1 12
1 82
2 6
2 34
3 62
3 80
4 7
4 79
5 10
5 20
6 28
7 73
8 29
8 49
9 26
9 67
10 64
11 43
11 64
12 31
13 19
13 88
14 31
14 95
15 84
15 98
16 54
16 90
17 38
17 46
18 42
18 56
19 73
20 74
21 40
21 75
22 85
22 95
23 60
23 65
24 71
24 88
25 46
25 97
26 57
27 33
27 41
28 59
29 45
30 66
30 70
32 82
32 84
33 63
34 47
35 50
35 52
36 54
36 92
37 48
37 72
38 50
39 78
39 91
40 51
41 49
42 56
43 61
44 47
44 63
45 66
48 81
51 65
52 96
53 83
53 86
55 61
55 72
57 97
58 91
58 96
59 71
60 62
67 80
68 78
68 87
69 74
69 86
70 79
75 99
76 94
77 90
77 99
81 87
83 92
85 89
89 98
