57 57 1357
63
35
32
19
29
66
29
66
29
66
48
77
55
60
8
28
89
83
23
56
68
99
52
37
80
5
34
87
62
21
1
50
13
85
3
59
57
81
58
42
58
81
65
54
31
86
41
82
39
78
46
5
70
40
12
10
90
35 63
32 35
19 32
19 29
29 66
29 66
29 66
29 66
29 66
48 66
48 77
55 77
55 60
8 60
8 28
28 89
83 89
23 83
23 56
56 68
68 99
52 99
37 52
37 80
5 80
5 34
34 87
62 87
21 62
1 21
1 50
13 50
13 85
3 85
3 59
57 59
57 81
58 81
42 58
42 58
58 81
65 81
54 65
31 54
31 86
41 86
41 82
39 82
39 78
46 78
5 46
5 70
40 70
12 40
10 12
10 90
63 90
