50 103 910
0
1
2
3
4
5
6
7
8
9
10
11
12
13
14
15
16
17
18
19
20
21
22
23
24
25
26
27
28
29
30
31
32
33
34
35
36
37
38
39
40
41
42
43
44
45
46
47
48
49
0 6
0 6
0 37
0 37
1 37
1 37
1 42
1 42
2 38
2 38
2 39
2 39
3 9
3 9
3 44
3 44
4 6
4 6
4 18
4 18
5 23
5 23
5 42
5 42
7 13
7 13
7 40
7 40
8 40
40 12
40 12
8 28
8 28
9 33
9 33
10 22
10 22
10 46
10 46
11 36
11 36
11 49
11 49
12 40
12 40
13 14
13 14
14 13
13 16
13 16
15 18
15 18
15 47
15 47
16 47
16 47
17 35
17 35
17 45
17 45
19 26
19 26
19 43
19 43
20 26
20 26
20 46
20 46
21 23
21 23
21 35
21 35
22 33
22 33
24 41
41 32
41 32
24 41
24 41
25 28
25 28
25 29
25 29
27 30
27 30
27 44
27 44
29 48
29 48
30 41
30 41
31 38
31 38
31 49
31 49
32 34
32 34
34 45
34 45
36 48
36 48
39 43
39 43
