63 63 1122
25
33
47
25
18
41
56
91
31
58
78
11
34
94
34
9
32
26
27
21
72
21
42
55
76
28
24
45
24
15
13
16
68
36
35
19
62
95
23
50
63
65
54
66
79
46
59
97
5
61
40
43
57
0
20
8
74
48
22
70
49
88
53
25 33
33 47
25 47
18 25
18 41
41 56
56 91
31 91
31 58
58 78
11 78
11 34
34 94
34 94
9 34
9 32
26 32
26 27
21 27
21 72
21 72
21 42
42 55
55 76
28 76
24 28
24 45
24 45
15 24
13 15
13 16
16 68
36 68
35 36
19 35
19 62
62 95
23 95
23 50
50 63
63 65
54 65
54 66
66 79
46 79
46 59
59 97
5 97
5 61
40 61
40 43
43 57
0 57
0 20
8 20
8 74
48 74
22 48
22 70
49 70
49 88
53 88
25 53
