50 102 1062
0
1
2
3
4
5
6
7
8
9
10
11
12
13
14
15
16
17
18
19
20
21
22
23
24
25
26
27
28
29
30
31
32
33
34
35
36
37
38
39
40
41
42
43
44
45
46
47
48
49
0 5
0 5
0 40
0 40
1 47
1 47
1 49
1 49
2 13
2 13
2 21
21 26
21 26
3 27
3 27
3 35
3 35
4 44
4 44
4 48
4 48
5 37
5 37
6 18
6 18
6 18
18 27
18 27
7 23
7 23
7 36
7 36
8 37
8 37
8 45
8 45
9 39
9 39
9 47
9 47
10 15
10 15
10 46
10 46
11 16
11 16
11 36
11 36
12 22
12 22
12 25
12 25
13 38
13 38
14 33
14 33
14 41
14 41
15 45
15 45
16 34
16 34
17 19
17 19
17 34
17 34
18 23
18 23
19 24
19 24
20 31
20 31
20 43
20 43
21 26
21 26
21 32
21 32
22 29
22 29
24 31
24 31
25 28
25 28
28 49
28 49
29 48
29 48
30 41
30 41
30 43
30 43
32 35
32 35
33 42
33 42
38 46
38 46
39 40
39 40
42 44
42 44
