211 211 1514
45
1
108
104
83
130
126
51
187
28
61
59
197
35
113
124
56
135
23
120
155
58
150
121
198
121
169
81
26
30
195
149
158
179
151
20
92
98
128
0
190
50
34
80
166
107
184
48
102
27
11
138
95
157
182
157
84
159
25
49
66
29
22
143
21
87
21
63
47
86
131
160
185
37
85
77
183
5
36
39
171
10
137
115
43
147
4
146
144
69
125
58
192
133
175
52
191
19
106
9
154
7
3
164
199
129
168
57
163
70
156
167
72
42
161
112
189
14
42
72
76
67
176
101
96
54
97
38
74
148
44
139
172
119
172
15
109
186
33
99
24
99
18
65
6
55
153
111
16
127
13
79
180
17
31
173
110
193
90
32
12
118
170
142
41
71
41
116
194
105
140
62
46
75
122
145
132
162
60
53
91
196
178
134
82
40
114
78
136
174
94
64
93
181
93
152
123
89
68
117
141
2
188
177
103
88
100
73
100
68
8
1 45
1 108
104 108
83 104
83 130
126 130
51 126
51 187
28 187
28 61
59 61
59 197
35 197
35 113
113 124
56 124
56 135
23 135
23 120
120 155
58 155
58 150
121 150
121 198
121 198
121 169
81 169
26 81
26 30
30 195
149 195
149 158
158 179
151 179
20 151
20 92
92 98
98 128
0 128
0 190
50 190
34 50
34 80
80 166
107 166
107 184
48 184
48 102
27 102
11 27
11 138
95 138
95 157
157 182
157 182
84 157
84 159
25 159
25 49
49 66
29 66
22 29
22 143
21 143
21 87
21 87
21 63
47 63
47 86
86 131
131 160
160 185
37 185
37 85
77 85
77 183
5 183
5 36
36 39
39 171
10 171
10 137
115 137
43 115
43 147
4 147
4 146
144 146
69 144
69 125
58 125
58 192
133 192
133 175
52 175
52 191
19 191
19 106
9 106
9 154
7 154
3 7
3 164
164 199
129 199
129 168
57 168
57 163
70 163
70 156
156 167
72 167
42 72
42 161
112 161
112 189
14 189
14 42
42 72
72 76
67 76
67 176
101 176
96 101
54 96
54 97
38 97
38 74
74 148
44 148
44 139
139 172
119 172
119 172
15 172
15 109
109 186
33 186
33 99
24 99
24 99
18 99
18 65
6 65
6 55
55 153
111 153
16 111
16 127
13 127
13 79
79 180
17 180
17 31
31 173
110 173
110 193
90 193
32 90
12 32
12 118
118 170
142 170
41 142
41 71
41 71
41 116
116 194
105 194
105 140
62 140
46 62
46 75
75 122
122 145
132 145
132 162
60 162
53 60
53 91
91 196
178 196
134 178
82 134
40 82
40 114
78 114
78 136
136 174
94 174
64 94
64 93
93 181
93 181
93 152
123 152
89 123
68 89
68 117
117 141
2 141
2 188
177 188
103 177
88 103
88 100
73 100
73 100
68 100
8 68
8 45
