97 97 813
0
1
3
4
5
6
7
9
10
11
12
13
14
15
16
17
18
19
20
21
22
23
24
25
26
27
29
30
31
32
33
34
35
36
37
38
39
40
41
42
43
44
45
46
47
48
49
50
51
52
53
54
55
56
57
58
59
60
61
62
63
64
65
66
67
68
69
70
71
72
73
74
75
76
77
78
79
80
81
82
83
84
85
86
87
88
89
90
91
92
93
94
95
96
97
98
99
0 10
0 16
1 76
1 79
3 21
3 39
4 52
4 66
5 53
5 63
6 25
6 72
7 47
7 71
9 55
9 78
10 98
11 46
11 92
12 22
12 53
13 67
13 70
14 26
14 29
15 24
15 50
16 88
17 18
17 56
18 86
19 44
19 86
20 36
20 92
21 64
22 96
23 48
23 57
24 89
25 72
26 95
27 56
27 68
29 34
30 59
30 77
31 74
31 83
32 40
32 58
33 46
33 80
34 43
35 73
35 94
36 89
37 61
37 84
38 63
38 69
39 54
40 58
41 90
41 99
42 82
42 96
43 95
44 75
45 60
45 61
47 60
48 59
49 68
49 70
50 97
51 66
51 80
52 75
54 64
55 78
57 67
62 65
62 93
65 93
69 81
71 85
73 84
74 76
77 98
79 91
81 87
82 91
83 87
85 88
90 99
94 97
