99 99 898
0
2
3
4
5
6
7
8
9
10
11
12
13
14
15
16
17
18
19
20
21
22
23
24
25
26
27
28
29
30
31
32
33
34
35
36
37
38
39
40
41
42
43
44
45
46
47
48
49
50
51
52
53
54
55
56
57
58
59
60
61
62
63
64
65
66
67
68
69
70
71
72
73
74
75
76
77
78
79
80
81
82
83
84
85
86
87
88
89
90
91
92
93
94
95
96
97
98
99
0 50
0 57
2 8
2 28
3 78
3 83
4 66
4 90
5 37
5 42
6 44
6 82
7 22
7 63
8 16
9 32
9 38
10 29
10 34
11 74
11 78
12 21
12 80
13 36
13 50
14 58
14 65
15 75
15 91
16 49
17 47
17 94
18 54
18 70
19 20
19 31
20 60
21 83
22 56
23 24
23 82
24 63
25 36
25 99
26 88
26 99
27 33
27 38
28 58
29 30
30 96
31 93
32 37
33 87
34 85
35 68
35 86
39 81
39 95
40 81
40 95
41 53
41 65
42 87
43 48
43 84
44 73
45 55
45 79
46 62
46 69
47 64
48 84
49 96
51 89
51 98
52 67
52 76
53 59
54 92
55 74
56 67
57 66
59 97
60 93
61 71
61 85
62 77
64 94
68 86
69 79
70 92
71 73
72 89
72 98
75 91
76 80
77 97
88 90
