98 98 815
0
1
3
4
5
6
7
8
9
10
11
12
13
14
15
16
17
18
19
20
21
22
23
24
25
26
27
28
29
30
31
32
33
34
35
36
37
38
39
40
41
42
43
44
45
46
47
48
49
50
51
52
53
54
55
56
57
58
59
60
61
62
63
64
65
66
67
68
69
70
71
72
73
74
75
76
77
78
79
80
81
82
83
84
85
86
87
88
89
90
92
93
94
95
96
97
98
99
0 46
0 55
1 36
1 47
3 6
3 80
4 14
4 84
5 9
5 62
6 81
7 33
7 50
8 19
8 28
9 13
10 19
10 48
11 39
11 92
12 51
12 70
13 94
14 25
15 29
15 80
16 69
16 85
17 57
17 58
18 49
18 52
20 62
20 82
21 44
21 71
22 59
22 98
23 48
23 95
24 61
24 99
25 31
26 65
26 95
27 57
27 93
28 82
29 40
30 32
30 75
31 64
32 75
33 50
34 41
34 61
35 58
35 60
36 47
37 38
37 46
38 68
39 56
40 54
41 63
42 43
42 89
43 97
44 79
45 84
45 99
49 52
51 65
53 83
53 96
54 97
55 94
56 87
59 73
60 73
63 66
64 70
66 90
67 71
67 79
68 76
69 85
72 77
72 88
74 76
74 78
77 86
78 81
83 96
86 88
87 92
89 90
93 98
