73 73 1287
63
23
70
34
49
43
42
36
32
36
39
36
44
36
39
36
39
15
86
9
19
9
0
62
91
87
93
74
75
69
47
65
72
79
88
28
59
28
8
20
64
92
67
71
84
66
37
24
37
61
37
66
99
48
84
71
60
51
96
78
77
83
73
21
58
94
53
45
81
70
23
63
76
23 63
23 70
34 70
34 49
43 49
42 43
36 42
32 36
32 36
36 39
36 39
36 44
36 44
36 39
36 39
36 39
15 39
15 86
9 86
9 19
9 19
0 9
0 62
62 91
87 91
87 93
74 93
74 75
69 75
47 69
47 65
65 72
72 79
79 88
28 88
28 59
28 59
8 28
8 20
20 64
64 92
67 92
67 71
71 84
66 84
37 66
24 37
24 37
37 61
37 61
37 66
66 99
48 99
48 84
71 84
60 71
51 60
51 96
78 96
77 78
77 83
73 83
21 73
21 58
58 94
53 94
45 53
45 81
70 81
23 70
23 63
63 76
63 76
