100 100 1093
0
1
2
3
4
5
6
7
8
9
10
11
12
13
14
15
16
17
18
19
20
21
22
23
24
25
26
27
28
29
30
31
32
33
34
35
36
37
38
39
40
41
42
43
44
45
46
47
48
49
50
51
52
53
54
55
56
57
58
59
60
61
62
63
64
65
66
67
68
69
70
71
72
73
74
75
76
77
78
79
80
81
82
83
84
85
86
87
88
89
90
91
92
93
94
95
96
97
98
99
0 60
0 66
1 14
1 45
2 8
2 95
3 34
3 53
4 9
4 55
5 31
5 35
6 57
6 71
7 57
7 71
8 69
9 21
10 74
10 86
11 73
11 97
12 47
12 98
13 78
13 99
14 86
15 29
15 90
16 39
16 80
17 68
17 84
18 43
18 74
19 63
19 78
20 25
20 30
21 44
22 37
22 92
23 59
23 72
24 25
24 45
26 42
26 94
27 55
27 61
28 70
28 93
29 56
30 46
31 64
32 72
32 89
33 87
33 92
34 40
35 58
36 43
36 53
37 70
38 48
38 77
39 80
40 63
41 85
41 94
42 51
44 83
46 67
47 99
48 77
49 51
49 82
50 61
50 93
52 73
52 97
54 56
54 75
58 64
59 96
60 81
62 65
62 89
65 67
66 81
68 91
69 76
75 88
76 95
79 84
79 85
82 91
83 90
87 88
96 98
