95 95 1015
0
1
2
3
4
5
6
7
8
9
10
11
12
13
14
15
16
17
18
19
20
21
22
23
24
25
27
28
29
30
31
32
33
34
35
36
39
41
42
43
44
45
46
47
48
49
50
51
52
53
54
55
56
57
58
59
60
61
62
63
64
65
67
68
69
70
71
72
73
74
75
76
77
78
79
80
81
82
83
84
85
86
87
88
89
90
91
92
93
94
95
96
97
98
99
0 46
0 55
1 8
1 19
2 41
2 76
3 30
3 43
4 58
4 83
5 61
5 90
6 22
6 52
7 24
7 54
8 15
9 81
9 89
10 24
10 94
11 47
11 85
12 30
12 63
13 42
13 69
14 60
14 82
15 96
16 33
16 34
17 22
17 95
18 32
18 36
19 57
20 63
20 72
21 36
21 96
23 53
23 83
25 49
25 97
27 68
27 77
28 56
28 81
29 79
29 95
31 64
31 80
32 86
33 44
34 44
35 57
35 59
39 50
39 74
41 92
42 67
43 51
45 68
45 87
46 93
47 71
48 73
48 88
49 56
50 74
51 98
52 61
53 58
54 69
55 70
59 87
60 78
62 79
62 90
64 80
65 72
65 99
67 91
70 93
71 92
73 82
75 84
75 91
76 85
77 98
78 88
84 89
86 97
94 99
