200 200 1261
0
1
2
3
4
5
6
7
8
9
10
11
12
13
14
15
16
17
18
19
20
21
22
23
24
25
26
27
28
29
30
31
32
33
34
35
36
37
38
39
40
41
42
43
44
45
46
47
48
49
50
51
52
53
54
55
56
57
58
59
60
61
62
63
64
65
66
67
68
69
70
71
72
73
74
75
76
77
78
79
80
81
82
83
84
85
86
87
88
89
90
91
92
93
94
95
96
97
98
99
100
101
102
103
104
105
106
107
108
109
110
111
112
113
114
115
116
117
118
119
120
121
122
123
124
125
126
127
128
129
130
131
132
133
134
135
136
137
138
139
140
141
142
143
144
145
146
147
148
149
150
151
152
153
154
155
156
157
158
159
160
161
162
163
164
165
166
167
168
169
170
171
172
173
174
175
176
177
178
179
180
181
182
183
184
185
186
187
188
189
190
191
192
193
194
195
196
197
198
199
0 70
0 104
1 20
1 170
2 24
2 43
3 120
3 146
4 17
4 72
5 6
5 10
6 129
7 9
7 166
8 97
8 150
9 181
10 139
11 28
11 112
12 66
12 183
13 134
13 191
14 157
14 194
15 81
15 137
16 58
16 155
17 128
18 44
18 135
19 65
19 190
20 34
21 167
21 179
22 60
22 122
23 148
23 196
24 174
25 109
25 119
26 145
26 151
27 86
27 163
28 112
29 45
29 188
30 92
30 117
31 56
31 68
32 47
32 160
33 35
33 74
34 92
35 147
36 63
36 198
37 106
37 124
38 64
38 96
39 54
39 199
40 138
40 153
41 78
41 172
42 176
42 185
43 113
44 45
46 55
46 71
47 152
48 88
48 155
49 101
49 102
50 130
50 171
51 76
51 116
52 98
52 108
53 67
53 162
54 122
55 177
56 196
57 110
57 140
58 94
59 75
59 100
60 199
61 103
61 126
62 79
62 131
63 165
64 111
65 192
66 81
67 79
68 69
69 148
70 104
71 177
72 100
73 180
73 189
74 193
75 128
76 168
77 89
77 173
78 156
80 107
80 118
82 95
82 136
83 151
83 161
84 113
84 169
85 150
85 158
86 163
87 121
87 154
88 178
89 195
90 164
90 192
91 97
91 197
93 116
93 160
94 142
95 189
96 102
98 186
99 115
99 141
101 111
103 126
105 183
105 184
106 181
107 133
108 168
109 129
110 179
114 119
114 149
115 144
117 118
120 165
121 170
123 176
123 185
124 166
125 156
125 161
127 152
127 186
130 140
131 149
132 138
132 153
133 158
134 139
135 188
136 180
137 159
141 144
142 187
143 171
143 175
145 172
146 198
147 193
154 190
157 167
159 191
162 184
164 175
169 174
173 195
178 182
182 187
194 197
