73 73 1412
4
35
76
8
32
50
61
92
61
50
34
79
34
50
31
29
21
54
40
25
16
6
1
58
17
0
64
36
64
39
52
25
59
28
23
28
24
95
72
68
87
71
27
71
98
33
9
5
41
48
73
48
45
69
51
47
63
57
30
66
38
62
67
46
65
90
70
43
26
2
26
86
22
4 35
35 76
8 76
8 32
32 50
50 61
61 92
61 92
50 61
34 50
34 79
34 79
34 50
31 50
29 31
21 29
21 54
40 54
25 40
16 25
6 16
1 6
1 58
17 58
0 17
0 64
36 64
36 64
39 64
39 52
25 52
25 59
28 59
23 28
23 28
24 28
24 95
72 95
68 72
68 87
71 87
27 71
27 71
71 98
33 98
9 33
5 9
5 41
41 48
48 73
48 73
45 48
45 69
51 69
47 51
47 63
57 63
30 57
30 66
38 66
38 62
62 67
46 67
46 65
65 90
70 90
43 70
26 43
2 26
2 26
26 86
22 86
4 22
