63 63 1132
33
48
5
0
1
32
23
40
44
32
1
46
6
19
41
45
3
45
41
28
35
42
35
29
20
6
39
8
39
10
12
11
4
21
26
21
27
18
2
18
2
24
34
30
38
31
13
9
17
7
16
15
25
15
47
49
36
22
14
37
43
37
48
33 48
5 48
0 5
0 1
1 32
23 32
23 40
40 44
32 44
1 32
1 46
6 46
6 19
19 41
41 45
3 45
3 45
41 45
28 41
28 35
35 42
35 42
29 35
20 29
6 20
6 39
8 39
8 39
10 39
10 12
11 12
4 11
4 21
21 26
21 26
21 27
18 27
2 18
2 18
2 18
2 24
24 34
30 34
30 38
31 38
13 31
9 13
9 17
7 17
7 16
15 16
15 25
15 25
15 47
47 49
36 49
22 36
14 22
14 37
37 43
37 43
37 48
33 48
