96 96 1407
0
1
2
3
4
5
6
7
8
9
10
11
12
13
14
15
16
17
18
19
21
22
23
24
25
26
27
28
29
30
31
32
33
34
35
36
37
38
39
40
41
42
43
44
45
47
48
49
50
51
52
53
54
55
56
57
58
59
60
61
62
63
64
65
66
67
68
69
71
72
73
74
75
76
77
78
79
80
81
82
83
84
85
86
87
88
89
90
91
92
93
94
95
96
97
99
0 9
0 39
1 51
1 82
2 58
2 67
3 10
3 22
4 16
4 19
5 13
5 21
6 44
6 99
7 29
7 43
8 29
8 59
9 64
10 65
11 13
11 37
12 17
12 95
14 74
14 78
15 37
15 62
16 39
17 59
18 50
18 79
19 76
21 27
22 57
23 26
23 79
24 56
24 75
25 44
25 68
26 94
27 32
28 35
28 67
30 38
30 64
31 47
31 96
32 62
33 38
33 69
34 40
34 58
35 73
36 81
36 94
40 77
41 63
41 72
42 71
42 92
43 77
45 54
45 90
47 99
48 74
48 85
49 76
49 87
50 84
51 83
52 54
52 78
53 63
53 80
55 66
55 91
56 95
57 68
60 90
60 96
61 80
61 89
65 83
66 97
69 82
71 85
72 88
73 75
81 84
86 88
86 91
87 89
92 93
93 97
