199 199 1888
0
1
2
3
4
5
6
7
8
9
10
11
12
13
14
15
16
17
18
19
20
21
22
23
24
25
26
27
28
29
30
31
32
33
34
35
36
37
38
39
40
41
42
43
44
45
46
47
48
49
50
51
52
53
54
55
56
57
58
59
60
61
62
63
64
65
66
67
68
69
70
71
72
73
74
75
76
77
78
79
80
81
82
83
84
85
86
87
88
89
90
91
92
93
94
95
96
97
98
99
100
101
102
103
104
105
106
107
108
109
110
111
112
113
114
115
116
117
118
119
120
121
122
123
124
125
126
127
128
129
130
131
132
133
134
135
136
137
138
139
140
141
142
143
144
145
146
147
148
149
150
151
152
153
154
155
156
157
158
159
160
161
162
163
164
165
166
167
168
169
170
171
172
173
174
175
176
177
178
179
180
181
182
183
184
185
186
188
189
190
191
192
193
194
195
196
197
198
199
0 106
0 163
1 159
1 162
2 135
2 183
3 48
3 176
4 76
4 143
5 34
5 125
6 71
6 180
7 25
7 112
8 114
8 165
9 95
9 138
10 29
10 67
11 41
11 73
12 17
12 88
13 98
13 154
14 142
14 168
15 46
15 85
16 20
16 43
17 98
18 71
18 169
19 32
19 50
20 31
21 178
21 189
22 130
22 175
23 75
23 146
24 53
24 182
25 33
26 105
26 121
27 72
27 147
28 42
28 173
29 83
30 118
30 132
31 133
32 79
33 112
34 45
35 53
35 59
36 101
36 172
37 44
37 136
38 100
38 104
39 167
39 196
40 93
40 153
41 198
42 129
43 59
44 176
45 103
46 141
47 73
47 126
48 133
49 123
49 160
50 137
51 70
51 141
52 63
52 191
54 82
54 179
55 132
55 150
56 61
56 86
57 79
57 81
58 152
58 199
60 150
60 197
61 130
62 119
62 156
63 108
64 134
64 161
65 99
65 159
66 80
66 190
67 117
68 106
68 120
69 77
69 145
70 183
72 83
74 148
74 177
75 142
76 197
77 102
78 151
78 186
80 91
81 175
82 87
84 161
84 185
85 152
86 96
87 190
88 193
89 100
89 172
90 124
90 131
91 110
92 94
92 177
93 122
94 103
95 111
96 170
97 118
97 134
99 111
101 170
102 184
104 160
105 107
107 171
108 155
109 119
109 149
110 127
113 147
113 198
114 144
115 148
115 157
116 188
116 194
117 120
121 195
122 154
123 181
124 138
125 163
126 131
127 135
128 166
128 192
129 178
136 188
137 155
139 158
139 186
140 143
140 164
144 191
145 184
146 168
149 166
151 182
153 193
156 192
157 189
158 167
162 171
164 174
165 196
169 180
173 195
174 185
179 199
181 194
