100 100 1491
0
1
2
3
4
5
6
7
8
9
10
11
12
13
14
15
16
17
18
19
20
21
22
23
24
25
26
27
28
29
30
31
32
33
34
35
36
37
38
39
40
41
42
43
44
45
46
47
48
49
50
51
52
53
54
55
56
57
58
59
60
61
62
63
64
65
66
67
68
69
70
71
72
73
74
75
76
77
78
79
80
81
82
83
84
85
86
87
88
89
90
91
92
93
94
95
96
97
98
99
0 8
0 16
1 23
1 61
2 63
2 88
3 34
3 41
4 79
4 97
5 42
5 69
6 16
6 79
7 59
7 77
8 82
9 49
9 50
10 61
10 71
11 68
11 92
12 26
12 43
13 64
13 87
14 34
14 75
15 46
15 72
17 86
17 94
18 30
18 65
19 38
19 51
20 22
20 53
21 57
21 75
22 25
23 81
24 31
24 51
25 97
26 86
27 94
27 95
28 33
28 85
29 35
29 55
30 55
31 57
32 47
32 54
33 64
35 89
36 85
36 91
37 58
37 72
38 80
39 74
39 92
40 52
40 60
41 89
42 88
43 73
44 65
44 69
45 63
45 93
46 70
47 67
48 50
48 82
49 68
52 78
53 70
54 71
56 81
56 84
58 93
59 98
60 95
62 83
62 96
66 78
66 84
67 91
73 99
74 87
76 77
76 96
80 83
90 98
90 99
