50 102 797
0
1
2
3
4
5
6
7
8
9
10
11
12
13
14
15
16
17
18
19
20
21
22
23
24
25
26
27
28
29
30
31
32
33
34
35
36
37
38
39
40
41
42
43
44
45
46
47
48
49
0 16
0 16
0 26
0 26
1 9
1 9
1 46
1 46
2 4
2 4
2 37
2 37
3 24
3 24
3 36
3 36
4 44
4 44
5 28
5 28
5 34
5 34
6 21
6 21
6 39
6 39
7 12
7 12
7 31
7 31
8 26
8 26
8 31
8 31
9 14
9 14
10 20
10 20
10 43
10 43
11 35
35 29
35 29
11 35
11 35
12 22
12 22
13 18
13 18
13 39
13 39
14 16
14 16
15 35
15 35
15 42
15 42
17 23
17 23
17 29
17 29
18 42
18 42
19 40
19 40
19 47
19 47
20 44
20 44
21 37
21 37
22 32
22 32
23 45
23 45
24 27
24 27
25 33
25 33
25 49
25 49
27 30
27 30
28 36
28 36
30 27
27 38
27 38
32 41
32 41
33 45
33 45
34 48
34 48
38 49
38 49
40 48
40 48
41 43
41 43
46 47
46 47
