86 86 1192
1
2
3
4
5
6
7
8
9
10
12
13
14
15
16
17
18
19
20
21
22
24
25
26
28
29
30
31
33
34
35
36
38
39
40
43
45
46
48
49
50
51
52
53
54
55
57
58
59
60
61
62
63
64
65
66
67
68
69
70
72
73
74
75
76
77
78
79
81
82
83
85
86
87
88
89
90
91
92
93
94
95
96
97
98
99
1 22
1 43
2 7
2 28
3 61
3 77
4 55
4 89
5 31
5 90
6 49
6 87
7 69
8 33
8 87
9 51
9 70
10 62
10 73
12 64
12 81
13 29
13 86
14 30
14 91
15 35
15 45
16 40
16 54
17 55
17 90
18 66
18 92
19 70
19 85
20 38
20 99
21 50
21 89
22 98
24 46
24 91
25 74
25 94
26 38
26 73
28 34
29 54
30 67
31 68
33 93
34 94
35 98
36 48
36 96
39 58
39 95
40 69
43 92
45 88
46 97
48 67
49 59
50 65
51 60
52 79
52 93
53 64
53 65
57 85
57 88
58 61
59 78
60 72
62 82
63 86
63 97
66 77
68 76
72 74
75 79
75 83
76 82
78 81
83 96
95 99
