195 195 2133
0
1
2
3
4
5
6
7
8
10
11
12
13
14
15
16
17
19
20
21
22
23
24
25
26
27
28
29
30
31
32
33
34
35
36
37
38
39
40
41
42
43
44
45
46
47
48
49
50
51
52
53
54
55
56
57
58
59
60
61
62
63
64
65
66
67
68
69
70
71
72
73
74
75
76
77
78
79
80
81
82
83
84
85
86
87
88
89
90
91
92
93
94
95
96
97
98
99
100
101
102
103
104
105
106
107
108
109
110
111
112
113
114
115
116
117
118
119
120
121
122
123
124
125
126
127
128
129
130
131
132
133
134
135
136
137
138
139
140
141
142
143
144
145
146
147
148
149
150
151
152
153
154
155
156
157
158
159
161
163
164
165
166
167
168
169
171
172
173
174
175
176
177
178
179
180
181
182
183
184
185
186
187
188
189
190
191
192
193
194
195
196
197
198
199
0 136
0 143
1 137
1 195
2 164
2 166
3 8
3 64
4 17
4 55
5 76
5 102
6 34
6 48
7 27
7 126
8 85
10 71
10 79
11 52
11 103
12 159
12 185
13 40
13 51
14 68
14 75
15 65
15 111
16 24
16 155
17 144
19 163
19 188
20 60
20 79
21 153
21 167
22 56
22 151
23 128
23 183
24 142
25 67
25 72
26 58
26 65
27 51
28 30
28 110
29 81
29 117
30 187
31 95
31 191
32 172
32 189
33 41
33 130
34 48
35 104
35 138
36 71
36 145
37 89
37 140
38 73
38 74
39 118
39 154
40 74
41 151
42 127
42 138
43 44
43 145
44 137
45 115
45 177
46 122
46 143
47 128
47 154
49 165
49 178
50 84
50 92
52 131
53 106
53 147
54 157
54 171
55 114
56 106
57 66
57 179
58 86
59 141
59 199
60 177
61 101
61 182
62 156
62 196
63 100
63 126
64 111
66 179
67 103
68 82
69 88
69 193
70 112
70 150
72 149
73 113
75 124
76 189
77 113
77 123
78 152
78 184
80 95
80 107
81 107
82 125
83 132
83 141
84 169
85 98
86 186
87 129
87 157
88 196
89 115
90 194
90 198
91 158
91 161
92 195
93 117
93 169
94 180
94 182
96 99
96 181
97 134
97 168
98 135
99 153
100 164
101 174
102 190
104 120
105 110
105 174
108 158
108 159
109 125
109 176
112 197
114 131
116 130
116 186
118 149
119 146
119 199
120 136
121 144
121 183
122 132
123 165
124 148
127 172
129 163
133 156
133 194
134 147
135 168
139 175
139 192
140 146
142 198
148 184
150 176
152 185
155 193
161 197
166 190
167 181
171 188
173 175
173 191
178 192
180 187
