97 97 1097
0
1
2
3
4
5
6
7
8
9
10
11
12
13
14
15
16
17
18
19
20
21
23
24
25
26
27
28
29
30
31
32
33
34
35
36
37
38
39
40
41
42
44
45
46
47
48
49
50
51
52
53
54
55
56
57
58
59
60
61
62
63
64
65
66
67
68
69
70
71
72
73
74
75
76
77
78
79
80
81
82
83
84
85
86
87
88
89
90
91
93
94
95
96
97
98
99
0 14
0 56
1 87
1 94
2 61
2 80
3 67
3 88
4 27
4 39
5 66
5 79
6 65
6 77
7 34
7 37
8 44
8 96
9 38
9 53
10 11
10 50
11 57
12 55
12 84
13 16
13 27
14 79
15 34
15 64
16 90
17 21
17 81
18 33
18 78
19 60
19 91
20 59
20 91
21 58
23 82
23 97
24 26
24 45
25 74
25 76
26 80
28 33
28 78
29 32
29 61
30 55
30 77
31 49
31 63
32 45
35 52
35 81
36 62
36 69
37 67
38 93
39 48
40 70
40 83
41 64
41 99
42 51
42 60
44 76
46 68
46 71
47 56
47 90
48 86
49 89
50 86
51 54
52 84
53 73
54 59
57 98
58 87
62 69
63 89
65 83
66 95
68 71
70 94
72 73
72 75
74 97
75 99
82 98
85 93
85 96
88 95
