60 60 1325
63
23
70
34
49
43
91
62
0
25
90
41
12
55
45
53
16
14
57
46
31
32
36
39
68
65
4
19
9
2
40
6
72
79
30
3
7
54
61
37
3
52
26
35
96
59
96
27
96
92
64
60
71
67
73
21
73
28
8
76
23 63
23 70
34 70
34 49
43 49
43 91
62 91
0 62
0 25
25 90
41 90
12 41
12 55
45 55
45 53
16 53
14 16
14 57
46 57
31 46
31 32
32 36
36 39
39 68
65 68
4 65
4 19
9 19
2 9
2 40
6 40
6 72
72 79
30 79
3 30
3 7
7 54
54 61
37 61
3 37
3 52
26 52
26 35
35 96
59 96
59 96
27 96
27 96
92 96
64 92
60 64
60 71
67 71
67 73
21 73
21 73
28 73
8 28
8 76
63 76
