60 60 2765
66
29
72
198
98
48
82
10
169
16
94
145
157
86
146
31
1
128
167
80
52
12
113
108
195
2
56
44
21
124
160
34
65
93
33
42
103
35
0
136
64
24
30
39
125
163
74
25
55
40
37
40
37
38
32
61
154
17
145
63
29 66
29 72
72 198
98 198
48 98
48 82
10 82
10 169
16 169
16 94
94 145
145 157
86 157
86 146
31 146
1 31
1 128
128 167
80 167
52 80
12 52
12 113
108 113
108 195
2 195
2 56
44 56
21 44
21 124
124 160
34 160
34 65
65 93
33 93
33 42
42 103
35 103
0 35
0 136
64 136
24 64
24 30
30 39
39 125
125 163
74 163
25 74
25 55
40 55
37 40
37 40
37 40
37 38
32 38
32 61
61 154
17 154
17 145
63 145
63 66
