266 266 2362
67
54
67
25
116
192
195
192
135
192
116
66
151
66
145
106
193
106
38
85
146
40
96
91
64
176
42
176
100
176
131
177
2
86
87
137
20
19
20
166
87
48
87
120
53
158
120
92
101
188
81
44
103
174
81
164
169
164
7
164
81
164
107
136
107
70
107
16
0
160
0
160
184
26
11
65
11
138
157
194
111
194
140
105
140
157
138
26
63
1
144
1
77
69
5
56
127
51
8
162
83
71
56
127
141
35
197
33
22
185
4
180
189
154
128
132
43
129
45
179
6
45
159
163
172
163
43
10
99
98
133
46
30
24
27
24
30
167
30
46
133
14
121
97
110
117
17
124
17
178
17
122
191
55
191
152
41
198
78
51
127
51
21
102
76
102
72
104
29
123
9
39
82
39
79
29
187
183
84
139
74
199
74
62
88
62
80
168
196
168
37
143
28
181
28
130
58
118
58
90
108
143
147
170
52
32
12
173
12
95
148
134
113
155
126
113
175
84
75
119
49
142
60
3
60
31
153
161
153
31
182
94
182
47
73
18
59
165
34
59
13
186
112
186
114
36
150
190
23
61
171
149
171
115
171
109
125
57
89
68
50
156
15
93
67
25
54 67
54 67
25 67
25 116
116 192
192 195
192 195
135 192
135 192
116 192
66 116
66 151
66 151
66 145
106 145
106 193
106 193
38 106
38 85
85 146
40 146
40 96
91 96
64 91
64 176
42 176
42 176
100 176
100 176
131 176
131 177
2 177
2 86
86 87
87 137
20 137
19 20
19 20
20 166
87 166
48 87
48 87
87 120
53 120
53 158
120 158
92 120
92 101
101 188
81 188
44 81
44 103
103 174
81 174
81 164
164 169
164 169
7 164
7 164
81 164
81 164
107 164
107 136
107 136
70 107
70 107
16 107
0 16
0 160
0 160
0 160
160 184
26 184
11 26
11 65
11 65
11 138
138 157
157 194
111 194
111 194
140 194
105 140
105 140
140 157
138 157
26 138
26 63
1 63
1 144
1 144
1 77
69 77
5 69
5 56
56 127
51 127
8 51
8 162
83 162
71 83
56 71
56 127
127 141
35 141
35 197
33 197
22 33
22 185
4 185
4 180
180 189
154 189
128 154
128 132
43 132
43 129
45 129
45 179
6 179
6 45
45 159
159 163
163 172
163 172
43 163
10 43
10 99
98 99
98 133
46 133
30 46
24 30
24 27
24 27
24 30
30 167
30 167
30 46
46 133
14 133
14 121
97 121
97 110
110 117
17 117
17 124
17 124
17 178
17 178
17 122
122 191
55 191
55 191
152 191
41 152
41 198
78 198
51 78
51 127
51 127
21 51
21 102
76 102
76 102
72 102
72 104
29 104
29 123
9 123
9 39
39 82
39 82
39 79
29 79
29 187
183 187
84 183
84 139
74 139
74 199
74 199
62 74
62 88
62 88
62 80
80 168
168 196
168 196
37 168
37 143
28 143
28 181
28 181
28 130
58 130
58 118
58 118
58 90
90 108
108 143
143 147
147 170
52 170
32 52
12 32
12 173
12 173
12 95
95 148
134 148
113 134
113 155
126 155
113 126
113 175
84 175
75 84
75 119
49 119
49 142
60 142
3 60
3 60
31 60
31 153
153 161
153 161
31 153
31 182
94 182
94 182
47 182
47 73
18 73
18 59
59 165
34 165
34 59
13 59
13 186
112 186
112 186
114 186
36 114
36 150
150 190
23 190
23 61
61 171
149 171
149 171
115 171
115 171
109 171
109 125
57 125
57 89
68 89
50 68
50 156
15 156
15 93
67 93
25 67
25 67
