97 97 1492
0
1
2
3
4
5
6
7
8
9
10
11
12
13
14
15
16
17
18
19
20
21
22
23
24
25
26
27
28
29
30
31
32
33
34
35
36
37
38
39
40
41
42
43
44
45
47
49
50
51
52
53
54
55
56
57
58
59
60
61
62
63
64
65
66
67
68
69
70
71
72
73
74
75
76
77
79
80
81
82
83
84
85
86
87
88
89
90
91
92
93
94
95
96
97
98
99
0 33
0 67
1 58
1 65
2 12
2 21
3 9
3 18
4 27
4 42
5 26
5 49
6 32
6 39
7 14
7 38
8 13
8 66
9 60
10 63
10 72
11 70
11 93
12 21
13 59
14 86
15 23
15 54
16 81
16 84
17 55
17 80
18 41
19 24
19 72
20 64
20 99
22 81
22 99
23 55
24 44
25 45
25 74
26 56
27 96
28 65
28 84
29 33
29 82
30 83
30 90
31 32
31 75
34 53
34 67
35 40
35 56
36 49
36 87
37 38
37 88
39 54
40 57
41 60
42 70
43 61
43 71
44 63
45 73
47 62
47 74
50 95
50 97
51 80
51 86
52 66
52 79
53 94
57 91
58 87
59 77
61 98
62 69
64 79
68 73
68 76
69 76
71 98
75 92
77 94
82 83
85 89
85 96
88 90
89 92
91 93
95 97
