200 200 1546
0
1
2
3
4
5
6
7
8
9
10
11
12
13
14
15
16
17
18
19
20
21
22
23
24
25
26
27
28
29
30
31
32
33
34
35
36
37
38
39
40
41
42
43
44
45
46
47
48
49
50
51
52
53
54
55
56
57
58
59
60
61
62
63
64
65
66
67
68
69
70
71
72
73
74
75
76
77
78
79
80
81
82
83
84
85
86
87
88
89
90
91
92
93
94
95
96
97
98
99
100
101
102
103
104
105
106
107
108
109
110
111
112
113
114
115
116
117
118
119
120
121
122
123
124
125
126
127
128
129
130
131
132
133
134
135
136
137
138
139
140
141
142
143
144
145
146
147
148
149
150
151
152
153
154
155
156
157
158
159
160
161
162
163
164
165
166
167
168
169
170
171
172
173
174
175
176
177
178
179
180
181
182
183
184
185
186
187
188
189
190
191
192
193
194
195
196
197
198
199
0 52
0 122
1 17
1 37
2 45
2 123
3 47
3 79
4 114
4 126
5 43
5 72
6 128
6 138
7 24
7 82
8 65
8 131
9 16
9 153
10 30
10 147
11 48
11 98
12 78
12 123
13 25
13 92
14 33
14 155
15 121
15 145
16 112
17 80
18 146
18 159
19 87
19 177
20 97
20 180
21 46
21 125
22 127
22 133
23 81
23 131
24 134
25 51
26 30
26 93
27 64
27 139
28 160
28 162
29 63
29 191
31 125
31 130
32 37
32 170
33 62
34 96
34 184
35 154
35 196
36 63
36 152
38 108
38 117
39 42
39 176
40 58
40 159
41 129
41 152
42 132
43 68
44 165
44 192
45 69
46 166
47 124
48 98
49 119
49 169
50 74
50 179
51 110
52 70
53 56
53 196
54 104
54 157
55 88
55 155
56 154
57 60
57 95
58 105
59 100
59 178
60 189
61 114
61 135
62 107
64 144
65 112
66 127
66 192
67 106
67 120
68 190
69 168
70 171
71 107
71 181
72 106
73 90
73 113
74 164
75 129
75 176
76 186
76 194
77 105
77 143
78 173
79 124
80 199
81 150
82 134
83 163
83 186
84 100
84 193
85 99
85 171
86 148
86 149
87 177
88 133
89 101
89 158
90 144
91 156
91 194
92 130
93 173
94 165
94 198
95 147
96 167
97 103
99 136
101 158
102 110
102 150
103 180
104 121
108 156
109 181
109 197
111 132
111 195
113 161
115 140
115 174
116 163
116 193
117 168
118 195
118 198
119 169
120 179
122 167
126 183
128 148
135 182
136 184
137 141
137 172
138 160
139 161
140 185
141 199
142 175
142 189
143 174
145 146
149 166
151 157
151 172
153 187
162 188
164 183
170 175
178 187
182 190
185 188
191 197
