99 99 1075
0
1
2
3
5
6
7
8
9
10
11
12
13
14
15
16
17
18
19
20
21
22
23
24
25
26
27
28
29
30
31
32
33
34
35
36
37
38
39
40
41
42
43
44
45
46
47
48
49
50
51
52
53
54
55
56
57
58
59
60
61
62
63
64
65
66
67
68
69
70
71
72
73
74
75
76
77
78
79
80
81
82
83
84
85
86
87
88
89
90
91
92
93
94
95
96
97
98
99
0 33
0 55
1 20
1 62
2 65
2 94
3 46
3 59
5 38
5 48
6 14
6 52
7 8
7 88
8 88
9 12
9 57
10 16
10 84
11 45
11 76
12 85
13 35
13 59
14 80
15 62
15 71
16 19
17 56
17 93
18 50
18 94
19 48
20 23
21 38
21 50
22 60
22 73
23 79
24 40
24 46
25 92
25 96
26 45
26 57
27 35
27 86
28 44
28 89
29 37
29 65
30 42
30 66
31 90
31 96
32 39
32 86
33 55
34 53
34 61
36 69
36 75
37 97
39 97
40 49
41 54
41 83
42 89
43 47
43 51
44 63
47 70
49 70
51 77
52 64
53 61
54 91
56 92
58 81
58 99
60 95
63 84
64 80
66 72
67 68
67 98
68 73
69 75
71 79
72 87
74 77
74 90
76 78
78 87
81 82
82 99
83 85
91 93
95 98
