200 200 1261
0
1
2
3
4
5
6
7
8
9
10
11
12
13
14
15
16
17
18
19
20
21
22
23
24
25
26
27
28
29
30
31
32
33
34
35
36
37
38
39
40
41
42
43
44
45
46
47
48
49
50
51
52
53
54
55
56
57
58
59
60
61
62
63
64
65
66
67
68
69
70
71
72
73
74
75
76
77
78
79
80
81
82
83
84
85
86
87
88
89
90
91
92
93
94
95
96
97
98
99
100
101
102
103
104
105
106
107
108
109
110
111
112
113
114
115
116
117
118
119
120
121
122
123
124
125
126
127
128
129
130
131
132
133
134
135
136
137
138
139
140
141
142
143
144
145
146
147
148
149
150
151
152
153
154
155
156
157
158
159
160
161
162
163
164
165
166
167
168
169
170
171
172
173
174
175
176
177
178
179
180
181
182
183
184
185
186
187
188
189
190
191
192
193
194
195
196
197
198
199
0 57
0 117
1 47
1 121
2 89
2 167
3 80
3 189
4 8
4 147
5 6
5 186
6 144
7 35
7 61
8 132
9 94
9 120
10 109
10 177
11 146
11 157
12 66
12 166
13 21
13 163
14 27
14 49
15 33
15 65
16 93
16 185
17 106
17 197
18 137
18 152
19 64
19 90
20 73
20 183
21 155
22 24
22 108
23 63
23 79
24 39
25 117
25 172
26 95
26 152
27 111
28 67
28 132
29 79
29 122
30 73
30 118
31 130
31 151
32 168
32 193
33 74
34 85
34 110
35 61
36 37
36 59
37 91
38 112
38 171
39 182
40 41
40 194
41 194
42 141
42 195
43 51
43 123
44 127
44 148
45 71
45 105
46 70
46 122
47 86
48 60
48 170
49 52
50 123
50 159
51 116
52 145
53 93
53 196
54 78
54 82
55 86
55 133
56 142
56 160
57 63
58 64
58 170
59 149
60 90
62 119
62 125
65 163
66 166
67 147
68 83
68 92
69 84
69 176
70 129
71 138
72 88
72 128
74 84
75 158
75 187
76 110
76 191
77 155
77 195
78 190
80 189
81 180
81 191
82 151
83 181
85 153
87 145
87 185
88 143
89 140
91 196
92 121
94 103
95 137
96 167
96 192
97 159
97 174
98 154
98 184
99 101
99 133
100 112
100 138
101 175
102 150
102 193
103 162
104 113
104 181
105 130
106 172
107 134
107 161
108 188
109 139
111 190
113 169
114 158
114 168
115 154
115 156
116 198
118 183
119 146
120 142
124 131
124 169
125 157
126 141
126 148
127 198
128 143
129 197
131 176
134 161
135 136
135 178
136 178
139 188
140 180
144 164
149 175
150 187
153 192
156 184
160 162
164 199
165 173
165 179
171 174
173 179
177 182
186 199
