100 99 1523
0
1
2
3
4
5
6
7
8
9
10
11
12
13
14
15
16
17
18
19
20
21
22
23
24
25
26
27
28
29
30
31
32
33
34
35
36
37
38
39
40
41
42
43
44
45
46
47
48
49
50
51
52
53
54
55
56
57
58
59
60
61
62
63
64
65
66
67
68
69
70
71
72
73
74
75
76
77
78
79
80
81
82
83
84
85
86
87
88
89
90
91
92
93
94
95
96
97
98
99
0 32
0 71
1 36
1 66
2 19
2 91
3 4
3 36
4 65
5 13
5 37
6 72
6 85
7 33
7 81
8 76
8 77
9 17
9 20
10 51
10 90
11 21
11 82
12 61
12 79
13 86
14 83
14 86
15 69
15 78
16 22
16 27
17 55
18 25
18 77
19 44
20 81
21 41
22 84
23 93
23 95
24 29
24 67
25 60
26 70
26 74
27 58
28 56
28 59
29 32
30 40
30 51
31 41
31 66
33 89
34 48
34 92
35 64
35 83
37 75
38 46
38 62
39 46
39 65
40 90
42 43
42 87
43 61
44 74
45 53
45 62
47 48
47 64
49 68
49 94
50 55
50 82
53 97
54 75
54 98
56 87
57 52
58 96
59 88
60 73
63 68
63 93
67 95
69 96
70 80
71 92
72 85
73 78
76 84
79 94
80 99
88 91
89 99
97 98
