78 78 1213
0
1
2
3
4
6
7
8
9
10
11
12
14
15
16
18
19
21
22
23
25
26
27
28
29
30
31
32
33
34
36
38
39
40
41
44
45
46
47
48
49
50
51
52
53
54
55
56
57
58
60
61
62
63
64
65
67
68
71
72
73
74
77
78
80
81
82
84
86
87
88
89
90
92
93
94
97
98
0 27
0 54
1 73
1 86
2 65
2 72
3 86
3 92
4 16
4 64
6 21
6 41
7 22
7 88
8 11
8 22
9 60
9 97
10 28
10 73
11 89
12 33
12 44
14 19
14 90
15 34
15 41
16 64
18 47
18 82
19 45
21 34
23 25
23 48
25 71
26 61
26 67
27 62
28 92
29 40
29 84
30 51
30 77
31 39
31 53
32 45
32 90
33 52
36 38
36 87
38 49
39 93
40 77
44 52
46 56
46 82
47 94
48 89
49 87
50 68
50 74
51 62
53 78
54 63
55 78
55 98
56 94
57 58
57 61
58 71
60 80
63 67
65 72
68 74
80 97
81 84
81 88
93 98
