95 95 1373
0
1
2
3
4
5
6
7
8
9
10
12
13
14
15
16
17
18
19
20
21
22
23
24
26
27
28
29
30
31
32
33
34
35
36
37
38
39
40
41
42
43
44
45
46
47
48
49
50
51
52
53
54
55
56
57
58
59
60
61
62
63
64
65
66
67
68
69
72
74
75
76
77
78
79
80
81
82
83
84
85
86
87
88
89
90
91
92
93
94
95
96
97
98
99
0 65
0 85
1 58
1 84
2 60
2 89
3 14
3 90
4 13
4 29
5 21
5 26
6 15
6 65
7 28
7 69
8 44
8 51
9 34
9 59
10 21
10 34
12 22
12 53
13 46
14 63
15 78
16 36
16 92
17 39
17 87
18 57
18 61
19 77
19 87
20 35
20 85
22 74
23 60
23 79
24 27
24 48
26 62
27 31
28 82
29 45
30 53
30 93
31 99
32 51
32 79
33 64
33 83
35 38
36 62
37 40
37 75
38 61
39 54
40 49
41 46
41 88
42 78
42 88
43 77
43 98
44 95
45 80
47 49
47 94
48 57
50 81
50 97
52 63
52 91
54 59
55 56
55 75
56 81
58 74
64 82
66 83
66 95
67 96
67 97
68 76
68 96
69 91
72 92
72 98
76 93
80 84
86 90
86 99
89 94
