100 100 874
0
1
2
3
4
5
6
7
8
9
10
11
12
13
14
15
16
17
18
19
20
21
22
23
24
25
26
27
28
29
30
31
32
33
34
35
36
37
38
39
40
41
42
43
44
45
46
47
48
49
50
51
52
53
54
55
56
57
58
59
60
61
62
63
64
65
66
67
68
69
70
71
72
73
74
75
76
77
78
79
80
81
82
83
84
85
86
87
88
89
90
91
92
93
94
95
96
97
98
99
0 1
0 71
1 44
2 40
2 54
3 65
3 90
4 17
4 96
5 80
5 95
6 61
6 71
7 45
7 87
8 25
8 78
9 11
9 84
10 12
10 27
11 84
12 18
13 16
13 33
14 35
14 64
15 69
15 89
16 34
17 91
18 27
19 58
19 89
20 22
20 53
21 42
21 81
22 63
23 60
23 75
24 46
24 76
25 78
26 86
26 98
28 73
28 94
29 30
29 50
30 66
31 85
31 98
32 34
32 56
33 37
35 36
36 39
37 73
38 58
38 59
39 62
40 57
41 49
41 99
42 79
43 83
43 85
44 52
45 77
46 76
47 93
47 95
48 52
48 55
49 51
50 51
53 63
54 57
55 99
56 67
59 94
60 75
61 68
62 80
64 66
65 91
67 68
69 97
70 83
70 96
72 82
72 90
74 88
74 92
77 87
79 81
82 97
86 93
88 92
