198 198 1505
0
1
2
3
4
5
6
7
8
9
10
11
12
13
14
15
16
17
18
19
20
21
22
23
24
25
26
27
28
29
30
31
32
33
34
35
36
37
38
39
40
41
42
43
44
45
46
47
48
49
50
51
52
53
54
55
56
57
58
59
60
61
62
63
64
65
66
67
68
69
70
71
72
73
74
75
76
77
78
79
80
81
82
83
84
85
86
87
88
89
90
91
92
93
94
95
96
97
98
99
100
101
102
103
104
105
106
107
108
109
110
111
112
113
114
115
116
117
118
119
120
121
122
123
124
125
126
127
128
129
130
131
132
133
134
135
136
137
138
139
140
141
142
143
144
145
146
147
148
149
150
151
152
153
154
155
156
157
158
159
160
162
163
164
165
166
167
168
170
171
172
173
174
175
176
177
178
179
180
181
182
183
184
185
186
187
188
189
190
191
192
193
194
195
196
197
198
199
0 27
0 72
1 129
1 187
2 5
2 92
3 30
3 164
4 48
4 178
5 81
6 26
6 91
7 90
7 97
8 21
8 53
9 163
9 197
10 168
10 199
11 55
11 194
12 140
12 170
13 87
13 90
14 21
14 77
15 48
15 188
16 101
16 141
17 105
17 145
18 43
18 173
19 117
19 166
20 136
20 149
22 50
22 99
23 137
23 176
24 29
24 35
25 57
25 155
26 132
27 191
28 55
28 112
29 35
30 83
31 109
31 127
32 33
32 127
33 120
34 68
34 165
36 138
36 141
37 73
37 134
38 77
38 132
39 100
39 103
40 56
40 91
41 123
41 193
42 52
42 136
43 164
44 106
44 130
45 70
45 192
46 93
46 189
47 57
47 106
49 102
49 112
50 98
51 113
51 118
52 146
53 85
54 107
54 185
56 60
58 64
58 96
59 121
59 195
60 111
61 84
61 174
62 123
62 196
63 140
63 190
64 181
65 104
65 184
66 108
66 148
67 78
67 142
68 122
69 79
69 156
70 149
71 172
71 184
72 151
73 197
74 103
74 173
75 109
75 120
76 118
76 171
78 124
79 156
80 86
80 110
81 93
82 186
82 194
83 115
84 111
85 114
86 179
87 97
88 146
88 180
89 190
89 191
92 95
94 115
94 145
95 135
96 110
98 99
100 105
101 138
102 160
104 183
107 193
108 162
113 171
114 170
116 151
116 198
117 182
119 125
119 139
121 175
122 185
124 142
125 176
126 158
126 199
128 131
128 133
129 134
130 153
131 192
133 167
135 165
137 139
143 158
143 168
144 160
144 195
147 163
147 174
148 155
150 153
150 177
152 154
152 162
154 177
157 166
157 182
159 187
159 189
167 188
172 183
175 196
178 186
179 181
180 198
