68 68 1419
86
31
49
30
69
36
69
65
87
34
47
24
42
13
27
78
10
5
68
26
91
25
73
21
73
21
8
11
79
37
88
37
59
89
20
29
6
75
92
18
33
18
85
19
84
43
82
55
23
55
52
14
0
76
0
51
48
66
60
63
7
40
70
22
61
15
72
54
31 86
31 49
30 49
30 69
36 69
36 69
65 69
65 87
34 87
34 47
24 47
24 42
13 42
13 27
27 78
10 78
5 10
5 68
26 68
26 91
25 91
25 73
21 73
21 73
21 73
8 21
8 11
11 79
37 79
37 88
37 88
37 59
59 89
20 89
20 29
6 29
6 75
75 92
18 92
18 33
18 33
18 85
19 85
19 84
43 84
43 82
55 82
23 55
23 55
52 55
14 52
0 14
0 76
0 76
0 51
48 51
48 66
60 66
60 63
7 63
7 40
40 70
22 70
22 61
15 61
15 72
54 72
54 86
