61 61 1071
30
20
28
54
25
50
19
55
98
85
60
89
79
89
81
67
75
32
16
53
34
35
48
31
26
14
22
12
84
17
10
87
70
66
69
91
47
62
23
5
4
72
99
86
21
18
13
58
77
15
93
1
90
29
39
29
57
27
11
0
33
20 30
20 28
28 54
25 54
25 50
19 50
19 55
55 98
85 98
60 85
60 89
79 89
79 89
81 89
67 81
67 75
32 75
16 32
16 53
34 53
34 35
35 48
31 48
26 31
14 26
14 22
12 22
12 84
17 84
10 17
10 87
70 87
66 70
66 69
69 91
47 91
47 62
23 62
5 23
4 5
4 72
72 99
86 99
21 86
18 21
13 18
13 58
58 77
15 77
15 93
1 93
1 90
29 90
29 39
29 39
29 57
27 57
11 27
0 11
0 33
30 33
