59 59 1673
32
163
35
20
120
51
150
52
23
62
39
150
51
190
134
28
43
64
16
76
89
93
9
29
155
129
57
119
15
170
47
53
183
1
40
16
113
196
2
105
10
34
8
111
34
122
37
45
5
0
26
46
185
46
75
60
83
60
181
32 163
35 163
20 35
20 120
51 120
51 150
52 150
23 52
23 62
39 62
39 150
51 150
51 190
134 190
28 134
28 43
43 64
16 64
16 76
76 89
89 93
9 93
9 29
29 155
129 155
57 129
57 119
15 119
15 170
47 170
47 53
53 183
1 183
1 40
16 40
16 113
113 196
2 196
2 105
10 105
10 34
8 34
8 111
34 111
34 122
37 122
37 45
5 45
0 5
0 26
26 46
46 185
46 185
46 75
60 75
60 83
60 83
60 181
32 181
