50 101 882
0
1
2
3
4
5
6
7
8
9
10
11
12
13
14
15
16
17
18
19
20
21
22
23
24
25
26
27
28
29
30
31
32
33
34
35
36
37
38
39
40
41
42
43
44
45
46
47
48
49
0 14
0 14
0 18
0 18
1 6
1 6
1 30
1 30
2 10
2 10
2 27
2 27
3 6
3 6
3 29
3 29
4 5
4 5
4 40
4 40
5 8
5 8
7 37
7 37
7 49
7 49
8 29
8 29
9 13
9 13
9 26
9 26
10 44
10 44
11 39
11 39
11 43
11 43
12 42
12 42
12 43
12 43
13 25
13 25
14 20
14 20
15 22
15 22
15 44
15 44
16 38
16 38
16 42
16 42
17 31
17 31
17 36
17 36
18 36
18 36
19 21
19 21
19 41
19 41
20 47
20 47
21 35
21 35
22 33
22 33
23 46
23 46
23 48
23 48
24 30
24 30
24 48
24 48
25 38
25 38
26 32
26 32
27 45
27 45
28 7
7 37
7 37
28 39
28 39
31 49
31 49
32 45
32 45
33 40
33 40
34 35
34 35
34 46
34 46
41 47
41 47
