62 62 1081
72
38
1
46
31
66
18
79
45
41
14
6
96
76
52
50
63
25
44
11
78
67
89
67
5
9
97
70
35
48
47
21
34
23
22
21
36
43
53
49
24
54
7
69
30
65
58
92
61
17
68
13
98
77
2
28
42
95
12
82
74
94
38 72
1 38
1 46
31 46
31 66
18 66
18 79
45 79
41 45
14 41
6 14
6 96
76 96
52 76
50 52
50 63
25 63
25 44
11 44
11 78
67 78
67 89
67 89
5 67
5 9
9 97
70 97
35 70
35 48
47 48
21 47
21 34
23 34
22 23
21 22
21 36
36 43
43 53
49 53
24 49
24 54
7 54
7 69
30 69
30 65
58 65
58 92
61 92
17 61
17 68
13 68
13 98
77 98
2 77
2 28
28 42
42 95
12 95
12 82
74 82
74 94
72 94
