100 100 932
0
1
2
3
4
5
6
7
8
9
10
11
12
13
14
15
16
17
18
19
20
21
22
23
24
25
26
27
28
29
30
31
32
33
34
35
36
37
38
39
40
41
42
43
44
45
46
47
48
49
50
51
52
53
54
55
56
57
58
59
60
61
62
63
64
65
66
67
68
69
70
71
72
73
74
75
76
77
78
79
80
81
82
83
84
85
86
87
88
89
90
91
92
93
94
95
96
97
98
99
0 76
0 90
1 5
1 49
2 3
2 27
3 27
4 35
4 61
5 84
6 78
6 83
7 25
7 60
8 93
8 98
9 31
9 44
10 47
10 59
11 66
11 97
12 31
12 44
13 52
13 68
14 43
14 76
15 25
15 86
16 57
16 87
17 45
17 84
18 23
18 98
19 22
19 38
20 63
20 70
21 79
21 90
22 49
23 34
24 46
24 81
26 67
26 88
28 36
28 92
29 55
29 82
30 33
30 48
32 41
32 87
33 71
34 75
35 99
36 58
37 77
37 92
38 94
39 56
39 99
40 42
40 95
41 57
42 64
43 66
45 95
46 96
47 77
48 72
50 58
50 75
51 60
51 82
52 70
53 55
53 65
54 64
54 80
56 86
59 67
61 74
62 79
62 89
63 78
65 80
68 83
69 93
69 97
71 91
72 85
73 91
73 94
74 96
81 89
85 88
