64 64 1150
0
1
2
4
7
8
10
14
16
17
18
20
21
22
23
27
28
29
32
33
34
36
37
42
43
44
46
47
48
50
51
52
53
54
56
57
58
61
62
63
64
66
68
70
72
73
74
78
79
80
83
84
85
88
89
90
91
92
93
94
96
97
98
99
0 37
0 52
1 52
1 66
2 36
2 44
4 91
4 99
7 8
7 21
8 99
10 44
10 92
14 61
14 93
16 46
16 78
17 28
17 34
18 36
18 89
20 79
20 84
21 85
22 32
22 96
23 63
23 79
27 33
27 66
28 98
29 32
29 56
33 72
34 54
37 50
42 53
42 83
43 51
43 85
46 74
47 91
47 97
48 51
48 53
50 57
54 58
56 83
57 68
58 94
61 90
62 80
62 88
63 78
64 88
64 96
68 97
70 89
70 94
72 93
73 84
73 90
74 98
80 92
