63 63 1101
0
3
7
9
11
13
14
16
17
21
23
24
26
27
28
30
31
32
33
34
35
36
38
39
40
41
42
43
53
54
56
57
59
60
63
65
66
67
68
69
71
73
74
75
76
77
79
81
82
83
84
85
87
88
90
91
92
93
95
96
97
98
99
0 9
0 17
3 24
3 40
7 42
7 63
9 65
11 56
11 99
13 53
13 77
14 38
14 63
16 56
16 60
17 73
21 41
21 43
23 34
23 69
24 28
26 53
26 68
27 57
27 82
28 83
30 77
30 82
31 39
31 54
32 66
32 95
33 71
33 85
34 84
35 60
35 76
36 59
36 75
38 40
39 97
41 79
42 81
43 98
54 69
57 87
59 66
65 90
67 73
67 93
68 97
71 75
74 84
74 98
76 83
79 95
81 96
85 88
87 91
88 92
90 92
91 99
93 96
