100 100 1125
0
1
2
3
4
5
6
7
8
9
10
11
12
13
14
15
16
17
18
19
20
21
22
23
24
25
26
27
28
29
30
31
32
33
34
35
36
37
38
39
40
41
42
43
44
45
46
47
48
49
50
51
52
53
54
55
56
57
58
59
60
61
62
63
64
65
66
67
68
69
70
71
72
73
74
75
76
77
78
79
80
81
82
83
84
85
86
87
88
89
90
91
92
93
94
95
96
97
98
99
0 8
0 79
1 9
1 71
2 11
2 43
3 56
3 81
4 19
4 37
5 17
5 68
6 14
6 81
7 64
7 78
8 55
9 79
10 61
10 86
11 26
12 59
12 74
13 72
13 97
14 82
15 54
15 70
16 39
16 94
17 95
18 52
18 88
19 27
20 51
20 63
21 49
21 62
22 33
22 78
23 31
23 34
24 34
24 36
25 30
25 39
26 99
27 59
28 32
28 48
29 57
29 74
30 43
31 57
32 44
33 84
35 56
35 58
36 98
37 54
38 82
38 87
40 53
40 65
41 47
41 71
42 77
42 93
44 92
45 61
45 86
46 73
46 88
47 50
48 92
49 66
50 60
51 99
52 73
53 95
55 70
58 68
60 90
62 65
63 75
64 67
66 91
67 85
69 76
69 87
72 93
75 90
76 80
77 94
80 91
83 89
83 96
84 85
89 97
96 98
