94 94 924
0
2
3
4
5
6
7
8
9
10
11
12
13
14
15
16
17
18
19
20
21
22
23
24
25
26
27
28
29
30
31
32
33
34
35
36
37
38
39
40
41
42
43
44
45
46
47
48
49
50
51
52
53
55
56
57
58
59
60
61
62
63
64
65
67
68
69
70
72
73
74
75
76
77
78
79
80
81
82
83
84
85
86
87
88
90
92
93
94
95
96
97
98
99
0 11
0 30
2 17
2 93
3 31
3 41
4 69
4 84
5 7
5 67
6 78
6 79
7 67
8 18
8 64
9 73
9 95
10 23
10 75
11 48
12 43
12 81
13 60
13 62
14 29
14 59
15 53
15 74
16 78
16 79
17 34
18 24
19 42
19 55
20 77
20 81
21 27
21 44
22 30
22 51
23 28
24 64
25 37
25 42
26 39
26 95
27 58
28 86
29 70
31 98
32 37
32 77
33 61
33 65
34 93
35 58
35 84
36 50
36 88
38 92
38 97
39 85
40 62
40 83
41 76
43 72
44 75
45 49
45 68
46 61
46 76
47 60
47 85
48 83
49 52
50 63
51 55
52 57
53 90
56 74
56 94
57 82
59 70
63 98
65 87
68 99
69 80
72 94
73 86
80 92
82 99
87 96
88 96
90 97
