98 98 1103
0
1
2
4
5
6
7
8
9
10
11
12
13
14
15
16
17
18
19
20
21
22
23
24
25
26
27
28
29
30
31
32
33
34
35
36
37
38
39
40
41
42
43
44
45
46
47
48
49
50
51
52
53
54
55
56
57
58
59
60
61
62
63
65
66
67
68
69
70
71
72
73
74
75
76
77
78
79
80
81
82
83
84
85
86
87
88
89
90
91
92
93
94
95
96
97
98
99
0 9
0 37
1 61
1 70
2 71
2 98
4 6
4 19
5 36
5 82
6 94
7 42
7 44
8 17
8 29
9 94
10 47
10 51
11 90
11 99
12 72
12 74
13 18
13 58
14 49
14 78
15 86
15 87
16 50
16 93
17 82
18 58
19 96
20 34
20 73
21 74
21 95
22 25
22 84
23 39
23 80
24 26
24 71
25 52
26 66
27 65
27 69
28 53
28 92
29 35
30 31
30 99
31 59
32 38
32 41
33 66
33 77
34 79
35 51
36 70
37 56
38 86
39 76
40 46
40 54
41 80
42 88
43 84
43 90
44 48
45 77
45 97
46 63
47 56
48 50
49 87
52 78
53 81
54 63
55 60
55 62
57 83
57 98
59 97
60 62
61 65
67 88
67 93
68 85
68 92
69 83
72 95
73 79
75 89
75 91
76 85
81 96
89 91
