88 88 1384
0
1
2
3
4
5
6
7
8
9
10
12
13
14
15
16
17
19
20
21
22
23
24
25
26
27
28
29
30
31
32
34
35
36
37
38
39
40
42
43
44
45
46
47
48
49
50
51
52
53
54
56
57
58
59
60
62
63
64
67
68
69
70
71
72
73
74
75
76
77
78
79
81
82
83
84
85
87
88
89
90
91
92
94
96
97
98
99
0 74
0 85
1 39
1 87
2 3
2 6
3 36
4 5
4 34
5 71
6 60
7 50
7 62
8 29
8 35
9 17
9 99
10 51
10 64
12 81
12 98
13 45
13 58
14 19
14 21
15 34
15 48
16 30
16 58
17 94
19 92
20 28
20 71
21 96
22 52
22 79
23 46
23 49
24 75
24 82
25 38
25 56
26 67
26 68
27 39
27 78
28 64
29 46
30 43
31 82
31 85
32 62
32 94
35 84
36 57
37 44
37 99
38 54
40 76
40 84
42 45
42 59
43 87
44 79
47 53
47 78
48 89
49 56
50 83
51 77
52 70
53 90
54 96
57 63
59 88
60 67
63 98
68 70
69 91
69 92
72 73
72 91
73 74
75 89
76 83
77 88
81 97
90 97
