199 347 10348
0
1
2
3
4
5
6
7
8
9
10
11
12
13
14
15
16
17
18
19
20
21
22
23
24
25
26
27
28
29
30
31
32
33
34
35
36
37
38
39
40
41
42
43
44
45
46
47
48
49
50
51
52
53
54
55
56
57
58
59
60
61
62
63
64
65
66
67
68
69
70
71
72
73
74
75
76
77
78
79
80
82
83
84
85
86
87
88
89
90
91
92
93
94
95
96
97
98
99
100
101
102
103
104
105
106
107
108
109
110
111
112
113
114
115
116
117
118
119
120
121
122
123
124
125
126
127
128
129
130
131
132
133
134
135
136
137
138
139
140
141
142
143
144
145
146
147
148
149
150
151
152
153
154
155
156
157
158
159
160
161
162
163
164
165
166
167
168
169
170
171
172
173
174
175
176
177
178
179
180
181
182
183
184
185
186
187
188
189
190
191
192
193
194
195
196
197
198
199
0 29
29 60
0 29
29 108
1 102
1 168
17 168
17 112
2 19
19 55
2 8
8 194
171 194
3 103
3 142
110 142
4 82
4 168
5 96
67 96
5 71
35 71
35 134
6 45
6 106
7 71
71 91
7 187
8 153
8 61
19 61
19 154
9 37
9 74
10 168
49 168
9 10
9 180
11 75
11 160
136 160
12 46
46 73
12 63
63 117
13 112
77 112
13 63
63 194
14 70
14 183
15 54
15 135
96 135
96 147
16 21
16 17
17 196
61 196
17 56
17 57
57 80
18 156
47 156
18 36
36 48
19 45
45 92
71 92
19 108
86 108
20 108
20 159
21 138
17 138
17 196
22 63
12 22
12 152
6 23
6 73
23 70
70 178
24 35
8 35
8 44
24 43
43 116
25 168
1 168
1 139
25 168
145 168
26 123
48 123
26 174
111 174
27 100
100 129
49 129
27 135
112 135
28 39
28 45
16 29
16 135
29 32
32 167
30 60
30 85
31 41
31 120
96 120
32 125
32 35
35 140
33 155
33 161
34 143
34 148
35 68
24 35
24 114
36 97
36 188
37 163
29 38
29 58
1 38
1 176
39 49
49 160
40 100
40 146
146 172
41 129
121 129
42 117
42 164
164 172
124 172
43 148
25 43
25 168
8 44
8 89
46 128
46 194
28 47
28 124
19 50
19 38
1 38
1 82
50 155
51 68
68 141
51 154
52 118
19 52
19 38
1 38
1 176
53 147
53 164
132 164
132 184
54 180
26 180
26 68
68 121
55 102
56 97
89 97
57 86
57 137
58 198
16 59
16 125
59 149
61 150
62 80
51 62
51 160
13 63
13 137
127 137
64 134
45 64
45 136
52 65
52 72
65 190
66 156
66 193
67 89
89 175
68 171
69 70
69 70
70 111
35 71
35 134
134 159
72 187
143 187
74 193
17 75
17 196
70 76
70 118
76 188
77 165
96 165
96 191
14 78
14 85
78 145
19 79
19 131
79 186
83 107
65 83
65 144
84 191
94 191
84 165
87 124
94 124
87 195
167 195
88 97
97 113
55 88
55 170
152 170
61 90
61 91
90 127
43 92
43 103
92 119
93 180
55 93
49 55
49 187
26 95
26 151
95 186
186 198
78 96
58 78
58 169
97 139
9 98
9 54
54 150
98 178
57 99
57 180
146 180
67 99
67 163
100 188
25 188
25 140
8 101
8 165
101 186
104 114
104 190
24 105
24 107
105 146
6 106
6 141
109 181
32 181
32 142
102 109
102 158
110 130
113 153
115 177
24 115
24 33
33 199
41 116
41 119
120 126
92 120
92 192
21 122
21 126
43 122
43 142
33 123
33 138
123 174
45 128
45 182
129 131
131 157
129 161
130 191
131 137
132 138
132 172
124 172
124 188
188 192
57 133
57 162
32 133
32 195
99 135
0 99
0 166
144 172
36 149
36 158
151 177
156 174
19 174
19 183
157 185
45 162
35 45
35 179
6 164
6 41
41 173
164 175
166 182
45 169
45 174
170 184
170 189
8 173
8 195
64 179
64 185
181 189
61 181
61 197
33 197
33 199
