198 198 1923
0
1
2
3
4
5
6
7
8
9
10
11
12
13
14
15
16
17
18
19
20
21
22
23
24
25
26
27
28
29
30
31
32
33
34
35
36
37
38
39
40
41
42
43
44
45
46
47
48
49
50
51
52
53
54
55
56
57
58
59
60
61
62
63
64
65
66
67
68
69
70
71
72
73
74
75
76
77
78
79
80
81
82
83
84
85
86
87
88
89
90
91
92
93
94
95
96
97
98
99
100
101
102
103
104
105
106
107
108
109
110
111
112
113
114
115
116
117
118
120
121
122
123
124
125
126
127
129
130
131
132
133
134
135
136
137
138
139
140
141
142
143
144
145
146
147
148
149
150
151
152
153
154
155
156
157
158
159
160
161
162
163
164
165
166
167
168
169
170
171
172
173
174
175
176
177
178
179
180
181
182
183
184
185
186
187
188
189
190
191
192
193
194
195
196
197
198
199
0 58
0 141
1 59
1 106
2 5
2 28
3 121
3 150
4 23
4 83
5 133
6 62
6 95
7 37
7 81
8 35
8 92
9 24
9 72
10 33
10 113
11 57
11 176
12 90
12 198
13 97
13 132
14 127
14 146
15 21
15 141
16 45
16 143
17 46
17 172
18 95
18 112
19 93
19 98
20 47
20 86
21 134
22 159
22 162
23 195
24 34
25 34
25 72
26 73
26 75
27 102
27 163
28 111
29 157
29 169
30 36
30 109
31 81
31 166
32 38
32 82
33 158
35 46
36 108
37 199
38 63
39 147
39 187
40 57
40 102
41 94
41 140
42 84
42 92
43 60
43 110
44 89
44 170
45 55
47 185
48 96
48 165
49 120
49 174
50 64
50 79
51 70
51 160
52 136
52 198
53 118
53 189
54 65
54 190
55 118
56 63
56 155
58 129
59 66
60 194
61 74
61 161
62 150
64 71
65 153
66 99
67 100
67 131
68 93
68 160
69 135
69 167
70 177
71 184
73 189
74 183
75 91
76 105
76 135
77 173
77 191
78 121
78 149
79 177
80 175
80 186
82 187
83 88
84 152
85 138
85 184
86 190
87 148
87 164
88 129
89 101
90 154
91 165
94 139
96 137
97 180
98 134
99 183
100 101
103 136
103 154
104 153
104 179
105 182
106 139
107 145
107 193
108 112
109 113
110 124
111 171
114 151
114 171
115 168
115 173
116 120
116 142
117 147
117 188
122 164
122 170
123 146
123 175
124 138
125 137
125 158
126 159
126 197
127 161
130 180
130 196
131 181
132 144
133 196
140 167
142 145
143 182
144 148
149 168
151 176
152 192
155 166
156 163
156 191
157 162
169 194
172 199
174 192
178 185
178 188
179 186
181 195
193 197
