97 97 876
0
1
2
3
4
5
6
7
8
9
10
11
12
13
14
15
16
17
18
19
20
21
22
23
24
25
26
27
28
29
30
31
32
33
34
35
36
37
38
39
40
41
42
43
44
45
46
47
48
50
51
52
53
54
55
56
57
58
59
60
61
62
63
64
65
66
67
68
69
70
71
72
73
75
76
77
78
79
80
81
82
83
84
85
86
87
88
89
90
91
92
93
95
96
97
98
99
0 6
0 72
1 5
1 45
2 3
2 10
3 28
4 32
4 51
5 45
6 86
7 51
7 93
8 37
8 43
9 30
9 90
10 36
11 50
11 97
12 15
12 59
13 46
13 84
14 22
14 28
15 16
16 60
17 35
17 82
18 38
18 75
19 55
19 99
20 86
20 92
21 48
21 73
22 25
23 55
23 98
24 41
24 88
25 61
26 30
26 83
27 42
27 59
29 48
29 73
31 60
31 91
32 62
33 41
33 88
34 63
34 92
35 95
36 57
37 64
38 84
39 57
39 96
40 69
40 78
42 68
43 97
44 79
44 87
46 98
47 65
47 89
50 58
52 81
52 91
53 54
53 70
54 67
56 71
56 82
58 75
61 95
62 68
63 72
64 85
65 71
66 79
66 87
67 80
69 90
70 80
76 77
76 78
77 83
81 89
85 99
93 96
