Error code = 10013
Unable to write to file './output/N100D0.5K20T0P0.5/model.lp'

80 80 1095
0
1
2
3
4
5
7
9
10
11
12
13
14
15
17
18
19
22
24
25
26
27
28
29
30
31
33
34
35
36
38
39
40
41
42
45
46
48
49
50
51
52
53
54
55
56
57
59
60
61
62
63
64
67
68
69
70
72
75
76
77
78
79
80
81
83
84
85
86
89
90
91
92
93
94
95
96
97
98
99
0 12
0 53
1 10
1 85
2 64
2 68
3 86
3 97
4 75
4 96
5 7
5 99
7 54
9 14
9 92
10 89
11 27
11 98
12 26
13 62
13 81
14 15
15 36
17 38
17 84
18 72
18 77
19 69
19 95
22 60
22 98
24 28
24 35
25 30
25 31
26 29
27 38
28 51
29 53
30 55
31 42
33 51
33 91
34 46
34 56
35 85
36 50
39 75
39 90
40 70
40 96
41 63
41 80
42 57
45 94
45 95
46 63
48 61
48 76
49 81
49 93
50 78
52 78
52 94
54 99
55 70
56 79
57 90
59 86
59 97
60 83
61 76
62 93
64 79
67 72
67 77
68 80
69 89
83 84
91 92
