95 95 1535
0
1
2
3
4
5
6
7
8
9
10
11
12
13
14
15
16
17
18
20
22
23
24
25
27
28
29
31
32
33
34
35
36
37
38
39
40
41
42
43
44
45
46
47
48
49
50
51
52
53
54
55
56
57
58
59
60
61
62
63
64
65
66
67
68
69
70
71
72
73
74
75
76
77
78
79
80
81
82
83
84
85
86
87
88
90
91
92
93
94
95
96
97
98
99
0 3
0 80
1 57
1 95
2 77
2 94
3 41
4 39
4 55
5 71
5 82
6 69
6 90
7 12
7 92
8 29
8 47
9 34
9 60
10 37
10 54
11 23
11 41
12 58
13 52
13 63
14 81
14 90
15 32
15 46
16 64
16 85
17 25
17 44
18 22
18 68
20 61
20 76
22 68
23 47
24 42
24 55
25 50
27 49
27 75
28 83
28 96
29 69
31 93
31 97
32 43
33 64
33 76
34 67
35 65
35 92
36 72
36 99
37 86
38 52
38 67
39 53
40 53
40 59
42 77
43 48
44 62
45 49
45 88
46 57
48 72
50 83
51 84
51 98
54 97
56 78
56 91
58 70
59 88
60 73
61 63
62 91
65 73
66 75
66 86
70 74
71 82
74 87
78 87
79 80
79 81
84 98
85 94
93 95
96 99
