100 100 1449
0
1
2
3
4
5
6
7
8
9
10
11
12
13
14
15
16
17
18
19
20
21
22
23
24
25
26
27
28
29
30
31
32
33
34
35
36
37
38
39
40
41
42
43
44
45
46
47
48
49
50
51
52
53
54
55
56
57
58
59
60
61
62
63
64
65
66
67
68
69
70
71
72
73
74
75
76
77
78
79
80
81
82
83
84
85
86
87
88
89
90
91
92
93
94
95
96
97
98
99
0 53
0 96
1 65
1 91
2 47
2 63
3 71
3 80
4 25
4 32
5 19
5 89
6 48
6 81
7 76
7 78
8 56
8 73
9 64
9 90
10 46
10 70
11 54
11 61
12 17
12 49
13 40
13 55
14 60
14 67
15 18
15 73
16 26
16 90
17 89
18 42
19 39
20 88
20 95
21 53
21 78
22 23
22 25
23 57
24 83
24 98
26 82
27 34
27 91
28 39
28 52
29 33
29 44
30 48
30 68
31 54
31 87
32 51
33 40
34 79
35 64
35 99
36 47
36 50
37 68
37 83
38 43
38 84
41 50
41 94
42 86
43 84
44 58
45 69
45 87
46 75
49 56
51 81
52 72
55 88
57 59
58 86
59 74
60 67
61 75
62 77
62 80
63 92
65 71
66 77
66 97
69 74
70 93
72 96
76 94
79 97
82 98
85 93
85 95
92 99
