Error code = 10013
Unable to write to file './output/N50D05K20T1P1/model.lp'

49 49 1015
0
1
2
3
4
5
6
7
8
9
10
11
12
13
14
15
16
17
18
19
20
21
22
23
24
25
26
27
28
29
30
31
32
33
34
35
36
37
38
39
41
42
43
44
45
46
47
48
49
0 17
0 18
1 12
1 21
2 36
2 38
3 5
3 31
4 7
4 25
5 47
6 30
6 48
7 27
8 14
8 24
9 18
9 26
10 21
10 23
11 17
11 32
12 41
13 24
13 39
14 19
15 16
15 34
16 33
19 29
20 45
20 48
22 28
22 37
23 49
25 39
26 46
27 42
28 33
29 45
30 35
31 46
32 35
34 44
36 42
37 43
38 47
41 44
43 49
