50 102 845
0
1
2
3
4
5
6
7
8
9
10
11
12
13
14
15
16
17
18
19
20
21
22
23
24
25
26
27
28
29
30
31
32
33
34
35
36
37
38
39
40
41
42
43
44
45
46
47
48
49
0 23
0 23
0 46
0 46
1 9
1 9
1 31
1 31
2 42
42 32
42 32
2 42
2 42
3 40
3 40
3 44
3 44
4 28
4 28
4 41
4 41
5 37
37 35
37 35
5 49
5 49
6 16
6 16
6 18
6 18
7 22
7 22
7 25
7 25
8 9
8 9
8 22
8 22
10 11
10 11
10 31
10 31
11 39
11 39
12 13
12 13
12 29
12 29
13 28
13 28
14 23
14 23
14 47
14 47
15 26
15 26
15 32
15 32
16 30
16 30
17 26
17 26
17 37
17 37
18 41
18 41
19 45
19 45
19 46
19 46
20 24
20 24
20 49
20 49
21 36
21 36
21 43
21 43
24 30
24 30
25 27
25 27
27 43
27 43
29 39
29 39
33 34
33 34
33 47
33 47
34 40
34 40
35 37
35 37
36 44
36 44
38 45
38 45
38 48
38 48
42 48
42 48
