51 51 1952
4
5
16
18
24
25
32
33
35
37
42
45
48
49
57
58
59
64
69
72
76
82
90
92
97
98
101
103
105
108
109
116
121
129
133
134
142
146
148
150
151
159
160
175
178
179
182
185
186
192
196
4 116
4 192
5 37
5 69
16 175
16 186
18 76
18 182
24 25
24 134
25 142
32 57
32 97
33 121
33 178
35 103
35 146
37 90
42 105
42 133
45 101
45 159
48 64
48 196
49 101
49 129
57 92
58 178
58 179
59 103
59 192
64 185
69 108
72 179
72 185
76 129
82 98
82 109
90 116
92 98
97 186
105 160
108 151
109 134
121 159
133 148
142 182
146 196
148 151
150 160
150 175
