89 89 848
0
1
2
3
4
5
6
8
9
10
11
12
14
15
16
17
18
19
20
21
22
24
26
27
28
29
30
31
32
33
34
35
36
37
38
39
40
41
42
43
44
45
46
47
48
50
51
54
55
56
58
59
60
61
62
63
64
65
66
67
68
69
70
72
73
74
75
76
77
78
79
80
82
83
84
85
86
87
88
89
90
91
92
93
94
95
96
98
99
0 43
0 78
1 27
1 73
2 10
2 17
3 14
3 64
4 69
4 87
5 40
5 47
6 26
6 60
8 41
8 89
9 26
9 43
10 96
11 58
11 89
12 45
12 50
14 77
15 31
15 70
16 39
16 51
17 62
18 30
18 65
19 28
19 85
20 85
20 92
21 29
21 42
22 27
22 46
24 54
24 65
28 67
29 68
30 56
31 94
32 62
32 86
33 59
33 76
34 59
34 63
35 74
35 99
36 39
36 41
37 67
37 90
38 73
38 75
40 84
42 82
44 50
44 58
45 47
46 99
48 51
48 92
54 61
55 75
55 79
56 88
60 63
61 80
64 82
66 70
66 96
68 88
69 76
72 78
72 93
74 83
77 93
79 87
80 86
83 91
84 94
90 98
91 95
95 98
