100 100 1426
0
1
2
3
4
5
6
7
8
9
10
11
12
13
14
15
16
17
18
19
20
21
22
23
24
25
26
27
28
29
30
31
32
33
34
35
36
37
38
39
40
41
42
43
44
45
46
47
48
49
50
51
52
53
54
55
56
57
58
59
60
61
62
63
64
65
66
67
68
69
70
71
72
73
74
75
76
77
78
79
80
81
82
83
84
85
86
87
88
89
90
91
92
93
94
95
96
97
98
99
0 55
0 62
1 48
1 66
2 25
2 76
3 10
3 15
4 57
4 77
5 8
5 18
6 85
6 93
7 67
7 77
8 97
9 70
9 84
10 30
11 50
11 95
12 46
12 74
13 16
13 53
14 30
14 32
15 29
16 24
17 20
17 25
18 87
19 54
19 96
20 28
21 85
21 92
22 26
22 61
23 62
23 82
24 65
26 59
27 43
27 52
28 31
29 73
31 58
32 75
33 88
33 91
34 79
34 99
35 52
35 59
36 41
36 99
37 40
37 98
38 68
38 83
39 87
39 88
40 69
41 42
42 67
43 89
44 83
44 91
45 48
45 94
46 71
47 70
47 96
49 54
49 76
50 86
51 63
51 72
53 74
55 86
56 61
56 92
57 95
58 90
60 75
60 81
63 73
64 79
64 84
65 80
66 93
68 97
69 78
71 72
78 98
80 89
81 90
82 94
