98 98 867
0
1
2
3
4
5
6
7
8
9
10
11
13
14
15
16
17
18
19
20
21
22
23
24
25
26
27
28
29
30
31
32
33
34
35
36
37
38
39
40
41
42
43
44
45
46
47
48
49
50
51
52
53
54
55
56
57
58
59
60
61
62
64
65
66
67
68
69
70
71
72
73
74
75
76
77
78
79
80
81
82
83
84
85
86
87
88
89
90
91
92
93
94
95
96
97
98
99
0 57
0 74
1 25
1 87
2 54
2 76
3 15
3 72
4 19
4 77
5 39
5 78
6 24
6 87
7 16
7 97
8 72
8 88
9 79
9 98
10 82
10 89
11 95
11 99
13 18
13 31
14 45
14 53
15 75
16 84
17 40
17 83
18 36
19 43
20 38
20 46
21 44
21 82
22 51
22 84
23 54
23 76
24 61
25 60
26 67
26 99
27 52
27 64
28 44
28 71
29 69
29 94
30 32
30 73
31 81
32 93
33 80
33 96
34 41
34 61
35 51
35 86
36 70
37 60
37 85
38 67
39 50
40 71
41 58
42 48
42 73
43 59
45 86
46 91
47 70
47 80
48 91
49 83
49 88
50 78
52 68
53 85
55 79
55 98
56 66
56 68
57 74
58 81
59 90
62 77
62 90
64 65
65 92
66 92
69 94
75 97
89 93
95 96
