50 107 1169
0
1
2
3
4
5
6
7
8
9
10
11
12
13
14
15
16
17
18
19
20
21
22
23
24
25
26
27
28
29
30
31
32
33
34
35
36
37
38
39
40
41
42
43
44
45
46
47
48
49
0 26
0 26
0 49
0 49
1 9
1 9
1 25
1 25
2 17
2 17
2 39
2 39
3 35
3 35
3 27
27 41
27 41
4 27
4 27
4 27
27 3
3 46
3 46
5 15
5 15
5 23
5 23
6 8
6 8
6 23
6 23
7 18
7 18
7 45
7 45
8 25
25 40
25 40
9 19
9 19
10 24
10 24
10 31
10 31
11 15
11 15
11 42
11 42
12 7
7 18
7 18
12 47
12 47
13 30
13 30
13 42
13 42
14 34
14 34
14 43
14 43
16 38
16 38
16 45
16 45
17 21
17 21
19 37
19 37
20 21
20 21
20 38
20 38
22 25
22 25
22 40
22 40
24 36
24 36
26 32
26 32
27 41
27 41
28 48
28 48
28 49
28 49
29 31
29 31
29 44
29 44
30 33
30 33
32 37
32 37
33 30
30 46
30 46
34 44
34 44
35 43
35 43
36 47
36 47
39 28
28 48
28 48
