93 93 1384
0
1
2
3
5
6
7
8
9
10
11
12
13
14
15
16
17
18
19
20
22
23
25
26
27
28
29
30
31
32
33
35
36
37
38
39
40
41
42
43
44
45
46
47
48
49
50
51
52
53
54
55
56
57
58
59
60
61
62
63
64
65
66
67
68
69
70
72
73
74
76
77
78
80
81
82
83
84
85
86
87
88
89
90
91
92
93
94
95
96
97
98
99
0 32
0 85
1 28
1 74
2 5
2 86
3 10
3 77
5 12
6 9
6 42
7 12
7 41
8 20
8 53
9 56
10 92
11 20
11 94
13 35
13 83
14 55
14 57
15 46
15 99
16 22
16 80
17 43
17 52
18 46
18 73
19 84
19 99
22 49
23 63
23 96
25 60
25 89
26 66
26 95
27 69
27 81
28 74
29 59
29 82
30 43
30 87
31 39
31 97
32 38
33 45
33 54
35 94
36 37
36 67
37 90
38 72
39 97
40 48
40 91
41 66
42 47
44 56
44 62
45 65
47 61
48 78
49 92
50 57
50 58
51 73
51 85
52 93
53 68
54 88
55 76
58 65
59 77
60 89
61 64
62 70
63 95
64 98
67 83
68 96
69 81
70 98
72 80
76 90
78 91
82 86
84 88
87 93
