50 100 660
0
1
2
3
4
5
6
7
8
9
10
11
12
13
14
15
16
17
18
19
20
21
22
23
24
25
26
27
28
29
30
31
32
33
34
35
36
37
38
39
40
41
42
43
44
45
46
47
48
49
0 17
0 17
0 29
0 29
1 3
1 3
1 4
1 4
2 23
2 23
2 47
2 47
3 45
3 45
4 31
4 31
5 40
5 40
5 42
5 42
6 37
6 37
6 42
6 42
7 39
7 39
7 49
7 49
8 14
8 14
8 20
8 20
9 20
9 20
9 21
9 21
10 15
10 15
10 43
10 43
11 25
11 25
11 39
11 39
12 28
12 28
12 34
12 34
13 27
13 27
13 33
13 33
14 44
14 44
15 28
15 28
16 24
16 24
16 38
16 38
17 30
17 30
18 34
18 34
18 49
18 49
19 33
19 33
19 44
19 44
21 29
21 29
22 26
22 26
22 35
22 35
23 27
23 27
24 48
24 48
25 45
25 45
26 32
26 32
30 48
30 48
31 46
31 46
32 47
32 47
35 41
35 41
36 37
36 37
36 46
36 46
38 40
38 40
41 43
41 43
