247 247 2404
182
51
73
119
184
103
121
86
121
98
56
196
9
196
56
61
56
186
158
186
181
21
181
67
109
194
109
79
52
79
109
143
45
191
108
191
44
111
198
92
111
24
188
24
164
183
164
32
48
84
49
73
179
137
170
28
170
107
130
174
3
89
16
105
94
0
94
42
197
117
68
150
68
117
68
29
155
159
24
111
19
111
17
40
100
83
112
171
112
43
110
7
156
135
2
176
5
27
156
93
47
142
33
53
160
53
59
127
146
127
151
168
151
187
134
66
101
166
129
166
8
10
58
10
46
115
140
77
38
6
153
102
134
96
62
96
82
80
63
71
99
140
104
122
124
54
72
11
25
128
192
178
180
39
147
39
74
116
165
141
50
85
154
22
138
165
141
41
13
64
195
162
65
30
26
69
23
4
185
113
131
161
23
4
177
149
172
87
76
189
90
149
80
91
80
91
80
145
139
81
126
14
126
173
1
144
148
36
12
106
18
167
136
193
152
88
78
97
169
37
118
37
169
163
55
175
190
20
114
75
95
120
35
132
60
125
31
123
20
190
133
34
199
157
199
150
57
51 182
51 73
73 119
119 184
103 184
103 121
86 121
86 121
98 121
56 98
56 196
9 196
9 196
56 196
56 61
56 61
56 186
158 186
158 186
181 186
21 181
21 181
67 181
67 109
109 194
109 194
79 109
52 79
52 79
79 109
109 143
45 143
45 191
108 191
108 191
44 191
44 111
111 198
92 198
92 111
24 111
24 188
24 188
24 164
164 183
164 183
32 164
32 48
48 84
49 84
49 73
73 179
137 179
137 170
28 170
28 170
107 170
107 130
130 174
3 174
3 89
16 89
16 105
94 105
0 94
0 94
42 94
42 197
117 197
68 117
68 150
68 150
68 117
68 117
29 68
29 155
155 159
24 159
24 111
19 111
19 111
17 111
17 40
40 100
83 100
83 112
112 171
112 171
43 112
43 110
7 110
7 156
135 156
2 135
2 176
5 176
5 27
27 156
93 156
47 93
47 142
33 142
33 53
53 160
53 160
53 59
59 127
127 146
127 146
127 151
151 168
151 168
151 187
134 187
66 134
66 101
101 166
129 166
129 166
8 166
8 10
10 58
10 58
10 46
46 115
115 140
77 140
38 77
6 38
6 153
102 153
102 134
96 134
62 96
62 96
82 96
80 82
63 80
63 71
71 99
99 140
104 140
104 122
122 124
54 124
54 72
11 72
11 25
25 128
128 192
178 192
178 180
39 180
39 147
39 147
39 74
74 116
116 165
141 165
50 141
50 85
85 154
22 154
22 138
138 165
141 165
41 141
13 41
13 64
64 195
162 195
65 162
30 65
26 30
26 69
23 69
4 23
4 185
113 185
113 131
131 161
23 161
4 23
4 177
149 177
149 172
87 172
76 87
76 189
90 189
90 149
80 149
80 91
80 91
80 91
80 91
80 145
139 145
81 139
81 126
14 126
14 126
126 173
1 173
1 144
144 148
36 148
12 36
12 106
18 106
18 167
136 167
136 193
152 193
88 152
78 88
78 97
97 169
37 169
37 118
37 118
37 169
163 169
55 163
55 175
175 190
20 190
20 114
75 114
75 95
95 120
35 120
35 132
60 132
60 125
31 125
31 123
20 123
20 190
133 190
34 133
34 199
157 199
157 199
150 199
57 150
57 182
