85 85 1696
75
53
197
41
117
100
175
40
121
133
186
133
148
180
198
174
179
84
188
183
6
188
127
182
190
170
68
168
177
49
142
15
184
181
102
139
113
195
103
36
167
37
187
171
134
24
105
65
79
3
96
163
151
19
72
86
1
98
185
118
130
56
17
28
5
80
189
106
191
29
110
91
193
78
97
111
13
199
176
173
57
33
164
152
145
53 75
53 197
41 197
41 117
100 117
100 175
40 175
40 121
121 133
133 186
133 186
133 148
148 180
180 198
174 198
174 179
84 179
84 188
183 188
6 183
6 188
127 188
127 182
182 190
170 190
68 170
68 168
168 177
49 177
49 142
15 142
15 184
181 184
102 181
102 139
113 139
113 195
103 195
36 103
36 167
37 167
37 187
171 187
134 171
24 134
24 105
65 105
65 79
3 79
3 96
96 163
151 163
19 151
19 72
72 86
1 86
1 98
98 185
118 185
118 130
56 130
17 56
17 28
5 28
5 80
80 189
106 189
106 191
29 191
29 110
91 110
91 193
78 193
78 97
97 111
13 111
13 199
176 199
173 176
57 173
33 57
33 164
152 164
145 152
75 145
