98 98 1106
0
1
2
3
4
5
6
7
8
9
10
11
12
13
14
15
16
17
18
19
20
21
22
23
24
25
26
27
28
29
30
31
32
33
34
35
36
37
38
39
40
41
42
43
44
45
46
47
48
49
50
51
52
53
54
55
56
57
58
59
60
61
62
63
64
65
66
67
68
69
70
71
73
74
75
76
77
78
79
80
81
82
83
84
85
86
87
88
90
91
92
93
94
95
96
97
98
99
0 27
0 28
1 16
1 19
2 9
2 49
3 9
3 90
4 45
4 64
5 61
5 94
6 49
6 88
7 19
7 69
8 54
8 75
10 29
10 47
11 27
11 28
12 31
12 38
13 33
13 67
14 15
14 50
15 32
16 87
17 21
17 90
18 69
18 79
20 52
20 95
21 50
22 44
22 47
23 40
23 84
24 26
24 99
25 43
25 44
26 84
29 46
30 59
30 88
31 91
32 71
33 67
34 66
34 79
35 61
35 94
36 68
36 70
37 41
37 73
38 86
39 73
39 78
40 97
41 83
42 57
42 76
43 54
45 85
46 66
48 53
48 65
51 57
51 75
52 63
53 58
55 71
55 87
56 60
56 82
58 80
59 83
60 77
62 80
62 97
63 91
64 96
65 99
68 93
70 96
74 81
74 92
76 77
78 98
81 85
82 92
86 95
93 98
