200 200 1960
0
1
2
3
4
5
6
7
8
9
10
11
12
13
14
15
16
17
18
19
20
21
22
23
24
25
26
27
28
29
30
31
32
33
34
35
36
37
38
39
40
41
42
43
44
45
46
47
48
49
50
51
52
53
54
55
56
57
58
59
60
61
62
63
64
65
66
67
68
69
70
71
72
73
74
75
76
77
78
79
80
81
82
83
84
85
86
87
88
89
90
91
92
93
94
95
96
97
98
99
100
101
102
103
104
105
106
107
108
109
110
111
112
113
114
115
116
117
118
119
120
121
122
123
124
125
126
127
128
129
130
131
132
133
134
135
136
137
138
139
140
141
142
143
144
145
146
147
148
149
150
151
152
153
154
155
156
157
158
159
160
161
162
163
164
165
166
167
168
169
170
171
172
173
174
175
176
177
178
179
180
181
182
183
184
185
186
187
188
189
190
191
192
193
194
195
196
197
198
199
0 16
0 160
1 77
1 144
2 86
2 177
3 60
3 119
4 82
4 185
5 56
5 69
6 45
6 179
7 101
7 164
8 51
8 162
9 39
9 123
10 99
10 129
11 65
11 138
12 95
12 173
13 36
13 186
14 79
14 121
15 23
15 93
16 64
17 124
17 178
18 59
18 149
19 20
19 92
20 166
21 72
21 102
22 63
22 185
23 190
24 27
24 163
25 67
25 116
26 138
26 184
27 42
28 130
28 181
29 104
29 123
30 46
30 167
31 47
31 182
32 143
32 147
33 98
33 197
34 59
34 165
35 110
35 141
36 114
37 80
37 168
38 106
38 151
39 79
40 96
40 146
41 122
41 152
42 176
43 129
43 132
44 81
44 103
45 159
46 133
47 73
48 86
48 87
49 126
49 142
50 68
50 156
51 127
52 170
52 181
53 92
53 158
54 193
54 195
55 72
55 191
56 71
57 89
57 125
58 118
58 199
60 73
61 150
61 190
62 88
62 173
63 91
64 91
65 144
66 116
66 151
67 93
68 115
69 77
70 96
70 107
71 83
74 139
74 199
75 84
75 187
76 102
76 178
78 117
78 198
80 90
81 188
82 197
83 162
84 175
85 120
85 146
87 137
88 148
89 114
90 108
94 149
94 182
95 143
97 110
97 121
98 133
99 141
100 124
100 172
101 188
103 174
104 139
105 140
105 169
106 193
107 136
108 130
109 125
109 171
111 180
111 194
112 150
112 186
113 155
113 175
115 171
117 127
118 196
119 142
120 158
122 198
126 155
128 132
128 154
131 176
131 177
134 148
134 183
135 145
135 192
136 174
137 145
140 157
147 170
152 191
153 161
153 165
154 189
156 161
157 194
159 166
160 184
163 172
164 169
167 179
168 196
180 189
183 187
192 195
