100 100 872
0
1
2
3
4
5
6
7
8
9
10
11
12
13
14
15
16
17
18
19
20
21
22
23
24
25
26
27
28
29
30
31
32
33
34
35
36
37
38
39
40
41
42
43
44
45
46
47
48
49
50
51
52
53
54
55
56
57
58
59
60
61
62
63
64
65
66
67
68
69
70
71
72
73
74
75
76
77
78
79
80
81
82
83
84
85
86
87
88
89
90
91
92
93
94
95
96
97
98
99
0 35
0 76
1 37
1 85
2 39
2 45
3 64
3 73
4 44
4 49
5 69
5 84
6 13
6 75
7 8
7 94
8 56
9 70
9 75
10 20
10 66
11 35
11 76
12 17
12 60
13 99
14 59
14 65
15 54
15 71
16 52
16 72
17 32
18 28
18 31
19 28
19 31
20 77
21 41
21 63
22 23
22 81
23 42
24 45
24 71
25 30
25 88
26 29
26 92
27 33
27 58
29 92
30 88
32 46
33 58
34 40
34 50
36 69
36 83
37 98
38 54
38 61
39 55
40 50
41 79
42 51
43 57
43 65
44 85
46 97
47 90
47 99
48 67
48 86
49 59
51 79
52 93
53 83
53 84
55 87
56 94
57 91
60 95
61 87
62 68
62 80
63 90
64 82
66 74
67 89
68 80
70 77
72 93
73 82
74 98
78 86
78 89
81 96
91 96
95 97
