94 94 1902
80
74
80
64
32
181
134
119
75
95
36
109
192
162
115
112
94
161
94
47
194
157
120
157
193
174
155
113
178
113
174
51
100
6
182
133
167
69
117
69
61
110
159
176
35
107
68
42
4
130
3
179
111
89
118
144
147
106
16
52
108
0
101
102
165
149
125
22
125
83
46
5
121
195
166
114
177
131
67
30
93
30
34
25
105
140
148
189
115
50
37
64
80
64
74 80
74 80
64 80
32 64
32 181
134 181
119 134
75 119
75 95
36 95
36 109
109 192
162 192
115 162
112 115
94 112
94 161
94 161
47 94
47 194
157 194
120 157
120 157
157 193
174 193
155 174
113 155
113 178
113 178
113 174
51 174
51 100
6 100
6 182
133 182
133 167
69 167
69 117
69 117
61 69
61 110
110 159
159 176
35 176
35 107
68 107
42 68
4 42
4 130
3 130
3 179
111 179
89 111
89 118
118 144
144 147
106 147
16 106
16 52
52 108
0 108
0 101
101 102
102 165
149 165
125 149
22 125
22 125
83 125
46 83
5 46
5 121
121 195
166 195
114 166
114 177
131 177
67 131
30 67
30 93
30 93
30 34
25 34
25 105
105 140
140 148
148 189
115 189
50 115
37 50
37 64
64 80
64 80
64 80
