241 241 1788
58
78
58
169
136
160
67
165
125
161
3
77
72
3
112
116
173
74
147
128
81
128
7
125
5
96
71
92
71
73
150
73
120
35
102
6
102
97
122
43
35
61
105
109
64
85
63
117
178
108
87
174
175
70
118
70
53
70
56
42
23
132
164
132
28
30
177
47
184
11
79
182
93
148
158
148
104
51
62
94
139
88
82
59
186
95
26
68
26
68
129
25
168
188
25
129
121
176
1
69
91
154
49
107
55
39
28
155
28
155
28
76
114
76
124
172
66
114
140
119
140
60
185
29
189
29
193
19
38
24
115
34
36
149
20
134
86
151
171
194
190
111
170
103
156
159
156
18
179
146
40
110
12
152
144
198
144
65
101
65
83
13
113
13
106
31
22
153
22
50
52
50
195
167
142
137
127
90
44
163
143
44
143
187
2
187
157
8
181
32
46
41
130
131
89
131
89
45
196
54
180
138
17
75
145
197
33
16
33
123
98
9
98
9
133
57
21
57
99
4
126
162
126
0
141
199
10
37
183
100
27
192
166
84
191
15
48
135
14
135
80
58 78
58 78
58 169
136 169
136 160
67 160
67 165
125 165
125 161
3 161
3 77
72 77
3 72
3 112
112 116
116 173
74 173
74 147
128 147
81 128
81 128
7 128
7 125
5 125
5 96
71 96
71 92
71 92
71 73
73 150
73 150
73 120
35 120
35 102
6 102
6 102
97 102
97 122
43 122
35 43
35 61
61 105
105 109
64 109
64 85
63 85
63 117
117 178
108 178
87 108
87 174
174 175
70 175
70 118
70 118
53 70
53 70
56 70
42 56
23 42
23 132
132 164
132 164
28 132
28 30
30 177
47 177
47 184
11 184
11 79
79 182
93 182
93 148
148 158
148 158
104 148
51 104
51 62
62 94
94 139
88 139
82 88
59 82
59 186
95 186
26 95
26 68
26 68
26 68
68 129
25 129
25 168
168 188
25 188
25 129
121 129
121 176
1 176
1 69
69 91
91 154
49 154
49 107
55 107
39 55
28 39
28 155
28 155
28 155
28 155
28 76
76 114
76 114
76 124
124 172
66 172
66 114
114 140
119 140
119 140
60 140
60 185
29 185
29 189
29 189
29 193
19 193
19 38
24 38
24 115
34 115
34 36
36 149
20 149
20 134
86 134
86 151
151 171
171 194
190 194
111 190
111 170
103 170
103 156
156 159
156 159
18 156
18 179
146 179
40 146
40 110
12 110
12 152
144 152
144 198
144 198
65 144
65 101
65 101
65 83
13 83
13 113
13 113
13 106
31 106
22 31
22 153
22 153
22 50
50 52
50 52
50 195
167 195
142 167
137 142
127 137
90 127
44 90
44 163
143 163
44 143
44 143
143 187
2 187
2 187
157 187
8 157
8 181
32 181
32 46
41 46
41 130
130 131
89 131
89 131
89 131
45 89
45 196
54 196
54 180
138 180
17 138
17 75
75 145
145 197
33 197
16 33
16 33
33 123
98 123
9 98
9 98
9 98
9 133
57 133
21 57
21 57
57 99
4 99
4 126
126 162
126 162
0 126
0 141
141 199
10 199
10 37
37 183
100 183
27 100
27 192
166 192
84 166
84 191
15 191
15 48
48 135
14 135
14 135
80 135
58 80
