77 77 1405
92
39
1
19
87
24
79
94
80
5
22
75
60
90
4
27
18
30
6
42
68
21
81
48
51
48
81
98
38
29
2
70
41
55
58
76
58
55
47
32
63
83
56
34
78
95
67
78
46
74
62
36
88
31
73
31
82
59
35
40
61
37
57
53
93
3
49
89
0
10
64
10
66
26
52
26
52
39 92
1 39
1 19
19 87
24 87
24 79
79 94
80 94
5 80
5 22
22 75
60 75
60 90
4 90
4 27
18 27
18 30
6 30
6 42
42 68
21 68
21 81
48 81
48 51
48 51
48 81
81 98
38 98
29 38
2 29
2 70
41 70
41 55
55 58
58 76
58 76
55 58
47 55
32 47
32 63
63 83
56 83
34 56
34 78
78 95
67 95
67 78
46 78
46 74
62 74
36 62
36 88
31 88
31 73
31 73
31 82
59 82
35 59
35 40
40 61
37 61
37 57
53 57
53 93
3 93
3 49
49 89
0 89
0 10
10 64
10 64
10 66
26 66
26 52
26 52
26 52
52 92
