76 76 1683
12
37
23
47
19
54
38
66
25
129
194
17
60
63
81
85
36
80
43
131
190
46
100
97
82
32
99
84
158
40
158
40
107
27
55
41
113
118
20
13
31
105
34
138
33
151
73
42
24
70
83
76
61
26
29
124
29
106
39
116
95
59
68
102
154
98
62
45
160
72
74
181
8
11
8
148
12 37
23 37
23 47
19 47
19 54
38 54
38 66
25 66
25 129
129 194
17 194
17 60
60 63
63 81
81 85
36 85
36 80
43 80
43 131
131 190
46 190
46 100
97 100
82 97
32 82
32 99
84 99
84 158
40 158
40 158
40 158
40 107
27 107
27 55
41 55
41 113
113 118
20 118
13 20
13 31
31 105
34 105
34 138
33 138
33 151
73 151
42 73
24 42
24 70
70 83
76 83
61 76
26 61
26 29
29 124
29 124
29 106
39 106
39 116
95 116
59 95
59 68
68 102
102 154
98 154
62 98
45 62
45 160
72 160
72 74
74 181
8 181
8 11
8 11
8 148
12 148
