91 91 1867
50
73
86
78
132
36
101
10
31
183
53
65
57
127
136
155
84
54
45
54
52
33
58
128
0
14
164
80
192
56
68
162
40
61
34
90
40
28
157
3
97
173
106
46
4
123
39
165
42
134
147
62
171
193
41
51
77
141
49
21
74
21
83
20
129
70
64
70
64
145
122
43
108
48
87
35
79
103
180
179
167
60
32
44
86
8
177
130
71
2
133
50 73
73 86
78 86
78 132
36 132
36 101
10 101
10 31
31 183
53 183
53 65
57 65
57 127
127 136
136 155
84 155
54 84
45 54
45 54
52 54
33 52
33 58
58 128
0 128
0 14
14 164
80 164
80 192
56 192
56 68
68 162
40 162
40 61
34 61
34 90
40 90
28 40
28 157
3 157
3 97
97 173
106 173
46 106
4 46
4 123
39 123
39 165
42 165
42 134
134 147
62 147
62 171
171 193
41 193
41 51
51 77
77 141
49 141
21 49
21 74
21 74
21 83
20 83
20 129
70 129
64 70
64 70
64 70
64 145
122 145
43 122
43 108
48 108
48 87
35 87
35 79
79 103
103 180
179 180
167 179
60 167
32 60
32 44
44 86
8 86
8 177
130 177
71 130
2 71
2 133
50 133
