98 98 1043
0
1
2
3
4
5
6
7
8
9
10
11
12
13
14
15
16
17
18
19
20
21
22
23
24
25
26
27
28
29
30
31
32
33
34
35
36
37
38
39
40
41
42
43
44
45
46
47
48
49
50
51
52
53
54
55
56
57
58
59
60
61
62
63
65
66
67
68
69
70
71
72
73
74
75
76
77
78
79
80
82
83
84
85
86
87
88
89
90
91
92
93
94
95
96
97
98
99
0 1
0 83
1 83
2 6
2 51
3 7
3 52
4 14
4 67
5 80
5 94
6 84
7 28
8 21
8 40
9 10
9 32
10 58
11 43
11 97
12 77
12 78
13 57
13 68
14 70
15 17
15 36
16 41
16 71
17 60
18 57
18 66
19 24
19 87
20 47
20 89
21 58
22 30
22 91
23 45
23 75
24 93
25 26
25 40
26 61
27 69
27 79
28 98
29 37
29 77
30 91
31 46
31 65
32 98
33 34
33 93
34 51
35 36
35 92
37 67
38 85
38 96
39 52
39 71
41 70
42 44
42 90
43 54
44 99
45 73
46 65
47 56
48 66
48 75
49 53
49 88
50 59
50 87
53 76
54 55
55 63
56 78
59 82
60 76
61 92
62 72
62 88
63 72
68 89
69 86
73 97
74 85
74 96
79 86
80 94
82 95
84 99
90 95
