100 99 881
0
1
2
3
4
5
6
7
8
9
10
11
12
13
14
15
16
17
18
19
20
21
22
23
24
25
26
27
28
29
30
31
32
33
34
35
36
37
38
39
40
41
42
43
44
45
46
47
48
49
50
51
52
53
54
55
56
57
58
59
60
61
62
63
64
65
66
67
68
69
70
71
72
73
74
75
76
77
78
79
80
81
82
83
84
85
86
87
88
89
90
91
92
93
94
95
96
97
98
99
0 71
0 79
1 43
1 90
2 23
2 58
3 67
3 83
4 14
4 80
5 14
5 88
6 40
6 95
7 54
7 98
8 64
8 76
9 25
9 68
10 65
10 70
11 51
11 99
12 35
12 49
13 46
13 74
15 44
15 93
16 17
16 59
17 95
18 59
18 89
19 72
19 97
20 62
20 77
21 57
21 84
22 45
22 55
23 49
24 92
24 98
25 99
26 53
26 56
27 65
27 86
28 80
28 81
29 47
29 48
30 63
30 69
31 74
31 78
32 58
32 87
33 63
33 93
34 85
34 94
35 91
36 48
36 92
37 60
37 66
39 42
39 96
40 67
41 44
41 89
42 60
43 90
45 70
46 68
47 50
50 84
51 78
52 61
52 64
53 72
54 73
55 56
57 86
61 76
62 77
66 96
69 82
71 79
73 82
75 38
81 88
83 97
85 94
87 91
