97 97 877
0
1
2
3
4
5
6
7
8
9
10
11
12
13
14
15
16
17
20
21
22
23
24
25
26
27
28
29
30
31
32
33
34
35
36
37
38
39
40
41
42
43
44
45
46
47
48
49
50
51
52
53
54
55
56
57
58
59
60
61
62
63
64
65
66
67
68
70
71
72
73
74
75
76
77
78
79
80
81
82
83
84
85
86
87
88
89
90
91
92
93
94
95
96
97
98
99
0 7
0 12
1 9
1 36
2 37
2 52
3 47
3 49
4 43
4 88
5 25
5 31
6 23
6 44
7 89
8 21
8 31
9 29
10 13
10 71
11 28
11 52
12 41
13 42
14 74
14 77
15 66
15 72
16 26
16 81
17 73
17 94
20 63
20 70
21 85
22 50
22 82
23 56
24 44
24 65
25 30
26 49
27 59
27 94
28 76
29 90
30 51
32 55
32 75
33 45
33 98
34 40
34 51
35 45
35 98
36 43
37 88
38 66
38 92
39 86
39 97
40 76
41 89
42 91
46 54
46 78
47 99
48 75
48 95
50 57
53 63
53 95
54 93
55 87
56 72
57 83
58 81
58 90
59 60
60 73
61 68
61 83
62 64
62 84
64 96
65 92
67 85
67 97
68 82
70 87
71 99
74 77
78 93
79 80
79 91
80 86
84 96
