100 100 1116
0
1
2
3
4
5
6
7
8
9
10
11
12
13
14
15
16
17
18
19
20
21
22
23
24
25
26
27
28
29
30
31
32
33
34
35
36
37
38
39
40
41
42
43
44
45
46
47
48
49
50
51
52
53
54
55
56
57
58
59
60
61
62
63
64
65
66
67
68
69
70
71
72
73
74
75
76
77
78
79
80
81
82
83
84
85
86
87
88
89
90
91
92
93
94
95
96
97
98
99
0 14
0 51
1 73
1 82
2 50
2 60
3 64
3 80
4 15
4 18
5 67
5 68
6 40
6 48
7 23
7 29
8 36
8 95
9 49
9 56
10 11
10 28
11 61
12 43
12 63
13 46
13 93
14 34
15 33
16 53
16 66
17 49
17 93
18 85
19 95
19 97
20 28
20 57
21 35
21 70
22 91
22 96
23 79
24 27
24 41
25 56
25 98
26 75
26 79
27 58
29 42
30 34
30 64
31 41
31 63
32 65
32 83
33 52
35 38
36 70
37 65
37 69
38 78
39 96
39 98
40 51
42 75
43 50
44 48
44 88
45 83
45 92
46 84
47 86
47 94
52 54
53 71
54 85
55 62
55 90
57 88
58 77
59 68
59 87
60 73
61 99
62 81
66 82
67 90
69 92
71 74
72 81
72 87
74 94
76 84
76 89
77 80
78 99
86 89
91 97
