100 225 1715
0
1
2
3
4
5
6
7
8
9
10
11
12
13
14
15
16
17
18
19
20
21
22
23
24
25
26
27
28
29
30
31
32
33
34
35
36
37
38
39
40
41
42
43
44
45
46
47
48
49
50
51
52
53
54
55
56
57
58
59
60
61
62
63
64
65
66
67
68
69
70
71
72
73
74
75
76
77
78
79
80
81
82
83
84
85
86
87
88
89
90
91
92
93
94
95
96
97
98
99
0 32
32 81
32 81
0 25
25 92
25 92
1 31
1 31
1 28
28 49
28 49
2 16
2 16
2 24
2 24
3 6
3 6
3 96
3 96
4 39
4 39
4 63
4 63
5 51
51 10
51 10
5 51
5 51
6 99
6 99
7 20
7 20
7 73
7 73
8 55
8 55
8 69
69 72
69 72
9 18
9 18
9 43
9 43
10 88
10 88
11 93
93 35
93 35
11 82
11 82
12 39
12 39
12 74
12 74
13 25
13 25
13 41
13 41
14 84
84 18
84 18
14 38
38 41
38 41
15 45
45 26
45 26
15 62
15 62
16 43
16 43
17 83
17 83
17 90
17 90
19 33
19 33
19 44
19 44
20 27
20 27
21 23
21 23
21 76
21 76
22 47
22 47
22 56
22 56
23 68
23 68
24 36
24 36
25 46
25 46
26 45
26 45
27 75
27 75
28 49
28 49
28 1
1 91
1 91
29 66
29 66
29 83
29 83
30 48
30 48
30 70
30 70
31 80
31 80
32 33
32 33
32 92
32 92
34 38
34 38
34 53
34 53
35 86
35 86
36 87
87 60
60 65
60 65
37 52
37 52
37 76
37 76
38 46
46 98
46 98
40 48
40 48
40 88
88 61
88 61
42 97
97 93
97 93
42 97
42 97
44 95
44 95
45 69
45 69
46 58
46 58
47 66
47 66
50 71
50 71
50 71
71 85
71 85
51 79
51 79
52 94
52 94
53 84
53 84
54 60
54 60
54 36
36 43
43 84
43 84
55 63
55 63
56 18
18 67
18 67
57 84
84 78
84 78
57 89
57 89
58 98
58 98
59 89
59 89
59 90
59 90
60 64
60 64
61 88
61 88
62 80
62 80
64 70
64 70
65 95
65 95
67 77
67 77
68 84
84 78
84 78
69 72
69 72
71 64
64 87
64 87
73 79
73 79
74 55
55 99
55 99
75 77
75 77
81 86
81 86
82 93
82 93
85 54
54 94
54 94
87 60
60 91
60 91
96 97
96 97
