90 90 1615
182
90
135
133
7
110
51
12
191
11
61
71
33
62
42
77
136
55
144
57
25
125
21
56
147
175
44
96
134
60
185
86
161
88
50
78
66
67
168
52
183
83
172
58
27
63
27
35
2
116
120
173
59
145
48
74
72
150
162
70
97
114
169
46
104
118
111
36
95
23
152
84
152
16
81
53
73
103
93
49
75
31
54
0
54
85
19
68
122
90
90 182
90 135
133 135
7 133
7 110
51 110
12 51
12 191
11 191
11 61
61 71
33 71
33 62
42 62
42 77
77 136
55 136
55 144
57 144
25 57
25 125
21 125
21 56
56 147
147 175
44 175
44 96
96 134
60 134
60 185
86 185
86 161
88 161
50 88
50 78
66 78
66 67
67 168
52 168
52 183
83 183
83 172
58 172
27 58
27 63
27 63
27 35
2 35
2 116
116 120
120 173
59 173
59 145
48 145
48 74
72 74
72 150
150 162
70 162
70 97
97 114
114 169
46 169
46 104
104 118
111 118
36 111
36 95
23 95
23 152
84 152
84 152
16 152
16 81
53 81
53 73
73 103
93 103
49 93
49 75
31 75
31 54
0 54
0 54
54 85
19 85
19 68
68 122
90 122
90 182
