193 193 2084
0
1
2
3
4
5
7
8
9
10
11
12
13
14
15
16
17
18
19
20
21
22
23
24
25
26
27
28
29
30
31
32
33
34
35
36
37
38
39
40
41
42
43
44
45
46
47
48
49
50
51
52
53
54
55
56
57
58
59
60
61
63
64
65
66
67
68
69
70
71
72
73
74
75
76
77
78
79
80
81
82
83
84
85
86
87
88
89
90
91
92
93
94
95
97
98
99
100
101
102
103
104
105
106
107
108
109
110
111
112
113
114
115
116
117
118
119
120
121
122
123
124
125
126
127
128
129
130
131
132
133
134
135
136
137
138
139
140
141
142
143
144
145
146
148
149
150
151
153
154
155
156
157
158
159
160
161
162
163
164
166
168
169
170
171
172
173
174
175
176
177
178
179
180
181
182
183
184
185
186
187
188
189
190
191
192
193
194
195
196
197
198
199
0 112
0 190
1 107
1 162
2 141
2 142
3 97
3 187
4 134
4 183
5 46
5 194
7 78
7 109
8 44
8 89
9 107
9 133
10 56
10 103
11 95
11 197
12 104
12 168
13 48
13 162
14 38
14 50
15 21
15 172
16 73
16 88
17 44
17 146
18 42
18 151
19 119
19 181
20 69
20 174
21 115
22 68
22 192
23 150
23 193
24 145
24 149
25 71
25 156
26 32
26 191
27 75
27 186
28 101
28 119
29 39
29 173
30 193
30 196
31 117
31 154
32 78
33 39
33 45
34 35
34 110
35 110
36 80
36 100
37 77
37 172
38 43
40 67
40 176
41 91
41 181
42 106
43 114
45 157
46 171
47 76
47 144
48 140
49 66
49 76
50 143
51 84
51 179
52 58
52 86
53 137
53 184
54 57
54 155
55 63
55 136
56 103
57 89
58 90
59 92
59 163
60 70
60 166
61 159
61 191
63 94
64 111
64 153
65 105
65 157
66 125
67 118
68 138
69 149
70 132
71 187
72 85
72 182
73 133
74 138
74 170
75 124
77 145
79 108
79 144
80 100
81 108
81 135
82 131
82 186
83 95
83 156
84 106
85 125
86 97
87 102
87 198
88 159
90 171
91 109
92 164
93 101
93 189
94 143
98 160
98 169
99 135
99 139
102 124
104 158
105 170
111 129
112 194
113 123
113 198
114 161
115 199
116 175
116 180
117 185
118 146
120 130
120 148
121 180
121 188
122 126
122 190
123 189
126 128
127 139
127 151
128 137
129 148
130 173
131 192
132 166
134 141
136 155
140 163
142 175
150 195
153 188
154 177
158 168
160 174
161 178
164 196
169 199
176 184
177 185
178 183
179 182
195 197
