125 125 1813
91
88
25
96
25
19
77
66
64
13
98
48
98
42
87
88
4
60
5
87
89
9
89
73
4
54
1
40
39
49
44
84
44
49
0
99
45
75
45
80
37
56
92
29
55
78
55
29
23
57
56
33
7
22
10
16
38
14
17
30
52
70
21
85
34
6
8
46
36
61
97
61
33
69
33
93
41
31
1
43
51
27
62
86
15
86
2
81
32
65
67
79
76
26
72
35
72
18
50
82
50
63
90
28
20
28
90
58
3
12
83
12
71
24
68
53
68
11
59
95
94
58
90
74
47
88 91
25 88
25 96
25 96
19 25
19 77
66 77
64 66
13 64
13 98
48 98
48 98
42 98
42 87
87 88
4 88
4 60
5 60
5 87
87 89
9 89
9 89
73 89
4 73
4 54
1 54
1 40
39 40
39 49
44 49
44 84
44 84
44 49
0 49
0 99
45 99
45 75
45 75
45 80
37 80
37 56
56 92
29 92
29 55
55 78
55 78
29 55
23 29
23 57
56 57
33 56
7 33
7 22
10 22
10 16
16 38
14 38
14 17
17 30
30 52
52 70
21 70
21 85
34 85
6 34
6 8
8 46
36 46
36 61
61 97
61 97
33 61
33 69
33 69
33 93
41 93
31 41
1 31
1 43
43 51
27 51
27 62
62 86
15 86
15 86
2 86
2 81
32 81
32 65
65 67
67 79
76 79
26 76
26 72
35 72
35 72
18 72
18 50
50 82
50 82
50 63
63 90
28 90
20 28
20 28
28 90
58 90
3 58
3 12
12 83
12 83
12 71
24 71
24 68
53 68
53 68
11 68
11 59
59 95
94 95
58 94
58 90
74 90
47 74
47 91
