126 126 1873
22
2
33
2
22
28
27
70
32
84
32
65
67
13
4
68
95
17
95
62
45
40
45
54
42
23
20
61
57
0
57
21
66
77
66
39
48
91
69
91
58
43
93
80
51
97
51
49
15
0
44
20
6
55
92
36
18
81
18
92
87
94
52
19
52
78
96
82
16
82
8
14
34
14
26
11
34
14
8
90
3
60
76
60
64
53
74
5
41
85
31
9
75
47
79
30
35
1
12
25
88
71
10
71
7
89
98
63
98
24
50
37
46
37
29
73
56
72
86
59
86
72
83
99
56
38
2 22
2 33
2 33
2 22
22 28
27 28
27 70
32 70
32 84
32 84
32 65
65 67
13 67
4 13
4 68
68 95
17 95
17 95
62 95
45 62
40 45
40 45
45 54
42 54
23 42
20 23
20 61
57 61
0 57
0 57
21 57
21 66
66 77
66 77
39 66
39 48
48 91
69 91
69 91
58 91
43 58
43 93
80 93
51 80
51 97
51 97
49 51
15 49
0 15
0 44
20 44
6 20
6 55
55 92
36 92
18 36
18 81
18 81
18 92
87 92
87 94
52 94
19 52
19 52
52 78
78 96
82 96
16 82
16 82
8 82
8 14
14 34
14 34
14 26
11 26
11 34
14 34
8 14
8 90
3 90
3 60
60 76
60 76
60 64
53 64
53 74
5 74
5 41
41 85
31 85
9 31
9 75
47 75
47 79
30 79
30 35
1 35
1 12
12 25
25 88
71 88
10 71
10 71
7 71
7 89
89 98
63 98
63 98
24 98
24 50
37 50
37 46
37 46
29 37
29 73
56 73
56 72
72 86
59 86
59 86
72 86
72 83
83 99
56 99
38 56
22 38
