100 100 943
0
1
2
3
4
5
6
7
8
9
10
11
12
13
14
15
16
17
18
19
20
21
22
23
24
25
26
27
28
29
30
31
32
33
34
35
36
37
38
39
40
41
42
43
44
45
46
47
48
49
50
51
52
53
54
55
56
57
58
59
60
61
62
63
64
65
66
67
68
69
70
71
72
73
74
75
76
77
78
79
80
81
82
83
84
85
86
87
88
89
90
91
92
93
94
95
96
97
98
99
0 34
0 55
1 12
1 26
2 89
2 92
3 7
3 49
4 21
4 31
5 93
5 98
6 36
6 42
7 85
8 9
8 38
9 93
10 39
10 47
11 72
11 75
12 15
13 75
13 78
14 41
14 53
15 29
16 35
16 57
17 37
17 76
18 22
18 60
19 61
19 65
20 77
20 95
21 86
22 40
23 34
23 55
24 27
24 53
25 95
25 97
26 68
27 30
28 49
28 98
29 50
30 33
31 86
32 44
32 71
33 51
35 56
36 90
37 76
38 52
39 81
40 73
41 91
42 79
43 45
43 87
44 71
45 70
46 61
46 65
47 74
48 54
48 63
50 94
51 91
52 79
54 80
56 57
58 59
58 67
59 82
60 78
62 70
62 87
63 80
64 66
64 84
66 96
67 69
68 94
69 90
72 85
73 82
74 81
77 83
83 99
84 88
88 96
89 92
97 99
