100 100 1449
0
1
2
3
4
5
6
7
8
9
10
11
12
13
14
15
16
17
18
19
20
21
22
23
24
25
26
27
28
29
30
31
32
33
34
35
36
37
38
39
40
41
42
43
44
45
46
47
48
49
50
51
52
53
54
55
56
57
58
59
60
61
62
63
64
65
66
67
68
69
70
71
72
73
74
75
76
77
78
79
80
81
82
83
84
85
86
87
88
89
90
91
92
93
94
95
96
97
98
99
0 46
0 73
1 56
1 60
2 28
2 64
3 48
3 63
4 16
4 43
5 47
5 52
6 30
6 32
7 60
7 71
8 53
8 73
9 41
9 49
10 23
10 46
11 59
11 69
12 40
12 76
13 33
13 63
14 18
14 50
15 90
15 92
16 21
17 40
17 83
18 80
19 66
19 98
20 89
20 90
21 79
22 57
22 94
23 91
24 32
24 69
25 34
25 47
26 43
26 78
27 83
27 99
28 35
29 37
29 65
30 36
31 42
31 78
33 87
34 51
35 75
36 62
37 97
38 39
38 77
39 79
41 81
42 80
44 76
44 96
45 84
45 89
48 88
49 85
50 56
51 93
52 88
53 61
54 59
54 61
55 62
55 92
57 65
58 94
58 96
64 70
66 91
67 97
67 98
68 70
68 93
71 87
72 74
72 81
74 75
77 86
82 95
82 99
84 85
86 95
