100 100 1156
0
1
2
3
4
5
6
7
8
9
10
11
12
13
14
15
16
17
18
19
20
21
22
23
24
25
26
27
28
29
30
31
32
33
34
35
36
37
38
39
40
41
42
43
44
45
46
47
48
49
50
51
52
53
54
55
56
57
58
59
60
61
62
63
64
65
66
67
68
69
70
71
72
73
74
75
76
77
78
79
80
81
82
83
84
85
86
87
88
89
90
91
92
93
94
95
96
97
98
99
0 14
0 35
1 65
1 72
2 63
2 99
3 20
3 83
4 23
4 70
5 42
5 44
6 52
6 55
7 20
7 74
8 16
8 71
9 16
9 63
10 73
10 96
11 22
11 24
12 42
12 91
13 75
13 97
14 78
15 81
15 89
17 53
17 92
18 34
18 43
19 69
19 94
21 28
21 79
22 73
23 62
24 55
25 80
25 88
26 47
26 72
27 67
27 95
28 53
29 56
29 84
30 49
30 64
31 58
31 68
32 59
32 83
33 43
33 57
34 46
35 87
36 90
36 94
37 57
37 97
38 41
38 79
39 51
39 58
40 64
40 66
41 56
44 87
45 61
45 90
46 67
47 75
48 76
48 92
49 84
50 93
50 99
51 60
52 85
54 76
54 86
59 70
60 93
61 82
62 78
65 89
66 68
69 95
71 81
74 82
77 80
77 98
85 91
86 98
88 96
