198 198 1233
0
1
2
3
4
5
6
7
8
9
10
11
12
13
14
15
16
17
18
19
20
21
22
23
24
25
26
27
28
29
30
31
32
33
34
35
36
37
38
39
40
41
42
43
44
45
46
47
48
49
50
51
52
53
54
55
56
57
58
59
60
61
62
63
64
65
66
67
68
69
70
71
72
73
74
75
76
77
78
79
80
81
82
83
84
85
86
87
88
89
90
91
92
93
94
95
96
97
98
99
100
101
102
103
104
105
106
107
108
109
110
111
112
114
115
116
117
118
119
120
121
122
123
124
125
126
127
128
129
130
131
132
133
134
135
136
137
138
139
140
141
142
143
144
146
147
148
149
150
151
152
153
154
155
156
157
158
159
160
161
162
163
164
165
166
167
168
169
170
171
172
173
174
175
176
177
178
179
180
181
182
183
184
185
186
187
188
189
190
191
192
193
194
195
196
197
198
199
0 86
0 162
1 96
1 114
2 122
2 146
3 54
3 117
4 157
4 171
5 59
5 85
6 72
6 87
7 18
7 30
8 121
8 176
9 149
9 191
10 133
10 180
11 169
11 188
12 74
12 101
13 100
13 138
14 19
14 41
15 70
15 128
16 37
16 66
17 26
17 106
18 49
19 41
20 99
20 183
21 53
21 161
22 52
22 189
23 75
23 97
24 140
24 184
25 98
25 102
26 36
27 195
27 196
28 64
28 155
29 52
29 126
30 63
31 118
31 148
32 156
32 178
33 111
33 116
34 78
34 159
35 68
35 106
36 44
37 190
38 181
38 186
39 129
39 155
40 67
40 84
42 67
42 193
43 99
43 177
44 80
45 141
45 149
46 86
46 136
47 105
47 132
48 72
48 117
49 135
50 89
50 175
51 65
51 85
53 68
54 175
55 122
55 146
56 185
56 194
57 147
57 150
58 143
58 144
59 65
60 151
60 174
61 187
61 198
62 81
62 160
63 179
64 129
66 90
69 96
69 125
70 76
71 77
71 118
73 74
73 131
75 79
76 128
77 190
78 151
79 105
80 119
81 160
82 114
82 123
83 104
83 182
84 94
87 158
88 152
88 159
89 199
90 168
91 93
91 177
92 108
92 111
93 191
94 153
95 115
95 120
97 137
98 102
100 101
103 124
103 153
104 182
107 127
107 164
108 116
109 158
109 173
110 164
110 193
112 178
112 185
115 170
119 161
120 139
121 176
123 171
124 154
125 132
126 134
127 142
130 137
130 170
131 154
133 139
134 180
135 167
136 199
138 163
140 148
141 165
142 163
143 144
147 150
152 156
157 172
162 192
165 189
166 173
166 192
167 179
168 197
169 198
172 183
174 194
181 186
184 188
187 197
195 196
