200 200 1294
0
1
2
3
4
5
6
7
8
9
10
11
12
13
14
15
16
17
18
19
20
21
22
23
24
25
26
27
28
29
30
31
32
33
34
35
36
37
38
39
40
41
42
43
44
45
46
47
48
49
50
51
52
53
54
55
56
57
58
59
60
61
62
63
64
65
66
67
68
69
70
71
72
73
74
75
76
77
78
79
80
81
82
83
84
85
86
87
88
89
90
91
92
93
94
95
96
97
98
99
100
101
102
103
104
105
106
107
108
109
110
111
112
113
114
115
116
117
118
119
120
121
122
123
124
125
126
127
128
129
130
131
132
133
134
135
136
137
138
139
140
141
142
143
144
145
146
147
148
149
150
151
152
153
154
155
156
157
158
159
160
161
162
163
164
165
166
167
168
169
170
171
172
173
174
175
176
177
178
179
180
181
182
183
184
185
186
187
188
189
190
191
192
193
194
195
196
197
198
199
0 17
0 42
1 153
1 184
2 83
2 181
3 28
3 142
4 74
4 91
5 36
5 191
6 63
6 186
7 80
7 93
8 20
8 114
9 126
9 177
10 120
10 179
11 103
11 135
12 26
12 142
13 104
13 177
14 58
14 165
15 68
15 115
16 29
16 31
17 108
18 117
18 169
19 94
19 195
20 37
21 88
21 118
22 24
22 122
23 60
23 85
24 38
25 153
25 184
26 79
27 100
27 188
28 88
29 52
30 95
30 113
31 65
32 77
32 173
33 158
33 174
34 35
34 144
35 105
36 42
37 120
38 79
39 102
39 163
40 87
40 159
41 103
41 135
43 119
43 161
44 82
44 187
45 54
45 97
46 101
46 127
47 98
47 106
48 139
48 167
49 129
49 150
50 91
50 151
51 131
51 168
52 154
53 61
53 72
54 190
55 133
55 168
56 148
56 175
57 63
57 73
58 167
59 151
59 152
60 139
61 132
62 90
62 190
64 166
64 179
65 114
66 171
66 183
67 125
67 148
68 152
69 134
69 176
70 124
70 195
71 143
71 144
72 75
73 185
74 119
75 110
76 89
76 188
77 149
78 105
78 182
80 81
81 172
82 99
83 96
84 111
84 169
85 107
86 138
86 174
87 89
90 136
92 109
92 128
93 160
94 187
95 137
96 138
97 199
98 155
99 178
100 186
101 146
102 163
104 161
106 180
107 194
108 140
109 193
110 132
111 121
112 147
112 165
113 117
115 146
116 118
116 125
121 196
122 154
123 124
123 178
126 155
127 140
128 193
129 150
130 143
130 158
131 192
133 192
134 176
136 199
137 141
141 191
145 157
145 198
147 156
149 173
156 160
157 198
159 185
162 183
162 197
164 171
164 189
166 170
170 189
172 181
175 180
182 196
194 197
