100 100 920
0
1
2
3
4
5
6
7
8
9
10
11
12
13
14
15
16
17
18
19
20
21
22
23
24
25
26
27
28
29
30
31
32
33
34
35
36
37
38
39
40
41
42
43
44
45
46
47
48
49
50
51
52
53
54
55
56
57
58
59
60
61
62
63
64
65
66
67
68
69
70
71
72
73
74
75
76
77
78
79
80
81
82
83
84
85
86
87
88
89
90
91
92
93
94
95
96
97
98
99
0 78
0 95
1 43
1 54
2 60
2 99
3 8
3 47
4 93
4 94
5 27
5 36
6 71
6 87
7 8
7 25
9 22
9 49
10 39
10 98
11 77
11 90
12 59
12 70
13 24
13 42
14 61
14 81
15 46
15 58
16 35
16 41
17 45
17 57
18 27
18 57
19 64
19 79
20 62
20 74
21 68
21 83
22 75
23 44
23 94
24 52
25 91
26 34
26 37
28 53
28 70
29 30
29 76
30 51
31 34
31 56
32 40
32 92
33 48
33 82
35 88
36 45
37 50
38 72
38 97
39 67
40 84
41 46
42 52
43 54
44 99
47 55
48 98
49 89
50 66
51 75
53 55
56 93
58 60
59 89
61 84
62 86
63 85
63 96
64 87
65 74
65 86
66 97
67 82
68 81
69 73
71 79
72 80
73 85
76 80
77 88
78 92
83 96
90 95
91 69
