199 199 1455
0
1
2
3
4
5
6
7
8
9
10
11
12
13
15
16
17
18
19
20
21
22
23
24
25
26
27
28
29
30
31
32
33
34
35
36
37
38
39
40
41
42
43
44
45
46
47
48
49
50
51
52
53
54
55
56
57
58
59
60
61
62
63
64
65
66
67
68
69
70
71
72
73
74
75
76
77
78
79
80
81
82
83
84
85
86
87
88
89
90
91
92
93
94
95
96
97
98
99
100
101
102
103
104
105
106
107
108
109
110
111
112
113
114
115
116
117
118
119
120
121
122
123
124
125
126
127
128
129
130
131
132
133
134
135
136
137
138
139
140
141
142
143
144
145
146
147
148
149
150
151
152
153
154
155
156
157
158
159
160
161
162
163
164
165
166
167
168
169
170
171
172
173
174
175
176
177
178
179
180
181
182
183
184
185
186
187
188
189
190
191
192
193
194
195
196
197
198
199
0 61
0 147
1 26
1 126
2 105
2 117
3 30
3 109
4 29
4 114
5 183
5 194
6 47
6 48
7 80
7 180
8 63
8 91
9 34
9 35
10 83
10 196
11 129
11 175
12 154
12 165
13 81
13 100
15 40
15 110
16 70
16 72
17 139
17 195
18 115
18 143
19 69
19 132
20 27
20 100
21 151
21 188
22 86
22 198
23 121
23 192
24 119
24 138
25 103
25 196
26 142
27 166
28 33
28 51
29 185
30 43
31 42
31 103
32 102
32 133
33 71
34 35
36 40
36 176
37 128
37 168
38 54
38 62
39 89
39 188
41 43
41 66
42 129
44 130
44 137
45 82
45 111
46 107
46 160
47 122
48 95
49 163
49 193
50 56
50 58
51 96
52 67
52 141
53 93
53 169
54 113
55 92
55 110
56 58
57 64
57 115
59 99
59 132
60 125
60 161
61 147
62 167
63 91
64 68
65 77
65 145
66 164
67 92
68 170
69 172
70 72
71 169
73 113
73 139
74 106
74 179
75 138
75 148
76 123
76 191
77 88
78 135
78 182
79 158
79 182
80 101
81 93
82 174
83 149
84 150
84 180
85 98
85 117
86 177
87 140
87 146
88 90
89 162
90 123
94 126
94 187
95 122
96 131
97 104
97 199
98 174
99 144
101 134
102 192
104 136
105 111
106 161
107 108
108 179
109 159
112 153
112 175
114 116
116 145
118 144
118 168
119 199
120 125
120 158
121 189
124 183
124 194
127 141
127 167
128 189
130 197
131 151
133 171
134 152
135 154
136 148
137 197
140 146
142 187
143 170
149 198
150 177
152 159
153 178
155 162
155 173
156 181
156 186
157 163
157 193
160 184
164 178
165 173
166 185
171 191
172 184
176 190
181 186
190 195
