199 199 10518
0
1
2
3
4
5
6
7
8
9
10
11
12
13
14
15
16
17
18
19
20
21
22
23
24
25
26
27
28
29
30
31
32
33
34
35
36
37
38
39
40
41
42
43
44
45
46
47
48
49
50
51
52
53
54
55
56
57
58
59
60
61
62
63
64
65
66
67
68
69
70
71
72
73
74
75
76
77
78
79
80
81
82
83
84
85
86
87
88
89
90
91
92
93
94
95
96
97
98
99
100
101
102
103
104
105
106
107
108
109
110
111
112
113
114
115
116
117
118
119
120
121
122
123
124
125
126
127
128
129
130
131
132
133
134
135
136
137
138
139
140
141
142
143
144
145
146
147
148
149
150
151
152
153
154
155
156
157
158
159
160
161
162
163
164
165
166
167
168
169
170
171
172
173
174
175
176
177
178
179
180
181
183
184
185
186
187
188
189
190
191
192
193
194
195
196
197
198
199
0 14
0 110
1 17
1 52
2 126
2 147
3 56
3 172
4 79
4 86
5 25
5 129
6 53
6 128
7 188
7 199
8 148
8 169
9 92
9 117
10 78
10 193
11 44
11 59
12 71
12 179
13 22
13 160
14 89
15 19
15 79
16 131
16 139
17 195
18 53
18 126
19 171
20 75
20 198
21 22
21 96
23 137
23 183
24 155
24 186
25 123
26 35
26 165
27 91
27 177
28 125
28 142
29 139
29 173
30 90
30 156
31 40
31 66
32 45
32 72
33 149
33 197
34 49
34 174
35 174
36 45
36 189
37 129
37 142
38 103
38 161
39 135
39 193
40 48
41 93
41 102
42 128
42 179
43 151
43 196
44 127
46 51
46 98
47 141
47 194
48 120
49 61
50 163
50 184
51 57
52 111
54 132
54 145
55 108
55 111
56 181
57 68
58 65
58 149
59 98
60 74
60 173
61 178
62 73
62 137
63 94
63 143
64 135
64 190
65 156
66 118
67 183
67 185
68 136
69 113
69 144
70 119
70 171
71 106
72 143
73 159
74 186
75 104
76 82
76 115
77 84
77 150
78 176
80 127
80 178
81 145
81 163
82 132
83 176
83 198
84 90
85 108
85 181
86 117
87 112
87 188
88 187
88 192
89 112
91 157
92 113
93 165
94 160
95 99
95 101
96 172
97 169
97 189
99 138
100 177
100 180
101 124
102 116
103 146
104 116
105 167
105 175
106 195
107 123
107 194
109 138
109 166
110 152
114 118
114 133
115 152
119 196
120 167
121 147
121 187
122 131
122 175
124 157
125 140
130 148
130 164
133 190
134 150
134 166
136 199
140 159
141 144
146 191
151 192
153 155
153 168
154 162
154 185
158 170
158 184
161 180
162 191
164 170
168 197
