Error code = 10013
Unable to write to file './output/N100D0.7K10T0P0.1/model.lp'

55 54 654
3
4
6
7
10
12
17
21
22
24
25
28
34
35
37
38
39
40
42
43
44
45
48
49
50
52
53
55
56
57
58
59
60
61
62
64
65
69
70
71
72
75
77
78
80
81
82
84
86
88
92
94
96
98
99
3 48
3 72
4 17
4 78
6 56
6 75
7 57
7 77
12 59
12 86
17 78
21 52
21 70
22 40
22 59
24 49
24 50
25 38
25 98
28 37
28 64
34 55
34 92
35 84
35 96
37 64
38 98
39 71
39 80
40 86
42 45
42 61
43 84
43 88
44 71
44 80
45 60
48 72
49 50
52 70
53 81
53 82
55 94
56 75
57 77
58 69
58 99
60 65
61 65
62 10
69 99
81 82
88 96
92 94
