98 98 1045
0
1
2
3
4
5
6
7
8
9
10
11
12
13
14
15
16
17
18
19
20
21
22
23
24
25
26
27
28
29
30
31
32
33
34
35
36
37
38
39
40
41
42
43
44
45
46
47
48
49
50
51
52
53
54
55
56
57
58
59
60
61
62
63
64
65
66
67
68
69
70
71
72
73
74
75
77
78
79
80
81
82
83
84
85
86
88
89
90
91
92
93
94
95
96
97
98
99
0 19
0 62
1 85
1 94
2 21
2 36
3 88
3 98
4 8
4 42
5 24
5 64
6 34
6 41
7 83
7 84
8 96
9 54
9 84
10 16
10 98
11 40
11 59
12 48
12 91
13 18
13 79
14 27
14 86
15 43
15 68
16 46
17 53
17 68
18 79
19 97
20 39
20 99
21 31
22 51
22 69
23 67
23 90
24 51
25 70
25 72
26 55
26 93
27 58
28 57
28 75
29 55
29 78
30 77
30 94
31 82
32 35
32 86
33 58
33 92
34 92
35 80
36 73
37 66
37 81
38 43
38 53
39 67
40 60
41 57
42 96
44 65
44 78
45 71
45 72
46 95
47 50
47 61
48 91
49 66
49 97
50 73
52 65
52 83
54 64
56 63
56 85
59 81
60 82
61 89
62 77
63 80
69 93
70 71
74 89
74 90
75 99
88 95
