100 100 1072
0
1
2
3
4
5
6
7
8
9
10
11
12
13
14
15
16
17
18
19
20
21
22
23
24
25
26
27
28
29
30
31
32
33
34
35
36
37
38
39
40
41
42
43
44
45
46
47
48
49
50
51
52
53
54
55
56
57
58
59
60
61
62
63
64
65
66
67
68
69
70
71
72
73
74
75
76
77
78
79
80
81
82
83
84
85
86
87
88
89
90
91
92
93
94
95
96
97
98
99
0 73
0 89
1 23
1 48
2 44
2 60
3 24
3 68
4 46
4 83
5 6
5 41
6 10
7 66
7 67
8 36
8 61
9 42
9 87
10 59
11 18
11 63
12 52
12 63
13 20
13 93
14 43
14 88
15 42
15 43
16 28
16 59
17 57
17 94
18 74
19 37
19 87
20 67
21 30
21 85
22 54
22 96
23 53
24 90
25 68
25 82
26 75
26 95
27 72
27 73
28 31
29 44
29 45
30 95
31 92
32 65
32 80
33 71
33 86
34 55
34 84
35 39
35 71
36 60
37 76
38 76
38 77
39 46
40 41
40 47
45 62
47 89
48 58
49 54
49 81
50 78
50 85
51 57
51 65
52 58
53 94
55 99
56 77
56 96
61 88
62 74
64 83
64 99
66 78
69 82
69 91
70 92
70 98
72 91
75 80
79 86
79 90
81 84
93 97
97 98
