50 103 781
0
1
2
3
4
5
6
7
8
9
10
11
12
13
14
15
16
17
18
19
20
21
22
23
24
25
26
27
28
29
30
31
32
33
34
35
36
37
38
39
40
41
42
43
44
45
46
47
48
49
0 2
0 2
0 43
0 43
1 16
1 16
1 35
1 35
2 39
2 39
3 49
49 15
49 15
3 41
3 41
4 13
4 13
4 26
4 26
5 12
5 12
5 39
5 39
6 8
6 8
6 28
6 28
7 29
7 29
7 45
7 45
8 16
8 16
9 32
9 32
9 34
9 34
10 35
10 35
10 42
10 42
11 47
47 27
47 27
11 47
11 47
12 22
12 22
13 14
13 14
14 33
14 33
15 23
15 23
17 44
17 44
17 48
17 48
18 21
18 21
18 34
18 34
19 30
19 30
19 38
19 38
20 32
20 32
20 47
20 47
21 25
25 31
25 31
22 33
22 33
23 36
23 36
24 26
24 26
24 45
24 45
25 31
25 31
25 36
25 36
27 37
27 37
28 46
28 46
29 30
29 30
37 38
37 38
40 42
40 42
40 49
40 49
41 49
41 49
43 48
43 48
44 46
44 46
