50 108 1255
0
1
2
3
4
5
6
7
8
9
10
11
12
13
14
15
16
17
18
19
20
21
22
23
24
25
26
27
28
29
30
31
32
33
34
35
36
37
38
39
40
41
42
43
44
45
46
47
48
49
0 20
0 20
0 30
0 30
1 9
1 9
1 43
1 43
2 43
2 43
2 44
2 44
3 17
3 17
3 37
3 37
4 25
4 25
4 28
4 28
5 26
5 26
5 29
29 39
29 39
6 35
6 35
6 49
6 49
7 19
7 19
7 24
7 24
8 18
8 18
8 24
8 24
9 1
1 46
1 46
10 16
10 16
10 18
10 18
11 21
11 21
11 27
11 27
12 32
12 32
12 38
12 38
13 17
13 17
13 40
13 40
14 32
14 32
14 47
14 47
15 42
15 42
15 45
15 45
16 45
16 45
19 1
1 46
46 22
46 22
20 12
12 38
12 38
21 33
21 33
22 46
22 46
23 47
47 29
47 29
23 47
23 47
25 27
25 27
26 28
26 28
29 39
29 39
30 42
30 42
31 37
37 33
37 33
31 37
31 37
34 36
34 36
34 41
34 41
35 13
13 40
13 40
36 44
36 44
41 48
41 48
48 49
48 49
