50 103 814
0
1
2
3
4
5
6
7
8
9
10
11
12
13
14
15
16
17
18
19
20
21
22
23
24
25
26
27
28
29
30
31
32
33
34
35
36
37
38
39
40
41
42
43
44
45
46
47
48
49
0 37
37 31
37 31
0 37
0 37
1 8
1 8
1 44
1 44
2 28
2 28
2 29
2 29
3 34
3 34
3 43
3 43
4 27
4 27
4 40
4 40
5 24
5 24
5 36
5 36
6 33
6 33
6 38
6 38
7 10
7 10
7 16
7 16
8 48
8 48
9 11
9 11
9 23
9 23
10 24
10 24
11 16
11 16
12 13
12 13
12 49
49 20
49 20
13 42
13 42
14 17
14 17
14 21
14 21
15 41
15 41
15 44
15 44
17 38
17 38
18 21
18 21
18 43
18 43
19 39
19 39
19 45
19 45
20 49
20 49
22 40
22 40
22 49
22 49
23 25
23 25
25 28
25 28
26 4
4 27
4 27
26 32
26 32
29 37
29 37
30 45
30 45
30 46
30 46
31 46
31 46
32 47
32 47
33 39
33 39
34 35
34 35
35 48
35 48
36 42
36 42
41 47
41 47
