86 86 2520
53
86
178
126
44
187
33
52
143
26
153
82
59
117
138
67
124
57
11
144
166
141
148
80
109
115
36
184
6
9
151
180
139
99
196
122
121
48
136
4
168
94
58
8
161
170
95
113
42
13
131
15
120
24
133
17
188
174
135
104
1
87
134
176
192
123
72
165
64
179
185
189
114
198
3
130
49
150
145
147
132
146
23
98
169
167
53 86
86 178
126 178
44 126
44 187
33 187
33 52
52 143
26 143
26 153
82 153
59 82
59 117
117 138
67 138
67 124
57 124
11 57
11 144
144 166
141 166
141 148
80 148
80 109
109 115
36 115
36 184
6 184
6 9
9 151
151 180
139 180
99 139
99 196
122 196
121 122
48 121
48 136
4 136
4 168
94 168
58 94
8 58
8 161
161 170
95 170
95 113
42 113
13 42
13 131
15 131
15 120
24 120
24 133
17 133
17 188
174 188
135 174
104 135
1 104
1 87
87 134
134 176
176 192
123 192
72 123
72 165
64 165
64 179
179 185
185 189
114 189
114 198
3 198
3 130
49 130
49 150
145 150
145 147
132 147
132 146
23 146
23 98
98 169
167 169
53 167
