83 83 1442
0
1
2
3
4
5
6
7
8
10
11
12
13
14
16
17
18
20
21
23
24
25
26
27
28
29
31
32
33
34
35
36
37
38
39
40
41
43
45
46
47
48
49
51
52
54
55
56
57
58
59
60
62
63
65
66
67
68
69
70
71
72
73
74
75
76
77
78
79
81
82
83
84
85
87
88
89
90
91
92
93
97
98
0 29
0 88
1 48
1 85
2 8
2 57
3 12
3 89
4 32
4 73
5 45
5 92
6 16
6 66
7 65
7 77
8 25
10 11
10 56
11 98
12 59
13 23
13 54
14 78
14 84
16 88
17 87
17 91
18 27
18 41
20 34
20 81
21 23
21 90
24 46
24 92
25 40
26 40
26 97
27 41
28 66
28 76
29 76
31 78
31 84
32 83
33 34
33 63
35 39
35 74
36 59
36 75
37 57
37 83
38 58
38 79
39 93
43 54
43 60
45 65
46 97
47 52
47 69
48 62
49 67
49 89
51 55
51 68
52 98
55 79
56 70
58 68
60 70
62 69
63 81
67 85
71 74
71 82
72 77
72 90
73 75
82 93
87 91
