259 259 2293
133
81
45
193
45
31
15
131
103
153
15
171
93
76
143
62
28
6
167
6
28
47
28
67
24
16
175
7
113
110
184
16
58
5
58
107
44
57
19
39
152
108
37
108
64
77
126
33
126
77
20
194
43
125
96
12
136
12
178
147
119
87
186
4
159
52
180
52
121
53
59
70
123
70
59
130
146
117
34
169
48
50
120
40
29
170
97
23
132
156
69
86
99
173
13
173
13
157
104
141
100
18
54
60
92
71
191
71
196
71
100
149
183
105
73
22
73
116
73
84
164
84
95
84
21
166
139
166
115
18
98
135
85
144
192
32
26
32
26
27
79
114
79
72
13
78
56
165
13
30
134
80
69
14
127
14
65
190
65
14
198
14
127
0
102
118
102
42
138
197
182
142
83
142
82
199
144
61
158
82
112
89
195
151
176
75
1
75
9
75
8
176
122
46
51
132
177
181
88
109
88
25
88
25
91
188
10
129
161
174
74
49
162
11
163
148
64
137
145
137
64
68
178
140
3
17
38
17
154
90
36
168
155
41
155
150
111
101
55
101
106
94
155
2
155
41
124
66
37
187
179
185
35
63
35
160
35
160
128
81 133
45 81
45 193
45 193
31 45
15 31
15 131
103 131
103 153
15 153
15 171
93 171
76 93
76 143
62 143
28 62
6 28
6 167
6 167
6 28
28 47
28 47
28 67
24 67
16 24
16 175
7 175
7 113
110 113
110 184
16 184
16 58
5 58
5 58
58 107
44 107
44 57
19 57
19 39
39 152
108 152
37 108
37 108
64 108
64 77
77 126
33 126
33 126
77 126
20 77
20 194
43 194
43 125
96 125
12 96
12 136
12 136
12 178
147 178
119 147
87 119
87 186
4 186
4 159
52 159
52 180
52 180
52 121
53 121
53 59
59 70
70 123
70 123
59 70
59 130
130 146
117 146
34 117
34 169
48 169
48 50
50 120
40 120
29 40
29 170
97 170
23 97
23 132
132 156
69 156
69 86
86 99
99 173
13 173
13 173
13 173
13 157
104 157
104 141
100 141
18 100
18 54
54 60
60 92
71 92
71 191
71 191
71 196
71 196
71 100
100 149
149 183
105 183
73 105
22 73
22 73
73 116
73 116
73 84
84 164
84 164
84 95
84 95
21 84
21 166
139 166
139 166
115 166
18 115
18 98
98 135
85 135
85 144
144 192
32 192
26 32
26 32
26 32
26 27
27 79
79 114
79 114
72 79
13 72
13 78
56 78
56 165
13 165
13 30
30 134
80 134
69 80
14 69
14 127
14 127
14 65
65 190
65 190
14 65
14 198
14 198
14 127
0 127
0 102
102 118
102 118
42 102
42 138
138 197
182 197
142 182
83 142
83 142
82 142
82 199
144 199
61 144
61 158
82 158
82 112
89 112
89 195
151 195
151 176
75 176
1 75
1 75
9 75
9 75
8 75
8 176
122 176
46 122
46 51
51 132
132 177
177 181
88 181
88 109
88 109
25 88
25 88
25 88
25 91
91 188
10 188
10 129
129 161
161 174
74 174
49 74
49 162
11 162
11 163
148 163
64 148
64 137
137 145
137 145
64 137
64 68
68 178
140 178
3 140
3 17
17 38
17 38
17 154
90 154
36 90
36 168
155 168
41 155
41 155
150 155
111 150
101 111
55 101
55 101
101 106
94 106
94 155
2 155
2 155
41 155
41 124
66 124
37 66
37 187
179 187
179 185
35 185
35 63
35 63
35 160
35 160
35 160
128 160
128 133
