57 57 963
49
60
73
54
59
44
61
87
20
6
39
6
57
98
69
9
72
95
67
65
34
82
35
5
26
40
1
71
78
41
94
47
22
12
91
51
38
79
75
63
64
53
0
48
77
58
74
66
15
28
96
43
83
33
76
13
80
49 60
60 73
54 73
54 59
44 59
44 61
61 87
20 87
6 20
6 39
6 39
6 57
57 98
69 98
9 69
9 72
72 95
67 95
65 67
34 65
34 82
35 82
5 35
5 26
26 40
1 40
1 71
71 78
41 78
41 94
47 94
22 47
12 22
12 91
51 91
38 51
38 79
75 79
63 75
63 64
53 64
0 53
0 48
48 77
58 77
58 74
66 74
15 66
15 28
28 96
43 96
43 83
33 83
33 76
13 76
13 80
49 80
