200 200 1236
0
1
2
3
4
5
6
7
8
9
10
11
12
13
14
15
16
17
18
19
20
21
22
23
24
25
26
27
28
29
30
31
32
33
34
35
36
37
38
39
40
41
42
43
44
45
46
47
48
49
50
51
52
53
54
55
56
57
58
59
60
61
62
63
64
65
66
67
68
69
70
71
72
73
74
75
76
77
78
79
80
81
82
83
84
85
86
87
88
89
90
91
92
93
94
95
96
97
98
99
100
101
102
103
104
105
106
107
108
109
110
111
112
113
114
115
116
117
118
119
120
121
122
123
124
125
126
127
128
129
130
131
132
133
134
135
136
137
138
139
140
141
142
143
144
145
146
147
148
149
150
151
152
153
154
155
156
157
158
159
160
161
162
163
164
165
166
167
168
169
170
171
172
173
174
175
176
177
178
179
180
181
182
183
184
185
186
187
188
189
190
191
192
193
194
195
196
197
198
199
0 62
0 92
1 99
1 102
2 76
2 83
3 108
3 196
4 33
4 41
5 61
5 115
6 51
6 172
7 135
7 152
8 50
8 144
9 78
9 181
10 36
10 133
11 92
11 134
12 25
12 117
13 14
13 58
14 93
15 165
15 190
16 90
16 172
17 51
17 90
18 140
18 141
19 84
19 195
20 21
20 52
21 136
22 43
22 185
23 66
23 131
24 37
24 96
25 179
26 34
26 38
27 145
27 166
28 164
28 177
29 120
29 181
30 40
30 137
31 117
31 188
32 126
32 169
33 41
34 147
35 53
35 83
36 73
37 96
38 120
39 86
39 155
40 89
42 79
42 94
43 159
44 108
44 114
45 88
45 180
46 170
46 182
47 91
47 130
48 59
48 192
49 132
49 183
50 168
52 180
53 193
54 106
54 151
55 98
55 111
56 82
56 188
57 64
57 107
58 186
59 88
60 70
60 157
61 65
62 111
63 116
63 160
64 148
65 182
66 110
67 189
67 198
68 75
68 142
69 128
69 162
70 141
71 146
71 149
72 94
72 194
73 199
74 116
74 160
75 176
76 193
77 165
77 190
78 174
79 130
80 98
80 148
81 100
81 138
82 189
84 195
85 115
85 121
86 122
87 145
87 147
89 163
91 187
93 178
95 118
95 119
97 128
97 153
99 167
100 109
101 106
101 121
102 167
103 149
103 171
104 125
104 186
105 112
105 119
107 177
109 194
110 131
112 118
113 156
113 158
114 191
122 139
123 134
123 159
124 142
124 154
125 152
126 169
127 173
127 187
129 137
129 156
132 183
133 199
135 161
136 163
138 184
139 176
140 171
143 154
143 196
144 150
146 173
150 168
151 170
153 175
155 161
157 197
158 178
162 175
164 179
166 185
174 198
184 197
191 192
