60 60 866
22
24
46
49
11
29
28
15
47
19
13
19
13
9
40
4
2
4
44
48
32
4
36
2
12
8
0
21
42
3
42
41
21
38
17
6
33
31
5
14
25
26
43
16
39
16
27
45
23
35
23
1
10
34
18
20
30
37
22
7
22 24
24 46
46 49
11 49
11 29
28 29
15 28
15 47
19 47
13 19
13 19
13 19
9 13
9 40
4 40
2 4
2 4
4 44
44 48
32 48
4 32
4 36
2 36
2 12
8 12
0 8
0 21
21 42
3 42
3 42
41 42
21 41
21 38
17 38
6 17
6 33
31 33
5 31
5 14
14 25
25 26
26 43
16 43
16 39
16 39
16 27
27 45
23 45
23 35
23 35
1 23
1 10
10 34
18 34
18 20
20 30
30 37
22 37
7 22
7 22
