54 54 1626
121
134
40
108
1
116
153
112
180
128
16
191
167
157
158
143
55
152
52
50
166
184
109
56
79
130
164
124
147
106
83
86
120
104
88
140
174
39
8
119
15
150
14
182
127
196
169
172
60
4
162
84
115
198
121 134
40 134
40 108
1 108
1 116
116 153
112 153
112 180
128 180
16 128
16 191
167 191
157 167
157 158
143 158
55 143
55 152
52 152
50 52
50 166
166 184
109 184
56 109
56 79
79 130
130 164
124 164
124 147
106 147
83 106
83 86
86 120
104 120
88 104
88 140
140 174
39 174
8 39
8 119
15 119
15 150
14 150
14 182
127 182
127 196
169 196
169 172
60 172
4 60
4 162
84 162
84 115
115 198
121 198
