199 199 1240
0
1
2
3
4
5
6
7
8
9
10
11
12
13
14
15
16
17
18
19
20
21
22
23
24
25
26
27
28
29
30
31
32
33
34
35
36
37
38
39
40
41
42
43
44
45
46
47
48
49
50
51
52
53
54
55
56
57
58
59
60
61
62
63
64
65
66
67
68
69
70
71
72
73
74
75
76
77
78
79
80
81
82
83
84
85
86
87
88
89
90
91
92
93
94
95
96
97
98
99
100
101
102
103
104
105
107
108
109
110
111
112
113
114
115
116
117
118
119
120
121
122
123
124
125
126
127
128
129
130
131
132
133
134
135
136
137
138
139
140
141
142
143
144
145
146
147
148
149
150
151
152
153
154
155
156
157
158
159
160
161
162
163
164
165
166
167
168
169
170
171
172
173
174
175
176
177
178
179
180
181
182
183
184
185
186
187
188
189
190
191
192
193
194
195
196
197
198
199
0 48
0 180
1 85
1 182
2 19
2 181
3 7
3 13
4 14
4 63
5 103
5 111
6 51
6 162
7 119
8 112
8 116
9 94
9 191
10 58
10 69
11 163
11 197
12 57
12 103
13 168
14 63
15 44
15 70
16 155
16 158
17 29
17 149
18 64
18 104
19 167
20 24
20 155
21 25
21 66
22 36
22 97
23 40
23 96
24 46
25 76
26 65
26 138
27 126
27 176
28 132
28 172
29 143
30 83
30 127
31 60
31 178
32 37
32 194
33 78
33 110
34 140
34 146
35 65
35 123
36 120
37 105
38 87
38 165
39 89
39 157
40 175
41 89
41 96
42 71
42 92
43 93
43 175
44 70
45 107
45 125
46 113
47 131
47 187
48 94
49 86
49 153
50 68
50 171
51 188
52 122
52 124
53 154
53 169
54 81
54 173
55 159
55 178
56 182
56 195
57 99
58 101
59 77
59 177
60 159
61 113
61 197
62 166
62 183
64 195
66 91
67 128
67 165
68 107
69 101
71 192
72 115
72 117
73 136
73 137
74 147
74 186
75 169
75 198
76 170
77 177
78 160
79 134
79 179
80 130
80 152
81 183
82 114
82 150
83 90
84 93
84 157
85 191
86 119
87 128
88 91
88 170
90 127
92 117
95 104
95 188
97 151
98 121
98 130
99 160
100 131
100 199
102 145
102 171
105 161
108 115
108 192
109 139
109 179
110 137
111 198
112 129
114 150
116 129
118 132
118 172
120 141
121 193
122 124
123 138
125 144
126 176
133 163
133 181
134 139
135 148
135 187
136 143
140 164
141 149
142 161
142 190
144 151
145 196
146 185
147 189
148 173
152 184
153 190
154 167
156 162
156 194
158 166
164 185
168 174
174 196
180 199
184 193
186 189
