100 102 1282
0
1
2
3
4
5
6
7
8
9
10
11
12
13
14
15
16
17
18
19
20
21
22
23
24
25
26
27
28
29
30
31
32
33
34
35
36
37
38
39
40
41
42
43
44
45
46
47
48
49
50
51
52
53
54
55
56
57
58
59
60
61
62
63
64
65
66
67
68
69
70
71
72
73
74
75
76
77
78
79
80
81
82
83
84
85
86
87
88
89
90
91
92
93
94
95
96
97
98
99
0 4
0 76
1 12
1 39
2 44
2 94
3 56
3 67
4 84
5 43
5 50
6 26
6 34
7 10
7 16
8 9
8 38
9 20
10 24
11 31
11 73
12 36
13 82
13 99
14 38
14 65
14 74
15 67
15 77
16 53
17 60
17 95
18 58
18 66
19 39
19 69
20 33
20 40
21 42
21 57
22 52
22 68
23 72
23 91
24 44
25 27
25 58
26 72
27 32
28 37
28 75
29 45
29 87
30 55
30 97
31 93
32 42
34 64
35 79
35 96
36 62
37 56
40 55
41 54
41 59
43 81
45 68
46 85
47 52
47 98
48 75
48 80
49 89
49 97
50 96
51 60
51 62
53 86
54 87
57 94
59 88
61 91
61 95
63 64
63 90
65 14
66 70
69 93
70 82
71 73
71 89
74 92
76 90
77 92
78 79
78 99
80 98
81 83
83 88
84 86
85 98
98 85
