105 105 1000
25
58
30
84
56
32
18
87
19
76
33
88
79
10
91
2
24
82
36
57
77
75
3
83
96
14
46
29
17
40
90
59
94
47
92
50
44
20
12
49
11
70
81
41
0
16
64
35
39
93
1
93
39
42
80
4
98
4
22
69
34
67
68
65
74
21
23
53
61
54
99
73
55
66
95
38
43
27
13
43
71
26
72
8
7
48
5
28
86
37
97
85
45
62
60
9
52
31
89
63
51
63
15
6
78
25 58
30 58
30 84
56 84
32 56
18 32
18 87
19 87
19 76
33 76
33 88
79 88
10 79
10 91
2 91
2 24
24 82
36 82
36 57
57 77
75 77
3 75
3 83
83 96
14 96
14 46
29 46
17 29
17 40
40 90
59 90
59 94
47 94
47 92
50 92
44 50
20 44
12 20
12 49
11 49
11 70
70 81
41 81
0 41
0 16
16 64
35 64
35 39
39 93
1 93
1 93
39 93
39 42
42 80
4 80
4 98
4 98
4 22
22 69
34 69
34 67
67 68
65 68
65 74
21 74
21 23
23 53
53 61
54 61
54 99
73 99
55 73
55 66
66 95
38 95
38 43
27 43
13 27
13 43
43 71
26 71
26 72
8 72
7 8
7 48
5 48
5 28
28 86
37 86
37 97
85 97
45 85
45 62
60 62
9 60
9 52
31 52
31 89
63 89
51 63
51 63
15 63
6 15
6 78
25 78
