197 197 1544
0
1
2
3
4
5
6
7
8
10
11
12
13
14
15
16
17
18
19
20
21
22
23
24
25
26
27
28
29
30
31
32
33
34
35
36
37
38
39
40
41
42
43
44
45
46
47
48
49
50
51
52
53
54
55
56
57
58
59
60
61
62
63
64
65
66
67
68
69
70
71
72
73
74
75
76
77
78
79
80
81
82
83
84
85
86
87
88
89
90
91
92
93
94
95
96
97
98
99
100
101
102
103
104
105
106
107
108
109
110
111
112
113
114
115
116
117
118
119
120
121
122
123
124
125
126
127
128
129
130
131
132
133
134
135
136
137
139
140
141
142
143
144
145
146
147
148
149
150
151
152
153
154
155
156
157
158
159
160
161
162
163
164
165
166
167
168
169
170
172
173
174
175
176
177
178
179
180
181
182
183
184
185
186
187
188
189
190
191
192
193
194
195
196
197
198
199
0 152
0 178
1 64
1 88
2 34
2 53
3 63
3 196
4 137
4 145
5 147
5 150
6 114
6 127
7 33
7 35
8 158
8 166
10 86
10 170
11 40
11 134
12 56
12 91
13 58
13 112
14 17
14 80
15 49
15 82
16 60
16 141
17 157
18 48
18 160
19 84
19 126
20 154
20 165
21 109
21 155
22 63
22 143
23 143
23 196
24 133
24 199
25 99
25 197
26 35
26 105
27 68
27 159
28 71
28 78
29 38
29 53
30 55
30 182
31 47
31 117
32 72
32 170
33 144
34 61
36 73
36 81
37 136
37 165
38 93
39 124
39 156
40 65
41 85
41 113
42 45
42 94
43 128
43 154
44 52
44 97
45 67
46 144
46 150
47 79
48 131
49 191
50 111
50 168
51 148
51 181
52 116
54 101
54 176
55 98
56 132
57 164
57 192
58 119
59 77
59 175
60 172
61 111
62 89
62 123
64 76
65 87
66 104
66 140
67 94
68 162
69 96
69 108
70 95
70 177
71 90
72 188
73 156
74 102
74 174
75 130
75 183
76 105
77 190
78 187
79 198
80 158
81 122
82 187
83 98
83 118
84 166
85 115
86 121
87 129
88 189
89 163
90 186
91 132
92 151
92 168
93 186
95 107
96 121
97 116
99 149
100 139
100 142
101 106
102 167
103 118
103 179
104 178
106 126
107 127
108 153
109 128
110 146
110 184
112 119
113 120
114 180
115 145
117 173
120 172
122 194
123 133
124 194
125 147
125 148
129 134
130 183
131 160
135 161
135 169
136 195
137 155
139 142
140 157
141 179
146 184
149 197
151 176
152 193
153 175
159 182
161 169
162 199
163 195
164 181
167 174
173 198
177 193
180 189
185 188
185 190
191 192
