99 99 888
0
1
2
3
4
5
6
7
8
9
10
11
12
13
14
15
16
17
18
19
20
21
22
23
24
25
26
27
28
29
30
31
32
33
34
35
36
37
38
39
41
42
43
44
45
46
47
48
49
50
51
52
53
54
55
56
57
58
59
60
61
62
63
64
65
66
67
68
69
70
71
72
73
74
75
76
77
78
79
80
81
82
83
84
85
86
87
88
89
90
91
92
93
94
95
96
97
98
99
0 29
0 95
1 39
1 62
2 55
2 79
3 57
3 64
4 15
4 71
5 35
5 82
6 25
6 58
7 41
7 80
8 36
8 77
9 26
9 73
10 19
10 63
11 34
11 65
12 77
12 92
13 14
13 72
14 66
15 88
16 59
16 61
17 56
17 63
18 43
18 86
19 75
20 42
20 60
21 69
21 89
22 32
22 48
23 36
23 91
24 38
24 85
25 53
26 91
27 80
27 81
28 49
28 82
29 51
30 70
30 84
31 90
31 98
32 96
33 74
33 87
34 65
35 37
37 49
38 52
39 97
41 96
42 94
43 75
44 45
44 48
45 56
46 50
46 97
47 87
47 99
50 90
51 94
52 71
53 81
54 68
54 84
55 79
57 99
58 83
59 61
60 78
62 74
64 73
66 72
67 86
67 93
68 70
69 89
76 85
76 88
78 95
83 93
92 98
