84 84 1324
0
1
2
3
4
6
8
9
10
11
12
13
15
16
18
19
21
22
23
24
25
26
27
28
30
31
32
33
35
36
38
39
40
41
42
43
44
45
46
47
48
49
50
51
52
53
54
55
56
57
59
60
61
62
63
64
65
66
67
69
70
71
72
73
74
75
76
77
80
82
83
84
85
86
87
89
90
91
92
95
96
97
98
99
0 28
0 73
1 8
1 92
2 24
2 33
3 10
3 35
4 44
4 51
6 70
6 87
8 46
9 40
9 73
10 32
11 47
11 99
12 55
12 83
13 52
13 60
15 39
15 41
16 31
16 67
18 23
18 98
19 74
19 90
21 66
21 71
22 86
22 91
23 96
24 26
25 86
25 90
26 27
27 47
28 84
30 61
30 69
31 38
32 44
33 97
35 45
36 42
36 50
38 41
39 87
40 53
42 54
43 59
43 64
45 72
46 48
48 76
49 60
49 75
50 63
51 65
52 59
53 66
54 56
55 80
56 83
57 72
57 77
61 77
62 64
62 98
63 89
65 92
67 96
69 82
70 82
71 74
75 97
76 84
80 95
85 89
85 99
91 95
