199 199 1216
0
1
2
3
5
6
7
8
9
10
11
12
13
14
15
16
17
18
19
20
21
22
23
24
25
26
27
28
29
30
31
32
33
34
35
36
37
38
39
40
41
42
43
44
45
46
47
48
49
50
51
52
53
54
55
56
57
58
59
60
61
62
63
64
65
66
67
68
69
70
71
72
73
74
75
76
77
78
79
80
81
82
83
84
85
86
87
88
89
90
91
92
93
94
95
96
97
98
99
100
101
102
103
104
105
106
107
108
109
110
111
112
113
114
115
116
117
118
119
120
121
122
123
124
125
126
127
128
129
130
131
132
133
134
135
136
137
138
139
140
141
142
143
144
145
146
147
148
149
150
151
152
153
154
155
156
157
158
159
160
161
162
163
164
165
166
167
168
169
170
171
172
173
174
175
176
177
178
179
180
181
182
183
184
185
186
187
188
189
190
191
192
193
194
195
196
197
198
199
0 48
0 182
1 76
1 97
2 24
2 62
3 25
3 62
5 143
5 179
6 22
6 153
7 70
7 192
8 95
8 98
9 13
9 178
10 31
10 147
11 51
11 104
12 73
12 133
13 59
14 41
14 199
15 57
15 82
16 22
16 169
17 94
17 191
18 172
18 196
19 109
19 151
20 83
20 192
21 92
21 181
23 130
23 148
24 59
25 72
26 138
26 154
27 157
27 159
28 136
28 166
29 75
29 142
30 60
30 183
31 117
32 151
32 185
33 81
33 175
34 139
34 166
35 41
35 135
36 77
36 165
37 161
37 176
38 74
38 185
39 55
39 186
40 124
40 171
42 126
42 156
43 46
43 89
44 63
44 160
45 119
45 171
46 50
47 65
47 67
48 130
49 121
49 140
50 89
51 96
52 75
52 127
53 118
53 152
54 176
54 197
55 146
56 149
56 162
57 116
58 113
58 155
60 194
61 74
61 163
63 160
64 96
64 170
65 112
66 145
66 190
67 107
68 83
68 104
69 71
69 72
70 125
71 138
73 85
76 91
77 198
78 86
78 113
79 91
79 115
80 167
80 188
81 99
82 90
84 150
84 161
85 112
86 179
87 110
87 134
88 132
88 150
90 182
92 154
93 102
93 133
94 158
95 198
97 140
98 195
99 121
100 120
100 128
101 105
101 184
102 141
103 173
103 188
105 110
106 141
106 164
107 131
108 157
108 189
109 142
111 167
111 181
114 131
114 177
115 180
116 184
117 193
118 168
119 145
120 122
122 129
123 144
123 146
124 148
125 183
126 156
127 163
128 129
132 134
135 199
136 144
137 139
137 159
143 164
147 193
149 194
152 168
153 190
155 165
158 170
162 178
169 174
172 196
173 175
174 187
177 189
180 187
186 197
191 195
