100 100 1056
0
1
2
3
4
5
6
7
8
9
10
11
12
13
14
15
16
17
18
19
20
21
22
23
24
25
26
27
28
29
30
31
32
33
34
35
36
37
38
39
40
41
42
43
44
45
46
47
48
49
50
51
52
53
54
55
56
57
58
59
60
61
62
63
64
65
66
67
68
69
70
71
72
73
74
75
76
77
78
79
80
81
82
83
84
85
86
87
88
89
90
91
92
93
94
95
96
97
98
99
0 5
0 53
1 37
1 59
2 15
2 86
3 52
3 88
4 26
4 43
5 53
6 32
6 41
7 52
7 90
8 9
8 64
9 95
10 39
10 49
11 71
11 76
12 93
12 94
13 39
13 40
14 17
14 96
15 66
16 30
16 77
17 54
18 84
18 85
19 63
19 93
20 22
20 69
21 23
21 87
22 68
23 29
24 66
24 79
25 67
25 91
26 36
27 74
27 77
28 38
28 51
29 69
30 88
31 51
31 60
32 44
33 58
33 65
34 44
34 89
35 55
35 62
36 46
37 47
38 59
40 43
41 89
42 46
42 97
45 61
45 95
47 56
48 50
48 76
49 78
50 83
54 96
55 62
56 68
57 64
57 99
58 94
60 79
61 85
63 90
65 86
67 97
70 92
70 98
71 80
72 82
72 98
73 78
73 84
74 87
75 82
75 92
80 83
81 91
81 99
