100 100 1440
0
1
2
3
4
5
6
7
8
9
10
11
12
13
14
15
16
17
18
19
20
21
22
23
24
25
26
27
28
29
30
31
32
33
34
35
36
37
38
39
40
41
42
43
44
45
46
47
48
49
50
51
52
53
54
55
56
57
58
59
60
61
62
63
64
65
66
67
68
69
70
71
72
73
74
75
76
77
78
79
80
81
82
83
84
85
86
87
88
89
90
91
92
93
94
95
96
97
98
99
0 54
0 99
1 43
1 54
2 81
2 86
3 12
3 71
4 60
4 73
5 28
5 60
6 17
6 36
7 22
7 33
8 14
8 46
9 79
9 89
10 16
10 61
11 59
11 65
12 83
13 64
13 98
14 38
15 82
15 86
16 38
17 34
18 50
18 77
19 40
19 77
20 28
20 53
21 51
21 97
22 62
23 29
23 57
24 68
24 71
25 88
25 96
26 72
26 76
27 51
27 69
29 55
30 46
30 78
31 40
31 41
32 65
32 81
33 93
34 85
35 72
35 83
36 61
37 49
37 80
39 69
39 99
41 93
42 87
42 91
43 74
44 49
44 84
45 75
45 80
47 74
47 76
48 84
48 98
50 82
52 70
52 97
53 68
55 78
56 57
56 92
58 90
58 94
59 95
62 91
63 67
63 90
64 66
66 96
67 79
70 85
73 89
75 92
87 88
94 95
