Error code = 10013
Unable to write to file './output/N50D03K5T1P1/model.lp'

50 50 957
0
1
2
3
4
5
6
7
8
9
10
11
12
13
14
15
16
17
18
19
20
21
22
23
24
25
26
27
28
29
30
31
32
33
34
35
36
37
38
39
40
41
42
43
44
45
46
47
48
49
0 1
0 23
1 29
2 28
2 37
3 14
3 34
4 16
4 37
5 31
5 41
6 8
6 12
7 25
7 41
8 15
9 12
9 46
10 28
10 43
11 38
11 40
13 47
13 48
14 33
15 43
16 32
17 40
17 49
18 22
18 30
19 23
19 35
20 38
20 49
21 26
21 27
22 44
24 34
24 45
25 26
27 33
29 42
30 44
31 45
32 39
35 36
36 48
39 46
42 47
