100 104 1106
0
1
2
3
4
5
6
7
8
9
10
11
12
13
14
15
16
17
18
19
20
21
22
23
24
25
26
27
28
29
30
31
32
33
34
35
36
37
38
39
40
41
42
43
44
45
46
47
48
49
50
51
52
53
54
55
56
57
58
59
60
61
62
63
64
65
66
67
68
69
70
71
72
73
74
75
76
77
78
79
80
81
82
83
84
85
86
87
88
89
90
91
92
93
94
95
96
97
98
99
0 48
0 79
1 16
1 76
2 6
2 9
3 12
3 84
4 45
4 76
5 16
5 64
6 66
7 21
7 80
8 42
8 74
9 70
10 25
10 62
11 39
11 73
12 29
13 24
13 31
14 64
14 93
15 78
15 83
17 48
17 98
18 37
18 41
19 46
19 89
20 95
20 99
21 74
22 24
22 41
23 26
23 56
25 58
26 51
27 78
27 79
28 43
28 57
28 90
29 49
30 56
30 65
31 38
32 99
33 77
33 96
34 50
34 86
35 57
35 71
36 73
36 94
37 53
38 90
39 81
40 68
40 98
42 44
43 52
44 69
45 72
46 87
47 68
47 75
48 54
49 75
50 87
51 61
52 95
55 59
55 85
59 65
60 61
60 88
62 92
63 66
63 69
67 81
67 91
70 77
71 80
72 94
76 95
80 53
80 97
82 85
82 96
83 97
84 92
86 28
88 67
89 93
95 76
99 58
