50 103 785
0
1
2
3
4
5
6
7
8
9
10
11
12
13
14
15
16
17
18
19
20
21
22
23
24
25
26
27
28
29
30
31
32
33
34
35
36
37
38
39
40
41
42
43
44
45
46
47
48
49
0 36
0 36
0 49
0 49
1 23
1 23
1 37
1 37
2 41
2 41
2 45
2 45
3 5
3 5
3 17
3 17
4 20
4 20
4 22
4 22
5 38
5 38
6 26
6 26
6 30
6 30
7 26
7 26
7 28
7 28
8 7
7 28
7 28
8 45
8 45
9 30
9 30
9 39
9 39
10 21
10 21
10 29
10 29
11 38
11 38
11 44
11 44
12 18
12 18
12 31
12 31
13 29
13 29
13 34
13 34
14 15
14 15
14 25
14 25
15 19
15 19
16 32
16 32
16 48
16 48
17 24
17 24
18 22
18 22
19 42
19 42
20 44
20 44
21 47
21 47
23 42
23 42
24 47
24 47
25 14
14 39
14 39
27 33
27 33
27 41
27 41
31 35
31 35
32 16
16 34
16 34
33 40
33 40
35 43
35 43
36 46
36 46
37 48
37 48
40 49
40 49
43 46
43 46
