73 73 1208
0
1
2
3
4
5
6
7
8
11
12
14
19
21
23
24
26
27
29
30
32
33
35
36
37
38
39
40
41
42
43
45
46
47
49
50
52
54
56
57
61
62
63
64
65
66
67
68
69
70
71
72
73
75
76
78
79
80
81
82
83
84
85
86
87
90
91
92
93
95
96
97
98
0 56
0 67
1 21
1 43
2 42
2 76
3 11
3 52
4 35
4 45
5 45
5 50
6 66
6 92
7 27
7 82
8 23
8 57
11 81
12 62
12 75
14 75
14 96
19 35
19 50
21 79
23 49
24 36
24 52
26 37
26 95
27 47
29 38
29 98
30 32
30 57
32 71
33 70
33 87
36 39
37 41
38 47
39 65
40 69
40 90
41 72
42 80
43 65
46 61
46 68
49 98
54 66
54 85
56 82
61 78
62 78
63 67
63 86
64 84
64 93
68 80
69 95
70 79
71 85
72 97
73 81
73 86
76 97
83 91
83 96
84 93
87 92
90 91
