100 100 875
0
1
2
3
4
5
6
7
8
9
10
11
12
13
14
15
16
17
18
19
20
21
22
23
24
25
26
27
28
29
30
31
32
33
34
35
36
37
38
39
40
41
42
43
44
45
46
47
48
49
50
51
52
53
54
55
56
57
58
59
60
61
62
63
64
65
66
67
68
69
70
71
72
73
74
75
76
77
78
79
80
81
82
83
84
85
86
87
88
89
90
91
92
93
94
95
96
97
98
99
0 4
0 56
1 9
1 52
2 59
2 66
3 18
3 65
4 56
5 46
5 68
6 38
6 40
7 75
7 90
8 10
8 21
9 19
10 84
11 21
11 96
12 69
12 98
13 57
13 82
14 37
14 81
15 16
15 64
16 78
17 58
17 60
18 23
19 52
20 24
20 41
22 43
22 74
23 66
24 41
25 40
25 79
26 31
26 67
27 67
27 80
28 72
28 99
29 84
29 92
30 36
30 39
31 91
32 54
32 78
33 62
33 97
34 47
34 90
35 44
35 95
36 94
37 93
38 71
39 94
42 51
42 96
43 53
44 89
45 54
45 64
46 97
47 85
48 50
48 76
49 50
49 51
53 88
55 60
55 80
57 82
58 87
59 71
61 73
61 86
62 95
63 75
63 77
65 70
68 89
69 85
70 74
72 99
73 86
76 77
79 98
81 93
83 88
83 92
87 91
