100 100 1522
0
1
2
3
4
5
6
7
8
9
10
11
12
13
14
15
16
17
18
19
20
21
22
23
24
25
26
27
28
29
30
31
32
33
34
35
36
37
38
39
40
41
42
43
44
45
46
47
48
49
50
51
52
53
54
55
56
57
58
59
60
61
62
63
64
65
66
67
68
69
70
71
72
73
74
75
76
77
78
79
80
81
82
83
84
85
86
87
88
89
90
91
92
93
94
95
96
97
98
99
0 44
0 57
1 73
1 89
2 22
2 33
3 64
3 90
4 13
4 68
5 41
5 93
6 20
6 23
7 85
7 89
8 14
8 90
9 75
9 79
10 71
10 83
11 26
11 34
12 25
12 38
13 67
14 34
15 49
15 77
16 47
16 82
17 38
17 95
18 36
18 81
19 52
19 74
20 61
21 57
21 69
22 28
23 42
24 31
24 50
25 88
26 82
27 67
27 70
28 70
29 37
29 73
30 35
30 40
31 55
32 65
32 84
33 81
35 46
36 92
37 46
39 48
39 49
40 45
41 85
42 54
43 58
43 91
44 97
45 54
47 79
48 61
50 56
51 80
51 97
52 78
53 58
53 74
55 92
56 99
59 63
59 86
60 64
60 76
62 71
62 95
63 98
65 66
66 77
68 84
69 91
72 83
72 86
75 96
76 94
78 96
80 93
87 88
87 94
98 99
