91 91 869
0
1
2
3
4
5
6
7
8
9
10
12
13
14
15
16
18
19
20
21
22
24
25
26
28
29
30
31
32
33
36
37
38
39
40
41
42
43
44
45
46
47
48
49
50
51
52
53
54
55
56
57
58
59
60
61
62
63
64
65
66
67
68
69
70
71
73
74
75
76
77
78
79
80
81
82
83
84
85
86
87
88
89
90
91
92
93
94
95
97
99
0 41
0 57
1 4
1 16
2 46
2 56
3 62
3 99
4 39
5 12
5 84
6 38
6 63
7 95
7 97
8 22
8 36
9 26
9 74
10 52
10 76
12 19
13 21
13 71
14 44
14 86
15 69
15 89
16 38
18 24
18 54
19 55
20 29
20 87
21 79
22 88
24 92
25 60
25 94
26 28
28 94
29 87
30 39
30 77
31 60
31 79
32 84
32 91
33 50
33 90
36 53
37 51
37 83
40 81
40 93
41 57
42 58
42 90
43 45
43 54
44 86
45 92
46 64
47 76
47 88
48 82
48 95
49 74
49 97
50 58
51 62
52 65
53 66
55 65
56 64
59 61
59 93
61 81
63 82
66 99
67 73
67 80
68 77
68 83
69 71
70 89
70 91
73 80
75 78
75 85
78 85
