89 89 1607
122
135
133
197
110
194
138
51
128
145
61
42
71
120
116
189
173
92
59
74
126
112
154
167
199
164
124
129
158
156
130
25
147
56
21
44
96
175
109
187
198
144
57
82
55
35
27
63
192
123
13
115
83
172
38
39
161
26
170
178
153
168
52
94
181
117
53
10
81
186
152
23
155
119
118
104
169
143
162
165
29
142
190
163
150
65
19
182
90
122 135
133 135
133 197
110 197
110 194
138 194
51 138
51 128
128 145
61 145
42 61
42 71
71 120
116 120
116 189
173 189
92 173
59 92
59 74
74 126
112 126
112 154
154 167
167 199
164 199
124 164
124 129
129 158
156 158
130 156
25 130
25 147
56 147
21 56
21 44
44 96
96 175
109 175
109 187
187 198
144 198
57 144
57 82
55 82
35 55
27 35
27 63
63 192
123 192
13 123
13 115
83 115
83 172
38 172
38 39
39 161
26 161
26 170
170 178
153 178
153 168
52 168
52 94
94 181
117 181
53 117
10 53
10 81
81 186
152 186
23 152
23 155
119 155
118 119
104 118
104 169
143 169
143 162
162 165
29 165
29 142
142 190
163 190
150 163
65 150
19 65
19 182
90 182
90 122
