99 99 1459
0
1
2
3
4
5
6
7
8
9
10
11
12
13
14
15
16
17
18
19
20
21
22
23
24
25
26
28
29
30
31
32
33
34
35
36
37
38
39
40
41
42
43
44
45
46
47
48
49
50
51
52
53
54
55
56
57
58
59
60
61
62
63
64
65
66
67
68
69
70
71
72
73
74
75
76
77
78
79
80
81
82
83
84
85
86
87
88
89
90
91
92
93
94
95
96
97
98
99
0 88
0 98
1 26
1 50
2 19
2 67
3 6
3 16
4 38
4 88
5 48
5 96
6 76
7 55
7 74
8 40
8 95
9 54
9 68
10 36
10 52
11 86
11 99
12 48
12 99
13 14
13 85
14 95
15 66
15 78
16 84
17 65
17 77
18 30
18 93
19 77
20 33
20 41
21 37
21 47
22 25
22 60
23 39
23 59
24 42
24 56
25 53
26 46
28 55
28 68
29 69
29 85
30 35
31 64
31 66
32 49
32 90
33 80
34 76
34 87
35 63
36 75
37 73
38 46
39 43
40 54
41 70
42 84
43 71
44 63
44 79
45 70
45 80
47 78
49 73
50 67
51 79
51 97
52 93
53 92
56 74
57 60
57 94
58 83
58 91
59 98
61 83
61 91
62 86
62 89
64 82
65 96
69 75
71 81
72 92
72 97
81 94
82 90
87 89
