100 100 1089
0
1
2
3
4
5
6
7
8
9
10
11
12
13
14
15
16
17
18
19
20
21
22
23
24
25
26
27
28
29
30
31
32
33
34
35
36
37
38
39
40
41
42
43
44
45
46
47
48
49
50
51
52
53
54
55
56
57
58
59
60
61
62
63
64
65
66
67
68
69
70
71
72
73
74
75
76
77
78
79
80
81
82
83
84
85
86
87
88
89
90
91
92
93
94
95
96
97
98
99
0 13
0 62
1 23
1 37
2 17
2 26
3 7
3 47
4 49
4 95
5 18
5 52
6 51
6 72
7 54
8 11
8 35
9 58
9 83
10 81
10 83
11 82
12 32
12 35
13 62
14 27
14 50
15 74
15 96
16 26
16 89
17 66
18 39
19 71
19 75
20 31
20 54
21 56
21 94
22 30
22 74
23 52
24 32
24 56
25 38
25 58
27 41
28 44
28 88
29 51
29 65
30 86
31 67
33 34
33 48
34 48
36 70
36 85
37 92
38 45
39 43
40 65
40 66
41 68
42 49
42 90
43 90
44 88
45 82
46 53
46 75
47 77
50 94
53 87
55 68
55 97
57 64
57 98
59 73
59 93
60 63
60 99
61 69
61 78
63 81
64 70
67 76
69 78
71 92
72 80
73 93
76 95
77 84
79 87
79 96
80 86
84 91
85 98
89 97
91 99
