82 82 1368
0
1
2
3
5
6
7
8
9
11
13
14
16
17
18
20
23
24
25
26
27
28
29
30
32
33
35
36
37
38
39
40
41
42
43
44
45
46
47
49
50
51
53
55
56
58
59
60
61
62
63
65
66
67
68
69
70
71
72
73
74
77
78
79
80
81
82
83
84
85
86
88
89
90
91
92
93
94
95
96
98
99
0 1
0 92
1 68
2 73
2 90
3 28
3 33
5 29
5 78
6 18
6 30
7 32
7 73
8 35
8 69
9 59
9 82
11 42
11 49
13 63
13 94
14 27
14 81
16 55
16 77
17 40
17 44
18 39
20 60
20 62
23 70
23 71
24 26
24 99
25 86
25 91
26 96
27 51
28 47
29 66
30 89
32 90
33 56
35 69
36 79
36 85
37 83
37 85
38 45
38 96
39 40
41 68
41 80
42 49
43 58
43 83
44 99
45 86
46 67
46 84
47 72
50 72
50 91
51 74
53 67
53 95
55 93
56 74
58 61
59 92
60 94
61 93
62 66
63 98
65 70
65 81
71 78
77 79
80 88
82 84
88 89
95 98
