100 100 1546
0
1
2
3
4
5
6
7
8
9
10
11
12
13
14
15
16
17
18
19
20
21
22
23
24
25
26
27
28
29
30
31
32
33
34
35
36
37
38
39
40
41
42
43
44
45
46
47
48
49
50
51
52
53
54
55
56
57
58
59
60
61
62
63
64
65
66
67
68
69
70
71
72
73
74
75
76
77
78
79
80
81
82
83
84
85
86
87
88
89
90
91
92
93
94
95
96
97
98
99
0 36
0 63
1 12
1 73
2 41
2 71
3 42
3 86
4 34
4 80
5 37
5 83
6 26
6 95
7 31
7 32
8 20
8 52
9 75
9 94
10 17
10 97
11 16
11 39
12 98
13 64
13 68
14 53
14 58
15 17
15 52
16 66
18 50
18 81
19 77
19 94
20 35
21 46
21 90
22 27
22 58
23 69
23 80
24 33
24 61
25 47
25 84
26 51
27 37
28 59
28 76
29 42
29 49
30 46
30 53
31 48
32 97
33 38
34 60
35 72
36 78
38 41
39 65
40 91
40 92
43 56
43 89
44 88
44 92
45 70
45 86
47 95
48 57
49 71
50 62
51 83
54 56
54 99
55 82
55 93
57 85
59 93
60 85
61 82
62 84
63 98
64 76
65 87
66 90
67 72
67 81
68 89
69 70
73 78
74 75
74 77
79 87
79 99
88 96
91 96
