92 92 1068
0
1
2
3
4
5
6
8
9
10
11
12
13
14
15
16
17
18
21
22
24
25
26
27
28
30
31
32
33
34
35
36
38
39
40
41
42
43
44
45
46
48
49
50
52
53
54
55
56
57
58
59
60
61
62
63
64
65
66
67
68
69
70
71
72
73
74
75
76
77
78
79
80
81
82
83
84
85
86
87
88
89
90
91
92
93
94
95
96
97
98
99
0 15
0 21
1 36
1 42
2 53
2 76
3 43
3 69
4 38
4 93
5 14
5 91
6 31
6 57
8 40
8 48
9 31
9 93
10 38
10 52
11 33
11 34
12 21
12 58
13 70
13 79
14 32
15 42
16 24
16 82
17 77
17 90
18 50
18 61
22 27
22 57
24 65
25 83
25 85
26 35
26 94
27 44
28 81
28 84
30 84
30 87
32 98
33 73
34 96
35 75
36 39
39 83
40 74
41 71
41 97
43 77
44 89
45 49
45 67
46 54
46 72
48 68
49 76
50 99
52 85
53 60
54 88
55 71
55 97
56 80
56 91
58 96
59 65
59 86
60 67
61 99
62 63
62 98
63 73
64 74
64 92
66 80
66 94
68 81
69 86
70 89
72 88
75 78
78 95
79 95
82 87
90 92
