Error code = 10013
Unable to write to file './output/N50D0.3K0T1P0.1/model.lp'

50 50 1062
0
1
2
3
4
5
6
7
8
9
10
11
12
13
14
15
16
17
18
19
20
21
22
23
24
25
26
27
28
29
30
31
32
33
34
35
36
37
38
39
40
41
42
43
44
45
46
47
48
49
0 3
0 9
1 12
1 47
2 5
2 15
3 41
4 17
4 25
5 30
6 24
6 47
7 12
7 13
8 34
8 45
9 24
10 13
10 45
11 21
11 42
14 23
14 29
15 19
16 22
16 28
17 33
18 20
18 39
19 49
20 34
21 40
22 48
23 31
25 33
26 35
26 49
27 32
27 43
28 36
29 38
30 44
31 46
32 41
35 39
36 46
37 43
37 48
38 44
40 42
