Error code = 10013
Unable to write to file './output/N50D0.5K0T0P0.1/model.lp'

50 50 857
0
1
2
3
4
5
6
7
8
9
10
11
12
13
14
15
16
17
18
19
20
21
22
23
24
25
26
27
28
29
30
31
32
33
34
35
36
37
38
39
40
41
42
43
44
45
46
47
48
49
0 4
0 15
1 6
1 37
2 29
2 41
3 41
3 48
4 26
5 9
5 46
6 29
7 27
7 31
8 25
8 36
9 22
10 14
10 34
11 17
11 33
12 23
12 46
13 20
13 27
14 22
15 24
16 19
16 40
17 23
18 40
18 43
19 20
21 28
21 44
24 38
25 36
26 42
28 43
30 48
30 49
31 32
32 35
33 47
34 45
35 39
37 49
38 39
42 47
44 45
