198 198 1896
0
1
2
3
4
5
6
7
8
9
10
11
12
13
14
15
16
17
18
19
20
21
22
23
24
25
26
27
28
29
30
31
32
33
34
35
36
37
38
39
40
41
42
43
44
45
46
47
48
49
50
51
52
53
54
55
56
57
58
59
60
61
62
63
64
65
66
67
68
69
70
71
72
73
74
75
76
77
78
79
80
81
82
83
84
85
86
87
88
89
90
91
92
93
94
95
96
97
98
99
100
101
102
103
104
105
106
107
108
109
110
111
112
113
114
115
116
117
118
119
120
121
122
123
124
125
126
127
128
129
130
131
132
133
134
135
136
137
138
139
140
141
142
143
144
145
146
147
148
149
150
151
152
153
154
155
156
157
158
159
160
161
162
163
164
165
167
168
170
171
172
173
174
175
176
177
178
179
180
181
182
183
184
185
186
187
188
189
190
191
192
193
194
195
196
197
198
199
0 106
0 111
1 78
1 138
2 13
2 34
3 33
3 63
4 143
4 145
5 62
5 96
6 25
6 168
7 117
7 160
8 170
8 184
9 39
9 130
10 24
10 150
11 56
11 179
12 111
12 119
13 152
14 179
14 184
15 118
15 133
16 74
16 196
17 98
17 181
18 37
18 167
19 36
19 140
20 154
20 195
21 151
21 165
22 38
22 61
23 146
23 194
24 127
25 54
26 73
26 85
27 56
27 69
28 48
28 106
29 44
29 180
30 124
30 186
31 173
31 178
32 87
32 177
33 192
34 57
35 71
35 76
36 197
37 122
38 99
39 155
40 83
40 103
41 121
41 181
42 92
42 191
43 67
43 97
44 50
45 132
45 158
46 51
46 129
47 125
47 198
48 131
49 57
49 186
50 147
51 77
52 79
52 100
53 147
53 155
54 198
55 70
55 139
58 85
58 134
59 74
59 112
60 78
60 177
61 126
62 115
63 142
64 68
64 130
65 92
65 153
66 101
66 146
67 75
68 167
69 82
70 123
71 72
72 159
73 89
75 109
76 176
77 137
79 107
80 122
80 129
81 97
81 164
82 99
83 150
84 118
84 133
86 105
86 144
87 174
88 182
88 194
89 189
90 103
90 131
91 93
91 149
93 132
94 104
94 195
95 108
95 113
96 115
98 161
100 191
101 136
102 104
102 154
105 108
107 168
109 185
110 144
110 175
112 163
113 120
114 124
114 170
116 139
116 162
117 141
119 135
120 180
121 161
123 172
125 159
126 199
127 148
128 157
128 193
134 149
135 183
136 173
137 153
138 193
140 197
141 160
142 190
143 199
145 162
148 183
151 171
152 156
156 164
157 176
158 189
163 185
165 188
171 188
172 174
175 187
178 192
182 187
190 196
