99 99 898
0
1
2
3
4
5
6
7
8
9
10
11
12
13
14
15
16
17
18
19
20
21
22
23
24
25
26
27
28
29
30
31
32
33
34
35
36
37
38
39
40
41
42
43
44
45
46
47
48
49
50
51
52
53
54
55
56
57
58
59
60
61
62
63
64
65
66
67
68
69
70
71
72
73
74
75
76
77
78
79
80
81
82
83
84
86
87
88
89
90
91
92
93
94
95
96
97
98
99
0 65
0 91
1 54
1 75
2 63
2 78
3 47
3 90
4 64
4 80
5 19
5 87
6 29
6 55
7 11
7 54
8 71
8 72
9 15
9 39
10 33
10 89
11 86
12 44
12 57
13 70
13 73
14 19
14 21
15 62
16 37
16 82
17 46
17 96
18 43
18 49
20 34
20 60
21 41
22 56
22 59
23 91
23 99
24 35
24 53
25 51
25 52
26 31
26 45
27 67
27 80
28 50
28 68
29 61
30 62
30 88
31 51
32 50
32 68
33 89
34 55
35 95
36 71
36 72
37 57
38 79
38 95
39 67
40 75
40 82
41 44
42 47
42 90
43 66
45 52
46 93
48 63
48 64
49 87
53 97
56 59
58 76
58 77
60 97
61 79
65 86
66 83
69 84
69 94
70 88
73 98
74 76
74 77
78 98
81 93
81 96
83 92
84 94
92 99
