66 66 1500
21
7
9
47
32
34
46
29
35
16
24
16
28
23
8
48
43
48
38
10
3
10
18
36
33
4
2
45
40
45
2
4
5
4
20
30
28
31
12
31
49
19
0
19
15
22
26
39
47
9
42
9
14
37
25
11
25
41
25
6
27
6
44
1
17
13
7 21
7 9
9 47
32 47
32 34
34 46
29 46
29 35
16 35
16 24
16 24
16 28
23 28
8 23
8 48
43 48
43 48
38 48
10 38
3 10
3 10
10 18
18 36
33 36
4 33
2 4
2 45
40 45
40 45
2 45
2 4
4 5
4 5
4 20
20 30
28 30
28 31
12 31
12 31
31 49
19 49
0 19
0 19
15 19
15 22
22 26
26 39
39 47
9 47
9 42
9 42
9 14
14 37
25 37
11 25
11 25
25 41
25 41
6 25
6 27
6 27
6 44
1 44
1 17
13 17
13 21
