84 83 932
0
2
3
4
5
6
7
8
10
11
12
13
14
15
16
17
18
19
20
21
22
23
24
25
26
27
28
29
31
32
34
35
37
38
39
40
41
42
43
44
45
46
47
48
49
50
51
52
54
55
57
58
59
61
62
63
64
65
66
68
69
70
71
72
73
74
75
78
79
80
81
82
83
84
85
86
87
89
91
95
96
97
98
99
0 40
0 91
2 15
2 29
3 24
3 37
4 46
4 98
5 35
5 70
6 12
6 41
7 62
7 63
8 25
8 99
10 84
10 87
11 75
11 86
12 78
13 42
13 49
14 15
14 29
16 40
16 91
17 55
17 72
18 19
18 81
19 81
20 26
20 89
21 64
21 83
22 44
22 47
23 54
23 66
24 37
25 99
26 43
27 58
27 71
28 48
28 85
31 48
31 87
32 34
32 58
34 71
35 82
38 54
38 66
39 52
39 79
41 59
42 84
43 45
44 47
45 97
46 98
49 85
50 61
50 74
51 57
51 65
52 79
55 73
57 65
59 82
61 96
62 74
63 69
64 72
69 96
70 95
73 83
75 86
78 89
80 68
95 97
