Error code = 10013
Unable to write to file './output/N50D0.5K0T0P1.0/model.lp'

50 50 839
0
1
2
3
4
5
6
7
8
9
10
11
12
13
14
15
16
17
18
19
20
21
22
23
24
25
26
27
28
29
30
31
32
33
34
35
36
37
38
39
40
41
42
43
44
45
46
47
48
49
0 5
0 28
1 19
1 47
2 11
2 30
3 45
3 48
4 9
4 41
5 25
6 30
6 38
7 12
7 23
8 19
8 24
9 13
10 34
10 37
11 17
12 32
13 36
14 29
14 41
15 27
15 35
16 35
16 45
17 42
18 32
18 46
20 22
20 33
21 33
21 39
22 48
23 46
24 28
25 29
26 31
26 34
27 47
31 43
36 40
37 40
38 49
39 44
42 49
43 44
