100 100 857
0
1
2
3
4
5
6
7
8
9
10
11
12
13
14
15
16
17
18
19
20
21
22
23
24
25
26
27
28
29
30
31
32
33
34
35
36
37
38
39
40
41
42
43
44
45
46
47
48
49
50
51
52
53
54
55
56
57
58
59
60
61
62
63
64
65
66
67
68
69
70
71
72
73
74
75
76
77
78
79
80
81
82
83
84
85
86
87
88
89
90
91
92
93
94
95
96
97
98
99
0 18
0 57
1 3
1 95
2 75
2 89
3 48
4 52
4 69
5 33
5 98
6 17
6 60
7 44
7 95
8 11
8 94
9 43
9 59
10 55
10 88
11 32
12 31
12 42
13 22
13 36
14 47
14 67
15 40
15 80
16 80
16 98
17 38
18 40
19 37
19 88
20 30
20 42
21 53
21 84
22 99
23 51
23 79
24 41
24 63
25 31
25 91
26 53
26 83
27 72
27 90
28 81
28 92
29 38
29 92
30 58
32 90
33 35
34 39
34 48
35 73
36 82
37 87
39 74
41 96
43 86
44 86
45 68
45 78
46 61
46 62
47 67
49 66
49 83
50 63
50 84
51 94
52 72
54 66
54 81
55 69
56 64
56 97
57 85
58 93
59 73
60 82
61 62
64 96
65 79
65 99
68 78
70 76
70 89
71 76
71 91
74 77
75 85
77 87
93 97
