126 126 1693
12
3
77
65
19
20
49
29
64
68
32
68
32
9
66
9
90
37
61
31
51
52
6
8
71
8
34
86
58
10
82
10
24
92
26
99
26
79
39
74
57
0
43
0
88
53
81
98
27
46
45
16
17
16
17
43
0
38
41
62
28
62
28
50
28
85
89
63
73
84
55
80
1
22
44
97
14
5
30
36
15
54
36
30
5
75
48
67
42
14
97
13
97
11
33
23
94
18
69
7
87
7
83
21
35
72
60
70
76
59
95
45
40
78
4
91
25
26
2
47
93
47
2
56
88
3
3 12
3 77
65 77
19 65
19 20
20 49
29 49
29 64
64 68
32 68
32 68
32 68
9 32
9 66
9 66
9 90
37 90
37 61
31 61
31 51
51 52
6 52
6 8
8 71
8 71
8 34
34 86
58 86
10 58
10 82
10 82
10 24
24 92
26 92
26 99
26 99
26 79
39 79
39 74
57 74
0 57
0 43
0 43
0 88
53 88
53 81
81 98
27 98
27 46
45 46
16 45
16 17
16 17
16 17
17 43
0 43
0 38
38 41
41 62
28 62
28 62
28 62
28 50
28 50
28 85
85 89
63 89
63 73
73 84
55 84
55 80
1 80
1 22
22 44
44 97
14 97
5 14
5 30
30 36
15 36
15 54
36 54
30 36
5 30
5 75
48 75
48 67
42 67
14 42
14 97
13 97
13 97
11 97
11 33
23 33
23 94
18 94
18 69
7 69
7 87
7 87
7 83
21 83
21 35
35 72
60 72
60 70
70 76
59 76
59 95
45 95
40 45
40 78
4 78
4 91
25 91
25 26
2 26
2 47
47 93
47 93
2 47
2 56
56 88
3 88
3 12
