Error code = 10013
Unable to write to file './output/N50D0.5K10T0P1.0/model.lp'

49 49 769
0
1
2
3
4
6
7
8
9
10
11
12
13
14
15
16
17
18
19
20
21
22
23
24
25
26
27
28
29
30
31
32
33
34
35
36
37
38
39
40
41
42
43
44
45
46
47
48
49
0 34
0 46
1 10
1 46
2 20
2 36
3 23
3 43
4 41
4 43
6 16
6 28
7 8
7 28
8 35
9 20
9 41
10 31
11 32
11 45
12 25
12 29
13 32
13 33
14 38
14 48
15 26
15 44
16 49
17 18
17 30
18 29
19 24
19 47
21 33
21 39
22 30
22 39
23 26
24 25
27 35
27 49
31 34
36 44
37 38
37 42
40 45
40 47
42 48
