114 114 2544
27
52
150
91
100
194
141
97
70
72
23
5
183
29
104
130
179
62
179
63
13
173
39
173
3
36
35
0
154
153
74
82
58
164
83
64
171
117
193
15
99
46
42
79
192
79
192
56
192
66
144
195
81
155
138
96
172
57
5
65
55
191
34
37
101
182
51
7
51
61
80
48
54
167
53
166
114
69
162
174
25
49
109
95
149
151
73
143
189
102
108
98
108
175
22
44
17
59
26
184
78
60
78
47
90
126
90
47
106
160
106
133
105
159
27 52
52 150
91 150
91 100
100 194
141 194
97 141
70 97
70 72
23 72
5 23
5 183
29 183
29 104
104 130
130 179
62 179
62 179
63 179
13 63
13 173
39 173
39 173
3 173
3 36
35 36
0 35
0 154
153 154
74 153
74 82
58 82
58 164
83 164
64 83
64 171
117 171
117 193
15 193
15 99
46 99
42 46
42 79
79 192
79 192
79 192
56 192
56 192
66 192
66 144
144 195
81 195
81 155
138 155
96 138
96 172
57 172
5 57
5 65
55 65
55 191
34 191
34 37
37 101
101 182
51 182
7 51
7 51
51 61
61 80
48 80
48 54
54 167
53 167
53 166
114 166
69 114
69 162
162 174
25 174
25 49
49 109
95 109
95 149
149 151
73 151
73 143
143 189
102 189
102 108
98 108
98 108
108 175
22 175
22 44
17 44
17 59
26 59
26 184
78 184
60 78
60 78
47 78
47 90
90 126
90 126
47 90
47 106
106 160
106 160
106 133
105 133
105 159
27 159
