100 100 1122
0
1
2
3
4
5
6
7
8
9
10
11
12
13
14
15
16
17
18
19
20
21
22
23
24
25
26
27
28
29
30
31
32
33
34
35
36
37
38
39
40
41
42
43
44
45
46
47
48
49
50
51
52
53
54
55
56
57
58
59
60
61
62
63
64
65
66
67
68
69
70
71
72
73
74
75
76
77
78
79
80
81
82
83
84
85
86
87
88
89
90
91
92
93
94
95
96
97
98
99
0 21
0 57
1 31
1 62
2 18
2 95
3 61
3 90
4 5
4 84
5 85
6 65
6 69
7 38
7 51
8 60
8 81
9 15
9 77
10 18
10 50
11 17
11 72
12 73
12 78
13 16
13 19
14 43
14 71
15 35
16 19
17 60
20 73
20 99
21 92
22 38
22 83
23 70
23 87
24 36
24 90
25 44
25 63
26 48
26 81
27 30
27 45
28 37
28 72
29 77
29 87
30 96
31 39
32 36
32 42
33 45
33 53
34 80
34 91
35 70
37 57
39 98
40 42
40 67
41 56
41 85
43 75
44 63
46 49
46 99
47 66
47 84
48 75
49 93
50 58
51 52
52 94
53 89
54 66
54 68
55 74
55 82
56 64
58 95
59 62
59 82
61 80
64 76
65 79
67 69
68 91
71 88
74 98
76 83
78 86
79 94
86 93
88 97
89 96
92 97
