93 93 1045
0
1
2
3
4
5
6
7
8
9
10
11
12
13
15
16
17
18
19
20
21
22
23
24
25
26
27
28
29
30
31
32
33
34
35
36
37
38
39
40
41
44
46
48
49
50
51
52
53
54
55
56
57
58
59
60
61
62
63
64
65
66
67
68
69
70
71
72
73
74
75
76
77
79
81
82
83
84
85
86
87
88
89
90
91
92
93
94
95
96
97
98
99
0 3
0 41
1 55
1 60
2 68
2 97
3 75
4 69
4 92
5 56
5 96
6 24
6 71
7 23
7 39
8 13
8 65
9 19
9 34
10 53
10 59
11 12
11 30
12 58
13 50
15 37
15 91
16 46
16 90
17 55
17 83
18 63
18 88
19 28
20 35
20 69
21 57
21 87
22 24
22 62
23 31
25 33
25 99
26 38
26 77
27 31
27 39
28 66
29 66
29 79
30 63
32 75
32 81
33 64
34 73
35 95
36 44
36 48
37 46
38 59
40 83
40 94
41 81
44 67
48 96
49 56
49 79
50 67
51 71
51 86
52 85
52 86
53 73
54 72
54 76
57 61
58 98
60 62
61 89
64 99
65 84
68 97
70 74
70 82
72 93
74 76
77 90
82 93
84 88
85 94
87 91
89 98
92 95
