58 58 1163
29
44
14
46
13
27
88
28
88
43
49
11
73
51
2
32
27
39
65
15
34
30
47
9
71
16
19
18
4
26
90
63
72
70
64
75
20
75
64
36
22
66
77
8
61
12
59
31
60
10
1
23
62
3
62
40
84
83
29 44
14 44
14 46
13 46
13 27
27 88
28 88
28 88
43 88
43 49
11 49
11 73
51 73
2 51
2 32
27 32
27 39
39 65
15 65
15 34
30 34
30 47
9 47
9 71
16 71
16 19
18 19
4 18
4 26
26 90
63 90
63 72
70 72
64 70
64 75
20 75
20 75
64 75
36 64
22 36
22 66
66 77
8 77
8 61
12 61
12 59
31 59
31 60
10 60
1 10
1 23
23 62
3 62
3 62
40 62
40 84
83 84
29 83
