100 118 1717
0
1
2
3
4
5
6
7
8
9
10
11
12
13
14
15
16
17
18
19
20
21
22
23
24
25
26
27
28
29
30
31
32
33
34
35
36
37
38
39
40
41
42
43
44
45
46
47
48
49
50
51
52
53
54
55
56
57
58
59
60
61
62
63
64
65
66
67
68
69
70
71
72
73
74
75
76
77
78
79
80
81
82
83
84
85
86
87
88
89
90
91
92
93
94
95
96
97
98
99
0 65
10 65
0 65
1 5
1 77
2 29
29 44
2 97
3 9
3 25
25 99
4 22
4 83
5 93
6 26
6 26
26 52
52 53
7 49
7 78
8 49
8 99
9 74
10 90
89 90
11 41
11 75
5 12
5 71
12 90
13 26
13 59
59 64
14 69
63 69
14 69
15 17
15 85
16 65
16 95
17 48
18 39
18 79
19 46
19 78
20 69
63 69
20 54
54 81
21 47
21 80
22 70
23 51
23 75
24 36
24 67
25 29
25 85
27 45
27 50
28 33
33 51
28 68
29 88
30 34
30 70
31 43
31 94
32 33
32 74
33 42
34 84
35 60
35 83
36 58
37 45
37 48
38 58
38 71
19 39
19 68
40 46
40 92
41 76
33 42
33 55
43 59
44 55
47 73
27 50
27 95
62 95
52 53
52 95
54 81
54 84
56 57
56 96
43 57
43 66
59 64
60 72
61 77
61 87
62 82
43 66
43 94
67 91
69 98
72 82
73 96
76 86
79 93
80 98
86 88
87 97
89 90
91 92
