100 100 1545
0
1
2
3
4
5
6
7
8
9
10
11
12
13
14
15
16
17
18
19
20
21
22
23
24
25
26
27
28
29
30
31
32
33
34
35
36
37
38
39
40
41
42
43
44
45
46
47
48
49
50
51
52
53
54
55
56
57
58
59
60
61
62
63
64
65
66
67
68
69
70
71
72
73
74
75
76
77
78
79
80
81
82
83
84
85
86
87
88
89
90
91
92
93
94
95
96
97
98
99
0 88
0 92
1 14
1 55
2 69
2 96
3 15
3 52
4 18
4 61
5 24
5 52
6 61
6 65
7 38
7 87
8 51
8 70
9 32
9 70
10 43
10 46
11 76
11 89
12 28
12 84
13 31
13 39
14 32
15 24
16 44
16 50
17 71
17 78
18 65
19 35
19 84
20 91
20 97
21 53
21 95
22 37
22 48
23 29
23 62
25 27
25 78
26 81
26 93
27 76
28 79
29 30
30 94
31 58
33 68
33 90
34 38
34 77
35 80
36 58
36 64
37 91
39 74
40 45
40 69
41 75
41 94
42 49
42 83
43 90
44 59
45 83
46 68
47 57
47 98
48 57
49 73
50 95
51 67
53 87
54 74
54 88
55 63
56 63
56 71
59 66
60 81
60 93
62 82
64 66
67 99
72 85
72 86
73 89
75 82
77 79
80 98
85 86
92 97
96 99
