100 100 1098
0
1
2
3
4
5
6
7
8
9
10
11
12
13
14
15
16
17
18
19
20
21
22
23
24
25
26
27
28
29
30
31
32
33
34
35
36
37
38
39
40
41
42
43
44
45
46
47
48
49
50
51
52
53
54
55
56
57
58
59
60
61
62
63
64
65
66
67
68
69
70
71
72
73
74
75
76
77
78
79
80
81
82
83
84
85
86
87
88
89
90
91
92
93
94
95
96
97
98
99
0 65
0 93
1 66
1 72
2 36
2 47
3 13
3 45
4 48
4 81
5 21
5 68
6 9
6 71
7 40
7 62
8 86
8 95
9 52
10 43
10 61
11 32
11 51
12 16
12 87
13 67
14 21
14 64
15 97
15 98
16 90
17 20
17 57
18 49
18 65
19 78
19 93
20 40
22 33
22 56
23 38
23 60
24 30
24 44
25 55
25 61
26 50
26 69
27 31
27 89
28 42
28 76
29 58
29 64
30 44
31 62
32 83
33 41
34 54
34 97
35 72
35 74
36 59
37 70
37 81
38 76
39 77
39 99
41 75
42 91
43 47
45 66
46 87
46 96
48 79
49 78
50 69
51 55
52 79
53 83
53 92
54 98
56 75
57 73
58 80
59 86
60 91
63 82
63 96
67 74
68 90
70 71
73 88
77 99
80 82
84 88
84 89
85 92
85 94
94 95
