200 200 1141
0
1
2
3
4
5
6
7
8
9
10
11
12
13
14
15
16
17
18
19
20
21
22
23
24
25
26
27
28
29
30
31
32
33
34
35
36
37
38
39
40
41
42
43
44
45
46
47
48
49
50
51
52
53
54
55
56
57
58
59
60
61
62
63
64
65
66
67
68
69
70
71
72
73
74
75
76
77
78
79
80
81
82
83
84
85
86
87
88
89
90
91
92
93
94
95
96
97
98
99
100
101
102
103
104
105
106
107
108
109
110
111
112
113
114
115
116
117
118
119
120
121
122
123
124
125
126
127
128
129
130
131
132
133
134
135
136
137
138
139
140
141
142
143
144
145
146
147
148
149
150
151
152
153
154
155
156
157
158
159
160
161
162
163
164
165
166
167
168
169
170
171
172
173
174
175
176
177
178
179
180
181
182
183
184
185
186
187
188
189
190
191
192
193
194
195
196
197
198
199
0 129
0 168
1 18
1 143
2 34
2 157
3 125
3 135
4 42
4 63
5 49
5 161
6 11
6 170
7 80
7 88
8 167
8 174
9 134
9 153
10 74
10 198
11 170
12 79
12 107
13 62
13 105
14 51
14 154
15 80
15 88
16 117
16 120
17 124
17 127
18 143
19 56
19 85
20 83
20 108
21 62
21 155
22 141
22 160
23 41
23 195
24 50
24 101
25 30
25 93
26 43
26 96
27 74
27 196
28 131
28 192
29 55
29 86
30 122
31 77
31 138
32 150
32 194
33 45
33 76
34 47
35 138
35 166
36 102
36 122
37 85
37 92
38 51
38 192
39 44
39 152
40 54
40 187
41 65
42 160
43 139
44 87
45 189
46 104
46 163
47 66
48 70
48 184
49 184
50 67
52 121
52 177
53 113
53 153
54 165
55 86
56 169
57 83
57 108
58 109
58 156
59 109
59 156
60 126
60 190
61 128
61 133
63 180
64 148
64 172
65 191
66 157
67 101
68 90
68 111
69 136
69 197
70 134
71 146
71 199
72 110
72 158
73 137
73 149
75 100
75 171
76 116
77 147
78 95
78 105
79 99
81 95
81 169
82 123
82 173
84 103
84 119
87 91
89 164
89 194
90 111
91 131
92 179
93 161
94 99
94 183
96 139
97 112
97 171
98 173
98 188
100 112
102 181
103 119
104 164
106 129
106 162
107 183
110 158
113 140
114 151
114 181
115 140
115 151
116 189
117 120
118 155
118 175
121 177
123 125
124 142
126 190
127 142
128 175
130 159
130 168
132 144
132 193
133 178
135 188
136 197
137 149
141 199
144 193
145 146
145 186
147 182
148 176
150 163
152 182
154 166
159 162
165 187
167 185
172 176
174 185
178 179
180 186
191 195
196 198
