69 69 1439
3
70
85
7
42
95
1
36
19
52
82
36
96
50
68
45
49
44
38
93
38
37
38
44
45
68
71
46
54
27
6
56
65
30
59
81
48
87
92
62
48
97
13
83
28
16
15
86
9
69
35
26
35
89
3
70
3
90
0
61
67
77
74
77
88
40
66
0
90
3 70
70 85
7 85
7 42
42 95
1 95
1 36
19 36
19 52
52 82
36 82
36 96
50 96
50 68
45 68
45 49
44 49
38 44
38 93
38 93
37 38
37 38
38 44
44 45
45 68
68 71
46 71
46 54
27 54
6 27
6 56
56 65
30 65
30 59
59 81
48 81
48 87
87 92
62 92
48 62
48 97
13 97
13 83
28 83
16 28
15 16
15 86
9 86
9 69
35 69
26 35
26 35
35 89
3 89
3 70
3 70
3 90
0 90
0 61
61 67
67 77
74 77
74 77
77 88
40 88
40 66
0 66
0 90
3 90
