91 91 1321
1
2
3
4
5
6
7
8
9
10
11
12
13
14
15
16
17
20
21
22
23
24
25
26
27
28
29
30
31
32
33
34
35
36
37
38
39
40
41
42
43
44
45
46
47
49
50
51
52
53
54
55
56
58
59
60
61
63
64
65
66
67
69
70
71
72
73
74
75
76
77
79
80
81
82
83
84
85
86
87
88
89
90
91
92
93
94
95
96
98
99
1 26
1 36
2 3
2 82
3 80
4 16
4 96
5 38
5 39
6 61
6 95
7 27
7 93
8 35
8 98
9 85
9 89
10 31
10 73
11 59
11 86
12 75
12 81
13 79
13 84
14 35
14 87
15 22
15 41
16 92
17 23
17 31
20 28
20 51
21 34
21 65
22 99
23 67
24 42
24 47
25 34
25 87
26 38
27 64
28 61
29 46
29 81
30 53
30 59
32 37
32 88
33 60
33 71
36 67
37 39
40 43
40 56
41 74
42 83
43 69
44 51
44 70
45 46
45 53
47 88
49 72
49 83
50 52
50 58
52 70
54 73
54 76
55 56
55 84
58 94
60 80
63 79
63 91
64 93
65 77
66 74
66 77
69 86
71 94
72 99
75 82
76 90
85 95
89 96
90 92
91 98
