100 100 1106
0
1
2
3
4
5
6
7
8
9
10
11
12
13
14
15
16
17
18
19
20
21
22
23
24
25
26
27
28
29
30
31
32
33
34
35
36
37
38
39
40
41
42
43
44
45
46
47
48
49
50
51
52
53
54
55
56
57
58
59
60
61
62
63
64
65
66
67
68
69
70
71
72
73
74
75
76
77
78
79
80
81
82
83
84
85
86
87
88
89
90
91
92
93
94
95
96
97
98
99
0 81
0 85
1 19
1 81
2 73
2 93
3 66
3 96
4 52
4 61
5 31
5 52
6 47
6 91
7 33
7 35
8 56
8 91
9 38
9 43
10 27
10 96
11 51
11 59
12 76
12 86
13 84
13 98
14 18
14 24
15 60
15 69
16 38
16 68
17 61
17 69
18 87
19 45
20 82
20 97
21 39
21 99
22 79
22 90
23 39
23 48
24 27
25 30
25 92
26 29
26 72
28 33
28 64
29 45
30 66
31 82
32 34
32 95
34 50
35 36
36 78
37 41
37 79
40 80
40 99
41 90
42 94
42 95
43 78
44 62
44 70
46 49
46 58
47 63
48 80
49 71
50 65
51 89
53 86
53 94
54 84
54 98
55 67
55 83
56 58
57 75
57 76
59 88
60 92
62 70
63 65
64 93
67 83
68 75
71 87
72 85
73 77
74 77
74 97
88 89
