135 135 1866
56
99
56
72
86
59
86
59
63
98
42
54
45
40
30
35
1
89
7
89
1
73
29
37
87
88
37
50
24
50
37
46
37
47
79
9
75
96
78
31
9
31
85
31
9
16
82
26
11
34
14
8
14
8
90
3
60
76
60
64
60
14
34
14
53
74
19
52
94
18
55
92
36
18
81
91
58
43
91
69
5
41
5
80
51
97
51
93
44
0
15
49
15
0
57
21
66
77
66
39
48
39
48
61
20
6
23
22
2
22
4
13
17
95
62
95
68
84
32
65
32
33
2
22
28
70
27
67
83
10
71
72
25
12
38
56 99
56 99
56 72
72 86
59 86
59 86
59 86
59 63
63 98
42 98
42 54
45 54
40 45
30 40
30 35
1 35
1 89
7 89
7 89
1 89
1 73
29 73
29 37
37 87
87 88
37 88
37 50
24 50
24 50
37 50
37 46
37 46
37 47
47 79
9 79
9 75
75 96
78 96
31 78
9 31
9 31
31 85
31 85
9 31
9 16
16 82
26 82
11 26
11 34
14 34
8 14
8 14
8 14
8 90
3 90
3 60
60 76
60 76
60 64
60 64
14 60
14 34
14 34
14 53
53 74
19 74
19 52
52 94
18 94
18 55
55 92
36 92
18 36
18 81
81 91
58 91
43 58
43 91
69 91
5 69
5 41
5 41
5 80
51 80
51 97
51 97
51 93
44 93
0 44
0 15
15 49
15 49
0 15
0 57
21 57
21 66
66 77
66 77
39 66
39 48
39 48
39 48
48 61
20 61
6 20
6 23
22 23
2 22
2 22
4 22
4 13
13 17
17 95
62 95
62 95
68 95
68 84
32 84
32 65
32 65
32 33
2 33
2 22
22 28
28 70
27 70
27 67
67 83
10 83
10 71
71 72
25 72
12 25
12 38
38 56
