Error code = 10013
Unable to write to file './output/N50D0.7K0T1P0.5/model.lp'

50 50 731
0
1
2
3
4
5
6
7
8
9
10
11
12
13
14
15
16
17
18
19
20
21
22
23
24
25
26
27
28
29
30
31
32
33
34
35
36
37
38
39
40
41
42
43
44
45
46
47
48
49
0 40
0 45
1 14
1 22
2 15
2 26
3 27
3 48
4 5
4 23
5 39
6 19
6 32
7 28
7 47
8 32
8 40
9 12
9 36
10 25
10 49
11 16
11 29
12 21
13 29
13 43
14 49
15 18
16 27
17 41
17 46
18 41
19 22
20 30
20 35
21 33
23 45
24 34
24 38
25 30
26 46
28 44
31 39
31 48
33 36
34 38
35 37
37 42
42 44
43 47
