88 88 1066
0
1
2
3
5
6
7
9
11
12
13
14
15
16
17
19
20
21
22
23
24
25
26
27
28
29
30
31
32
33
34
35
36
37
38
41
42
43
44
45
46
48
49
50
52
53
54
55
56
57
58
59
60
61
62
63
64
65
66
67
68
69
70
71
72
73
74
75
76
77
78
79
80
81
82
84
85
86
87
88
89
90
91
93
94
96
97
99
0 1
0 5
1 33
2 17
2 70
3 48
3 50
5 91
6 45
6 90
7 37
7 55
9 58
9 79
11 26
11 90
12 19
12 76
13 50
13 64
14 59
14 66
15 53
15 76
16 28
16 30
17 25
19 38
20 49
20 71
21 29
21 57
22 56
22 78
23 30
23 73
24 31
24 35
25 26
27 52
27 56
28 67
29 60
31 99
32 43
32 86
33 49
34 54
34 81
35 96
36 46
36 74
37 44
38 97
41 53
41 65
42 77
42 85
43 86
44 45
46 85
48 69
52 87
54 81
55 78
57 97
58 64
59 87
60 82
61 62
61 84
62 68
63 66
63 84
65 72
67 80
68 93
69 82
70 91
71 94
72 96
73 88
74 99
75 77
75 79
80 94
88 89
89 93
