100 106 1540
0
1
2
3
4
5
6
7
8
9
10
11
12
13
14
15
16
17
18
19
20
21
22
23
24
25
26
27
28
29
30
31
32
33
34
35
36
37
38
39
40
41
42
43
44
45
46
47
48
49
50
51
52
53
54
55
56
57
58
59
60
61
62
63
64
65
66
67
68
69
70
71
72
73
74
75
76
77
78
79
80
81
82
83
84
85
86
87
88
89
90
91
92
93
94
95
96
97
98
99
0 69
0 79
1 19
1 60
2 29
2 59
3 31
3 81
4 12
4 65
5 23
5 61
6 34
6 82
7 54
7 54
54 93
8 67
8 90
9 35
9 88
10 29
10 56
11 25
11 62
12 48
13 46
13 72
14 85
14 80
80 86
15 26
15 39
16 90
89 90
16 90
90 95
17 37
17 41
18 22
18 30
19 27
20 66
20 87
21 26
21 93
22 94
23 56
24 42
24 92
25 84
27 64
28 51
28 78
30 50
31 94
32 76
38 76
32 76
33 54
33 55
34 46
35 47
36 62
36 63
37 91
38 43
39 45
40 72
40 75
41 68
42 74
43 75
44 51
44 76
45 97
47 79
48 92
49 57
49 97
50 55
52 67
52 84
53 81
53 85
57 58
58 77
19 59
19 60
61 71
63 88
64 70
65 99
66 96
68 83
69 73
70 73
71 98
74 89
77 82
78 99
80 86
80 96
83 98
87 91
90 95
