99 99 863
0
1
2
3
4
5
6
7
8
9
10
11
12
13
14
15
16
17
18
19
20
21
23
24
25
26
27
28
29
30
31
32
33
34
35
36
37
38
39
40
41
42
43
44
45
46
47
48
49
50
51
52
53
54
55
56
57
58
59
60
61
62
63
64
65
66
67
68
69
70
71
72
73
74
75
76
77
78
79
80
81
82
83
84
85
86
87
88
89
90
91
92
93
94
95
96
97
98
99
0 12
0 35
1 4
1 84
2 29
2 85
3 69
3 91
4 84
5 26
5 51
6 83
6 87
7 13
7 77
8 62
8 97
9 14
9 27
10 44
10 52
11 41
11 96
12 36
13 80
14 68
15 59
15 65
16 37
16 81
17 48
17 78
18 34
18 53
19 46
19 68
20 30
20 81
21 55
21 86
23 45
23 63
24 60
24 78
25 31
25 33
26 89
27 46
28 79
28 99
29 49
30 37
31 33
32 47
32 74
34 85
35 36
38 40
38 49
39 75
39 82
40 54
41 92
42 61
42 67
43 83
43 87
44 82
45 77
47 74
48 93
50 62
50 97
51 98
52 65
53 94
54 66
55 86
56 70
56 72
57 67
57 94
58 64
58 95
59 70
60 93
61 71
63 80
64 88
66 71
69 91
72 73
73 90
75 90
76 89
76 98
79 99
88 95
92 96
