98 98 1143
0
1
2
3
4
5
6
7
8
9
10
11
12
13
14
15
16
17
18
19
20
21
22
23
24
25
26
27
28
29
30
31
32
33
34
35
36
38
39
40
41
42
43
44
45
46
47
48
49
50
51
52
54
55
56
57
58
59
60
61
62
63
64
65
66
67
68
69
70
71
72
73
74
75
76
77
78
79
80
81
82
83
84
85
86
87
88
89
90
91
92
93
94
95
96
97
98
99
0 52
0 55
1 28
1 65
2 39
2 66
3 4
3 42
4 91
5 64
5 87
6 34
6 48
7 64
7 78
8 29
8 31
9 51
9 93
10 38
10 70
11 56
11 89
12 23
12 92
13 29
13 96
14 44
14 76
15 46
15 62
16 20
16 62
17 43
17 67
18 45
18 72
19 83
19 87
20 28
21 36
21 79
22 38
22 40
23 98
24 71
24 88
25 59
25 72
26 33
26 76
27 30
27 89
30 90
31 82
32 46
32 94
33 49
34 94
35 63
35 75
36 69
39 66
40 67
41 68
41 69
42 54
43 61
44 73
45 52
47 85
47 90
48 49
50 59
50 99
51 80
54 81
55 99
56 92
57 60
57 78
58 65
58 81
60 77
61 95
63 75
68 88
70 77
71 84
73 93
74 79
74 97
80 86
82 96
83 95
84 97
85 98
86 91
