97 97 870
0
1
2
3
4
5
6
7
8
9
10
11
12
13
14
15
16
17
18
19
20
21
22
23
24
25
26
27
28
30
32
33
34
35
36
37
38
39
40
41
42
43
44
45
46
47
48
49
50
51
53
54
55
56
57
58
59
60
61
62
63
64
65
66
67
68
69
70
71
72
73
74
75
76
77
78
79
80
81
82
83
84
85
86
87
88
89
90
91
92
93
94
95
96
97
98
99
0 2
0 45
1 19
1 70
2 45
3 6
3 34
4 50
4 59
5 46
5 55
6 34
7 14
7 47
8 41
8 54
9 18
9 28
10 42
10 44
11 77
11 99
12 95
12 98
13 49
13 68
14 47
15 74
15 90
16 23
16 67
17 42
17 86
18 33
19 20
20 71
21 33
21 51
22 83
22 84
23 58
24 56
24 75
25 63
25 79
26 76
26 87
27 64
27 66
28 44
30 81
30 96
32 75
32 93
35 40
35 54
36 65
36 76
37 83
37 84
38 57
38 69
39 56
39 93
40 69
41 64
43 72
43 94
46 55
48 82
48 91
49 85
50 87
51 59
53 86
53 94
57 62
58 72
60 74
60 90
61 73
61 78
62 92
63 79
65 92
66 89
67 88
68 85
70 80
71 80
73 97
77 99
78 96
81 97
82 91
88 89
95 98
