100 100 1629
0
1
2
3
4
5
6
7
8
9
10
11
12
13
14
15
16
17
18
19
20
21
22
23
24
25
26
27
28
29
30
31
32
33
34
35
36
37
38
39
40
41
42
43
44
45
46
47
48
49
50
51
52
53
54
55
56
57
58
59
60
61
62
63
64
65
66
67
68
69
70
71
72
73
74
75
76
77
78
79
80
81
82
83
84
85
86
87
88
89
90
91
92
93
94
95
96
97
98
99
0 32
0 98
1 80
1 97
2 70
2 82
3 5
3 61
4 34
4 91
5 47
6 10
6 79
7 30
7 41
8 66
8 82
9 75
9 79
10 91
11 45
11 94
12 92
12 94
13 15
13 76
14 17
14 63
15 27
16 38
16 78
17 83
18 31
18 96
19 48
19 85
20 60
20 77
21 24
21 84
22 59
22 68
23 26
23 95
24 27
25 39
25 89
26 66
28 67
28 86
29 33
29 77
30 65
31 71
32 58
33 93
34 64
35 42
35 48
36 62
36 63
37 56
37 85
38 43
39 95
40 53
40 54
41 99
42 46
43 84
44 50
44 74
45 61
46 68
47 83
49 50
49 89
51 72
51 81
52 60
52 90
53 78
54 81
55 57
55 72
56 69
57 90
58 88
59 75
62 97
64 65
67 87
69 88
70 73
71 98
73 76
74 80
86 92
87 99
93 96
