92 92 1640
89
166
32
113
153
107
60
124
95
142
170
188
3
165
199
59
43
137
16
66
82
159
146
101
18
158
167
71
130
100
73
70
106
102
53
160
145
7
25
44
192
185
35
108
198
168
79
85
21
164
144
134
92
172
54
28
109
93
69
193
69
93
128
115
157
45
197
183
61
163
76
129
131
161
67
162
177
132
83
133
27
125
88
175
140
126
155
121
19
52
156
13
89 166
32 166
32 113
113 153
107 153
60 107
60 124
95 124
95 142
142 170
170 188
3 188
3 165
165 199
59 199
43 59
43 137
16 137
16 66
66 82
82 159
146 159
101 146
18 101
18 158
158 167
71 167
71 130
100 130
73 100
70 73
70 106
102 106
53 102
53 160
145 160
7 145
7 25
25 44
44 192
185 192
35 185
35 108
108 198
168 198
79 168
79 85
21 85
21 164
144 164
134 144
92 134
92 172
54 172
28 54
28 109
93 109
69 93
69 193
69 193
69 93
93 128
115 128
115 157
45 157
45 197
183 197
61 183
61 163
76 163
76 129
129 131
131 161
67 161
67 162
162 177
132 177
83 132
83 133
27 133
27 125
88 125
88 175
140 175
126 140
126 155
121 155
19 121
19 52
52 156
13 156
13 89
