50 101 842
0
1
2
3
4
5
6
7
8
9
10
11
12
13
14
15
16
17
18
19
20
21
22
23
24
25
26
27
28
29
30
31
32
33
34
35
36
37
38
39
40
41
42
43
44
45
46
47
48
49
0 7
0 7
0 19
0 19
1 12
1 12
1 35
1 35
2 16
2 16
2 34
2 34
3 45
3 45
3 46
3 46
4 10
4 10
4 29
4 29
5 12
5 12
5 33
5 33
6 8
6 8
6 26
6 26
7 39
7 39
8 16
8 16
9 25
9 25
9 44
9 44
10 33
10 33
11 22
11 22
11 36
11 36
13 20
13 20
13 45
13 45
14 19
14 19
14 47
14 47
15 37
15 37
15 39
15 39
17 24
17 24
17 40
17 40
18 20
18 20
18 32
18 32
21 22
21 22
21 49
21 49
23 31
23 31
23 42
23 42
24 46
24 46
25 30
25 30
26 20
20 32
20 32
27 28
27 28
27 41
27 41
28 29
28 29
30 35
30 35
31 48
31 48
34 49
34 49
36 41
36 41
37 38
37 38
38 44
38 44
40 43
40 43
42 43
42 43
47 48
47 48
