99 99 1052
0
1
2
3
4
5
6
7
8
9
10
11
12
13
14
15
16
17
18
19
20
21
22
23
24
25
26
27
28
29
30
31
32
33
34
35
36
37
38
39
40
41
42
43
44
45
46
47
48
49
50
51
52
53
54
55
56
57
58
59
60
61
62
63
64
65
66
67
68
69
70
71
72
73
74
75
76
77
78
79
80
81
82
83
84
85
86
87
88
89
90
91
92
93
94
96
97
98
99
0 2
0 26
1 69
1 99
2 48
3 28
3 77
4 23
4 29
5 81
5 83
6 55
6 65
7 34
7 76
8 14
8 85
9 44
9 58
10 43
10 72
11 31
11 53
12 16
12 34
13 64
13 96
14 79
15 67
15 91
16 88
17 25
17 47
18 45
18 58
19 27
19 37
20 50
20 97
21 78
21 93
22 26
22 48
23 70
24 38
24 49
25 67
27 66
28 87
29 79
30 52
30 89
31 73
32 43
32 72
33 74
33 80
35 47
35 84
36 46
36 56
37 63
38 77
39 46
39 52
40 50
40 90
41 94
41 98
42 73
42 86
44 60
45 75
49 97
51 57
51 87
53 82
54 68
54 86
55 57
56 71
59 71
59 92
60 65
61 62
61 93
62 89
63 66
64 96
68 82
69 99
70 85
74 80
75 90
76 94
78 92
81 83
84 91
88 98
