199 199 2041
0
1
2
3
4
5
6
7
8
9
10
11
12
13
14
15
16
17
18
19
20
21
22
23
24
25
26
27
28
29
30
31
32
33
35
36
37
38
39
40
41
42
43
44
45
46
47
48
49
50
51
52
53
54
55
56
57
58
59
60
61
62
63
64
65
66
67
68
69
70
71
72
73
74
75
76
77
78
79
80
81
82
83
84
85
86
87
88
89
90
91
92
93
94
95
96
97
98
99
100
101
102
103
104
105
106
107
108
109
110
111
112
113
114
115
116
117
118
119
120
121
122
123
124
125
126
127
128
129
130
131
132
133
134
135
136
137
138
139
140
141
142
143
144
145
146
147
148
149
150
151
152
153
154
155
156
157
158
159
160
161
162
163
164
165
166
167
168
169
170
171
172
173
174
175
176
177
178
179
180
181
182
183
184
185
186
187
188
189
190
191
192
193
194
195
196
197
198
199
0 95
0 196
1 62
1 158
2 14
2 156
3 16
3 118
4 46
4 152
5 17
5 180
6 61
6 163
7 83
7 119
8 16
8 137
9 70
9 117
10 87
10 183
11 94
11 103
12 28
12 140
13 80
13 102
14 82
15 60
15 61
17 153
18 41
18 192
19 181
19 192
20 113
20 148
21 40
21 47
22 47
22 197
23 151
23 156
24 77
24 89
25 54
25 121
26 52
26 88
27 67
27 187
28 76
29 48
29 124
30 65
30 164
31 76
31 194
32 52
32 130
33 55
33 79
35 119
35 133
36 123
36 137
37 120
37 134
38 100
38 196
39 88
39 197
40 41
42 68
42 159
43 157
43 162
44 87
44 104
45 68
45 180
46 125
48 51
49 77
49 98
50 149
50 158
51 100
53 81
53 166
54 85
55 63
56 60
56 154
57 74
57 149
58 174
58 177
59 101
59 106
62 70
63 172
64 86
64 190
65 164
66 125
66 160
67 104
69 94
69 144
71 168
71 173
72 135
72 139
73 75
73 112
74 111
75 107
78 129
78 179
79 175
80 140
81 145
82 151
83 127
84 99
84 161
85 178
86 138
89 126
90 155
90 193
91 108
91 128
92 146
92 187
93 114
93 194
95 148
96 181
96 182
97 152
97 182
98 160
99 184
101 165
102 146
103 131
105 107
105 138
106 163
108 198
109 188
109 199
110 195
110 198
111 184
112 144
113 170
114 122
115 121
115 142
116 157
116 189
117 136
118 127
120 143
122 191
123 183
124 185
126 175
128 132
129 169
130 131
132 188
133 172
134 186
135 173
136 150
139 176
141 154
141 159
142 179
143 186
145 166
147 170
147 178
150 155
153 162
161 199
165 189
167 185
167 195
168 176
169 193
171 174
171 177
190 191
