100 100 1132
0
1
2
3
4
5
6
7
8
9
10
11
12
13
14
15
16
17
18
19
20
21
22
23
24
25
26
27
28
29
30
31
32
33
34
35
36
37
38
39
40
41
42
43
44
45
46
47
48
49
50
51
52
53
54
55
56
57
58
59
60
61
62
63
64
65
66
67
68
69
70
71
72
73
74
75
76
77
78
79
80
81
82
83
84
85
86
87
88
89
90
91
92
93
94
95
96
97
98
99
0 64
0 93
1 3
1 41
2 23
2 79
3 58
4 18
4 21
5 32
5 62
6 43
6 70
7 22
7 53
8 42
8 52
9 71
9 85
10 24
10 72
11 49
11 95
12 14
12 37
13 57
13 94
14 75
15 22
15 78
16 20
16 38
17 19
17 89
18 49
19 55
20 91
21 50
23 96
24 95
25 84
25 90
26 42
26 52
27 47
27 85
28 34
28 76
29 44
29 53
30 63
30 87
31 78
31 99
32 40
33 37
33 59
34 71
35 87
35 91
36 39
36 54
38 43
39 40
41 48
44 57
45 72
45 76
46 63
46 80
47 92
48 51
50 82
51 54
55 79
56 65
56 70
58 84
59 75
60 88
60 89
61 66
61 73
62 77
64 93
65 90
66 86
67 77
67 97
68 81
68 82
69 81
69 96
73 86
74 80
74 88
83 97
83 99
92 98
94 98
