91 91 1251
0
2
3
4
5
6
7
8
9
10
11
12
14
15
16
17
18
19
20
21
22
23
24
25
26
27
28
29
30
31
32
33
34
35
36
37
38
39
40
41
42
44
45
46
47
48
49
50
51
53
54
55
56
57
58
59
60
61
62
63
64
65
66
67
70
71
73
74
75
76
77
78
79
81
82
83
84
86
87
88
89
90
91
92
93
94
95
96
97
98
99
0 14
0 91
2 57
2 83
3 33
3 73
4 9
4 20
5 35
5 86
6 88
6 90
7 46
7 61
8 38
8 93
9 50
10 11
10 16
11 65
12 65
12 70
14 27
15 21
15 63
16 27
17 26
17 44
18 23
18 53
19 37
19 78
20 56
21 73
22 67
22 87
23 84
24 44
24 97
25 29
25 75
26 47
28 71
28 99
29 60
30 79
30 93
31 34
31 46
32 62
32 89
33 42
34 82
35 49
36 88
36 91
37 77
38 40
39 70
39 98
40 86
41 76
41 94
42 74
45 66
45 99
47 63
48 51
48 61
49 75
50 56
51 97
53 81
54 58
54 95
55 74
55 92
57 67
58 82
59 64
59 96
60 81
62 89
64 96
66 71
76 90
77 78
79 83
84 94
87 98
92 95
