220 220 1763
62
153
159
181
174
164
14
10
109
146
110
63
40
8
40
8
40
17
6
76
184
131
104
171
65
51
124
89
43
128
46
24
78
188
2
152
49
169
125
28
93
15
127
38
61
150
80
198
96
170
96
50
163
97
48
73
182
73
72
67
175
22
137
47
136
84
11
59
11
129
69
102
197
120
101
118
90
33
142
4
33
113
178
86
134
81
157
103
154
139
105
132
105
158
130
183
75
35
0
36
114
29
173
147
115
82
30
161
60
25
13
199
55
13
107
13
87
95
74
95
74
144
34
68
42
196
180
92
83
143
57
52
151
133
168
189
168
27
145
66
162
9
91
56
39
156
77
1
77
1
176
185
64
88
37
122
37
70
155
140
100
5
3
94
148
179
195
23
167
165
12
108
32
172
191
187
79
44
18
21
18
112
53
111
45
119
166
119
41
20
98
193
16
106
7
135
19
126
121
123
194
177
85
149
58
192
117
31
54
31
186
26
190
186
138
160
99
71
116
141
62 153
153 159
159 181
174 181
164 174
14 164
10 14
10 109
109 146
110 146
63 110
40 63
8 40
8 40
8 40
8 40
17 40
6 17
6 76
76 184
131 184
104 131
104 171
65 171
51 65
51 124
89 124
43 89
43 128
46 128
24 46
24 78
78 188
2 188
2 152
49 152
49 169
125 169
28 125
28 93
15 93
15 127
38 127
38 61
61 150
80 150
80 198
96 198
96 170
96 170
50 96
50 163
97 163
48 97
48 73
73 182
73 182
72 73
67 72
67 175
22 175
22 137
47 137
47 136
84 136
11 84
11 59
11 59
11 129
69 129
69 102
102 197
120 197
101 120
101 118
90 118
33 90
33 142
4 142
4 33
33 113
113 178
86 178
86 134
81 134
81 157
103 157
103 154
139 154
105 139
105 132
105 132
105 158
130 158
130 183
75 183
35 75
0 35
0 36
36 114
29 114
29 173
147 173
115 147
82 115
30 82
30 161
60 161
25 60
13 25
13 199
55 199
13 55
13 107
13 107
13 87
87 95
74 95
74 95
74 95
74 144
34 144
34 68
42 68
42 196
180 196
92 180
83 92
83 143
57 143
52 57
52 151
133 151
133 168
168 189
168 189
27 168
27 145
66 145
66 162
9 162
9 91
56 91
39 56
39 156
77 156
1 77
1 77
1 77
1 176
176 185
64 185
64 88
37 88
37 122
37 122
37 70
70 155
140 155
100 140
5 100
3 5
3 94
94 148
148 179
179 195
23 195
23 167
165 167
12 165
12 108
32 108
32 172
172 191
187 191
79 187
44 79
18 44
18 21
18 21
18 112
53 112
53 111
45 111
45 119
119 166
119 166
41 119
20 41
20 98
98 193
16 193
16 106
7 106
7 135
19 135
19 126
121 126
121 123
123 194
177 194
85 177
85 149
58 149
58 192
117 192
31 117
31 54
31 54
31 186
26 186
26 190
186 190
138 186
138 160
99 160
71 99
71 116
116 141
62 141
