160 160 1897
0
1
2
4
6
8
9
10
11
12
13
14
15
16
17
19
20
22
23
24
25
26
27
28
30
31
32
33
34
35
36
37
38
39
40
41
42
43
44
45
46
47
48
49
50
51
54
55
56
57
58
59
60
63
64
65
66
68
69
71
73
75
76
78
79
80
81
82
84
85
87
88
89
90
91
93
94
95
96
97
98
99
101
102
103
104
106
107
109
110
112
114
115
116
119
121
122
123
124
125
126
127
129
130
131
133
134
135
136
137
139
140
141
142
143
144
145
146
147
149
150
151
152
153
154
156
157
158
159
160
161
162
163
164
165
166
171
173
174
176
177
178
179
180
182
183
184
186
187
189
190
191
192
193
194
195
196
197
198
199
0 38
0 97
1 60
1 124
2 33
2 123
4 116
4 164
6 135
6 189
8 38
8 98
9 39
9 183
10 104
10 130
11 33
11 158
12 101
12 147
13 127
13 190
14 75
14 166
15 151
15 199
16 25
16 126
17 87
17 106
19 50
19 145
20 81
20 177
22 80
22 176
23 76
23 150
24 30
24 179
25 37
26 40
26 152
27 162
27 174
28 73
28 119
30 191
31 144
31 154
32 87
32 187
34 75
34 173
35 49
35 177
36 109
36 199
37 54
39 65
40 159
41 139
41 198
42 95
42 129
43 63
43 153
44 82
44 198
45 107
45 158
46 88
46 161
47 90
47 102
48 101
48 122
49 186
50 142
51 57
51 110
54 94
55 110
55 156
56 73
56 125
57 150
58 163
58 178
59 107
59 143
60 89
63 187
64 103
64 116
65 197
66 82
66 129
68 78
68 134
69 76
69 115
71 85
71 88
78 91
79 135
79 152
80 180
81 153
84 90
84 140
85 89
91 190
93 133
93 151
94 103
95 157
96 166
96 189
97 126
98 106
99 112
99 133
102 145
104 143
109 160
112 142
114 162
114 193
115 146
119 134
121 137
121 186
122 184
123 174
124 176
125 144
127 164
130 149
131 160
131 165
136 183
136 192
137 173
139 141
140 184
141 182
146 149
147 192
154 157
156 163
159 171
161 191
165 196
171 197
178 194
179 194
180 182
193 195
195 196
