99 99 1090
0
1
2
3
4
5
6
7
8
9
10
11
12
13
14
15
16
17
18
19
20
21
22
23
24
25
26
27
28
29
30
31
32
34
35
36
37
38
39
40
41
42
43
44
45
46
47
48
49
50
51
52
53
54
55
56
57
58
59
60
61
62
63
64
65
66
67
68
69
70
71
72
73
74
75
76
77
78
79
80
81
82
83
84
85
86
87
88
89
90
91
92
93
94
95
96
97
98
99
0 4
0 20
1 26
1 97
2 70
2 78
3 24
3 91
4 49
5 54
5 62
6 20
6 98
7 48
7 67
8 36
8 46
9 50
9 99
10 57
10 94
11 23
11 61
12 57
12 95
13 42
13 88
14 75
14 80
15 26
15 52
16 45
16 71
17 66
17 71
18 29
18 53
19 47
19 89
21 81
21 86
22 41
22 62
23 87
24 27
25 52
25 79
27 91
28 34
28 69
29 43
30 68
30 90
31 92
31 99
32 42
32 67
34 39
35 54
35 83
36 41
37 60
37 72
38 47
38 58
39 73
40 55
40 96
43 84
44 59
44 77
45 51
46 60
48 63
49 78
50 92
51 56
53 84
55 70
56 93
58 93
59 87
61 64
63 69
64 82
65 82
65 89
66 76
68 94
72 73
74 83
74 88
75 80
76 81
77 98
79 85
85 86
90 97
95 96
