86 86 1548
63
4
53
42
95
46
95
53
13
35
77
66
74
36
96
39
92
12
90
37
86
83
29
18
33
90
37
47
31
47
19
88
44
6
89
6
44
6
44
50
20
60
9
5
56
51
0
35
77
35
93
99
34
25
70
97
87
79
69
91
64
72
78
81
14
79
68
28
62
15
62
40
84
70
41
8
26
8
38
75
65
80
32
67
32
49
4 63
4 53
42 53
42 95
46 95
46 95
53 95
13 53
13 35
35 77
66 77
66 74
36 74
36 96
39 96
39 92
12 92
12 90
37 90
37 86
83 86
29 83
18 29
18 33
33 90
37 90
37 47
31 47
31 47
19 47
19 88
44 88
6 44
6 89
6 89
6 44
6 44
6 44
44 50
20 50
20 60
9 60
5 9
5 56
51 56
0 51
0 35
35 77
35 77
35 93
93 99
34 99
25 34
25 70
70 97
87 97
79 87
69 79
69 91
64 91
64 72
72 78
78 81
14 81
14 79
68 79
28 68
28 62
15 62
15 62
40 62
40 84
70 84
41 70
8 41
8 26
8 26
8 38
38 75
65 75
65 80
32 80
32 67
32 67
32 49
49 63
