200 200 1265
0
1
2
3
4
5
6
7
8
9
10
11
12
13
14
15
16
17
18
19
20
21
22
23
24
25
26
27
28
29
30
31
32
33
34
35
36
37
38
39
40
41
42
43
44
45
46
47
48
49
50
51
52
53
54
55
56
57
58
59
60
61
62
63
64
65
66
67
68
69
70
71
72
73
74
75
76
77
78
79
80
81
82
83
84
85
86
87
88
89
90
91
92
93
94
95
96
97
98
99
100
101
102
103
104
105
106
107
108
109
110
111
112
113
114
115
116
117
118
119
120
121
122
123
124
125
126
127
128
129
130
131
132
133
134
135
136
137
138
139
140
141
142
143
144
145
146
147
148
149
150
151
152
153
154
155
156
157
158
159
160
161
162
163
164
165
166
167
168
169
170
171
172
173
174
175
176
177
178
179
180
181
182
183
184
185
186
187
188
189
190
191
192
193
194
195
196
197
198
199
0 85
0 137
1 46
1 47
2 116
2 121
3 156
3 178
4 175
4 190
5 27
5 94
6 116
6 121
7 55
7 197
8 50
8 92
9 12
9 106
10 110
10 154
11 48
11 79
12 72
13 67
13 174
14 198
14 199
15 35
15 152
16 176
16 192
17 69
17 164
18 93
18 162
19 74
19 114
20 58
20 187
21 76
21 148
22 183
22 189
23 83
23 117
24 35
24 141
25 134
25 147
26 133
26 179
27 177
28 164
28 178
29 62
29 90
30 117
30 169
31 36
31 189
32 97
32 118
33 146
33 157
34 87
34 110
36 108
37 105
37 188
38 56
38 185
39 86
39 174
40 84
40 91
41 126
41 167
42 63
42 168
43 60
43 79
44 95
44 107
45 92
45 124
46 84
47 109
48 127
49 74
49 125
50 169
51 108
51 187
52 93
52 96
53 113
53 165
54 142
54 171
55 64
56 185
57 112
57 115
58 87
59 88
59 100
60 180
61 96
61 119
62 161
63 127
64 194
65 80
65 145
66 73
66 163
67 83
68 118
68 196
69 138
70 125
70 160
71 120
71 140
72 132
73 101
75 78
75 82
76 195
77 136
77 181
78 149
80 163
81 95
81 107
82 170
85 103
86 167
88 100
89 103
89 142
90 150
91 177
94 146
97 131
98 104
98 122
99 158
99 193
101 151
102 120
102 140
104 130
105 195
106 132
109 168
111 144
111 157
112 173
113 184
114 190
115 159
119 139
122 155
123 179
123 194
124 188
126 175
128 171
128 196
129 145
129 166
130 155
131 153
133 197
134 161
135 182
135 191
136 181
137 186
138 162
139 183
141 148
143 198
143 199
144 186
147 172
149 170
150 160
151 166
152 172
153 158
154 165
156 193
159 173
176 192
180 184
182 191
