Error code = 10013
Unable to write to file './output/N100D0.7K0T1P0.5/model.lp'

100 100 855
0
1
2
3
4
5
6
7
8
9
10
11
12
13
14
15
16
17
18
19
20
21
22
23
24
25
26
27
28
29
30
31
32
33
34
35
36
37
38
39
40
41
42
43
44
45
46
47
48
49
50
51
52
53
54
55
56
57
58
59
60
61
62
63
64
65
66
67
68
69
70
71
72
73
74
75
76
77
78
79
80
81
82
83
84
85
86
87
88
89
90
91
92
93
94
95
96
97
98
99
0 8
0 17
1 19
1 26
2 23
2 82
3 64
3 74
4 88
4 94
5 6
5 71
6 96
7 13
7 88
8 56
9 25
9 59
10 18
10 51
11 60
11 77
12 24
12 86
13 94
14 69
14 81
15 52
15 64
16 49
16 89
17 79
18 79
19 21
20 32
20 65
21 90
22 58
22 69
23 84
24 48
25 85
26 36
27 50
27 70
28 75
28 83
29 39
29 42
30 37
30 93
31 62
31 96
32 45
33 68
33 77
34 54
34 74
35 66
35 81
36 97
37 67
38 53
38 73
39 75
40 58
40 80
41 57
41 61
42 92
43 57
43 61
44 78
44 84
45 99
46 86
46 95
47 53
47 73
48 63
49 98
50 67
51 56
52 54
55 65
55 78
59 85
60 68
62 72
63 76
66 76
70 93
71 87
72 97
80 92
82 91
83 95
87 90
89 98
91 99
