107 107 1462
0
6
10
11
12
14
16
18
20
21
22
23
26
28
29
30
31
32
33
34
35
36
37
38
42
44
46
48
49
51
53
54
56
57
58
60
61
63
69
71
72
73
74
77
78
80
82
84
85
89
90
94
95
98
102
103
104
107
109
112
114
116
117
118
119
120
121
126
127
132
135
136
142
145
146
147
149
151
152
153
154
155
157
158
159
160
163
165
166
168
169
171
172
173
175
176
181
182
183
184
185
186
190
191
194
195
199
0 78
0 149
6 21
6 57
10 49
10 71
11 117
11 132
12 172
12 184
14 18
14 36
16 112
16 185
18 120
20 36
20 98
21 54
22 165
22 184
23 42
23 126
26 53
26 172
28 112
28 146
29 56
29 191
30 153
30 195
31 69
31 169
32 147
32 152
33 173
33 181
34 35
34 98
35 48
37 60
37 176
38 89
38 136
42 191
44 152
44 190
46 149
46 199
48 73
49 159
51 102
51 195
53 85
54 116
56 116
57 132
58 147
58 157
60 72
61 142
61 181
63 114
63 194
69 121
71 89
72 159
73 154
74 94
74 119
77 102
77 158
78 175
80 117
80 182
82 157
82 199
84 126
84 153
85 107
90 145
90 185
94 176
95 135
95 182
103 118
103 160
104 173
104 186
107 168
109 155
109 166
114 160
118 120
119 169
121 166
127 142
127 154
135 163
136 194
145 175
146 151
151 183
155 171
158 165
163 183
168 171
186 190
