229 229 1757
7
83
43
110
54
34
159
195
131
151
100
73
100
179
100
6
115
93
51
20
196
20
93
36
28
71
187
41
29
128
0
67
103
138
25
138
135
123
144
135
171
178
59
158
127
74
65
91
122
94
75
64
157
174
22
176
22
106
46
106
132
76
121
76
121
31
182
47
181
139
191
101
92
42
137
124
89
77
154
147
194
9
188
155
49
40
146
90
32
30
193
150
164
50
33
134
24
134
125
162
109
198
160
136
160
63
38
129
167
130
97
60
27
23
112
23
107
88
45
70
172
45
133
61
39
5
15
153
104
143
104
143
104
143
78
37
8
98
82
1
189
163
48
163
48
81
16
72
118
2
177
66
119
117
44
85
152
111
183
141
14
116
14
156
199
108
96
145
52
87
192
52
197
165
79
10
105
169
3
19
173
169
57
170
166
140
4
149
26
149
186
114
17
69
84
21
80
113
86
148
53
55
102
18
95
184
56
102
55
120
161
13
161
68
161
58
142
168
190
168
126
185
180
185
35
99
12
11
175
7 83
43 83
43 110
54 110
34 54
34 159
159 195
131 195
131 151
100 151
73 100
73 100
100 179
100 179
6 100
6 115
93 115
51 93
20 51
20 196
20 196
20 93
36 93
28 36
28 71
71 187
41 187
29 41
29 128
0 128
0 67
67 103
103 138
25 138
25 138
135 138
123 135
123 144
135 144
135 171
171 178
59 178
59 158
127 158
74 127
65 74
65 91
91 122
94 122
75 94
64 75
64 157
157 174
22 174
22 176
22 176
22 106
46 106
46 106
106 132
76 132
76 121
76 121
76 121
31 121
31 182
47 182
47 181
139 181
139 191
101 191
92 101
42 92
42 137
124 137
89 124
77 89
77 154
147 154
147 194
9 194
9 188
155 188
49 155
40 49
40 146
90 146
32 90
30 32
30 193
150 193
150 164
50 164
33 50
33 134
24 134
24 134
125 134
125 162
109 162
109 198
160 198
136 160
136 160
63 160
38 63
38 129
129 167
130 167
97 130
60 97
27 60
23 27
23 112
23 112
23 107
88 107
45 88
45 70
70 172
45 172
45 133
61 133
39 61
5 39
5 15
15 153
104 153
104 143
104 143
104 143
104 143
104 143
78 143
37 78
8 37
8 98
82 98
1 82
1 189
163 189
48 163
48 163
48 163
48 81
16 81
16 72
72 118
2 118
2 177
66 177
66 119
117 119
44 117
44 85
85 152
111 152
111 183
141 183
14 141
14 116
14 116
14 156
156 199
108 199
96 108
96 145
52 145
52 87
87 192
52 192
52 197
165 197
79 165
10 79
10 105
105 169
3 169
3 19
19 173
169 173
57 169
57 170
166 170
140 166
4 140
4 149
26 149
26 149
149 186
114 186
17 114
17 69
69 84
21 84
21 80
80 113
86 113
86 148
53 148
53 55
55 102
18 102
18 95
95 184
56 184
56 102
55 102
55 120
120 161
13 161
13 161
68 161
68 161
58 161
58 142
142 168
168 190
168 190
126 168
126 185
180 185
180 185
35 185
35 99
12 99
11 12
11 175
7 175
