100 100 1030
0
1
2
3
4
5
6
7
8
9
10
11
12
13
14
15
16
17
18
19
20
21
22
23
24
25
26
27
28
29
30
31
32
33
34
35
36
37
38
39
40
41
42
43
44
45
46
47
48
49
50
51
52
53
54
55
56
57
58
59
60
61
62
63
64
65
66
67
68
69
70
71
72
73
74
75
76
77
78
79
80
81
82
83
84
85
86
87
88
89
90
91
92
93
94
95
96
97
98
99
0 27
0 66
1 27
1 85
2 18
2 76
3 19
3 60
4 33
4 73
5 7
5 54
6 25
6 39
7 8
8 11
9 14
9 83
10 34
10 81
11 65
12 33
12 78
13 17
13 62
14 35
15 37
15 83
16 23
16 89
17 94
18 74
19 42
20 32
20 74
21 24
21 55
22 40
22 79
23 43
24 31
25 82
26 47
26 92
28 73
28 75
29 38
29 61
30 63
30 84
31 43
32 81
34 98
35 52
36 92
36 96
37 90
38 56
39 75
40 70
41 49
41 80
42 72
44 48
44 55
45 69
45 97
46 66
46 96
47 93
48 86
49 98
50 62
50 80
51 57
51 60
52 59
53 56
53 95
54 58
57 86
58 67
59 61
63 89
64 71
64 84
65 68
67 77
68 88
69 91
70 85
71 94
72 77
76 82
78 95
79 87
87 90
88 91
93 99
97 99
