100 100 1356
0
1
2
3
4
5
6
7
8
9
10
11
12
13
14
15
16
17
18
19
20
21
22
23
24
25
26
27
28
29
30
31
32
33
34
35
36
37
38
39
40
41
42
43
44
45
46
47
48
49
50
51
52
53
54
55
56
57
58
59
60
61
62
63
64
65
66
67
68
69
70
71
72
73
74
75
76
77
78
79
80
81
82
83
84
85
86
87
88
89
90
91
92
93
94
95
96
97
98
99
0 9
0 98
1 18
1 52
2 56
2 79
3 46
3 92
4 28
4 32
5 53
5 77
6 67
6 87
7 12
7 34
8 10
8 99
9 49
10 33
11 40
11 81
12 34
13 49
13 95
14 57
14 84
15 53
15 97
16 59
16 88
17 20
17 38
18 77
19 83
19 89
20 40
21 36
21 93
22 48
22 95
23 76
23 84
24 29
24 31
25 55
25 78
26 58
26 78
27 69
27 96
28 62
29 37
30 39
30 85
31 42
32 61
33 35
35 80
36 50
37 76
38 48
39 43
41 46
41 60
42 45
43 89
44 56
44 79
45 73
47 58
47 75
50 60
51 62
51 96
52 88
54 86
54 91
55 87
57 74
59 66
61 90
63 82
63 86
64 67
64 94
65 70
65 72
66 74
68 93
68 99
69 94
70 72
71 81
71 92
73 83
75 90
80 97
82 91
85 98
