117 117 2250
134
97
5
10
193
68
0
195
3
193
159
84
35
13
161
98
133
127
81
154
108
18
14
105
14
122
162
62
114
43
142
76
118
85
12
34
143
187
4
120
26
36
29
16
104
46
41
135
41
38
92
37
121
1
64
100
6
34
145
138
110
150
22
79
49
182
196
199
48
124
57
21
30
147
86
91
130
157
9
11
176
52
17
11
148
95
58
146
131
47
117
45
168
40
8
72
67
174
50
175
44
71
2
179
153
73
28
73
24
123
88
19
54
7
141
156
181
97 134
5 97
5 10
10 193
68 193
0 68
0 195
3 195
3 193
159 193
84 159
35 84
13 35
13 161
98 161
98 133
127 133
81 127
81 154
108 154
18 108
14 18
14 105
14 105
14 122
122 162
62 162
62 114
43 114
43 142
76 142
76 118
85 118
12 85
12 34
34 143
143 187
4 187
4 120
26 120
26 36
29 36
16 29
16 104
46 104
41 46
41 135
41 135
38 41
38 92
37 92
37 121
1 121
1 64
64 100
6 100
6 34
34 145
138 145
110 138
110 150
22 150
22 79
49 79
49 182
182 196
196 199
48 199
48 124
57 124
21 57
21 30
30 147
86 147
86 91
91 130
130 157
9 157
9 11
11 176
52 176
17 52
11 17
11 148
95 148
58 95
58 146
131 146
47 131
47 117
45 117
45 168
40 168
8 40
8 72
67 72
67 174
50 174
50 175
44 175
44 71
2 71
2 179
153 179
73 153
28 73
28 73
24 73
24 123
88 123
19 88
19 54
7 54
7 141
141 156
156 181
134 181
