92 91 891
0
1
2
3
4
5
6
7
8
9
10
13
14
15
16
17
18
19
20
21
22
23
24
25
26
27
28
29
30
31
32
33
34
35
36
37
38
39
41
42
43
44
45
46
47
50
51
52
53
54
55
56
57
58
59
60
61
62
63
64
65
66
67
68
69
70
71
72
73
74
75
76
77
78
79
80
82
84
85
86
87
88
89
90
91
92
93
94
95
96
98
99
0 32
0 45
1 44
1 56
2 89
2 96
4 38
4 47
5 39
5 46
6 10
6 42
7 67
7 85
8 14
8 23
9 18
9 87
10 99
13 77
13 86
14 88
15 46
15 80
16 53
16 71
17 29
17 73
18 93
19 26
19 43
20 60
20 92
21 22
21 76
22 50
23 34
24 32
24 76
25 47
25 64
26 92
27 42
27 65
28 30
28 82
29 96
30 74
31 66
31 69
33 36
33 75
34 52
35 51
35 72
36 54
37 52
37 88
38 70
39 61
41 51
41 84
43 80
44 56
45 93
50 78
53 62
54 57
55 73
55 87
57 75
58 59
58 94
59 67
60 78
61 79
62 71
63 72
63 98
64 84
65 99
66 82
68 91
68 98
69 90
70 89
74 79
77 86
85 94
90 91
95 3
