95 95 869
0
1
2
3
4
5
7
8
9
10
11
12
13
14
15
16
17
20
21
22
23
24
25
26
27
28
29
30
31
32
33
35
36
37
38
39
40
41
42
43
44
45
46
47
48
49
50
51
52
53
54
55
56
57
58
60
61
62
63
64
65
66
67
68
69
70
71
72
73
74
75
76
77
78
79
80
81
82
83
84
85
86
87
88
89
90
91
92
93
94
95
96
97
98
99
0 20
0 45
1 27
1 85
2 5
2 87
3 26
3 31
4 17
4 79
5 23
7 52
7 71
8 9
8 57
9 38
10 24
10 37
11 15
11 65
12 68
12 93
13 53
13 86
14 28
14 66
15 63
16 38
16 69
17 79
20 49
21 65
21 76
22 57
22 64
23 84
24 37
25 47
25 89
26 90
27 85
28 51
29 55
29 91
30 48
30 72
31 50
32 58
32 60
33 36
33 39
35 48
35 74
36 54
39 73
40 92
40 99
41 67
41 82
42 84
42 96
43 44
43 98
44 98
45 75
46 53
46 86
47 88
49 77
50 72
51 78
52 81
54 61
55 68
56 67
56 69
58 62
60 62
61 83
63 66
64 73
70 75
70 95
71 97
74 77
76 95
78 91
80 92
80 99
81 94
82 90
83 93
87 96
88 89
94 97
