Error code = 10013
Unable to write to file './output/N50D07K5T1P1/model.lp'

50 50 721
0
1
2
3
4
5
6
7
8
9
10
11
12
13
14
15
16
17
18
19
20
21
22
23
24
25
26
27
28
29
30
31
32
33
34
35
36
37
38
39
40
41
42
43
44
45
46
47
48
49
0 23
0 26
1 41
1 44
2 3
2 48
3 12
4 30
4 31
5 35
5 43
6 35
6 46
7 12
7 37
8 24
8 43
9 14
9 27
10 11
10 46
11 36
13 26
13 39
14 22
15 37
15 47
16 23
16 33
17 42
17 45
18 25
18 47
19 22
19 31
20 25
20 48
21 28
21 44
24 40
27 38
28 41
29 30
29 34
32 33
32 49
34 49
36 45
38 42
39 40
