78 78 1066
0
1
2
3
4
5
6
8
9
10
11
13
14
15
16
18
19
20
21
22
23
24
25
26
29
30
32
33
34
35
36
38
39
42
43
44
46
47
48
49
50
51
53
54
55
56
57
59
60
61
62
63
64
67
68
69
70
71
72
73
74
76
77
78
80
81
84
87
89
90
91
92
93
94
96
97
98
99
0 62
0 89
1 5
1 59
2 14
2 64
3 6
3 13
4 48
4 77
5 71
6 87
8 25
8 35
9 42
9 67
10 14
10 15
11 67
11 68
13 29
15 44
16 72
16 87
18 49
18 96
19 73
19 78
20 39
20 55
21 34
21 70
22 69
22 93
23 43
23 50
24 38
24 72
25 35
26 36
26 60
29 47
30 51
30 71
32 59
32 80
33 63
33 94
34 42
36 93
38 94
39 91
43 50
44 56
46 49
46 89
47 48
51 98
53 76
53 90
54 55
54 84
56 78
57 68
57 81
60 99
61 70
61 97
62 91
63 77
64 73
69 99
74 81
74 92
76 90
80 84
92 97
96 98
