100 100 1467
0
1
2
3
4
5
6
7
8
9
10
11
12
13
14
15
16
17
18
19
20
21
22
23
24
25
26
27
28
29
30
31
32
33
34
35
36
37
38
39
40
41
42
43
44
45
46
47
48
49
50
51
52
53
54
55
56
57
58
59
60
61
62
63
64
65
66
67
68
69
70
71
72
73
74
75
76
77
78
79
80
81
82
83
84
85
86
87
88
89
90
91
92
93
94
95
96
97
98
99
0 52
0 56
1 3
1 89
2 48
2 95
3 79
4 44
4 92
5 94
5 97
6 24
6 86
7 31
7 37
8 16
8 80
9 35
9 94
10 75
10 96
11 12
11 81
12 47
13 34
13 65
14 22
14 24
15 71
15 92
16 93
17 32
17 97
18 77
18 95
19 26
19 54
20 61
20 66
21 25
21 76
22 47
23 33
23 89
25 75
26 63
27 38
27 49
28 67
28 88
29 39
29 67
30 49
30 82
31 85
32 59
33 42
34 87
35 99
36 55
36 62
37 62
38 66
39 83
40 56
40 68
41 61
41 88
42 43
43 46
44 69
45 57
45 85
46 77
48 51
50 64
50 70
51 59
52 54
53 58
53 82
55 81
57 98
58 72
60 83
60 87
63 91
64 76
65 80
68 79
69 72
70 71
73 84
73 91
74 78
74 90
78 84
86 96
90 98
93 99
