50 106 1214
0
1
2
3
4
5
6
7
8
9
10
11
12
13
14
15
16
17
18
19
20
21
22
23
24
25
26
27
28
29
30
31
32
33
34
35
36
37
38
39
40
41
42
43
44
45
46
47
48
49
0 1
0 1
0 14
0 14
1 48
1 48
2 7
2 7
2 7
7 46
7 46
3 6
3 6
3 19
3 19
4 8
4 8
4 35
4 35
5 10
5 10
5 38
38 18
38 18
6 3
3 31
3 31
7 49
7 49
8 17
8 17
9 25
9 25
9 32
9 32
10 19
10 19
11 21
11 21
11 22
22 26
22 26
12 43
12 43
12 47
12 47
13 16
13 16
13 23
13 23
14 37
14 37
15 21
15 21
15 45
15 45
16 29
16 29
17 8
8 20
8 20
18 38
18 38
20 42
20 42
22 26
22 26
22 39
22 39
23 13
13 36
13 36
24 28
24 28
24 40
24 40
25 41
25 41
27 30
27 30
27 44
27 44
28 35
28 35
29 39
29 39
30 43
30 43
31 47
31 47
32 42
32 42
33 36
33 36
33 41
33 41
34 44
34 44
34 48
34 48
37 46
37 46
38 45
38 45
40 49
40 49
