200 200 2058
0
1
2
3
4
5
6
7
8
9
10
11
12
13
14
15
16
17
18
19
20
21
22
23
24
25
26
27
28
29
30
31
32
33
34
35
36
37
38
39
40
41
42
43
44
45
46
47
48
49
50
51
52
53
54
55
56
57
58
59
60
61
62
63
64
65
66
67
68
69
70
71
72
73
74
75
76
77
78
79
80
81
82
83
84
85
86
87
88
89
90
91
92
93
94
95
96
97
98
99
100
101
102
103
104
105
106
107
108
109
110
111
112
113
114
115
116
117
118
119
120
121
122
123
124
125
126
127
128
129
130
131
132
133
134
135
136
137
138
139
140
141
142
143
144
145
146
147
148
149
150
151
152
153
154
155
156
157
158
159
160
161
162
163
164
165
166
167
168
169
170
171
172
173
174
175
176
177
178
179
180
181
182
183
184
185
186
187
188
189
190
191
192
193
194
195
196
197
198
199
0 78
0 103
1 53
1 122
2 71
2 180
3 81
3 127
4 96
4 160
5 115
5 132
6 55
6 85
7 127
7 129
8 99
8 195
9 62
9 169
10 44
10 93
11 39
11 110
12 74
12 142
13 100
13 173
14 147
14 189
15 37
15 137
16 33
16 194
17 84
17 186
18 170
18 197
19 33
19 197
20 102
20 148
21 28
21 91
22 165
22 196
23 78
23 152
24 167
24 177
25 48
25 131
26 150
26 175
27 41
27 145
28 34
29 69
29 128
30 114
30 138
31 122
31 191
32 86
32 134
34 42
35 47
35 188
36 125
36 139
37 94
38 73
38 86
39 98
40 64
40 158
41 57
42 133
43 150
43 187
44 114
45 107
45 159
46 96
46 133
47 165
48 52
49 56
49 149
50 90
50 179
51 108
51 184
52 54
53 170
54 134
55 58
56 95
57 89
58 85
59 123
59 183
60 83
60 140
61 94
61 101
62 93
63 64
63 106
65 91
65 172
66 169
66 196
67 98
67 148
68 121
68 185
69 167
70 110
70 138
71 151
72 177
72 180
73 156
74 189
75 119
75 130
76 109
76 154
77 113
77 168
79 112
79 116
80 105
80 164
81 176
82 143
82 163
83 89
84 109
87 100
87 111
88 118
88 192
90 111
92 115
92 193
95 124
97 172
97 175
99 102
101 123
103 161
104 155
104 198
105 168
106 188
107 131
108 116
112 173
113 163
117 152
117 199
118 135
119 183
120 146
120 190
121 158
124 142
125 185
126 151
126 194
128 191
129 136
130 182
132 156
135 153
136 141
137 182
139 147
140 143
141 176
144 164
144 174
145 159
146 157
149 166
153 195
154 171
155 184
157 162
160 179
161 181
162 190
166 178
171 174
178 199
181 187
186 198
192 193
