62 62 1331
40
31
2
3
11
44
19
27
24
41
13
15
39
14
16
43
16
18
26
1
9
38
5
28
5
4
5
38
20
36
37
8
32
35
23
33
46
33
7
34
12
42
17
21
17
48
30
0
49
25
47
25
42
12
22
45
10
22
29
31
40
6
31 40
2 31
2 3
3 11
11 44
19 44
19 27
24 27
24 41
13 41
13 15
15 39
14 39
14 16
16 43
16 43
16 18
18 26
1 26
1 9
9 38
5 38
5 28
5 28
4 5
4 5
5 38
20 38
20 36
36 37
8 37
8 32
32 35
23 35
23 33
33 46
33 46
7 33
7 34
12 34
12 42
17 42
17 21
17 21
17 48
30 48
0 30
0 49
25 49
25 47
25 47
25 42
12 42
12 22
22 45
10 45
10 22
22 29
29 31
31 40
6 40
6 40
