48 48 1814
28
112
21
116
163
135
95
191
42
84
102
51
70
30
197
119
39
121
107
85
53
26
13
101
25
99
0
78
175
192
106
152
44
61
98
48
176
105
176
71
103
120
36
104
113
44
0
146
28 112
21 112
21 116
116 163
135 163
95 135
95 191
42 191
42 84
84 102
51 102
51 70
30 70
30 197
119 197
39 119
39 121
107 121
85 107
53 85
26 53
13 26
13 101
25 101
25 99
0 99
0 78
78 175
175 192
106 192
106 152
44 152
44 61
61 98
48 98
48 176
105 176
105 176
71 176
71 103
103 120
36 120
36 104
104 113
44 113
0 44
0 146
28 146
