137 137 1709
0
2
4
5
6
7
8
9
10
11
13
14
15
16
17
18
19
20
23
24
25
26
29
30
33
35
36
38
39
41
42
43
45
46
47
48
49
50
51
52
53
54
55
56
57
58
59
60
62
63
64
66
67
68
70
71
73
74
75
76
77
79
80
81
83
84
85
86
87
88
89
90
91
92
93
94
96
98
100
102
104
106
107
109
110
111
112
113
114
115
120
122
123
124
125
126
127
129
130
135
136
139
140
142
143
145
148
150
152
153
156
157
158
161
164
166
167
168
169
170
172
174
175
176
178
179
180
182
184
187
188
192
193
194
197
198
199
0 75
0 145
2 8
2 86
4 59
4 60
5 6
5 71
6 92
7 56
7 62
8 73
9 77
9 122
10 88
10 175
11 80
11 145
13 19
13 114
14 42
14 127
15 19
15 135
16 47
16 194
17 23
17 71
18 74
18 76
20 33
20 96
23 35
24 115
24 198
25 39
25 199
26 57
26 158
29 139
29 152
30 107
30 135
33 166
35 197
36 93
36 170
38 62
38 178
39 175
41 74
41 193
42 102
43 79
43 91
45 75
45 93
46 49
46 84
47 167
48 94
48 113
49 68
50 90
50 166
51 110
51 124
52 91
52 153
53 58
53 88
54 111
54 194
55 142
55 168
56 79
57 70
58 140
59 127
60 172
63 81
63 83
64 68
64 76
66 67
66 170
67 129
70 129
73 188
77 143
80 161
81 120
83 106
84 115
85 87
85 123
86 106
87 150
89 136
89 174
90 112
92 111
94 156
96 184
98 107
98 188
100 179
100 198
102 148
104 174
104 176
109 110
109 139
112 153
113 169
114 123
120 125
122 142
124 164
125 126
126 187
130 184
130 199
136 140
143 161
148 192
150 156
152 180
157 158
157 167
164 178
168 180
169 172
176 187
179 182
182 192
193 197
