100 100 820
0
1
2
3
4
5
6
7
8
9
10
11
12
13
14
15
16
17
18
19
20
21
22
23
24
25
26
27
28
29
30
31
32
33
34
35
36
37
38
39
40
41
42
43
44
45
46
47
48
49
50
51
52
53
54
55
56
57
58
59
60
61
62
63
64
65
66
67
68
69
70
71
72
73
74
75
76
77
78
79
80
81
82
83
84
85
86
87
88
89
90
91
92
93
94
95
96
97
98
99
0 40
0 94
1 5
1 83
2 44
2 72
3 16
3 51
4 53
4 69
5 95
6 27
6 85
7 57
7 74
8 66
8 79
9 13
9 49
10 91
10 93
11 22
11 62
12 39
12 80
13 92
14 26
14 71
15 19
15 24
16 88
17 19
17 61
18 23
18 81
20 38
20 82
21 29
21 70
22 59
23 81
24 76
25 55
25 60
26 71
27 31
28 43
28 78
29 90
30 36
30 77
31 79
32 68
32 80
33 65
33 99
34 64
34 67
35 42
35 85
36 50
37 45
37 94
38 82
39 68
40 47
41 86
41 98
42 89
43 89
44 77
45 47
46 55
46 86
48 70
48 76
49 87
50 73
51 58
52 56
52 84
53 54
54 88
56 84
57 75
58 83
59 96
60 87
61 66
62 96
63 69
63 92
64 67
65 73
72 99
74 97
75 90
78 98
91 93
95 97
