123 123 2143
0
144
3
67
9
83
153
197
166
197
41
34
73
123
145
139
30
177
114
17
164
137
192
165
37
15
122
183
110
173
57
140
33
108
190
44
97
106
155
16
25
16
44
119
74
23
107
89
107
24
61
121
19
87
4
84
133
181
80
70
29
50
26
14
26
134
8
199
95
54
36
162
56
10
2
69
71
124
187
22
43
45
6
45
94
109
48
93
66
128
157
72
38
182
40
27
198
125
55
194
7
194
20
102
127
185
42
98
5
21
5
75
126
12
179
11
52
63
131
112
168
161
60
0 144
3 144
3 67
9 67
9 83
83 153
153 197
166 197
166 197
41 197
34 41
34 73
73 123
123 145
139 145
30 139
30 177
114 177
17 114
17 164
137 164
137 192
165 192
37 165
15 37
15 122
122 183
110 183
110 173
57 173
57 140
33 140
33 108
108 190
44 190
44 97
97 106
106 155
16 155
16 25
16 25
16 44
44 119
74 119
23 74
23 107
89 107
89 107
24 107
24 61
61 121
19 121
19 87
4 87
4 84
84 133
133 181
80 181
70 80
29 70
29 50
26 50
14 26
14 26
26 134
8 134
8 199
95 199
54 95
36 54
36 162
56 162
10 56
2 10
2 69
69 71
71 124
124 187
22 187
22 43
43 45
6 45
6 45
45 94
94 109
48 109
48 93
66 93
66 128
128 157
72 157
38 72
38 182
40 182
27 40
27 198
125 198
55 125
55 194
7 194
7 194
20 194
20 102
102 127
127 185
42 185
42 98
5 98
5 21
5 21
5 75
75 126
12 126
12 179
11 179
11 52
52 63
63 131
112 131
112 168
161 168
60 161
0 60
