100 100 1623
0
1
2
3
4
5
6
7
8
9
10
11
12
13
14
15
16
17
18
19
20
21
22
23
24
25
26
27
28
29
30
31
32
33
34
35
36
37
38
39
40
41
42
43
44
45
46
47
48
49
50
51
52
53
54
55
56
57
58
59
60
61
62
63
64
65
66
67
68
69
70
71
72
73
74
75
76
77
78
79
80
81
82
83
84
85
86
87
88
89
90
91
92
93
94
95
96
97
98
99
0 19
0 20
1 9
1 82
2 44
2 63
3 14
3 46
4 18
4 66
5 73
5 88
6 11
6 39
7 80
7 86
8 73
8 93
9 42
10 67
10 89
11 59
12 27
12 58
13 78
13 91
14 40
15 49
15 52
16 23
16 34
17 37
17 56
18 46
19 26
20 79
21 24
21 53
22 25
22 87
23 57
24 84
25 43
26 63
27 74
28 35
28 68
29 71
29 83
30 65
30 91
31 36
31 55
32 41
32 64
33 79
33 98
34 51
35 47
36 48
37 62
38 45
38 93
39 60
40 42
41 53
43 54
44 74
45 95
47 99
48 71
49 58
50 55
50 61
51 54
52 94
56 76
57 77
59 76
60 82
61 85
62 72
64 88
65 92
66 96
67 90
68 83
69 70
69 81
70 75
72 75
77 81
78 90
80 95
84 94
85 87
86 92
89 96
97 98
97 99
