50 105 941
0
1
2
3
4
5
6
7
8
9
10
11
12
13
14
15
16
17
18
19
20
21
22
23
24
25
26
27
28
29
30
31
32
33
34
35
36
37
38
39
40
41
42
43
44
45
46
47
48
49
0 25
0 25
0 26
0 26
1 39
1 39
1 45
1 45
2 12
2 12
2 42
2 42
3 28
3 28
3 43
3 43
4 21
4 21
4 37
4 37
5 18
5 18
5 2
2 36
2 36
6 35
6 35
6 39
6 39
7 8
7 8
7 47
7 47
8 22
8 22
9 46
9 46
9 49
9 49
10 19
19 18
19 18
10 19
10 19
11 19
11 19
11 19
19 46
19 46
12 17
12 17
13 15
13 15
13 28
13 28
14 20
14 20
14 23
14 23
15 32
15 32
16 30
16 30
16 30
30 37
30 37
17 41
17 41
20 30
20 30
21 48
21 48
22 26
22 26
23 29
23 29
24 27
24 27
24 38
24 38
25 32
25 32
27 33
27 33
29 38
29 38
31 47
47 35
47 35
31 47
31 47
33 43
33 43
34 40
34 40
34 45
34 45
36 44
36 44
40 49
40 49
41 44
41 44
42 48
42 48
