117 117 1191
38
28
95
23
27
65
1
93
1
65
24
98
64
18
86
18
64
63
66
21
99
80
31
56
87
97
91
76
22
67
6
73
81
20
3
48
12
7
30
90
57
78
57
34
71
94
10
94
14
17
53
25
29
25
61
69
37
59
37
9
62
15
96
88
96
35
4
85
79
13
46
33
32
36
32
77
74
75
74
36
8
83
40
26
0
51
43
44
43
84
54
84
50
19
5
52
72
25
70
39
3
42
11
45
55
92
58
92
89
16
60
68
49
82
47
41
2
28 38
28 95
23 95
23 27
27 65
1 65
1 93
1 93
1 65
24 65
24 98
64 98
18 64
18 86
18 86
18 64
63 64
63 66
21 66
21 99
80 99
31 80
31 56
56 87
87 97
91 97
76 91
22 76
22 67
6 67
6 73
73 81
20 81
3 20
3 48
12 48
7 12
7 30
30 90
57 90
57 78
57 78
34 57
34 71
71 94
10 94
10 94
14 94
14 17
17 53
25 53
25 29
25 29
25 61
61 69
37 69
37 59
37 59
9 37
9 62
15 62
15 96
88 96
88 96
35 96
4 35
4 85
79 85
13 79
13 46
33 46
32 33
32 36
32 36
32 77
74 77
74 75
74 75
36 74
8 36
8 83
40 83
26 40
0 26
0 51
43 51
43 44
43 44
43 84
54 84
54 84
50 84
19 50
5 19
5 52
52 72
25 72
25 70
39 70
3 39
3 42
11 42
11 45
45 55
55 92
58 92
58 92
89 92
16 89
16 60
60 68
49 68
49 82
47 82
41 47
2 41
2 38
