Error code = 10013
Unable to write to file './output/N50D05K0T1P1/model.lp'

50 50 972
0
1
2
3
4
5
6
7
8
9
10
11
12
13
14
15
16
17
18
19
20
21
22
23
24
25
26
27
28
29
30
31
32
33
34
35
36
37
38
39
40
41
42
43
44
45
46
47
48
49
0 20
0 37
1 25
1 26
2 4
2 41
3 24
3 35
4 41
5 28
5 43
6 8
6 12
7 11
7 43
8 32
9 22
9 49
10 29
10 38
11 16
12 31
13 31
13 47
14 16
14 48
15 35
15 39
17 19
17 45
18 26
18 46
19 21
20 45
21 27
22 37
23 28
23 48
24 49
25 40
27 34
29 38
30 32
30 44
33 40
33 47
34 44
36 39
36 42
42 46
