Error code = 10013
Unable to write to file './output/N50D07K5T0P1/model.lp'

50 50 744
0
1
2
3
4
5
6
7
8
9
10
11
12
13
14
15
16
17
18
19
20
21
22
23
24
25
26
27
28
29
30
31
32
33
34
35
36
37
38
39
40
41
42
43
44
45
46
47
48
49
0 13
0 26
1 19
1 27
2 28
2 37
3 18
3 47
4 21
4 29
5 17
5 34
6 37
6 38
7 22
7 44
8 21
8 27
9 35
9 41
10 17
10 42
11 15
11 28
12 23
12 44
13 43
14 30
14 46
15 45
16 34
16 42
18 33
19 29
20 24
20 40
22 47
23 33
24 26
25 38
25 39
30 36
31 48
31 49
32 41
32 48
35 45
36 46
39 49
40 43
