80 80 1618
105
40
192
172
62
75
147
91
123
112
12
189
186
65
157
124
117
97
78
97
133
153
22
153
149
66
98
114
59
195
103
151
90
94
171
92
26
56
57
64
121
24
67
52
187
17
164
80
111
140
104
53
184
93
51
21
130
33
127
163
63
25
71
55
86
102
109
101
118
77
88
13
132
85
83
119
81
47
122
110
40 105
40 192
172 192
62 172
62 75
75 147
91 147
91 123
112 123
12 112
12 189
186 189
65 186
65 157
124 157
117 124
97 117
78 97
78 97
97 133
133 153
22 153
22 153
149 153
66 149
66 98
98 114
59 114
59 195
103 195
103 151
90 151
90 94
94 171
92 171
26 92
26 56
56 57
57 64
64 121
24 121
24 67
52 67
52 187
17 187
17 164
80 164
80 111
111 140
104 140
53 104
53 184
93 184
51 93
21 51
21 130
33 130
33 127
127 163
63 163
25 63
25 71
55 71
55 86
86 102
102 109
101 109
101 118
77 118
77 88
13 88
13 132
85 132
83 85
83 119
81 119
47 81
47 122
110 122
105 110
