100 100 1516
0
1
2
3
4
5
6
7
8
9
10
11
12
13
14
15
16
17
18
19
20
21
22
23
24
25
26
27
28
29
30
31
32
33
34
35
36
37
38
39
40
41
42
43
44
45
46
47
48
49
50
51
52
53
54
55
56
57
58
59
60
61
62
63
64
65
66
67
68
69
70
71
72
73
74
75
76
77
78
79
80
81
82
83
84
85
86
87
88
89
90
91
92
93
94
95
96
97
98
99
0 9
0 17
1 30
1 37
2 12
2 79
3 15
3 66
4 93
4 95
5 15
5 70
6 93
6 94
7 34
7 72
8 38
8 43
9 68
10 16
10 19
11 25
11 57
12 18
13 36
13 51
14 33
14 49
16 86
17 98
18 79
19 86
20 72
20 76
21 82
21 87
22 55
22 67
23 39
23 50
24 40
24 99
25 59
26 42
26 54
27 56
27 76
28 32
28 69
29 33
29 78
30 54
31 51
31 67
32 94
34 87
35 52
35 71
36 99
37 92
38 71
39 45
40 63
41 77
41 85
42 65
43 84
44 47
44 75
45 63
46 48
46 85
47 55
48 61
49 92
50 83
52 96
53 69
53 91
56 60
57 89
58 66
58 97
59 89
60 64
61 75
62 78
62 96
64 97
65 81
68 98
70 83
73 74
73 88
74 90
77 81
80 88
80 91
82 90
84 95
