198 198 1539
0
1
2
3
4
5
6
7
8
9
10
11
12
13
14
15
16
17
18
19
20
21
22
23
24
25
26
27
28
29
30
31
32
33
34
35
36
37
38
39
40
41
42
43
44
45
46
47
48
49
50
51
52
53
54
55
56
57
58
59
60
61
62
63
64
65
67
68
69
70
71
72
73
74
75
76
77
78
79
80
81
82
83
84
85
86
88
89
90
91
92
93
94
95
96
97
98
99
100
101
102
103
104
105
106
107
108
109
110
111
112
113
114
115
116
117
118
119
120
121
122
123
124
125
126
127
128
129
130
131
132
133
134
135
136
137
138
139
140
141
142
143
144
145
146
147
148
149
150
151
152
153
154
155
156
157
158
159
160
161
162
163
164
165
166
167
168
169
170
171
172
173
174
175
176
177
178
179
180
181
182
183
184
185
186
187
188
189
190
191
192
193
194
195
196
197
198
199
0 48
0 112
1 21
1 40
2 76
2 100
3 69
3 191
4 103
4 158
5 109
5 191
6 7
6 179
7 104
8 11
8 86
9 24
9 176
10 113
10 145
11 86
12 18
12 35
13 57
13 187
14 63
14 79
15 52
15 114
16 53
16 150
17 55
17 65
18 81
19 177
19 186
20 109
20 192
21 40
22 41
22 130
23 94
23 99
24 115
25 26
25 139
26 51
27 155
27 182
28 132
28 156
29 120
29 180
30 59
30 65
31 130
31 147
32 42
32 136
33 77
33 167
34 77
34 167
35 111
36 99
36 178
37 92
37 172
38 50
38 171
39 49
39 170
41 134
42 188
43 151
43 198
44 134
44 166
45 84
45 143
46 63
46 184
47 106
47 159
48 142
49 157
50 60
51 83
52 187
53 183
54 165
54 199
55 102
56 85
56 149
57 163
58 93
58 169
59 101
60 132
61 70
61 146
62 85
62 170
64 113
64 168
67 78
67 154
68 149
68 193
69 124
70 140
71 108
71 115
72 90
72 147
73 75
73 166
74 145
74 195
75 141
76 192
78 100
79 95
80 82
80 97
81 190
82 126
83 175
84 143
88 103
88 127
89 93
89 160
90 172
91 128
91 161
92 181
94 107
95 184
96 125
96 133
97 136
98 105
98 131
101 180
102 171
104 179
105 121
106 189
107 110
108 125
110 144
111 153
112 142
114 168
116 137
116 162
117 118
117 123
118 128
119 121
119 195
120 194
122 138
122 154
123 146
124 144
126 173
127 158
129 177
129 186
131 139
133 156
135 169
135 173
137 140
138 196
141 181
148 175
148 197
150 155
151 198
152 183
152 188
153 190
157 193
159 189
160 174
161 162
163 164
164 178
165 199
174 185
176 185
182 194
196 197
