67 67 1610
63
4
23
55
54
55
65
38
16
25
34
68
28
62
15
62
84
70
41
61
10
77
35
51
43
60
9
60
6
44
50
20
3
95
46
95
53
13
92
12
45
17
94
90
19
88
91
72
64
21
2
24
29
33
18
47
31
47
37
90
39
67
59
32
49
63
49
4 63
4 23
23 55
54 55
54 55
55 65
38 65
16 38
16 25
25 34
34 68
28 68
28 62
15 62
15 62
62 84
70 84
41 70
41 61
10 61
10 77
35 77
35 51
43 51
43 60
9 60
9 60
6 60
6 44
44 50
20 50
3 20
3 95
46 95
46 95
53 95
13 53
13 92
12 92
12 45
17 45
17 94
90 94
19 90
19 88
88 91
72 91
64 72
21 64
2 21
2 24
24 29
29 33
18 33
18 47
31 47
31 47
37 47
37 90
39 90
39 67
59 67
32 59
32 49
49 63
49 63
49 63
