50 105 1154
0
1
2
3
4
5
6
7
8
9
10
11
12
13
14
15
16
17
18
19
20
21
22
23
24
25
26
27
28
29
30
31
32
33
34
35
36
37
38
39
40
41
42
43
44
45
46
47
48
49
0 33
0 33
0 44
0 44
1 15
1 15
1 20
1 20
2 25
25 29
25 29
2 31
2 31
3 22
3 22
3 35
3 35
4 30
30 36
30 36
4 42
4 42
5 22
5 22
5 25
5 25
6 9
6 9
6 19
6 19
7 35
7 35
7 41
7 41
8 24
8 24
8 7
7 41
7 41
9 12
9 12
10 15
10 15
10 21
10 21
11 18
11 18
11 47
11 47
12 30
30 48
30 48
13 37
13 37
13 46
13 46
14 28
14 28
14 42
14 42
16 17
16 17
16 44
16 44
17 18
17 18
19 47
19 47
20 26
20 26
21 27
21 27
23 31
23 31
23 39
39 32
39 32
24 38
24 38
25 29
25 29
26 34
26 34
27 45
27 45
28 40
28 40
30 36
30 36
30 48
30 48
32 39
32 39
33 43
33 43
34 37
34 37
38 46
38 46
39 40
39 40
43 49
43 49
45 49
45 49
