98 98 1038
0
1
2
3
4
5
6
7
8
9
10
11
12
13
14
15
16
17
18
19
20
21
22
23
24
25
27
28
29
30
31
32
33
34
35
36
37
38
39
40
41
42
43
44
45
46
47
48
49
50
51
52
53
54
55
56
57
58
59
60
61
62
63
64
65
66
67
68
69
70
71
72
73
74
75
77
78
79
80
81
82
83
84
85
86
87
88
89
90
91
92
93
94
95
96
97
98
99
0 39
0 64
1 82
1 90
2 70
2 81
3 30
3 86
4 44
4 59
5 77
5 78
6 88
6 93
7 41
7 56
8 47
8 61
9 66
9 99
10 16
10 85
11 23
11 97
12 23
12 38
13 33
13 53
14 71
14 96
15 25
15 65
16 83
17 51
17 69
18 31
18 70
19 57
19 83
20 21
20 45
21 69
22 74
22 77
24 36
24 80
25 95
27 43
27 94
28 32
28 68
29 46
29 55
30 78
31 45
32 63
33 79
34 54
34 93
35 49
35 67
36 60
37 42
37 60
38 63
39 40
40 89
41 62
42 80
43 84
44 58
46 55
47 95
48 65
48 88
49 99
50 52
50 54
51 57
52 98
53 82
56 75
58 94
59 73
61 87
62 86
64 89
66 91
67 90
68 75
71 92
72 73
72 87
74 85
79 81
84 97
91 98
92 96
