100 100 1002
0
1
2
3
4
5
6
7
8
9
10
11
12
13
14
15
16
17
18
19
20
21
22
23
24
25
26
27
28
29
30
31
32
33
34
35
36
37
38
39
40
41
42
43
44
45
46
47
48
49
50
51
52
53
54
55
56
57
58
59
60
61
62
63
64
65
66
67
68
69
70
71
72
73
74
75
76
77
78
79
80
81
82
83
84
85
86
87
88
89
90
91
92
93
94
95
96
97
98
99
0 1
0 58
1 43
2 45
2 52
3 4
3 41
4 76
5 15
5 38
6 7
6 84
7 63
8 36
8 93
9 79
9 82
10 88
10 89
11 68
11 77
12 62
12 74
13 25
13 86
14 32
14 53
15 94
16 43
16 85
17 28
17 48
18 71
18 91
19 49
19 74
20 44
20 64
21 41
21 81
22 77
22 94
23 67
23 87
24 60
24 88
25 73
26 37
26 93
27 38
27 67
28 83
29 57
29 78
30 33
30 47
31 50
31 96
32 51
33 68
34 56
34 84
35 53
35 85
36 75
37 46
39 54
39 92
40 80
40 90
42 48
42 54
44 86
45 63
46 66
47 98
49 95
50 79
51 61
52 73
55 76
55 96
56 57
58 70
59 78
59 87
60 99
61 66
62 70
64 89
65 82
65 98
69 71
69 80
72 90
72 99
75 92
81 97
83 91
95 97
