100 100 1491
0
1
2
3
4
5
6
7
8
9
10
11
12
13
14
15
16
17
18
19
20
21
22
23
24
25
26
27
28
29
30
31
32
33
34
35
36
37
38
39
40
41
42
43
44
45
46
47
48
49
50
51
52
53
54
55
56
57
58
59
60
61
62
63
64
65
66
67
68
69
70
71
72
73
74
75
76
77
78
79
80
81
82
83
84
85
86
87
88
89
90
91
92
93
94
95
96
97
98
99
0 55
0 93
1 63
1 94
2 34
2 84
3 18
3 77
4 58
4 65
5 26
5 98
6 73
6 79
7 20
7 42
8 23
8 44
9 47
9 52
10 51
10 53
11 40
11 43
12 21
12 60
13 40
13 80
14 23
14 56
15 50
15 96
16 44
16 88
17 24
17 67
18 71
19 27
19 79
20 69
21 64
22 52
22 83
24 76
25 45
25 84
26 75
27 74
28 29
28 87
29 90
30 53
30 74
31 59
31 95
32 36
32 97
33 72
33 87
34 81
35 69
35 92
36 42
37 63
37 80
38 50
38 62
39 46
39 86
41 67
41 92
43 54
45 89
46 59
47 76
48 62
48 70
49 54
49 99
51 61
55 91
56 81
57 90
57 95
58 66
60 68
61 83
64 78
65 73
66 99
68 91
70 86
71 82
72 77
75 85
78 97
82 85
88 98
89 93
94 96
