128 128 1813
17
95
62
95
68
2
33
2
22
28
22
4
13
67
27
70
32
84
32
65
66
77
66
21
57
0
15
49
15
51
97
51
80
5
69
91
58
43
93
44
57
61
48
39
20
23
6
79
9
31
85
41
5
74
53
14
8
14
34
14
8
82
16
82
26
11
34
14
8
90
3
64
60
76
87
94
52
19
52
78
96
75
9
55
18
81
18
36
92
54
42
54
45
40
30
35
1
89
7
89
47
37
88
37
46
37
29
73
56
99
50
24
98
63
59
86
72
12
25
72
86
72
83
10
71
72
56
38
17 95
62 95
62 95
68 95
2 68
2 33
2 33
2 22
22 28
22 28
4 22
4 13
13 67
27 67
27 70
32 70
32 84
32 84
32 65
65 66
66 77
66 77
21 66
21 57
0 57
0 15
15 49
15 49
15 51
51 97
51 97
51 80
5 80
5 69
69 91
58 91
43 58
43 93
44 93
44 57
57 61
48 61
39 48
20 39
20 23
6 23
6 79
9 79
9 31
31 85
41 85
5 41
5 74
53 74
14 53
8 14
8 14
14 34
14 34
8 14
8 82
16 82
16 82
26 82
11 26
11 34
14 34
8 14
8 90
3 90
3 64
60 64
60 76
76 87
87 94
52 94
19 52
19 52
52 78
78 96
75 96
9 75
9 55
18 55
18 81
18 81
18 36
36 92
54 92
42 54
42 54
45 54
40 45
30 40
30 35
1 35
1 89
7 89
7 89
47 89
37 47
37 88
37 88
37 46
37 46
29 37
29 73
56 73
56 99
50 99
24 50
24 98
63 98
59 63
59 86
72 86
12 72
12 25
25 72
72 86
72 86
72 83
10 83
10 71
71 72
56 72
38 56
17 38
