54 54 1678
35
163
62
39
150
51
103
32
145
6
125
28
43
64
16
76
40
186
41
113
147
4
3
44
158
42
11
34
8
31
58
29
155
129
69
117
197
12
93
15
119
57
77
50
48
50
45
37
30
26
46
55
185
181
35 163
62 163
39 62
39 150
51 150
51 103
32 103
32 145
6 145
6 125
28 125
28 43
43 64
16 64
16 76
40 76
40 186
41 186
41 113
113 147
4 147
3 4
3 44
44 158
42 158
11 42
11 34
8 34
8 31
31 58
29 58
29 155
129 155
69 129
69 117
117 197
12 197
12 93
15 93
15 119
57 119
57 77
50 77
48 50
48 50
45 50
37 45
30 37
26 30
26 46
46 55
55 185
181 185
35 181
