54 54 1756
192
9
10
57
10
189
17
85
29
85
161
140
82
104
116
14
3
45
130
0
126
106
15
146
28
88
19
98
16
42
4
12
57
7
8
199
162
123
175
27
102
2
112
48
184
155
1
164
95
21
79
11
25
52
9 192
9 10
10 57
10 57
10 189
17 189
17 85
29 85
29 85
85 161
140 161
82 140
82 104
104 116
14 116
3 14
3 45
45 130
0 130
0 126
106 126
15 106
15 146
28 146
28 88
19 88
19 98
16 98
16 42
4 42
4 12
12 57
7 57
7 8
8 199
162 199
123 162
123 175
27 175
27 102
2 102
2 112
48 112
48 184
155 184
1 155
1 164
95 164
21 95
21 79
11 79
11 25
25 52
52 192
