96 96 1379
0
1
2
3
5
7
8
9
10
11
12
13
14
15
16
17
18
19
20
21
22
23
24
25
26
27
28
29
30
31
32
33
34
35
36
37
38
39
40
41
42
43
44
45
46
47
48
49
51
52
53
54
55
56
57
58
59
60
61
62
63
64
65
66
67
68
69
70
71
73
74
75
76
77
78
79
80
81
82
83
84
85
86
87
88
89
90
91
92
93
94
95
96
97
98
99
0 52
0 63
1 77
1 78
2 67
2 96
3 35
3 84
5 67
5 69
7 30
7 95
8 11
8 64
9 56
9 92
10 13
10 51
11 23
12 40
12 44
13 58
14 55
14 60
15 53
15 92
16 28
16 66
17 41
17 93
18 31
18 53
19 86
19 87
20 35
20 47
21 43
21 46
22 62
22 71
23 57
24 38
24 40
25 46
25 80
26 38
26 70
27 49
27 95
28 69
29 42
29 99
30 89
31 33
32 58
32 86
33 97
34 36
34 85
36 85
37 49
37 88
39 47
39 84
41 93
42 65
43 82
44 91
45 76
45 83
48 59
48 71
51 87
52 98
54 61
54 80
55 88
56 79
57 64
59 81
60 82
61 98
62 81
63 75
65 90
66 97
68 73
68 78
70 74
73 89
74 91
75 96
76 99
77 79
83 94
90 94
