97 97 1460
0
1
2
3
4
5
6
8
9
10
11
12
13
14
15
16
17
18
19
20
21
22
23
24
25
26
27
28
29
30
31
32
33
34
35
36
37
38
39
40
41
42
43
44
45
46
47
48
49
50
51
52
53
54
55
56
57
58
59
60
61
62
63
64
65
66
67
68
69
70
71
72
73
74
75
76
77
78
79
80
81
82
83
85
87
88
89
90
91
92
93
94
95
96
97
98
99
0 13
0 19
1 44
1 81
2 24
2 50
3 30
3 52
4 41
4 67
5 6
5 76
6 67
8 25
8 28
9 51
9 94
10 34
10 57
11 80
11 95
12 53
12 68
13 58
14 74
14 82
15 17
15 48
16 75
16 94
17 56
18 43
18 78
19 32
20 59
20 99
21 47
21 83
22 29
22 66
23 76
23 89
24 85
25 38
26 49
26 70
27 33
27 68
28 62
29 45
30 55
31 54
31 59
32 88
33 90
34 37
35 39
35 54
36 43
36 93
37 52
38 62
39 60
40 70
40 73
41 83
42 74
42 80
44 81
45 72
46 78
46 93
47 77
48 53
49 98
50 60
51 96
55 79
56 92
57 89
58 65
61 87
61 90
63 87
63 99
64 71
64 91
65 91
66 75
69 79
69 85
71 98
72 92
73 77
82 95
88 97
96 97
