71 71 1790
28
146
151
183
182
191
42
51
102
77
158
187
85
168
171
169
31
69
59
121
107
155
53
26
172
12
184
12
30
195
56
29
125
198
112
16
66
16
175
78
0
177
179
164
33
173
103
160
89
178
193
130
193
40
150
162
48
35
34
188
142
127
156
131
123
149
139
192
175
28
146
28 146
146 151
151 183
182 183
182 191
42 191
42 51
51 102
77 102
77 158
158 187
85 187
85 168
168 171
169 171
31 169
31 69
59 69
59 121
107 121
107 155
53 155
26 53
26 172
12 172
12 184
12 184
12 30
30 195
56 195
29 56
29 125
125 198
112 198
16 112
16 66
16 66
16 175
78 175
0 78
0 177
177 179
164 179
33 164
33 173
103 173
103 160
89 160
89 178
178 193
130 193
130 193
40 193
40 150
150 162
48 162
35 48
34 35
34 188
142 188
127 142
127 156
131 156
123 131
123 149
139 149
139 192
175 192
28 175
28 146
28 146
