100 100 939
0
1
2
3
4
5
6
7
8
9
10
11
12
13
14
15
16
17
18
19
20
21
22
23
24
25
26
27
28
29
30
31
32
33
34
35
36
37
38
39
40
41
42
43
44
45
46
47
48
49
50
51
52
53
54
55
56
57
58
59
60
61
62
63
64
65
66
67
68
69
70
71
72
73
74
75
76
77
78
79
80
81
82
83
84
85
86
87
88
89
90
91
92
93
94
95
96
97
98
99
0 32
0 73
1 24
1 59
2 30
2 54
3 80
3 81
4 48
4 75
5 26
5 60
6 91
6 93
7 35
7 66
8 33
8 75
9 57
9 89
10 36
10 56
11 72
11 98
12 43
12 53
13 25
13 51
14 49
14 99
15 85
15 90
16 52
16 92
17 41
17 51
18 38
18 69
19 52
19 63
20 34
20 83
21 50
21 72
22 42
22 77
23 58
23 65
24 66
25 40
26 95
27 30
27 54
28 53
28 62
29 47
29 68
31 79
31 84
32 70
33 76
34 97
35 68
36 99
37 39
37 43
38 69
39 87
40 95
41 93
42 77
44 57
44 89
45 59
45 97
46 67
46 74
47 64
48 88
49 50
55 60
55 76
56 88
58 65
61 63
61 79
62 78
64 84
67 98
70 96
71 73
71 86
74 82
78 96
80 94
81 94
82 90
83 91
85 87
86 92
