65 65 1246
49
3
45
29
37
29
35
25
26
43
9
0
9
42
9
43
14
43
26
41
6
23
44
47
2
7
2
34
22
32
22
46
8
1
48
28
36
11
36
17
28
10
33
27
21
40
4
40
5
34
16
18
30
18
31
39
24
38
12
19
20
19
12
13
15
3 49
3 45
29 45
29 37
29 37
29 35
25 35
25 26
26 43
9 43
0 9
0 9
9 42
9 42
9 43
14 43
14 43
26 43
26 41
6 41
6 23
23 44
44 47
2 47
2 7
2 7
2 34
22 34
22 32
22 32
22 46
8 46
1 8
1 48
28 48
28 36
11 36
11 36
17 36
17 28
10 28
10 33
27 33
21 27
21 40
4 40
4 40
5 40
5 34
16 34
16 18
18 30
18 30
18 31
31 39
24 39
24 38
12 38
12 19
19 20
19 20
12 19
12 13
13 15
15 49
