97 97 866
0
1
2
3
4
5
6
7
8
10
11
12
13
14
15
16
17
18
19
20
21
22
23
24
25
26
27
28
29
30
31
32
33
34
35
36
37
38
39
40
41
42
43
44
45
46
47
48
49
50
51
52
53
54
55
56
57
58
59
60
61
62
63
64
65
66
67
69
70
71
72
73
74
75
76
77
78
79
80
81
82
83
84
85
86
87
88
89
91
92
93
94
95
96
97
98
99
0 8
0 41
1 20
1 83
2 37
2 86
3 15
3 74
4 23
4 50
5 54
5 80
6 22
6 48
7 13
7 39
8 69
10 26
10 49
11 30
11 40
12 87
12 96
13 39
14 18
14 36
15 97
16 34
16 38
17 27
17 61
18 43
19 29
19 87
20 83
21 35
21 92
22 29
23 93
24 70
24 77
25 45
25 98
26 50
27 52
28 31
28 62
30 88
31 62
32 94
32 95
33 44
33 71
34 38
35 60
36 43
37 66
40 59
41 56
42 58
42 84
44 79
45 72
46 57
46 78
47 80
47 84
48 96
49 58
51 65
51 76
52 85
53 76
53 82
54 64
55 73
55 99
56 69
57 94
59 93
60 91
61 85
63 75
63 98
64 81
65 67
66 86
67 88
70 89
71 79
72 75
73 99
74 97
77 89
78 82
81 95
91 92
