100 100 1735
0
1
2
3
4
5
6
7
8
9
10
11
12
13
14
15
16
17
18
19
20
21
22
23
24
25
26
27
28
29
30
31
32
33
34
35
36
37
38
39
40
41
42
43
44
45
46
47
48
49
50
51
52
53
54
55
56
57
58
59
60
61
62
63
64
65
66
67
68
69
70
71
72
73
74
75
76
77
78
79
80
81
82
83
84
85
86
87
88
89
90
91
92
93
94
95
96
97
98
99
0 18
0 65
1 8
1 70
2 22
2 55
3 9
3 25
4 61
4 85
5 74
5 98
6 8
6 27
7 47
7 54
9 35
10 75
10 79
11 28
11 52
12 43
12 53
13 44
13 74
14 15
14 93
15 36
16 32
16 49
17 84
17 96
18 19
19 78
20 37
20 71
21 69
21 96
22 58
23 30
23 84
24 45
24 79
25 66
26 41
26 82
27 61
28 76
29 31
29 69
30 93
31 48
32 92
33 56
33 97
34 51
34 94
35 89
36 37
38 40
38 46
39 43
39 67
40 90
41 44
42 56
42 60
45 87
46 62
47 86
48 81
49 81
50 57
50 73
51 80
52 97
53 92
54 94
55 60
57 70
58 91
59 64
59 73
62 82
63 75
63 88
64 90
65 85
66 95
67 77
68 76
68 80
71 99
72 77
72 83
78 99
83 95
86 98
87 89
88 91
