70 70 1321
49
3
45
23
49
25
29
37
29
35
25
26
43
9
42
48
1
48
42
9
8
46
22
32
22
27
21
27
33
10
28
36
11
36
17
28
0
9
43
14
43
26
41
6
49
47
44
47
2
7
2
34
5
34
16
18
30
18
31
39
24
40
4
20
19
12
38
12
13
15
3 49
3 45
23 45
23 49
25 49
25 29
29 37
29 37
29 35
25 35
25 26
26 43
9 43
9 42
42 48
1 48
1 48
42 48
9 42
8 9
8 46
22 46
22 32
22 32
22 27
21 27
21 27
27 33
10 33
10 28
28 36
11 36
11 36
17 36
17 28
0 28
0 9
9 43
14 43
14 43
26 43
26 41
6 41
6 49
47 49
44 47
44 47
2 47
2 7
2 7
2 34
5 34
5 34
16 34
16 18
18 30
18 30
18 31
31 39
24 39
24 40
4 40
4 20
19 20
12 19
12 38
12 38
12 13
13 15
15 49
