59 59 2679
35
51
29
26
135
34
139
56
72
38
28
7
12
93
32
130
43
27
47
17
84
62
134
18
8
70
23
82
171
61
37
20
44
48
15
111
141
199
188
40
54
30
31
187
13
21
16
180
81
19
149
92
45
92
87
49
25
5
36
35 51
29 51
26 29
26 135
34 135
34 139
56 139
56 72
38 72
28 38
7 28
7 12
12 93
32 93
32 130
43 130
27 43
27 47
17 47
17 84
62 84
62 134
18 134
8 18
8 70
23 70
23 82
82 171
61 171
37 61
20 37
20 44
44 48
15 48
15 111
111 141
141 199
188 199
40 188
40 54
30 54
30 31
31 187
13 187
13 21
16 21
16 180
81 180
19 81
19 149
92 149
45 92
45 92
87 92
49 87
25 49
5 25
5 36
35 36
