197 197 1958
0
1
2
3
4
5
6
7
8
9
10
11
12
13
14
15
16
17
18
19
20
21
22
23
24
25
26
27
28
29
30
31
32
33
34
36
37
38
39
40
41
42
43
44
45
46
47
48
49
50
51
52
53
54
55
56
57
58
59
60
61
62
63
64
65
66
67
68
69
70
71
72
73
74
75
76
77
78
79
80
81
82
83
84
85
86
87
88
89
90
91
92
93
94
95
96
97
98
99
100
101
102
103
104
105
106
107
108
109
110
111
112
113
114
115
116
117
118
119
120
121
122
123
124
125
126
127
128
129
130
131
132
133
134
135
136
138
139
140
141
142
143
144
145
146
147
148
149
150
151
152
153
154
155
156
157
158
159
160
161
162
163
164
165
166
167
168
169
170
171
173
174
175
176
177
178
179
180
181
182
183
184
185
186
187
188
189
190
191
192
193
194
195
196
197
198
199
0 174
0 196
1 85
1 173
2 14
2 150
3 42
3 140
4 123
4 143
5 70
5 94
6 51
6 98
7 33
7 149
8 149
8 191
9 87
9 163
10 118
10 141
11 86
11 183
12 29
12 151
13 79
13 166
14 65
15 26
15 57
16 155
16 176
17 36
17 92
18 37
18 148
19 63
19 158
20 122
20 123
21 75
21 195
22 41
22 156
23 57
23 128
24 80
24 167
25 155
25 199
26 60
27 78
27 140
28 106
28 121
29 195
30 105
30 165
31 103
31 185
32 115
32 144
33 151
34 93
34 100
36 163
37 164
38 157
38 191
39 113
39 166
40 74
40 110
41 178
42 168
43 62
43 127
44 76
44 84
45 54
45 139
46 132
46 169
47 189
47 198
48 115
48 144
49 96
49 112
50 154
50 162
51 92
52 99
52 105
53 63
53 184
54 81
55 96
55 109
56 72
56 95
58 61
58 107
59 116
59 134
60 190
61 199
62 87
64 152
64 169
65 187
66 114
66 192
67 89
67 193
68 70
68 165
69 77
69 125
71 78
71 117
72 101
73 111
73 124
74 110
75 146
76 157
77 89
79 147
80 188
81 161
82 107
82 131
83 121
83 126
84 178
85 99
86 159
88 152
88 153
90 125
90 147
91 103
91 145
93 124
94 173
95 180
97 116
97 134
98 141
100 186
101 182
102 142
102 174
104 108
104 184
106 190
108 135
109 179
111 192
112 185
113 130
114 153
117 154
118 177
119 170
119 171
120 136
120 146
122 162
126 129
127 181
128 129
130 131
132 160
133 150
133 197
135 142
136 196
138 148
138 181
139 177
143 168
145 170
156 175
158 182
159 197
160 176
161 179
164 186
167 194
171 175
180 187
183 193
188 194
189 198
