100 100 1133
0
1
2
3
4
5
6
7
8
9
10
11
12
13
14
15
16
17
18
19
20
21
22
23
24
25
26
27
28
29
30
31
32
33
34
35
36
37
38
39
40
41
42
43
44
45
46
47
48
49
50
51
52
53
54
55
56
57
58
59
60
61
62
63
64
65
66
67
68
69
70
71
72
73
74
75
76
77
78
79
80
81
82
83
84
85
86
87
88
89
90
91
92
93
94
95
96
97
98
99
0 7
0 80
1 27
1 50
2 31
2 86
3 20
3 94
4 68
4 79
5 76
5 92
6 73
6 93
7 88
8 44
8 72
9 36
9 62
10 56
10 80
11 40
11 51
12 27
12 38
13 57
13 59
14 49
14 57
15 33
15 37
16 29
16 35
17 59
17 81
18 61
18 95
19 63
19 76
20 43
21 23
21 52
22 24
22 65
23 40
24 48
25 29
25 94
26 75
26 98
28 48
28 53
30 38
30 68
31 51
32 47
32 96
33 78
34 36
34 62
35 45
37 89
39 96
39 97
41 46
41 87
42 58
42 74
43 65
44 53
45 77
46 87
47 82
49 72
50 90
52 85
54 84
54 91
55 60
55 69
56 71
58 70
60 67
61 91
63 82
64 79
64 90
66 83
66 92
67 86
69 74
70 77
71 97
73 88
75 78
81 84
83 89
85 95
93 99
98 99
