79 79 1427
0
1
2
3
4
5
7
9
10
13
14
15
16
18
19
20
21
22
23
24
25
26
27
28
30
31
32
33
34
35
36
38
39
40
41
42
43
44
45
46
47
48
49
53
54
55
56
57
58
59
60
61
63
66
67
70
71
72
74
76
77
78
80
81
82
83
84
86
87
88
89
90
92
93
95
96
97
98
99
0 36
0 38
1 3
1 74
2 10
2 86
3 55
4 24
4 81
5 47
5 61
7 21
7 98
9 33
9 67
10 92
13 45
13 46
14 27
14 72
15 28
15 97
16 84
16 87
18 42
18 90
19 41
19 53
20 60
20 82
21 70
22 97
22 99
23 89
23 99
24 78
25 42
25 76
26 39
26 56
27 92
28 59
30 33
30 53
31 34
31 82
32 48
32 80
34 63
35 47
35 61
36 96
38 80
39 54
40 59
40 86
41 74
43 76
43 87
44 77
44 96
45 58
46 93
48 49
49 78
54 71
55 89
56 83
57 81
57 98
58 95
60 84
63 90
66 88
66 95
67 72
70 77
71 83
88 93
