100 100 1080
0
1
2
3
4
5
6
7
8
9
10
11
12
13
14
15
16
17
18
19
20
21
22
23
24
25
26
27
28
29
30
31
32
33
34
35
36
37
38
39
40
41
42
43
44
45
46
47
48
49
50
51
52
53
54
55
56
57
58
59
60
61
62
63
64
65
66
67
68
69
70
71
72
73
74
75
76
77
78
79
80
81
82
83
84
85
86
87
88
89
90
91
92
93
94
95
96
97
98
99
0 32
0 94
1 40
1 55
2 20
2 30
3 5
3 19
4 80
4 92
5 71
6 10
6 54
7 27
7 86
8 15
8 61
9 33
9 78
10 31
11 35
11 95
12 31
12 59
13 52
13 54
14 73
14 94
15 75
16 64
16 66
17 90
17 98
18 20
18 97
19 41
21 49
21 81
22 69
22 84
23 46
23 69
24 52
24 57
25 88
25 91
26 40
26 84
27 39
28 33
28 53
29 45
29 82
30 34
32 47
34 85
35 92
36 77
36 79
37 67
37 93
38 42
38 43
39 77
41 96
42 85
43 58
44 62
44 78
45 48
46 83
47 49
48 67
50 60
50 97
51 65
51 73
53 65
55 81
56 57
56 83
58 59
60 91
61 64
62 72
63 87
63 99
66 70
68 86
68 90
70 87
71 80
72 82
74 75
74 89
76 93
76 96
79 89
88 98
95 99
