98 98 1468
0
1
2
3
4
5
6
7
8
9
10
11
12
13
14
15
16
17
18
20
21
22
23
24
25
26
27
28
29
30
31
32
33
34
35
36
37
38
39
40
41
42
43
44
45
46
47
48
49
50
51
52
54
55
56
57
58
59
60
61
62
63
64
65
66
67
68
69
70
71
72
73
74
75
76
77
78
79
80
81
82
83
84
85
86
87
88
89
90
91
92
93
94
95
96
97
98
99
0 48
0 73
1 55
1 95
2 54
2 71
3 75
3 91
4 7
4 62
5 25
5 97
6 50
6 89
7 49
8 15
8 47
9 76
9 99
10 28
10 84
11 34
11 72
12 18
12 70
13 33
13 76
14 64
14 80
15 70
16 50
16 93
17 40
17 75
18 92
20 21
20 79
21 49
22 43
22 81
23 40
23 43
24 31
24 87
25 59
26 56
26 89
27 61
27 91
28 88
29 32
29 34
30 38
30 51
31 72
32 60
33 37
35 78
35 83
36 39
36 66
37 99
38 51
39 66
41 78
41 88
42 45
42 67
44 58
44 92
45 68
46 65
46 94
47 69
48 57
52 74
52 77
54 86
55 80
56 97
57 98
58 64
59 63
60 90
61 95
62 63
65 94
67 71
68 83
69 81
73 93
74 85
77 87
79 98
82 84
82 96
85 90
86 96
