100 100 1125
0
1
2
3
4
5
6
7
8
9
10
11
12
13
14
15
16
17
18
19
20
21
22
23
24
25
26
27
28
29
30
31
32
33
34
35
36
37
38
39
40
41
42
43
44
45
46
47
48
49
50
51
52
53
54
55
56
57
58
59
60
61
62
63
64
65
66
67
68
69
70
71
72
73
74
75
76
77
78
79
80
81
82
83
84
85
86
87
88
89
90
91
92
93
94
95
96
97
98
99
0 4
0 5
1 52
1 72
2 57
2 83
3 47
3 53
4 72
5 49
6 31
6 43
7 28
7 93
8 74
8 98
9 25
9 65
10 35
10 40
11 22
11 73
12 94
12 96
13 27
13 60
14 15
14 75
15 69
16 20
16 68
17 70
17 85
18 41
18 81
19 47
19 86
20 95
21 75
21 91
22 33
23 32
23 42
24 61
24 80
25 37
26 77
26 87
27 97
28 79
29 42
29 79
30 45
30 71
31 96
32 67
33 99
34 93
34 97
35 51
36 57
36 59
37 54
38 63
38 98
39 50
39 73
40 82
41 81
43 62
44 66
44 89
45 88
46 56
46 78
48 64
48 91
49 52
50 92
51 87
53 69
54 65
55 70
55 82
56 59
58 68
58 95
60 88
61 76
62 94
63 90
64 71
66 89
67 84
74 99
76 90
77 86
78 83
80 84
85 92
