100 100 1336
0
1
2
3
4
5
6
7
8
9
10
11
12
13
14
15
16
17
18
19
20
21
22
23
24
25
26
27
28
29
30
31
32
33
34
35
36
37
38
39
40
41
42
43
44
45
46
47
48
49
50
51
52
53
54
55
56
57
58
59
60
61
62
63
64
65
66
67
68
69
70
71
72
73
74
75
76
77
78
79
80
81
82
83
84
85
86
87
88
89
90
91
92
93
94
95
96
97
98
99
0 9
0 61
1 65
1 87
2 75
2 96
3 10
3 64
4 32
4 55
5 8
5 76
6 37
6 42
7 29
7 57
8 21
9 30
10 83
11 37
11 60
12 79
12 92
13 50
13 86
14 70
14 82
15 59
15 93
16 84
16 86
17 26
17 71
18 69
18 89
19 55
19 72
20 25
20 99
21 45
22 35
22 98
23 24
23 30
24 69
25 56
26 29
27 82
27 88
28 45
28 77
31 47
31 96
32 91
33 43
33 61
34 39
34 64
35 68
36 75
36 79
38 63
38 97
39 80
40 47
40 74
41 48
41 51
42 76
43 52
44 88
44 92
46 62
46 94
48 49
49 87
50 57
51 78
52 70
53 54
53 58
54 74
56 98
58 84
59 77
60 81
62 80
63 99
65 78
66 85
66 90
67 68
67 95
71 73
72 91
73 93
81 83
85 90
89 97
94 95
