100 100 1108
0
1
2
3
4
5
6
7
8
9
10
11
12
13
14
15
16
17
18
19
20
21
22
23
24
25
26
27
28
29
30
31
32
33
34
35
36
37
38
39
40
41
42
43
44
45
46
47
48
49
50
51
52
53
54
55
56
57
58
59
60
61
62
63
64
65
66
67
68
69
70
71
72
73
74
75
76
77
78
79
80
81
82
83
84
85
86
87
88
89
90
91
92
93
94
95
96
97
98
99
0 31
0 76
1 68
1 75
2 12
2 32
3 59
3 61
4 56
4 81
5 36
5 40
6 42
6 95
7 8
7 27
8 57
9 18
9 56
10 26
10 70
11 28
11 90
12 32
13 37
13 91
14 80
14 99
15 65
15 68
16 49
16 72
17 63
17 85
18 29
19 38
19 97
20 22
20 51
21 64
21 96
22 47
23 55
23 94
24 33
24 43
25 46
25 92
26 92
27 79
28 41
29 78
30 45
30 48
31 55
33 65
34 39
34 84
35 43
35 75
36 74
37 91
38 69
39 52
40 63
41 90
42 95
44 88
44 99
45 48
46 61
47 59
49 76
50 58
50 72
51 70
52 78
53 87
53 93
54 79
54 98
57 82
58 73
60 67
60 86
62 71
62 85
64 96
66 80
66 88
67 71
69 97
73 77
74 89
77 94
81 84
82 83
83 98
86 89
87 93
