50 102 763
0
1
2
3
4
5
6
7
8
9
10
11
12
13
14
15
16
17
18
19
20
21
22
23
24
25
26
27
28
29
30
31
32
33
34
35
36
37
38
39
40
41
42
43
44
45
46
47
48
49
0 3
0 3
0 4
0 4
1 9
1 9
1 11
1 11
2 47
2 47
2 48
2 48
3 37
3 37
4 32
4 32
5 36
5 36
5 49
5 49
6 25
6 25
6 33
6 33
7 25
7 25
7 25
25 26
25 26
8 10
8 10
8 21
8 21
9 23
9 23
10 37
10 37
11 27
11 27
12 16
12 16
12 21
12 21
13 34
13 34
13 35
13 35
14 17
14 17
14 38
14 38
15 24
15 24
15 40
15 40
16 48
16 48
17 45
17 45
18 20
18 20
18 20
20 44
20 44
19 22
19 22
19 42
19 42
20 27
20 27
22 30
22 30
23 38
23 38
24 45
24 45
26 43
26 43
28 32
28 32
28 39
28 39
29 30
29 30
29 33
29 33
31 34
31 34
31 36
31 36
35 46
35 46
39 44
39 44
40 49
40 49
41 42
41 42
41 47
41 47
43 46
43 46
