197 197 1968
0
1
2
3
4
5
6
7
8
9
10
11
12
13
14
15
16
17
18
19
20
21
22
23
24
25
26
27
28
29
30
31
32
33
34
35
36
37
38
39
40
41
42
43
44
45
46
47
48
49
50
51
52
53
54
55
56
57
58
59
60
61
62
63
64
65
66
67
68
69
70
71
72
73
74
75
76
77
78
79
80
81
82
83
84
85
86
87
88
89
90
91
92
93
94
95
96
97
98
99
100
101
102
103
104
105
106
107
108
109
110
111
112
113
114
115
116
117
118
119
120
121
122
123
124
125
126
127
128
129
130
131
132
133
134
135
136
137
138
139
140
141
142
143
145
146
147
148
149
150
151
152
153
154
155
156
157
158
159
160
161
162
163
164
165
166
167
168
170
171
172
173
175
176
177
178
179
180
181
182
183
184
185
186
187
188
189
190
191
192
193
194
195
196
197
198
199
0 192
0 196
1 66
1 109
2 72
2 119
3 88
3 124
4 44
4 188
5 34
5 129
6 50
6 150
7 19
7 193
8 33
8 104
9 40
9 151
10 21
10 183
11 107
11 145
12 176
12 197
13 84
13 135
14 33
14 127
15 141
15 171
16 60
16 159
17 127
17 195
18 100
18 184
19 193
20 146
20 199
21 128
22 53
22 128
23 86
23 147
24 149
24 166
25 87
25 92
26 103
26 153
27 117
27 151
28 171
28 189
29 83
29 156
30 131
30 184
31 32
31 43
32 115
34 75
35 94
35 133
36 86
36 165
37 53
37 71
38 93
38 114
39 56
39 68
40 113
41 140
41 175
42 73
42 136
43 93
44 107
45 47
45 167
46 139
46 157
47 90
48 99
48 198
49 106
49 172
50 188
51 165
51 168
52 182
52 187
54 109
54 132
55 106
55 111
56 170
57 91
57 196
58 114
58 180
59 74
59 158
60 61
61 103
62 112
62 158
63 167
63 190
64 140
64 175
65 101
65 159
66 191
67 96
67 108
68 134
69 82
69 164
70 162
70 194
71 99
72 92
73 136
74 112
75 195
76 143
76 176
77 102
77 119
78 105
78 168
79 163
79 187
80 148
80 181
81 145
81 182
82 164
83 177
84 178
85 118
85 152
87 154
88 197
89 142
89 166
90 192
91 156
94 146
95 123
95 186
96 155
97 116
97 185
98 133
98 183
100 102
101 132
104 162
105 185
108 157
110 118
110 191
111 172
113 150
115 138
116 117
120 131
120 143
121 177
121 180
122 125
122 155
123 189
124 179
125 139
126 152
126 178
129 160
130 134
130 135
137 142
137 149
138 173
141 186
147 190
148 161
153 179
154 181
160 198
161 194
163 173
170 199
