83 83 1187
0
1
2
3
4
5
6
7
9
11
12
13
14
15
16
17
19
20
22
23
24
25
26
27
28
29
30
31
32
33
34
35
37
38
39
40
41
42
43
45
46
47
48
49
50
51
52
54
55
57
58
59
62
63
64
67
68
69
70
71
72
73
74
75
76
77
79
80
81
83
84
85
86
87
88
89
90
91
92
93
95
96
97
0 28
0 75
1 29
1 54
2 23
2 57
3 25
3 85
4 39
4 49
5 37
5 51
6 26
6 88
7 12
7 72
9 14
9 79
11 52
11 84
12 19
13 19
13 54
14 24
15 33
15 83
16 76
16 91
17 63
17 96
20 35
20 77
22 37
22 84
23 59
24 67
25 69
26 38
27 48
27 74
28 75
29 46
30 58
30 59
31 42
31 73
32 71
32 72
33 68
34 55
34 85
35 70
38 88
39 69
40 62
40 79
41 47
41 76
42 97
43 80
43 93
45 63
45 91
46 83
47 55
48 92
49 86
50 52
50 97
51 90
57 96
58 81
62 95
64 67
64 86
68 81
70 87
71 74
73 93
77 87
80 90
89 92
89 95
