98 98 1507
0
1
2
3
4
5
6
7
8
9
10
11
12
13
14
15
16
17
18
19
20
21
22
23
24
25
26
27
28
29
30
31
32
33
34
35
36
37
38
39
40
41
42
43
44
45
46
47
48
49
50
51
52
53
54
55
56
57
58
59
60
61
62
63
64
65
66
67
68
70
71
72
73
74
75
76
77
78
79
80
81
82
83
84
85
86
87
88
89
90
91
93
94
95
96
97
98
99
0 12
0 70
1 25
1 91
2 58
2 90
3 67
3 85
4 66
4 71
5 14
5 59
6 39
6 99
7 32
7 70
8 35
8 87
9 31
9 80
10 12
10 62
11 48
11 88
13 17
13 52
14 19
15 58
15 87
16 22
16 38
17 83
18 56
18 77
19 84
20 37
20 41
21 24
21 81
22 61
23 47
23 99
24 81
25 46
26 49
26 74
27 29
27 60
28 65
28 73
29 60
30 42
30 45
31 51
32 72
33 53
33 55
34 43
34 80
35 63
36 77
36 86
37 59
38 84
39 72
40 54
40 64
41 50
42 47
43 55
44 54
44 82
45 49
46 91
48 50
51 78
52 96
53 71
56 74
57 61
57 76
62 65
63 94
64 98
66 82
67 68
68 85
73 75
75 97
76 93
78 96
79 89
79 90
83 89
86 98
88 95
93 95
94 97
