Error code = 10013
Unable to write to file './output/N50D0.7K0T0P0.5/model.lp'

50 50 632
0
1
2
3
4
5
6
7
8
9
10
11
12
13
14
15
16
17
18
19
20
21
22
23
24
25
26
27
28
29
30
31
32
33
34
35
36
37
38
39
40
41
42
43
44
45
46
47
48
49
0 35
0 49
1 34
1 45
2 19
2 39
3 9
3 21
4 23
4 24
5 40
5 41
6 7
6 47
7 16
8 45
8 48
9 16
10 13
10 38
11 21
11 33
12 42
12 47
13 15
14 30
14 31
15 22
17 32
17 41
18 36
18 38
19 29
20 35
20 49
22 42
23 25
24 25
26 39
26 46
27 32
27 40
28 29
28 30
31 46
33 37
34 48
36 44
37 43
43 44
