51 51 1685
18
114
37
97
83
32
134
124
99
190
1
196
15
100
29
112
43
191
80
42
104
33
21
172
11
163
184
60
160
3
165
93
113
121
30
120
140
136
40
175
12
2
27
79
41
46
166
23
55
71
92
18 114
37 114
37 97
83 97
32 83
32 134
124 134
99 124
99 190
1 190
1 196
15 196
15 100
29 100
29 112
43 112
43 191
80 191
42 80
42 104
33 104
21 33
21 172
11 172
11 163
163 184
60 184
60 160
3 160
3 165
93 165
93 113
113 121
30 121
30 120
120 140
136 140
40 136
40 175
12 175
2 12
2 27
27 79
41 79
41 46
46 166
23 166
23 55
55 71
71 92
18 92
