65 65 1068
55
63
45
23
74
59
5
59
74
54
71
41
27
64
85
22
6
62
88
87
66
60
51
47
82
81
36
1
56
14
8
61
77
40
39
40
28
34
28
65
89
50
19
11
19
11
26
16
38
96
13
43
67
2
69
70
33
93
17
80
17
58
42
57
86
55 63
45 63
23 45
23 74
59 74
5 59
5 59
59 74
54 74
54 71
41 71
27 41
27 64
64 85
22 85
6 22
6 62
62 88
87 88
66 87
60 66
51 60
47 51
47 82
81 82
36 81
1 36
1 56
14 56
8 14
8 61
61 77
40 77
39 40
39 40
28 40
28 34
28 34
28 65
65 89
50 89
19 50
11 19
11 19
11 19
11 26
16 26
16 38
38 96
13 96
13 43
43 67
2 67
2 69
69 70
33 70
33 93
17 93
17 80
17 80
17 58
42 58
42 57
57 86
55 86
