196 196 1538
0
1
2
3
4
5
7
8
9
10
11
12
13
14
15
16
17
18
19
20
21
22
23
24
25
26
27
28
29
30
31
32
33
34
35
36
37
38
39
40
41
42
43
44
45
46
47
48
49
50
51
52
53
54
55
56
57
58
59
60
61
62
63
64
65
66
67
68
69
70
71
73
74
75
76
77
78
79
80
81
82
83
84
85
86
87
88
89
90
91
92
93
94
96
97
98
99
100
101
102
103
104
105
106
107
108
109
110
111
112
113
114
115
116
117
118
119
120
121
122
123
124
125
126
127
128
129
130
131
132
133
134
135
136
137
138
139
140
141
142
143
144
145
146
147
148
149
150
151
152
153
154
155
156
157
158
159
160
161
162
163
164
165
166
167
168
169
170
171
172
173
174
175
176
177
178
179
180
181
182
183
184
185
186
187
188
189
190
191
192
194
195
196
197
198
199
0 112
0 194
1 129
1 183
2 144
2 174
3 111
3 160
4 24
4 40
5 136
5 137
7 35
7 88
8 15
8 96
9 27
9 31
10 21
10 151
11 102
11 165
12 59
12 109
13 119
13 178
14 23
14 62
15 73
16 111
16 196
17 116
17 164
18 168
18 194
19 32
19 38
20 128
20 174
21 61
22 139
22 177
23 119
24 52
25 40
25 107
26 44
26 197
27 87
28 115
28 162
29 49
29 170
30 58
30 189
31 87
32 38
33 71
33 190
34 62
34 198
35 88
36 75
36 186
37 45
37 196
39 78
39 86
41 84
41 140
42 50
42 94
43 81
43 146
44 135
45 160
46 127
46 136
47 78
47 102
48 132
48 143
49 176
50 192
51 157
51 188
52 92
53 85
53 158
54 156
54 185
55 74
55 175
56 86
56 100
57 69
57 173
58 82
59 164
60 151
60 198
61 120
63 167
63 177
64 180
64 185
65 106
65 190
66 118
66 145
67 113
67 128
68 96
68 97
69 165
70 124
70 149
71 169
73 179
74 138
75 186
76 77
76 166
77 134
79 98
79 152
80 129
80 184
81 137
82 161
83 148
83 179
84 184
85 150
89 91
89 110
90 108
90 127
91 195
92 97
93 175
93 197
94 173
98 121
99 117
99 123
100 143
101 178
101 182
103 134
103 157
104 142
104 199
105 140
105 183
106 118
107 110
108 112
109 115
113 187
114 133
114 153
116 131
117 159
120 191
121 144
122 133
122 145
123 141
124 149
125 163
125 195
126 161
126 181
130 139
130 153
131 135
132 142
138 168
141 154
146 167
147 163
147 191
148 189
150 158
152 199
154 159
155 166
155 188
156 180
162 181
169 187
170 171
171 176
172 182
172 192
