198 198 1461
0
1
2
3
4
5
6
7
8
9
10
11
12
13
14
15
16
17
18
19
20
21
22
23
24
25
26
27
28
29
30
31
32
33
34
35
36
37
38
39
40
41
42
43
44
45
46
47
48
49
50
51
52
53
54
55
56
57
58
59
60
61
62
63
64
65
66
67
68
69
70
71
72
73
74
75
76
77
78
79
80
81
83
84
85
86
87
88
89
90
91
92
93
94
95
96
97
98
99
100
101
102
103
104
105
106
107
108
109
110
111
112
113
114
115
116
117
118
119
120
121
122
123
124
125
126
127
128
129
130
131
132
133
134
135
136
137
138
139
140
141
142
143
144
145
146
147
148
149
150
151
152
153
154
155
156
157
158
159
160
161
162
163
164
165
166
167
168
169
170
171
172
173
175
176
177
178
179
180
181
182
183
184
185
186
187
188
189
190
191
192
193
194
195
196
197
198
199
0 2
0 118
1 137
1 160
2 139
3 98
3 137
4 131
4 143
5 63
5 149
6 74
6 112
7 95
7 100
8 115
8 179
9 67
9 170
10 92
10 173
11 23
11 72
12 23
12 41
13 104
13 120
14 15
14 38
15 160
16 97
16 146
17 141
17 182
18 27
18 64
19 164
19 189
20 30
20 149
21 66
21 158
22 86
22 183
24 61
24 157
25 52
25 185
26 168
26 180
27 50
28 53
28 126
29 116
29 167
30 129
31 139
31 198
32 80
32 140
33 57
33 70
34 60
34 89
35 84
35 155
36 105
36 113
37 39
37 161
38 98
39 59
40 47
40 123
41 141
42 83
42 118
43 106
43 145
44 88
44 138
45 145
45 182
46 117
46 138
47 123
48 142
48 178
49 87
49 132
50 94
51 99
51 148
52 114
53 151
54 64
54 94
55 115
55 128
56 79
56 199
57 185
58 102
58 142
59 166
60 114
61 91
62 135
62 186
63 187
65 165
65 194
66 112
67 103
68 89
68 130
69 72
69 106
70 85
71 150
71 180
73 107
73 172
74 146
75 80
75 162
76 147
76 173
77 78
77 191
78 127
79 144
81 129
81 162
83 134
84 107
85 104
86 124
87 121
88 168
90 151
90 186
91 167
92 119
93 143
93 163
95 199
96 147
96 190
97 109
99 190
100 197
101 140
101 188
102 103
105 124
108 128
108 193
109 194
110 176
110 179
111 153
111 159
113 136
116 122
117 126
119 171
120 176
121 156
122 175
125 169
125 183
127 191
130 193
131 163
132 156
133 150
133 154
134 198
135 155
136 169
144 152
148 154
152 158
153 159
157 195
161 170
164 189
165 197
166 184
171 172
175 187
177 192
177 196
178 181
181 184
188 195
192 196
