206 206 1391
111
167
114
15
128
52
174
183
72
85
76
96
123
43
14
43
51
141
61
109
53
140
78
136
42
93
105
0
170
3
10
68
20
97
94
108
110
152
86
168
178
91
113
5
182
158
153
121
172
63
48
177
98
60
46
149
13
49
74
100
122
30
36
39
185
145
101
55
45
156
119
44
87
102
8
130
56
65
70
58
165
161
118
193
160
12
112
189
38
75
95
50
6
103
35
57
71
129
169
31
133
137
171
190
195
73
92
26
124
159
84
11
197
79
32
120
155
67
107
188
127
34
120
99
25
83
194
144
29
27
176
126
23
147
134
142
16
192
135
9
82
199
151
198
2
166
54
89
69
4
80
19
104
19
146
150
88
22
173
143
164
187
117
24
117
59
139
47
40
17
162
131
1
77
28
106
125
66
125
154
196
181
138
186
191
37
180
115
184
7
33
157
116
132
64
18
148
18
163
41
81
175
62
179
90
21
111 167
114 167
15 114
15 128
52 128
52 174
174 183
72 183
72 85
76 85
76 96
96 123
43 123
14 43
14 43
43 51
51 141
61 141
61 109
53 109
53 140
78 140
78 136
42 136
42 93
93 105
0 105
0 170
3 170
3 10
10 68
20 68
20 97
94 97
94 108
108 110
110 152
86 152
86 168
168 178
91 178
91 113
5 113
5 182
158 182
153 158
121 153
121 172
63 172
48 63
48 177
98 177
60 98
46 60
46 149
13 149
13 49
49 74
74 100
100 122
30 122
30 36
36 39
39 185
145 185
101 145
55 101
45 55
45 156
119 156
44 119
44 87
87 102
8 102
8 130
56 130
56 65
65 70
58 70
58 165
161 165
118 161
118 193
160 193
12 160
12 112
112 189
38 189
38 75
75 95
50 95
6 50
6 103
35 103
35 57
57 71
71 129
129 169
31 169
31 133
133 137
137 171
171 190
190 195
73 195
73 92
26 92
26 124
124 159
84 159
11 84
11 197
79 197
32 79
32 120
120 155
67 155
67 107
107 188
127 188
34 127
34 120
99 120
25 99
25 83
83 194
144 194
29 144
27 29
27 176
126 176
23 126
23 147
134 147
134 142
16 142
16 192
135 192
9 135
9 82
82 199
151 199
151 198
2 198
2 166
54 166
54 89
69 89
4 69
4 80
19 80
19 104
19 104
19 146
146 150
88 150
22 88
22 173
143 173
143 164
164 187
117 187
24 117
24 117
59 117
59 139
47 139
40 47
17 40
17 162
131 162
1 131
1 77
28 77
28 106
106 125
66 125
66 125
125 154
154 196
181 196
138 181
138 186
186 191
37 191
37 180
115 180
115 184
7 184
7 33
33 157
116 157
116 132
64 132
18 64
18 148
18 148
18 163
41 163
41 81
81 175
62 175
62 179
90 179
21 90
21 111
