116 116 1033
82
38
59
46
25
16
47
56
70
38
21
68
3
68
80
22
85
37
92
37
66
68
57
86
67
1
28
55
27
55
77
55
35
88
52
74
52
26
6
48
11
83
65
91
87
93
10
20
45
98
53
30
4
49
34
75
99
18
75
15
69
36
69
54
97
63
64
41
64
41
24
19
62
44
89
32
95
60
95
60
95
8
58
17
39
78
39
7
43
0
84
76
73
81
50
61
2
72
79
90
96
9
31
12
33
29
13
14
40
23
42
51
94
51
5
71
38 82
38 59
46 59
25 46
16 25
16 47
47 56
56 70
38 70
21 38
21 68
3 68
3 68
68 80
22 80
22 85
37 85
37 92
37 92
37 66
66 68
57 68
57 86
67 86
1 67
1 28
28 55
27 55
27 55
55 77
55 77
35 55
35 88
52 88
52 74
52 74
26 52
6 26
6 48
11 48
11 83
65 83
65 91
87 91
87 93
10 93
10 20
20 45
45 98
53 98
30 53
4 30
4 49
34 49
34 75
75 99
18 99
18 75
15 75
15 69
36 69
36 69
54 69
54 97
63 97
63 64
41 64
41 64
41 64
24 41
19 24
19 62
44 62
44 89
32 89
32 95
60 95
60 95
60 95
60 95
8 95
8 58
17 58
17 39
39 78
39 78
7 39
7 43
0 43
0 84
76 84
73 76
73 81
50 81
50 61
2 61
2 72
72 79
79 90
90 96
9 96
9 31
12 31
12 33
29 33
13 29
13 14
14 40
23 40
23 42
42 51
51 94
51 94
5 51
5 71
71 82
