100 100 933
0
1
2
3
4
5
6
7
8
9
10
11
12
13
14
15
16
17
18
19
20
21
22
23
24
25
26
27
28
29
30
31
32
33
34
35
36
37
38
39
40
41
42
43
44
45
46
47
48
49
50
51
52
53
54
55
56
57
58
59
60
61
62
63
64
65
66
67
68
69
70
71
72
73
74
75
76
77
78
79
80
81
82
83
84
85
86
87
88
89
90
91
92
93
94
95
96
97
98
99
0 43
0 98
1 8
1 28
2 66
2 85
3 52
3 54
4 34
4 47
5 74
5 95
6 14
6 99
7 9
7 57
8 53
9 83
10 13
10 71
11 64
11 72
12 32
12 86
13 42
14 99
15 35
15 45
16 46
16 80
17 51
17 56
18 19
18 93
19 71
20 21
20 39
21 35
22 48
22 90
23 30
23 65
24 55
24 94
25 62
25 79
26 65
26 79
27 68
27 93
28 89
29 56
29 61
30 49
31 44
31 87
32 95
33 37
33 51
34 58
36 68
36 92
37 87
38 44
38 85
39 76
40 49
40 84
41 62
41 89
42 70
43 81
45 98
46 69
47 75
48 75
50 78
50 88
52 54
53 84
55 96
57 83
58 76
59 73
59 97
60 67
60 77
61 63
63 72
64 74
66 70
67 77
69 80
73 97
78 88
81 91
82 86
82 90
91 92
94 96
