99 99 858
0
1
2
4
5
6
7
8
9
10
11
12
13
14
15
16
17
18
19
20
21
22
23
24
25
26
27
28
29
30
31
32
33
34
35
36
37
38
39
40
41
42
43
44
45
46
47
48
49
50
51
52
53
54
55
56
57
58
59
60
61
62
63
64
65
66
67
68
69
70
71
72
73
74
75
76
77
78
79
80
81
82
83
84
85
86
87
88
89
90
91
92
93
94
95
96
97
98
99
0 49
0 56
1 6
1 22
2 76
2 84
4 20
4 45
5 8
5 10
6 22
7 31
7 70
8 92
9 13
9 87
10 77
11 48
11 89
12 34
12 81
13 55
14 16
14 79
15 67
15 71
16 39
17 35
17 77
18 37
18 82
19 20
19 73
21 55
21 73
23 24
23 80
24 96
25 63
25 90
26 38
26 47
27 34
27 68
28 36
28 64
29 46
29 91
30 76
30 84
31 36
32 88
32 94
33 39
33 99
35 92
37 82
38 72
40 54
40 80
41 61
41 90
42 51
42 86
43 51
43 57
44 69
44 99
45 87
46 65
47 72
48 89
49 75
50 58
50 78
52 58
52 78
53 88
53 94
54 96
56 79
57 98
59 93
59 97
60 69
60 91
61 65
62 67
62 71
63 75
64 83
66 85
66 95
68 81
70 83
74 85
74 95
86 98
93 97
