197 197 1476
0
1
2
3
4
5
6
7
8
9
10
11
12
14
15
16
17
18
19
20
21
22
23
24
25
26
27
28
29
30
31
32
33
34
35
36
37
38
39
40
41
42
43
44
45
46
47
48
49
50
51
52
53
54
55
56
57
58
59
60
61
62
63
64
65
66
67
68
69
70
71
72
73
74
75
76
77
78
79
80
81
82
83
84
85
86
87
88
89
90
91
92
93
94
95
96
97
98
99
100
101
102
103
104
105
106
107
108
109
110
111
112
113
114
115
117
118
119
120
121
122
123
124
125
126
127
128
129
130
131
132
133
134
135
136
137
138
139
140
141
142
143
144
145
146
147
148
149
150
151
152
153
154
155
156
157
158
159
160
161
162
163
164
165
166
167
168
169
170
171
172
173
174
175
176
177
178
179
180
182
183
184
185
186
187
188
189
190
191
192
193
194
195
196
197
198
199
0 42
0 43
1 58
1 75
2 37
2 151
3 96
3 101
4 67
4 193
5 59
5 99
6 24
6 185
7 86
7 94
8 36
8 142
9 63
9 71
10 31
10 83
11 52
11 76
12 121
12 190
14 32
14 41
15 40
15 138
16 88
16 89
17 74
17 92
18 47
18 199
19 154
19 180
20 75
20 187
21 26
21 69
22 91
22 191
23 82
23 196
24 163
25 147
25 168
26 147
27 50
27 152
28 55
28 131
29 129
29 193
30 105
30 153
31 45
32 41
33 115
33 151
34 174
34 182
35 66
35 90
36 130
37 188
38 140
38 176
39 49
39 135
40 118
42 76
43 97
44 138
44 187
45 97
46 68
46 143
47 152
48 112
48 145
49 146
50 134
51 175
51 198
52 102
53 106
53 111
54 72
54 186
55 141
56 80
56 103
57 89
57 192
58 83
59 136
60 146
60 190
61 79
61 178
62 65
62 153
63 155
64 110
64 169
65 88
66 154
67 167
68 98
69 160
70 80
70 117
71 93
72 150
73 121
73 177
74 110
77 108
77 195
78 123
78 194
79 161
81 156
81 199
82 196
84 148
84 183
85 93
85 127
86 94
87 114
87 192
90 104
91 136
92 100
95 144
95 179
96 101
98 113
99 112
100 159
102 165
103 189
104 119
105 165
106 182
107 114
107 178
108 120
109 171
109 173
111 124
113 188
115 167
117 180
118 133
119 130
120 133
122 183
122 184
123 137
124 150
125 128
125 140
126 162
126 174
127 132
128 164
129 170
131 141
132 164
134 157
135 175
137 184
139 157
139 172
142 158
143 177
144 189
145 191
148 166
149 171
149 173
155 166
156 172
158 179
159 168
160 197
161 169
162 186
163 185
170 198
176 195
194 197
