53 53 1793
15
65
68
171
71
90
174
147
176
158
134
177
172
146
111
139
82
33
160
155
76
27
77
10
120
86
30
165
73
112
22
156
126
156
77
17
162
71
142
164
163
83
141
47
52
144
169
13
163
157
167
153
193
15 65
65 68
68 171
71 171
71 90
90 174
147 174
147 176
158 176
134 158
134 177
172 177
146 172
111 146
111 139
82 139
33 82
33 160
155 160
76 155
27 76
27 77
10 77
10 120
86 120
30 86
30 165
73 165
73 112
22 112
22 156
126 156
126 156
77 156
17 77
17 162
71 162
71 142
142 164
163 164
83 163
83 141
47 141
47 52
52 144
144 169
13 169
13 163
157 163
157 167
153 167
153 193
15 193
