200 200 1606
0
1
2
3
4
5
6
7
8
9
10
11
12
13
14
15
16
17
18
19
20
21
22
23
24
25
26
27
28
29
30
31
32
33
34
35
36
37
38
39
40
41
42
43
44
45
46
47
48
49
50
51
52
53
54
55
56
57
58
59
60
61
62
63
64
65
66
67
68
69
70
71
72
73
74
75
76
77
78
79
80
81
82
83
84
85
86
87
88
89
90
91
92
93
94
95
96
97
98
99
100
101
102
103
104
105
106
107
108
109
110
111
112
113
114
115
116
117
118
119
120
121
122
123
124
125
126
127
128
129
130
131
132
133
134
135
136
137
138
139
140
141
142
143
144
145
146
147
148
149
150
151
152
153
154
155
156
157
158
159
160
161
162
163
164
165
166
167
168
169
170
171
172
173
174
175
176
177
178
179
180
181
182
183
184
185
186
187
188
189
190
191
192
193
194
195
196
197
198
199
0 26
0 83
1 123
1 176
2 8
2 90
3 51
3 139
4 76
4 106
5 22
5 104
6 15
6 129
7 37
7 133
8 41
9 114
9 132
10 113
10 149
11 85
11 169
12 182
12 185
13 23
13 35
14 128
14 188
15 65
16 115
16 163
17 39
17 171
18 138
18 144
19 36
19 135
20 86
20 94
21 39
21 142
22 34
23 172
24 89
24 183
25 100
25 187
26 138
27 134
27 197
28 105
28 189
29 52
29 174
30 155
30 181
31 110
31 118
32 64
32 178
33 185
33 195
34 156
35 172
36 177
37 180
38 40
38 112
40 112
41 160
42 69
42 119
43 58
43 147
44 120
44 126
45 62
45 77
46 55
46 173
47 120
47 168
48 106
48 166
49 92
49 99
50 108
50 131
51 190
52 121
53 164
53 189
54 116
54 167
55 97
56 139
56 165
57 74
57 153
58 164
59 140
59 177
60 108
60 131
61 63
61 150
62 66
63 97
64 96
65 105
66 102
67 84
67 85
68 73
68 134
69 72
70 107
70 135
71 74
71 78
72 119
73 102
75 79
75 99
76 137
77 91
78 163
79 115
80 126
80 162
81 160
81 199
82 88
82 109
83 113
84 193
86 174
87 129
87 145
88 145
89 183
90 103
91 151
92 176
93 192
93 197
94 111
95 109
95 157
96 127
98 117
98 191
100 184
101 181
101 194
103 173
104 154
107 179
110 168
111 125
114 132
116 162
117 144
118 149
121 192
122 123
122 140
124 128
124 142
125 198
127 171
130 153
130 186
133 180
136 156
136 196
137 167
141 175
141 195
143 159
143 165
146 166
146 169
147 191
148 158
148 193
150 190
151 157
152 170
152 198
154 186
155 178
158 161
159 188
161 184
170 194
175 179
182 196
187 199
