100 100 911
0
1
2
3
4
5
6
7
8
9
10
11
12
13
14
15
16
17
18
19
20
21
22
23
24
25
26
27
28
29
30
31
32
33
34
35
36
37
38
39
40
41
42
43
44
45
46
47
48
49
50
51
52
53
54
55
56
57
58
59
60
61
62
63
64
65
66
67
68
69
70
71
72
73
74
75
76
77
78
79
80
81
82
83
84
85
86
87
88
89
90
91
92
93
94
95
96
97
98
99
0 12
0 98
1 32
1 73
2 70
2 92
3 33
3 71
4 7
4 59
5 22
5 44
6 27
6 77
7 63
8 37
8 60
9 48
9 79
10 38
10 82
11 49
11 50
12 34
13 67
13 95
14 23
14 41
15 47
15 54
16 52
16 55
17 83
17 96
18 35
18 45
19 90
19 91
20 46
20 89
21 33
21 72
22 84
23 41
24 62
24 65
25 65
25 78
26 60
26 99
27 57
28 31
28 49
29 61
29 62
30 61
30 74
31 53
32 93
34 75
35 97
36 54
36 76
37 38
39 78
39 97
40 56
40 74
42 75
42 90
43 48
43 87
44 86
45 82
46 89
47 70
50 51
51 53
52 68
55 91
56 69
57 64
58 80
58 81
59 99
63 94
64 77
66 69
66 88
67 84
68 92
71 72
73 79
76 80
81 88
83 96
85 86
85 95
87 93
94 98
