199 199 2086
0
1
2
3
4
5
6
7
8
9
10
11
12
13
14
15
16
17
18
19
20
21
22
23
24
25
26
27
28
29
30
31
32
33
34
35
36
37
38
39
40
41
42
43
44
45
46
47
48
49
50
51
52
53
54
55
56
57
58
59
60
61
62
63
64
65
66
67
68
69
70
71
72
73
74
75
76
77
78
79
80
81
82
83
84
85
86
87
88
89
90
91
92
93
94
95
96
97
98
99
100
101
102
103
104
105
106
107
108
109
110
111
112
113
114
115
116
117
118
119
120
121
122
123
124
125
126
127
128
129
130
131
132
133
135
136
137
138
139
140
141
142
143
144
145
146
147
148
149
150
151
152
153
154
155
156
157
158
159
160
161
162
163
164
165
166
167
168
169
170
171
172
173
174
175
176
177
178
179
180
181
182
183
184
185
186
187
188
189
190
191
192
193
194
195
196
197
198
199
0 25
0 156
1 127
1 158
2 15
2 191
3 101
3 190
4 74
4 130
5 131
5 198
6 84
6 107
7 69
7 88
8 13
8 128
9 32
9 177
10 143
10 149
11 16
11 111
12 55
12 78
13 111
14 89
14 103
15 99
16 17
17 45
18 30
18 42
19 133
19 186
20 54
20 166
21 26
21 91
22 160
22 197
23 145
23 149
24 90
24 116
25 153
26 120
27 44
27 193
28 51
28 101
29 129
29 151
30 123
31 49
31 141
32 188
33 135
33 147
34 53
34 65
35 142
35 190
36 95
36 112
37 49
37 183
38 64
38 108
39 76
39 78
40 70
40 167
41 58
41 171
42 173
43 139
43 188
44 133
45 125
46 148
46 168
47 50
47 132
48 72
48 196
50 114
51 181
52 61
52 80
53 184
54 89
55 91
56 74
56 163
57 68
57 155
58 175
59 93
59 170
60 83
60 192
61 115
62 63
62 84
63 185
64 164
65 179
66 79
66 81
67 162
67 184
68 129
69 199
70 187
71 128
71 148
72 110
73 86
73 97
75 120
75 150
76 123
77 169
77 192
79 194
80 122
81 126
82 154
82 163
83 155
85 136
85 153
86 173
87 159
87 166
88 106
90 113
92 100
92 187
93 140
94 96
94 182
95 146
96 127
97 176
98 114
98 178
99 109
100 136
102 137
102 165
103 152
104 159
104 195
105 131
105 152
106 117
107 171
108 180
109 189
110 194
112 191
113 174
115 125
116 143
117 176
118 165
118 168
119 139
119 142
121 156
121 196
122 178
124 161
124 181
126 138
130 177
132 199
135 193
137 198
138 146
140 157
141 185
144 151
144 172
145 179
147 182
150 164
154 167
157 189
158 161
160 170
162 172
169 183
174 180
175 197
186 195
