196 371 11032
1
2
3
4
5
6
7
8
9
10
11
12
13
14
15
16
17
18
19
20
21
22
23
24
25
26
27
28
29
30
31
32
33
35
36
37
38
39
40
41
42
43
44
45
46
47
48
49
50
51
52
53
54
55
56
57
58
59
60
61
63
64
65
66
67
68
69
70
71
72
73
74
75
76
77
78
79
80
81
82
83
84
85
86
87
88
89
90
91
92
93
94
95
96
97
98
99
100
101
102
103
104
105
106
107
108
109
110
111
112
113
114
115
116
117
118
119
120
121
122
123
124
125
126
127
128
129
130
131
132
133
134
135
136
137
138
139
140
141
142
143
144
145
146
147
148
150
151
152
153
154
155
156
157
158
159
160
161
162
163
164
165
166
167
168
169
170
171
172
173
174
175
176
177
178
179
180
181
182
183
184
185
186
187
188
189
190
191
192
193
194
195
196
197
198
199
1 80
23 80
1 25
25 120
2 132
127 132
126 127
2 13
13 163
3 116
116 190
27 190
3 60
60 141
4 45
4 83
5 23
5 92
92 124
50 124
6 29
6 125
53 125
53 130
7 35
7 13
13 102
8 186
55 186
8 192
9 102
102 170
9 54
54 166
166 178
10 55
55 186
71 186
10 44
33 44
33 120
11 169
11 25
25 199
8 12
8 112
12 48
48 192
13 42
13 64
14 115
86 115
77 86
14 115
115 196
109 196
15 116
15 151
1 16
1 49
49 112
16 182
17 199
31 199
13 17
13 142
142 147
18 191
59 191
18 127
85 127
19 47
1 47
1 124
19 64
64 137
20 85
20 105
105 141
21 152
76 152
21 27
27 80
22 43
22 110
8 24
8 96
24 102
25 148
148 197
81 197
25 109
26 182
139 182
139 174
67 174
12 26
12 88
27 158
28 108
29 108
28 107
30 142
105 142
13 30
13 122
4 31
4 44
15 32
15 53
32 167
57 167
33 194
42 194
42 64
33 98
98 122
92 122
35 185
172 185
36 70
36 85
15 85
15 175
37 72
72 93
37 182
38 73
63 73
20 38
20 167
39 107
101 107
39 136
4 40
4 54
40 193
181 193
41 156
42 156
41 47
47 196
123 196
17 43
17 27
27 160
77 160
24 44
24 156
45 199
46 77
77 160
154 160
46 149
149 159
16 47
16 126
66 126
47 196
115 196
48 50
12 48
8 12
8 96
49 74
65 74
49 75
67 75
37 51
37 130
51 54
54 115
115 168
17 52
17 136
3 52
3 195
53 108
54 137
55 122
98 122
56 176
79 176
56 189
11 57
11 106
58 125
70 125
58 113
56 59
56 117
60 119
119 120
120 178
103 178
60 116
61 106
3 61
3 125
63 138
65 99
57 66
57 110
58 68
58 126
68 92
92 148
30 69
30 159
69 170
71 147
40 72
40 111
72 104
104 160
73 146
139 146
139 174
73 146
146 193
44 74
24 44
24 131
74 75
75 178
75 98
98 122
29 75
29 152
76 87
87 165
78 161
76 78
76 183
79 140
80 121
75 81
15 75
15 188
82 122
122 133
82 98
15 98
15 189
83 100
39 84
39 103
84 157
86 91
86 115
115 133
49 87
49 88
74 87
74 144
89 195
98 195
89 112
104 112
13 90
13 104
90 184
150 184
91 160
158 160
146 158
58 92
58 153
72 93
72 193
65 94
65 158
39 94
39 198
40 95
40 144
95 98
98 191
17 97
17 143
97 118
118 172
99 139
117 139
54 100
54 194
101 118
60 105
60 177
107 154
1 108
1 187
40 111
40 139
139 142
18 113
18 164
114 121
114 129
115 128
110 118
110 185
90 119
90 143
60 119
29 60
29 173
123 190
11 124
11 194
116 125
116 160
127 132
132 157
127 183
123 128
123 156
129 185
13 131
13 110
110 176
132 150
109 150
109 196
132 198
132 134
132 171
134 186
186 187
77 135
77 160
160 165
135 167
138 166
40 139
40 168
139 188
97 140
97 169
69 142
69 151
145 152
145 166
146 171
148 174
110 150
110 176
94 153
94 184
45 155
45 179
155 190
99 161
99 191
13 162
13 131
131 186
159 162
159 197
72 163
39 72
39 184
164 186
173 181
175 180
116 177
3 116
3 196
179 180
37 195
37 197
