93 93 1036
0
1
2
3
4
5
6
7
8
10
12
14
15
16
17
18
19
20
21
22
23
24
25
27
28
29
30
31
32
33
34
35
36
37
38
40
41
42
43
44
45
46
47
48
49
50
51
52
53
54
55
57
58
59
60
61
62
63
64
65
66
67
68
69
70
71
72
73
74
75
76
77
78
79
80
81
83
84
85
86
87
88
89
90
91
92
93
94
95
96
97
98
99
0 22
0 76
1 18
1 81
2 19
2 72
3 45
3 47
4 10
4 52
5 23
5 95
6 14
6 51
7 37
7 75
8 53
8 69
10 12
12 88
14 38
15 58
15 71
16 53
16 97
17 40
17 77
18 83
19 80
20 79
20 86
21 35
21 74
22 93
23 54
24 48
24 98
25 91
25 96
27 44
27 60
28 33
28 78
29 66
29 84
30 38
30 90
31 41
31 57
32 49
32 75
33 80
34 48
34 98
35 94
36 79
36 86
37 43
40 89
41 42
42 57
43 50
44 96
45 69
46 62
46 68
47 92
49 55
50 76
51 65
52 73
54 67
55 72
58 59
59 85
60 92
61 67
61 95
62 68
63 71
63 88
64 70
64 99
65 90
66 84
70 99
73 87
74 77
78 97
81 89
83 94
85 87
91 93
