76 76 1254
1
2
4
5
8
9
10
11
12
13
15
16
17
19
24
25
26
27
28
29
30
31
33
34
35
36
38
40
43
44
45
47
48
49
50
51
52
53
54
55
56
57
58
59
60
61
62
63
64
66
67
69
70
71
72
73
74
75
76
77
78
79
81
83
84
85
86
87
88
89
91
92
93
96
97
99
1 87
1 92
2 16
2 36
4 57
4 88
5 12
5 54
8 52
8 74
9 45
9 78
10 13
10 81
11 48
11 70
12 97
13 83
15 26
15 30
16 59
17 73
17 77
19 55
19 69
24 44
24 72
25 67
25 86
26 69
27 60
27 85
28 45
28 84
29 47
29 88
30 48
31 38
31 85
33 53
33 86
34 50
34 56
35 70
35 74
36 79
38 54
40 47
40 72
43 50
43 84
44 79
49 62
49 91
51 91
51 93
52 71
53 75
55 96
56 60
57 89
58 71
58 77
59 64
61 73
61 93
62 67
63 87
63 97
64 83
66 89
66 99
75 99
76 78
76 81
92 96
