199 199 1520
0
1
2
3
4
5
6
7
8
9
10
11
12
13
14
15
16
17
18
19
20
21
22
23
24
25
26
27
28
29
30
31
32
33
34
35
36
37
38
39
40
41
42
43
44
45
46
47
48
49
50
51
52
53
54
55
56
57
58
59
60
61
62
63
64
65
66
67
68
69
70
71
72
73
74
75
76
77
78
79
80
81
82
83
84
85
86
87
88
89
90
91
92
93
94
95
96
97
98
99
100
101
102
103
104
105
106
107
108
109
110
111
112
113
114
115
116
117
118
119
120
121
122
123
124
125
126
127
128
129
130
131
132
133
134
135
136
137
138
139
140
141
142
143
144
145
146
147
148
149
150
151
152
153
154
156
157
158
159
160
161
162
163
164
165
166
167
168
169
170
171
172
173
174
175
176
177
178
179
180
181
182
183
184
185
186
187
188
189
190
191
192
193
194
195
196
197
198
199
0 48
0 190
1 22
1 108
2 9
2 153
3 44
3 179
4 121
4 128
5 52
5 175
6 72
6 149
7 122
7 126
8 62
8 91
9 119
10 112
10 180
11 60
11 134
12 73
12 144
13 38
13 47
14 19
14 141
15 101
15 183
16 48
16 140
17 54
17 191
18 39
18 99
19 141
20 29
20 98
21 122
21 133
22 27
23 179
23 197
24 51
24 139
25 34
25 158
26 108
26 166
27 174
28 76
28 145
29 98
30 100
30 128
31 53
31 172
32 138
32 186
33 60
33 150
34 145
35 90
35 143
36 65
36 96
37 115
37 143
38 47
39 65
40 79
40 117
41 84
41 165
42 62
42 85
43 132
43 154
44 197
45 159
45 170
46 49
46 146
49 146
50 104
50 161
51 113
52 185
53 75
54 105
55 129
55 137
56 72
56 164
57 90
57 118
58 119
58 148
59 114
59 162
61 152
61 168
63 131
63 156
64 68
64 82
66 88
66 140
67 189
67 199
68 116
69 81
69 85
70 135
70 151
71 101
71 183
73 144
74 129
74 177
75 187
76 142
77 92
77 194
78 116
78 117
79 109
80 86
80 103
81 195
82 135
83 91
83 139
84 165
86 124
87 110
87 123
88 93
89 136
89 151
92 176
93 125
94 121
94 181
95 178
95 193
96 178
97 100
97 173
99 112
102 110
102 147
103 124
104 161
105 188
106 182
106 190
107 133
107 142
109 136
111 147
111 175
113 169
114 162
115 118
120 131
120 167
123 199
125 195
126 158
127 184
127 191
130 174
130 187
132 154
134 188
137 156
138 193
148 171
149 153
150 160
152 163
157 166
157 172
159 198
160 164
163 168
167 185
169 184
170 198
171 196
173 192
176 194
177 196
180 181
182 189
186 192
