163 163 1974
0
1
3
4
5
7
8
9
10
12
13
14
15
16
17
18
19
20
21
22
23
24
25
26
27
28
29
30
32
34
35
36
37
38
39
40
41
42
43
44
45
46
47
48
49
50
51
52
53
54
55
56
57
58
59
61
62
63
65
66
68
69
70
71
72
73
74
75
76
77
79
80
81
84
85
86
87
89
91
92
93
95
96
97
98
99
100
101
103
104
105
106
107
108
109
111
112
113
114
117
118
119
120
123
127
128
129
130
133
134
135
136
138
139
141
142
143
144
145
146
149
150
151
153
154
155
156
157
158
159
160
161
162
166
167
169
170
171
172
173
174
175
176
177
178
179
181
182
183
184
185
186
188
189
190
191
192
193
194
195
196
198
199
0 35
0 154
1 43
1 51
3 63
3 146
4 134
4 184
5 23
5 96
7 12
7 43
8 16
8 170
9 89
9 112
10 95
10 142
12 109
13 146
13 173
14 73
14 151
15 26
15 99
16 20
17 93
17 107
18 59
18 106
19 48
19 87
20 109
21 40
21 41
22 44
22 175
23 178
24 91
24 188
25 49
25 166
26 59
27 28
27 89
28 111
29 172
29 183
30 68
30 80
32 74
32 171
34 37
34 191
35 36
36 153
37 101
38 105
38 176
39 62
39 173
40 123
41 198
42 46
42 193
44 113
45 129
45 171
46 177
47 112
47 139
48 54
49 174
50 80
50 167
51 182
52 100
52 150
53 119
53 166
54 186
55 61
55 191
56 135
56 192
57 97
57 157
58 84
58 198
61 65
62 145
63 130
65 71
66 144
66 183
68 71
69 114
69 161
70 72
70 158
72 104
73 143
74 153
75 120
75 129
76 133
76 139
77 87
77 178
79 192
79 195
81 155
81 179
84 177
85 113
85 190
86 128
86 189
91 100
92 136
92 181
93 176
95 149
96 172
97 141
98 108
98 196
99 158
101 194
103 138
103 169
104 188
105 133
106 160
107 159
108 175
111 184
114 143
117 120
117 193
118 127
118 154
119 170
123 134
127 156
128 196
130 179
135 145
136 194
138 155
141 181
142 189
144 195
149 151
150 190
156 169
157 199
159 160
161 162
162 174
167 185
182 199
185 186
