173 173 1780
0
1
2
3
4
5
6
7
8
9
10
11
13
14
15
16
17
19
20
21
23
24
25
26
28
30
31
32
33
34
35
36
38
39
40
41
42
43
44
46
47
48
49
51
52
53
54
55
56
57
58
59
60
61
62
64
65
66
68
69
70
71
73
74
75
76
78
79
80
81
82
84
85
86
87
89
91
92
93
94
96
98
99
100
101
102
103
104
105
106
107
108
109
110
111
112
113
114
115
116
118
119
120
121
122
123
124
125
128
129
130
131
132
133
134
135
136
137
138
139
141
142
143
144
145
146
147
148
150
151
152
153
154
155
157
158
159
160
161
162
164
165
166
167
168
169
170
171
172
173
174
175
176
177
178
179
180
181
182
183
184
185
186
187
188
189
190
192
193
194
196
198
199
0 139
0 178
1 86
1 135
2 60
2 129
3 71
3 173
4 7
4 96
5 102
5 155
6 122
6 130
7 114
8 15
8 21
9 69
9 115
10 52
10 113
11 119
11 139
13 44
13 118
14 23
14 147
15 168
16 84
16 113
17 123
17 167
19 34
19 174
20 30
20 60
21 136
23 120
24 168
24 194
25 28
25 116
26 47
26 108
28 121
30 53
31 48
31 104
32 54
32 188
33 81
33 155
34 108
35 42
35 170
36 46
36 69
38 134
38 181
39 66
39 105
40 51
40 134
41 114
41 165
42 109
43 68
43 79
44 68
46 81
47 150
48 64
49 112
49 159
51 170
52 151
53 185
54 73
55 110
55 167
56 130
56 133
57 118
57 119
58 91
58 98
59 143
59 189
61 78
61 179
62 79
62 166
64 121
65 70
65 120
66 177
70 176
71 106
73 135
74 93
74 196
75 107
75 178
76 101
76 193
78 107
80 150
80 165
82 160
82 187
84 111
85 86
85 111
87 94
87 158
89 161
89 175
91 172
92 153
92 171
93 162
94 154
96 103
98 146
99 148
99 180
100 110
100 128
101 125
102 169
103 183
104 158
105 193
106 147
109 157
112 185
115 141
116 157
122 187
123 142
124 132
124 181
125 138
128 184
129 144
131 153
131 173
132 183
133 142
136 164
137 141
137 188
138 146
143 186
144 186
145 190
145 194
148 172
151 171
152 179
152 184
154 162
159 176
160 199
161 198
164 180
166 198
169 192
174 177
175 192
182 189
182 196
190 199
