Error code = 10013
Unable to write to file './output/N50D0.3K0T0P0.1/model.lp'

50 50 1016
0
1
2
3
4
5
6
7
8
9
10
11
12
13
14
15
16
17
18
19
20
21
22
23
24
25
26
27
28
29
30
31
32
33
34
35
36
37
38
39
40
41
42
43
44
45
46
47
48
49
0 3
0 6
1 7
1 49
2 36
2 38
3 42
4 22
4 41
5 13
5 37
6 12
7 25
8 16
8 22
9 47
9 48
10 28
10 32
11 28
11 30
12 37
13 21
14 17
14 19
15 43
15 48
16 39
17 23
18 31
18 32
19 23
20 25
20 45
21 35
24 42
24 46
26 29
26 39
27 30
27 35
29 44
31 41
33 34
33 47
34 43
36 38
40 46
40 49
44 45
