59 59 903
2
46
25
26
22
9
10
3
40
32
14
18
32
42
0
38
43
13
29
13
20
13
41
17
49
35
27
7
11
23
12
44
21
39
24
16
45
16
47
33
28
34
19
8
31
15
31
4
48
36
5
1
6
30
6
37
46
2
46
2 46
25 46
25 26
22 26
9 22
9 10
3 10
3 40
32 40
14 32
14 18
18 32
32 42
0 42
0 38
38 43
13 43
13 29
13 29
13 20
13 20
13 41
17 41
17 49
35 49
27 35
7 27
7 11
11 23
12 23
12 44
21 44
21 39
24 39
16 24
16 45
16 45
16 47
33 47
28 33
28 34
19 34
8 19
8 31
15 31
15 31
4 31
4 48
36 48
5 36
1 5
1 6
6 30
6 30
6 37
37 46
2 46
2 46
2 46
