100 100 903
0
1
2
3
4
5
6
7
8
9
10
11
12
13
14
15
16
17
18
19
20
21
22
23
24
25
26
27
28
29
30
31
32
33
34
35
36
37
38
39
40
41
42
43
44
45
46
47
48
49
50
51
52
53
54
55
56
57
58
59
60
61
62
63
64
65
66
67
68
69
70
71
72
73
74
75
76
77
78
79
80
81
82
83
84
85
86
87
88
89
90
91
92
93
94
95
96
97
98
99
0 73
0 90
1 3
1 96
2 25
2 97
3 15
4 55
4 93
5 46
5 68
6 70
6 91
7 61
7 80
8 26
8 69
9 49
9 97
10 11
10 37
11 72
12 17
12 21
13 23
13 59
14 62
14 88
15 36
16 29
16 41
17 85
18 56
18 98
19 32
19 89
20 40
20 66
21 40
22 57
22 78
23 82
24 65
24 72
25 60
26 35
27 66
27 81
28 50
28 65
29 37
30 32
30 89
31 71
31 83
33 67
33 77
34 52
34 76
35 69
36 58
38 63
38 76
39 45
39 52
41 68
42 51
42 85
43 53
43 64
44 82
44 90
45 93
46 81
47 61
47 87
48 78
48 84
49 51
50 59
53 60
54 55
54 63
56 98
57 84
58 95
62 88
64 74
67 77
70 99
71 83
73 74
75 92
75 94
79 86
79 95
80 87
86 96
91 99
92 94
