71 71 1098
0
1
2
3
4
5
9
10
11
12
15
17
19
20
21
22
23
24
28
29
30
31
33
34
35
36
37
38
39
42
43
44
46
47
48
49
50
52
53
54
55
56
59
62
63
64
65
67
68
70
71
72
74
76
78
79
80
81
82
83
84
85
86
90
91
94
95
96
97
98
99
0 10
0 20
1 12
1 30
2 38
2 63
3 47
3 96
4 62
4 94
5 29
5 31
9 65
9 68
10 43
11 24
11 90
12 34
15 19
15 78
17 55
17 83
19 85
20 39
21 28
21 54
22 47
22 99
23 35
23 71
24 52
28 53
29 44
30 34
31 44
33 67
33 84
35 72
36 74
36 97
37 49
37 52
38 63
39 79
42 50
42 80
43 56
46 74
46 86
48 85
48 98
49 90
50 59
53 54
55 76
56 81
59 91
62 94
64 67
64 70
65 68
70 81
71 84
72 83
76 78
79 95
80 91
82 95
82 96
86 99
97 98
