74 74 938
1
2
3
6
7
8
10
13
17
18
19
20
21
22
23
24
25
26
27
29
31
32
33
34
36
37
38
40
41
42
43
44
45
46
47
48
50
53
54
55
56
57
58
59
60
61
62
63
65
68
70
71
72
73
74
75
76
77
79
80
81
83
84
86
89
90
91
92
93
94
96
97
98
99
1 7
1 48
2 25
2 43
3 86
3 90
6 31
6 73
7 68
8 57
8 89
10 32
10 74
13 34
13 63
17 19
17 94
18 76
18 92
19 77
20 33
20 53
21 22
21 55
22 55
23 32
23 97
24 26
24 84
25 65
26 75
27 37
27 97
29 31
29 71
33 79
34 63
36 50
36 80
37 41
38 45
38 81
40 46
40 58
41 54
42 47
42 99
43 60
44 56
44 89
45 72
46 58
47 56
48 68
50 94
53 59
54 62
57 71
59 79
60 73
61 70
61 98
62 83
65 74
70 91
72 96
75 84
76 83
77 80
81 91
86 90
92 93
93 99
96 98
