196 196 1849
0
1
2
3
4
5
6
7
8
9
10
11
12
13
14
15
16
17
18
19
20
21
22
23
24
25
26
27
28
29
30
31
32
33
34
35
36
37
38
39
40
41
42
43
44
45
46
47
48
49
50
51
53
54
55
56
57
58
59
60
61
62
63
64
65
67
68
69
70
71
72
74
75
76
77
78
79
80
81
82
83
84
85
86
87
88
89
90
91
92
93
94
95
96
97
98
99
100
101
102
103
104
106
107
108
109
110
111
112
113
114
115
116
117
118
119
120
121
122
123
124
125
126
127
128
129
130
131
132
133
134
135
136
137
138
139
140
141
142
143
144
145
146
147
148
149
150
151
152
153
154
155
156
157
158
159
160
161
162
163
164
165
166
167
168
169
170
171
172
173
174
175
176
177
178
179
180
181
182
183
184
185
186
187
188
189
190
191
192
193
194
195
196
197
198
199
0 128
0 156
1 25
1 110
2 59
2 175
3 53
3 90
4 175
4 194
5 100
5 150
6 169
6 186
7 11
7 115
8 28
8 132
9 148
9 192
10 96
10 149
11 179
12 17
12 82
13 50
13 103
14 144
14 161
15 140
15 142
16 64
16 123
17 89
18 54
18 79
19 187
19 196
20 106
20 124
21 74
21 119
22 93
22 197
23 48
23 131
24 84
24 108
25 54
26 45
26 183
27 82
27 85
28 164
29 100
29 118
30 159
30 162
31 40
31 198
32 35
32 108
33 41
33 44
34 74
34 147
35 42
36 157
36 165
37 46
37 144
38 78
38 176
39 71
39 79
40 159
41 86
42 177
43 113
43 176
44 58
45 101
46 167
47 55
47 126
48 114
49 174
49 178
50 145
51 152
51 162
53 187
55 95
56 57
56 134
57 171
58 71
59 173
60 107
60 191
61 124
61 199
62 96
62 172
63 75
63 160
64 134
65 99
65 171
67 146
67 192
68 180
68 197
69 98
69 150
70 120
70 141
72 87
72 188
75 196
76 127
76 191
77 89
77 114
78 87
80 119
80 133
81 104
81 112
83 164
83 178
84 92
85 88
86 170
88 186
90 185
91 135
91 182
92 111
93 117
94 153
94 179
95 166
97 147
97 170
98 174
99 166
101 193
102 121
102 129
103 149
104 145
106 168
107 130
109 131
109 137
110 148
111 152
112 167
113 154
115 121
116 138
116 139
117 135
118 129
120 122
122 141
123 177
125 184
125 189
126 163
127 136
128 160
130 158
132 194
133 157
136 165
137 199
138 139
140 142
143 151
143 195
146 158
151 154
153 182
155 183
155 193
156 185
161 190
163 188
168 181
169 173
172 181
180 195
184 189
190 198
