198 198 1993
0
1
2
3
4
5
6
7
8
9
10
11
12
13
14
15
16
17
18
19
20
21
22
23
24
25
26
27
28
29
30
31
32
33
34
35
36
37
38
39
41
42
43
44
45
46
47
48
49
50
51
52
53
54
55
56
57
58
59
60
61
62
63
64
65
66
67
68
69
71
72
73
74
75
76
77
78
79
80
81
82
83
84
85
86
87
88
89
90
91
92
93
94
95
96
97
98
99
100
101
102
103
104
105
106
107
108
109
110
111
112
113
114
115
116
117
118
119
120
121
122
123
124
125
126
127
128
129
130
131
132
133
134
135
136
137
138
139
140
141
142
143
144
145
146
147
148
149
150
151
152
153
154
155
156
157
158
159
160
161
162
163
164
165
166
167
168
169
170
171
172
173
174
175
176
177
178
179
180
181
182
183
184
185
186
187
188
189
190
191
192
193
194
195
196
197
198
199
0 28
0 94
1 144
1 173
2 135
2 176
3 89
3 174
4 23
4 185
5 21
5 98
6 140
6 153
7 82
7 110
8 10
8 166
9 52
9 196
10 58
11 25
11 41
12 36
12 106
13 41
13 64
14 106
14 126
15 108
15 171
16 89
16 105
17 111
17 198
18 22
18 88
19 48
19 111
20 167
20 190
21 181
22 154
23 139
24 159
24 188
25 128
26 69
26 78
27 156
27 176
28 57
29 155
29 157
30 65
30 178
31 114
31 150
32 48
32 164
33 53
33 142
34 130
34 133
35 120
35 133
36 148
37 85
37 118
38 66
38 77
39 74
39 147
42 174
42 197
43 110
43 146
44 86
44 179
45 143
45 191
46 90
46 115
47 93
47 142
49 84
49 159
50 141
50 162
51 117
51 182
52 79
53 160
54 147
54 185
55 163
55 193
56 61
56 98
57 84
58 77
59 87
59 189
60 125
60 132
61 183
62 66
62 96
63 71
63 76
64 195
65 162
67 79
67 135
68 117
68 150
69 81
71 99
72 99
72 124
73 119
73 179
74 116
75 95
75 114
76 87
78 97
80 91
80 145
81 126
82 92
83 100
83 188
85 154
86 121
88 152
90 168
91 177
92 198
93 156
94 105
95 175
96 134
97 138
100 112
101 129
101 189
102 134
102 153
103 121
103 158
104 122
104 140
107 130
107 170
108 191
109 143
109 194
112 171
113 131
113 173
115 122
116 165
118 123
119 184
120 132
123 136
124 139
125 152
127 145
127 146
128 192
129 166
131 161
136 193
137 170
137 199
138 195
141 165
144 148
149 172
149 177
151 168
151 187
155 197
157 199
158 186
160 187
161 172
163 169
164 183
167 169
175 190
178 180
180 192
181 186
182 184
194 196
