70 70 1098
7
47
30
34
69
53
25
65
54
39
41
2
51
67
93
92
49
43
88
28
13
46
14
44
9
71
98
71
91
4
3
4
38
35
95
19
63
96
55
78
36
74
36
78
36
48
36
66
20
75
90
61
8
77
12
76
17
45
23
99
33
31
60
10
1
97
33
31
84
83
7 47
30 47
30 34
34 69
53 69
25 53
25 65
54 65
39 54
39 41
2 41
2 51
51 67
67 93
92 93
49 92
43 49
43 88
28 88
13 28
13 46
14 46
14 44
9 44
9 71
71 98
71 98
71 91
4 91
3 4
3 4
4 38
35 38
35 95
19 95
19 63
63 96
55 96
55 78
36 78
36 74
36 74
36 78
36 78
36 48
36 48
36 66
20 66
20 75
75 90
61 90
8 61
8 77
12 77
12 76
17 76
17 45
23 45
23 99
33 99
31 33
31 60
10 60
1 10
1 97
33 97
31 33
31 84
83 84
7 83
