100 100 951
0
1
2
3
4
5
6
7
8
9
10
11
12
13
14
15
16
17
18
19
20
21
22
23
24
25
26
27
28
29
30
31
32
33
34
35
36
37
38
39
40
41
42
43
44
45
46
47
48
49
50
51
52
53
54
55
56
57
58
59
60
61
62
63
64
65
66
67
68
69
70
71
72
73
74
75
76
77
78
79
80
81
82
83
84
85
86
87
88
89
90
91
92
93
94
95
96
97
98
99
0 17
0 28
1 44
1 98
2 23
2 64
3 8
3 12
4 13
4 78
5 49
5 84
6 37
6 88
7 66
7 68
8 12
9 60
9 86
10 66
10 68
11 75
11 87
13 78
14 80
14 99
15 65
15 73
16 25
16 26
17 86
18 42
18 43
19 45
19 90
20 79
20 82
21 47
21 56
22 23
22 74
24 63
24 81
25 89
26 38
27 85
27 94
28 44
29 30
29 61
30 46
31 33
31 92
32 46
32 60
33 59
34 59
34 65
35 50
35 71
36 85
36 94
37 43
38 58
39 41
39 47
40 80
40 97
41 77
42 95
45 69
48 52
48 54
49 76
50 71
51 61
51 97
52 54
53 58
53 62
55 72
55 73
56 76
57 74
57 91
62 83
63 99
64 70
67 84
67 96
69 90
70 95
72 93
75 87
77 89
79 82
81 98
83 93
88 96
91 92
