199 199 1266
0
1
2
3
4
5
6
7
8
9
10
11
12
13
14
15
16
17
18
19
20
21
22
23
24
25
26
27
28
29
30
31
32
33
34
35
36
37
38
39
40
41
42
43
44
45
46
47
48
49
50
51
52
53
54
55
56
57
58
59
60
61
62
63
64
65
66
67
68
69
70
71
72
74
75
76
77
78
79
80
81
82
83
84
85
86
87
88
89
90
91
92
93
94
95
96
97
98
99
100
101
102
103
104
105
106
107
108
109
110
111
112
113
114
115
116
117
118
119
120
121
122
123
124
125
126
127
128
129
130
131
132
133
134
135
136
137
138
139
140
141
142
143
144
145
146
147
148
149
150
151
152
153
154
155
156
157
158
159
160
161
162
163
164
165
166
167
168
169
170
171
172
173
174
175
176
177
178
179
180
181
182
183
184
185
186
187
188
189
190
191
192
193
194
195
196
197
198
199
0 15
0 177
1 10
1 194
2 52
2 138
3 9
3 170
4 35
4 151
5 122
5 199
6 78
6 119
7 46
7 126
8 90
8 198
9 30
10 157
11 59
11 146
12 71
12 156
13 25
13 182
14 25
14 86
15 70
16 82
16 107
17 92
17 153
18 88
18 127
19 39
19 108
20 66
20 184
21 115
21 138
22 52
22 113
23 116
23 150
24 47
24 197
26 51
26 148
27 119
27 192
28 42
28 129
29 68
29 160
30 170
31 103
31 136
32 169
32 193
33 132
33 155
34 83
34 180
35 38
36 81
36 89
37 161
37 195
38 115
39 197
40 79
40 186
41 162
41 171
42 47
43 142
43 191
44 174
44 190
45 61
45 183
46 144
48 62
48 74
49 80
49 159
50 148
50 193
51 102
53 163
53 164
54 139
54 141
55 61
55 109
56 99
56 188
57 60
57 121
58 84
58 117
59 100
60 131
62 149
63 91
63 124
64 145
64 156
65 70
65 198
66 158
67 137
67 166
68 160
69 77
69 80
71 150
72 135
72 137
74 173
75 97
75 187
76 141
76 154
77 92
78 133
79 108
81 189
82 93
83 191
84 180
85 172
85 189
86 113
87 106
87 152
88 142
89 105
90 168
91 139
93 181
94 110
94 163
95 110
95 175
96 125
96 172
97 187
98 167
98 192
99 188
100 101
101 103
102 169
104 120
104 182
105 114
106 178
107 130
109 147
111 185
111 199
112 133
112 167
114 132
116 145
117 127
118 185
118 186
120 140
121 166
122 177
123 168
123 183
124 154
125 165
126 152
128 134
128 143
129 176
130 151
131 159
134 143
135 184
136 173
140 149
144 178
146 176
147 181
153 165
155 158
157 194
161 195
162 171
164 179
174 196
175 179
190 196
