98 98 1101
0
1
2
3
4
5
6
7
8
9
10
11
12
13
14
15
16
17
18
20
21
22
23
24
25
26
27
28
29
30
31
32
33
34
35
36
37
38
39
40
41
42
43
44
45
46
47
48
49
50
51
52
53
54
55
56
57
58
59
60
61
62
63
64
65
67
68
69
70
71
72
73
74
75
76
77
78
79
80
81
82
83
84
85
86
87
88
89
90
91
92
93
94
95
96
97
98
99
0 4
0 56
1 16
1 94
2 49
2 63
3 22
3 98
4 14
5 40
5 81
6 13
6 90
7 12
7 45
8 11
8 36
9 47
9 48
10 62
10 98
11 92
12 20
13 86
14 90
15 59
15 99
16 34
17 23
17 50
18 44
18 73
20 49
21 41
21 72
22 51
23 67
24 25
24 29
25 95
26 68
26 87
27 38
27 54
28 64
28 69
29 84
30 91
30 93
31 43
31 71
32 52
32 74
33 70
33 79
34 78
35 60
35 76
36 65
37 40
37 84
38 59
39 78
39 94
41 57
42 70
42 88
43 71
44 80
45 76
46 57
46 75
47 63
48 89
50 96
51 61
52 74
53 56
53 83
54 69
55 64
55 93
58 61
58 82
60 82
62 85
65 67
68 73
72 85
75 79
77 80
77 83
81 97
86 96
87 92
88 99
89 91
95 97
