196 196 1461
0
1
2
3
4
5
6
7
8
9
10
11
12
13
14
15
16
17
18
19
20
21
22
23
24
25
26
27
28
29
30
31
32
33
34
35
36
37
38
39
40
42
43
44
45
46
47
48
49
50
51
52
53
54
55
56
57
58
60
61
62
63
64
65
66
67
68
69
70
71
72
73
74
75
76
77
78
79
80
81
82
83
84
85
86
87
88
89
90
91
92
93
94
95
96
97
98
99
100
101
102
103
104
105
106
107
108
109
110
111
112
113
114
115
116
117
118
119
120
121
122
123
124
125
126
127
128
129
130
131
132
133
134
135
136
137
138
139
140
141
142
143
144
145
146
147
148
149
151
152
153
154
155
156
157
158
159
160
161
162
163
164
165
166
167
168
169
170
171
172
173
174
175
176
178
179
180
181
182
183
184
185
186
187
188
189
190
191
192
193
194
195
196
197
198
199
0 72
0 105
1 4
1 188
2 73
2 79
3 64
3 82
4 17
5 55
5 134
6 73
6 192
7 38
7 60
8 152
8 153
9 67
9 137
10 19
10 182
11 160
11 165
12 111
12 169
13 75
13 147
14 181
14 192
15 45
15 46
16 18
16 39
17 188
18 75
19 58
20 85
20 138
21 81
21 104
22 142
22 173
23 140
23 199
24 133
24 189
25 124
25 163
26 27
26 155
27 38
28 32
28 95
29 92
29 183
30 57
30 142
31 135
31 170
32 102
33 101
33 103
34 94
34 131
35 47
35 101
36 148
36 187
37 43
37 196
39 86
40 61
40 175
42 109
42 166
43 115
44 78
44 199
45 134
46 55
47 175
48 89
48 146
49 70
49 108
50 95
50 120
51 193
51 194
52 93
52 105
53 164
53 179
54 66
54 90
56 121
56 145
57 96
58 128
60 71
61 178
62 106
62 159
63 68
63 112
64 167
65 130
65 135
66 173
67 157
68 154
69 155
69 157
70 194
71 100
72 99
74 80
74 116
76 112
76 180
77 110
77 122
78 126
79 163
80 116
81 97
82 91
83 149
83 156
84 85
84 162
86 171
87 168
87 198
88 122
88 184
89 195
90 133
91 186
92 143
93 99
94 130
96 178
97 104
98 118
98 144
100 124
102 127
103 181
106 172
107 114
107 191
108 152
109 166
110 132
111 151
113 131
113 132
114 158
115 196
117 140
117 153
118 182
119 161
119 190
120 127
121 176
123 154
123 172
125 129
125 137
126 162
128 195
129 139
136 183
136 186
138 161
139 164
141 147
141 171
143 197
144 187
145 176
146 148
149 156
151 179
158 190
159 174
160 174
165 180
167 197
168 185
169 189
170 193
184 191
185 198
