96 96 1071
0
1
2
3
4
5
6
7
8
9
10
11
12
13
14
15
16
17
18
19
20
21
22
23
24
25
26
27
28
29
31
32
33
34
35
36
37
38
39
40
41
42
43
44
45
46
47
49
50
51
52
53
54
55
56
57
58
60
61
62
63
64
65
66
67
68
69
70
71
72
73
74
76
77
78
79
80
81
82
83
84
85
86
87
88
89
90
91
92
93
94
95
96
97
98
99
0 28
0 37
1 9
1 38
2 15
2 93
3 7
3 74
4 44
4 89
5 15
5 93
6 9
6 41
7 67
8 63
8 99
10 53
10 54
11 27
11 47
12 40
12 70
13 49
13 88
14 16
14 86
16 45
17 34
17 87
18 39
18 98
19 87
19 90
20 36
20 43
21 45
21 53
22 78
22 94
23 46
23 51
24 25
24 65
25 56
26 40
26 47
27 64
28 42
29 32
29 44
31 76
31 84
32 52
33 71
33 99
34 68
35 77
35 96
36 89
37 42
38 78
39 51
41 49
43 94
46 84
50 68
50 74
52 66
54 79
55 77
55 91
56 65
57 66
57 85
58 60
58 88
60 86
61 69
61 97
62 73
62 81
63 98
64 96
67 76
69 80
70 95
71 97
72 73
72 91
79 85
80 83
81 95
82 90
82 92
83 92
