100 100 1472
0
1
2
3
4
5
6
7
8
9
10
11
12
13
14
15
16
17
18
19
20
21
22
23
24
25
26
27
28
29
30
31
32
33
34
35
36
37
38
39
40
41
42
43
44
45
46
47
48
49
50
51
52
53
54
55
56
57
58
59
60
61
62
63
64
65
66
67
68
69
70
71
72
73
74
75
76
77
78
79
80
81
82
83
84
85
86
87
88
89
90
91
92
93
94
95
96
97
98
99
0 57
0 91
1 70
1 90
2 57
2 80
3 31
3 72
4 30
4 96
5 12
5 79
6 13
6 76
7 8
7 48
8 29
9 27
9 37
10 65
10 86
11 20
11 26
12 66
13 53
14 67
14 83
15 44
15 91
16 46
16 99
17 45
17 50
18 97
18 98
19 36
19 82
20 83
21 61
21 89
22 27
22 34
23 43
23 64
24 29
24 62
25 38
25 89
26 35
28 42
28 95
30 96
31 71
32 39
32 63
33 65
33 74
34 99
35 87
36 84
37 81
38 39
40 56
40 81
41 72
41 78
42 63
43 90
44 68
45 80
46 75
47 60
47 93
48 64
49 77
49 88
50 51
51 82
52 67
52 87
53 94
54 60
54 66
55 58
55 78
56 58
59 77
59 79
61 70
62 85
68 98
69 86
69 88
71 76
73 74
73 85
75 95
84 92
92 94
93 97
