99 99 1086
0
1
2
3
4
5
6
7
8
9
10
11
12
13
14
15
16
17
18
19
20
21
22
23
24
25
26
28
29
30
31
32
33
34
35
36
37
38
39
40
41
42
43
44
45
46
47
48
49
50
51
52
53
54
55
56
57
58
59
60
61
62
63
64
65
66
67
68
69
70
71
72
73
74
75
76
77
78
79
80
81
82
83
84
85
86
87
88
89
90
91
92
93
94
95
96
97
98
99
0 45
0 93
1 9
1 62
2 48
2 99
3 12
3 82
4 36
4 84
5 35
5 44
6 11
6 75
7 24
7 52
8 71
8 84
9 36
10 38
10 64
11 35
12 14
13 23
13 70
14 66
15 25
15 89
16 20
16 24
17 45
17 93
18 42
18 58
19 42
19 94
20 67
21 41
21 43
22 66
22 91
23 97
25 90
26 55
26 73
28 55
28 89
29 39
29 65
30 75
30 81
31 33
31 79
32 47
32 90
33 61
34 50
34 77
37 57
37 88
38 64
39 83
40 65
40 86
41 68
43 95
44 92
46 51
46 80
47 60
48 87
49 59
49 92
50 85
51 56
52 88
53 86
53 98
54 78
54 79
56 69
57 82
58 94
59 68
60 73
61 96
62 72
63 72
63 81
67 91
69 74
70 76
71 87
74 83
76 99
77 85
78 96
80 97
95 98
