100 136 4831
0
1
2
3
4
5
6
7
8
9
10
11
12
13
14
15
16
17
18
19
20
21
22
23
24
25
26
27
28
29
30
31
32
33
34
35
36
37
38
39
40
41
42
43
44
45
46
47
48
49
50
51
52
53
54
55
56
57
58
59
60
61
62
63
64
65
66
67
68
69
70
71
72
73
74
75
76
77
78
79
80
81
82
83
84
85
86
87
88
89
90
91
92
93
94
95
96
97
98
99
0 22
22 26
0 63
1 55
1 76
2 32
2 35
3 70
60 70
3 99
4 51
4 52
5 7
7 55
19 55
5 64
6 51
6 44
44 69
7 26
7 77
60 77
8 50
8 52
9 36
9 50
10 45
45 67
10 87
11 42
11 75
55 75
12 57
12 71
13 48
30 48
13 80
14 18
14 15
15 81
15 44
15 41
41 70
10 16
10 79
16 81
17 30
7 30
7 38
17 86
63 86
18 96
19 75
20 22
22 37
20 42
17 21
16 17
11 16
11 46
21 59
22 62
62 67
22 96
15 23
15 45
23 74
24 61
24 83
25 46
8 25
8 91
27 44
27 88
28 68
28 31
31 95
29 30
29 37
31 58
31 62
32 72
33 54
33 68
68 82
34 49
34 79
35 36
38 62
39 43
43 92
48 92
39 71
40 83
40 91
41 57
41 78
43 74
43 98
45 89
47 69
47 48
48 94
48 97
49 91
75 91
23 53
23 77
53 80
54 58
56 86
30 56
30 92
59 84
61 87
64 95
65 66
41 65
41 94
66 98
4 68
4 72
70 97
23 73
23 76
73 88
77 85
78 90
0 82
0 84
11 85
11 99
86 93
89 93
43 90
43 92
