94 94 919
0
1
2
3
4
5
6
7
8
9
10
11
12
13
14
15
16
17
18
19
20
21
22
24
25
27
28
29
30
31
32
33
34
35
37
38
39
40
41
42
43
44
45
46
47
48
49
50
51
52
53
54
55
56
57
58
59
61
62
63
64
65
66
67
68
69
70
71
72
73
74
75
76
77
78
79
80
82
83
84
85
86
87
88
89
91
92
93
94
95
96
97
98
99
0 52
0 63
1 3
1 84
2 59
2 91
3 92
4 83
4 88
5 68
5 70
6 51
6 95
7 54
7 64
8 76
8 78
9 31
9 33
10 27
10 56
11 57
11 97
12 79
12 86
13 45
13 62
14 73
14 87
15 38
15 61
16 20
16 78
17 22
17 49
18 24
18 44
19 46
19 48
20 88
21 62
21 69
22 80
24 94
25 40
25 75
27 56
28 54
28 64
29 37
29 53
30 50
30 82
31 89
32 42
32 47
33 51
34 47
34 77
35 65
35 92
37 55
38 39
39 61
40 98
41 67
41 80
42 93
43 66
43 69
44 74
45 79
46 48
49 91
50 68
52 63
53 87
55 58
57 97
58 99
59 84
65 71
66 86
67 74
70 89
71 76
72 93
72 98
73 99
75 96
77 95
82 85
83 96
85 94
