82 82 1608
142
167
152
40
162
192
147
75
182
62
134
199
197
153
149
133
114
117
73
168
165
157
131
143
103
108
179
156
92
26
155
57
129
166
65
186
12
112
123
21
32
183
176
93
174
67
24
121
52
187
38
177
185
17
164
13
132
102
39
191
7
31
101
118
181
173
141
158
141
158
74
71
84
63
163
193
188
193
20
139
47
110
142 167
152 167
40 152
40 162
162 192
147 192
75 147
75 182
62 182
62 134
134 199
197 199
153 197
149 153
133 149
114 133
114 117
73 117
73 168
165 168
157 165
131 157
131 143
103 143
103 108
108 179
156 179
92 156
26 92
26 155
57 155
57 129
129 166
65 166
65 186
12 186
12 112
112 123
21 123
21 32
32 183
176 183
93 176
93 174
67 174
24 67
24 121
52 121
52 187
38 187
38 177
177 185
17 185
17 164
13 164
13 132
102 132
39 102
39 191
7 191
7 31
31 101
101 118
118 181
173 181
141 173
141 158
141 158
141 158
74 158
71 74
71 84
63 84
63 163
163 193
188 193
188 193
20 193
20 139
47 139
47 110
110 142
