180 180 3101
0
1
2
3
4
5
6
7
8
9
10
11
12
14
15
16
17
18
19
20
21
22
23
24
25
26
27
28
30
31
32
33
34
35
36
37
38
39
40
41
42
43
44
45
46
47
48
49
50
51
52
53
54
55
56
57
58
60
61
64
65
66
67
68
69
70
71
72
73
74
75
76
77
78
79
80
81
82
83
84
85
86
87
88
89
90
91
93
94
95
97
98
99
101
102
103
104
105
106
107
109
110
111
112
113
115
116
117
118
119
121
122
124
125
126
127
128
129
130
131
132
133
135
136
138
139
140
141
143
144
145
146
147
149
150
151
152
153
154
155
156
158
159
160
161
163
164
165
166
167
168
169
170
171
172
173
174
175
176
177
178
179
180
181
182
184
185
186
187
188
189
190
192
193
194
195
196
197
198
199
0 117
0 156
1 141
1 186
2 38
2 39
3 133
3 170
4 52
4 80
5 19
5 147
6 71
6 101
7 66
7 180
8 130
8 131
9 80
9 112
10 130
10 177
11 20
11 32
12 19
12 53
14 43
14 163
15 42
15 188
16 37
16 145
17 50
17 83
18 84
18 182
20 60
21 73
21 124
22 30
22 132
23 132
23 138
24 87
24 107
25 78
25 128
26 98
26 160
27 34
27 176
28 67
28 184
30 51
31 39
31 122
32 189
33 180
33 187
34 56
35 105
35 128
36 78
36 185
37 103
38 49
40 119
40 160
41 51
41 177
42 170
43 144
44 46
44 126
45 140
45 176
46 171
47 127
47 152
48 110
48 178
49 101
50 173
52 184
53 173
54 85
54 129
55 94
55 179
56 57
57 178
58 70
58 111
60 199
61 118
61 121
64 112
64 197
65 91
65 115
66 136
67 133
68 149
68 171
69 83
69 159
70 146
71 147
72 103
72 196
73 155
74 75
74 125
75 150
76 135
76 172
77 113
77 164
79 106
79 169
81 104
81 158
82 102
82 104
84 97
85 197
86 150
86 167
87 168
88 144
88 188
89 106
89 189
90 151
90 195
91 153
93 175
93 190
94 135
95 169
95 179
97 105
98 121
99 146
99 163
102 165
107 156
109 111
109 192
110 199
113 149
115 116
116 164
117 190
118 194
119 187
122 181
124 196
125 195
126 174
127 145
129 166
131 141
136 158
138 194
139 153
139 154
140 175
143 166
143 198
151 185
152 198
154 193
155 193
159 186
161 167
161 168
165 174
172 192
181 182
