198 198 1673
0
1
2
3
4
5
6
7
8
9
10
11
12
13
14
15
16
17
18
19
20
21
22
23
24
25
26
27
28
29
30
31
32
33
34
35
36
37
38
39
40
41
42
43
44
45
46
47
48
49
50
51
52
53
54
55
56
57
58
59
60
61
62
63
64
65
66
67
68
69
70
71
72
73
74
75
76
77
78
79
80
81
82
83
84
85
86
87
88
89
90
91
92
93
94
95
96
97
98
99
100
101
102
103
104
105
106
107
108
109
110
111
112
113
114
115
116
117
118
119
120
121
122
123
124
125
126
127
128
129
130
131
132
133
134
135
136
137
138
139
140
141
143
144
145
146
147
148
149
150
151
152
153
154
155
156
157
158
159
160
161
162
163
164
165
166
167
168
169
170
171
172
173
174
175
176
177
178
179
181
182
183
184
185
186
187
188
189
190
191
192
193
194
195
196
197
198
199
0 86
0 159
1 6
1 87
2 43
2 123
3 60
3 122
4 98
4 147
5 28
5 102
6 29
7 15
7 114
8 62
8 138
9 17
9 188
10 121
10 155
11 90
11 111
12 140
12 141
13 82
13 129
14 78
14 91
15 138
16 192
16 193
17 73
18 23
18 100
19 80
19 164
20 45
20 121
21 126
21 131
22 26
22 163
23 38
24 84
24 176
25 106
25 181
26 83
27 119
27 185
28 65
29 169
30 48
30 116
31 44
31 103
32 39
32 133
33 76
33 134
34 51
34 69
35 181
35 188
36 161
36 197
37 70
37 74
38 134
39 150
40 137
40 172
41 44
41 103
42 145
42 173
43 149
45 58
46 101
46 146
47 183
47 187
48 182
49 128
49 178
50 93
50 120
51 69
52 116
52 135
53 55
53 72
54 57
54 83
55 198
56 132
56 166
57 144
58 113
59 92
59 168
60 99
61 66
61 114
62 104
63 67
63 141
64 80
64 162
65 87
66 77
67 150
68 95
68 109
70 85
71 155
71 184
72 171
73 136
74 86
75 117
75 177
76 191
77 89
78 110
79 120
79 167
81 115
81 161
82 174
84 135
85 115
88 140
88 182
89 91
90 111
92 98
93 96
94 148
94 170
95 113
96 117
97 189
97 194
99 157
100 130
101 160
102 143
104 173
105 127
105 158
106 185
107 175
107 184
108 154
108 174
109 169
110 172
112 139
112 154
118 143
118 175
119 149
122 199
123 197
124 125
124 167
125 151
126 131
127 162
128 177
129 139
130 190
132 166
133 160
136 159
137 189
144 194
145 176
146 151
147 193
148 196
152 165
152 198
153 163
153 191
156 179
156 195
157 199
158 165
164 186
168 192
170 196
171 186
178 190
179 195
183 187
