99 99 1480
0
1
2
3
4
5
6
7
8
9
10
11
12
13
14
15
16
17
18
19
20
21
22
23
24
25
26
27
28
29
30
31
32
33
34
35
36
37
38
39
40
41
42
43
44
45
46
47
48
49
50
51
52
53
54
55
56
57
58
59
60
61
62
63
64
65
66
67
68
69
70
71
72
73
74
75
76
77
78
79
80
81
82
83
84
85
86
88
89
90
91
92
93
94
95
96
97
98
99
0 31
0 53
1 25
1 44
2 22
2 43
3 91
3 94
4 38
4 64
5 14
5 82
6 66
6 95
7 74
7 88
8 48
8 83
9 72
9 89
10 19
10 96
11 30
11 99
12 20
12 56
13 26
13 63
14 94
15 33
15 79
16 42
16 55
17 61
17 85
18 47
18 73
19 52
20 95
21 37
21 77
22 43
23 51
23 86
24 70
24 75
25 82
26 60
27 57
27 79
28 39
28 81
29 50
29 60
30 56
31 78
32 61
32 85
33 78
34 41
34 63
35 65
35 81
36 39
36 51
37 62
38 49
40 45
40 68
41 90
42 67
44 89
45 68
46 69
46 73
47 71
48 91
49 69
50 58
52 74
53 93
54 77
54 92
55 84
57 93
58 75
59 64
59 86
62 65
66 70
67 84
71 92
72 88
76 80
76 98
80 83
90 97
96 98
97 99
