91 91 2784
71
3
136
164
99
147
14
122
130
178
145
194
8
15
82
107
78
142
123
142
133
56
133
0
110
119
152
184
127
97
46
81
33
81
36
126
44
68
62
57
49
159
185
144
186
59
41
138
125
101
4
103
124
132
38
170
28
116
40
51
10
52
135
154
85
111
84
16
121
64
137
141
115
9
115
73
117
104
31
77
7
114
60
20
120
23
172
91
58
76
193
3 71
3 136
136 164
99 164
99 147
14 147
14 122
122 130
130 178
145 178
145 194
8 194
8 15
15 82
82 107
78 107
78 142
123 142
123 142
133 142
56 133
56 133
0 133
0 110
110 119
119 152
152 184
127 184
97 127
46 97
46 81
33 81
33 81
36 81
36 126
44 126
44 68
62 68
57 62
49 57
49 159
159 185
144 185
144 186
59 186
41 59
41 138
125 138
101 125
4 101
4 103
103 124
124 132
38 132
38 170
28 170
28 116
40 116
40 51
10 51
10 52
52 135
135 154
85 154
85 111
84 111
16 84
16 121
64 121
64 137
137 141
115 141
9 115
9 115
73 115
73 117
104 117
31 104
31 77
7 77
7 114
60 114
20 60
20 120
23 120
23 172
91 172
58 91
58 76
76 193
71 193
