256 256 2472
170
137
170
107
130
174
3
89
16
105
94
42
94
0
28
132
118
37
169
37
169
163
114
85
154
22
14
126
18
88
95
175
190
20
167
152
88
12
106
12
36
148
144
78
97
138
165
141
50
141
165
116
126
81
69
26
30
65
162
195
64
195
162
39
147
39
74
180
178
192
13
1
173
161
172
87
76
189
101
66
153
102
153
6
38
77
58
10
8
134
187
160
53
33
142
47
7
110
7
156
27
176
2
135
2
176
5
156
93
142
33
53
59
127
146
127
151
168
151
62
96
82
129
166
8
46
115
145
80
91
80
149
90
149
63
71
99
140
104
122
104
128
25
11
41
11
72
124
54
139
4
177
4
185
4
23
161
131
113
125
60
31
35
120
68
150
68
29
75
114
193
136
123
20
190
175
55
133
34
130
107
130
174
199
157
29
155
159
24
188
83
100
112
43
112
171
40
17
111
17
86
121
103
56
61
56
98
56
196
9
196
56
186
181
21
181
186
158
143
109
194
109
79
52
79
67
109
45
191
108
191
44
111
92
198
111
19
117
197
51
182
119
73
179
73
182
184
182
48
32
164
183
164
49
84
57
137 170
137 170
107 170
107 130
130 174
3 174
3 89
16 89
16 105
94 105
42 94
42 94
0 94
0 28
28 132
118 132
37 118
37 169
37 169
37 169
163 169
114 163
85 114
85 154
22 154
14 22
14 126
18 126
18 88
88 95
95 175
175 190
20 190
20 167
152 167
88 152
12 88
12 106
12 106
12 36
36 148
144 148
78 144
78 97
97 138
138 165
141 165
50 141
50 141
141 165
116 165
116 126
81 126
69 81
26 69
26 30
30 65
65 162
162 195
64 195
64 195
162 195
39 162
39 147
39 147
39 74
74 180
178 180
178 192
13 192
1 13
1 173
161 173
161 172
87 172
76 87
76 189
101 189
66 101
66 153
102 153
102 153
6 153
6 38
38 77
58 77
10 58
8 10
8 134
134 187
160 187
53 160
33 53
33 142
47 142
7 47
7 110
7 110
7 156
27 156
27 176
2 176
2 135
2 135
2 176
5 176
5 156
93 156
93 142
33 142
33 53
53 59
59 127
127 146
127 146
127 151
151 168
151 168
62 151
62 96
82 96
82 129
129 166
8 166
8 46
46 115
115 145
80 145
80 91
80 91
80 149
90 149
90 149
63 149
63 71
71 99
99 140
104 140
104 122
104 122
104 128
25 128
11 25
11 41
11 41
11 72
72 124
54 124
54 139
4 139
4 177
4 177
4 185
4 185
4 23
23 161
131 161
113 131
113 125
60 125
31 60
31 35
35 120
68 120
68 150
68 150
29 68
29 75
75 114
114 193
136 193
123 136
20 123
20 190
175 190
55 175
55 133
34 133
34 130
107 130
107 130
130 174
174 199
157 199
29 157
29 155
155 159
24 159
24 188
83 188
83 100
100 112
43 112
43 112
112 171
40 171
17 40
17 111
17 111
17 86
86 121
103 121
56 103
56 61
56 61
56 98
56 98
56 196
9 196
9 196
56 196
56 186
181 186
21 181
21 181
181 186
158 186
143 158
109 143
109 194
109 194
79 109
52 79
52 79
67 79
67 109
45 109
45 191
108 191
108 191
44 191
44 111
92 111
92 198
111 198
19 111
19 117
117 197
51 197
51 182
119 182
73 119
73 179
73 179
73 182
182 184
182 184
48 182
32 48
32 164
164 183
164 183
49 164
49 84
57 84
57 170
