137 137 1846
43
47
74
90
28
60
5
28
20
28
90
58
95
94
58
90
63
79
76
72
35
72
79
67
79
72
26
24
68
53
68
71
12
83
12
3
59
11
65
32
81
51
21
51
16
10
16
38
14
17
30
17
34
85
52
70
85
6
8
46
36
61
97
61
33
27
69
44
84
44
49
39
40
39
99
0
49
37
80
45
75
45
29
55
78
55
29
92
56
57
23
93
33
7
22
62
4
31
41
31
1
54
91
88
25
88
25
96
98
48
98
13
98
42
50
82
50
18
77
19
77
13
64
66
87
88
4
73
89
9
89
73
86
15
86
2
74
43 47
47 74
74 90
28 90
28 60
5 60
5 28
20 28
20 28
28 90
58 90
58 95
94 95
58 94
58 90
63 90
63 79
76 79
72 76
35 72
35 72
72 79
67 79
67 79
72 79
26 72
24 26
24 68
53 68
53 68
68 71
12 71
12 83
12 83
3 12
3 59
11 59
11 65
32 65
32 81
51 81
21 51
21 51
16 51
10 16
10 16
16 38
14 38
14 17
17 30
17 30
17 34
34 85
52 85
52 70
70 85
6 85
6 8
8 46
36 46
36 61
61 97
61 97
33 61
27 33
27 69
44 69
44 84
44 84
44 49
39 49
39 40
39 40
39 99
0 99
0 49
37 49
37 80
45 80
45 75
45 75
29 45
29 55
55 78
55 78
29 55
29 92
56 92
56 57
23 57
23 93
33 93
7 33
7 22
22 62
4 62
4 31
31 41
31 41
1 31
1 54
54 91
88 91
25 88
25 88
25 88
25 96
96 98
48 98
48 98
13 98
13 98
42 98
42 50
50 82
50 82
18 50
18 77
19 77
19 77
13 77
13 64
64 66
66 87
87 88
4 88
4 73
73 89
9 89
9 89
73 89
73 86
15 86
15 86
2 86
2 74
43 74
