200 200 2007
0
1
2
3
4
5
6
7
8
9
10
11
12
13
14
15
16
17
18
19
20
21
22
23
24
25
26
27
28
29
30
31
32
33
34
35
36
37
38
39
40
41
42
43
44
45
46
47
48
49
50
51
52
53
54
55
56
57
58
59
60
61
62
63
64
65
66
67
68
69
70
71
72
73
74
75
76
77
78
79
80
81
82
83
84
85
86
87
88
89
90
91
92
93
94
95
96
97
98
99
100
101
102
103
104
105
106
107
108
109
110
111
112
113
114
115
116
117
118
119
120
121
122
123
124
125
126
127
128
129
130
131
132
133
134
135
136
137
138
139
140
141
142
143
144
145
146
147
148
149
150
151
152
153
154
155
156
157
158
159
160
161
162
163
164
165
166
167
168
169
170
171
172
173
174
175
176
177
178
179
180
181
182
183
184
185
186
187
188
189
190
191
192
193
194
195
196
197
198
199
0 51
0 66
1 103
1 142
2 78
2 134
3 64
3 170
4 49
4 194
5 65
5 161
6 153
6 168
7 53
7 140
8 86
8 90
9 40
9 156
10 57
10 179
11 89
11 118
12 76
12 103
13 51
13 195
14 115
14 183
15 84
15 157
16 139
16 146
17 87
17 112
18 110
18 133
19 136
19 158
20 161
20 172
21 111
21 187
22 141
22 149
23 50
23 185
24 120
24 188
25 150
25 193
26 101
26 129
27 96
27 98
28 40
28 107
29 159
29 167
30 35
30 75
31 61
31 121
32 116
32 137
33 37
33 50
34 58
34 180
35 118
36 95
36 98
37 178
38 184
38 192
39 119
39 185
41 64
41 105
42 81
42 85
43 101
43 150
44 113
44 129
45 168
45 191
46 52
46 174
47 68
47 82
48 93
48 149
49 194
52 182
53 126
54 156
54 164
55 117
55 131
56 122
56 173
57 102
58 113
59 172
59 181
60 85
60 94
61 144
62 95
62 193
63 92
63 166
65 176
66 152
67 72
67 184
68 147
69 83
69 135
70 100
70 182
71 82
71 84
72 198
73 77
73 195
74 160
74 198
75 106
76 126
77 143
78 196
79 80
79 176
80 106
81 147
83 135
86 158
87 162
88 96
88 148
89 130
90 164
91 132
91 165
92 102
93 141
94 138
97 119
97 148
99 109
99 175
100 160
104 169
104 175
105 199
107 166
108 154
108 186
109 125
110 181
111 191
112 155
114 134
114 196
115 128
116 136
117 128
120 163
121 127
122 173
123 154
123 180
124 159
124 177
125 190
127 174
130 131
132 197
133 183
137 165
138 171
139 146
140 189
142 167
143 197
144 151
145 170
145 171
151 162
152 199
153 190
155 179
157 177
163 188
169 192
178 189
186 187
