81 81 1259
0
3
4
5
6
8
9
10
12
13
14
15
16
17
18
20
22
23
25
26
27
28
29
30
31
32
33
34
35
36
37
38
39
40
41
42
44
45
47
48
49
50
53
54
55
59
60
61
62
63
64
65
66
67
68
69
70
72
73
74
75
77
78
79
80
81
83
84
86
87
88
90
91
92
93
94
95
96
97
98
99
0 35
0 39
3 20
3 42
4 23
4 63
5 9
5 88
6 44
6 60
8 26
8 73
9 60
10 59
10 61
12 92
12 97
13 36
13 53
14 79
14 81
15 30
15 62
16 38
16 48
17 45
17 68
18 29
18 33
20 50
22 65
22 75
23 99
25 34
25 48
26 75
27 38
27 41
28 62
28 68
29 83
30 73
31 47
31 92
32 49
32 67
33 90
34 69
35 77
36 96
37 47
37 86
39 96
40 84
40 87
41 70
42 95
44 50
45 98
49 63
53 95
54 55
54 80
55 61
59 67
64 72
64 91
65 80
66 74
66 77
69 79
70 84
72 78
74 93
78 81
83 91
86 88
87 97
90 94
93 99
94 98
