225 225 1795
4
18
61
89
11
127
178
184
129
79
117
28
117
79
26
190
79
199
157
65
103
77
1
130
45
167
170
194
170
52
187
121
66
126
150
19
150
162
40
3
179
181
88
181
154
106
71
106
57
153
53
133
68
42
182
42
15
115
15
180
147
164
98
167
67
39
49
132
108
177
131
177
24
9
91
36
91
36
58
82
136
173
195
109
13
155
183
92
27
151
69
141
149
107
114
172
104
78
166
165
46
159
198
72
135
158
70
152
174
16
5
12
5
105
119
29
119
7
139
86
139
47
176
100
125
21
44
102
74
102
22
137
113
21
160
97
188
123
56
85
59
101
21
120
138
197
37
31
122
148
51
145
34
161
34
118
146
189
0
60
186
38
163
96
157
111
64
156
171
73
140
196
35
124
33
191
90
50
76
87
55
95
93
62
10
20
25
193
175
144
94
54
142
134
169
185
168
41
81
84
23
84
143
8
63
23
128
30
75
83
32
48
110
14
2
185
17
192
17
80
112
116
6
99
43
4 18
18 61
61 89
11 89
11 127
127 178
178 184
129 184
79 129
79 117
28 117
28 117
79 117
26 79
26 190
79 190
79 199
157 199
65 157
65 103
77 103
1 77
1 130
45 130
45 167
167 170
170 194
170 194
52 170
52 187
121 187
66 121
66 126
126 150
19 150
19 150
150 162
40 162
3 40
3 179
179 181
88 181
88 181
154 181
106 154
71 106
71 106
57 106
57 153
53 153
53 133
68 133
42 68
42 182
42 182
15 42
15 115
15 115
15 180
147 180
147 164
98 164
98 167
67 167
39 67
39 49
49 132
108 132
108 177
131 177
131 177
24 177
9 24
9 91
36 91
36 91
36 91
36 58
58 82
82 136
136 173
173 195
109 195
13 109
13 155
155 183
92 183
27 92
27 151
69 151
69 141
141 149
107 149
107 114
114 172
104 172
78 104
78 166
165 166
46 165
46 159
159 198
72 198
72 135
135 158
70 158
70 152
152 174
16 174
5 16
5 12
5 12
5 105
105 119
29 119
29 119
7 119
7 139
86 139
86 139
47 139
47 176
100 176
100 125
21 125
21 44
44 102
74 102
74 102
22 102
22 137
113 137
21 113
21 160
97 160
97 188
123 188
56 123
56 85
59 85
59 101
21 101
21 120
120 138
138 197
37 197
31 37
31 122
122 148
51 148
51 145
34 145
34 161
34 161
34 118
118 146
146 189
0 189
0 60
60 186
38 186
38 163
96 163
96 157
111 157
64 111
64 156
156 171
73 171
73 140
140 196
35 196
35 124
33 124
33 191
90 191
50 90
50 76
76 87
55 87
55 95
93 95
62 93
10 62
10 20
20 25
25 193
175 193
144 175
94 144
54 94
54 142
134 142
134 169
169 185
168 185
41 168
41 81
81 84
23 84
23 84
84 143
8 143
8 63
23 63
23 128
30 128
30 75
75 83
32 83
32 48
48 110
14 110
2 14
2 185
17 185
17 192
17 192
17 80
80 112
112 116
6 116
6 99
43 99
4 43
