99 99 1110
0
1
2
3
4
5
6
7
8
9
10
11
12
13
14
15
16
17
18
19
20
21
22
23
24
25
26
27
28
29
30
31
32
33
34
35
36
37
38
39
40
41
42
43
44
45
46
47
49
50
51
52
53
54
55
56
57
58
59
60
61
62
63
64
65
66
67
68
69
70
71
72
73
74
75
76
77
78
79
80
81
82
83
84
85
86
87
88
89
90
91
92
93
94
95
96
97
98
99
0 11
0 62
1 5
1 88
2 14
2 25
3 89
3 99
4 16
4 41
5 35
6 68
6 98
7 12
7 36
8 18
8 27
9 72
9 82
10 28
10 78
11 87
12 36
13 26
13 60
14 66
15 19
15 95
16 41
17 21
17 64
18 37
19 96
20 31
20 57
21 55
22 73
22 97
23 28
23 67
24 68
24 92
25 38
26 96
27 70
29 33
29 71
30 40
30 47
31 51
32 75
32 76
33 50
34 54
34 70
35 81
37 55
38 59
39 44
39 77
40 61
42 58
42 86
43 65
43 98
44 79
45 90
45 97
46 67
46 74
47 58
49 60
49 84
50 89
51 53
52 85
52 88
53 59
54 69
56 85
56 94
57 66
61 81
62 79
63 64
63 83
65 93
69 80
71 90
72 91
73 92
74 78
75 84
76 95
77 87
80 99
82 91
83 86
93 94
