99 99 1487
0
1
2
3
4
5
6
7
8
10
11
12
13
14
15
16
17
18
19
20
21
22
23
24
25
26
27
28
29
30
31
32
33
34
35
36
37
38
39
40
41
42
43
44
45
46
47
48
49
50
51
52
53
54
55
56
57
58
59
60
61
62
63
64
65
66
67
68
69
70
71
72
73
74
75
76
77
78
79
80
81
82
83
84
85
86
87
88
89
90
91
92
93
94
95
96
97
98
99
0 33
0 48
1 19
1 82
2 49
2 67
3 71
3 98
4 44
4 64
5 28
5 90
6 58
6 96
7 23
7 96
8 21
8 89
10 26
10 87
11 37
11 71
12 45
12 99
13 50
13 62
14 34
14 63
15 74
15 81
16 57
16 78
17 32
17 36
18 48
18 82
19 68
20 27
20 47
21 54
22 45
22 66
23 24
24 59
25 37
25 99
26 76
27 88
28 90
29 47
29 95
30 81
30 86
31 61
31 88
32 34
33 46
35 52
35 97
36 63
38 54
38 65
39 42
39 84
40 50
40 89
41 67
41 91
42 51
43 66
43 76
44 53
46 75
49 91
51 85
52 64
53 79
55 56
55 72
56 87
57 72
58 95
59 78
60 68
60 75
61 93
62 80
65 69
69 97
70 73
70 93
73 92
74 80
77 79
77 92
83 85
83 86
84 94
94 98
