197 197 1547
0
1
2
3
4
5
6
7
8
9
10
11
12
13
14
15
16
17
18
19
20
21
22
23
24
25
26
27
28
29
30
31
32
33
34
35
36
37
38
39
40
41
42
43
44
45
46
47
48
49
50
51
52
53
54
55
56
57
58
59
60
61
62
63
64
65
66
67
68
69
70
72
73
74
75
76
77
78
79
80
81
82
83
84
85
86
87
88
89
90
91
92
93
94
95
96
97
99
100
101
102
103
104
105
106
107
108
109
110
111
112
113
114
115
116
118
119
120
121
122
123
124
125
126
127
128
129
130
131
132
133
134
135
136
137
138
139
140
141
142
143
144
145
146
147
148
149
150
151
152
153
154
155
156
157
158
159
160
161
162
163
164
165
166
167
168
169
170
171
172
173
174
175
176
177
178
179
180
181
182
183
184
185
186
187
188
189
190
191
192
193
194
195
196
197
198
199
0 15
0 131
1 94
1 187
2 118
2 194
3 94
3 107
4 5
4 64
5 25
6 166
6 173
7 21
7 34
8 69
8 180
9 29
9 164
10 69
10 81
11 159
11 179
12 63
12 72
13 17
13 52
14 37
14 143
15 44
16 54
16 56
17 79
18 19
18 108
19 43
20 54
20 101
21 34
22 79
22 88
23 85
23 168
24 89
24 169
25 137
26 129
26 145
27 122
27 196
28 48
28 120
29 162
30 134
30 148
31 129
31 136
32 142
32 150
33 90
33 138
35 186
35 195
36 105
36 161
37 132
38 160
38 185
39 41
39 60
40 67
40 189
41 109
42 76
42 192
43 114
44 50
45 137
45 163
46 118
46 141
47 172
47 199
48 126
49 179
49 182
50 102
51 140
51 160
52 96
53 74
53 123
55 64
55 198
56 74
57 75
57 154
58 78
58 116
59 83
59 120
60 174
61 103
61 192
62 121
62 138
63 72
65 95
65 190
66 92
66 156
67 155
68 70
68 165
70 158
73 86
73 96
75 100
76 110
77 149
77 170
78 142
80 119
80 190
81 91
82 127
82 145
83 148
84 111
84 115
85 103
86 193
87 180
87 184
88 128
89 106
90 173
91 156
92 114
93 151
93 162
95 181
97 128
97 149
99 126
99 198
100 102
101 105
104 124
104 144
106 150
107 187
108 135
109 191
110 153
111 185
112 113
112 183
113 183
115 168
116 181
119 176
121 153
122 147
123 140
124 157
125 161
125 177
127 131
130 133
130 158
132 154
133 165
134 176
135 184
136 197
139 152
139 188
141 144
143 169
146 167
146 171
147 196
151 177
152 163
155 189
157 166
159 182
164 188
167 178
170 193
171 178
172 199
174 175
175 191
186 195
194 197
