74 74 1646
122
47
81
198
139
193
163
175
82
33
82
30
83
141
173
118
101
2
74
25
71
84
55
86
104
61
164
80
164
17
185
67
24
121
56
57
64
136
92
107
171
89
72
125
65
186
79
183
42
168
73
117
114
103
195
59
5
98
66
149
153
22
153
133
97
78
134
62
75
147
91
40
105
110
47 122
47 81
81 198
139 198
139 193
163 193
163 175
82 175
33 82
33 82
30 82
30 83
83 141
141 173
118 173
101 118
2 101
2 74
25 74
25 71
71 84
55 84
55 86
86 104
61 104
61 164
80 164
80 164
17 164
17 185
67 185
24 67
24 121
56 121
56 57
57 64
64 136
92 136
92 107
107 171
89 171
72 89
72 125
65 125
65 186
79 186
79 183
42 183
42 168
73 168
73 117
114 117
103 114
103 195
59 195
5 59
5 98
66 98
66 149
149 153
22 153
22 153
133 153
97 133
78 97
78 134
62 134
62 75
75 147
91 147
40 91
40 105
105 110
110 122
