100 100 1570
0
1
2
3
4
5
6
7
8
9
10
11
12
13
14
15
16
17
18
19
20
21
22
23
24
25
26
27
28
29
30
31
32
33
34
35
36
37
38
39
40
41
42
43
44
45
46
47
48
49
50
51
52
53
54
55
56
57
58
59
60
61
62
63
64
65
66
67
68
69
70
71
72
73
74
75
76
77
78
79
80
81
82
83
84
85
86
87
88
89
90
91
92
93
94
95
96
97
98
99
0 6
0 58
1 52
1 63
2 16
2 70
3 10
3 57
4 9
4 38
5 75
5 99
6 31
7 31
7 52
8 34
8 51
9 40
10 83
11 56
11 72
12 42
12 83
13 32
13 74
14 18
14 37
15 39
15 65
16 93
17 40
17 50
18 22
19 44
19 97
20 45
20 60
21 46
21 99
22 25
23 62
23 79
24 80
24 85
25 48
26 56
26 78
27 67
27 97
28 36
28 76
29 77
29 94
30 43
30 74
32 47
33 51
33 85
34 84
35 62
35 75
36 84
37 96
38 72
39 89
41 44
41 58
42 81
43 90
45 54
46 68
47 67
48 86
49 77
49 82
50 76
53 82
53 98
54 59
55 70
55 79
57 89
59 69
60 95
61 73
61 86
63 91
64 87
64 88
65 92
66 68
66 92
69 94
71 95
71 96
73 87
78 98
80 91
81 88
90 93
