60 60 1419
20
99
23
21
89
4
53
17
90
49
6
78
5
31
10
62
48
67
30
14
91
24
46
97
16
13
16
40
28
52
79
75
68
8
33
83
36
2
86
41
0
80
72
74
9
70
19
85
57
35
15
11
39
58
22
1
18
66
26
38
20 99
23 99
21 23
21 89
4 89
4 53
17 53
17 90
49 90
6 49
6 78
5 78
5 31
10 31
10 62
48 62
48 67
30 67
14 30
14 91
24 91
24 46
46 97
16 97
13 16
13 16
16 40
28 40
28 52
52 79
75 79
68 75
8 68
8 33
33 83
36 83
2 36
2 86
41 86
0 41
0 80
72 80
72 74
9 74
9 70
19 70
19 85
57 85
35 57
15 35
11 15
11 39
39 58
22 58
1 22
1 18
18 66
26 66
26 38
20 38
