112 112 1317
6
37
9
8
33
52
68
66
88
96
28
12
28
7
13
51
13
62
85
86
95
90
29
20
35
78
39
34
72
97
65
50
67
26
74
26
92
58
38
70
4
45
56
94
5
84
27
84
5
18
2
75
59
19
54
15
64
87
47
0
10
1
61
79
48
80
32
89
93
89
32
73
22
31
60
11
63
21
46
3
17
98
40
43
44
81
44
76
42
14
77
24
77
83
36
41
36
69
91
55
53
30
23
16
25
99
71
49
82
49
71
57
6 37
9 37
8 9
8 33
33 52
52 68
66 68
66 88
88 96
28 96
12 28
12 28
7 28
7 13
13 51
13 51
13 62
62 85
85 86
86 95
90 95
29 90
20 29
20 35
35 78
39 78
34 39
34 72
72 97
65 97
50 65
50 67
26 67
26 74
26 74
26 92
58 92
38 58
38 70
4 70
4 45
45 56
56 94
5 94
5 84
27 84
27 84
5 84
5 18
2 18
2 75
59 75
19 59
19 54
15 54
15 64
64 87
47 87
0 47
0 10
1 10
1 61
61 79
48 79
48 80
32 80
32 89
89 93
89 93
32 89
32 73
22 73
22 31
31 60
11 60
11 63
21 63
21 46
3 46
3 17
17 98
40 98
40 43
43 44
44 81
44 81
44 76
42 76
14 42
14 77
24 77
24 77
77 83
36 83
36 41
36 41
36 69
69 91
55 91
53 55
30 53
23 30
16 23
16 25
25 99
71 99
49 71
49 82
49 82
49 71
57 71
6 57
