100 100 865
0
1
2
3
4
5
6
7
8
9
10
11
12
13
14
15
16
17
18
19
20
21
22
23
24
25
26
27
28
29
30
31
32
33
34
35
36
37
38
39
40
41
42
43
44
45
46
47
48
49
50
51
52
53
54
55
56
57
58
59
60
61
62
63
64
65
66
67
68
69
70
71
72
73
74
75
76
77
78
79
80
81
82
83
84
85
86
87
88
89
90
91
92
93
94
95
96
97
98
99
0 89
0 92
1 27
1 56
2 25
2 51
3 32
3 55
4 37
4 80
5 42
5 78
6 59
6 87
7 23
7 93
8 35
8 88
9 34
9 53
10 72
10 76
11 50
11 71
12 20
12 97
13 73
13 74
14 42
14 51
15 95
15 97
16 34
16 92
17 54
17 95
18 28
18 44
19 29
19 30
20 67
21 36
21 84
22 40
22 85
23 62
24 33
24 66
25 57
26 47
26 86
27 56
28 70
29 88
30 64
31 46
31 82
32 66
33 53
35 49
36 84
37 67
38 62
38 98
39 41
39 83
40 52
41 50
43 58
43 64
44 70
45 61
45 81
46 65
47 65
48 94
48 96
49 76
52 57
54 58
55 83
59 87
60 73
60 91
61 98
63 82
63 93
68 77
68 91
69 78
69 90
71 79
72 80
74 90
75 81
75 86
77 85
79 89
94 99
96 99
