200 200 2038
0
1
2
3
4
5
6
7
8
9
10
11
12
13
14
15
16
17
18
19
20
21
22
23
24
25
26
27
28
29
30
31
32
33
34
35
36
37
38
39
40
41
42
43
44
45
46
47
48
49
50
51
52
53
54
55
56
57
58
59
60
61
62
63
64
65
66
67
68
69
70
71
72
73
74
75
76
77
78
79
80
81
82
83
84
85
86
87
88
89
90
91
92
93
94
95
96
97
98
99
100
101
102
103
104
105
106
107
108
109
110
111
112
113
114
115
116
117
118
119
120
121
122
123
124
125
126
127
128
129
130
131
132
133
134
135
136
137
138
139
140
141
142
143
144
145
146
147
148
149
150
151
152
153
154
155
156
157
158
159
160
161
162
163
164
165
166
167
168
169
170
171
172
173
174
175
176
177
178
179
180
181
182
183
184
185
186
187
188
189
190
191
192
193
194
195
196
197
198
199
0 26
0 163
1 24
1 104
2 149
2 161
3 43
3 143
4 117
4 193
5 26
5 163
6 56
6 196
7 28
7 130
8 127
8 133
9 138
9 191
10 145
10 178
11 63
11 160
12 110
12 159
13 81
13 168
14 84
14 91
15 86
15 188
16 25
16 122
17 109
17 113
18 59
18 77
19 60
19 174
20 106
20 147
21 31
21 174
22 105
22 167
23 66
23 145
24 166
25 89
27 34
27 48
28 83
29 52
29 61
30 41
30 171
31 97
32 54
32 119
33 37
33 46
34 193
35 107
35 188
36 78
36 131
37 38
38 112
39 86
39 148
40 68
40 126
41 87
42 92
42 122
43 112
44 88
44 139
45 59
45 140
46 124
47 176
47 199
48 108
49 142
49 150
50 103
50 137
51 95
51 154
52 128
53 98
53 151
54 142
55 144
55 146
56 187
57 120
57 197
58 107
58 146
60 64
61 189
62 101
62 175
63 184
64 130
65 108
65 119
66 178
67 70
67 118
68 126
69 162
69 172
70 90
71 102
71 148
72 164
72 191
73 79
73 133
74 96
74 159
75 169
75 184
76 104
76 152
77 155
78 173
79 115
80 139
80 179
81 115
82 121
82 182
83 98
84 123
85 121
85 137
87 132
88 153
89 190
90 93
91 182
92 173
93 118
94 99
94 156
95 103
96 132
97 117
99 183
100 144
100 150
101 195
102 111
105 176
106 147
109 134
110 116
111 161
113 131
114 140
114 141
116 123
120 197
124 186
125 164
125 181
127 141
128 186
129 135
129 196
134 185
135 158
136 192
136 198
138 143
149 155
151 180
152 165
153 157
154 158
156 167
157 187
160 195
162 171
165 166
168 170
169 185
170 199
172 179
175 180
177 181
177 190
183 189
192 194
194 198
