88 88 1279
0
1
2
3
4
5
6
7
8
10
11
13
14
15
16
17
18
19
20
22
23
24
25
26
27
28
29
30
32
33
34
35
36
37
38
39
40
41
42
43
44
45
46
47
48
49
50
52
53
55
56
57
58
59
60
61
62
63
64
65
67
68
70
71
72
74
75
76
78
79
80
81
82
84
85
86
87
88
89
90
91
92
94
95
96
97
98
99
0 4
0 42
1 30
1 98
2 38
2 75
3 36
3 86
4 55
5 85
5 92
6 29
6 82
7 59
7 79
8 23
8 39
10 58
10 86
11 23
11 99
13 25
13 78
14 27
14 38
15 35
15 41
16 52
16 70
17 85
17 91
18 90
18 97
19 34
19 87
20 65
20 74
22 80
22 94
24 47
24 78
25 74
26 67
26 70
27 58
28 40
28 88
29 96
30 56
32 48
32 65
33 72
33 99
34 75
35 64
36 49
37 43
37 62
39 57
40 90
41 88
42 60
43 46
44 82
44 84
45 63
45 87
46 63
47 68
48 76
49 56
50 59
50 95
52 91
53 61
53 81
55 68
57 64
60 84
61 89
62 94
67 98
71 72
71 95
76 92
79 89
80 81
96 97
