80 80 1506
86
54
57
7
40
43
84
43
82
45
63
60
52
55
95
55
14
0
76
71
66
48
62
68
2
78
10
78
27
26
25
32
73
81
73
21
8
38
8
37
79
35
97
59
97
59
44
59
89
20
29
18
58
28
6
41
56
41
56
0
51
47
42
24
47
34
96
39
46
30
69
36
49
31
86
54
15
61
72
54
54 86
54 57
7 57
7 40
40 43
43 84
43 84
43 82
45 82
45 63
60 63
52 60
52 55
55 95
55 95
14 55
0 14
0 76
71 76
66 71
48 66
48 62
62 68
2 68
2 78
10 78
10 78
27 78
26 27
25 26
25 32
32 73
73 81
73 81
21 73
8 21
8 38
8 38
8 37
37 79
35 79
35 97
59 97
59 97
59 97
44 59
44 59
59 89
20 89
20 29
18 29
18 58
28 58
6 28
6 41
41 56
41 56
41 56
0 56
0 51
47 51
42 47
24 42
24 47
34 47
34 96
39 96
39 46
30 46
30 69
36 69
36 49
31 49
31 86
54 86
15 54
15 61
61 72
54 72
54 86
