50 104 1113
0
1
2
3
4
5
6
7
8
9
10
11
12
13
14
15
16
17
18
19
20
21
22
23
24
25
26
27
28
29
30
31
32
33
34
35
36
37
38
39
40
41
42
43
44
45
46
47
48
49
0 18
0 18
0 30
0 30
1 23
1 23
1 38
1 38
2 21
2 21
2 39
2 39
3 14
3 14
3 32
3 32
4 18
4 18
4 18
18 42
18 42
5 16
5 16
5 38
5 38
6 17
6 17
6 37
6 37
7 28
7 28
7 41
7 41
8 12
8 12
8 22
8 22
9 19
9 19
9 44
9 44
10 19
10 19
10 43
10 43
11 31
11 31
11 45
11 45
12 20
12 20
13 31
13 31
13 34
13 34
14 27
14 27
15 3
3 32
3 32
15 49
15 49
16 49
16 49
17 24
17 24
20 27
20 27
21 47
21 47
22 36
22 36
23 29
23 29
24 46
24 46
25 33
25 33
25 44
25 44
26 29
26 29
26 33
26 33
28 40
28 40
30 48
30 48
34 13
13 40
13 40
35 2
2 39
2 39
35 45
35 45
36 48
36 48
37 43
37 43
41 46
41 46
42 47
42 47
