66 66 1319
33
31
15
31
33
1
32
40
30
46
18
46
23
41
0
20
49
48
21
7
21
48
16
38
16
45
13
45
4
42
19
12
6
27
47
9
47
27
6
37
43
39
19
12
44
28
14
17
14
2
11
24
5
29
36
25
36
29
22
3
35
10
26
48
49
34
31 33
15 31
15 31
31 33
1 33
1 32
32 40
30 40
30 46
18 46
18 46
23 46
23 41
0 41
0 20
20 49
48 49
21 48
7 21
7 21
21 48
16 48
16 38
16 38
16 45
13 45
13 45
4 45
4 42
19 42
12 19
6 12
6 27
27 47
9 47
9 47
27 47
6 27
6 37
37 43
39 43
19 39
12 19
12 44
28 44
14 28
14 17
14 17
2 14
2 11
11 24
5 24
5 29
29 36
25 36
25 36
29 36
22 29
3 22
3 35
10 35
10 26
26 48
48 49
34 49
33 34
