99 144 2177
0
2
3
4
5
6
7
8
9
10
11
12
13
14
15
16
17
18
19
20
21
22
23
24
25
26
27
28
29
30
31
32
33
34
35
36
37
38
39
40
41
42
43
44
45
46
47
48
49
50
51
52
53
54
55
56
57
58
59
60
61
62
63
64
65
66
67
68
69
70
71
72
73
74
75
76
77
78
79
80
81
82
83
84
85
86
87
88
89
90
91
92
93
94
95
96
97
98
99
0 61
0 1
1 78
2 38
5 38
2 38
37 38
16 37
3 36
20 36
3 36
36 84
4 23
4 23
23 89
5 68
6 63
6 99
7 17
7 99
46 99
8 44
18 44
8 44
41 44
9 54
9 93
10 49
10 92
11 47
11 69
12 13
12 80
55 80
13 73
14 78
14 98
15 50
15 96
16 82
10 17
10 38
35 38
18 46
46 53
19 74
19 59
59 92
85 92
20 94
21 91
21 28
28 97
22 47
22 56
23 33
24 88
60 88
24 94
25 63
38 63
25 81
26 27
26 27
27 74
27 57
28 97
32 97
28 97
29 65
29 37
37 68
21 30
21 54
30 97
97 99
31 78
78 83
31 96
32 49
23 33
23 79
34 42
27 34
27 75
35 55
55 80
20 36
20 69
36 88
37 45
37 38
38 65
37 38
37 45
39 48
39 70
22 40
22 56
40 79
41 44
8 44
8 52
42 82
43 67
43 67
67 73
44 66
44 87
46 53
48 70
70 95
50 52
51 83
51 84
55 76
57 64
64 90
58 77
58 89
59 92
85 92
59 86
60 88
61 91
62 63
62 66
64 71
67 71
64 71
70 95
81 95
27 71
27 75
72 98
77 98
72 98
55 76
55 80
86 87
90 95
59 92
19 59
19 93
