199 199 1520
0
1
2
3
4
5
6
7
8
9
10
11
12
13
14
15
16
17
18
19
20
21
22
24
25
26
27
28
29
30
31
32
33
34
35
36
37
38
39
40
41
42
43
44
45
46
47
48
49
50
51
52
53
54
55
56
57
58
59
60
61
62
63
64
65
66
67
68
69
70
71
72
73
74
75
76
77
78
79
80
81
82
83
84
85
86
87
88
89
90
91
92
93
94
95
96
97
98
99
100
101
102
103
104
105
106
107
108
109
110
111
112
113
114
115
116
117
118
119
120
121
122
123
124
125
126
127
128
129
130
131
132
133
134
135
136
137
138
139
140
141
142
143
144
145
146
147
148
149
150
151
152
153
154
155
156
157
158
159
160
161
162
163
164
165
166
167
168
169
170
171
172
173
174
175
176
177
178
179
180
181
182
183
184
185
186
187
188
189
190
191
192
193
194
195
196
197
198
199
0 15
0 167
1 26
1 154
2 106
2 109
3 28
3 105
4 21
4 179
5 171
5 199
6 67
6 149
7 45
7 116
8 36
8 82
9 134
9 180
10 67
10 121
11 136
11 191
12 140
12 156
13 15
13 102
14 76
14 126
16 106
16 115
17 31
17 103
18 30
18 172
19 130
19 151
20 49
20 111
21 93
22 98
22 141
24 92
24 100
25 102
25 134
26 137
27 158
27 160
28 114
29 51
29 140
30 127
31 56
32 71
32 177
33 89
33 100
34 35
34 165
35 87
36 79
37 117
37 146
38 70
38 168
39 69
39 79
40 165
40 198
41 92
41 155
42 49
42 66
43 115
43 197
44 48
44 89
45 178
46 164
46 175
47 75
47 96
48 173
50 72
50 111
51 156
52 57
52 193
53 107
53 193
54 122
54 169
55 163
55 184
56 101
57 167
58 125
58 168
59 105
59 186
60 158
60 185
61 65
61 95
62 131
62 188
63 91
63 178
64 122
64 139
65 164
66 162
68 119
68 155
69 123
70 93
71 126
72 162
73 109
73 147
74 185
74 190
75 153
76 95
77 80
77 170
78 148
78 166
80 173
81 152
81 180
82 181
83 142
83 195
84 118
84 161
85 152
85 197
86 104
86 139
87 90
88 96
88 153
90 151
91 104
94 120
94 184
97 99
97 125
98 194
99 159
101 129
103 189
107 182
108 128
108 161
110 116
110 130
112 137
112 192
113 150
113 154
114 196
117 176
118 186
119 177
120 124
121 194
123 144
124 182
127 176
128 198
129 189
131 196
132 172
132 188
133 157
133 169
135 160
135 174
136 187
138 179
138 183
141 149
142 195
143 144
143 181
145 163
145 166
146 147
148 174
150 175
157 192
159 190
170 183
171 199
187 191
