198 198 1554
0
1
2
3
4
5
6
7
8
9
10
11
12
13
14
15
16
17
18
19
20
21
22
23
24
25
26
27
28
29
30
31
32
33
34
35
36
37
38
39
40
41
42
43
44
45
46
47
48
49
50
51
52
53
54
55
56
57
58
59
60
61
62
63
64
65
66
67
68
69
70
71
72
73
74
75
76
77
78
79
80
81
82
83
84
85
86
87
88
89
90
91
92
93
94
95
96
97
98
99
100
101
102
103
104
105
106
107
108
109
110
111
112
113
114
115
116
117
119
120
121
122
123
124
125
126
127
128
129
130
131
132
133
134
135
136
137
138
139
140
141
142
143
144
145
146
147
148
149
150
151
152
153
154
155
156
157
158
159
160
161
162
163
164
165
166
167
168
169
170
171
172
173
174
175
177
178
179
180
181
182
183
184
185
186
187
188
189
190
191
192
193
194
195
196
197
198
199
0 31
0 163
1 144
1 172
2 42
2 124
3 18
3 22
4 134
4 170
5 15
5 177
6 13
6 43
7 8
7 99
8 53
9 175
9 182
10 86
10 184
11 19
11 58
12 154
12 193
13 48
14 79
14 119
15 128
16 29
16 199
17 39
17 88
18 48
19 112
20 34
20 135
21 69
21 159
22 171
23 39
23 88
24 101
24 172
25 113
25 150
26 100
26 168
27 77
27 181
28 103
28 132
29 85
30 40
30 146
31 198
32 109
32 114
33 96
33 169
34 135
35 110
35 197
36 52
36 67
37 90
37 178
38 84
38 139
40 167
41 63
41 85
42 156
43 170
44 131
44 148
45 55
45 94
46 52
46 67
47 75
47 149
49 65
49 166
50 127
50 145
51 162
51 197
53 194
54 133
54 147
55 98
56 121
56 196
57 63
57 137
58 181
59 122
59 133
60 125
60 154
61 95
61 165
62 114
62 138
64 150
64 186
65 111
66 76
66 91
68 108
68 155
69 140
70 74
70 189
71 136
71 180
72 146
72 180
73 105
73 196
74 187
75 149
76 126
77 84
78 106
78 173
79 174
80 117
80 183
81 101
81 130
82 107
82 157
83 145
83 185
86 182
87 104
87 153
89 140
89 148
90 93
91 189
92 109
92 177
93 192
94 188
95 174
96 127
97 164
97 173
98 188
99 132
100 168
102 151
102 160
103 115
104 187
105 179
106 193
107 157
108 153
110 128
111 138
112 143
113 186
115 141
116 120
116 190
117 183
119 161
120 179
121 190
122 194
123 124
123 156
125 141
126 155
129 136
129 167
130 158
131 185
134 164
137 142
139 199
142 178
143 191
144 158
147 171
151 175
152 159
152 195
160 166
161 165
162 169
163 198
184 195
191 192
