100 100 849
0
1
2
3
4
5
6
7
8
9
10
11
12
13
14
15
16
17
18
19
20
21
22
23
24
25
26
27
28
29
30
31
32
33
34
35
36
37
38
39
40
41
42
43
44
45
46
47
48
49
50
51
52
53
54
55
56
57
58
59
60
61
62
63
64
65
66
67
68
69
70
71
72
73
74
75
76
77
78
79
80
81
82
83
84
85
86
87
88
89
90
91
92
93
94
95
96
97
98
99
0 44
0 48
1 33
1 53
2 23
2 54
3 19
3 25
4 66
4 74
5 54
5 71
6 48
6 92
7 15
7 69
8 36
8 70
9 46
9 71
10 47
10 87
11 34
11 89
12 43
12 91
13 64
13 78
14 55
14 79
15 36
16 50
16 77
17 88
17 99
18 28
18 33
19 62
20 34
20 89
21 68
21 76
22 27
22 95
23 43
24 56
24 84
25 39
26 45
26 73
27 40
28 63
29 82
29 90
30 51
30 85
31 38
31 96
32 45
32 82
35 42
35 49
37 63
37 81
38 75
39 70
40 49
41 61
41 65
42 50
44 98
46 55
47 87
51 93
52 59
52 77
53 67
56 74
57 67
57 92
58 65
58 83
59 81
60 85
60 93
61 88
62 69
64 79
66 86
68 80
72 78
72 94
73 90
75 97
76 80
83 98
84 86
91 94
95 99
96 97
