251 251 2532
125
92
52
92
101
92
125
28
108
128
123
31
111
5
111
150
68
169
16
71
109
196
115
129
49
133
4
133
199
123
144
55
79
187
186
198
118
43
131
134
19
47
41
156
191
18
164
84
102
9
100
192
48
83
30
113
90
22
69
151
136
51
89
151
136
17
143
78
54
10
114
172
114
166
12
8
12
74
166
24
44
24
2
132
37
130
53
130
37
25
189
188
7
95
50
119
120
178
121
103
175
171
70
81
197
148
36
85
36
124
66
180
57
75
67
145
75
98
122
98
122
98
82
98
159
15
167
15
167
32
167
161
147
106
147
183
147
34
21
34
179
33
11
94
11
193
157
177
60
105
142
139
182
99
174
142
105
20
105
59
61
29
162
42
163
155
45
155
141
153
96
153
162
194
149
194
162
194
149
46
146
73
35
73
146
140
146
185
152
76
104
72
39
107
39
104
76
87
38
65
38
138
112
23
80
27
170
173
137
64
137
181
63
56
63
181
93
117
93
135
158
160
91
160
77
26
176
154
165
190
110
13
195
86
3
116
97
127
184
1
40
168
40
14
126
88
58
125
6
125
28
92 125
52 92
52 92
92 101
92 101
92 125
28 125
28 108
108 128
123 128
31 123
31 111
5 111
5 111
111 150
68 150
68 169
16 169
16 71
71 109
109 196
115 196
115 129
49 129
49 133
4 133
4 133
133 199
123 199
123 144
55 144
55 79
79 187
186 187
186 198
118 198
43 118
43 131
131 134
19 134
19 47
41 47
41 156
156 191
18 191
18 164
84 164
84 102
9 102
9 100
100 192
48 192
48 83
30 83
30 113
90 113
22 90
22 69
69 151
136 151
51 136
51 89
89 151
136 151
17 136
17 143
78 143
54 78
10 54
10 114
114 172
114 172
114 166
12 166
8 12
8 12
12 74
74 166
24 166
24 44
24 44
2 24
2 132
37 132
37 130
53 130
53 130
37 130
25 37
25 189
188 189
7 188
7 95
50 95
50 119
119 120
120 178
121 178
103 121
103 175
171 175
70 171
70 81
81 197
148 197
36 148
36 85
36 85
36 124
66 124
66 180
57 180
57 75
67 75
67 145
75 145
75 98
98 122
98 122
98 122
98 122
82 98
82 98
98 159
15 159
15 167
15 167
15 167
32 167
32 167
161 167
147 161
106 147
106 147
147 183
147 183
34 147
21 34
21 34
34 179
33 179
11 33
11 94
11 94
11 193
157 193
157 177
60 177
60 105
105 142
139 142
139 182
99 182
99 174
142 174
105 142
20 105
20 105
59 105
59 61
29 61
29 162
42 162
42 163
155 163
45 155
45 155
141 155
141 153
96 153
96 153
153 162
162 194
149 194
149 194
162 194
162 194
149 194
46 149
46 146
73 146
35 73
35 73
73 146
140 146
140 146
146 185
152 185
76 152
76 104
72 104
39 72
39 107
39 107
39 104
76 104
76 87
38 87
38 65
38 65
38 138
112 138
23 112
23 80
27 80
27 170
170 173
137 173
64 137
64 137
137 181
63 181
56 63
56 63
63 181
93 181
93 117
93 117
93 135
135 158
158 160
91 160
91 160
77 160
26 77
26 176
154 176
154 165
165 190
110 190
13 110
13 195
86 195
3 86
3 116
97 116
97 127
127 184
1 184
1 40
40 168
40 168
14 40
14 126
88 126
58 88
58 125
6 125
6 125
28 125
28 125
