233 233 1707
113
42
79
127
12
108
134
19
134
85
98
52
143
52
143
52
102
52
14
151
99
152
99
78
55
59
83
18
83
59
71
107
125
121
169
199
161
110
161
69
190
13
116
50
38
172
62
81
182
87
95
74
93
163
150
198
77
185
175
23
65
171
140
56
175
32
106
194
177
194
45
97
21
41
48
64
48
196
112
128
146
129
101
188
101
181
190
31
30
147
30
8
6
8
103
155
4
67
4
67
66
63
174
5
115
133
115
189
115
120
192
120
27
109
11
160
149
135
16
105
15
180
184
80
157
96
122
88
176
33
165
89
179
100
89
131
167
0
36
82
118
17
173
35
43
173
162
186
84
25
197
49
187
24
25
24
153
2
191
92
86
73
7
144
193
28
126
57
53
57
60
117
138
136
47
29
164
26
54
159
153
58
141
46
10
124
168
137
51
145
148
75
114
40
114
94
90
104
90
130
9
22
142
90
61
178
76
70
91
3
195
70
76
178
170
37
156
1
72
166
20
139
44
111
34
68
123
132
154
183
158
119
39
42 113
42 79
79 127
12 127
12 108
108 134
19 134
19 134
85 134
85 98
52 98
52 143
52 143
52 143
52 143
52 102
52 102
14 52
14 151
99 151
99 152
99 152
78 99
55 78
55 59
59 83
18 83
18 83
59 83
59 71
71 107
107 125
121 125
121 169
169 199
161 199
110 161
110 161
69 161
69 190
13 190
13 116
50 116
38 50
38 172
62 172
62 81
81 182
87 182
87 95
74 95
74 93
93 163
150 163
150 198
77 198
77 185
175 185
23 175
23 65
65 171
140 171
56 140
56 175
32 175
32 106
106 194
177 194
177 194
45 194
45 97
21 97
21 41
41 48
48 64
48 64
48 196
112 196
112 128
128 146
129 146
101 129
101 188
101 188
101 181
181 190
31 190
30 31
30 147
30 147
8 30
6 8
6 8
8 103
103 155
4 155
4 67
4 67
4 67
66 67
63 66
63 174
5 174
5 115
115 133
115 133
115 189
115 189
115 120
120 192
120 192
27 120
27 109
11 109
11 160
149 160
135 149
16 135
16 105
15 105
15 180
180 184
80 184
80 157
96 157
96 122
88 122
88 176
33 176
33 165
89 165
89 179
100 179
89 100
89 131
131 167
0 167
0 36
36 82
82 118
17 118
17 173
35 173
35 43
43 173
162 173
162 186
84 186
25 84
25 197
49 197
49 187
24 187
24 25
24 25
24 153
2 153
2 191
92 191
86 92
73 86
7 73
7 144
144 193
28 193
28 126
57 126
53 57
53 57
57 60
60 117
117 138
136 138
47 136
29 47
29 164
26 164
26 54
54 159
153 159
58 153
58 141
46 141
10 46
10 124
124 168
137 168
51 137
51 145
145 148
75 148
75 114
40 114
40 114
94 114
90 94
90 104
90 104
90 130
9 130
9 22
22 142
90 142
61 90
61 178
76 178
70 76
70 91
3 91
3 195
70 195
70 76
76 178
170 178
37 170
37 156
1 156
1 72
72 166
20 166
20 139
44 139
44 111
34 111
34 68
68 123
123 132
132 154
154 183
158 183
119 158
39 119
39 113
