91 91 1411
0
1
2
3
4
5
6
7
8
9
11
12
13
14
15
17
18
19
21
22
24
25
26
27
28
31
32
33
34
35
37
38
39
40
41
42
43
44
45
46
47
48
49
50
51
52
53
54
55
56
57
58
59
60
61
62
63
64
66
67
68
69
70
71
72
73
75
76
77
78
79
80
81
82
83
84
85
86
87
88
89
90
91
92
93
94
95
96
97
98
99
0 27
0 73
1 90
1 93
2 44
2 62
3 40
3 94
4 57
4 77
5 33
5 88
6 79
6 95
7 18
7 45
8 38
8 45
9 33
9 61
11 53
11 92
12 80
12 83
13 47
13 86
14 39
14 42
15 32
15 58
17 68
17 84
18 21
19 56
19 78
21 46
22 40
22 82
24 42
24 59
25 41
25 60
26 50
26 55
27 78
28 69
28 71
31 51
31 67
32 58
34 62
34 82
35 55
35 96
37 47
37 87
38 64
39 91
41 71
43 56
43 70
44 97
46 66
48 57
48 77
49 51
49 72
50 99
52 75
52 87
53 94
54 76
54 81
59 79
60 99
61 69
63 68
63 75
64 84
66 89
67 97
70 96
72 98
73 83
76 91
80 89
81 98
85 88
85 92
86 95
90 93
