94 94 882
0
1
2
3
4
5
6
7
8
9
10
11
12
13
14
15
16
17
18
19
21
22
23
24
25
26
27
28
29
30
31
32
33
34
35
36
37
38
39
40
41
42
43
44
46
47
48
49
50
51
52
53
54
55
56
57
58
59
60
61
62
63
64
65
66
67
69
70
72
73
75
76
77
78
79
80
81
82
83
84
85
86
87
88
89
90
91
92
93
94
96
97
98
99
0 58
0 84
1 31
1 33
2 8
2 72
3 7
3 43
4 29
4 98
5 53
5 92
6 27
6 96
7 43
8 85
9 65
9 97
10 79
10 90
11 78
11 82
12 75
12 81
13 50
13 62
14 77
14 86
15 59
15 83
16 31
16 60
17 49
17 90
18 25
18 27
19 23
19 44
21 22
21 88
22 25
23 97
24 41
24 54
26 38
26 76
28 55
28 94
29 39
30 47
30 49
32 42
32 89
33 37
34 46
34 82
35 48
35 69
36 56
36 66
37 57
38 56
39 99
40 61
40 64
41 62
42 51
44 65
46 91
47 57
48 69
50 87
51 52
52 93
53 55
54 94
58 88
59 83
60 91
61 80
63 70
63 80
64 72
66 98
67 78
67 93
70 85
73 79
73 99
75 81
76 92
77 86
84 87
89 96
