193 193 1866
1
2
3
4
5
6
7
8
9
10
11
12
13
14
15
16
17
18
19
20
21
23
24
25
27
28
29
30
31
33
34
35
36
37
38
39
40
41
42
43
44
45
46
47
48
49
50
51
52
53
54
55
56
57
58
59
60
61
62
64
65
66
67
68
69
70
72
73
74
75
76
77
78
79
80
81
82
83
84
85
86
87
88
89
90
91
92
93
94
95
96
97
98
99
100
101
102
103
104
105
106
107
108
109
110
111
113
114
115
116
117
118
119
120
121
122
123
124
125
126
127
128
129
130
131
132
133
134
135
136
137
138
139
140
141
142
143
144
145
146
147
148
149
150
151
152
153
154
155
156
157
158
159
160
161
162
163
164
165
166
167
168
169
170
171
172
173
174
175
176
177
178
179
180
181
182
183
184
185
186
187
188
189
190
191
192
193
194
195
196
197
198
199
1 64
1 122
2 55
2 177
3 111
3 153
4 35
4 65
5 20
5 194
6 48
6 171
7 52
7 98
8 34
8 128
9 165
9 188
10 50
10 121
11 59
11 127
12 154
12 163
13 64
13 73
14 52
14 169
15 61
15 98
16 123
16 152
17 42
17 105
18 118
18 153
19 69
19 93
20 49
21 46
21 116
23 124
23 145
24 28
24 30
25 61
25 178
27 137
27 185
28 84
29 54
29 120
30 191
31 147
31 159
33 41
33 160
34 146
35 125
36 152
36 189
37 136
37 195
38 165
38 181
39 108
39 110
40 115
40 198
41 170
42 155
43 90
43 195
44 68
44 190
45 81
45 110
46 107
47 49
47 162
48 160
50 139
51 74
51 192
53 70
53 76
54 122
55 150
56 72
56 77
57 102
57 156
58 77
58 132
59 80
60 135
60 158
62 103
62 148
65 146
66 137
66 173
67 91
67 167
68 157
69 186
70 73
72 101
74 172
75 114
75 142
76 154
78 196
78 199
79 176
79 182
80 92
81 114
82 144
82 177
83 92
83 198
84 180
85 88
85 96
86 143
86 169
87 106
87 109
88 134
89 103
89 173
90 130
91 167
93 161
94 104
94 158
95 147
95 164
96 129
97 170
97 172
99 136
99 142
100 117
100 119
101 132
102 113
104 121
105 189
106 107
108 134
109 181
111 140
113 175
115 197
116 126
117 161
118 131
119 184
120 199
123 168
124 163
125 180
126 145
127 197
128 144
129 187
130 183
131 174
133 150
133 174
135 171
138 151
138 179
139 166
140 178
141 157
141 194
143 179
148 185
149 162
149 184
151 191
155 190
156 166
159 188
164 193
168 182
175 193
176 186
183 187
192 196
