215 215 1750
142
43
99
62
10
20
61
175
144
142
134
193
25
87
76
90
157
111
157
199
157
111
64
33
191
171
156
73
140
196
35
124
77
1
130
45
167
98
170
194
170
52
187
121
19
150
162
40
3
179
181
88
181
154
106
71
106
57
126
66
153
53
133
68
42
182
42
15
115
15
180
147
164
67
39
132
49
79
190
26
186
38
163
65
103
163
96
89
50
55
95
93
4
18
116
6
169
112
80
32
83
75
30
48
81
84
23
128
30
110
2
14
8
63
8
143
44
160
97
188
123
56
137
113
125
100
198
159
37
31
122
148
161
51
145
189
60
0
11
127
146
118
34
129
184
178
117
28
108
177
131
72
166
46
165
24
9
91
36
58
82
136
173
195
109
13
155
183
92
27
151
69
141
149
107
114
104
78
104
172
174
16
5
12
5
105
152
70
158
135
47
29
119
7
139
86
176
74
102
22
21
120
138
197
85
59
101
41
168
185
17
192
94
54
43
43 142
43 99
62 99
10 62
10 20
20 61
61 175
144 175
142 144
134 142
134 193
25 193
25 87
76 87
76 90
90 157
111 157
111 157
157 199
157 199
111 157
64 111
33 64
33 191
171 191
156 171
73 156
73 140
140 196
35 196
35 124
77 124
1 77
1 130
45 130
45 167
98 167
98 170
170 194
170 194
52 170
52 187
121 187
19 121
19 150
150 162
40 162
3 40
3 179
179 181
88 181
88 181
154 181
106 154
71 106
71 106
57 106
57 126
66 126
66 153
53 153
53 133
68 133
42 68
42 182
42 182
15 42
15 115
15 115
15 180
147 180
147 164
67 164
39 67
39 132
49 132
49 79
79 190
26 190
26 186
38 186
38 163
65 163
65 103
103 163
96 163
89 96
50 89
50 55
55 95
93 95
4 93
4 18
18 116
6 116
6 169
112 169
80 112
32 80
32 83
75 83
30 75
30 48
48 81
81 84
23 84
23 128
30 128
30 110
2 110
2 14
8 14
8 63
8 63
8 143
44 143
44 160
97 160
97 188
123 188
56 123
56 137
113 137
113 125
100 125
100 198
159 198
37 159
31 37
31 122
122 148
148 161
51 161
51 145
145 189
60 189
0 60
0 11
11 127
127 146
118 146
34 118
34 129
129 184
178 184
117 178
28 117
28 108
108 177
131 177
72 131
72 166
46 166
46 165
24 165
9 24
9 91
36 91
36 58
58 82
82 136
136 173
173 195
109 195
13 109
13 155
155 183
92 183
27 92
27 151
69 151
69 141
141 149
107 149
107 114
104 114
78 104
78 104
104 172
172 174
16 174
5 16
5 12
5 12
5 105
105 152
70 152
70 158
135 158
47 135
29 47
29 119
7 119
7 139
86 139
86 176
74 176
74 102
22 102
21 22
21 120
120 138
138 197
85 197
59 85
59 101
41 101
41 168
168 185
17 185
17 192
94 192
54 94
43 54
43 142
