107 107 1900
37
88
50
194
140
24
127
136
163
29
36
101
66
146
11
81
31
183
31
10
31
7
25
77
9
77
141
77
51
149
170
28
157
28
34
61
34
90
80
192
56
192
56
68
0
128
148
168
148
128
58
33
187
33
187
33
52
54
52
14
164
80
95
170
3
97
12
42
165
39
158
4
22
6
171
16
94
16
171
62
75
182
20
129
43
108
43
122
145
87
35
152
166
23
179
180
172
27
130
30
69
26
55
8
73
50
133
37 88
50 88
50 194
140 194
24 140
24 127
127 136
136 163
29 163
29 36
36 101
66 101
66 146
11 146
11 81
31 81
31 183
31 183
10 31
10 31
7 31
7 25
25 77
9 77
9 77
77 141
77 141
51 77
51 149
149 170
28 170
28 157
28 157
28 34
34 61
34 61
34 90
80 90
80 192
56 192
56 192
56 192
56 68
0 68
0 128
128 148
148 168
148 168
128 148
58 128
33 58
33 187
33 187
33 187
33 187
33 52
52 54
52 54
14 52
14 164
80 164
80 95
95 170
3 170
3 97
12 97
12 42
42 165
39 165
39 158
4 158
4 22
6 22
6 171
16 171
16 94
16 94
16 171
62 171
62 75
75 182
20 182
20 129
43 129
43 108
43 108
43 122
122 145
87 145
35 87
35 152
152 166
23 166
23 179
179 180
172 180
27 172
27 130
30 130
30 69
26 69
26 55
8 55
8 73
50 73
50 133
37 133
