100 100 880
0
1
2
3
4
5
6
7
8
9
10
11
12
13
14
15
16
17
18
19
20
21
22
23
24
25
26
27
28
29
30
31
32
33
34
35
36
37
38
39
40
41
42
43
44
45
46
47
48
49
50
51
52
53
54
55
56
57
58
59
60
61
62
63
64
65
66
67
68
69
70
71
72
73
74
75
76
77
78
79
80
81
82
83
84
85
86
87
88
89
90
91
92
93
94
95
96
97
98
99
0 6
0 55
1 38
1 69
2 4
2 74
3 10
3 95
4 42
5 48
5 70
6 55
7 52
7 66
8 13
8 48
9 29
9 85
10 89
11 17
11 77
12 18
12 78
13 81
14 15
14 58
15 86
16 19
16 91
17 70
18 78
19 87
20 51
20 84
21 54
21 90
22 81
22 97
23 56
23 82
24 88
24 96
25 27
25 94
26 37
26 97
27 59
28 49
28 50
29 85
30 39
30 93
31 40
31 75
32 38
32 47
33 67
33 72
34 36
34 63
35 60
35 98
36 88
37 51
39 93
40 75
41 61
41 64
42 74
43 79
43 82
44 57
44 68
45 52
45 66
46 54
46 76
47 99
49 71
50 71
53 65
53 99
56 92
57 68
58 86
59 64
60 83
61 94
62 63
62 73
65 69
67 80
72 80
73 95
76 90
77 84
79 92
83 98
87 91
89 96
