96 96 1474
0
1
2
3
4
5
6
7
8
9
10
11
12
13
14
15
16
17
18
19
20
21
22
23
24
25
26
27
28
29
30
31
32
33
34
35
36
37
39
40
41
42
43
44
45
46
47
48
49
50
51
52
53
55
56
57
58
59
60
61
62
63
65
66
67
68
70
71
72
73
74
75
76
77
78
79
80
81
82
83
84
85
86
87
88
89
90
91
92
93
94
95
96
97
98
99
0 34
0 48
1 47
1 60
2 48
2 92
3 16
3 80
4 45
4 61
5 32
5 94
6 15
6 76
7 10
7 61
8 46
8 97
9 55
9 83
10 49
11 25
11 78
12 27
12 91
13 28
13 76
14 33
14 67
15 71
16 57
17 63
17 92
18 39
18 42
19 84
19 85
20 43
20 78
21 81
21 89
22 65
22 73
23 87
23 88
24 53
24 68
25 47
26 72
26 98
27 81
28 71
29 62
29 65
30 39
30 82
31 52
31 56
32 99
33 86
34 96
35 36
35 42
36 45
37 50
37 74
40 58
40 88
41 74
41 95
43 57
44 60
44 89
46 75
49 55
50 58
51 77
51 79
52 63
53 90
56 67
59 73
59 75
62 84
66 79
66 93
68 90
70 80
70 95
72 98
77 93
82 83
85 97
86 96
87 91
94 99
