115 115 2552
155
178
152
178
101
75
172
66
15
44
134
48
139
21
129
81
163
137
194
118
194
159
142
159
64
4
111
192
126
23
169
104
107
153
68
141
119
141
193
103
102
82
150
82
78
147
156
121
85
121
179
62
170
109
144
109
198
91
72
181
109
63
93
34
113
46
45
123
97
114
30
12
110
70
120
117
161
22
37
146
154
146
37
67
25
138
149
57
186
76
162
96
187
10
59
145
157
167
32
166
8
33
105
128
131
55
20
55
173
42
183
158
183
24
136
155 178
152 178
152 178
101 178
75 101
75 172
66 172
15 66
15 44
44 134
48 134
48 139
21 139
21 129
81 129
81 163
137 163
137 194
118 194
118 194
159 194
142 159
142 159
64 159
4 64
4 111
111 192
126 192
23 126
23 169
104 169
104 107
107 153
68 153
68 141
119 141
119 141
141 193
103 193
102 103
82 102
82 150
82 150
78 82
78 147
147 156
121 156
85 121
85 121
121 179
62 179
62 170
109 170
109 144
109 144
109 198
91 198
72 91
72 181
109 181
63 109
63 93
34 93
34 113
46 113
45 46
45 123
97 123
97 114
30 114
12 30
12 110
70 110
70 120
117 120
117 161
22 161
22 37
37 146
146 154
146 154
37 146
37 67
25 67
25 138
138 149
57 149
57 186
76 186
76 162
96 162
96 187
10 187
10 59
59 145
145 157
157 167
32 167
32 166
8 166
8 33
33 105
105 128
128 131
55 131
20 55
20 55
55 173
42 173
42 183
158 183
158 183
24 183
24 136
136 155
