100 100 1070
0
1
2
3
4
5
6
7
8
9
10
11
12
13
14
15
16
17
18
19
20
21
22
23
24
25
26
27
28
29
30
31
32
33
34
35
36
37
38
39
40
41
42
43
44
45
46
47
48
49
50
51
52
53
54
55
56
57
58
59
60
61
62
63
64
65
66
67
68
69
70
71
72
73
74
75
76
77
78
79
80
81
82
83
84
85
86
87
88
89
90
91
92
93
94
95
96
97
98
99
0 12
0 31
1 50
1 77
2 41
2 85
3 73
3 83
4 18
4 22
5 78
5 94
6 27
6 63
7 39
7 94
8 26
8 70
9 43
9 56
10 73
10 90
11 20
11 82
12 32
13 29
13 99
14 21
14 64
15 18
15 34
16 23
16 47
17 19
17 28
19 23
20 84
21 86
22 97
24 30
24 68
25 43
25 49
26 60
27 46
28 76
29 83
30 69
31 56
32 75
33 61
33 63
34 55
35 59
35 71
36 37
36 87
37 86
38 72
38 84
39 87
40 47
40 91
41 67
42 72
42 95
44 79
44 98
45 70
45 92
46 52
48 59
48 62
49 79
50 90
51 52
51 67
53 74
53 75
54 68
54 78
55 85
57 60
57 66
58 88
58 96
61 77
62 69
64 81
65 66
65 99
71 97
74 92
76 95
80 89
80 98
81 96
82 93
88 91
89 93
