Error code = 10013
Unable to write to file './output/N50D0.7K10T0P1.0/model.lp'

49 49 640
0
1
2
3
4
5
6
8
9
10
11
12
13
14
15
16
17
18
19
20
21
22
23
24
25
26
27
28
29
30
31
32
33
34
35
36
37
38
39
40
41
42
43
44
45
46
47
48
49
0 43
0 44
1 2
1 45
2 8
3 9
3 29
4 20
4 45
5 16
5 46
6 30
6 43
8 23
9 11
10 15
10 18
11 35
12 47
12 49
13 26
13 41
14 25
14 49
15 28
16 41
17 19
17 31
18 38
19 46
20 25
21 30
21 35
22 37
22 39
23 32
24 29
24 37
26 31
27 36
27 40
28 42
32 44
33 42
33 48
34 39
34 47
36 40
38 48
