199 199 1491
0
1
2
3
4
5
6
7
8
9
10
11
12
13
14
15
16
17
18
19
20
21
22
23
24
25
26
27
28
29
30
31
32
33
34
35
36
37
38
39
40
41
42
43
44
45
46
47
48
49
50
51
52
53
54
55
56
57
58
59
60
61
62
63
64
65
66
67
68
69
70
71
72
73
74
75
76
77
79
80
81
82
83
84
85
86
87
88
89
90
91
92
93
94
95
96
97
98
99
100
101
102
103
104
105
106
107
108
109
110
111
112
113
114
115
116
117
118
119
120
121
122
123
124
125
126
127
128
129
130
131
132
133
134
135
136
137
138
139
140
141
142
143
144
145
146
147
148
149
150
151
152
153
154
155
156
157
158
159
160
161
162
163
164
165
166
167
168
169
170
171
172
173
174
175
176
177
178
179
180
181
182
183
184
185
186
187
188
189
190
191
192
193
194
195
196
197
198
199
0 53
0 85
1 131
1 138
2 80
2 151
3 111
3 143
4 98
4 129
5 39
5 112
6 83
6 92
7 27
7 153
8 56
8 97
9 20
9 173
10 98
10 199
11 37
11 159
12 41
12 157
13 47
13 85
14 114
14 147
15 114
15 144
16 31
16 199
17 22
17 124
18 66
18 68
19 161
19 183
20 174
21 74
21 146
22 36
23 162
23 166
24 118
24 180
25 96
25 140
26 48
26 139
27 62
28 49
28 71
29 59
29 100
30 34
30 172
31 129
32 136
32 191
33 81
33 119
34 106
35 142
35 165
36 51
37 159
38 97
38 121
39 191
40 103
40 139
41 115
42 79
42 146
43 112
43 135
44 63
44 150
45 104
45 164
46 90
46 156
47 184
48 60
49 76
50 160
50 187
51 163
52 69
52 87
53 93
54 61
54 100
55 57
55 126
56 137
57 188
58 59
58 88
60 84
61 130
62 153
63 125
64 128
64 174
65 89
65 197
66 192
67 149
67 169
68 93
69 95
70 158
70 190
71 105
72 123
72 186
73 76
73 198
74 185
75 147
75 149
77 135
77 194
79 91
80 152
81 119
82 158
82 190
83 118
84 193
86 157
86 198
87 109
88 108
89 197
90 156
91 132
92 138
94 108
94 162
95 177
96 183
99 113
99 133
101 102
101 181
102 128
103 181
104 182
105 175
106 167
107 150
107 196
109 134
110 175
110 193
111 178
113 133
115 148
116 176
116 186
117 173
117 184
120 132
120 194
121 122
122 137
123 176
124 171
125 180
126 167
127 145
127 168
130 166
131 134
136 192
140 195
141 155
141 170
142 165
143 154
144 169
145 172
148 161
151 152
154 179
155 178
160 187
163 171
164 189
168 188
170 196
177 179
182 189
185 195
