83 83 843
0
1
2
3
4
5
7
8
9
10
11
12
13
14
15
16
17
18
19
20
22
23
24
25
26
27
28
29
30
32
34
35
36
37
38
39
40
41
43
44
45
46
47
48
49
51
52
53
54
55
56
58
59
60
62
64
65
66
67
68
69
70
71
74
75
76
77
79
80
82
85
86
87
88
89
91
92
93
94
95
97
98
99
0 39
0 52
1 46
1 74
2 13
2 24
3 39
3 69
4 26
4 37
5 9
5 54
7 68
7 88
8 12
8 22
9 54
10 40
10 43
11 80
11 97
12 29
13 76
14 49
14 89
15 66
15 71
16 27
16 87
17 35
17 99
18 19
18 47
19 25
20 88
20 93
22 46
23 91
23 95
24 49
25 71
26 37
27 53
28 75
28 80
29 32
30 38
30 62
32 43
34 64
34 67
35 82
36 51
36 85
38 62
40 44
41 59
41 95
44 58
45 65
45 94
47 66
48 77
48 92
51 79
52 75
53 56
55 60
55 86
56 70
58 59
60 86
64 67
65 70
68 93
69 91
74 87
76 85
77 92
79 89
82 99
94 98
97 98
