78 78 966
0
1
2
3
4
5
6
7
8
9
12
14
15
16
17
18
19
21
22
23
25
26
27
29
30
31
32
33
34
35
36
38
40
41
42
43
44
45
46
47
51
52
53
54
55
56
57
58
59
61
63
64
65
66
67
68
71
72
73
74
75
76
77
78
79
80
82
83
84
87
88
90
91
92
93
94
95
99
0 22
0 25
1 27
1 40
2 16
2 56
3 34
3 63
4 14
4 51
5 57
5 66
6 45
6 74
7 74
7 82
8 23
8 43
9 78
9 92
12 68
12 77
14 83
15 79
15 91
16 61
17 58
17 64
18 52
18 76
19 65
19 72
21 61
21 94
22 93
23 67
25 44
26 46
26 95
27 84
29 32
29 93
30 59
30 82
31 51
31 87
32 80
33 65
33 90
34 66
35 75
35 88
36 42
36 91
38 42
38 99
40 53
41 63
41 77
43 80
44 88
45 71
46 54
47 75
47 76
52 78
53 55
54 57
55 59
56 95
58 92
64 71
67 73
68 87
72 73
79 84
83 90
94 99
