100 100 945
0
1
2
3
4
5
6
7
8
9
10
11
12
13
14
15
16
17
18
19
20
21
22
23
24
25
26
27
28
29
30
31
32
33
34
35
36
37
38
39
40
41
42
43
44
45
46
47
48
49
50
51
52
53
54
55
56
57
58
59
60
61
62
63
64
65
66
67
68
69
70
71
72
73
74
75
76
77
78
79
80
81
82
83
84
85
86
87
88
89
90
91
92
93
94
95
96
97
98
99
0 33
0 67
1 52
1 74
2 10
2 65
3 23
3 37
4 9
4 38
5 48
5 70
6 54
6 87
7 61
7 90
8 41
8 91
9 37
10 65
11 57
11 72
12 49
12 66
13 44
13 60
14 67
14 84
15 34
15 59
16 47
16 78
17 33
17 92
18 82
18 83
19 21
19 29
20 24
20 42
21 22
22 57
23 27
24 81
25 31
25 46
26 51
26 93
27 42
28 45
28 98
29 98
30 50
30 94
31 58
32 55
32 86
34 64
35 49
35 66
36 41
36 73
38 70
39 85
39 91
40 54
40 81
43 63
43 68
44 85
45 72
46 58
47 69
48 84
50 99
51 88
52 75
53 56
53 78
55 86
56 69
59 79
60 89
61 80
62 95
62 99
63 68
64 79
71 74
71 75
73 89
76 96
76 97
77 87
77 88
80 90
82 83
92 93
94 95
96 97
