82 82 1692
67
110
165
188
74
72
160
185
52
137
47
19
54
38
66
81
164
63
180
43
50
6
190
46
51
82
108
97
86
27
78
187
122
113
41
113
118
20
109
14
13
31
123
107
168
105
49
105
34
111
99
84
2
69
183
21
183
44
104
106
116
62
95
59
68
102
64
61
163
166
70
83
73
42
184
77
184
114
39
65
7
148
67 110
110 165
165 188
74 188
72 74
72 160
160 185
52 185
52 137
47 137
19 47
19 54
38 54
38 66
66 81
81 164
63 164
63 180
43 180
43 50
6 50
6 190
46 190
46 51
51 82
82 108
97 108
86 97
27 86
27 78
78 187
122 187
113 122
41 113
41 113
113 118
20 118
20 109
14 109
13 14
13 31
31 123
107 123
107 168
105 168
49 105
49 105
34 105
34 111
99 111
84 99
2 84
2 69
69 183
21 183
21 183
44 183
44 104
104 106
106 116
62 116
62 95
59 95
59 68
68 102
64 102
61 64
61 163
163 166
70 166
70 83
73 83
42 73
42 184
77 184
77 184
114 184
39 114
39 65
7 65
7 148
67 148
