100 110 1635
0
1
2
3
4
5
6
7
8
9
10
11
12
13
14
15
16
17
18
19
20
21
22
23
24
25
26
27
28
29
30
31
32
33
34
35
36
37
38
39
40
41
42
43
44
45
46
47
48
49
50
51
52
53
54
55
56
57
58
59
60
61
62
63
64
65
66
67
68
69
70
71
72
73
74
75
76
77
78
79
80
81
82
83
84
85
86
87
88
89
90
91
92
93
94
95
96
97
98
99
0 14
0 55
1 6
1 58
2 26
2 67
46 67
3 5
3 60
4 22
4 81
5 9
6 37
7 76
7 77
8 32
8 50
5 9
5 42
10 16
10 52
11 61
11 61
61 91
12 23
12 23
23 28
13 24
13 47
47 63
14 80
15 19
15 85
16 25
17 58
17 80
18 32
18 54
19 88
20 40
20 89
21 29
21 84
22 99
23 77
24 95
25 40
26 86
27 71
27 93
28 59
29 31
30 57
30 66
29 31
29 97
30 33
30 66
33 75
34 78
34 79
35 76
35 93
36 37
36 64
38 62
38 83
39 49
39 64
5 41
5 42
41 48
43 67
43 70
44 56
44 85
45 48
48 73
45 96
46 67
47 51
47 63
48 73
49 72
50 61
51 69
52 84
53 71
71 74
53 87
54 92
55 68
56 92
57 83
59 74
60 98
62 81
65 90
65 94
68 87
69 82
70 90
71 89
72 95
75 94
78 97
79 88
82 96
86 98
91 99
