96 96 1509
0
1
2
3
4
5
6
8
9
10
11
12
13
14
15
16
17
18
19
21
22
23
24
25
26
27
28
29
30
31
32
33
34
35
36
37
39
40
41
42
43
44
45
46
47
48
49
50
51
52
53
54
55
56
57
58
59
60
61
62
63
64
65
66
67
68
69
70
71
72
73
74
75
76
77
78
79
80
81
82
83
84
85
86
87
88
89
90
91
92
93
94
96
97
98
99
0 6
0 73
1 23
1 51
2 12
2 63
3 62
3 83
4 45
4 86
5 10
5 99
6 42
8 60
8 78
9 13
9 21
10 75
11 22
11 83
12 92
13 29
14 45
14 54
15 49
15 52
16 24
16 30
17 47
17 78
18 31
18 72
19 46
19 56
21 28
22 74
23 92
24 90
25 27
25 46
26 58
26 70
27 82
28 50
29 84
30 96
31 59
32 56
32 76
33 51
33 81
34 43
34 55
35 49
35 94
36 79
36 91
37 44
37 69
39 66
39 99
40 64
40 67
41 53
41 91
42 50
43 59
44 97
47 55
48 90
48 97
52 68
53 65
54 73
57 62
57 65
58 82
60 76
61 85
61 89
63 81
64 98
66 71
67 75
68 87
69 96
70 77
71 86
72 98
74 80
77 88
79 80
84 87
85 93
88 94
89 93
