100 100 1579
0
1
2
3
4
5
6
7
8
9
10
11
12
13
14
15
16
17
18
19
20
21
22
23
24
25
26
27
28
29
30
31
32
33
34
35
36
37
38
39
40
41
42
43
44
45
46
47
48
49
50
51
52
53
54
55
56
57
58
59
60
61
62
63
64
65
66
67
68
69
70
71
72
73
74
75
76
77
78
79
80
81
82
83
84
85
86
87
88
89
90
91
92
93
94
95
96
97
98
99
0 25
0 38
1 41
1 92
2 7
2 43
3 66
3 82
4 46
4 98
5 44
5 60
6 49
6 93
7 81
8 9
8 14
9 60
10 71
10 89
11 36
11 46
12 57
12 59
13 51
13 58
14 78
15 63
15 92
16 62
16 68
17 18
17 91
18 27
19 83
19 84
20 32
20 70
21 50
21 77
22 52
22 85
23 27
23 74
24 31
24 48
25 34
26 98
26 99
28 39
28 80
29 91
29 97
30 74
30 97
31 95
32 85
33 69
33 99
34 45
35 69
35 72
36 80
37 55
37 78
38 87
39 71
40 47
40 76
41 73
42 55
42 76
43 64
44 50
45 86
47 77
48 95
49 65
51 89
52 58
53 64
53 66
54 65
54 83
56 68
56 94
57 90
59 86
61 67
61 96
62 87
63 79
67 88
70 94
72 81
73 75
75 79
82 84
88 96
90 93
