73 73 1173
46
75
27
57
16
28
9
54
44
55
81
78
62
39
8
41
98
50
29
92
80
7
43
26
76
47
3
65
82
63
1
84
5
51
31
72
20
15
20
90
74
83
79
56
52
32
95
68
64
86
91
85
91
24
66
93
36
93
48
35
59
40
19
88
58
37
49
94
45
25
11
21
61
46 75
27 75
27 57
16 57
16 28
9 28
9 54
44 54
44 55
55 81
78 81
62 78
39 62
8 39
8 41
41 98
50 98
29 50
29 92
80 92
7 80
7 43
26 43
26 76
47 76
3 47
3 65
65 82
63 82
1 63
1 84
5 84
5 51
31 51
31 72
20 72
15 20
15 20
20 90
74 90
74 83
79 83
56 79
52 56
32 52
32 95
68 95
64 68
64 86
86 91
85 91
85 91
24 91
24 66
66 93
36 93
36 93
48 93
35 48
35 59
40 59
19 40
19 88
58 88
37 58
37 49
49 94
45 94
25 45
11 25
11 21
21 61
46 61
