200 200 1531
0
1
2
3
4
5
6
7
8
9
10
11
12
13
14
15
16
17
18
19
20
21
22
23
24
25
26
27
28
29
30
31
32
33
34
35
36
37
38
39
40
41
42
43
44
45
46
47
48
49
50
51
52
53
54
55
56
57
58
59
60
61
62
63
64
65
66
67
68
69
70
71
72
73
74
75
76
77
78
79
80
81
82
83
84
85
86
87
88
89
90
91
92
93
94
95
96
97
98
99
100
101
102
103
104
105
106
107
108
109
110
111
112
113
114
115
116
117
118
119
120
121
122
123
124
125
126
127
128
129
130
131
132
133
134
135
136
137
138
139
140
141
142
143
144
145
146
147
148
149
150
151
152
153
154
155
156
157
158
159
160
161
162
163
164
165
166
167
168
169
170
171
172
173
174
175
176
177
178
179
180
181
182
183
184
185
186
187
188
189
190
191
192
193
194
195
196
197
198
199
0 78
0 130
1 90
1 146
2 121
2 151
3 77
3 135
4 65
4 136
5 57
5 185
6 62
6 164
7 144
7 181
8 116
8 127
9 41
9 71
10 27
10 55
11 80
11 156
12 73
12 170
13 37
13 83
14 68
14 173
15 33
15 73
16 99
16 175
17 115
17 165
18 98
18 120
19 113
19 125
20 172
20 188
21 43
21 134
22 51
22 109
23 24
23 38
24 173
25 52
25 97
26 61
26 95
27 55
28 46
28 82
29 62
29 179
30 74
30 166
31 156
31 190
32 40
32 58
33 170
34 92
34 147
35 60
35 159
36 58
36 67
37 94
38 192
39 45
39 148
40 77
41 91
42 123
42 154
43 131
44 79
44 151
45 66
46 82
47 117
47 140
48 169
48 189
49 64
49 178
50 84
50 183
51 124
52 150
53 57
53 167
54 76
54 188
56 114
56 198
59 70
59 162
60 143
61 95
63 69
63 86
64 152
65 86
66 99
67 70
68 192
69 178
71 106
72 101
72 102
74 83
75 96
75 141
76 172
78 149
79 81
80 119
81 150
84 183
85 140
85 161
87 160
87 169
88 104
88 111
89 137
89 142
90 186
91 135
92 153
93 102
93 189
94 126
96 199
97 121
98 184
100 112
100 138
101 134
103 122
103 191
104 195
105 129
105 130
106 133
107 152
107 163
108 171
108 195
109 139
110 141
110 177
111 182
112 194
113 125
114 155
115 129
116 159
117 160
118 153
118 165
119 163
120 171
122 126
123 193
124 166
127 184
128 138
128 167
131 158
132 158
132 176
133 168
136 145
137 180
139 148
142 180
143 176
144 181
145 197
146 186
147 157
149 175
154 187
155 198
157 187
161 177
162 199
164 179
168 193
174 196
174 197
182 185
190 196
191 194
