50 102 767
0
1
2
3
4
5
6
7
8
9
10
11
12
13
14
15
16
17
18
19
20
21
22
23
24
25
26
27
28
29
30
31
32
33
34
35
36
37
38
39
40
41
42
43
44
45
46
47
48
49
0 7
0 7
0 7
7 28
7 28
1 40
1 40
1 47
1 47
2 7
2 7
2 39
2 39
3 6
3 6
3 34
3 34
4 10
4 10
4 13
4 13
5 12
5 12
5 37
5 37
6 20
6 20
8 12
8 12
8 46
8 46
9 19
9 19
9 29
9 29
10 30
10 30
11 25
11 25
11 48
11 48
13 34
13 34
14 16
14 16
14 33
14 33
15 23
15 23
15 26
15 26
16 44
16 44
17 22
17 22
17 31
17 31
18 35
18 35
18 39
18 39
19 43
19 43
20 27
20 27
21 35
21 35
21 43
21 43
22 36
22 36
23 24
23 24
24 45
24 45
25 41
25 41
26 38
26 38
27 38
27 38
28 42
28 42
29 30
29 30
31 49
31 49
32 41
41 40
41 40
32 41
32 41
33 45
33 45
36 48
36 48
37 42
37 42
44 47
44 47
46 49
46 49
