99 99 876
0
1
2
3
4
5
6
7
8
9
10
11
12
13
14
15
16
17
19
20
21
22
23
24
25
26
27
28
29
30
31
32
33
34
35
36
37
38
39
40
41
42
43
44
45
46
47
48
49
50
51
52
53
54
55
56
57
58
59
60
61
62
63
64
65
66
67
68
69
70
71
72
73
74
75
76
77
78
79
80
81
82
83
84
85
86
87
88
89
90
91
92
93
94
95
96
97
98
99
0 45
0 52
1 63
1 77
2 15
2 70
3 85
3 89
4 66
4 79
5 9
5 57
6 69
6 87
7 44
7 92
8 40
8 55
9 83
10 11
10 36
11 36
12 30
12 80
13 84
13 89
14 33
14 99
15 97
16 60
16 63
17 58
17 75
19 61
19 67
20 21
20 99
21 25
22 48
22 68
23 71
23 81
24 56
24 57
25 64
26 32
26 72
27 46
27 93
28 65
28 88
29 90
29 98
30 39
31 53
31 59
32 72
33 38
34 35
34 95
35 94
37 62
37 78
38 82
39 74
40 55
41 73
41 76
42 60
42 87
43 49
43 50
44 70
45 96
46 51
47 51
47 62
48 86
49 50
52 69
53 91
54 68
54 85
56 81
58 66
59 91
61 67
64 82
65 84
71 80
73 76
74 86
75 79
77 96
78 93
83 92
88 97
90 98
94 95
