98 98 1425
0
1
2
3
4
5
6
7
8
9
11
12
13
14
15
16
17
18
19
20
21
22
23
24
25
26
27
28
29
30
31
32
33
34
35
36
37
38
39
40
41
42
43
44
45
46
47
48
49
50
51
52
53
54
56
57
58
59
60
61
62
63
64
65
66
67
68
69
70
71
72
73
74
75
76
77
78
79
80
81
82
83
84
85
86
87
88
89
90
91
92
93
94
95
96
97
98
99
0 58
0 93
1 48
1 99
2 7
2 17
3 7
3 26
4 12
4 87
5 25
5 59
6 12
6 54
8 33
8 92
9 67
9 68
11 29
11 31
13 60
13 84
14 72
14 88
15 46
15 97
16 59
16 76
17 41
18 86
18 90
19 28
19 71
20 91
21 54
21 64
22 35
22 71
23 44
23 90
24 43
24 78
25 70
26 42
27 47
27 78
28 82
29 62
30 75
30 95
31 32
32 44
33 66
34 39
34 73
35 60
36 40
36 43
37 66
37 98
38 85
38 88
39 69
40 62
41 46
42 97
45 68
45 83
47 94
48 86
49 74
49 76
50 52
50 56
51 72
51 75
52 56
53 65
53 77
57 95
57 96
58 93
61 79
61 87
63 96
63 99
64 83
65 70
67 69
73 79
74 91
77 81
80 94
80 98
81 89
82 92
84 20
85 89
