84 84 864
0
1
2
3
4
5
6
7
8
9
10
11
12
13
14
15
16
17
18
19
20
21
22
23
24
25
27
28
31
32
33
34
35
36
37
38
39
40
41
42
43
47
48
49
50
51
52
53
54
55
56
57
58
59
60
61
66
68
69
70
71
72
73
74
75
76
77
78
80
81
82
83
84
87
88
90
91
92
93
94
95
96
98
99
0 42
0 82
1 7
1 99
2 5
2 6
3 17
3 91
4 47
4 90
5 6
7 73
8 35
8 90
9 28
9 74
10 36
10 39
11 52
11 57
12 59
12 88
13 33
13 93
14 19
14 69
15 24
15 27
16 69
16 80
17 38
18 31
18 81
19 80
20 25
20 82
21 23
21 81
22 87
22 96
23 92
24 37
25 76
27 37
28 51
31 50
32 71
32 75
33 94
34 53
34 95
35 61
36 60
38 91
39 61
40 60
40 98
41 71
41 75
42 95
43 58
43 77
47 66
48 55
48 77
49 54
49 98
50 83
51 74
52 57
53 76
54 68
55 70
56 72
56 87
58 70
59 88
66 73
68 84
72 96
78 93
78 94
83 92
84 99
