50 107 922
0
1
2
3
4
5
6
7
8
9
10
11
12
13
14
15
16
17
18
19
20
21
22
23
24
25
26
27
28
29
30
31
32
33
34
35
36
37
38
39
40
41
42
43
44
45
46
47
48
49
0 38
0 38
0 42
0 42
1 9
1 9
1 49
1 49
2 4
2 4
2 23
2 23
3 8
3 8
3 44
3 44
4 40
4 40
5 29
5 29
5 37
5 37
6 43
6 43
6 48
6 48
7 24
7 24
7 28
7 28
8 31
8 31
9 33
9 33
10 40
40 11
40 11
10 22
10 22
11 27
27 47
27 47
12 14
12 14
12 19
12 19
13 19
13 19
13 19
19 46
19 46
14 5
5 20
5 20
15 29
15 29
15 39
15 39
16 30
16 30
16 36
16 36
17 21
17 21
17 48
17 48
18 27
18 27
18 41
18 41
20 5
5 32
5 32
21 17
17 31
17 31
22 40
22 40
23 25
23 25
24 35
24 35
25 38
25 38
26 42
26 42
26 45
26 45
27 47
27 47
28 46
28 46
30 35
30 35
32 34
32 34
33 45
33 45
34 37
34 37
36 43
36 43
39 49
39 49
41 18
18 44
18 44
