213 213 1392
101
22
198
120
88
155
53
44
92
55
87
13
20
29
33
6
5
57
59
106
138
106
138
106
138
26
192
27
177
66
48
43
48
181
139
135
17
8
1
160
14
166
85
28
126
112
151
71
37
150
117
0
103
68
40
170
102
129
113
56
125
23
130
140
141
161
174
80
70
3
16
148
149
169
30
54
79
197
98
194
79
82
96
110
60
175
12
179
51
36
86
153
31
159
2
81
172
105
4
50
100
64
163
121
154
122
128
167
41
108
143
35
145
188
119
157
119
45
193
187
123
158
147
90
162
63
195
118
18
65
116
152
94
156
136
39
144
173
89
190
191
89
176
132
176
42
11
25
146
9
52
47
168
46
189
196
107
134
77
142
21
78
38
83
74
61
165
76
199
75
171
124
99
124
109
114
58
183
62
19
180
111
67
32
7
49
15
185
127
133
104
97
95
178
93
137
131
137
84
10
24
34
73
91
69
164
186
164
72
182
115
101
184
22 101
22 198
120 198
88 120
88 155
53 155
44 53
44 92
55 92
55 87
13 87
13 20
20 29
29 33
6 33
5 6
5 57
57 59
59 106
106 138
106 138
106 138
106 138
106 138
26 138
26 192
27 192
27 177
66 177
48 66
43 48
43 48
48 181
139 181
135 139
17 135
8 17
1 8
1 160
14 160
14 166
85 166
28 85
28 126
112 126
112 151
71 151
37 71
37 150
117 150
0 117
0 103
68 103
40 68
40 170
102 170
102 129
113 129
56 113
56 125
23 125
23 130
130 140
140 141
141 161
161 174
80 174
70 80
3 70
3 16
16 148
148 149
149 169
30 169
30 54
54 79
79 197
98 197
98 194
79 194
79 82
82 96
96 110
60 110
60 175
12 175
12 179
51 179
36 51
36 86
86 153
31 153
31 159
2 159
2 81
81 172
105 172
4 105
4 50
50 100
64 100
64 163
121 163
121 154
122 154
122 128
128 167
41 167
41 108
108 143
35 143
35 145
145 188
119 188
119 157
119 157
45 119
45 193
187 193
123 187
123 158
147 158
90 147
90 162
63 162
63 195
118 195
18 118
18 65
65 116
116 152
94 152
94 156
136 156
39 136
39 144
144 173
89 173
89 190
190 191
89 191
89 176
132 176
132 176
42 176
11 42
11 25
25 146
9 146
9 52
47 52
47 168
46 168
46 189
189 196
107 196
107 134
77 134
77 142
21 142
21 78
38 78
38 83
74 83
61 74
61 165
76 165
76 199
75 199
75 171
124 171
99 124
99 124
109 124
109 114
58 114
58 183
62 183
19 62
19 180
111 180
67 111
32 67
7 32
7 49
15 49
15 185
127 185
127 133
104 133
97 104
95 97
95 178
93 178
93 137
131 137
131 137
84 137
10 84
10 24
24 34
34 73
73 91
69 91
69 164
164 186
164 186
72 164
72 182
115 182
101 115
101 184
101 184
