76 76 1072
0
1
2
3
4
5
6
12
14
15
16
17
20
21
22
23
25
26
27
28
29
30
32
33
35
36
39
40
41
42
43
45
46
47
48
49
50
51
53
56
57
58
60
61
62
63
64
66
68
69
70
71
72
73
74
75
76
77
79
80
81
82
84
85
86
87
88
89
90
91
92
93
96
97
98
99
0 48
0 97
1 40
1 71
2 15
2 88
3 47
3 51
4 68
4 72
5 26
5 29
6 32
6 39
12 22
12 90
14 66
14 92
15 28
16 33
16 49
17 22
17 85
20 32
20 35
21 42
21 66
23 48
23 58
25 60
25 68
26 40
27 77
27 99
28 96
29 87
30 46
30 80
33 76
35 82
36 56
36 69
39 93
41 47
41 71
42 62
43 76
43 96
45 73
45 80
46 79
49 81
50 60
50 84
51 91
53 63
53 64
56 99
57 82
57 98
58 77
61 87
61 93
62 74
63 75
64 70
69 98
70 86
72 73
74 88
75 91
79 89
81 84
85 86
89 90
92 97
