100 100 1008
0
1
2
3
4
5
6
7
8
9
10
11
12
13
14
15
16
17
18
19
20
21
22
23
24
25
26
27
28
29
30
31
32
33
34
35
36
37
38
39
40
41
42
43
44
45
46
47
48
49
50
51
52
53
54
55
56
57
58
59
60
61
62
63
64
65
66
67
68
69
70
71
72
73
74
75
76
77
78
79
80
81
82
83
84
85
86
87
88
89
90
91
92
93
94
95
96
97
98
99
0 40
0 78
1 7
1 88
2 58
2 63
3 21
3 63
4 41
4 59
5 27
5 30
6 20
6 28
7 88
8 26
8 86
9 22
9 85
10 60
10 80
11 29
11 43
12 39
12 48
13 32
13 96
14 19
14 35
15 64
15 97
16 51
16 99
17 33
17 44
18 34
18 83
19 56
20 45
21 75
22 80
23 53
23 87
24 42
24 51
25 42
25 77
26 67
27 49
28 95
29 31
30 55
31 79
32 85
33 66
34 83
35 74
36 49
36 94
37 81
37 89
38 41
38 59
39 90
40 55
43 72
44 98
45 90
46 54
46 69
47 53
47 71
48 92
50 65
50 92
52 74
52 81
54 91
56 94
57 72
57 82
58 61
60 96
61 66
62 76
62 84
64 84
65 97
67 86
68 79
68 82
69 70
70 71
73 93
73 98
75 99
76 87
77 91
78 89
93 95
