100 100 1333
0
1
2
3
4
5
6
7
8
9
10
11
12
13
14
15
16
17
18
19
20
21
22
23
24
25
26
27
28
29
30
31
32
33
34
35
36
37
38
39
40
41
42
43
44
45
46
47
48
49
50
51
52
53
54
55
56
57
58
59
60
61
62
63
64
65
66
67
68
69
70
71
72
73
74
75
76
77
78
79
80
81
82
83
84
85
86
87
88
89
90
91
92
93
94
95
96
97
98
99
0 16
0 27
1 65
1 80
2 46
2 68
3 65
3 67
4 31
4 50
5 10
5 72
6 36
6 42
7 71
7 78
8 53
8 90
9 29
9 57
10 87
11 49
11 94
12 18
12 21
13 32
13 72
14 92
14 97
15 35
15 47
16 73
17 59
17 93
18 57
19 21
19 25
20 69
20 82
22 54
22 98
23 73
23 80
24 30
24 70
25 77
26 74
26 83
27 93
28 52
28 76
29 32
30 56
31 56
33 75
33 79
34 50
34 95
35 44
36 59
37 66
37 79
38 51
38 95
39 51
39 82
40 75
40 84
41 81
41 99
42 45
43 86
43 88
44 83
45 64
46 99
47 85
48 61
48 94
49 60
52 60
53 92
54 91
55 62
55 85
58 81
58 96
61 87
62 89
63 68
63 71
64 88
66 86
67 89
69 84
70 91
74 96
76 97
77 78
90 98
