99 98 1112
0
1
2
3
4
5
6
7
8
9
10
11
12
14
15
16
17
18
19
20
21
22
23
24
25
26
27
28
29
30
31
32
33
34
35
36
37
38
39
40
41
42
43
44
45
46
47
48
49
50
51
52
53
54
55
56
57
58
59
60
61
62
63
64
65
66
67
68
69
70
71
72
73
74
75
76
77
78
79
80
81
82
83
84
85
86
87
88
89
90
91
92
93
94
95
96
97
98
99
0 2
0 76
1 22
1 55
2 90
3 21
3 42
4 30
4 39
5 11
5 93
6 72
6 81
7 23
7 46
8 68
8 94
9 28
9 47
10 36
10 88
11 70
12 37
12 89
14 65
14 91
16 51
16 63
17 34
17 40
18 79
18 83
19 36
19 44
20 45
20 75
21 56
22 88
23 89
24 26
24 55
25 49
25 85
26 68
27 82
27 95
28 57
29 43
29 96
30 59
31 69
31 97
32 52
32 83
33 42
33 72
34 43
35 50
35 94
37 61
38 59
38 60
39 49
40 69
41 80
41 92
44 98
45 73
46 99
47 71
48 15
50 98
51 81
52 79
53 66
53 84
54 90
54 92
56 74
57 73
58 65
58 97
60 78
61 62
62 70
63 64
64 74
66 84
67 71
67 96
75 87
76 78
77 86
77 91
80 86
82 95
85 87
93 99
