69 69 1060
0
2
4
5
8
9
11
12
13
14
15
16
20
21
25
26
28
29
30
32
34
35
37
38
39
40
41
43
44
46
48
50
51
52
53
54
55
56
57
58
59
60
61
62
64
65
68
69
71
72
74
76
77
79
81
82
83
85
86
87
88
89
90
92
93
94
96
97
98
0 26
0 89
2 52
2 59
4 30
4 79
5 59
5 96
8 62
8 82
9 32
9 41
11 25
11 71
12 20
12 57
13 58
13 97
14 34
14 52
15 41
15 81
16 77
16 86
20 56
21 60
21 62
25 39
26 35
28 50
28 79
29 46
29 85
30 92
32 83
34 57
35 55
37 69
37 92
38 68
38 87
39 64
40 60
40 81
43 44
43 58
44 88
46 88
48 53
48 54
50 93
51 74
51 96
53 82
54 56
55 93
61 74
61 76
64 98
65 71
65 94
68 94
69 85
72 83
72 97
76 86
77 87
89 90
90 98
