85 85 1482
37
45
22
43
23
19
32
19
26
19
23
43
28
20
46
20
3
20
28
30
27
30
31
10
21
18
21
16
11
38
29
48
34
48
17
7
24
36
24
7
24
12
2
44
24
7
24
12
24
7
24
7
49
47
15
47
8
40
35
29
11
39
33
5
0
5
33
39
14
21
16
21
18
42
6
4
9
21
13
27
30
22
1
25
41
37 45
22 45
22 43
23 43
19 23
19 32
19 32
19 26
19 26
19 23
23 43
28 43
20 28
20 46
20 46
3 20
3 20
20 28
28 30
27 30
27 30
30 31
10 31
10 21
18 21
18 21
16 21
11 16
11 38
29 38
29 48
34 48
34 48
17 48
7 17
7 24
24 36
24 36
7 24
7 24
12 24
2 12
2 44
24 44
7 24
7 24
12 24
12 24
7 24
7 24
7 24
7 49
47 49
15 47
15 47
8 47
8 40
35 40
29 35
11 29
11 39
33 39
5 33
0 5
0 5
5 33
33 39
14 39
14 21
16 21
16 21
18 21
18 42
6 42
4 6
4 9
9 21
13 21
13 27
27 30
22 30
1 22
1 25
25 41
37 41
