91 91 1094
0
1
2
3
4
5
6
7
8
10
12
13
14
15
16
17
18
19
20
21
22
23
24
25
26
27
29
30
31
32
33
34
35
36
37
38
39
40
41
42
43
44
45
46
47
48
49
50
51
52
54
55
57
58
59
60
61
62
63
64
66
67
68
69
70
71
72
73
74
75
76
77
78
79
80
81
82
83
84
85
86
87
88
90
92
93
94
96
97
98
99
0 42
0 47
1 51
1 58
2 62
2 83
3 5
3 66
4 18
4 31
5 59
6 36
6 69
7 14
7 47
8 66
8 73
10 87
10 96
12 41
12 90
13 15
13 25
14 72
15 20
16 52
16 64
17 27
17 60
18 81
19 23
19 43
20 25
21 73
21 84
22 90
22 98
23 87
24 50
24 57
26 42
26 75
27 82
29 35
29 41
30 44
30 45
31 81
32 76
32 99
33 55
33 70
34 94
34 97
35 49
36 74
37 48
37 63
38 60
38 85
39 62
39 83
40 84
40 88
43 92
44 45
46 67
46 93
48 79
49 98
50 57
51 55
52 78
54 86
54 94
58 72
59 68
61 63
61 77
64 80
67 99
68 88
69 93
70 96
71 80
71 92
74 82
75 76
77 79
78 85
86 97
