100 100 1079
0
1
2
3
4
5
6
7
8
9
10
11
12
13
14
15
16
17
18
19
20
21
22
23
24
25
26
27
28
29
30
31
32
33
34
35
36
37
38
39
40
41
42
43
44
45
46
47
48
49
50
51
52
53
54
55
56
57
58
59
60
61
62
63
64
65
66
67
68
69
70
71
72
73
74
75
76
77
78
79
80
81
82
83
84
85
86
87
88
89
90
91
92
93
94
95
96
97
98
99
0 50
0 55
1 69
1 96
2 34
2 49
3 6
3 11
4 42
4 83
5 35
5 50
6 30
7 21
7 71
8 51
8 55
9 29
9 45
10 59
10 63
11 88
12 81
12 91
13 21
13 74
14 61
14 80
15 34
15 49
16 26
16 27
17 69
17 94
18 24
18 64
19 38
19 52
20 48
20 92
22 86
22 93
23 79
23 92
24 87
25 37
25 60
26 28
27 44
28 76
29 45
30 62
31 87
31 99
32 71
32 77
33 47
33 90
35 85
36 56
36 64
37 60
38 75
39 96
39 97
40 44
40 74
41 86
41 89
42 81
43 68
43 80
46 73
46 98
47 73
48 79
51 99
52 54
53 72
53 94
54 61
56 84
57 65
57 84
58 78
58 97
59 63
62 67
65 72
66 78
66 90
67 76
68 95
70 82
70 89
75 98
77 85
82 93
83 88
91 95
