213 213 1420
101
115
164
186
164
69
73
91
72
182
177
27
192
26
138
106
59
57
151
112
190
89
176
132
176
89
191
89
176
89
176
42
144
11
52
9
146
196
107
189
47
168
110
60
175
153
31
159
2
46
153
86
36
51
12
179
174
161
80
148
16
70
3
30
79
54
169
140
141
140
149
124
99
130
23
125
56
113
129
170
102
62
183
58
19
180
40
68
103
0
117
150
104
133
127
185
93
178
97
37
1
160
28
126
71
166
85
14
8
17
135
139
181
48
43
48
66
48
131
34
24
137
84
10
95
15
49
7
32
67
111
114
109
171
75
76
165
74
61
199
197
194
98
83
38
78
21
134
77
96
82
142
173
136
39
136
156
25
163
121
64
100
4
105
172
81
50
154
122
128
143
145
35
108
167
41
94
152
195
118
158
147
90
162
63
188
119
157
119
45
193
187
123
155
53
18
65
116
33
6
5
29
20
13
87
44
92
55
88
120
198
22
184
101 115
115 164
164 186
164 186
69 164
69 73
73 91
72 91
72 182
177 182
27 177
27 192
26 192
26 138
106 138
59 106
57 59
57 151
112 151
112 190
89 190
89 176
132 176
132 176
89 176
89 191
89 191
89 176
89 176
89 176
42 176
42 144
11 144
11 52
9 52
9 146
146 196
107 196
107 189
47 189
47 168
110 168
60 110
60 175
153 175
31 153
31 159
2 159
2 46
46 153
86 153
36 86
36 51
12 51
12 179
174 179
161 174
80 161
80 148
16 148
16 70
3 70
3 30
30 79
54 79
54 169
140 169
140 141
140 141
140 149
124 149
99 124
99 130
23 130
23 125
56 125
56 113
113 129
129 170
102 170
62 102
62 183
58 183
19 58
19 180
40 180
40 68
68 103
0 103
0 117
117 150
104 150
104 133
127 133
127 185
93 185
93 178
97 178
37 97
1 37
1 160
28 160
28 126
71 126
71 166
85 166
14 85
8 14
8 17
17 135
135 139
139 181
48 181
43 48
43 48
48 66
48 66
48 131
34 131
24 34
24 137
84 137
10 84
10 95
15 95
15 49
7 49
7 32
32 67
67 111
111 114
109 114
109 171
75 171
75 76
76 165
74 165
61 74
61 199
197 199
194 197
98 194
83 98
38 83
38 78
21 78
21 134
77 134
77 96
82 96
82 142
142 173
136 173
39 136
39 136
136 156
25 156
25 163
121 163
64 121
64 100
4 100
4 105
105 172
81 172
50 81
50 154
122 154
122 128
128 143
143 145
35 145
35 108
108 167
41 167
41 94
94 152
152 195
118 195
118 158
147 158
90 147
90 162
63 162
63 188
119 188
119 157
119 157
45 119
45 193
187 193
123 187
123 155
53 155
18 53
18 65
65 116
33 116
6 33
5 6
5 29
20 29
13 20
13 87
44 87
44 92
55 92
55 88
88 120
120 198
22 198
22 184
101 184
