100 100 952
0
1
2
3
4
5
6
7
8
9
10
11
12
13
14
15
16
17
18
19
20
21
22
23
24
25
26
27
28
29
30
31
32
33
34
35
36
37
38
39
40
41
42
43
44
45
46
47
48
49
50
51
52
53
54
55
56
57
58
59
60
61
62
63
64
65
66
67
68
69
70
71
72
73
74
75
76
77
78
79
80
81
82
83
84
85
86
87
88
89
90
91
92
93
94
95
96
97
98
99
0 60
0 68
1 29
1 79
2 24
2 99
3 19
3 48
4 51
4 86
5 9
5 69
6 29
6 79
7 69
7 96
8 31
8 95
9 76
10 40
10 68
11 57
11 60
12 55
12 61
13 37
13 84
14 34
14 49
15 77
15 90
16 44
16 50
17 46
17 76
18 82
18 99
19 48
20 40
20 52
21 32
21 47
22 28
22 46
23 27
23 78
24 54
25 87
25 98
26 58
26 87
27 39
28 65
30 59
30 80
31 43
32 93
33 42
33 70
34 75
35 80
35 94
36 72
36 91
37 97
38 71
38 83
39 74
41 63
41 89
42 65
43 53
44 50
45 63
45 89
47 96
49 98
51 75
52 94
53 95
54 66
55 61
56 64
56 86
57 83
58 59
62 67
62 97
64 70
66 73
67 78
71 93
72 81
73 74
77 90
81 91
82 88
84 92
85 88
85 92
