96 96 1050
0
1
2
3
4
5
6
7
8
10
11
12
13
14
15
17
19
20
21
22
23
24
25
26
27
28
29
30
31
32
33
34
35
36
38
39
40
41
42
43
44
45
46
47
48
49
50
51
52
53
54
55
56
57
58
59
60
61
62
63
64
65
66
67
68
69
70
71
72
73
74
75
76
77
78
79
80
81
82
83
84
85
86
87
88
89
90
91
92
93
94
95
96
97
98
99
0 21
0 65
1 2
1 8
2 70
3 36
3 78
4 13
4 35
5 23
5 49
6 14
6 51
7 31
7 81
8 42
10 20
10 68
11 75
11 93
12 13
12 72
14 62
15 39
15 78
17 19
17 26
19 26
20 66
21 43
22 24
22 97
23 34
24 97
25 40
25 88
27 54
27 56
28 89
28 95
29 53
29 98
30 42
30 70
31 91
32 41
32 55
33 64
33 79
34 57
35 85
36 52
38 87
38 94
39 60
40 88
41 55
43 59
44 81
44 91
45 73
45 90
46 76
46 99
47 87
47 95
48 58
48 60
49 61
50 53
50 98
51 58
52 86
54 56
57 66
59 80
61 71
62 67
63 86
63 96
64 69
65 80
67 96
68 71
69 82
72 85
73 84
74 83
74 84
75 77
76 77
79 82
83 92
89 93
90 92
94 99
