100 100 860
0
1
2
3
4
5
6
7
8
9
10
11
12
13
14
15
16
17
18
19
20
21
22
23
24
25
26
27
28
29
30
31
32
33
34
35
36
37
38
39
40
41
42
43
44
45
46
47
48
49
50
51
52
53
54
55
56
57
58
59
60
61
62
63
64
65
66
67
68
69
70
71
72
73
74
75
76
77
78
79
80
81
82
83
84
85
86
87
88
89
90
91
92
93
94
95
96
97
98
99
0 15
0 53
1 35
1 62
2 64
2 84
3 88
3 93
4 19
4 69
5 38
5 60
6 52
6 90
7 12
7 55
8 77
8 95
9 68
9 87
10 46
10 53
11 14
11 72
12 32
13 54
13 76
14 79
15 86
16 67
16 96
17 43
17 48
18 22
18 23
19 56
20 58
20 70
21 78
21 94
22 47
23 99
24 49
24 73
25 54
25 82
26 36
26 91
27 51
27 61
28 31
28 44
29 63
29 92
30 57
30 70
31 85
32 56
33 65
33 73
34 35
34 77
36 82
37 45
37 80
38 50
39 40
39 42
40 98
41 84
41 89
42 98
43 48
44 85
45 80
46 79
47 68
49 92
50 83
51 74
52 90
55 83
57 81
58 66
59 71
59 97
60 75
61 62
63 69
64 87
65 95
66 81
67 96
71 74
72 75
76 97
78 88
86 94
89 93
91 99
