228 228 1705
179
173
35
43
100
176
88
122
96
157
80
184
165
33
113
42
132
123
160
11
109
11
149
135
16
105
180
15
127
79
127
12
108
134
19
134
85
98
52
143
52
102
52
14
67
4
155
103
155
66
5
115
133
115
189
115
120
192
120
27
174
63
151
55
99
152
99
78
31
30
8
6
8
30
147
110
188
101
129
146
128
146
129
62
112
106
74
87
182
81
32
175
185
77
198
150
163
93
56
23
65
171
140
74
95
64
177
194
45
97
21
41
196
48
38
50
172
13
116
199
181
190
69
161
107
125
121
169
71
59
83
18
83
111
44
34
68
158
119
39
119
158
183
154
75
148
154
139
20
72
1
156
37
170
178
76
70
195
3
91
70
76
37
166
90
61
130
9
22
142
90
104
90
94
114
40
46
124
168
124
10
54
159
138
164
26
29
47
136
138
117
60
57
53
86
92
73
7
144
193
28
126
141
49
191
197
58
2
153
24
187
24
25
84
186
51
145
137
82
118
17
162
0
36
0
167
131
89
173 179
35 173
35 43
43 100
100 176
88 176
88 122
96 122
96 157
80 157
80 184
165 184
33 165
33 113
42 113
42 132
123 132
123 160
11 160
11 109
11 109
11 149
135 149
16 135
16 105
105 180
15 180
15 127
79 127
79 127
12 127
12 108
108 134
19 134
19 134
85 134
85 98
52 98
52 143
52 143
52 102
52 102
14 52
14 67
4 67
4 155
103 155
103 155
66 155
5 66
5 115
115 133
115 133
115 189
115 189
115 120
120 192
120 192
27 120
27 174
63 174
63 151
55 151
55 99
99 152
99 152
78 99
31 78
30 31
8 30
6 8
6 8
8 30
30 147
110 147
110 188
101 188
101 129
129 146
128 146
128 146
129 146
62 129
62 112
106 112
74 106
74 87
87 182
81 182
32 81
32 175
175 185
77 185
77 198
150 198
150 163
93 163
56 93
23 56
23 65
65 171
140 171
74 140
74 95
64 95
64 177
177 194
45 194
45 97
21 97
21 41
41 196
48 196
38 48
38 50
50 172
13 172
13 116
116 199
181 199
181 190
69 190
69 161
107 161
107 125
121 125
121 169
71 169
59 71
59 83
18 83
18 83
83 111
44 111
34 44
34 68
68 158
119 158
39 119
39 119
119 158
158 183
154 183
75 154
75 148
148 154
139 154
20 139
20 72
1 72
1 156
37 156
37 170
170 178
76 178
70 76
70 195
3 195
3 91
70 91
70 76
37 76
37 166
90 166
61 90
61 130
9 130
9 22
22 142
90 142
90 104
90 104
90 94
94 114
40 114
40 46
46 124
124 168
124 168
10 124
10 54
54 159
138 159
138 164
26 164
26 29
29 47
47 136
136 138
117 138
60 117
57 60
53 57
53 86
86 92
73 92
7 73
7 144
144 193
28 193
28 126
126 141
49 141
49 191
191 197
58 197
2 58
2 153
24 153
24 187
24 187
24 25
25 84
84 186
51 186
51 145
137 145
82 137
82 118
17 118
17 162
0 162
0 36
0 36
0 167
131 167
89 131
89 179
