100 100 868
0
1
2
3
4
5
6
7
8
9
10
11
12
13
14
15
16
17
18
19
20
21
22
23
24
25
26
27
28
29
30
31
32
33
34
35
36
37
38
39
40
41
42
43
44
45
46
47
48
49
50
51
52
53
54
55
56
57
58
59
60
61
62
63
64
65
66
67
68
69
70
71
72
73
74
75
76
77
78
79
80
81
82
83
84
85
86
87
88
89
90
91
92
93
94
95
96
97
98
99
0 18
0 32
1 83
1 91
2 22
2 62
3 8
3 79
4 15
4 81
5 46
5 62
6 87
6 89
7 11
7 65
8 48
9 56
9 88
10 54
10 63
11 19
12 28
12 86
13 50
13 95
14 21
14 73
15 25
16 40
16 70
17 38
17 82
18 98
19 92
20 22
20 49
21 36
23 55
23 95
24 74
24 80
25 81
26 42
26 58
27 59
27 85
28 85
29 31
29 57
30 45
30 74
31 39
32 92
33 46
33 49
34 69
34 70
35 75
35 76
36 72
37 84
37 90
38 60
39 87
40 93
41 67
41 79
42 58
43 71
43 73
44 50
44 55
45 78
47 57
47 89
48 72
51 66
51 77
52 64
52 99
53 56
53 65
54 69
59 86
60 82
61 84
61 90
63 94
64 99
66 77
67 88
68 75
68 97
71 96
76 97
78 80
83 98
91 96
93 94
