100 226 1677
0
1
2
3
4
5
6
7
8
9
10
11
12
13
14
15
16
17
18
19
20
21
22
23
24
25
26
27
28
29
30
31
32
33
34
35
36
37
38
39
40
41
42
43
44
45
46
47
48
49
50
51
52
53
54
55
56
57
58
59
60
61
62
63
64
65
66
67
68
69
70
71
72
73
74
75
76
77
78
79
80
81
82
83
84
85
86
87
88
89
90
91
92
93
94
95
96
97
98
99
0 36
0 36
0 72
0 72
1 39
1 39
1 13
13 74
13 74
2 12
2 12
2 73
2 73
3 84
3 84
3 92
3 92
4 18
4 18
4 94
4 94
5 13
5 13
5 44
5 44
6 41
6 41
6 98
6 98
7 53
7 53
7 68
7 68
8 65
65 57
65 57
8 87
8 87
9 42
9 42
9 95
9 95
10 14
10 14
10 90
10 90
11 12
11 12
11 21
11 21
13 62
13 62
14 95
14 95
15 19
15 19
15 19
19 77
19 77
16 77
16 77
16 82
16 82
17 46
17 46
17 49
17 49
18 50
50 38
50 38
19 77
77 45
77 45
20 36
20 36
20 66
20 66
21 59
21 59
22 33
33 71
33 71
22 12
12 59
59 73
59 73
23 26
23 26
23 96
23 96
24 37
24 37
24 41
24 41
25 50
50 32
50 32
25 93
93 60
93 60
26 59
26 59
27 38
27 38
27 38
38 80
38 80
28 50
28 50
28 63
28 63
29 76
29 76
29 99
29 99
30 64
64 61
64 61
30 64
30 64
31 57
31 57
31 65
31 65
32 43
32 43
33 48
48 75
48 75
33 48
48 85
48 85
34 10
10 42
10 42
34 68
34 68
35 56
35 56
35 67
35 67
37 40
37 40
39 5
5 70
5 70
40 52
40 52
43 93
43 93
44 62
62 86
62 86
45 51
45 51
46 94
46 94
47 54
47 54
47 54
54 79
54 79
48 33
33 66
66 83
66 83
48 89
48 89
49 55
55 56
55 56
50 93
50 93
51 90
51 90
52 26
26 89
26 89
53 88
53 88
54 72
54 72
55 63
55 63
55 70
55 70
58 69
58 69
58 83
58 83
60 80
60 80
61 98
61 98
62 48
48 33
33 71
33 71
64 97
64 97
65 78
65 78
66 72
72 91
72 91
67 78
67 78
69 96
69 96
74 81
74 81
75 22
22 88
22 88
76 79
76 79
81 82
81 82
84 99
84 99
85 91
85 91
86 87
86 87
92 97
92 97
