200 200 1906
0
1
2
3
4
5
6
7
8
9
10
11
12
13
14
15
16
17
18
19
20
21
22
23
24
25
26
27
28
29
30
31
32
33
34
35
36
37
38
39
40
41
42
43
44
45
46
47
48
49
50
51
52
53
54
55
56
57
58
59
60
61
62
63
64
65
66
67
68
69
70
71
72
73
74
75
76
77
78
79
80
81
82
83
84
85
86
87
88
89
90
91
92
93
94
95
96
97
98
99
100
101
102
103
104
105
106
107
108
109
110
111
112
113
114
115
116
117
118
119
120
121
122
123
124
125
126
127
128
129
130
131
132
133
134
135
136
137
138
139
140
141
142
143
144
145
146
147
148
149
150
151
152
153
154
155
156
157
158
159
160
161
162
163
164
165
166
167
168
169
170
171
172
173
174
175
176
177
178
179
180
181
182
183
184
185
186
187
188
189
190
191
192
193
194
195
196
197
198
199
0 51
0 116
1 103
1 118
2 10
2 61
3 80
3 176
4 128
4 142
5 78
5 144
6 134
6 136
7 20
7 49
8 75
8 100
9 68
9 157
10 193
11 41
11 82
12 126
12 156
13 101
13 185
14 74
14 111
15 70
15 147
16 101
16 146
17 45
17 182
18 62
18 68
19 119
19 177
20 84
21 33
21 128
22 183
22 192
23 150
23 166
24 139
24 178
25 103
25 173
26 106
26 122
27 130
27 197
28 55
28 168
29 31
29 110
30 57
30 125
31 117
32 73
32 154
33 136
34 48
34 85
35 162
35 169
36 66
36 111
37 54
37 58
38 87
38 172
39 47
39 137
40 45
40 161
41 117
42 60
42 79
43 65
43 160
44 133
44 189
46 74
46 151
47 82
48 83
49 143
50 104
50 172
51 97
52 66
52 80
53 160
53 163
54 179
55 164
56 81
56 161
57 133
58 90
59 153
59 195
60 104
61 132
62 138
63 88
63 91
64 95
64 171
65 165
67 140
67 152
69 93
69 113
70 109
71 140
71 193
72 92
72 180
73 171
75 184
76 135
76 170
77 131
77 189
78 144
79 190
81 197
83 97
84 114
85 180
86 125
86 194
87 175
88 162
89 129
89 165
90 158
91 108
92 154
93 107
94 130
94 199
95 115
96 142
96 174
98 159
98 192
99 182
99 191
100 185
102 174
102 191
105 152
105 170
106 122
107 109
108 121
110 166
112 127
112 159
113 186
114 143
115 164
116 168
118 173
119 135
120 137
120 181
121 150
123 148
123 179
124 149
124 169
126 156
127 134
129 187
131 194
132 190
138 145
139 198
141 151
141 186
145 148
146 155
147 176
149 181
153 195
155 184
157 188
158 187
163 177
167 178
167 183
175 199
188 196
196 198
