88 88 1032
0
1
2
3
4
5
6
7
8
9
10
11
12
13
14
15
16
17
18
19
20
21
22
24
25
26
27
28
29
30
32
33
34
35
36
37
38
39
40
41
42
43
44
45
47
50
51
52
53
54
55
56
58
59
60
61
62
63
64
65
66
67
69
70
71
72
73
74
75
77
78
79
80
81
82
83
84
85
86
87
89
90
91
92
93
97
98
99
0 58
0 98
1 17
1 43
2 18
2 66
3 5
3 21
4 54
4 59
5 9
6 16
6 37
7 12
7 13
8 38
8 40
9 79
10 62
10 85
11 32
11 33
12 86
13 34
14 42
14 71
15 33
15 47
16 50
17 32
18 65
19 87
19 91
20 28
20 69
21 60
22 80
22 81
24 67
24 92
25 34
25 55
26 41
26 98
27 67
27 92
28 83
29 52
29 63
30 93
30 97
35 62
35 82
36 73
36 83
37 50
38 39
39 77
40 87
41 58
42 64
43 47
44 54
44 55
45 77
45 97
51 85
51 89
52 63
53 65
53 75
56 69
56 70
59 84
60 72
61 74
61 80
64 71
66 75
70 99
72 79
73 81
74 90
78 84
78 86
82 99
89 90
91 93
