135 135 1699
52
8
92
85
92
59
86
87
86
59
19
93
9
99
7
17
10
45
16
37
38
37
68
5
68
5
42
82
13
34
27
75
27
73
27
71
67
43
67
73
95
81
90
64
57
39
48
70
26
27
34
35
55
76
55
80
12
11
84
79
60
88
24
94
20
36
20
94
20
22
56
22
47
40
51
22
69
20
36
3
4
23
33
1
78
83
78
1
78
31
78
1
0
61
91
15
96
31
72
14
98
77
58
89
78
2
6
37
29
65
62
37
38
63
25
74
66
30
97
28
97
32
49
53
46
53
50
53
54
21
18
44
41
44
8
8 52
8 92
85 92
85 92
59 92
59 86
86 87
86 87
59 86
19 59
19 93
9 93
9 99
7 99
7 17
10 17
10 45
16 45
16 37
37 38
37 38
37 68
5 68
5 68
5 68
5 42
42 82
13 82
13 34
27 34
27 75
27 75
27 73
27 73
27 71
67 71
43 67
43 67
67 73
73 95
81 95
81 90
64 90
57 64
39 57
39 48
48 70
26 70
26 27
27 34
34 35
35 55
55 76
55 76
55 80
12 80
11 12
11 84
79 84
60 79
60 88
24 88
24 94
20 94
20 36
20 36
20 94
20 94
20 22
22 56
22 56
22 47
40 47
40 51
22 51
22 69
20 69
20 36
3 36
3 4
4 23
23 33
1 33
1 78
78 83
78 83
1 78
1 78
31 78
31 78
1 78
0 1
0 61
61 91
15 91
15 96
31 96
31 72
14 72
14 98
77 98
58 77
58 89
78 89
2 78
2 6
6 37
29 37
29 65
62 65
37 62
37 38
38 63
25 63
25 74
66 74
30 66
30 97
28 97
28 97
32 97
32 49
49 53
46 53
46 53
50 53
50 53
53 54
21 54
18 21
18 44
41 44
41 44
8 44
8 52
