193 193 1850
0
1
2
3
4
5
6
7
8
9
10
11
12
13
14
15
16
17
18
19
21
22
23
24
25
26
27
28
29
30
31
32
33
34
35
36
37
38
39
40
41
42
43
44
45
46
47
48
49
50
51
52
53
54
55
56
57
58
59
60
61
62
63
64
65
66
67
68
69
70
71
72
73
74
75
76
77
78
79
80
81
82
83
84
85
86
87
88
89
90
91
92
93
94
95
96
97
98
99
100
101
102
103
104
105
106
107
108
109
110
111
112
113
114
115
116
117
118
119
120
121
122
123
124
125
126
127
128
129
130
131
132
133
134
135
136
137
138
140
141
142
143
144
145
146
147
148
149
150
151
152
153
154
155
156
157
158
159
160
161
162
164
165
166
167
168
169
170
171
172
173
174
175
177
178
179
180
181
182
183
184
185
186
188
189
190
191
193
194
195
196
197
199
0 10
0 124
1 12
1 114
2 59
2 73
3 4
3 157
4 140
5 155
5 180
6 86
6 111
7 34
7 52
8 77
8 83
9 44
9 118
10 40
11 80
11 102
12 135
13 68
13 150
14 54
14 135
15 81
15 131
16 52
16 80
17 63
17 75
18 99
18 168
19 55
19 74
21 30
21 47
22 65
22 199
23 108
23 143
24 116
24 184
25 122
25 153
26 69
26 172
27 72
27 84
28 100
28 191
29 81
29 110
30 51
31 92
31 100
32 154
32 169
33 121
33 162
34 49
35 54
35 183
36 94
36 107
37 107
37 196
38 92
38 123
39 78
39 150
40 53
41 88
41 113
42 58
42 190
43 110
43 188
44 193
45 65
45 170
46 48
46 156
47 189
48 53
49 88
50 141
50 197
51 69
55 153
56 62
56 72
57 62
57 106
58 166
59 117
60 145
60 164
61 115
61 121
63 128
64 114
64 126
66 141
66 175
67 91
67 104
68 195
70 89
70 146
71 136
71 189
73 93
74 171
75 158
76 77
76 95
78 134
79 86
79 152
82 113
82 154
83 159
84 175
85 98
85 112
87 97
87 185
89 127
90 116
90 144
91 105
93 109
94 196
95 181
96 147
96 167
97 138
98 165
99 191
101 140
101 157
102 179
103 127
103 161
104 105
106 136
108 143
109 180
111 120
112 165
115 178
117 193
118 159
119 129
119 168
120 125
122 148
123 182
124 129
125 161
126 130
128 132
130 177
131 162
132 155
133 137
133 178
134 152
137 185
138 181
142 158
142 188
144 183
145 151
146 156
147 194
148 186
149 160
149 173
151 164
160 173
166 190
167 174
169 179
170 186
171 182
172 199
174 195
177 197
184 194
