70 70 1204
0
2
3
4
5
7
8
9
12
13
14
15
16
17
18
19
20
24
25
26
27
28
29
32
34
35
36
37
38
40
41
42
43
45
47
48
49
51
53
54
55
56
57
58
59
60
62
63
64
65
70
71
73
74
75
76
77
79
80
81
82
83
84
85
86
88
89
94
96
99
0 57
0 58
2 27
2 56
3 15
3 89
4 9
4 26
5 40
5 59
7 32
7 58
8 12
8 74
9 36
12 73
13 16
13 27
14 63
14 79
15 24
16 75
17 37
17 64
18 41
18 53
19 35
19 99
20 42
20 82
24 45
25 47
25 83
26 32
28 42
28 55
29 48
29 71
34 75
34 94
35 36
37 48
38 74
38 82
40 84
41 56
43 57
43 60
45 76
47 88
49 85
49 96
51 62
51 63
53 88
54 60
54 65
55 77
59 79
62 81
64 96
65 94
70 85
70 86
71 84
73 86
76 83
77 80
80 89
81 99
