98 98 1473
0
1
2
3
4
5
6
8
9
10
11
12
13
15
16
17
18
19
20
21
22
23
24
25
26
27
28
29
30
31
32
33
34
35
36
37
38
39
40
41
42
43
44
45
46
47
48
49
50
51
52
53
54
55
56
57
58
59
60
61
62
63
64
65
66
67
68
69
70
71
72
73
74
75
76
77
78
79
80
81
82
83
84
85
86
87
88
89
90
91
92
93
94
95
96
97
98
99
0 9
0 74
1 5
1 65
2 15
2 16
3 4
3 23
4 78
5 37
6 79
6 94
8 11
8 36
9 45
10 43
10 82
11 23
12 29
12 69
13 25
13 60
15 89
16 76
17 45
17 69
18 49
18 88
19 32
19 82
20 28
20 34
21 26
21 75
22 58
22 66
24 30
24 60
25 53
26 65
27 59
27 73
28 74
29 86
30 84
31 39
31 81
32 61
33 48
33 71
34 39
35 49
35 72
36 47
37 97
38 46
38 77
40 59
40 84
41 58
41 98
42 64
42 77
43 90
44 52
44 57
46 63
47 72
48 70
50 78
50 91
51 52
51 83
53 62
54 67
54 85
55 56
55 83
56 99
57 99
61 96
62 75
63 92
64 95
66 86
67 96
68 76
68 88
70 87
71 81
73 98
79 93
80 92
80 93
85 91
87 97
89 90
94 95
