200 200 1576
0
1
2
3
4
5
6
7
8
9
10
11
12
13
14
15
16
17
18
19
20
21
22
23
24
25
26
27
28
29
30
31
32
33
34
35
36
37
38
39
40
41
42
43
44
45
46
47
48
49
50
51
52
53
54
55
56
57
58
59
60
61
62
63
64
65
66
67
68
69
70
71
72
73
74
75
76
77
78
79
80
81
82
83
84
85
86
87
88
89
90
91
92
93
94
95
96
97
98
99
100
101
102
103
104
105
106
107
108
109
110
111
112
113
114
115
116
117
118
119
120
121
122
123
124
125
126
127
128
129
130
131
132
133
134
135
136
137
138
139
140
141
142
143
144
145
146
147
148
149
150
151
152
153
154
155
156
157
158
159
160
161
162
163
164
165
166
167
168
169
170
171
172
173
174
175
176
177
178
179
180
181
182
183
184
185
186
187
188
189
190
191
192
193
194
195
196
197
198
199
0 78
0 190
1 112
1 199
2 65
2 76
3 75
3 89
4 35
4 118
5 108
5 171
6 120
6 164
7 64
7 165
8 157
8 158
9 71
9 75
10 159
10 191
11 24
11 73
12 39
12 137
13 103
13 108
14 36
14 131
15 47
15 174
16 66
16 141
17 28
17 59
18 123
18 169
19 55
19 175
20 59
20 167
21 105
21 121
22 139
22 140
23 81
23 87
24 61
25 85
25 92
26 28
26 136
27 30
27 149
29 157
29 163
30 173
31 181
31 196
32 53
32 191
33 57
33 182
34 106
34 133
35 138
36 126
37 136
37 199
38 40
38 109
39 198
40 110
41 42
41 183
42 93
43 84
43 90
44 153
44 179
45 52
45 130
46 137
46 175
47 177
48 79
48 145
49 151
49 198
50 79
50 194
51 90
51 101
52 80
53 174
54 133
54 193
55 87
56 89
56 105
57 143
58 148
58 185
60 88
60 195
61 143
62 146
62 154
63 67
63 74
64 115
65 132
66 82
67 68
68 109
69 116
69 122
70 112
70 178
71 190
72 144
72 145
73 114
74 158
76 80
77 131
77 172
78 189
81 167
82 186
83 121
83 177
84 176
85 86
86 92
88 188
91 128
91 156
93 180
94 161
94 162
95 162
95 184
96 122
96 182
97 165
97 192
98 192
98 194
99 117
99 144
100 125
100 147
101 124
102 115
102 130
103 113
104 135
104 187
106 180
107 152
107 155
110 178
111 120
111 160
113 117
114 135
116 151
118 138
119 181
119 196
123 171
124 127
125 170
126 183
127 128
129 142
129 150
132 155
134 152
134 164
139 140
141 186
142 147
146 189
148 160
149 156
150 163
153 187
154 168
159 166
161 184
166 168
169 176
170 172
173 197
179 185
188 195
193 197
