89 89 925
0
1
2
3
5
6
7
8
9
10
11
13
14
15
16
17
18
19
21
22
23
24
26
27
28
29
30
31
32
33
34
35
36
38
40
41
42
43
44
45
46
47
49
50
51
52
53
54
55
56
58
59
60
61
62
63
64
65
66
67
68
69
70
71
72
73
74
76
77
78
79
81
82
83
84
85
86
87
88
90
91
92
93
94
95
96
97
98
99
0 18
0 24
1 5
1 82
2 18
2 71
3 60
3 71
5 51
6 66
6 69
7 74
7 96
8 55
8 62
9 35
9 43
10 14
10 31
11 65
11 67
13 29
13 78
14 16
15 28
15 99
16 76
17 35
17 84
19 87
19 92
21 50
21 63
22 46
22 55
23 30
23 93
24 64
26 34
26 94
27 91
27 96
28 88
29 69
30 65
31 90
32 42
32 52
33 60
33 76
34 47
36 70
36 93
38 43
38 53
40 72
40 74
41 47
41 82
42 59
44 81
44 86
45 49
45 99
46 62
49 85
50 61
51 94
52 73
53 77
54 68
54 91
56 58
56 86
58 97
59 83
61 78
63 95
64 67
66 98
68 95
70 84
72 79
73 98
77 83
79 90
81 97
85 88
87 92
