198 198 1923
0
1
2
3
4
5
6
7
8
9
10
11
12
13
14
15
16
17
18
19
20
21
22
23
24
25
26
27
28
29
30
31
32
33
34
35
36
37
38
39
40
41
42
43
44
45
46
47
48
49
50
51
52
53
54
55
56
57
58
59
60
61
62
63
64
65
66
67
68
69
70
71
72
73
74
75
76
77
78
79
80
81
82
83
84
85
86
87
88
89
90
91
92
93
94
95
96
97
98
99
100
101
102
103
104
105
106
107
108
109
110
111
112
113
114
116
117
118
119
120
121
122
123
124
125
126
127
128
129
130
131
132
133
134
135
136
137
138
139
140
141
142
143
144
145
146
147
148
149
150
151
152
153
154
155
156
157
158
159
160
161
162
163
164
165
166
167
168
169
170
171
172
173
174
175
176
177
178
179
180
181
182
183
184
185
186
188
189
190
191
192
193
194
195
196
197
198
199
0 12
0 118
1 50
1 150
2 55
2 63
3 22
3 125
4 99
4 121
5 87
5 162
6 63
6 158
7 25
7 113
8 29
8 106
9 155
9 192
10 130
10 198
11 83
11 144
12 102
13 32
13 133
14 114
14 158
15 94
15 110
16 83
16 91
17 123
17 140
18 52
18 77
19 75
19 103
20 96
20 166
21 38
21 144
22 33
23 86
23 143
24 72
24 181
25 79
26 72
26 80
27 44
27 49
28 179
28 199
29 159
30 36
30 58
31 33
31 88
32 183
34 56
34 133
35 78
35 188
36 176
37 38
37 69
39 61
39 116
40 150
40 189
41 45
41 66
42 45
42 67
43 92
43 122
44 59
46 82
46 146
47 155
47 178
48 116
48 195
49 101
50 156
51 161
51 183
52 53
53 167
54 84
54 182
55 173
56 82
57 112
57 169
58 145
59 67
60 135
60 190
61 123
62 107
62 131
64 166
64 172
65 177
65 192
66 151
68 109
68 154
69 111
70 161
70 186
71 88
71 169
73 85
73 154
74 117
74 131
75 142
76 119
76 148
77 188
78 124
79 178
80 165
81 104
81 149
84 168
85 132
86 114
87 136
89 137
89 186
90 160
90 172
91 164
92 112
93 122
93 125
94 181
95 106
95 126
96 120
97 107
97 130
98 129
98 135
99 143
100 113
100 145
101 193
102 197
103 160
104 179
105 148
105 151
108 119
108 165
109 120
110 180
111 134
117 170
118 191
121 173
124 127
126 191
127 152
128 136
128 139
129 164
132 171
134 177
137 189
138 149
138 182
139 141
140 147
141 162
142 146
147 152
153 157
153 168
156 171
157 194
159 197
163 167
163 190
170 198
174 176
174 194
175 184
175 193
180 185
184 196
185 195
196 199
