97 97 1081
0
1
2
3
4
5
6
7
8
9
10
11
12
13
14
15
16
17
18
19
20
21
22
23
24
25
26
27
28
29
30
31
32
33
34
36
37
38
39
40
41
42
43
44
45
46
47
48
49
50
51
52
53
54
55
56
57
58
59
60
61
62
63
64
65
66
67
68
69
70
71
72
73
74
75
76
77
78
79
80
81
82
83
84
86
87
89
90
91
92
93
94
95
96
97
98
99
0 15
0 32
1 52
1 55
2 69
2 82
3 18
3 31
4 30
4 34
5 51
5 62
6 18
6 57
7 25
7 45
8 40
8 87
9 11
9 93
10 84
10 91
11 79
12 14
12 64
13 22
13 78
14 61
15 26
16 38
16 43
17 80
17 92
19 84
19 90
20 48
20 89
21 40
21 70
22 29
23 25
23 76
24 56
24 83
26 51
27 54
27 72
28 59
28 89
29 62
30 74
31 44
32 61
33 37
33 58
34 81
36 93
36 97
37 82
38 39
39 79
41 42
41 68
42 78
43 81
44 67
45 46
46 90
47 59
47 99
48 49
49 66
50 71
50 95
52 98
53 64
53 94
54 60
55 63
56 74
57 86
58 75
60 91
63 70
65 73
65 95
66 77
67 98
68 94
69 96
71 76
72 92
73 86
75 96
77 99
80 87
83 97
