108 108 1188
68
55
66
41
50
26
78
35
13
75
22
55
79
95
83
91
96
14
46
74
53
82
54
69
98
69
76
67
37
88
87
28
87
29
67
97
70
57
9
89
25
34
43
51
99
48
61
36
39
3
42
64
27
38
27
72
73
6
11
30
62
58
62
94
59
90
12
52
7
20
81
24
2
77
21
19
18
10
32
40
63
60
92
56
71
5
17
65
86
80
16
1
23
8
0
93
8
84
49
45
44
15
47
31
85
31
4
33
55 68
55 66
41 66
41 50
26 50
26 78
35 78
13 35
13 75
22 75
22 55
55 79
79 95
83 95
83 91
91 96
14 96
14 46
46 74
53 74
53 82
54 82
54 69
69 98
69 98
69 76
67 76
37 67
37 88
87 88
28 87
28 87
29 87
29 67
67 97
70 97
57 70
9 57
9 89
25 89
25 34
34 43
43 51
51 99
48 99
48 61
36 61
36 39
3 39
3 42
42 64
27 64
27 38
27 38
27 72
72 73
6 73
6 11
11 30
30 62
58 62
58 62
62 94
59 94
59 90
12 90
12 52
7 52
7 20
20 81
24 81
2 24
2 77
21 77
19 21
18 19
10 18
10 32
32 40
40 63
60 63
60 92
56 92
56 71
5 71
5 17
17 65
65 86
80 86
16 80
1 16
1 23
8 23
0 8
0 93
8 93
8 84
49 84
45 49
44 45
15 44
15 47
31 47
31 85
31 85
4 31
4 33
33 68
