96 96 896
0
1
2
3
4
6
7
8
9
10
11
12
13
14
15
16
17
18
19
20
21
22
23
24
25
27
28
29
30
31
32
33
34
35
36
37
38
39
40
41
42
43
44
45
46
48
49
50
51
52
53
54
55
56
57
58
59
60
61
62
63
64
65
66
67
68
69
70
71
73
74
75
76
77
78
79
80
81
82
83
84
85
86
87
88
89
90
91
92
93
94
95
96
97
98
99
0 76
0 96
1 66
1 99
2 28
2 34
3 24
3 70
4 54
4 63
6 20
6 99
7 13
7 83
8 11
8 88
9 56
9 68
10 22
10 87
11 82
12 49
12 97
13 98
14 61
14 94
15 66
15 73
16 53
16 59
17 35
17 60
18 52
18 85
19 33
19 50
20 65
21 22
21 45
23 27
23 40
24 67
25 38
25 69
27 58
28 43
29 37
29 73
30 44
30 74
31 40
31 61
32 65
32 76
33 37
34 81
35 68
36 43
36 64
38 39
39 69
41 58
41 79
42 45
42 55
44 74
46 83
46 90
48 60
48 78
49 77
50 78
51 75
51 79
52 84
53 75
54 63
55 57
56 70
57 90
59 89
62 80
62 86
64 95
67 92
71 87
71 96
77 97
80 86
81 85
82 93
84 89
88 93
91 92
91 95
94 98
