260 260 2579
125
6
126
14
115
196
144
196
109
71
16
71
109
5
111
150
109
71
16
1
184
127
132
127
1
40
168
40
1
134
131
43
118
172
114
172
114
10
54
51
89
151
69
22
136
22
90
113
30
17
143
78
54
166
12
8
12
166
2
24
44
74
49
129
133
4
24
191
164
84
164
18
164
84
102
9
100
83
192
48
187
79
55
198
186
41
156
41
47
19
68
169
88
58
125
28
108
128
123
31
199
195
86
3
116
97
116
130
53
130
37
25
37
98
82
98
122
98
75
57
75
67
145
105
33
60
29
106
161
34
21
34
179
161
147
183
45
155
141
153
59
96
20
157
193
11
94
107
39
110
190
13
140
146
46
149
42
163
162
194
149
194
162
152
185
146
73
35
73
170
173
137
64
137
181
63
56
63
181
93
117
93
135
158
160
77
160
154
176
27
80
23
112
26
112
138
80
23
91
38
65
38
165
87
76
104
72
177
72
61
72
104
182
139
174
142
105
142
139
99
7
188
15
159
15
167
32
120
119
120
178
121
103
50
103
175
171
175
15
189
180
66
95
36
148
197
70
81
197
148
36
85
36
124
52
92
101
92
125
28
6 125
6 126
14 126
14 115
115 196
144 196
144 196
109 196
71 109
16 71
16 71
71 109
5 109
5 111
111 150
109 150
71 109
16 71
1 16
1 184
127 184
127 132
127 132
1 127
1 40
40 168
40 168
1 40
1 134
131 134
43 131
43 118
118 172
114 172
114 172
114 172
10 114
10 54
51 54
51 89
89 151
69 151
22 69
22 136
22 136
22 90
90 113
30 113
17 30
17 143
78 143
54 78
54 166
12 166
8 12
8 12
12 166
2 166
2 24
24 44
44 74
49 74
49 129
129 133
4 133
4 24
24 191
164 191
84 164
84 164
18 164
18 164
84 164
84 102
9 102
9 100
83 100
83 192
48 192
48 187
79 187
55 79
55 198
186 198
41 186
41 156
41 156
41 47
19 47
19 68
68 169
88 169
58 88
58 125
28 125
28 108
108 128
123 128
31 123
31 199
195 199
86 195
3 86
3 116
97 116
97 116
116 130
53 130
53 130
37 130
25 37
25 37
37 98
82 98
82 98
98 122
98 122
75 98
57 75
57 75
67 75
67 145
105 145
33 105
33 60
29 60
29 106
106 161
34 161
21 34
21 34
34 179
161 179
147 161
147 183
45 183
45 155
141 155
141 153
59 153
59 96
20 96
20 157
157 193
11 193
11 94
94 107
39 107
39 110
110 190
13 190
13 140
140 146
46 146
46 149
42 149
42 163
162 163
162 194
149 194
149 194
162 194
152 162
152 185
146 185
73 146
35 73
35 73
73 170
170 173
137 173
64 137
64 137
137 181
63 181
56 63
56 63
63 181
93 181
93 117
93 117
93 135
135 158
158 160
77 160
77 160
154 160
154 176
27 176
27 80
23 80
23 112
26 112
26 112
112 138
80 138
23 80
23 91
38 91
38 65
38 65
38 165
87 165
76 87
76 104
72 104
72 177
72 177
61 72
61 72
72 104
104 182
139 182
139 174
142 174
105 142
105 142
139 142
99 139
7 99
7 188
15 188
15 159
15 159
15 167
32 167
32 120
119 120
119 120
120 178
121 178
103 121
50 103
50 103
103 175
171 175
171 175
15 175
15 189
180 189
66 180
66 95
36 95
36 148
148 197
70 197
70 81
81 197
148 197
36 148
36 85
36 85
36 124
52 124
52 92
92 101
92 101
92 125
28 125
28 125
