99 99 976
0
1
2
3
4
5
6
7
8
9
10
11
12
13
14
15
16
17
18
19
21
22
23
24
25
26
27
28
29
30
31
32
33
34
35
36
37
38
39
40
41
42
43
44
45
46
47
48
49
50
51
52
53
54
55
56
57
58
59
60
61
62
63
64
65
66
67
68
69
70
71
72
73
74
75
76
77
78
79
80
81
82
83
84
85
86
87
88
89
90
91
92
93
94
95
96
97
98
99
0 6
0 64
1 3
1 21
2 5
2 36
3 13
4 31
4 58
5 57
6 24
7 68
7 89
8 97
9 32
9 98
10 18
10 35
11 51
11 81
12 30
12 45
13 55
14 66
14 76
15 64
15 93
16 19
16 80
17 49
17 67
18 85
19 90
21 82
22 27
22 78
23 33
23 42
24 34
25 34
25 79
26 60
26 65
27 84
28 72
28 92
29 77
29 91
30 75
31 58
32 65
33 42
35 85
36 90
37 83
37 87
38 62
38 87
39 67
39 91
40 43
40 69
41 49
41 77
43 62
44 8
44 97
45 96
46 63
46 80
47 74
47 95
48 70
48 94
50 66
50 76
51 81
52 73
52 84
53 86
53 99
54 56
54 61
55 69
56 61
57 93
59 73
59 88
60 98
63 79
68 89
70 94
71 72
71 92
74 95
75 96
78 88
82 83
86 99
