99 99 1204
0
1
2
3
4
5
6
7
8
9
10
11
12
13
14
15
16
17
18
19
20
21
22
23
24
25
26
27
28
30
31
32
33
34
35
36
37
38
39
40
41
42
43
44
45
46
47
48
49
50
51
52
53
54
55
56
57
58
59
60
61
62
63
64
65
66
67
68
69
70
71
72
73
74
75
76
77
78
79
80
81
82
83
84
85
86
87
88
89
90
91
92
93
94
95
96
97
98
99
0 52
0 66
1 11
1 72
2 28
2 62
3 47
3 88
4 9
4 16
5 42
5 74
6 38
6 49
7 9
7 51
8 63
8 99
10 45
10 65
11 93
12 37
12 82
13 35
13 68
14 35
14 97
15 19
15 87
16 72
17 23
17 65
18 24
18 76
19 46
20 31
20 90
21 48
21 73
22 47
22 83
23 28
24 71
25 77
25 88
26 67
26 84
27 41
27 68
30 56
30 59
31 52
32 40
32 71
33 39
33 69
34 84
34 99
36 40
36 50
37 45
38 69
39 96
41 97
42 83
43 85
43 94
44 58
44 75
46 98
48 86
49 96
50 87
51 95
53 79
53 81
54 59
54 80
55 64
55 78
56 91
57 61
57 73
58 85
60 67
60 92
61 75
62 70
63 92
64 82
66 81
70 89
74 91
76 86
77 78
79 80
89 94
90 95
93 98
