Error code = 10013
Unable to write to file './output/N50D0.3K0T1P0.5/model.lp'

50 50 1119
0
1
2
3
4
5
6
7
8
9
10
11
12
13
14
15
16
17
18
19
20
21
22
23
24
25
26
27
28
29
30
31
32
33
34
35
36
37
38
39
40
41
42
43
44
45
46
47
48
49
0 10
0 11
1 35
1 39
2 7
2 21
3 12
3 22
4 6
4 37
5 27
5 36
6 13
7 31
8 9
8 20
9 23
10 49
11 45
12 30
13 38
14 26
14 36
15 18
15 32
16 19
16 39
17 18
17 20
19 33
21 26
22 28
23 28
24 30
24 45
25 32
25 46
27 43
29 44
29 48
31 33
34 41
34 43
35 46
37 38
40 42
40 49
41 42
44 47
47 48
