98 98 2377
193
165
83
66
195
0
10
77
82
177
54
44
71
175
33
179
50
119
27
63
122
73
162
108
18
34
6
178
37
125
64
145
12
114
62
76
176
52
11
157
103
102
129
25
42
113
21
30
147
79
49
79
49
79
22
150
199
196
186
48
118
17
95
58
146
47
40
168
117
45
72
67
69
197
142
154
60
155
23
4
26
41
46
38
56
104
29
36
169
172
55
32
98
84
81
127
133
159
165 193
83 165
66 83
66 195
0 195
0 10
10 77
77 82
82 177
54 177
44 54
44 71
71 175
33 175
33 179
50 179
50 119
27 119
27 63
63 122
73 122
73 162
108 162
18 108
18 34
6 34
6 178
37 178
37 125
64 125
64 145
12 145
12 114
62 114
62 76
76 176
52 176
11 52
11 157
103 157
102 103
102 129
25 129
25 42
42 113
21 113
21 30
30 147
79 147
49 79
49 79
49 79
49 79
22 79
22 150
150 199
196 199
186 196
48 186
48 118
17 118
17 95
58 95
58 146
47 146
40 47
40 168
117 168
45 117
45 72
67 72
67 69
69 197
142 197
142 154
60 154
60 155
23 155
4 23
4 26
26 41
41 46
38 46
38 56
56 104
29 104
29 36
36 169
169 172
55 172
32 55
32 98
84 98
81 84
81 127
127 133
133 159
159 193
