246 246 2303
133
35
63
35
160
185
179
150
111
155
41
155
41
124
81
31
39
31
93
171
15
19
107
76
143
62
5
58
95
22
73
116
73
105
73
84
164
84
95
196
71
100
149
183
21
166
115
166
139
79
26
32
26
32
192
135
85
144
192
157
13
173
61
158
114
79
27
104
141
100
71
196
71
191
175
7
184
16
24
67
28
47
28
6
167
6
113
110
44
57
151
176
8
68
136
12
178
147
178
70
123
34
146
117
159
4
186
161
174
74
174
43
36
168
194
90
154
125
140
3
17
38
119
87
180
52
121
53
169
48
188
10
170
46
51
170
97
163
148
64
77
126
33
126
137
64
137
145
49
162
11
122
176
75
9
75
1
142
83
99
86
69
182
42
197
138
170
10
129
40
120
50
59
130
91
25
88
181
177
181
88
29
109
88
10
170
23
132
14
65
190
65
156
118
102
0
127
14
198
30
134
80
13
72
13
78
56
165
56
139
54
18
98
54
92
60
199
82
112
89
195
151
193
45
31
15
153
103
131
2
155
41
124
94
106
66
37
187
108
96
152
20
101
55
101
128
35 133
35 63
35 63
35 160
160 185
179 185
150 179
111 150
111 155
41 155
41 155
41 155
41 124
81 124
31 81
31 39
31 39
31 93
93 171
15 171
15 19
19 107
76 107
76 143
62 143
5 62
5 58
58 95
22 95
22 73
73 116
73 116
73 105
73 105
73 84
84 164
84 164
84 95
95 196
71 196
71 100
100 149
149 183
21 183
21 166
115 166
115 166
139 166
79 139
26 79
26 32
26 32
26 32
32 192
135 192
85 135
85 144
144 192
157 192
13 157
13 173
61 173
61 158
114 158
79 114
27 79
27 104
104 141
100 141
71 100
71 196
71 196
71 191
175 191
7 175
7 184
16 184
16 24
24 67
28 67
28 47
28 47
6 28
6 167
6 167
6 113
110 113
44 110
44 57
57 151
151 176
8 176
8 68
68 136
12 136
12 178
147 178
147 178
70 178
70 123
34 123
34 146
117 146
117 159
4 159
4 186
161 186
161 174
74 174
74 174
43 174
36 43
36 168
168 194
90 194
90 154
125 154
125 140
3 140
3 17
17 38
38 119
87 119
87 180
52 180
52 121
53 121
53 169
48 169
48 188
10 188
10 170
46 170
46 51
51 170
97 170
97 163
148 163
64 148
64 77
77 126
33 126
33 126
126 137
64 137
64 137
137 145
49 145
49 162
11 162
11 122
122 176
75 176
9 75
9 75
1 75
1 142
83 142
83 99
86 99
69 86
69 182
42 182
42 197
138 197
138 170
10 170
10 129
40 129
40 120
50 120
50 59
59 130
91 130
25 91
25 88
88 181
177 181
177 181
88 181
29 88
29 109
88 109
10 88
10 170
23 170
23 132
14 132
14 65
65 190
65 190
65 156
118 156
102 118
0 102
0 127
14 127
14 198
30 198
30 134
80 134
13 80
13 72
13 72
13 78
56 78
56 165
56 165
56 139
54 139
18 54
18 98
54 98
54 92
60 92
60 199
82 199
82 112
89 112
89 195
151 195
151 193
45 193
31 45
15 31
15 153
103 153
103 131
2 131
2 155
41 155
41 124
94 124
94 106
66 106
37 66
37 187
108 187
96 108
96 152
20 152
20 101
55 101
55 101
101 128
128 133
