Error code = 10013
Unable to write to file './output/N100D0.5K5T1P1.0/model.lp'

99 99 1212
0
1
2
3
4
5
6
7
8
9
10
11
12
13
14
15
16
17
18
19
20
21
22
23
24
25
26
27
28
29
30
31
32
33
34
35
36
37
38
39
40
41
42
43
44
45
46
47
48
49
50
51
52
53
54
55
56
57
58
59
60
61
62
63
64
65
66
67
68
69
71
72
73
74
75
76
77
78
79
80
81
82
83
84
85
86
87
88
89
90
91
92
93
94
95
96
97
98
99
0 19
0 96
1 21
1 89
2 53
2 58
3 41
3 69
4 31
4 48
5 28
5 92
6 49
6 95
7 11
7 77
8 45
8 51
9 37
9 60
10 44
10 71
11 44
12 31
12 33
13 83
13 98
14 22
14 69
15 35
15 41
16 18
16 29
17 30
17 82
18 67
19 64
20 49
20 54
21 88
22 80
23 56
23 97
24 39
24 73
25 32
25 90
26 35
26 91
27 75
27 89
28 34
29 63
30 61
32 68
33 43
34 36
36 97
37 60
38 91
38 93
39 61
40 56
40 75
42 79
42 98
43 83
45 57
46 64
46 96
47 63
47 84
48 93
50 84
50 87
51 59
52 74
52 76
53 62
54 94
55 66
55 74
57 59
58 62
65 72
65 86
66 99
67 71
68 85
72 81
73 77
76 99
78 88
78 90
79 80
81 82
85 86
87 92
94 95
