198 198 1569
0
1
2
3
4
5
6
7
8
9
10
11
12
13
14
15
16
17
18
19
20
21
22
23
24
25
26
27
28
29
30
31
32
33
34
35
36
37
38
39
40
41
42
43
44
45
46
47
48
49
50
51
52
53
54
55
56
57
58
59
60
61
62
63
64
66
67
68
69
70
71
72
73
74
75
76
77
78
79
80
81
82
83
84
85
86
87
88
89
90
91
92
93
94
95
96
97
98
99
100
101
102
103
104
105
106
107
108
109
110
111
112
113
114
115
116
117
118
119
120
121
122
123
124
125
126
127
128
129
130
131
132
133
134
135
136
137
138
139
140
141
142
143
144
145
146
147
148
149
150
151
152
153
154
155
156
157
158
159
160
161
162
163
164
165
166
167
168
169
170
171
172
173
174
175
176
177
179
180
181
182
183
184
185
186
187
188
189
190
191
192
193
194
195
196
197
198
199
0 1
0 184
1 63
2 26
2 91
3 62
3 99
4 117
4 145
5 46
5 160
6 51
6 189
7 72
7 106
8 135
8 199
9 30
9 31
10 104
10 181
11 24
11 134
12 22
12 197
13 120
13 185
14 182
14 199
15 53
15 69
16 86
16 185
17 78
17 122
18 28
18 153
19 133
19 163
20 21
20 105
21 145
22 159
23 128
23 144
24 130
25 87
25 126
26 190
27 61
27 110
28 66
29 45
29 143
30 156
31 55
32 71
32 152
33 168
33 172
34 70
34 127
35 175
35 195
36 162
36 186
37 48
37 102
38 83
38 119
39 128
39 161
40 108
40 121
41 64
41 193
42 131
42 180
43 72
43 111
44 127
44 155
45 100
46 157
47 120
47 184
48 103
49 154
49 188
50 186
50 191
51 158
52 74
52 140
53 164
54 100
54 166
55 91
56 89
56 168
57 73
57 93
58 67
58 90
59 146
59 165
60 97
60 165
61 141
62 183
63 71
64 172
66 84
67 83
68 103
68 104
69 95
70 155
73 108
74 140
75 113
75 150
76 95
76 124
77 167
77 179
78 122
79 148
79 166
80 98
80 169
81 107
81 194
82 147
82 191
84 88
85 144
85 198
86 124
87 136
88 99
89 142
90 101
92 175
92 195
93 111
94 125
94 160
96 106
96 188
97 141
98 116
101 156
102 190
105 112
107 158
109 167
109 173
110 153
112 148
113 150
114 119
114 159
115 138
115 173
116 169
117 147
118 126
118 132
121 196
123 130
123 176
125 193
129 139
129 149
131 132
133 170
134 183
135 162
136 180
137 138
137 187
139 157
142 146
143 177
149 181
151 174
151 192
152 187
154 163
161 194
164 171
170 182
171 176
174 192
177 198
179 196
189 197
