123 123 1761
84
52
67
8
90
89
90
95
90
16
63
88
9
25
11
62
36
62
36
47
35
10
23
46
23
5
58
61
71
98
48
12
4
65
99
78
28
51
24
92
74
42
83
68
17
41
44
76
32
76
38
1
19
59
19
60
77
82
6
34
91
87
20
37
20
96
66
20
72
40
75
43
75
40
14
80
86
80
85
13
85
27
22
94
31
3
53
81
30
50
18
54
33
55
33
54
7
54
33
21
93
21
26
15
39
45
2
0
79
0
69
73
70
64
57
10
29
10
56
97
49
95
52
52 84
52 67
8 67
8 90
89 90
89 90
90 95
90 95
16 90
16 63
63 88
9 88
9 25
11 25
11 62
36 62
36 62
36 62
36 47
35 47
10 35
10 23
23 46
23 46
5 23
5 58
58 61
61 71
71 98
48 98
12 48
4 12
4 65
65 99
78 99
28 78
28 51
24 51
24 92
74 92
42 74
42 83
68 83
17 68
17 41
41 44
44 76
32 76
32 76
38 76
1 38
1 19
19 59
19 59
19 60
60 77
77 82
6 82
6 34
34 91
87 91
20 87
20 37
20 37
20 96
66 96
20 66
20 72
40 72
40 75
43 75
43 75
40 75
14 40
14 80
80 86
80 86
80 85
13 85
13 85
27 85
22 27
22 94
31 94
3 31
3 53
53 81
30 81
30 50
18 50
18 54
33 54
33 55
33 55
33 54
7 54
7 54
33 54
21 33
21 93
21 93
21 26
15 26
15 39
39 45
2 45
0 2
0 79
0 79
0 69
69 73
70 73
64 70
57 64
10 57
10 29
10 29
10 56
56 97
49 97
49 95
52 95
52 84
