100 100 1186
0
1
2
3
4
5
6
7
8
9
10
11
12
13
14
15
16
17
18
19
20
21
22
23
24
25
26
27
28
29
30
31
32
33
34
35
36
37
38
39
40
41
42
43
44
45
46
47
48
49
50
51
52
53
54
55
56
57
58
59
60
61
62
63
64
65
66
67
68
69
70
71
72
73
74
75
76
77
78
79
80
81
82
83
84
85
86
87
88
89
90
91
92
93
94
95
96
97
98
99
0 26
0 85
1 40
1 61
2 55
2 68
3 4
3 40
4 64
5 42
5 87
6 52
6 60
7 32
7 77
8 28
8 31
9 12
9 58
10 89
10 99
11 51
11 97
12 91
13 48
13 79
14 35
14 83
15 18
15 39
16 29
16 63
17 73
17 84
18 96
19 85
19 95
20 54
20 87
21 22
21 76
22 98
23 32
23 88
24 68
24 82
25 27
25 78
26 54
27 39
28 51
29 31
30 33
30 53
33 69
34 57
34 86
35 78
36 57
36 81
37 70
37 83
38 53
38 66
41 55
41 80
42 77
43 73
43 74
44 49
44 62
45 56
45 89
46 59
46 72
47 69
47 91
48 52
49 94
50 75
50 88
56 82
58 92
59 66
60 97
61 62
63 65
64 92
65 67
67 75
70 84
71 81
71 96
72 74
76 90
79 98
80 93
86 93
90 99
94 95
