56 56 1334
3
89
35
26
40
66
67
32
88
77
98
74
86
15
99
57
30
65
63
33
6
27
54
46
71
55
13
83
28
16
48
97
60
58
87
50
41
38
93
38
44
49
45
37
39
22
82
52
19
90
3
70
3
89
3
90
3 89
35 89
26 35
26 40
40 66
66 67
32 67
32 88
77 88
77 98
74 98
74 86
15 86
15 99
57 99
30 57
30 65
63 65
33 63
6 33
6 27
27 54
46 54
46 71
55 71
13 55
13 83
28 83
16 28
16 48
48 97
60 97
58 60
58 87
50 87
41 50
38 41
38 93
38 93
38 44
44 49
45 49
37 45
37 39
22 39
22 82
52 82
19 52
19 90
3 90
3 70
3 70
3 89
3 89
3 90
3 90
