99 99 915
1
2
3
4
5
6
7
8
9
10
11
12
13
14
15
16
17
18
19
20
21
22
23
24
25
26
27
28
29
30
31
32
33
34
35
36
37
38
39
40
41
42
43
44
45
46
47
48
49
50
51
52
53
54
55
56
57
58
59
60
61
62
63
64
65
66
67
68
69
70
71
72
73
74
75
76
77
78
79
80
81
82
83
84
85
86
87
88
89
90
91
92
93
94
95
96
97
98
99
1 66
1 71
2 46
2 64
3 57
3 69
4 32
4 62
5 32
5 71
6 11
6 36
7 18
7 80
8 21
8 56
9 66
9 70
10 75
10 86
11 27
12 60
12 67
13 52
13 70
14 17
14 86
15 19
15 98
16 22
16 53
17 20
18 95
19 92
20 76
21 28
22 24
23 36
23 50
24 87
25 38
25 42
26 31
26 48
27 35
28 93
29 82
29 99
30 43
30 89
31 72
33 57
33 83
34 59
34 84
35 59
37 87
37 99
38 85
39 55
39 96
40 45
40 84
41 51
41 61
42 90
43 65
44 53
44 94
45 91
46 54
47 61
47 65
48 74
49 63
49 76
50 73
51 72
52 92
54 91
55 79
56 78
58 69
58 78
60 67
62 77
63 96
64 75
68 83
68 97
73 89
74 81
77 98
79 82
80 95
81 93
85 90
88 94
88 97
