100 100 1234
0
1
2
3
4
5
6
7
8
9
10
11
12
13
14
15
16
17
18
19
20
21
22
23
24
25
26
27
28
29
30
31
32
33
34
35
36
37
38
39
40
41
42
43
44
45
46
47
48
49
50
51
52
53
54
55
56
57
58
59
60
61
62
63
64
65
66
67
68
69
70
71
72
73
74
75
76
77
78
79
80
81
82
83
84
85
86
87
88
89
90
91
92
93
94
95
96
97
98
99
0 8
0 18
1 13
1 73
2 48
2 69
3 4
3 66
4 32
5 36
5 53
6 35
6 82
7 14
7 87
8 52
9 48
9 86
10 36
10 70
11 69
11 93
12 28
12 40
13 83
14 42
15 80
15 90
16 67
16 68
17 43
17 88
18 67
19 73
19 79
20 61
20 97
21 62
21 74
22 52
22 56
23 27
23 40
24 57
24 99
25 75
25 95
26 30
26 44
27 94
28 81
29 46
29 82
30 72
31 39
31 61
32 86
33 50
33 89
34 58
34 97
35 57
37 43
37 84
38 76
38 89
39 93
41 49
41 53
42 62
44 80
45 59
45 84
46 98
47 55
47 99
49 81
50 96
51 60
51 71
54 55
54 63
56 91
58 68
59 77
60 98
63 96
64 70
64 92
65 83
65 94
66 74
71 77
72 78
75 85
76 92
78 85
79 95
87 90
88 91
