55 55 1819
28
95
23
126
84
153
144
122
39
122
31
169
31
69
121
107
155
171
59
27
189
27
137
7
25
7
2
156
141
130
97
40
96
94
176
71
136
118
120
36
104
113
104
181
142
127
129
46
43
111
152
192
139
28
146
28 95
23 95
23 126
84 126
84 153
144 153
122 144
39 122
39 122
31 122
31 169
31 169
31 69
69 121
107 121
107 155
155 171
59 171
27 59
27 189
27 189
27 137
7 137
7 25
7 25
2 7
2 156
141 156
130 141
97 130
40 97
40 96
94 96
94 176
71 176
71 136
118 136
118 120
36 120
36 104
104 113
104 113
104 181
142 181
127 142
127 129
46 129
43 46
43 111
111 152
152 192
139 192
28 139
28 146
28 146
