99 99 1498
0
1
2
3
4
5
6
7
8
9
10
11
12
13
14
15
16
17
18
19
20
21
22
23
24
25
26
27
28
29
30
31
32
33
34
35
36
37
38
39
40
41
42
43
44
45
46
47
48
49
50
51
52
53
54
55
56
57
58
59
60
61
62
63
65
66
67
68
69
70
71
72
73
74
75
76
77
78
79
80
81
82
83
84
85
86
87
88
89
90
91
92
93
94
95
96
97
98
99
0 19
0 89
1 29
1 73
2 28
2 72
3 50
3 70
4 67
4 69
5 54
5 85
6 32
6 93
7 50
7 55
8 81
8 99
9 46
9 99
10 57
10 82
11 15
11 54
12 23
12 83
13 33
13 73
14 33
14 71
15 85
16 36
16 65
17 79
17 96
18 81
18 95
19 23
20 25
20 51
21 27
21 98
22 60
22 96
24 58
24 72
25 94
26 32
26 92
27 35
28 98
29 53
30 78
30 86
31 43
31 61
34 56
34 57
35 47
36 71
37 59
37 66
38 88
38 95
39 70
39 76
40 76
40 80
41 53
41 55
42 80
42 87
43 83
44 65
44 84
45 46
45 97
47 97
48 51
48 94
49 60
49 67
52 56
52 75
58 63
59 88
61 91
62 68
62 79
63 74
66 78
68 69
74 90
75 90
77 84
77 91
82 87
86 89
92 93
