94 94 1419
0
1
2
3
4
5
6
7
8
9
10
11
12
13
14
15
16
17
18
20
21
22
23
24
25
26
27
28
29
30
31
32
33
34
35
36
37
38
39
40
41
42
43
44
45
46
48
49
50
51
52
53
55
56
57
59
60
61
62
63
64
65
66
67
68
70
71
73
74
75
76
77
78
79
80
81
82
83
84
85
86
87
88
89
90
91
92
93
94
95
96
97
98
99
0 60
0 64
1 75
1 80
2 9
2 24
3 22
3 31
4 68
4 90
5 27
5 86
6 12
6 46
7 14
7 18
8 74
8 92
9 26
10 37
10 63
11 22
11 81
12 93
13 25
13 30
14 68
15 52
15 89
16 53
16 67
17 41
17 55
18 92
20 44
20 83
21 44
21 87
23 32
23 98
24 56
25 83
26 52
27 51
28 42
28 85
29 36
29 88
30 75
31 98
32 71
33 50
33 62
34 40
34 78
35 40
35 66
36 77
37 48
38 50
38 61
39 55
39 59
41 59
42 85
43 77
43 97
45 76
45 91
46 89
48 66
49 73
49 81
51 65
53 84
56 67
57 60
57 64
61 91
62 76
63 95
65 88
70 78
70 99
71 79
73 84
74 79
80 95
82 96
82 99
86 87
90 97
93 94
94 96
