100 100 1002
0
1
2
3
4
5
6
7
8
9
10
11
12
13
14
15
16
17
18
19
20
21
22
23
24
25
26
27
28
29
30
31
32
33
34
35
36
37
38
39
40
41
42
43
44
45
46
47
48
49
50
51
52
53
54
55
56
57
58
59
60
61
62
63
64
65
66
67
68
69
70
71
72
73
74
75
76
77
78
79
80
81
82
83
84
85
86
87
88
89
90
91
92
93
94
95
96
97
98
99
0 28
0 34
1 41
1 88
2 4
2 90
3 42
3 81
4 13
5 32
5 49
6 83
6 87
7 16
7 30
8 20
8 37
9 76
9 80
10 38
10 91
11 19
11 70
12 51
12 82
13 93
14 15
14 40
15 78
16 58
17 24
17 32
18 39
18 65
19 54
20 29
21 28
21 83
22 75
22 84
23 26
23 77
24 99
25 42
25 63
26 85
27 30
27 80
29 52
31 40
31 72
33 65
33 71
34 63
35 89
35 98
36 47
36 58
37 62
38 48
39 50
41 62
43 74
43 97
44 55
44 73
45 55
45 86
46 56
46 67
47 79
48 98
49 66
50 96
51 66
52 90
53 57
53 61
54 72
56 82
57 68
59 64
59 94
60 94
60 96
61 99
64 75
67 92
68 78
69 71
69 86
70 81
73 77
74 92
76 95
79 85
84 91
87 89
88 97
93 95
