99 99 1137
0
2
3
4
5
6
7
8
9
10
11
12
13
14
15
16
17
18
19
20
21
22
23
24
25
26
27
28
29
30
31
32
33
34
35
36
37
38
39
40
41
42
43
44
45
46
47
48
49
50
51
52
53
54
55
56
57
58
59
60
61
62
63
64
65
66
67
68
69
70
71
72
73
74
75
76
77
78
79
80
81
82
83
84
85
86
87
88
89
90
91
92
93
94
95
96
97
98
99
0 35
0 43
2 50
2 63
3 27
3 99
4 6
4 79
5 51
5 78
6 72
7 91
7 94
8 20
8 28
9 80
9 98
10 85
10 97
11 17
11 64
12 16
12 90
13 18
13 96
14 54
14 56
15 28
15 29
16 33
17 76
18 64
19 21
19 44
20 45
21 49
22 46
22 61
23 47
23 71
24 49
24 92
25 74
25 82
26 60
26 74
27 99
29 56
30 42
30 89
31 37
31 43
32 86
32 94
33 70
34 48
34 71
35 83
36 58
36 83
37 41
38 60
38 81
39 66
39 70
40 53
40 55
41 52
42 75
44 92
45 90
46 61
47 57
48 63
50 57
51 95
52 87
53 84
54 88
55 62
58 73
59 69
59 87
62 84
65 67
65 95
66 68
67 77
68 82
69 88
72 89
73 93
75 81
76 93
77 78
79 86
80 97
85 98
91 96
