65 65 1326
31
88
82
56
84
71
11
44
60
51
95
3
85
35
32
36
18
24
4
8
54
57
26
40
72
45
33
81
2
81
43
48
65
39
96
49
30
68
29
27
9
10
22
7
12
42
64
70
98
83
76
55
28
21
1
37
74
25
92
58
5
23
13
6
41
31 88
82 88
56 82
56 84
71 84
11 71
11 44
44 60
51 60
51 95
3 95
3 85
35 85
32 35
32 36
18 36
18 24
4 24
4 8
8 54
54 57
26 57
26 40
40 72
45 72
33 45
33 81
2 81
2 81
43 81
43 48
48 65
39 65
39 96
49 96
30 49
30 68
29 68
27 29
9 27
9 10
10 22
7 22
7 12
12 42
42 64
64 70
70 98
83 98
76 83
55 76
28 55
21 28
1 21
1 37
37 74
25 74
25 92
58 92
5 58
5 23
13 23
6 13
6 41
31 41
