100 100 1513
0
1
2
3
4
5
6
7
8
9
10
11
12
13
14
15
16
17
18
19
20
21
22
23
24
25
26
27
28
29
30
31
32
33
34
35
36
37
38
39
40
41
42
43
44
45
46
47
48
49
50
51
52
53
54
55
56
57
58
59
60
61
62
63
64
65
66
67
68
69
70
71
72
73
74
75
76
77
78
79
80
81
82
83
84
85
86
87
88
89
90
91
92
93
94
95
96
97
98
99
0 78
0 88
1 56
1 98
2 17
2 47
3 38
3 69
4 71
4 86
5 63
5 80
6 60
6 70
7 15
7 30
8 90
8 95
9 75
9 79
10 61
10 91
11 62
11 83
12 59
12 77
13 24
13 55
14 78
14 95
15 30
16 81
16 86
17 99
18 38
18 84
19 36
19 49
20 24
20 67
21 35
21 58
22 26
22 51
23 26
23 87
25 61
25 89
27 59
27 77
28 44
28 79
29 45
29 49
31 45
31 50
32 48
32 53
33 48
33 88
34 54
34 81
35 53
36 40
37 41
37 90
39 65
39 91
40 70
41 96
42 52
42 99
43 57
43 58
44 71
46 76
46 83
47 69
50 55
51 76
52 73
54 93
56 85
57 87
60 92
62 98
63 80
64 68
64 74
65 97
66 68
66 74
67 94
72 82
72 84
73 75
82 92
85 96
89 97
93 94
