99 99 899
0
1
2
3
4
5
6
7
8
9
10
11
12
13
14
15
16
17
18
19
20
21
22
23
24
25
26
27
28
29
30
31
32
33
34
35
36
37
38
39
40
41
42
43
44
45
46
47
48
49
50
51
52
53
54
55
56
57
58
59
60
61
62
63
64
65
66
67
68
69
70
71
72
73
74
75
76
77
78
79
80
81
82
83
84
85
86
87
89
90
91
92
93
94
95
96
97
98
99
0 45
0 89
1 36
1 67
2 45
2 95
3 13
3 92
4 65
4 90
5 51
5 54
6 32
6 82
7 48
7 81
8 64
8 82
9 74
9 97
10 78
10 84
11 33
11 98
12 37
12 56
13 92
14 76
14 95
15 49
15 72
16 28
16 35
17 42
17 46
18 28
18 66
19 81
19 87
20 59
20 66
21 63
21 75
22 38
22 60
23 31
23 77
24 50
24 59
25 86
25 87
26 58
26 96
27 29
27 91
29 61
30 72
30 99
31 63
32 33
34 44
34 70
35 65
36 67
37 75
38 60
39 56
39 90
40 41
40 83
41 80
42 46
43 47
43 68
44 97
47 68
48 73
49 55
50 91
51 54
52 57
52 89
53 76
53 94
55 64
57 85
58 71
61 71
62 83
62 84
69 73
69 77
70 99
74 85
78 93
79 96
79 98
80 93
86 94
