62 62 2752
58
82
35
63
1
27
79
31
22
42
194
12
130
60
144
23
74
5
176
21
76
36
54
49
123
160
46
19
44
162
140
45
43
71
137
168
48
168
165
25
106
182
26
182
61
29
98
104
33
126
75
116
103
191
180
18
135
147
119
124
119
6
58 82
35 82
35 63
1 63
1 27
27 79
31 79
22 31
22 42
42 194
12 194
12 130
60 130
60 144
23 144
23 74
5 74
5 176
21 176
21 76
36 76
36 54
49 54
49 123
123 160
46 160
19 46
19 44
44 162
140 162
45 140
43 45
43 71
71 137
137 168
48 168
48 168
165 168
25 165
25 106
106 182
26 182
26 182
61 182
29 61
29 98
98 104
33 104
33 126
75 126
75 116
103 116
103 191
180 191
18 180
18 135
135 147
119 147
119 124
119 124
6 119
6 58
