98 98 905
0
1
2
3
4
5
6
7
8
9
10
11
12
13
14
15
16
17
18
19
20
21
22
23
24
25
26
27
28
30
31
32
33
34
35
36
37
38
39
40
41
42
43
44
45
46
47
48
49
50
51
52
53
54
55
56
57
58
59
60
61
62
63
64
65
66
67
68
69
70
72
73
74
75
76
77
78
79
80
81
82
83
84
85
86
87
88
89
90
91
92
93
94
95
96
97
98
99
0 33
0 34
1 72
1 99
2 36
2 76
3 38
3 55
4 9
4 42
5 31
5 67
6 15
6 90
7 11
7 35
8 61
8 93
9 63
10 19
10 77
11 70
12 32
12 46
13 52
13 91
14 45
14 48
15 85
16 38
16 65
17 57
17 58
18 21
18 92
19 66
20 59
20 64
21 49
22 44
22 85
23 26
23 43
24 59
24 76
25 51
25 70
26 88
27 30
27 90
28 34
28 74
30 69
31 33
32 68
35 75
36 96
37 53
37 91
39 54
39 99
40 47
40 72
41 68
41 89
42 63
43 81
44 83
45 64
46 89
47 60
48 50
49 95
50 84
51 86
52 78
53 86
54 96
55 80
56 77
56 97
57 58
60 87
61 93
62 84
62 92
65 80
66 82
67 81
69 74
73 75
73 83
78 87
79 94
79 98
82 97
88 95
94 98
