100 150 2424
0
1
2
3
4
5
6
7
8
9
10
11
12
13
14
15
16
17
18
19
20
21
22
23
24
25
26
27
28
29
30
31
32
33
34
35
36
37
38
39
40
41
42
43
44
45
46
47
48
49
50
51
52
53
54
55
56
57
58
59
60
61
62
63
64
65
66
67
68
69
70
71
72
73
74
75
76
77
78
79
80
81
82
83
84
85
86
87
88
89
90
91
92
93
94
95
96
97
98
99
0 18
0 24
1 39
39 62
1 39
39 94
2 52
2 4
4 63
3 32
3 69
4 13
13 24
24 37
4 63
5 51
33 51
5 41
6 42
20 42
6 92
7 67
15 67
7 67
67 71
8 49
8 49
49 65
9 93
9 30
30 94
10 92
42 92
10 82
9 11
9 30
11 57
12 18
12 85
13 31
13 76
14 28
14 81
15 81
42 81
16 86
21 86
16 86
65 86
38 65
17 34
17 96
78 96
19 54
19 79
20 73
21 49
49 65
22 64
53 64
22 64
23 25
23 97
0 24
0 66
25 87
26 83
39 83
26 83
39 83
39 43
27 61
56 61
27 75
28 59
7 29
7 67
29 98
30 35
35 44
24 31
24 40
32 91
58 91
33 60
17 34
17 96
35 44
44 72
72 73
35 93
36 66
36 95
37 47
7 38
7 92
39 62
40 91
41 57
43 67
44 83
45 74
45 55
55 79
46 68
46 53
53 89
30 47
30 70
21 48
21 49
21 48
21 50
16 50
16 86
33 51
33 60
51 61
52 58
46 53
46 84
19 54
19 55
46 55
46 68
56 90
14 59
14 22
22 64
27 61
27 75
69 99
6 70
6 71
16 72
16 86
72 92
92 97
74 80
76 95
77 88
77 90
78 85
80 91
81 98
82 83
84 99
17 87
17 96
88 89
