99 99 967
0
1
2
3
4
6
7
8
9
10
11
12
13
14
15
16
17
18
19
20
21
22
23
24
25
26
27
28
29
30
31
32
33
34
35
36
37
38
39
40
41
42
43
44
45
46
47
48
49
50
51
52
53
54
55
56
57
58
59
60
61
62
63
64
65
66
67
68
69
70
71
72
73
74
75
76
77
78
79
80
81
82
83
84
85
86
87
88
89
90
91
92
93
94
95
96
97
98
99
0 74
0 89
1 37
1 73
2 14
2 15
3 9
3 21
4 31
4 52
6 59
6 65
7 73
7 94
8 43
8 98
9 75
10 21
10 30
11 59
11 79
12 46
12 67
13 34
13 83
14 99
15 96
16 69
16 78
17 19
17 72
18 90
18 97
19 68
20 78
20 80
22 88
22 89
23 33
23 87
24 38
24 50
25 38
25 50
26 36
26 66
27 32
27 51
28 53
28 99
29 40
29 88
30 45
31 53
32 60
33 68
34 52
35 37
35 40
36 44
39 49
39 86
41 60
41 84
42 56
42 96
43 92
44 63
45 70
46 85
47 58
47 72
48 61
48 91
49 86
51 62
54 56
54 63
55 64
55 81
57 61
57 66
58 71
62 80
64 82
65 79
67 76
69 91
70 75
71 93
74 84
76 77
77 95
81 82
83 87
85 92
90 97
93 98
94 95
