Error code = 10013
Unable to write to file './output/N100D03K5T1P1/model.lp'

98 98 1378
0
1
2
3
4
5
6
7
8
9
10
11
12
13
14
15
16
17
18
19
20
21
22
23
24
25
26
27
28
29
30
31
32
33
34
35
36
37
39
40
41
42
43
44
45
46
47
48
49
50
51
52
53
54
55
56
58
59
60
61
62
63
64
65
66
67
68
69
70
71
72
73
74
75
76
77
78
79
80
81
82
83
84
85
86
87
88
89
90
91
92
93
94
95
96
97
98
99
0 36
0 86
1 73
1 81
2 73
2 84
3 7
3 41
4 15
4 89
5 13
5 39
6 22
6 29
7 62
8 23
8 64
9 59
9 68
10 30
10 89
11 12
11 14
12 86
13 61
14 22
15 30
16 66
16 67
17 96
17 99
18 25
18 95
19 20
19 43
20 52
21 24
21 71
23 34
24 28
25 33
26 42
26 64
27 76
27 82
28 65
29 93
31 34
31 66
32 96
32 99
33 75
35 55
35 87
36 63
37 79
37 98
39 45
40 58
40 91
41 62
42 77
43 95
44 48
44 50
45 49
46 72
46 83
47 74
47 90
48 72
49 98
50 81
51 75
51 78
52 84
53 59
53 88
54 58
54 79
55 76
56 60
56 69
60 92
61 80
63 87
65 90
67 77
68 93
69 74
70 92
70 94
71 80
78 97
82 85
83 91
85 97
88 94
