107 107 1069
79
33
22
45
29
42
68
50
13
5
30
46
30
31
23
93
18
60
92
60
21
73
94
78
61
9
63
70
63
70
88
19
80
4
1
64
39
1
2
37
86
82
48
62
96
87
81
95
65
76
85
38
27
17
66
25
24
16
8
47
67
83
69
57
99
34
6
59
56
72
91
36
98
97
51
54
71
44
15
3
49
3
28
55
40
11
7
52
26
32
58
89
84
53
0
75
41
12
20
90
35
43
77
43
10
74
14
33 79
22 33
22 45
29 45
29 42
42 68
50 68
13 50
5 13
5 30
30 46
30 46
30 31
23 31
23 93
18 93
18 60
60 92
60 92
21 60
21 73
73 94
78 94
61 78
9 61
9 63
63 70
63 70
63 70
70 88
19 88
19 80
4 80
1 4
1 64
39 64
1 39
1 2
2 37
37 86
82 86
48 82
48 62
62 96
87 96
81 87
81 95
65 95
65 76
76 85
38 85
27 38
17 27
17 66
25 66
24 25
16 24
8 16
8 47
47 67
67 83
69 83
57 69
57 99
34 99
6 34
6 59
56 59
56 72
72 91
36 91
36 98
97 98
51 97
51 54
54 71
44 71
15 44
3 15
3 49
3 49
3 28
28 55
40 55
11 40
7 11
7 52
26 52
26 32
32 58
58 89
84 89
53 84
0 53
0 75
41 75
12 41
12 20
20 90
35 90
35 43
43 77
43 77
10 43
10 74
14 74
14 79
