268 268 2584
106
179
55
80
89
199
96
115
158
94
167
94
26
129
26
71
168
71
26
77
177
9
123
60
181
60
143
72
27
72
143
58
62
58
73
105
194
19
194
87
116
146
8
32
195
31
40
31
99
165
99
7
28
22
93
11
23
11
100
140
109
48
109
90
164
53
164
90
172
152
196
82
196
39
103
130
51
59
188
130
103
67
70
121
78
111
41
142
97
142
118
36
118
178
43
6
43
6
43
163
25
112
43
6
183
12
92
117
92
41
61
128
61
46
45
159
150
45
187
45
35
114
171
57
186
57
171
95
101
171
148
104
136
174
136
104
139
175
147
0
14
0
190
17
184
144
138
170
138
170
189
161
153
161
149
113
47
155
192
173
180
173
120
191
85
3
85
81
16
79
162
1
75
20
34
151
34
75
1
154
69
49
18
44
198
125
2
127
86
24
86
24
86
24
88
21
110
21
88
24
124
42
5
13
63
10
86
24
176
107
50
64
132
133
119
169
76
131
157
15
91
30
37
156
37
197
108
160
166
78
70
78
70
102
4
52
74
141
122
65
185
65
29
126
182
126
54
98
56
98
38
126
84
68
83
33
83
68
122
134
137
193
137
145
137
135
66
179
106 179
55 179
55 80
80 89
89 199
96 199
96 115
115 158
94 158
94 167
94 167
26 94
26 129
26 129
26 71
71 168
71 168
26 71
26 77
77 177
9 177
9 123
60 123
60 181
60 181
60 143
72 143
27 72
27 72
72 143
58 143
58 62
58 62
58 73
73 105
105 194
19 194
19 194
87 194
87 116
116 146
8 146
8 32
32 195
31 195
31 40
31 40
31 99
99 165
99 165
7 99
7 28
22 28
22 93
11 93
11 23
11 23
11 100
100 140
109 140
48 109
48 109
90 109
90 164
53 164
53 164
90 164
90 172
152 172
152 196
82 196
82 196
39 196
39 103
103 130
51 130
51 59
59 188
130 188
103 130
67 103
67 70
70 121
78 121
78 111
41 111
41 142
97 142
97 142
118 142
36 118
36 118
118 178
43 178
6 43
6 43
6 43
6 43
43 163
25 163
25 112
43 112
6 43
6 183
12 183
12 92
92 117
92 117
41 92
41 61
61 128
61 128
46 61
45 46
45 159
150 159
45 150
45 187
45 187
35 45
35 114
114 171
57 171
57 186
57 186
57 171
95 171
95 101
101 171
148 171
104 148
104 136
136 174
136 174
104 136
104 139
139 175
147 175
0 147
0 14
0 14
0 190
17 190
17 184
144 184
138 144
138 170
138 170
138 170
170 189
161 189
153 161
153 161
149 161
113 149
47 113
47 155
155 192
173 192
173 180
173 180
120 173
120 191
85 191
3 85
3 85
81 85
16 81
16 79
79 162
1 162
1 75
20 75
20 34
34 151
34 151
34 75
1 75
1 154
69 154
49 69
18 49
18 44
44 198
125 198
2 125
2 127
86 127
24 86
24 86
24 86
24 86
24 86
24 88
21 88
21 110
21 110
21 88
24 88
24 124
42 124
5 42
5 13
13 63
10 63
10 86
24 86
24 176
107 176
50 107
50 64
64 132
132 133
119 133
119 169
76 169
76 131
131 157
15 157
15 91
30 91
30 37
37 156
37 156
37 197
108 197
108 160
160 166
78 166
70 78
70 78
70 78
70 102
4 102
4 52
52 74
74 141
122 141
65 122
65 185
65 185
29 65
29 126
126 182
126 182
54 126
54 98
56 98
56 98
38 98
38 126
84 126
68 84
68 83
33 83
33 83
68 83
68 122
122 134
134 137
137 193
137 193
137 145
137 145
135 137
66 135
66 179
106 179
