100 106 1078
0
1
2
3
4
5
6
7
8
9
10
11
12
13
14
15
16
17
18
19
20
21
22
23
24
25
26
27
28
29
30
31
32
33
34
35
36
37
38
39
40
41
42
43
44
45
46
47
48
49
50
51
52
53
54
55
56
57
58
59
60
61
62
63
64
65
66
67
68
69
70
71
72
73
74
75
76
77
78
79
80
81
82
83
84
85
86
87
88
89
90
91
92
93
94
95
96
97
98
99
0 11
0 52
1 59
1 96
2 50
2 74
3 27
3 30
4 45
4 72
5 23
5 56
6 7
6 87
7 68
8 84
8 91
9 67
9 71
10 17
10 82
11 80
12 22
12 23
13 18
13 36
14 26
14 46
15 58
15 96
16 32
16 53
17 44
18 21
19 24
19 29
20 65
20 30
30 88
21 86
22 44
24 37
25 30
25 54
26 38
27 57
28 64
28 54
54 74
29 39
31 48
31 61
32 78
11 33
11 80
33 88
34 35
34 49
35 48
36 41
37 55
38 78
29 39
29 57
40 72
40 83
41 45
42 77
42 99
0 43
0 52
43 90
46 63
47 62
47 66
49 53
50 94
51 59
51 93
54 79
55 98
56 91
58 95
60 75
60 85
61 98
62 70
63 84
64 92
64 65
64 92
66 69
67 75
68 82
69 86
70 87
71 94
73 90
73 93
76 97
76 99
77 95
79 89
81 85
81 89
83 97
