95 95 1006
0
1
2
3
4
5
6
7
8
9
10
11
12
13
14
15
16
17
18
19
20
21
22
23
24
25
26
28
29
30
31
32
33
34
35
37
38
39
40
41
42
43
44
45
46
47
48
49
50
51
52
54
55
56
57
58
60
61
62
63
64
65
66
67
68
69
71
72
73
74
75
76
77
78
79
80
81
82
83
84
85
86
87
88
89
90
91
92
93
94
95
96
97
98
99
0 56
0 89
1 61
1 77
2 14
2 69
3 4
3 5
4 37
5 31
6 9
6 35
7 49
7 85
8 22
8 40
9 17
10 29
10 31
11 62
11 99
12 42
12 74
13 52
13 58
14 82
15 55
15 95
16 80
16 88
17 75
18 68
18 80
19 21
19 38
20 42
20 48
21 79
22 40
23 90
23 91
24 26
24 45
25 62
25 83
26 63
28 60
28 87
29 51
30 35
30 84
32 50
32 73
33 39
33 95
34 44
34 73
37 64
38 41
39 91
41 61
43 94
43 99
44 93
45 98
46 51
46 60
47 55
47 76
48 85
49 83
50 93
52 54
54 78
56 96
57 58
57 71
63 90
64 74
65 66
65 89
66 82
67 76
67 94
68 92
69 84
71 78
72 81
72 96
75 88
77 79
81 97
86 87
86 98
92 97
