91 91 1373
0
1
2
3
4
5
6
7
8
9
10
11
12
13
14
15
16
17
18
19
20
21
22
23
24
25
27
28
29
30
31
33
34
36
37
38
39
40
41
42
43
44
45
46
47
48
49
51
52
53
54
55
56
57
59
60
61
63
64
65
66
67
68
69
70
71
73
74
75
76
77
78
79
81
82
83
85
86
87
88
89
90
91
92
93
94
95
96
97
98
99
0 73
0 77
1 14
1 25
2 28
2 33
3 15
3 54
4 20
4 73
5 27
5 85
6 13
6 39
7 24
7 64
8 14
8 77
9 74
9 85
10 60
10 92
11 16
11 65
12 68
12 87
13 45
15 89
16 65
17 93
17 94
18 49
18 57
19 40
19 86
20 63
21 24
21 40
22 48
22 98
23 25
23 43
27 44
28 71
29 39
29 83
30 51
30 86
31 47
31 61
33 74
34 82
34 90
36 82
36 90
37 38
37 69
38 61
41 51
41 56
42 96
42 97
43 78
44 91
45 93
46 49
46 78
47 66
48 95
52 60
52 98
53 67
53 76
54 95
55 79
55 99
56 66
57 63
59 68
59 88
64 96
67 76
69 70
70 92
71 91
75 83
75 88
79 99
81 89
81 94
87 97
