92 92 1098
0
1
2
3
4
5
6
7
8
9
10
11
12
13
14
15
16
17
18
19
20
22
23
24
25
26
27
28
30
31
32
33
34
35
36
37
38
39
40
41
42
43
44
45
46
48
49
50
51
52
53
55
56
57
58
59
60
61
62
63
64
66
67
68
69
70
71
72
73
74
75
76
77
78
79
81
82
83
84
85
87
88
89
91
92
93
94
95
96
97
98
99
0 55
0 73
1 11
1 46
2 23
2 84
3 76
3 97
4 9
4 61
5 57
5 59
6 8
6 49
7 12
7 19
8 50
9 52
10 40
10 77
11 70
12 19
13 49
13 75
14 58
14 93
15 16
15 55
16 24
17 27
17 77
18 45
18 82
20 57
20 66
22 37
22 44
23 43
24 36
25 58
25 94
26 37
26 88
27 40
28 43
28 84
30 38
30 82
31 92
31 96
32 73
32 85
33 53
33 99
34 81
34 98
35 38
35 46
36 95
39 48
39 60
41 72
41 89
42 50
42 83
44 88
45 76
48 60
51 56
51 64
52 71
53 68
56 64
59 78
61 71
62 79
62 91
63 92
63 96
66 68
67 87
67 95
69 78
69 97
70 93
72 89
74 81
74 94
75 83
79 91
85 87
98 99
