200 200 1438
0
1
2
3
4
5
6
7
8
9
10
11
12
13
14
15
16
17
18
19
20
21
22
23
24
25
26
27
28
29
30
31
32
33
34
35
36
37
38
39
40
41
42
43
44
45
46
47
48
49
50
51
52
53
54
55
56
57
58
59
60
61
62
63
64
65
66
67
68
69
70
71
72
73
74
75
76
77
78
79
80
81
82
83
84
85
86
87
88
89
90
91
92
93
94
95
96
97
98
99
100
101
102
103
104
105
106
107
108
109
110
111
112
113
114
115
116
117
118
119
120
121
122
123
124
125
126
127
128
129
130
131
132
133
134
135
136
137
138
139
140
141
142
143
144
145
146
147
148
149
150
151
152
153
154
155
156
157
158
159
160
161
162
163
164
165
166
167
168
169
170
171
172
173
174
175
176
177
178
179
180
181
182
183
184
185
186
187
188
189
190
191
192
193
194
195
196
197
198
199
0 67
0 100
1 123
1 196
2 85
2 141
3 31
3 111
4 47
4 124
5 62
5 78
6 42
6 151
7 163
7 173
8 11
8 29
9 134
9 146
10 25
10 186
11 86
12 159
12 172
13 36
13 92
14 32
14 191
15 28
15 60
16 59
16 113
17 121
17 181
18 20
18 51
19 56
19 99
20 177
21 33
21 185
22 49
22 54
23 45
23 150
24 71
24 194
25 152
26 144
26 148
27 155
27 174
28 169
29 34
30 72
30 81
31 187
32 131
33 35
34 86
35 147
36 142
37 46
37 49
38 53
38 179
39 107
39 147
40 64
40 105
41 125
41 199
42 184
43 126
43 189
44 67
44 127
45 91
46 178
47 77
48 62
48 99
50 83
50 195
51 115
52 146
52 168
53 123
54 139
55 68
55 157
56 170
57 94
57 109
58 72
58 81
59 166
60 101
61 69
61 149
63 97
63 122
64 162
65 138
65 151
66 127
66 162
68 79
69 158
70 163
70 173
71 115
73 87
73 130
74 122
74 182
75 121
75 133
76 116
76 153
77 124
78 114
79 143
80 116
80 149
82 91
82 150
83 196
84 98
84 118
85 197
87 140
88 95
88 110
89 136
89 137
90 103
90 138
92 142
93 114
93 152
94 109
95 102
96 108
96 140
97 195
98 171
100 164
101 172
102 145
103 119
104 136
104 167
105 119
106 120
106 176
107 167
108 130
110 161
111 164
112 168
112 176
113 132
117 154
117 190
118 171
120 134
125 133
126 135
128 190
128 193
129 135
129 183
131 191
132 182
137 159
139 144
141 197
143 157
145 169
148 184
153 156
154 193
155 166
156 175
158 160
160 178
161 188
165 181
165 199
170 180
174 179
175 192
177 180
183 189
185 198
186 194
187 192
188 198
