58 58 1235
38
9
65
58
96
52
96
2
87
79
32
12
21
88
33
3
24
82
5
28
75
18
11
29
45
81
49
19
89
73
66
50
35
0
69
20
86
10
37
17
34
23
59
84
44
51
25
92
26
47
70
46
57
55
27
14
31
99
9 38
9 65
58 65
58 96
52 96
52 96
2 96
2 87
79 87
32 79
12 32
12 21
21 88
33 88
3 33
3 24
24 82
5 82
5 28
28 75
18 75
11 18
11 29
29 45
45 81
49 81
19 49
19 89
73 89
66 73
50 66
35 50
0 35
0 69
20 69
20 86
10 86
10 37
17 37
17 34
23 34
23 59
59 84
44 84
44 51
25 51
25 92
26 92
26 47
47 70
46 70
46 57
55 57
27 55
14 27
14 31
31 99
38 99
