63 63 1370
7
16
30
16
7
9
35
21
39
21
1
20
27
38
25
33
29
22
3
22
37
8
37
46
37
22
3
14
44
48
19
34
18
34
2
23
2
32
6
26
0
26
0
11
49
47
15
24
42
36
17
41
28
12
5
10
43
40
16
45
31
7
13
7 16
16 30
16 30
7 16
7 9
9 35
21 35
21 39
21 39
1 21
1 20
20 27
27 38
25 38
25 33
29 33
22 29
3 22
3 22
22 37
8 37
8 37
37 46
37 46
22 37
3 22
3 14
14 44
44 48
19 48
19 34
18 34
18 34
2 34
2 23
2 23
2 32
6 32
6 26
0 26
0 26
0 26
0 11
11 49
47 49
15 47
15 24
24 42
36 42
17 36
17 41
28 41
12 28
5 12
5 10
10 43
40 43
16 40
16 45
31 45
7 31
7 13
7 13
