198 198 10665
0
1
2
3
4
5
6
7
8
9
10
11
12
13
14
15
16
17
18
19
20
21
22
23
24
25
26
27
28
29
30
31
32
33
34
35
36
37
38
39
40
41
42
43
44
45
46
47
48
49
50
51
52
53
54
55
56
57
58
59
60
61
62
63
64
65
66
67
68
69
70
71
72
73
74
76
77
78
79
80
81
82
83
84
85
86
87
88
89
90
91
92
93
94
95
96
97
98
99
100
101
102
103
104
105
106
108
109
110
111
112
113
114
115
116
117
118
119
120
121
122
123
124
125
126
127
128
129
130
131
132
133
134
135
136
137
138
139
140
141
142
143
144
145
146
147
148
149
150
151
152
153
154
155
156
157
158
159
160
161
162
163
164
165
166
167
168
169
170
171
172
173
174
175
176
177
178
179
180
181
182
183
184
185
186
187
188
189
190
191
192
193
194
195
196
197
198
199
0 153
0 179
1 164
1 168
2 105
2 106
3 165
3 180
4 177
4 189
5 62
5 71
6 166
6 176
7 49
7 161
8 124
8 181
9 158
9 159
10 63
10 67
11 47
11 170
12 93
12 146
13 29
13 74
14 60
14 77
15 178
15 183
16 58
16 188
17 157
17 158
18 166
18 167
19 61
19 174
20 160
20 161
21 51
21 79
22 115
22 116
23 155
23 160
24 90
24 93
25 141
25 162
26 65
26 66
27 56
27 90
28 130
28 168
29 179
30 61
30 82
31 76
31 110
32 80
32 100
33 76
33 142
34 54
34 140
35 69
35 148
36 48
36 154
37 78
37 83
38 95
38 135
39 68
39 84
40 41
40 137
41 91
42 112
42 113
43 98
43 132
44 64
44 79
45 89
45 92
46 97
46 163
47 175
48 137
49 84
50 94
50 110
51 103
52 85
52 91
53 114
53 153
54 74
55 89
55 102
56 170
57 67
57 80
58 199
59 197
59 198
60 199
62 163
63 198
64 197
65 192
66 196
68 175
69 196
70 193
70 195
71 194
72 193
72 194
73 191
73 195
77 192
78 190
81 189
81 191
82 190
83 188
85 187
86 185
86 187
87 185
87 186
88 183
88 186
92 182
94 184
95 184
96 176
96 181
97 180
98 178
99 171
99 174
100 182
101 173
101 177
102 173
103 172
104 169
104 172
105 171
106 169
108 159
108 164
109 162
109 165
111 157
111 167
112 155
113 156
114 156
115 154
116 152
117 151
117 152
118 150
118 151
119 148
119 149
120 149
120 150
121 145
121 146
122 145
122 147
123 141
123 147
124 144
125 143
125 144
126 142
126 143
127 139
127 140
128 136
128 139
129 136
129 138
130 131
131 138
132 133
133 134
134 135
