56 56 1056
0
4
7
8
9
15
17
19
20
23
24
25
28
31
32
36
37
38
39
42
43
44
45
46
48
51
53
54
55
57
59
61
62
63
65
67
68
70
71
76
77
78
79
81
83
84
86
88
89
90
91
95
96
97
98
99
0 25
0 62
4 19
4 65
7 54
7 57
8 20
8 28
9 19
9 86
15 39
15 86
17 32
17 91
20 89
23 63
23 70
24 37
24 99
25 90
28 95
31 46
31 68
32 44
36 39
36 44
37 61
38 55
38 59
42 43
42 76
43 90
45 53
45 98
46 57
48 84
48 99
51 59
51 96
53 88
54 61
55 98
62 91
63 76
65 68
67 71
67 89
70 81
71 84
77 78
77 83
78 97
79 81
79 88
83 95
96 97
