99 99 1185
0
1
2
3
4
5
6
7
8
9
10
11
12
13
14
15
16
17
18
19
20
21
22
23
24
25
26
27
28
29
30
31
32
33
34
35
36
37
38
39
40
41
42
43
44
45
46
47
48
49
50
51
52
53
54
55
56
57
59
60
61
62
63
64
65
66
67
68
69
70
71
72
73
74
75
76
77
78
79
80
81
82
83
84
85
86
87
88
89
90
91
92
93
94
95
96
97
98
99
0 8
0 74
1 25
1 81
2 12
2 22
3 60
3 75
4 10
4 95
5 91
5 92
6 61
6 89
7 64
7 74
8 13
9 23
9 30
10 46
11 49
11 60
12 34
13 69
14 43
14 57
15 48
15 59
16 18
16 85
17 73
17 82
18 39
19 68
19 90
20 21
20 28
21 32
22 44
23 98
24 55
24 94
25 81
26 33
26 79
27 28
27 93
29 49
29 89
30 80
31 63
31 99
32 69
33 67
34 84
35 41
35 87
36 37
36 97
37 95
38 82
38 93
39 48
40 53
40 63
41 76
42 45
42 96
43 71
44 62
45 96
46 55
47 52
47 85
50 61
50 79
51 56
51 77
52 67
53 68
54 70
54 84
56 64
57 94
59 70
62 72
65 77
65 99
66 78
66 83
71 88
72 86
73 92
75 86
76 78
80 87
83 91
88 97
90 98
