Error code = 10013
Unable to write to file './output/N50D0.7K0T1P0.1/model.lp'

50 50 713
0
1
2
3
4
5
6
7
8
9
10
11
12
13
14
15
16
17
18
19
20
21
22
23
24
25
26
27
28
29
30
31
32
33
34
35
36
37
38
39
40
41
42
43
44
45
46
47
48
49
0 28
0 40
1 5
1 27
2 7
2 26
3 17
3 19
4 9
4 35
5 28
6 34
6 44
7 11
8 9
8 25
10 20
10 38
11 26
12 16
12 27
13 22
13 48
14 37
14 49
15 29
15 33
16 33
17 32
18 22
18 36
19 21
20 42
21 43
23 42
23 48
24 30
24 31
25 38
29 41
30 34
31 44
32 45
35 37
36 47
39 45
39 49
40 46
41 43
46 47
