100 100 837
0
1
2
3
4
5
6
7
8
9
10
11
12
13
14
15
16
17
18
19
20
21
22
23
24
25
26
27
28
29
30
31
32
33
34
35
36
37
38
39
40
41
42
43
44
45
46
47
48
49
50
51
52
53
54
55
56
57
58
59
60
61
62
63
64
65
66
67
68
69
70
71
72
73
74
75
76
77
78
79
80
81
82
83
84
85
86
87
88
89
90
91
92
93
94
95
96
97
98
99
0 63
0 74
1 48
1 69
2 4
2 64
3 41
3 81
4 89
5 26
5 45
6 49
6 80
7 39
7 54
8 33
8 57
9 43
9 98
10 50
10 78
11 13
11 62
12 20
12 99
13 96
14 51
14 67
15 17
15 67
16 21
16 86
17 36
18 88
18 96
19 25
19 77
20 79
21 33
22 57
22 58
23 29
23 94
24 75
24 76
25 77
26 45
27 38
27 65
28 61
28 71
29 68
30 31
30 35
31 35
32 34
32 44
34 46
36 72
37 51
37 97
38 87
39 44
40 53
40 56
41 47
42 79
42 99
43 98
46 82
47 81
48 49
50 78
52 56
52 64
53 89
54 69
55 91
55 95
58 68
59 60
59 90
60 90
61 85
62 85
63 74
65 80
66 70
66 73
70 73
71 92
72 82
75 76
83 84
83 93
84 93
86 97
87 92
88 91
94 95
