197 197 1961
0
1
2
3
4
5
6
7
8
9
10
11
12
13
14
15
17
18
19
20
21
22
23
24
25
26
27
28
29
30
31
32
33
34
35
36
37
38
39
40
41
42
43
44
45
46
47
48
49
50
51
52
53
54
55
57
58
59
60
61
62
63
64
65
66
67
68
69
70
71
72
73
74
75
76
77
78
79
80
81
82
83
84
85
86
87
88
89
90
91
92
93
94
95
96
97
98
99
100
101
102
103
104
105
106
107
108
109
110
111
112
113
114
115
116
117
118
119
120
121
122
123
124
125
126
127
128
129
130
131
132
133
134
135
136
137
138
139
140
141
142
143
144
145
146
147
148
149
150
151
152
153
154
155
156
157
158
159
160
161
162
163
164
165
166
167
168
169
170
171
172
173
174
175
176
177
178
180
181
182
183
184
185
186
187
188
189
190
191
192
193
194
195
196
197
198
199
0 129
0 193
1 5
1 172
2 146
2 196
3 31
3 152
4 188
4 198
5 67
6 81
6 182
7 35
7 135
8 78
8 150
9 45
9 118
10 29
10 114
11 19
11 107
12 14
12 109
13 72
13 97
14 159
15 73
15 188
17 25
17 127
18 82
18 108
19 119
20 23
20 142
21 139
21 189
22 27
22 44
23 70
24 75
24 162
25 127
26 129
26 136
27 147
28 155
28 169
29 124
30 34
30 154
31 69
32 70
32 142
33 48
33 50
34 148
35 66
36 102
36 149
37 40
37 63
38 141
38 145
39 59
39 110
40 158
41 167
41 171
42 96
42 155
43 80
43 199
44 68
45 49
46 90
46 161
47 119
47 197
48 61
49 87
50 117
51 81
51 95
52 153
52 165
53 54
53 154
54 134
55 82
55 130
57 94
57 167
58 59
58 190
60 98
60 158
61 76
62 88
62 103
63 92
64 87
64 151
65 123
65 174
66 199
67 192
68 76
69 85
71 94
71 171
72 125
73 185
74 121
74 157
75 96
77 93
77 178
78 104
79 101
79 175
80 114
83 95
83 187
84 110
84 172
85 98
86 89
86 191
88 132
89 160
90 113
91 123
91 152
92 183
93 178
97 192
99 112
99 148
100 105
100 131
101 104
102 176
103 122
105 125
106 108
106 173
107 122
109 160
111 161
111 176
112 182
113 143
115 184
115 194
116 126
116 132
117 175
118 180
120 177
120 191
121 170
124 195
126 186
128 138
128 196
130 133
131 181
133 183
134 143
135 173
136 145
137 144
137 189
138 166
139 144
140 168
140 198
141 166
146 190
147 156
149 162
150 164
151 180
153 165
156 157
159 163
163 187
164 185
168 170
169 195
174 194
177 184
181 193
186 197
