209 209 1518
45
1
108
104
51
187
28
61
28
126
130
83
89
123
152
94
64
93
181
134
82
178
196
91
53
60
162
75
46
122
145
132
140
62
105
194
33
12
118
170
142
41
71
41
116
90
32
6
55
153
111
193
110
173
31
189
16
127
13
114
79
180
17
40
78
136
174
188
68
106
19
154
191
59
35
197
59
133
175
52
7
3
113
192
56
124
56
135
23
120
198
121
36
155
58
125
144
69
164
199
9
168
129
146
4
147
43
115
137
10
171
150
169
81
26
30
92
20
195
149
158
151
158
179
0
190
128
98
50
34
48
102
5
39
183
54
96
184
77
85
27
11
80
166
107
138
95
157
182
157
37
185
160
84
87
21
63
47
21
143
22
29
66
49
25
159
86
131
109
15
65
18
99
24
99
186
119
172
148
74
44
139
101
176
67
76
97
38
112
161
42
14
42
72
167
57
163
156
70
73
100
88
103
177
103
2
141
117
8
1 45
1 108
104 108
51 104
51 187
28 187
28 61
28 61
28 126
126 130
83 130
83 89
89 123
123 152
94 152
64 94
64 93
93 181
134 181
82 134
82 178
178 196
91 196
53 91
53 60
60 162
75 162
46 75
46 122
122 145
132 145
132 140
62 140
62 105
105 194
33 194
12 33
12 118
118 170
142 170
41 142
41 71
41 71
41 116
90 116
32 90
6 32
6 55
55 153
111 153
111 193
110 193
110 173
31 173
31 189
16 189
16 127
13 127
13 114
79 114
79 180
17 180
17 40
40 78
78 136
136 174
174 188
68 188
68 106
19 106
19 154
154 191
59 191
35 59
35 197
59 197
59 133
133 175
52 175
7 52
3 7
3 113
113 192
56 192
56 124
56 124
56 135
23 135
23 120
120 198
121 198
36 121
36 155
58 155
58 125
125 144
69 144
69 164
164 199
9 199
9 168
129 168
129 146
4 146
4 147
43 147
43 115
115 137
10 137
10 171
150 171
150 169
81 169
26 81
26 30
30 92
20 92
20 195
149 195
149 158
151 158
151 158
158 179
0 179
0 190
128 190
98 128
50 98
34 50
34 48
48 102
5 102
5 39
39 183
54 183
54 96
96 184
77 184
77 85
27 85
11 27
11 80
80 166
107 166
107 138
95 138
95 157
157 182
157 182
37 157
37 185
160 185
84 160
84 87
21 87
21 63
47 63
21 47
21 143
22 143
22 29
29 66
49 66
25 49
25 159
86 159
86 131
109 131
15 109
15 65
18 65
18 99
24 99
24 99
99 186
119 186
119 172
148 172
74 148
44 74
44 139
101 139
101 176
67 176
67 76
76 97
38 97
38 112
112 161
42 161
14 42
14 42
42 72
72 167
57 167
57 163
156 163
70 156
70 73
73 100
88 100
88 103
103 177
103 177
2 103
2 141
117 141
8 117
8 45
