98 98 1078
0
1
2
3
4
5
6
7
8
9
10
11
12
13
14
15
16
17
18
19
20
21
22
23
24
25
26
27
28
29
30
31
32
33
34
35
36
37
38
39
40
41
42
43
44
45
46
47
48
49
50
51
52
53
54
55
56
57
58
59
60
61
62
63
64
65
66
67
68
69
70
71
74
75
76
77
78
79
80
81
82
83
84
85
86
87
88
89
90
91
92
93
94
95
96
97
98
99
0 63
0 86
1 20
1 55
2 8
2 30
3 30
3 92
4 96
4 99
5 80
5 91
6 40
6 59
7 80
7 89
8 50
9 39
9 85
10 27
10 94
11 14
11 93
12 62
12 87
13 15
13 88
14 19
15 38
16 49
16 78
17 70
17 75
18 19
18 90
20 29
21 61
21 65
22 46
22 53
23 74
23 84
24 26
24 54
25 34
25 37
26 48
27 94
28 43
28 45
29 33
31 41
31 76
32 33
32 77
34 59
35 47
35 76
36 41
36 47
37 66
38 43
39 82
40 66
42 60
42 81
44 69
44 79
45 96
46 77
48 75
49 87
50 71
51 56
51 89
52 58
52 78
53 81
54 62
55 97
56 91
57 83
57 98
58 83
60 82
61 65
63 70
64 85
64 95
67 71
67 97
68 74
68 79
69 88
84 95
86 98
90 93
92 99
