200 200 1205
0
1
2
3
4
5
6
7
8
9
10
11
12
13
14
15
16
17
18
19
20
21
22
23
24
25
26
27
28
29
30
31
32
33
34
35
36
37
38
39
40
41
42
43
44
45
46
47
48
49
50
51
52
53
54
55
56
57
58
59
60
61
62
63
64
65
66
67
68
69
70
71
72
73
74
75
76
77
78
79
80
81
82
83
84
85
86
87
88
89
90
91
92
93
94
95
96
97
98
99
100
101
102
103
104
105
106
107
108
109
110
111
112
113
114
115
116
117
118
119
120
121
122
123
124
125
126
127
128
129
130
131
132
133
134
135
136
137
138
139
140
141
142
143
144
145
146
147
148
149
150
151
152
153
154
155
156
157
158
159
160
161
162
163
164
165
166
167
168
169
170
171
172
173
174
175
176
177
178
179
180
181
182
183
184
185
186
187
188
189
190
191
192
193
194
195
196
197
198
199
0 152
0 198
1 36
1 161
2 5
2 184
3 55
3 158
4 144
4 181
5 125
6 182
6 196
7 73
7 74
8 48
8 162
9 163
9 185
10 53
10 91
11 30
11 186
12 37
12 75
13 94
13 137
14 129
14 142
15 34
15 150
16 65
16 174
17 32
17 56
18 122
18 148
19 80
19 168
20 124
20 151
21 103
21 106
22 41
22 117
23 126
23 187
24 39
24 119
25 90
25 134
26 52
26 160
27 46
27 59
28 88
28 96
29 40
29 43
30 83
31 60
31 117
32 56
33 90
33 112
34 53
35 95
35 123
36 43
37 127
38 108
38 180
39 119
40 145
41 138
42 100
42 177
44 121
44 183
45 78
45 191
46 50
47 99
47 179
48 172
49 113
49 199
50 189
51 151
51 194
52 195
54 98
54 178
55 89
57 98
57 125
58 139
58 183
59 189
60 93
61 64
61 130
62 124
62 192
63 109
63 158
64 70
65 146
66 149
66 190
67 157
67 185
68 145
68 161
69 91
69 101
70 141
71 92
71 110
72 144
72 177
73 138
74 77
75 112
76 115
76 136
77 99
78 162
79 165
79 178
80 128
81 87
81 132
82 135
82 137
83 186
84 104
84 166
85 156
85 194
86 105
86 140
87 103
88 120
89 94
92 110
93 109
95 111
96 102
97 118
97 155
100 171
101 174
102 120
104 166
105 140
106 179
107 167
107 181
108 198
111 173
113 163
114 143
114 184
115 169
116 154
116 170
118 155
121 139
122 197
123 173
126 188
127 133
128 168
129 167
130 176
131 153
131 175
132 171
133 159
134 141
135 172
136 169
142 147
143 188
146 165
147 157
148 197
149 190
150 180
152 199
153 175
154 170
156 187
159 176
160 195
164 182
164 193
191 192
193 196
