63 63 1270
34
1
6
39
95
72
13
56
89
85
49
38
31
38
27
7
21
88
26
88
90
11
73
12
0
45
78
24
20
15
75
25
30
81
91
9
32
59
10
82
53
60
93
58
76
18
76
57
22
68
99
28
17
42
23
77
19
8
4
40
3
66
54
1 34
1 6
6 39
39 95
72 95
13 72
13 56
56 89
85 89
49 85
38 49
31 38
31 38
27 38
7 27
7 21
21 88
26 88
26 88
88 90
11 90
11 73
12 73
0 12
0 45
45 78
24 78
20 24
15 20
15 75
25 75
25 30
30 81
81 91
9 91
9 32
32 59
10 59
10 82
53 82
53 60
60 93
58 93
58 76
18 76
18 76
57 76
22 57
22 68
68 99
28 99
17 28
17 42
23 42
23 77
19 77
8 19
4 8
4 40
3 40
3 66
54 66
34 54
