83 83 1411
0
1
2
4
5
7
8
9
10
12
13
14
15
16
17
18
20
21
22
23
24
25
26
27
28
29
30
31
33
34
35
36
37
38
39
40
41
42
44
45
47
48
49
51
53
54
55
56
57
60
61
62
63
64
65
66
70
71
72
74
75
76
77
78
79
80
81
82
83
84
85
86
87
88
90
91
92
93
95
96
97
98
99
0 12
0 90
1 4
1 13
2 66
2 98
4 35
5 27
5 65
7 24
7 90
8 38
8 57
9 12
9 15
10 40
10 56
13 45
14 47
14 83
15 64
16 36
16 55
17 21
17 63
18 33
18 77
20 25
20 95
21 34
22 40
22 56
23 39
23 96
24 31
25 37
26 66
26 78
27 79
28 29
28 92
29 74
30 51
30 74
31 80
33 61
34 63
35 91
36 55
37 86
38 75
39 82
41 42
41 71
42 62
44 53
44 87
45 88
47 99
48 84
48 96
49 54
49 70
51 87
53 99
54 92
57 86
60 71
60 98
61 64
62 78
65 97
70 75
72 76
72 93
76 84
77 80
79 91
81 93
81 97
82 88
83 85
85 95
