99 99 1182
0
1
2
3
4
5
6
7
8
9
10
11
12
13
14
15
16
17
18
19
20
21
22
23
24
25
26
27
28
29
30
31
32
33
34
35
36
37
38
39
40
41
42
43
44
45
46
47
48
49
50
51
52
53
54
55
56
57
59
60
61
62
63
64
65
66
67
68
69
70
71
72
73
74
75
76
77
78
79
80
81
82
83
84
85
86
87
88
89
90
91
92
93
94
95
96
97
98
99
0 19
0 44
1 24
1 69
2 27
2 87
3 59
3 65
4 75
4 95
5 6
5 42
6 72
7 30
7 51
8 26
8 83
9 78
9 84
10 22
10 64
11 66
11 92
12 46
12 61
13 55
13 64
14 36
14 94
15 16
15 86
16 17
17 77
18 70
18 93
19 35
20 46
20 73
21 45
21 56
22 54
23 37
23 50
24 29
25 89
25 99
26 72
27 52
28 45
28 76
29 31
30 54
31 85
32 34
32 47
33 53
33 96
34 65
35 71
36 67
37 70
38 40
38 41
39 77
39 86
40 66
41 48
42 73
43 71
43 87
44 53
47 68
48 82
49 78
49 84
50 69
51 56
52 96
55 67
57 59
57 74
60 88
60 98
61 68
62 83
62 88
63 79
63 99
74 97
75 97
76 80
79 95
80 92
81 90
81 91
82 94
85 89
90 91
93 98
