100 100 884
0
1
2
3
4
5
6
7
8
9
10
11
12
13
14
15
16
17
18
19
20
21
22
23
24
25
26
27
28
29
30
31
32
33
34
35
36
37
38
39
40
41
42
43
44
45
46
47
48
49
50
51
52
53
54
55
56
57
58
59
60
61
62
63
64
65
66
67
68
69
70
71
72
73
74
75
76
77
78
79
80
81
82
83
84
85
86
87
88
89
90
91
92
93
94
95
96
97
98
99
0 33
0 90
1 54
1 85
2 70
2 96
3 6
3 57
4 43
4 68
5 55
5 80
6 43
7 18
7 81
8 42
8 86
9 24
9 78
10 62
10 72
11 34
11 40
12 21
12 36
13 46
13 47
14 64
14 66
15 56
15 89
16 74
16 86
17 53
17 72
18 81
19 83
19 87
20 61
20 76
21 98
22 32
22 67
23 42
23 99
24 75
25 48
25 89
26 69
26 90
27 49
27 92
28 51
28 93
29 30
29 93
30 46
31 38
31 51
32 53
33 95
34 40
35 37
35 88
36 99
37 91
38 52
39 45
39 63
41 58
41 79
44 73
44 84
45 49
47 67
48 65
50 75
50 94
52 74
54 98
55 97
56 60
57 60
58 79
59 64
59 87
61 82
62 71
63 71
65 95
66 76
68 77
69 78
70 96
73 85
77 82
80 97
83 94
84 91
88 92
