94 94 1385
0
1
2
3
4
5
6
7
8
9
11
12
13
14
16
17
18
19
20
21
22
23
24
26
27
28
29
30
31
32
33
34
35
36
37
38
39
40
41
42
43
44
45
46
47
48
49
51
52
53
54
55
56
57
59
60
61
62
63
64
65
66
67
68
69
70
71
72
73
75
76
77
78
79
80
81
82
83
84
85
86
87
88
89
90
91
92
93
94
95
96
97
98
99
0 2
0 32
1 41
1 76
2 69
3 20
3 84
4 7
4 97
5 36
5 94
6 20
6 52
7 52
8 83
8 91
9 31
9 59
11 40
11 87
12 31
12 43
13 56
13 89
14 37
14 86
16 18
16 28
17 22
17 51
18 86
19 84
19 87
21 70
21 75
22 78
23 26
23 29
24 33
24 38
26 42
27 32
27 37
28 62
29 99
30 70
30 72
33 95
34 39
35 63
35 79
36 61
38 73
39 96
40 43
41 46
42 53
44 34
44 72
45 73
45 97
46 57
47 60
47 98
48 53
48 82
49 51
49 71
54 63
54 80
55 68
55 85
56 60
57 91
59 77
61 81
62 66
64 83
64 88
65 98
65 99
66 96
67 76
67 95
68 77
69 90
71 92
75 78
79 80
81 89
82 85
88 92
90 93
93 94
