87 87 1241
0
1
2
3
4
5
7
8
9
10
11
13
14
15
16
17
18
19
20
21
22
24
25
26
27
28
29
30
31
32
33
34
35
38
39
40
41
42
43
44
46
47
48
49
50
51
52
53
54
55
56
57
58
59
60
61
62
63
64
65
67
69
70
71
72
73
74
75
76
77
78
79
81
82
83
84
85
86
87
89
90
92
93
94
95
96
99
0 42
0 69
1 86
1 94
2 59
2 95
3 40
3 65
4 51
4 75
5 22
5 56
7 29
7 92
8 10
8 84
9 30
9 32
10 92
11 21
11 50
13 44
13 74
14 70
14 89
15 72
15 90
16 42
16 77
17 26
17 85
18 93
18 99
19 20
19 27
20 31
21 72
22 43
24 64
24 75
25 39
25 53
26 77
27 83
28 40
28 43
29 73
30 46
31 78
32 76
33 59
33 81
34 86
34 90
35 44
35 57
38 48
38 50
39 61
41 46
41 53
47 64
47 85
48 78
49 62
49 95
51 54
52 55
52 63
54 69
55 96
56 65
57 82
58 73
58 87
60 71
60 79
61 84
62 81
63 96
67 71
67 79
70 89
74 82
76 87
83 94
93 99
