100 100 857
0
1
2
3
4
5
6
7
8
9
10
11
12
13
14
15
16
17
18
19
20
21
22
23
24
25
26
27
28
29
30
31
32
33
34
35
36
37
38
39
40
41
42
43
44
45
46
47
48
49
50
51
52
53
54
55
56
57
58
59
60
61
62
63
64
65
66
67
68
69
70
71
72
73
74
75
76
77
78
79
80
81
82
83
84
85
86
87
88
89
90
91
92
93
94
95
96
97
98
99
0 64
0 82
1 53
1 67
2 38
2 41
3 24
3 43
4 8
4 30
5 68
5 87
6 83
6 94
7 13
7 14
8 73
9 18
9 50
10 29
10 46
11 31
11 50
12 59
12 71
13 61
14 20
15 36
15 74
16 61
16 86
17 25
17 56
18 96
19 44
19 99
20 95
21 34
21 35
22 31
22 54
23 52
23 82
24 42
25 56
26 59
26 96
27 33
27 92
28 81
28 85
29 54
30 57
32 39
32 69
33 91
34 35
36 66
37 47
37 48
38 44
39 40
40 45
41 87
42 79
43 65
45 86
46 49
47 73
48 63
49 98
51 80
51 97
52 84
53 67
55 75
55 81
57 79
58 90
58 92
60 85
60 99
62 77
62 78
63 97
64 91
65 93
66 71
68 88
69 70
70 76
72 75
72 89
74 80
76 98
77 78
83 94
84 90
88 89
93 95
