66 66 1105
7
15
8
35
8
39
6
26
31
13
45
43
10
16
29
0
29
16
23
12
25
37
25
11
25
27
30
27
4
27
42
32
34
40
34
2
14
2
24
33
1
38
36
22
20
17
47
43
10
43
19
48
18
41
49
46
49
21
49
5
28
3
44
3
7
9
7 15
8 15
8 35
8 35
8 39
6 39
6 26
26 31
13 31
13 45
43 45
10 43
10 16
16 29
0 29
0 29
16 29
16 23
12 23
12 25
25 37
25 37
11 25
11 25
25 27
27 30
27 30
4 27
4 27
27 42
32 42
32 34
34 40
34 40
2 34
2 14
2 14
2 24
24 33
1 33
1 38
36 38
22 36
20 22
17 20
17 47
43 47
10 43
10 43
19 43
19 48
18 48
18 41
41 49
46 49
46 49
21 49
21 49
5 49
5 28
3 28
3 44
3 44
3 7
7 9
7 9
