71 71 1209
2
58
45
9
47
74
28
4
73
34
80
92
20
39
94
12
64
51
78
51
78
51
79
68
52
87
36
38
16
38
1
91
32
31
46
65
75
89
82
52
48
10
18
10
98
27
76
24
59
99
63
81
3
63
99
43
25
77
25
42
61
95
19
54
60
19
86
17
58
2
58
2 58
45 58
9 45
9 47
47 74
28 74
4 28
4 73
34 73
34 80
80 92
20 92
20 39
39 94
12 94
12 64
51 64
51 78
51 78
51 78
51 78
51 79
68 79
52 68
52 87
36 87
36 38
16 38
16 38
1 38
1 91
32 91
31 32
31 46
46 65
65 75
75 89
82 89
52 82
48 52
10 48
10 18
10 18
10 98
27 98
27 76
24 76
24 59
59 99
63 99
63 81
3 81
3 63
63 99
43 99
25 43
25 77
25 77
25 42
42 61
61 95
19 95
19 54
54 60
19 60
19 86
17 86
17 58
2 58
2 58
2 58
