115 115 1330
6
83
36
91
36
41
36
69
53
55
24
77
14
30
23
16
25
99
71
49
82
34
86
85
51
13
62
35
90
20
29
12
28
96
88
7
39
78
67
26
67
26
74
26
74
95
92
58
18
70
4
70
38
18
5
84
27
84
5
94
56
45
56
73
22
31
60
79
61
1
80
42
76
44
81
44
43
44
17
80
48
63
21
46
3
11
32
89
93
19
40
98
10
0
47
87
54
15
64
2
50
65
97
72
75
59
68
8
52
33
9
37
9
66
57
6 83
36 83
36 91
36 91
36 41
36 41
36 69
53 69
53 55
24 55
24 77
14 77
14 30
23 30
16 23
16 25
25 99
71 99
49 71
49 82
34 82
34 86
85 86
51 85
13 51
13 62
35 62
35 90
20 90
20 29
12 29
12 28
28 96
88 96
7 88
7 39
39 78
67 78
26 67
26 67
26 67
26 74
26 74
26 74
74 95
92 95
58 92
18 58
18 70
4 70
4 70
38 70
18 38
5 18
5 84
27 84
27 84
5 84
5 94
56 94
45 56
45 56
56 73
22 73
22 31
31 60
60 79
61 79
1 61
1 80
42 80
42 76
44 76
44 81
44 81
43 44
43 44
17 44
17 80
48 80
48 63
21 63
21 46
3 46
3 11
11 32
32 89
89 93
19 93
19 40
40 98
10 98
0 10
0 47
47 87
54 87
15 54
15 64
2 64
2 50
50 65
65 97
72 97
72 75
59 75
59 68
8 68
8 52
33 52
9 33
9 37
9 37
9 66
57 66
6 57
