199 199 1276
0
1
2
3
4
5
6
7
8
9
10
11
12
13
14
15
16
17
18
19
20
21
22
23
24
25
26
27
28
29
30
31
32
33
34
35
36
37
38
39
40
41
42
43
44
45
46
47
48
49
50
51
52
53
54
55
56
57
58
59
60
61
62
63
64
65
66
67
68
69
70
71
72
73
74
75
76
77
78
79
80
81
82
83
84
85
86
87
89
90
91
92
93
94
95
96
97
98
99
100
101
102
103
104
105
106
107
108
109
110
111
112
113
114
115
116
117
118
119
120
121
122
123
124
125
126
127
128
129
130
131
132
133
134
135
136
137
138
139
140
141
142
143
144
145
146
147
148
149
150
151
152
153
154
155
156
157
158
159
160
161
162
163
164
165
166
167
168
169
170
171
172
173
174
175
176
177
178
179
180
181
182
183
184
185
186
187
188
189
190
191
192
193
194
195
196
197
198
199
0 32
0 80
1 113
1 146
2 123
2 179
3 172
3 180
4 31
4 114
5 10
5 195
6 7
6 64
7 64
8 53
8 133
9 62
9 87
10 87
11 35
11 89
12 128
12 146
13 93
13 108
14 47
14 49
15 86
15 101
16 61
16 79
17 39
17 125
18 132
18 171
19 126
19 196
20 28
20 137
21 139
21 152
22 106
22 181
23 26
23 154
24 81
24 122
25 112
25 145
26 76
27 57
27 158
28 148
29 84
29 188
30 36
30 143
31 48
32 80
33 126
33 196
34 50
34 167
35 86
36 139
37 140
37 188
38 66
38 97
39 136
40 60
40 72
41 89
41 127
42 44
42 124
43 96
43 181
44 121
45 105
45 107
46 62
46 140
47 90
48 190
49 199
50 198
51 103
51 150
52 67
52 91
53 125
54 67
54 179
55 73
55 174
56 91
56 165
57 173
58 119
58 190
59 118
59 135
60 138
61 164
63 175
63 178
65 111
65 130
66 183
68 108
68 169
69 116
69 142
70 131
70 178
71 94
71 130
72 138
73 102
74 116
74 182
75 95
75 198
76 191
77 78
77 193
78 119
79 127
81 121
82 145
82 159
83 128
83 134
84 114
85 97
85 103
90 185
92 137
92 173
93 186
94 175
95 184
96 136
98 148
98 157
99 129
99 141
100 101
100 153
102 109
104 172
104 194
105 189
106 165
107 134
109 166
110 149
110 187
111 115
112 177
113 117
115 153
117 185
118 160
120 142
120 182
122 133
123 174
124 160
129 141
131 156
132 144
135 155
143 149
144 171
147 170
147 199
150 191
151 163
151 169
152 177
154 183
155 163
156 168
157 166
158 168
159 162
161 193
161 197
162 176
164 170
167 184
176 195
180 192
186 187
189 197
192 194
