100 100 901
0
1
2
3
4
5
6
7
8
9
10
11
12
13
14
15
16
17
18
19
20
21
22
23
24
25
26
27
28
29
30
31
32
33
34
35
36
37
38
39
40
41
42
43
44
45
46
47
48
49
50
51
52
53
54
55
56
57
58
59
60
61
62
63
64
65
66
67
68
69
70
71
72
73
74
75
76
77
78
79
80
81
82
83
84
85
86
87
88
89
90
91
92
93
94
95
96
97
98
99
0 41
0 81
1 22
1 93
2 79
2 91
3 75
3 83
4 80
4 98
5 28
5 85
6 51
6 78
7 8
7 48
8 38
9 60
9 99
10 86
10 91
11 49
11 70
12 20
12 49
13 27
13 43
14 36
14 96
15 63
15 89
16 64
16 81
17 29
17 40
18 32
18 83
19 33
19 87
20 44
21 55
21 74
22 66
23 53
23 61
24 46
24 82
25 58
25 78
26 71
26 72
27 74
28 88
29 46
30 58
30 84
31 52
31 89
32 87
33 76
34 67
34 69
35 39
35 50
36 82
37 76
37 86
38 95
39 93
40 59
41 70
42 64
42 80
43 71
44 92
45 62
45 97
47 48
47 94
50 92
51 63
52 60
53 73
54 61
54 99
55 73
56 62
56 84
57 75
57 77
59 90
65 69
65 95
66 72
67 68
68 98
77 96
79 88
85 97
90 94
