213 213 1470
182
101
37
12
37
197
136
83
64
7
19
43
157
171
23
129
80
152
86
77
191
58
48
18
111
1
158
164
158
15
33
87
84
93
84
20
91
54
109
89
90
149
14
56
139
38
138
150
39
126
131
60
198
188
137
29
69
135
174
47
95
114
143
179
156
172
118
32
75
5
65
115
196
42
117
102
30
68
45
116
50
55
199
193
134
132
134
70
180
40
127
162
169
85
9
183
189
10
108
144
66
36
190
96
62
153
163
25
170
176
167
194
67
13
22
168
121
16
8
119
159
122
49
145
151
154
73
74
133
98
110
98
178
98
142
6
120
92
59
177
184
100
186
147
4
140
26
34
141
123
97
104
99
24
181
21
185
28
131
113
88
160
161
0
72
82
105
71
2
11
125
46
41
128
57
61
130
161
124
112
35
31
35
31
35
107
76
106
44
63
53
52
166
52
17
146
3
187
195
165
103
79
175
79
192
27
173
81
155
78
94
51
148
101 182
37 101
12 37
12 37
37 197
136 197
83 136
64 83
7 64
7 19
19 43
43 157
157 171
23 171
23 129
80 129
80 152
86 152
77 86
77 191
58 191
48 58
18 48
18 111
1 111
1 158
158 164
158 164
15 158
15 33
33 87
84 87
84 93
84 93
20 84
20 91
54 91
54 109
89 109
89 90
90 149
14 149
14 56
56 139
38 139
38 138
138 150
39 150
39 126
126 131
60 131
60 198
188 198
137 188
29 137
29 69
69 135
135 174
47 174
47 95
95 114
114 143
143 179
156 179
156 172
118 172
32 118
32 75
5 75
5 65
65 115
115 196
42 196
42 117
102 117
30 102
30 68
45 68
45 116
50 116
50 55
55 199
193 199
134 193
132 134
132 134
70 134
70 180
40 180
40 127
127 162
162 169
85 169
9 85
9 183
183 189
10 189
10 108
108 144
66 144
36 66
36 190
96 190
62 96
62 153
153 163
25 163
25 170
170 176
167 176
167 194
67 194
13 67
13 22
22 168
121 168
16 121
8 16
8 119
119 159
122 159
49 122
49 145
145 151
151 154
73 154
73 74
74 133
98 133
98 110
98 110
98 178
98 178
98 142
6 142
6 120
92 120
59 92
59 177
177 184
100 184
100 186
147 186
4 147
4 140
26 140
26 34
34 141
123 141
97 123
97 104
99 104
24 99
24 181
21 181
21 185
28 185
28 131
113 131
88 113
88 160
160 161
0 161
0 72
72 82
82 105
71 105
2 71
2 11
11 125
46 125
41 46
41 128
57 128
57 61
61 130
130 161
124 161
112 124
35 112
31 35
31 35
31 35
31 35
35 107
76 107
76 106
44 106
44 63
53 63
52 53
52 166
52 166
17 52
17 146
3 146
3 187
187 195
165 195
103 165
79 103
79 175
79 175
79 192
27 192
27 173
81 173
81 155
78 155
78 94
51 94
51 148
148 182
