116 116 1326
66
8
66
88
96
28
12
85
86
34
72
97
65
50
67
26
74
15
75
59
19
40
98
10
61
79
48
80
43
44
81
44
17
3
46
21
63
11
60
31
22
73
32
89
93
89
32
11
1
10
76
42
76
0
47
87
54
64
18
92
58
38
70
4
45
56
94
5
84
27
2
39
78
35
90
95
20
29
62
13
51
13
7
28
88
66
68
52
33
9
37
6
83
36
41
36
91
69
53
55
24
77
24
77
14
30
23
16
25
99
71
49
82
49
71
57
8 66
8 66
66 88
88 96
28 96
12 28
12 85
85 86
34 86
34 72
72 97
65 97
50 65
50 67
26 67
26 74
15 74
15 75
59 75
19 59
19 40
40 98
10 98
10 61
61 79
48 79
48 80
43 80
43 44
44 81
44 81
17 44
3 17
3 46
21 46
21 63
11 63
11 60
31 60
22 31
22 73
32 73
32 89
89 93
89 93
32 89
11 32
1 11
1 10
10 76
42 76
42 76
0 76
0 47
47 87
54 87
54 64
18 64
18 92
58 92
38 58
38 70
4 70
4 45
45 56
56 94
5 94
5 84
27 84
2 27
2 39
39 78
35 78
35 90
90 95
20 95
20 29
29 62
13 62
13 51
13 51
7 13
7 28
28 88
66 88
66 68
52 68
33 52
9 33
9 37
6 37
6 83
36 83
36 41
36 41
36 91
69 91
53 69
53 55
24 55
24 77
24 77
24 77
14 77
14 30
23 30
16 23
16 25
25 99
71 99
49 71
49 82
49 82
49 71
57 71
57 66
