100 100 993
0
1
2
3
4
5
6
7
8
9
10
11
12
13
14
15
16
17
18
19
20
21
22
23
24
25
26
27
28
29
30
31
32
33
34
35
36
37
38
39
40
41
42
43
44
45
46
47
48
49
50
51
52
53
54
55
56
57
58
59
60
61
62
63
64
65
66
67
68
69
70
71
72
73
74
75
76
77
78
79
80
81
82
83
84
85
86
87
88
89
90
91
92
93
94
95
96
97
98
99
0 44
0 53
1 39
1 62
2 37
2 82
3 15
3 49
4 39
4 80
5 13
5 73
6 34
6 59
7 40
7 52
8 24
8 66
9 61
9 80
10 22
10 93
11 32
11 59
12 20
12 44
13 45
14 74
14 79
15 72
16 64
16 65
17 27
17 76
18 23
18 93
19 40
19 88
20 90
21 73
21 94
22 33
23 92
24 26
25 27
25 66
26 52
28 41
28 49
29 42
29 45
30 31
30 46
31 60
32 55
33 79
34 47
35 43
35 90
36 91
36 97
37 64
38 76
38 85
41 75
42 68
43 77
46 50
47 67
48 81
48 87
50 68
51 56
51 71
53 75
54 71
54 98
55 58
56 72
57 67
57 99
58 89
60 92
61 78
62 95
63 70
63 84
65 85
69 83
69 91
70 88
74 77
78 94
81 95
82 86
83 99
84 89
86 96
87 96
97 98
