100 100 1516
0
1
2
3
4
5
6
7
8
9
10
11
12
13
14
15
16
17
18
19
20
21
22
23
24
25
26
27
28
29
30
31
32
33
34
35
36
37
38
39
40
41
42
43
44
45
46
47
48
49
50
51
52
53
54
55
56
57
58
59
60
61
62
63
64
65
66
67
68
69
70
71
72
73
74
75
76
77
78
79
80
81
82
83
84
85
86
87
88
89
90
91
92
93
94
95
96
97
98
99
0 76
0 97
1 12
1 70
2 13
2 86
3 35
3 81
4 22
4 46
5 15
5 29
6 69
6 96
7 18
7 69
8 59
8 78
9 91
9 92
10 31
10 82
11 19
11 37
12 94
13 56
14 61
14 80
15 96
16 75
16 93
17 33
17 41
18 58
19 83
20 46
21 30
21 44
22 42
23 29
23 57
24 76
24 97
25 47
25 55
26 48
26 68
27 60
27 62
28 68
28 80
30 44
31 72
32 50
32 54
33 82
34 65
34 71
35 36
36 64
37 93
38 59
38 86
39 53
39 78
40 74
40 84
41 52
42 43
43 95
45 67
45 85
47 98
48 60
49 64
49 75
50 54
51 70
51 99
52 71
53 61
55 98
56 74
57 79
58 89
62 85
63 77
63 87
65 20
66 89
66 99
67 95
72 88
73 79
73 90
77 94
81 90
83 91
84 88
87 92
