50 103 854
0
1
2
3
4
5
6
7
8
9
10
11
12
13
14
15
16
17
18
19
20
21
22
23
24
25
26
27
28
29
30
31
32
33
34
35
36
37
38
39
40
41
42
43
44
45
46
47
48
49
0 32
0 32
0 37
0 37
1 14
1 14
1 23
1 23
2 20
2 20
2 39
2 39
3 22
3 22
3 45
3 45
4 24
4 24
4 42
4 42
5 15
5 15
5 37
5 37
6 28
6 28
6 3
3 41
3 41
7 15
7 15
7 35
35 25
35 25
8 14
8 14
8 29
8 29
9 20
9 20
9 33
9 33
10 21
10 21
10 41
10 41
11 31
11 31
11 45
11 45
12 35
12 35
12 38
12 38
13 26
13 26
13 27
13 27
16 19
16 19
16 39
16 39
17 24
17 24
17 36
17 36
18 32
18 32
18 36
18 36
19 49
19 49
21 30
21 30
22 28
22 28
23 33
23 33
25 35
25 35
26 30
26 30
27 46
27 46
29 44
29 44
31 48
31 48
34 40
34 40
34 49
34 49
38 47
38 47
40 47
40 47
42 46
42 46
43 44
43 44
43 44
44 48
44 48
