99 99 1178
0
1
2
3
4
5
6
7
8
9
10
11
12
13
14
15
16
17
18
19
20
21
22
23
24
25
26
27
28
29
30
31
32
33
34
35
36
37
38
39
40
41
42
43
44
45
46
47
48
49
50
51
52
53
54
55
56
57
58
59
60
62
63
64
65
66
67
68
69
70
71
72
73
74
75
76
77
78
79
80
81
82
83
84
85
86
87
88
89
90
91
92
93
94
95
96
97
98
99
0 29
0 84
1 77
1 90
2 3
2 71
3 95
4 83
4 93
5 44
5 68
6 48
6 86
7 11
7 19
8 64
8 85
9 38
9 65
10 30
10 36
11 23
12 55
12 96
13 58
13 71
14 59
14 66
15 25
15 40
16 17
16 79
17 80
18 21
18 35
19 26
20 47
20 92
21 70
22 67
22 75
23 40
24 50
24 67
25 86
26 72
27 51
27 69
28 50
28 92
29 43
30 32
31 43
31 55
32 83
33 34
33 68
34 52
35 37
36 45
37 69
38 81
39 41
39 49
41 57
42 65
42 81
44 73
45 62
46 53
46 97
47 91
48 90
49 89
51 91
52 94
53 97
54 77
54 96
56 87
56 88
57 63
58 62
59 74
60 72
60 88
63 89
64 98
66 93
70 75
73 94
74 78
76 82
76 99
78 95
79 80
82 99
84 87
85 98
