67 67 1427
0
1
3
5
8
9
10
11
12
13
16
17
18
20
22
24
25
28
30
33
35
36
39
40
42
43
45
46
47
48
51
52
53
58
59
61
62
65
66
67
68
69
70
71
72
73
75
76
78
79
81
82
83
84
85
86
87
89
90
92
93
94
95
96
97
98
99
0 9
0 90
1 40
1 85
3 43
3 62
5 75
5 78
8 51
8 84
9 48
10 86
10 96
11 16
11 78
12 82
12 98
13 39
13 98
16 89
17 61
17 68
18 79
18 86
20 22
20 35
22 59
24 30
24 33
25 35
25 53
28 58
28 95
30 95
33 42
36 47
36 81
39 94
40 46
42 73
43 70
45 96
45 99
46 79
47 53
48 97
51 83
52 67
52 72
58 92
59 73
61 65
62 81
65 69
66 87
66 93
67 71
68 92
69 76
70 97
71 89
72 94
75 90
76 87
82 83
84 99
85 93
