50 102 707
0
1
2
3
4
5
6
7
8
9
10
11
12
13
14
15
16
17
18
19
20
21
22
23
24
25
26
27
28
29
30
31
32
33
34
35
36
37
38
39
40
41
42
43
44
45
46
47
48
49
0 3
0 3
0 7
0 7
1 2
1 2
1 32
1 32
2 4
2 4
3 28
3 28
4 34
4 34
5 39
5 39
5 46
5 46
6 20
6 20
6 46
6 46
7 36
36 31
36 31
8 10
8 10
8 16
8 16
9 11
9 11
9 18
9 18
10 37
10 37
11 25
11 25
12 43
43 15
43 15
12 20
12 20
13 19
13 19
13 22
13 22
14 26
14 26
14 38
14 38
15 43
15 43
16 30
16 30
17 22
17 22
17 23
17 23
18 49
18 49
19 30
19 30
21 23
21 23
21 42
21 42
24 33
24 33
24 45
24 45
25 47
25 47
26 40
26 40
27 34
27 34
27 42
27 42
28 40
28 40
29 36
29 36
29 39
29 39
31 36
31 36
32 43
32 43
33 48
33 48
35 41
35 41
35 47
35 47
37 48
37 48
38 49
38 49
41 44
41 44
44 45
44 45
