87 87 1660
152
164
114
199
97
111
131
38
77
161
18
169
149
24
105
54
91
110
160
151
19
192
64
86
72
3
79
171
187
98
185
118
130
56
17
28
5
167
135
144
71
92
102
104
119
195
16
155
126
60
181
165
23
157
34
48
142
158
159
128
174
183
188
170
140
166
190
166
190
166
140
150
146
31
148
133
121
133
148
95
175
138
53
41
53
30
145
152 164
114 164
114 199
97 199
97 111
111 131
38 131
38 77
77 161
18 161
18 169
149 169
24 149
24 105
54 105
54 91
91 110
110 160
151 160
19 151
19 192
64 192
64 86
72 86
3 72
3 79
79 171
171 187
98 187
98 185
118 185
118 130
56 130
17 56
17 28
5 28
5 167
135 167
135 144
71 144
71 92
92 102
102 104
104 119
119 195
16 195
16 155
126 155
60 126
60 181
165 181
23 165
23 157
34 157
34 48
48 142
142 158
158 159
128 159
128 174
174 183
183 188
170 188
140 170
140 166
166 190
166 190
166 190
166 190
140 166
140 150
146 150
31 146
31 148
133 148
121 133
121 133
133 148
95 148
95 175
138 175
53 138
41 53
41 53
30 53
30 145
145 152
