200 200 1442
0
1
2
3
4
5
6
7
8
9
10
11
12
13
14
15
16
17
18
19
20
21
22
23
24
25
26
27
28
29
30
31
32
33
34
35
36
37
38
39
40
41
42
43
44
45
46
47
48
49
50
51
52
53
54
55
56
57
58
59
60
61
62
63
64
65
66
67
68
69
70
71
72
73
74
75
76
77
78
79
80
81
82
83
84
85
86
87
88
89
90
91
92
93
94
95
96
97
98
99
100
101
102
103
104
105
106
107
108
109
110
111
112
113
114
115
116
117
118
119
120
121
122
123
124
125
126
127
128
129
130
131
132
133
134
135
136
137
138
139
140
141
142
143
144
145
146
147
148
149
150
151
152
153
154
155
156
157
158
159
160
161
162
163
164
165
166
167
168
169
170
171
172
173
174
175
176
177
178
179
180
181
182
183
184
185
186
187
188
189
190
191
192
193
194
195
196
197
198
199
0 117
0 185
1 2
1 107
2 46
3 97
3 198
4 6
4 181
5 103
5 120
6 43
7 42
7 189
8 68
8 86
9 118
9 169
10 130
10 165
11 70
11 154
12 94
12 129
13 35
13 145
14 21
14 170
15 62
15 142
16 173
16 194
17 57
17 143
18 64
18 93
19 67
19 148
20 31
20 122
21 102
22 88
22 194
23 101
23 174
24 104
24 115
25 73
25 149
26 66
26 108
27 98
27 158
28 35
28 178
29 63
29 195
30 68
30 138
31 79
32 41
32 78
33 108
33 160
34 84
34 140
36 48
36 132
37 130
37 166
38 188
38 198
39 142
39 156
40 53
40 90
41 76
42 189
43 144
44 64
44 75
45 169
45 172
46 131
47 52
47 141
48 110
49 51
49 113
50 67
50 143
51 123
52 78
53 175
54 157
54 181
55 111
55 139
56 160
56 175
57 192
58 145
58 184
59 119
59 177
60 112
60 182
61 146
61 166
62 89
63 94
65 89
65 93
66 171
69 85
69 155
70 154
71 105
71 191
72 83
72 162
73 75
74 137
74 186
76 107
77 92
77 196
79 151
80 104
80 155
81 105
81 187
82 87
82 114
83 162
84 140
85 124
86 171
87 174
88 173
90 125
91 126
91 199
92 125
95 118
95 197
96 115
96 135
97 191
98 172
99 106
99 179
100 109
100 127
101 153
102 135
103 124
106 179
109 133
110 127
111 139
112 190
113 138
114 196
116 144
116 153
117 164
119 168
120 177
121 168
121 184
122 152
123 147
126 185
128 163
128 176
129 132
131 183
133 199
134 136
134 159
136 159
137 186
141 183
146 180
147 152
148 195
149 161
150 176
150 178
151 197
156 161
157 190
158 163
164 192
165 167
167 187
170 182
180 193
188 193
