99 99 1113
0
1
2
3
4
5
6
7
8
9
10
11
12
13
14
15
16
17
18
19
20
21
22
23
24
25
26
27
28
29
30
31
32
33
34
35
36
37
38
39
40
41
42
43
44
45
46
47
48
49
50
51
52
53
54
55
56
57
58
59
60
61
62
63
64
65
66
67
68
69
70
71
72
73
74
75
76
78
79
80
81
82
83
84
85
86
87
88
89
90
91
92
93
94
95
96
97
98
99
0 21
0 40
1 7
1 23
2 37
2 78
3 28
3 29
4 64
4 95
5 19
5 98
6 34
6 81
7 99
8 52
8 65
9 43
9 69
10 38
10 85
11 14
11 24
12 81
12 83
13 62
13 91
14 18
15 42
15 68
16 55
16 56
17 20
17 70
18 54
19 94
20 48
21 75
22 41
22 69
23 34
24 66
25 72
25 85
26 35
26 62
27 73
27 84
28 89
29 36
30 53
30 91
31 64
31 95
32 38
32 39
33 76
33 93
35 96
36 66
37 61
39 88
40 92
41 92
42 61
43 97
44 45
44 52
45 87
46 83
46 90
47 79
47 90
48 58
49 86
49 99
50 78
50 97
51 68
51 76
53 54
55 71
56 82
57 74
57 80
58 67
59 65
59 67
60 89
60 94
63 74
63 80
70 93
71 82
72 98
73 88
75 96
79 84
86 87
