100 100 1373
0
1
2
3
4
5
6
7
8
9
10
11
12
13
14
15
16
17
18
19
20
21
22
23
24
25
26
27
28
29
30
31
32
33
34
35
36
37
38
39
40
41
42
43
44
45
46
47
48
49
50
51
52
53
54
55
56
57
58
59
60
61
62
63
64
65
66
67
68
69
70
71
72
73
74
75
76
77
78
79
80
81
82
83
84
85
86
87
88
89
90
91
92
93
94
95
96
97
98
99
0 63
0 78
1 22
1 40
2 59
2 60
3 19
3 92
4 60
4 68
5 27
5 87
6 51
6 97
7 72
7 93
8 58
8 90
9 48
9 71
10 37
10 76
11 24
11 47
12 49
12 99
13 53
13 96
14 56
14 90
15 75
15 81
16 23
16 57
17 29
17 32
18 35
18 67
19 39
20 56
20 86
21 23
21 59
22 38
24 34
25 62
25 81
26 43
26 44
27 55
28 74
28 79
29 36
30 54
30 88
31 48
31 84
32 52
33 80
33 91
34 77
35 67
36 98
37 82
38 63
39 57
40 68
41 54
41 98
42 82
42 86
43 50
44 92
45 46
45 79
46 73
47 80
49 58
50 72
51 97
52 96
53 94
55 87
61 64
61 84
62 75
64 76
65 70
65 74
66 70
66 99
69 73
69 95
71 83
77 89
78 88
83 95
85 91
85 93
89 94
