107 107 1110
67
0
14
19
15
56
38
31
86
33
77
36
27
72
29
81
97
60
82
61
66
54
91
28
94
2
20
62
10
47
96
4
96
12
59
90
85
7
85
25
79
78
13
8
41
83
42
1
30
98
24
63
17
75
32
50
73
46
37
84
69
58
68
52
49
58
53
51
11
51
11
26
13
74
48
80
6
93
87
5
88
64
99
45
57
95
43
92
23
22
9
70
3
39
21
22
18
16
55
35
40
34
65
89
44
71
76
0 67
0 14
14 19
15 19
15 56
38 56
31 38
31 86
33 86
33 77
36 77
27 36
27 72
29 72
29 81
81 97
60 97
60 82
61 82
61 66
54 66
54 91
28 91
28 94
2 94
2 20
20 62
10 62
10 47
47 96
4 96
4 96
12 96
12 59
59 90
85 90
7 85
7 85
25 85
25 79
78 79
13 78
8 13
8 41
41 83
42 83
1 42
1 30
30 98
24 98
24 63
17 63
17 75
32 75
32 50
50 73
46 73
37 46
37 84
69 84
58 69
58 68
52 68
49 52
49 58
53 58
51 53
11 51
11 51
11 51
11 26
13 26
13 74
48 74
48 80
6 80
6 93
87 93
5 87
5 88
64 88
64 99
45 99
45 57
57 95
43 95
43 92
23 92
22 23
9 22
9 70
3 70
3 39
21 39
21 22
18 22
16 18
16 55
35 55
35 40
34 40
34 65
65 89
44 89
44 71
71 76
67 76
