100 100 1535
0
1
2
3
4
5
6
7
8
9
10
11
12
13
14
15
16
17
18
19
20
21
22
23
24
25
26
27
28
29
30
31
32
33
34
35
36
37
38
39
40
41
42
43
44
45
46
47
48
49
50
51
52
53
54
55
56
57
58
59
60
61
62
63
64
65
66
67
68
69
70
71
72
73
74
75
76
77
78
79
80
81
82
83
84
85
86
87
88
89
90
91
92
93
94
95
96
97
98
99
0 15
0 52
1 73
1 81
2 57
2 91
3 31
3 68
4 16
4 64
5 31
5 43
6 11
6 62
7 19
7 43
8 19
8 48
9 27
9 48
10 32
10 34
11 80
12 66
12 82
13 55
13 75
14 74
14 79
15 17
16 28
17 96
18 22
18 71
20 56
20 76
21 38
21 73
22 46
23 80
23 87
24 32
24 61
25 39
25 83
26 41
26 45
27 67
28 77
29 44
29 85
30 35
30 40
33 53
33 70
34 96
35 39
36 89
36 98
37 54
37 79
38 44
40 66
41 72
42 78
42 95
45 52
46 60
47 59
47 86
49 58
49 59
50 76
50 92
51 58
51 69
53 99
54 63
55 75
56 85
57 91
60 83
61 97
62 84
63 74
64 77
65 88
65 98
67 78
68 88
69 84
70 99
71 94
72 95
81 86
82 89
87 90
90 92
93 94
93 97
