94 94 1138
0
1
2
3
4
5
6
7
8
9
10
11
12
13
14
15
16
17
18
19
20
21
22
23
24
25
26
27
28
30
31
32
33
34
35
37
38
39
40
41
42
43
44
45
46
47
48
49
50
51
52
53
54
56
57
58
59
60
61
62
63
64
65
66
67
68
69
70
72
73
74
75
76
77
78
79
80
81
82
83
84
86
87
88
89
90
91
93
94
95
96
97
98
99
0 57
0 69
1 14
1 32
2 12
2 60
3 83
3 89
4 60
4 87
5 39
5 53
6 14
6 23
7 8
7 31
8 52
9 30
9 43
10 11
10 90
11 64
12 34
13 24
13 89
15 49
15 66
16 28
16 56
17 25
17 37
18 26
18 65
19 48
19 93
20 44
20 82
21 31
21 69
22 35
22 91
23 95
24 59
25 72
26 54
27 33
27 45
28 56
30 38
32 40
33 93
34 76
35 57
37 45
38 53
39 58
40 95
41 48
41 88
42 51
42 75
43 90
44 77
46 61
46 72
47 58
47 67
49 66
50 79
50 98
51 78
52 97
54 74
59 83
61 87
62 68
62 78
63 73
63 94
64 96
65 79
67 74
68 91
70 86
70 96
73 76
75 99
77 81
80 81
80 98
82 84
84 99
86 88
94 97
