Error code = 10013
Unable to write to file './output/N100D0.5K10T1P0.5/model.lp'

96 96 1140
0
1
2
3
4
5
6
7
8
9
10
11
12
13
14
15
16
17
18
19
20
21
22
23
24
25
26
27
28
29
30
31
32
33
34
35
36
37
38
39
40
41
42
43
44
45
46
47
48
49
51
52
53
54
55
56
57
58
59
60
61
62
63
64
65
66
67
68
69
70
71
72
73
74
75
76
77
78
79
80
81
83
84
85
86
87
88
90
91
92
93
94
95
96
97
98
0 3
0 73
1 34
1 65
2 36
2 67
3 94
4 44
4 95
5 26
5 47
6 21
6 73
7 29
7 83
8 61
8 64
9 14
9 43
10 16
10 38
11 66
11 69
12 53
12 91
13 71
13 75
14 16
15 22
15 77
17 31
17 60
18 67
18 84
19 37
19 42
20 30
20 31
21 63
22 52
23 33
23 98
24 36
24 47
25 52
25 93
26 28
27 51
27 74
28 53
29 32
30 98
32 68
33 41
34 45
35 43
35 49
37 57
38 40
39 55
39 56
40 72
41 69
42 75
44 86
45 74
46 55
46 86
48 66
48 79
49 87
51 85
54 77
54 91
56 95
57 80
58 59
58 90
59 88
60 94
61 64
62 71
62 78
63 97
65 93
68 87
70 85
70 96
72 80
76 83
76 84
78 81
79 96
81 92
88 90
92 97
