99 99 1121
0
1
2
3
4
5
6
7
8
9
10
11
12
13
14
15
16
17
18
19
20
21
22
23
24
25
26
27
28
29
30
31
32
33
34
35
37
38
39
40
41
42
43
44
45
46
47
48
49
50
51
52
53
54
55
56
57
58
59
60
61
62
63
64
65
66
67
68
69
70
71
72
73
74
75
76
77
78
79
80
81
82
83
84
85
86
87
88
89
90
91
92
93
94
95
96
97
98
99
0 24
0 25
1 46
1 88
2 18
2 89
3 5
3 38
4 19
4 77
5 13
6 17
6 56
7 14
7 76
8 83
8 87
9 49
9 58
10 30
10 49
11 64
11 72
12 27
12 67
13 44
14 21
15 70
15 76
16 26
16 96
17 86
18 40
19 45
20 48
20 81
21 22
22 97
23 43
23 88
24 55
25 98
26 54
27 81
28 34
28 94
29 57
29 85
30 43
31 61
31 71
32 35
32 68
33 71
33 80
34 66
35 68
37 73
37 91
38 78
39 44
39 84
40 67
41 64
41 95
42 47
42 50
45 58
46 65
47 63
48 69
50 74
51 74
51 99
52 93
52 98
53 60
53 62
54 75
55 62
56 82
57 85
59 95
59 99
60 92
61 82
63 70
65 84
66 69
72 92
73 94
75 78
77 93
79 83
79 90
80 86
87 90
89 96
91 97
