200 200 1214
0
1
2
3
4
5
6
7
8
9
10
11
12
13
14
15
16
17
18
19
20
21
22
23
24
25
26
27
28
29
30
31
32
33
34
35
36
37
38
39
40
41
42
43
44
45
46
47
48
49
50
51
52
53
54
55
56
57
58
59
60
61
62
63
64
65
66
67
68
69
70
71
72
73
74
75
76
77
78
79
80
81
82
83
84
85
86
87
88
89
90
91
92
93
94
95
96
97
98
99
100
101
102
103
104
105
106
107
108
109
110
111
112
113
114
115
116
117
118
119
120
121
122
123
124
125
126
127
128
129
130
131
132
133
134
135
136
137
138
139
140
141
142
143
144
145
146
147
148
149
150
151
152
153
154
155
156
157
158
159
160
161
162
163
164
165
166
167
168
169
170
171
172
173
174
175
176
177
178
179
180
181
182
183
184
185
186
187
188
189
190
191
192
193
194
195
196
197
198
199
0 43
0 107
1 18
1 180
2 16
2 84
3 78
3 82
4 8
4 162
5 175
5 182
6 49
6 157
7 80
7 94
8 162
9 121
9 149
10 78
10 161
11 148
11 190
12 186
12 192
13 66
13 180
14 32
14 154
15 70
15 91
16 99
17 131
17 187
18 95
19 152
19 177
20 59
20 129
21 47
21 112
22 58
22 183
23 124
23 167
24 45
24 159
25 46
25 163
26 131
26 146
27 157
27 174
28 87
28 181
29 54
29 150
30 74
30 198
31 74
31 198
32 182
33 84
33 99
34 105
34 171
35 165
35 173
36 86
36 115
37 125
37 164
38 73
38 187
39 141
39 195
40 67
40 147
41 111
41 158
42 151
42 196
43 127
44 95
44 193
45 50
46 132
47 57
48 63
48 103
49 155
50 191
51 138
51 166
52 89
52 144
53 126
53 173
54 150
55 178
55 188
56 63
56 80
57 112
58 183
59 110
60 86
60 115
61 71
61 185
62 68
62 101
64 83
64 185
65 67
65 142
66 105
68 113
69 114
69 153
70 136
71 139
72 97
72 161
73 135
75 79
75 108
76 108
76 134
77 145
77 172
79 130
81 100
81 172
82 156
83 139
85 119
85 179
87 171
88 142
88 147
89 155
90 122
90 160
91 97
92 134
92 151
93 143
93 165
94 178
96 136
96 174
98 109
98 169
100 181
101 149
102 144
102 168
103 148
104 106
104 194
106 194
107 170
109 166
110 122
111 176
113 127
114 169
116 124
116 193
117 140
117 195
118 186
118 192
119 179
120 123
120 197
121 156
123 184
125 164
126 143
128 129
128 145
130 196
132 163
133 160
133 189
135 146
137 170
137 189
138 175
140 190
141 199
152 177
153 154
158 176
159 191
167 168
184 197
188 199
