100 100 1562
0
1
2
3
4
5
6
7
8
9
10
11
12
13
14
15
16
17
18
19
20
21
22
23
24
25
26
27
28
29
30
31
32
33
34
35
36
37
38
39
40
41
42
43
44
45
46
47
48
49
50
51
52
53
54
55
56
57
58
59
60
61
62
63
64
65
66
67
68
69
70
71
72
73
74
75
76
77
78
79
80
81
82
83
84
85
86
87
88
89
90
91
92
93
94
95
96
97
98
99
0 26
0 55
1 64
1 69
2 37
2 58
3 15
3 21
4 66
4 98
5 32
5 67
6 27
6 85
7 70
7 76
8 18
8 54
9 45
9 68
10 49
10 79
11 26
11 49
12 62
12 91
13 40
13 84
14 29
14 54
15 28
16 17
16 23
17 27
18 25
19 39
19 48
20 37
20 72
21 50
22 48
22 70
23 97
24 43
24 63
25 82
28 50
29 35
30 34
30 95
31 77
31 96
32 92
33 67
33 80
34 41
35 47
36 61
36 89
38 46
38 91
39 84
40 59
41 87
42 56
42 72
43 74
44 61
44 73
45 58
46 83
47 94
51 60
51 99
52 83
52 88
53 81
53 93
55 79
56 78
57 71
57 88
59 64
60 99
62 93
63 65
65 92
66 90
68 71
69 73
74 75
75 78
76 96
77 81
80 89
82 90
85 98
86 87
86 95
94 97
