78 78 1387
0
1
2
4
5
6
8
10
12
13
14
15
16
18
19
20
21
24
25
26
28
29
30
31
32
33
34
35
36
39
40
41
43
44
45
46
47
48
52
53
54
56
57
58
59
60
61
62
63
64
65
66
67
68
71
72
73
75
77
78
79
80
81
83
84
86
87
88
89
90
91
92
93
94
95
96
97
99
0 40
0 64
1 26
1 59
2 21
2 62
4 41
4 53
5 25
5 29
6 31
6 66
8 54
8 97
10 33
10 44
12 63
12 75
13 60
13 79
14 36
14 80
15 28
15 94
16 95
16 97
18 39
18 88
19 90
19 91
20 54
20 77
21 62
24 44
24 73
25 81
26 47
28 94
29 64
30 80
30 81
31 78
32 87
32 96
33 40
34 58
34 83
35 89
35 99
36 65
39 89
41 53
43 57
43 91
45 60
45 63
46 61
46 84
47 48
48 92
52 65
52 78
56 93
56 96
57 90
58 95
59 92
61 71
66 72
67 73
67 84
68 72
68 75
71 86
77 99
79 88
83 86
87 93
