98 98 1470
0
1
2
3
4
5
6
7
8
9
10
11
12
13
14
15
16
17
18
19
20
21
22
23
25
26
27
28
29
30
31
32
33
34
35
36
37
38
39
40
41
42
43
44
45
46
47
48
49
50
51
52
53
54
55
56
57
58
59
60
61
62
63
64
65
66
67
68
69
70
71
72
73
74
75
76
77
78
79
80
82
83
84
85
86
87
88
89
90
91
92
93
94
95
96
97
98
99
0 68
0 85
1 78
1 89
2 35
2 94
3 92
3 93
4 59
4 88
5 68
5 85
6 31
6 52
7 56
7 97
8 45
8 69
9 31
9 94
10 33
10 36
11 49
11 73
12 29
12 46
13 40
13 92
14 35
14 57
15 25
15 52
16 80
16 88
17 18
17 74
18 74
19 43
19 86
20 26
20 79
21 41
21 45
22 71
22 86
23 66
23 87
25 53
26 38
27 43
27 82
28 34
28 63
29 93
30 64
30 79
32 42
32 73
33 84
34 39
36 42
37 89
37 90
38 99
39 60
40 55
41 51
44 87
44 96
46 82
47 53
47 99
48 65
48 98
49 60
50 90
50 95
51 62
54 61
54 80
55 77
56 76
57 72
58 83
58 98
59 84
61 69
62 95
63 70
64 67
65 83
66 67
70 76
71 75
72 96
75 91
77 78
91 97
