50 101 624
0
1
2
3
4
5
6
7
8
9
10
11
12
13
14
15
16
17
18
19
20
21
22
23
24
25
26
27
28
29
30
31
32
33
34
35
36
37
38
39
40
41
42
43
44
45
46
47
48
49
0 7
0 7
0 35
0 35
1 42
1 42
1 44
1 44
2 6
2 6
2 20
2 20
3 8
3 8
3 10
3 10
4 9
4 9
4 29
29 38
29 38
5 20
5 20
5 27
5 27
6 16
6 16
7 27
7 27
8 48
8 48
9 33
9 33
10 29
10 29
11 40
11 40
11 44
11 44
12 23
12 23
12 45
12 45
13 25
13 25
13 45
13 45
14 37
14 37
14 47
14 47
15 35
15 35
15 43
15 43
16 34
16 34
17 22
17 22
17 40
17 40
18 26
18 26
18 28
18 28
19 39
19 39
19 49
19 49
21 23
21 23
21 31
21 31
22 30
22 30
24 32
24 32
24 41
24 41
25 49
25 49
26 47
26 47
28 36
28 36
29 38
29 38
30 48
30 48
31 46
31 46
32 43
32 43
33 39
33 39
34 46
34 46
36 42
36 42
37 41
37 41
