94 94 1459
0
1
2
3
4
5
6
7
8
9
10
11
12
13
14
15
16
17
18
19
20
21
22
23
24
25
26
27
28
29
30
31
32
34
35
36
37
38
39
40
41
42
43
44
45
46
47
48
49
50
51
52
53
54
55
56
57
58
59
60
61
62
63
64
65
66
68
70
71
72
73
75
76
77
78
79
80
82
83
84
86
87
88
89
90
91
92
93
94
95
96
97
98
99
0 35
0 60
1 3
1 75
2 73
2 97
3 18
4 22
4 29
5 55
5 86
6 72
6 88
7 9
7 89
8 56
8 61
9 21
10 65
10 83
11 14
11 39
12 23
12 84
13 30
13 80
14 99
15 71
15 75
16 28
16 51
17 19
17 54
18 60
19 87
20 66
20 77
21 89
22 45
23 40
24 80
24 83
25 61
25 94
26 76
26 95
27 44
27 90
28 92
29 93
30 64
31 54
31 77
32 48
32 87
34 42
34 84
35 43
36 92
36 93
37 96
37 99
38 41
38 50
39 44
40 52
41 94
42 78
43 71
45 53
46 51
46 63
47 59
47 68
48 55
49 64
49 73
50 70
52 76
53 56
57 66
57 90
58 68
58 72
59 96
62 79
62 88
63 86
65 70
78 82
79 91
82 97
91 98
95 98
