100 100 1450
0
1
2
3
4
5
6
7
8
9
10
11
12
13
14
15
16
17
18
19
20
21
22
23
24
25
26
27
28
29
30
31
32
33
34
35
36
37
38
39
40
41
42
43
44
45
46
47
48
49
50
51
52
53
54
55
56
57
58
59
60
61
62
63
64
65
66
67
68
69
70
71
72
73
74
75
76
77
78
79
80
81
82
83
84
85
86
87
88
89
90
91
92
93
94
95
96
97
98
99
0 23
0 24
1 41
1 66
2 21
2 95
3 50
3 69
4 43
4 74
5 73
5 92
6 18
6 59
7 26
7 77
8 78
8 95
9 19
9 22
10 89
10 96
11 26
11 99
12 14
12 93
13 38
13 93
14 68
15 18
15 29
16 27
16 49
17 48
17 65
19 45
20 39
20 86
21 27
22 25
23 34
24 62
25 65
28 45
28 59
29 75
30 31
30 60
31 55
32 46
32 96
33 57
33 91
34 52
35 87
35 88
36 48
36 74
37 80
37 85
38 83
39 44
40 77
40 79
41 87
42 62
42 79
43 81
44 56
46 73
47 75
47 82
49 64
50 60
51 54
51 78
52 83
53 71
53 97
54 68
55 58
56 70
57 88
58 84
61 71
61 99
63 84
63 98
64 86
66 69
67 72
67 91
70 82
72 94
76 85
76 94
80 89
81 90
90 92
97 98
