99 99 874
0
1
2
3
4
5
6
7
8
9
11
12
13
14
15
16
17
18
19
20
21
22
23
24
25
26
27
28
29
30
31
32
33
34
35
36
37
38
39
40
41
42
43
44
45
46
47
48
49
50
51
52
53
54
55
56
57
58
59
60
61
62
63
64
65
66
67
68
69
70
71
72
73
74
75
76
77
78
79
80
81
82
83
84
85
86
87
88
89
90
91
92
93
94
95
96
97
98
99
0 18
0 99
1 29
1 81
2 9
2 86
3 38
3 53
4 32
4 40
5 35
5 98
6 38
6 53
7 58
7 76
8 11
8 86
9 66
11 92
12 80
12 91
13 57
13 84
14 50
14 63
15 88
15 93
16 48
16 90
17 55
17 66
18 99
19 44
19 52
20 23
20 87
21 24
21 31
22 64
22 93
23 61
24 55
25 45
25 97
26 77
26 85
27 40
27 74
28 30
28 95
29 67
30 47
31 42
32 87
33 49
33 83
34 46
34 73
35 90
36 41
36 59
37 78
37 82
39 81
39 82
41 59
42 68
43 54
43 75
44 52
45 97
46 73
47 64
48 98
49 83
50 56
51 61
51 70
54 75
56 69
57 84
58 60
60 79
62 80
62 91
63 77
65 71
65 76
67 71
68 96
69 85
70 89
72 92
72 94
74 94
78 96
79 89
88 95
