198 198 1295
0
1
2
3
4
5
6
7
8
9
10
11
12
14
15
16
17
18
19
20
21
22
23
24
25
26
27
28
29
30
31
32
33
34
35
36
37
38
39
40
41
42
43
44
45
46
47
48
49
50
51
52
53
54
55
56
57
58
59
60
61
62
63
64
65
66
67
68
69
70
71
72
73
74
75
76
77
78
79
80
81
82
83
84
85
86
87
88
89
90
91
92
93
94
95
96
97
98
99
100
101
103
104
105
106
107
108
109
110
111
112
113
114
115
116
117
118
119
120
121
122
123
124
125
126
127
128
129
130
131
132
133
134
135
136
137
138
139
140
141
142
143
144
145
146
147
148
149
150
151
152
153
154
155
156
157
158
159
160
161
162
163
164
165
166
167
168
169
170
171
172
173
174
175
176
177
178
179
180
181
182
183
184
185
186
187
188
189
190
191
192
193
194
195
196
197
198
199
0 147
0 148
1 80
1 91
2 6
2 115
3 5
3 46
4 163
4 173
5 159
6 48
7 93
7 194
8 30
8 73
9 89
9 130
10 32
10 42
11 53
11 196
12 95
12 149
14 56
14 101
15 130
15 183
16 101
16 139
17 22
17 85
18 90
18 142
19 76
19 137
20 84
20 186
21 71
21 98
22 191
23 144
23 172
24 49
24 121
25 107
25 175
26 59
26 184
27 51
27 122
28 174
28 195
29 89
29 183
30 162
31 68
31 150
32 95
33 75
33 118
34 73
34 97
35 92
35 193
36 50
36 193
37 87
37 156
38 139
38 179
39 79
39 187
40 62
40 152
41 63
41 117
42 44
43 88
43 103
44 98
45 127
45 199
46 91
47 132
47 165
48 166
49 168
50 136
51 66
52 147
52 148
53 190
54 55
54 96
55 146
56 187
57 81
57 189
58 63
58 155
59 114
60 116
60 197
61 144
61 198
62 158
64 157
64 192
65 81
65 192
66 138
67 140
67 182
68 180
69 140
69 199
70 84
70 100
71 197
72 99
72 167
74 83
74 151
75 154
76 137
77 154
77 171
78 90
78 106
79 155
80 100
82 87
82 191
83 173
85 123
86 129
86 194
88 153
92 141
93 158
94 128
94 129
96 117
97 181
99 167
103 182
104 113
104 135
105 132
105 150
106 126
107 124
108 127
108 152
109 115
109 169
110 185
110 186
111 172
111 189
112 151
112 163
113 166
114 125
116 122
118 134
119 133
119 188
120 123
120 188
121 160
124 175
125 184
126 170
128 165
131 176
131 178
133 160
134 168
135 179
136 157
138 145
141 185
142 143
143 156
145 169
146 170
149 177
153 180
159 198
161 190
161 196
162 181
164 176
164 178
171 177
174 195
