50 78 2191
0
1
2
3
4
5
6
7
8
9
10
11
12
13
14
15
16
17
18
19
20
21
22
23
24
25
26
27
28
29
30
31
32
33
34
35
36
37
38
39
40
41
42
43
44
45
46
47
48
49
0 4
0 33
1 13
1 38
2 7
7 14
12 14
2 47
28 47
3 23
3 42
4 5
5 30
6 22
6 40
7 14
14 16
2 7
2 29
8 33
8 38
38 47
3 9
3 20
9 37
35 37
10 45
18 45
18 40
10 49
11 35
2 11
2 47
12 17
13 15
15 32
14 25
11 14
8 11
8 29
13 15
13 36
15 41
16 38
17 27
21 27
18 37
9 37
9 19
18 39
9 19
9 37
37 48
20 22
22 45
21 27
18 22
18 37
23 43
24 28
24 32
25 44
26 43
26 49
17 27
17 39
31 39
30 36
31 39
39 46
4 34
4 41
4 34
4 44
18 37
18 45
39 42
46 48
