100 100 1096
0
1
2
3
4
5
6
7
8
9
10
11
12
13
14
15
16
17
18
19
20
21
22
23
24
25
26
27
28
29
30
31
32
33
34
35
36
37
38
39
40
41
42
43
44
45
46
47
48
49
50
51
52
53
54
55
56
57
58
59
60
61
62
63
64
65
66
67
68
69
70
71
72
73
74
75
76
77
78
79
80
81
82
83
84
85
86
87
88
89
90
91
92
93
94
95
96
97
98
99
0 34
0 91
1 24
1 46
2 4
2 67
3 30
3 52
4 28
5 52
5 63
6 46
6 54
7 73
7 81
8 21
8 76
9 27
9 83
10 12
10 48
11 13
11 41
12 16
13 65
14 37
14 75
15 19
15 67
16 90
17 23
17 96
18 53
18 71
19 84
20 38
20 60
21 88
22 44
22 78
23 96
24 70
25 42
25 50
26 33
26 58
27 76
28 31
29 64
29 69
30 40
31 68
32 80
32 86
33 92
34 57
35 55
35 94
36 73
36 81
37 77
38 79
39 72
39 83
40 66
41 70
42 93
43 62
43 95
44 90
45 49
45 98
47 58
47 92
48 84
49 71
50 89
51 64
51 93
53 94
54 85
55 80
56 63
56 97
57 82
59 77
59 78
60 79
61 86
61 88
62 75
65 87
66 85
68 69
72 74
74 95
82 99
87 97
89 98
91 99
