70 70 1188
1
2
3
4
5
6
9
11
12
14
15
17
18
19
22
23
24
25
27
28
30
32
33
36
37
38
39
42
43
44
46
47
48
49
50
51
52
53
54
55
59
61
62
63
64
65
66
69
70
71
72
73
74
78
79
80
82
84
85
86
88
90
91
92
93
94
95
96
98
99
1 9
1 71
2 32
2 74
3 37
3 98
4 84
4 99
5 53
5 88
6 39
6 70
9 44
11 46
11 66
12 71
12 84
14 38
14 64
15 27
15 62
17 49
17 69
18 63
18 80
19 47
19 52
22 38
22 72
23 28
23 33
24 79
24 94
25 28
25 61
27 96
30 82
30 91
32 43
33 61
36 44
36 99
37 82
39 93
42 69
42 85
43 78
46 92
47 52
48 72
48 90
49 96
50 74
50 95
51 64
51 78
53 54
54 73
55 85
55 93
59 63
59 65
62 86
65 91
66 92
70 86
73 88
79 98
80 94
90 95
