80 80 1423
0
1
2
3
4
5
6
7
8
10
11
12
13
14
15
16
17
18
19
20
22
23
24
25
26
30
31
32
33
34
36
38
39
40
42
44
46
48
49
50
51
52
54
56
57
58
59
61
62
63
64
65
66
67
68
69
70
71
72
73
74
76
77
79
80
81
82
84
85
86
87
90
92
93
94
95
96
97
98
99
0 38
0 82
1 5
1 80
2 59
2 98
3 22
3 66
4 52
4 63
5 74
6 8
6 84
7 48
7 95
8 85
10 38
10 80
11 46
11 49
12 42
12 57
13 63
13 94
14 17
14 32
15 76
15 94
16 23
16 25
17 58
18 50
18 65
19 58
19 92
20 24
20 87
22 85
23 70
24 77
25 50
26 31
26 96
30 73
30 84
31 82
32 52
33 36
33 42
34 56
34 71
36 59
39 74
39 90
40 66
40 81
44 68
44 71
46 97
48 96
49 67
51 64
51 90
54 56
54 99
57 65
61 95
61 99
62 93
62 98
64 77
67 97
68 93
69 72
69 73
70 79
72 92
76 81
79 86
86 87
