115 115 1269
96
67
30
62
63
73
24
77
70
41
59
81
29
95
29
52
42
91
10
4
23
94
5
94
79
94
79
31
33
72
76
85
82
95
46
20
66
90
36
88
13
61
84
64
12
64
55
98
89
2
32
92
15
39
37
39
15
17
15
99
15
22
15
28
54
53
83
7
93
21
19
47
69
48
68
27
0
45
8
11
14
58
86
50
56
26
38
80
75
16
71
87
55
51
34
35
34
35
43
57
78
1
65
25
9
44
40
97
40
3
18
49
74
6
60
67 96
30 67
30 62
62 63
63 73
24 73
24 77
70 77
41 70
41 59
59 81
29 81
29 95
29 95
29 52
42 52
42 91
10 91
4 10
4 23
23 94
5 94
5 94
79 94
79 94
79 94
31 79
31 33
33 72
72 76
76 85
82 85
82 95
46 95
20 46
20 66
66 90
36 90
36 88
13 88
13 61
61 84
64 84
12 64
12 64
55 64
55 98
89 98
2 89
2 32
32 92
15 92
15 39
37 39
37 39
15 39
15 17
15 17
15 99
15 99
15 22
15 22
15 28
28 54
53 54
53 83
7 83
7 93
21 93
19 21
19 47
47 69
48 69
48 68
27 68
0 27
0 45
8 45
8 11
11 14
14 58
58 86
50 86
50 56
26 56
26 38
38 80
75 80
16 75
16 71
71 87
55 87
51 55
34 51
34 35
34 35
34 35
35 43
43 57
57 78
1 78
1 65
25 65
9 25
9 44
40 44
40 97
40 97
3 40
3 18
18 49
49 74
6 74
6 60
60 96
