100 100 897
0
1
2
3
4
5
6
7
8
9
10
11
12
13
14
15
16
17
18
19
20
21
22
23
24
25
26
27
28
29
30
31
32
33
34
35
36
37
38
39
40
41
42
43
44
45
46
47
48
49
50
51
52
53
54
55
56
57
58
59
60
61
62
63
64
65
66
67
68
69
70
71
72
73
74
75
76
77
78
79
80
81
82
83
84
85
86
87
88
89
90
91
92
93
94
95
96
97
98
99
0 17
0 50
1 10
1 46
2 16
2 86
3 12
3 63
4 20
4 35
5 18
5 63
6 24
6 77
7 36
7 83
8 13
8 36
9 34
9 54
10 67
11 51
11 92
12 69
13 93
14 32
14 75
15 59
15 92
16 57
17 50
18 58
19 33
19 39
20 35
21 40
21 98
22 32
22 62
23 55
23 71
24 77
25 41
25 70
26 56
26 88
27 30
27 45
28 33
28 61
29 82
29 91
30 72
31 80
31 97
34 84
37 85
37 94
38 64
38 83
39 74
40 43
41 45
42 49
42 79
43 95
44 66
44 78
46 52
47 61
47 95
48 86
48 91
49 96
51 59
52 67
53 57
53 69
54 90
55 71
56 65
58 89
60 73
60 74
62 75
64 93
65 68
66 78
68 88
70 72
73 99
76 79
76 96
80 97
81 84
81 99
82 89
85 94
87 90
87 98
