70 70 1228
45
9
56
53
56
24
59
99
43
99
63
3
81
57
48
10
21
8
46
31
32
31
65
70
52
68
52
82
52
87
36
91
1
38
16
78
55
78
51
64
12
94
92
39
62
44
62
20
41
73
4
28
74
54
50
54
50
95
61
42
86
19
60
30
47
40
85
90
17
58
9 45
9 56
53 56
53 56
24 56
24 59
59 99
43 99
43 99
63 99
3 63
3 81
57 81
48 57
10 48
10 21
8 21
8 46
31 46
31 32
31 32
31 65
65 70
52 70
52 68
52 68
52 82
52 82
52 87
36 87
36 91
1 91
1 38
16 38
16 78
55 78
55 78
51 78
51 64
12 64
12 94
92 94
39 92
39 62
44 62
44 62
20 62
20 41
41 73
4 73
4 28
28 74
54 74
50 54
50 54
50 54
50 95
61 95
42 61
42 86
19 86
19 60
30 60
30 47
40 47
40 85
85 90
17 90
17 58
45 58
