64 64 2956
148
159
107
47
102
39
65
99
133
93
151
142
84
9
48
101
12
101
48
53
86
5
94
103
78
91
190
105
103
94
25
37
16
41
108
41
198
126
97
16
32
87
144
20
81
43
63
82
66
129
42
95
157
154
89
85
88
85
35
55
110
51
98
106
148 159
107 159
47 107
47 102
39 102
39 65
65 99
99 133
93 133
93 151
142 151
84 142
9 84
9 48
48 101
12 101
12 101
48 101
48 53
53 86
5 86
5 94
94 103
78 103
78 91
91 190
105 190
103 105
94 103
25 94
25 37
16 37
16 41
41 108
41 108
41 198
126 198
97 126
16 97
16 32
32 87
87 144
20 144
20 81
43 81
43 63
63 82
66 82
66 129
42 129
42 95
95 157
154 157
89 154
85 89
85 88
85 88
35 85
35 55
55 110
51 110
51 98
98 106
106 148
