59 59 931
17
4
17
1
48
14
36
25
48
9
46
26
6
18
10
24
22
13
20
13
8
30
28
16
7
43
37
43
22
47
38
44
33
27
35
19
0
3
29
49
40
12
45
5
32
0
23
41
15
41
31
21
11
2
42
34
4
17
39
4 17
4 17
1 17
1 48
14 48
14 36
25 36
25 48
9 48
9 46
26 46
6 26
6 18
10 18
10 24
22 24
13 22
13 20
13 20
8 13
8 30
28 30
16 28
7 16
7 43
37 43
37 43
22 43
22 47
38 47
38 44
33 44
27 33
27 35
19 35
0 19
0 3
3 29
29 49
40 49
12 40
12 45
5 45
5 32
0 32
0 23
23 41
15 41
15 41
31 41
21 31
11 21
2 11
2 42
34 42
4 34
4 17
17 39
17 39
