100 100 1542
0
1
2
3
4
5
6
7
8
9
10
11
12
13
14
15
16
17
18
19
20
21
22
23
24
25
26
27
28
29
30
31
32
33
34
35
36
37
38
39
40
41
42
43
44
45
46
47
48
49
50
51
52
53
54
55
56
57
58
59
60
61
62
63
64
65
66
67
68
69
70
71
72
73
74
75
76
77
78
79
80
81
82
83
84
85
86
87
88
89
90
91
92
93
94
95
96
97
98
99
0 6
0 45
1 74
1 88
2 9
2 37
3 8
3 45
4 56
4 97
5 62
5 73
6 87
7 19
7 78
8 69
9 66
10 53
10 96
11 14
11 16
12 33
12 88
13 51
13 60
14 30
15 57
15 79
16 97
17 89
17 93
18 65
18 76
19 63
20 21
20 58
21 46
22 27
22 42
23 44
23 52
24 62
24 87
25 35
25 36
26 30
26 99
27 38
28 51
28 94
29 38
29 85
31 80
31 89
32 43
32 80
33 77
34 78
34 99
35 83
36 84
37 47
39 47
39 73
40 54
40 59
41 71
41 81
42 67
43 55
44 90
46 72
48 54
48 92
49 75
49 98
50 77
50 92
52 68
53 83
55 96
56 71
57 93
58 68
59 95
60 61
61 64
63 86
64 79
65 84
66 70
67 82
69 72
70 95
74 91
75 76
81 98
82 94
85 91
86 90
