97 97 914
0
1
2
3
4
5
6
7
8
9
10
11
12
13
14
15
16
17
18
19
20
21
22
23
24
25
26
27
28
29
30
31
32
33
34
35
36
37
38
39
40
41
42
43
44
45
46
47
48
49
50
51
52
53
54
55
56
57
58
59
60
61
62
63
64
65
66
67
68
69
70
71
72
73
74
75
76
77
79
80
81
82
83
85
86
87
88
89
91
92
93
94
95
96
97
98
99
0 53
0 91
1 59
1 97
2 10
2 68
3 45
3 46
4 68
4 79
5 45
5 48
6 39
6 48
7 21
7 26
8 92
8 96
9 32
9 36
10 64
11 42
11 62
12 22
12 97
13 83
13 86
14 23
14 70
15 30
15 94
16 50
16 82
17 30
17 66
18 44
18 74
19 25
19 88
20 53
20 79
21 39
22 59
23 26
24 49
24 87
25 88
27 50
27 82
28 58
28 83
29 70
29 76
31 54
31 61
32 33
33 64
34 71
34 72
35 46
35 61
36 52
37 60
37 76
38 51
38 77
40 54
40 91
41 57
41 69
42 81
43 86
43 94
44 74
47 51
47 98
49 80
52 80
55 56
55 73
56 73
57 67
58 87
60 93
62 89
63 71
63 81
65 95
65 99
66 96
67 69
72 75
75 92
77 98
85 89
85 93
95 99
