79 79 1020
0
2
3
4
5
6
7
8
9
10
11
12
13
14
15
17
20
21
22
24
28
29
31
32
33
34
36
37
38
39
40
41
42
43
45
46
47
48
49
50
53
55
56
57
58
59
60
61
63
64
65
66
68
69
71
72
73
74
76
77
78
79
80
82
83
84
85
86
87
88
89
90
91
92
93
95
96
97
99
0 28
0 55
2 14
2 74
3 66
3 91
4 9
4 33
5 71
5 85
6 20
6 37
7 58
7 90
8 64
8 68
9 41
10 24
10 76
11 20
11 45
12 59
12 72
13 28
13 65
14 39
15 82
15 93
17 86
17 99
21 53
21 84
22 48
22 49
24 63
29 33
29 56
31 65
31 77
32 50
32 83
34 82
34 83
36 78
36 97
37 80
38 66
38 91
39 50
40 42
40 78
41 57
42 61
43 47
43 96
45 89
46 60
46 64
47 69
48 92
49 56
53 79
55 97
57 61
58 90
59 88
60 95
63 76
68 87
69 87
71 85
72 92
73 95
73 99
74 89
77 88
79 96
80 86
84 93
