99 99 1358
0
1
2
3
4
5
6
7
8
9
10
11
12
13
14
15
16
17
18
19
20
21
22
23
24
25
26
27
28
29
30
32
33
34
35
36
37
38
39
40
41
42
43
44
45
46
47
48
49
50
51
52
53
54
55
56
57
58
59
60
61
62
63
64
65
66
67
68
69
70
71
72
73
74
75
76
77
78
79
80
81
82
83
84
85
86
87
88
89
90
91
92
93
94
95
96
97
98
99
0 44
0 91
1 24
1 72
2 23
2 76
3 10
3 33
4 37
4 40
5 12
5 59
6 78
6 85
7 52
7 61
8 27
8 86
9 18
9 20
10 30
11 12
11 88
13 19
13 94
14 49
14 68
15 36
15 46
16 21
16 36
17 35
17 75
18 80
19 64
20 83
21 58
22 39
22 71
23 54
24 42
25 77
25 93
26 76
26 85
27 81
28 32
28 33
29 57
29 69
30 32
34 67
34 94
35 75
37 61
38 39
38 58
40 53
41 63
41 69
42 44
43 60
43 62
45 87
45 88
46 71
47 70
47 97
48 67
48 93
49 66
50 56
50 98
51 73
51 79
52 65
53 92
54 60
55 78
55 89
56 80
57 73
59 81
62 99
63 79
64 66
65 92
68 77
70 72
74 84
74 95
82 91
82 97
83 96
84 90
86 95
87 90
89 99
96 98
