133 133 1850
53
40
43
84
21
84
41
77
7
30
65
64
65
91
10
24
82
2
8
66
26
23
26
34
4
73
70
73
76
73
76
13
15
27
25
89
25
95
39
74
80
50
97
1
97
50
49
50
44
50
36
63
36
50
17
83
47
14
94
12
11
99
87
67
28
86
92
87
67
62
45
55
56
55
72
31
60
20
60
31
5
3
61
29
90
57
90
52
60
18
96
93
96
18
96
71
98
0
32
58
88
69
88
58
33
35
37
85
75
9
75
59
16
38
16
75
68
22
79
6
19
48
35
42
46
54
81
51
81
54
81
53
78
40 53
40 43
43 84
21 84
21 84
41 84
41 77
7 77
7 30
30 65
64 65
64 65
65 91
10 91
10 24
24 82
2 82
2 8
8 66
26 66
23 26
23 26
26 34
4 34
4 73
70 73
70 73
73 76
73 76
73 76
13 76
13 15
15 27
25 27
25 89
25 89
25 95
39 95
39 74
74 80
50 80
50 97
1 97
1 97
50 97
49 50
49 50
44 50
44 50
36 50
36 63
36 63
36 50
17 50
17 83
47 83
14 47
14 94
12 94
11 12
11 99
87 99
67 87
28 67
28 86
86 92
87 92
67 87
62 67
45 62
45 55
55 56
55 56
55 72
31 72
31 60
20 60
20 60
31 60
5 31
3 5
3 61
29 61
29 90
57 90
57 90
52 90
52 60
18 60
18 96
93 96
93 96
18 96
18 96
71 96
71 98
0 98
0 32
32 58
58 88
69 88
69 88
58 88
33 58
33 35
35 37
37 85
75 85
9 75
9 75
59 75
16 59
16 38
16 38
16 75
68 75
22 68
22 79
6 79
6 19
19 48
35 48
35 42
42 46
46 54
54 81
51 81
51 81
54 81
54 81
53 81
53 78
53 78
