98 98 1448
0
1
2
3
4
5
6
7
8
9
10
11
12
13
15
16
17
18
19
20
21
22
23
24
25
26
27
28
29
30
31
32
33
34
35
36
37
38
39
40
41
42
43
44
45
46
47
48
50
51
52
53
54
55
56
57
58
59
60
61
62
63
64
65
66
67
68
69
70
71
72
73
74
75
76
77
78
79
80
81
82
83
84
85
86
87
88
89
90
91
92
93
94
95
96
97
98
99
0 3
0 53
1 34
1 79
2 29
2 98
3 35
4 23
4 87
5 75
5 97
6 26
6 30
7 23
7 51
8 27
8 48
9 60
9 83
10 71
10 96
11 78
11 96
12 32
12 59
13 34
13 64
15 27
15 95
16 20
16 59
17 47
17 60
18 52
18 77
19 20
19 64
21 25
21 78
22 92
22 93
24 40
24 43
25 28
26 69
28 83
29 81
30 58
31 67
31 80
32 70
33 62
33 85
35 52
36 53
36 65
37 74
37 94
38 46
38 84
39 71
39 89
40 99
41 50
41 67
42 68
42 98
43 46
44 54
44 73
45 74
45 84
47 70
48 63
50 94
51 80
54 55
55 86
56 91
56 92
57 73
57 85
58 68
61 88
61 93
62 77
63 72
65 89
66 76
66 90
69 81
72 97
75 82
76 91
79 87
82 99
86 88
90 95
