199 199 1294
0
1
2
3
4
5
6
7
8
9
10
11
12
13
14
15
16
17
18
19
20
21
22
23
24
25
26
27
28
29
30
31
32
33
34
35
36
37
38
39
40
41
42
43
44
45
46
47
48
49
50
51
52
53
54
55
56
57
58
59
60
61
62
63
64
65
66
67
68
69
70
71
72
73
74
75
76
77
78
79
80
81
82
83
84
85
86
87
88
89
90
91
92
94
95
96
97
98
99
100
101
102
103
104
105
106
107
108
109
110
111
112
113
114
115
116
117
118
119
120
121
122
123
124
125
126
127
128
129
130
131
132
133
134
135
136
137
138
139
140
141
142
143
144
145
146
147
148
149
150
151
152
153
154
155
156
157
158
159
160
161
162
163
164
165
166
167
168
169
170
171
172
173
174
175
176
177
178
179
180
181
182
183
184
185
186
187
188
189
190
191
192
193
194
195
196
197
198
199
0 170
0 182
1 142
1 148
2 86
2 112
3 84
3 119
4 80
4 114
5 98
5 133
6 49
6 83
7 46
7 124
8 160
8 165
9 42
9 177
10 41
10 146
11 51
11 107
12 123
12 160
13 91
13 171
14 67
14 167
15 27
15 96
16 87
16 176
17 65
17 172
18 141
18 164
19 86
19 110
20 115
20 197
21 33
21 120
22 154
22 161
23 122
23 145
24 74
24 105
25 139
25 173
26 70
26 137
27 58
28 129
28 151
29 34
29 187
30 123
30 165
31 94
31 187
32 170
32 180
33 48
34 178
35 78
35 129
36 37
36 142
37 130
38 51
38 164
39 40
39 139
40 163
41 49
42 154
43 90
43 128
44 107
44 158
45 138
45 194
46 128
47 72
47 186
48 181
50 78
50 99
52 54
52 95
53 92
53 169
54 95
55 59
55 168
56 96
56 132
57 80
57 114
58 66
59 108
60 89
60 117
61 125
61 199
62 144
62 153
63 131
63 177
64 110
64 141
65 106
66 150
67 97
68 75
68 186
69 134
69 189
70 82
71 171
71 194
72 167
73 101
73 193
74 105
75 98
76 106
76 181
77 88
77 193
79 90
79 169
81 179
81 191
82 175
83 115
84 109
85 136
85 174
87 176
88 104
89 133
91 162
92 196
94 113
97 161
99 144
100 104
100 188
101 197
102 118
102 173
103 143
103 153
108 116
109 113
111 131
111 188
112 125
116 148
117 156
118 192
119 152
120 199
121 155
121 166
122 145
124 135
126 179
126 195
127 135
127 172
130 195
132 152
134 198
136 174
137 159
138 162
140 149
140 168
143 189
146 158
147 190
147 196
149 155
150 198
151 184
156 191
157 175
157 183
159 185
163 190
166 178
180 182
183 192
184 185
