91 91 1464
0
1
2
3
4
5
6
7
8
9
10
11
12
13
14
15
16
17
18
19
20
21
22
23
24
25
26
27
28
30
31
32
34
35
36
38
39
41
42
43
44
45
46
47
48
49
51
52
53
54
55
56
57
58
59
62
63
65
66
67
69
70
71
72
73
74
75
76
77
78
79
80
81
82
83
84
85
86
87
88
89
90
91
92
93
94
95
96
97
98
99
0 32
0 44
1 76
1 97
2 18
2 26
3 35
3 43
4 21
4 57
5 10
5 30
6 9
6 34
7 12
7 79
8 20
8 55
9 10
11 41
11 53
12 27
13 31
13 94
14 22
14 83
15 92
15 95
16 38
16 74
17 20
17 62
18 69
19 49
19 91
21 57
22 28
23 44
23 99
24 87
24 99
25 46
25 93
26 81
27 89
28 90
30 52
31 49
32 42
34 91
35 87
36 42
36 43
38 45
39 55
39 96
41 90
45 54
46 92
47 80
47 84
48 58
48 63
51 74
51 88
52 62
53 81
54 65
56 83
56 88
58 86
59 71
59 73
63 70
65 76
66 71
66 77
67 72
67 84
69 82
70 79
72 85
73 77
75 78
75 95
78 97
80 85
82 93
86 98
89 94
96 98
