107 107 1762
57
171
57
65
123
38
91
113
91
51
12
164
106
52
50
158
101
130
7
199
116
25
69
29
72
28
126
104
59
68
157
47
181
176
114
63
32
136
99
136
66
58
48
165
161
8
23
127
92
127
31
51
37
141
97
60
132
87
166
194
46
41
39
177
55
177
188
88
73
78
40
78
129
56
35
53
75
82
26
81
30
81
89
174
154
118
179
110
62
18
125
27
140
54
169
24
20
44
43
13
33
175
186
180
45
180
131
57 171
57 171
57 65
65 123
38 123
38 91
91 113
91 113
51 91
12 51
12 164
106 164
52 106
50 52
50 158
101 158
101 130
7 130
7 199
116 199
25 116
25 69
29 69
29 72
28 72
28 126
104 126
59 104
59 68
68 157
47 157
47 181
176 181
114 176
63 114
32 63
32 136
99 136
99 136
66 136
58 66
48 58
48 165
161 165
8 161
8 23
23 127
92 127
92 127
31 127
31 51
37 51
37 141
97 141
60 97
60 132
87 132
87 166
166 194
46 194
41 46
39 41
39 177
55 177
55 177
177 188
88 188
73 88
73 78
40 78
40 78
78 129
56 129
35 56
35 53
53 75
75 82
26 82
26 81
30 81
30 81
81 89
89 174
154 174
118 154
118 179
110 179
62 110
18 62
18 125
27 125
27 140
54 140
54 169
24 169
20 24
20 44
43 44
13 43
13 33
33 175
175 186
180 186
45 180
45 180
131 180
57 131
