50 104 1044
0
1
2
3
4
5
6
7
8
9
10
11
12
13
14
15
16
17
18
19
20
21
22
23
24
25
26
27
28
29
30
31
32
33
34
35
36
37
38
39
40
41
42
43
44
45
46
47
48
49
0 14
0 14
0 20
0 20
1 22
1 22
1 48
1 48
2 43
43 9
43 9
2 43
2 43
3 28
3 28
3 33
3 33
4 14
4 14
4 39
4 39
5 21
5 21
5 23
5 23
6 8
6 8
6 31
31 17
31 17
7 15
7 15
7 16
7 16
8 36
8 36
9 23
9 23
10 15
10 15
10 47
10 47
11 35
11 35
11 37
11 37
12 36
12 36
12 44
12 44
13 30
13 30
13 33
13 33
16 7
7 24
7 24
17 31
17 31
18 40
18 40
18 47
18 47
19 32
19 32
19 38
19 38
20 35
20 35
21 28
21 28
22 32
22 32
24 38
24 38
25 29
25 29
25 41
25 41
26 49
49 34
49 34
26 44
26 44
27 45
27 45
27 46
27 46
29 30
29 30
31 45
31 45
34 49
34 49
37 48
37 48
39 46
39 46
40 41
40 41
42 43
42 43
42 49
42 49
