113 113 1134
89
9
57
25
89
51
99
48
1
23
1
16
80
86
40
32
86
65
17
5
60
63
92
56
71
56
71
56
71
18
19
18
10
61
36
39
3
42
73
72
27
38
27
64
21
77
2
24
81
6
11
30
62
58
62
94
59
90
12
52
7
20
70
97
98
69
76
67
37
88
87
28
87
29
96
91
74
46
14
82
54
82
53
83
95
79
55
66
41
50
26
78
35
13
75
22
4
33
68
84
49
45
0
8
93
15
44
15
47
43
34
85
31
9 89
9 57
25 57
25 89
51 89
51 99
48 99
1 48
1 23
1 23
1 16
16 80
80 86
40 86
32 40
32 86
65 86
17 65
5 17
5 60
60 63
63 92
56 92
56 71
56 71
56 71
56 71
56 71
18 71
18 19
18 19
10 18
10 61
36 61
36 39
3 39
3 42
42 73
72 73
27 72
27 38
27 38
27 64
21 64
21 77
2 77
2 24
24 81
6 81
6 11
11 30
30 62
58 62
58 62
62 94
59 94
59 90
12 90
12 52
7 52
7 20
20 70
70 97
97 98
69 98
69 76
67 76
37 67
37 88
87 88
28 87
28 87
29 87
29 96
91 96
74 91
46 74
14 46
14 82
54 82
54 82
53 82
53 83
83 95
79 95
55 79
55 66
41 66
41 50
26 50
26 78
35 78
13 35
13 75
22 75
4 22
4 33
33 68
68 84
49 84
45 49
0 45
0 8
8 93
15 93
15 44
15 44
15 47
43 47
34 43
34 85
31 85
31 89
