50 101 678
0
1
2
3
4
5
6
7
8
9
10
11
12
13
14
15
16
17
18
19
20
21
22
23
24
25
26
27
28
29
30
31
32
33
34
35
36
37
38
39
40
41
42
43
44
45
46
47
48
49
0 11
0 11
0 40
0 40
1 14
1 14
1 41
1 41
2 20
2 20
2 30
2 30
3 9
3 9
3 40
3 40
4 35
4 35
4 43
4 43
5 13
5 13
5 45
5 45
6 20
6 20
6 37
6 37
7 22
7 22
7 24
7 24
8 22
8 22
8 48
8 48
9 25
9 25
10 21
10 21
10 49
10 49
11 39
11 39
12 25
12 25
12 35
12 35
13 23
13 23
14 43
14 43
15 16
15 16
15 32
15 32
16 19
16 19
17 24
17 24
17 26
17 26
18 19
18 19
18 36
18 36
21 34
21 34
23 31
23 31
26 31
26 31
27 30
27 30
27 47
27 47
28 29
29 44
29 44
28 45
28 45
29 42
29 42
29 44
29 44
32 48
32 48
33 37
33 37
33 41
33 41
34 39
34 39
36 49
36 49
38 46
38 46
38 47
38 47
42 46
42 46
