106 106 1006
26
28
79
83
54
23
70
97
72
50
64
72
98
57
77
15
95
0
7
0
9
82
78
4
88
81
34
30
34
38
47
75
87
43
25
66
65
66
39
84
3
2
96
44
63
48
41
11
37
61
1
61
40
14
45
62
8
36
49
69
29
32
80
67
18
51
18
21
17
21
53
86
24
46
20
93
60
5
92
56
19
76
22
6
55
12
73
27
85
90
89
35
42
13
74
99
33
94
52
91
68
16
31
71
59
58
26 28
28 79
79 83
54 83
23 54
23 70
70 97
72 97
50 72
50 64
64 72
72 98
57 98
57 77
15 77
15 95
0 95
0 7
0 7
0 9
9 82
78 82
4 78
4 88
81 88
34 81
30 34
30 34
34 38
38 47
47 75
75 87
43 87
25 43
25 66
65 66
65 66
39 66
39 84
3 84
2 3
2 96
44 96
44 63
48 63
41 48
11 41
11 37
37 61
1 61
1 61
40 61
14 40
14 45
45 62
8 62
8 36
36 49
49 69
29 69
29 32
32 80
67 80
18 67
18 51
18 51
18 21
17 21
17 21
21 53
53 86
24 86
24 46
20 46
20 93
60 93
5 60
5 92
56 92
19 56
19 76
22 76
6 22
6 55
12 55
12 73
27 73
27 85
85 90
89 90
35 89
35 42
13 42
13 74
74 99
33 99
33 94
52 94
52 91
68 91
16 68
16 31
31 71
59 71
58 59
26 58
