67 67 1703
63
4
23
55
80
32
67
32
54
55
77
35
39
55
65
16
15
30
15
16
38
41
70
25
12
97
21
87
40
68
17
94
31
47
19
88
18
72
64
91
83
29
24
2
57
18
37
45
12
92
13
53
95
42
3
20
50
44
6
44
6
44
6
60
9
66
49
4 63
4 23
23 55
55 80
32 80
32 67
32 67
32 54
54 55
55 77
35 77
35 39
39 55
55 65
16 65
15 16
15 30
15 30
15 16
16 38
38 41
41 70
25 70
12 25
12 97
21 97
21 87
40 87
40 68
17 68
17 94
31 94
31 47
19 47
19 88
18 88
18 72
64 72
64 91
83 91
29 83
24 29
2 24
2 57
18 57
18 37
37 45
12 45
12 92
13 92
13 53
53 95
42 95
3 42
3 20
20 50
44 50
6 44
6 44
6 44
6 44
6 44
6 60
9 60
9 66
49 66
49 63
