54 54 2769
98
85
82
104
169
114
129
94
29
149
86
146
154
128
167
80
52
23
83
1
73
107
110
47
112
163
119
45
125
108
113
116
19
59
24
131
195
130
87
33
42
103
65
126
90
34
118
35
137
117
95
168
105
63
85 98
82 85
82 104
104 169
114 169
114 129
94 129
29 94
29 149
86 149
86 146
146 154
128 154
128 167
80 167
52 80
23 52
23 83
1 83
1 73
73 107
107 110
47 110
47 112
112 163
119 163
45 119
45 125
108 125
108 113
113 116
19 116
19 59
24 59
24 131
131 195
130 195
87 130
33 87
33 42
42 103
65 103
65 126
90 126
34 90
34 118
35 118
35 137
117 137
95 117
95 168
105 168
63 105
63 98
