100 100 1102
0
1
2
3
4
5
6
7
8
9
10
11
12
13
14
15
16
17
18
19
20
21
22
23
24
25
26
27
28
29
30
31
32
33
34
35
36
37
38
39
40
41
42
43
44
45
46
47
48
49
50
51
52
53
54
55
56
57
58
59
60
61
62
63
64
65
66
67
68
69
70
71
72
73
74
75
76
77
78
79
80
81
82
83
84
85
86
87
88
89
90
91
92
93
94
95
96
97
98
99
0 11
0 72
1 82
1 93
2 68
2 76
3 45
3 92
4 16
4 17
5 20
5 32
6 74
6 89
7 10
7 24
8 56
8 96
9 21
9 62
10 95
11 96
12 54
12 71
13 24
13 84
14 20
14 73
15 25
15 86
16 58
17 61
18 72
18 75
19 60
19 87
21 62
22 35
22 92
23 77
23 80
25 44
26 30
26 31
27 35
27 39
28 61
28 99
29 43
29 71
30 46
31 84
32 57
33 55
33 87
34 37
34 67
36 39
36 94
37 81
38 47
38 58
40 70
40 78
41 46
41 53
42 51
42 78
43 64
44 48
45 85
47 68
48 83
49 59
49 88
50 90
50 98
51 73
52 93
52 95
53 70
54 91
55 82
56 86
57 83
59 60
63 66
63 79
64 89
65 77
65 80
66 88
67 81
69 74
69 97
75 79
76 99
85 94
90 91
97 98
