96 96 928
0
1
2
3
4
5
6
7
8
9
10
11
12
13
14
15
16
18
19
20
21
22
23
24
25
26
27
28
29
30
31
32
33
34
35
36
37
38
39
40
41
42
43
44
45
46
47
48
49
50
51
52
53
54
55
56
57
58
59
60
61
62
63
64
65
66
67
68
69
70
71
72
75
76
77
78
79
80
81
82
83
84
85
86
87
89
90
91
92
93
94
95
96
97
98
99
0 38
0 68
1 4
1 31
2 91
2 99
3 28
3 46
4 94
5 12
5 53
6 48
6 58
7 20
7 21
8 13
8 50
9 67
9 71
10 34
10 60
11 19
11 75
12 36
13 53
14 16
14 87
15 24
15 92
16 23
18 40
18 80
19 41
20 34
21 57
22 38
22 72
23 87
24 97
25 66
25 83
26 56
26 62
27 76
27 93
28 66
29 50
29 81
30 59
30 67
31 82
32 49
32 77
33 37
33 79
35 64
35 78
36 65
37 98
39 64
39 98
40 80
41 75
42 47
42 96
43 77
43 93
44 59
44 85
45 63
45 65
46 83
47 76
48 90
49 84
51 57
51 60
52 89
52 95
54 62
54 86
55 56
55 69
58 79
61 68
61 72
63 69
70 82
70 94
71 99
78 89
81 95
84 96
85 91
86 90
92 97
