96 96 906
0
1
2
3
4
5
6
7
8
9
10
11
12
13
14
15
17
18
19
20
21
22
23
26
27
28
30
31
32
33
34
35
36
37
38
39
40
41
42
43
44
45
46
47
48
49
50
51
52
53
54
55
56
57
58
59
60
61
62
63
64
65
66
67
68
69
70
71
72
73
74
75
76
77
78
79
80
81
82
83
84
85
86
87
88
89
90
91
92
93
94
95
96
97
98
99
0 23
0 77
1 62
1 75
2 32
2 85
3 22
3 70
4 87
4 93
5 27
5 38
6 20
6 75
7 37
7 69
8 88
8 92
9 21
9 48
10 36
10 71
11 47
11 81
12 31
12 84
13 43
13 46
14 33
14 93
15 30
15 41
17 95
17 97
18 70
18 98
19 47
19 86
20 63
21 68
22 55
23 60
26 52
26 73
27 33
28 62
28 66
30 40
31 98
32 59
34 58
34 67
35 55
35 71
36 38
37 83
39 42
39 72
40 49
41 99
42 87
43 46
44 51
44 56
45 61
45 91
48 96
49 99
50 54
50 80
51 97
52 59
53 65
53 76
54 89
56 82
57 79
57 80
58 67
60 77
61 91
63 66
64 74
64 96
65 76
68 85
69 83
72 95
73 86
74 94
78 81
78 90
79 90
82 94
84 89
88 92
