99 99 906
0
1
2
3
4
5
6
7
8
9
10
11
12
13
14
15
16
17
19
20
21
22
23
24
25
26
27
28
29
30
31
32
33
34
35
36
37
38
39
40
41
42
43
44
45
46
47
48
49
50
51
52
53
54
55
56
57
58
59
60
61
62
63
64
65
66
67
68
69
70
71
72
73
74
75
76
77
78
79
80
81
82
83
84
85
86
87
88
89
90
91
92
93
94
95
96
97
98
99
0 29
0 61
1 4
1 67
2 13
2 57
3 73
3 97
4 45
5 24
5 45
6 19
6 53
7 44
7 62
8 47
8 90
9 46
9 89
10 65
10 75
11 39
11 56
12 58
12 71
13 69
14 39
14 63
15 80
15 95
16 34
16 88
17 41
17 82
19 53
20 62
20 68
21 77
21 94
22 33
22 64
23 49
23 72
24 95
25 87
25 92
26 38
26 64
27 71
27 85
28 31
28 78
29 98
30 60
30 92
31 66
32 52
32 83
33 93
34 96
35 57
35 84
36 51
36 52
37 78
37 85
38 84
40 47
40 91
41 82
42 58
42 76
43 59
43 79
44 67
46 74
48 56
48 81
49 89
50 60
50 70
51 87
54 77
54 94
55 61
55 91
59 93
63 81
65 75
66 86
68 80
69 98
70 99
72 86
73 79
74 90
76 88
83 99
96 97
