197 197 1446
0
1
2
3
4
5
6
7
8
9
10
11
12
13
14
15
16
17
18
19
20
21
22
23
24
25
26
27
29
30
31
32
33
34
35
36
37
38
39
40
41
42
43
44
45
46
47
48
49
50
51
52
53
54
55
56
57
58
59
60
61
62
63
64
65
66
67
68
69
70
71
72
73
74
75
76
77
78
79
80
81
82
83
84
85
86
87
88
89
90
91
92
93
94
95
96
97
98
99
100
101
102
103
104
105
107
108
109
110
111
112
113
114
115
116
117
118
119
120
121
122
123
124
125
126
127
128
129
130
131
132
133
134
135
136
137
138
139
140
141
142
143
144
145
146
147
148
149
150
151
152
153
154
155
156
157
158
159
160
161
162
163
164
165
166
167
168
169
170
171
172
173
174
175
176
177
178
179
180
182
183
184
185
186
187
188
189
190
191
192
193
194
195
196
197
198
199
0 73
0 137
1 9
1 121
2 156
2 158
3 113
3 169
4 118
4 134
5 103
5 189
6 83
6 119
7 120
7 157
8 23
8 149
9 91
10 59
10 141
11 57
11 166
12 112
12 153
13 116
13 160
14 151
14 169
15 124
15 143
16 39
16 79
17 93
17 115
18 163
18 176
19 87
19 195
20 184
20 187
21 126
21 174
22 98
22 198
23 199
24 135
24 179
25 49
25 129
26 54
26 164
27 81
27 138
29 51
29 162
30 47
30 185
31 61
31 145
32 50
32 193
33 36
33 146
34 146
34 199
35 128
35 149
36 81
37 53
37 142
38 80
38 177
39 173
40 63
40 161
41 64
41 133
42 160
42 171
43 150
43 180
44 94
44 124
45 101
45 186
46 131
46 163
47 85
48 60
48 174
49 115
50 184
51 109
52 55
52 67
53 144
54 147
55 117
56 90
56 198
57 90
58 101
58 114
59 141
60 70
61 100
62 75
62 125
63 136
64 133
65 116
65 159
66 145
66 197
67 177
68 122
68 168
69 99
69 108
70 131
71 75
71 86
72 84
72 107
73 191
74 103
74 153
76 82
76 136
77 109
77 127
78 97
78 186
79 173
80 172
82 161
83 119
84 87
85 137
86 125
88 114
88 188
89 154
89 165
91 182
92 130
92 152
93 150
94 111
95 102
95 110
96 165
96 189
97 175
98 122
99 187
100 172
102 110
104 139
104 162
105 154
105 167
107 195
108 120
111 167
112 148
113 196
117 123
118 134
121 178
123 175
126 196
127 168
128 183
129 180
130 194
132 156
132 158
135 179
138 178
139 183
140 155
140 192
142 144
143 166
147 164
148 193
151 176
152 194
155 192
157 182
159 190
170 191
170 197
171 190
185 188
