195 195 2021
0
1
2
3
4
5
6
7
8
9
10
11
12
13
14
15
16
17
18
19
20
21
22
23
24
25
26
27
28
29
30
31
32
33
34
35
36
37
38
39
40
41
42
43
44
45
46
47
48
49
50
51
52
53
54
55
56
57
58
59
60
61
62
63
64
65
66
67
68
69
70
71
72
73
74
75
76
77
78
79
80
81
82
83
84
85
86
87
88
90
91
92
93
94
95
96
97
99
100
101
102
103
104
105
106
107
108
109
110
111
112
113
114
115
116
117
119
120
121
122
123
124
125
126
127
128
129
130
131
132
133
134
135
136
137
138
139
140
141
142
143
144
145
146
147
148
149
150
151
152
153
154
155
156
157
158
159
160
161
162
163
164
165
166
167
168
169
170
171
173
174
175
176
178
179
180
181
182
183
184
185
186
187
188
189
190
191
192
193
194
195
196
197
198
199
0 24
0 34
1 18
1 183
2 43
2 90
3 117
3 130
4 142
4 169
5 23
5 111
6 53
6 54
7 9
7 23
8 79
8 168
9 51
10 36
10 195
11 173
11 184
12 90
12 109
13 160
13 189
14 20
14 191
15 130
15 193
16 92
16 97
17 103
17 161
18 60
19 73
19 84
20 115
21 139
21 189
22 107
22 140
24 129
25 37
25 194
26 91
26 138
27 127
27 157
28 105
28 159
29 76
29 164
30 113
30 122
31 51
31 106
32 83
32 120
33 123
33 138
34 190
35 173
35 190
36 128
37 114
38 124
38 187
39 50
39 131
40 61
40 74
41 112
41 150
42 64
42 197
43 63
44 86
44 116
45 100
45 144
46 73
46 133
47 101
47 168
48 151
48 185
49 95
49 109
50 188
52 152
52 196
53 54
55 125
55 127
56 99
56 162
57 77
57 86
58 176
58 179
59 66
59 178
60 185
61 74
62 83
62 191
63 69
64 165
65 70
65 124
66 115
67 121
67 126
68 145
68 171
69 145
70 149
71 102
71 197
72 110
72 140
75 82
75 149
76 128
77 81
78 113
78 180
79 132
80 129
80 133
81 143
82 103
84 99
85 183
85 198
87 94
87 96
88 121
88 175
91 137
92 101
93 170
93 199
94 148
95 174
96 108
97 154
100 106
102 142
104 136
104 160
105 166
107 176
108 170
110 152
111 193
112 144
114 194
116 164
117 141
119 134
119 186
120 182
122 151
123 135
125 139
126 199
131 188
132 146
134 186
135 137
136 192
141 167
143 169
146 147
147 163
148 175
150 158
153 162
153 180
154 156
155 182
155 198
156 167
157 196
158 174
159 166
161 165
163 195
171 192
178 179
181 184
181 187
