100 100 1720
0
1
2
3
4
5
6
7
8
9
10
11
12
13
14
15
16
17
18
19
20
21
22
23
24
25
26
27
28
29
30
31
32
33
34
35
36
37
38
39
40
41
42
43
44
45
46
47
48
49
50
51
52
53
54
55
56
57
58
59
60
61
62
63
64
65
66
67
68
69
70
71
72
73
74
75
76
77
78
79
80
81
82
83
84
85
86
87
88
89
90
91
92
93
94
95
96
97
98
99
0 97
0 99
1 80
1 86
2 28
2 54
3 15
3 98
4 36
4 67
5 24
5 32
6 71
6 74
7 63
7 80
8 33
8 47
9 21
9 92
10 17
10 81
11 31
11 42
12 20
12 26
13 60
13 62
14 25
14 33
15 23
16 28
16 46
17 39
18 53
18 64
19 42
19 68
20 83
21 38
22 44
22 76
23 61
24 88
25 38
26 58
27 86
27 87
29 66
29 78
30 32
30 85
31 89
34 54
34 94
35 63
35 66
36 39
37 49
37 76
40 84
40 91
41 43
41 70
43 82
44 46
45 50
45 81
47 98
48 56
48 73
49 99
50 92
51 72
51 82
52 56
52 74
53 95
55 78
55 85
57 79
57 95
58 88
59 67
59 94
60 75
61 77
62 90
64 72
65 75
65 93
68 69
69 73
70 96
71 90
77 89
79 84
83 91
87 93
96 97
