100 100 990
0
1
2
3
4
5
6
7
8
9
10
11
12
13
14
15
16
17
18
19
20
21
22
23
24
25
26
27
28
29
30
31
32
33
34
35
36
37
38
39
40
41
42
43
44
45
46
47
48
49
50
51
52
53
54
55
56
57
58
59
60
61
62
63
64
65
66
67
68
69
70
71
72
73
74
75
76
77
78
79
80
81
82
83
84
85
86
87
88
89
90
91
92
93
94
95
96
97
98
99
0 14
0 67
1 30
1 42
2 20
2 85
3 39
3 70
4 62
4 96
5 87
5 88
6 80
6 93
7 85
7 94
8 41
8 79
9 18
9 70
10 12
10 47
11 26
11 51
12 40
13 26
13 74
14 19
15 27
15 81
16 55
16 59
17 63
17 66
18 22
19 40
20 25
21 39
21 45
22 23
23 92
24 63
24 98
25 79
27 72
28 66
28 91
29 81
29 94
30 98
31 56
31 86
32 50
32 75
33 77
33 86
34 35
34 65
35 55
36 61
36 77
37 46
37 84
38 56
38 75
41 83
42 83
43 90
43 95
44 71
44 89
45 78
46 73
47 96
48 74
48 80
49 52
49 69
50 73
51 53
52 58
53 68
54 91
54 97
57 92
57 95
58 68
59 90
60 82
60 97
61 82
62 72
64 88
64 99
65 89
67 76
69 84
71 76
78 99
87 93
