100 100 1085
0
1
2
3
4
5
6
7
8
9
10
11
12
13
14
15
16
17
18
19
20
21
22
23
24
25
26
27
28
29
30
31
32
33
34
35
36
37
38
39
40
41
42
43
44
45
46
47
48
49
50
51
52
53
54
55
56
57
58
59
60
61
62
63
64
65
66
67
68
69
70
71
72
73
74
75
76
77
78
79
80
81
82
83
84
85
86
87
88
89
90
91
92
93
94
95
96
97
98
99
0 69
0 92
1 9
1 62
2 36
2 72
3 77
3 85
4 22
4 80
5 20
5 89
6 69
6 71
7 68
7 98
8 35
8 36
9 23
10 44
10 64
11 14
11 30
12 86
12 96
13 17
13 41
14 83
15 43
15 48
16 28
16 92
17 24
18 51
18 76
19 26
19 73
20 30
21 40
21 49
22 80
23 87
24 87
25 64
25 70
26 97
27 65
27 85
28 48
29 97
29 98
31 42
31 66
32 43
32 99
33 57
33 65
34 50
34 59
35 68
37 47
37 77
38 60
38 91
39 66
39 96
40 55
41 60
42 54
44 84
45 75
45 78
46 81
46 94
47 78
49 90
50 93
51 73
52 61
52 79
53 67
53 81
54 76
55 70
56 84
56 90
57 99
58 63
58 74
59 82
61 75
62 91
63 95
67 94
71 79
72 88
74 95
82 93
83 89
86 88
