55 55 1101
47
57
54
37
40
66
77
92
52
45
50
29
49
64
7
2
51
25
80
41
79
33
38
94
39
55
91
61
74
34
32
71
59
48
81
99
31
84
19
46
67
87
42
76
13
12
44
15
60
83
20
36
98
82
21
47 57
54 57
37 54
37 40
40 66
66 77
77 92
52 92
45 52
45 50
29 50
29 49
49 64
7 64
2 7
2 51
25 51
25 80
41 80
41 79
33 79
33 38
38 94
39 94
39 55
55 91
61 91
61 74
34 74
32 34
32 71
59 71
48 59
48 81
81 99
31 99
31 84
19 84
19 46
46 67
67 87
42 87
42 76
13 76
12 13
12 44
15 44
15 60
60 83
20 83
20 36
36 98
82 98
21 82
21 47
