100 100 989
0
1
2
3
4
5
6
7
8
9
10
11
12
13
14
15
16
17
18
19
20
21
22
23
24
25
26
27
28
29
30
31
32
33
34
35
36
37
38
39
40
41
42
43
44
45
46
47
48
49
50
51
52
53
54
55
56
57
58
59
60
61
62
63
64
65
66
67
68
69
70
71
72
73
74
75
76
77
78
79
80
81
82
83
84
85
86
87
88
89
90
91
92
93
94
95
96
97
98
99
0 40
0 67
1 3
1 56
2 4
2 58
3 56
4 72
5 64
5 92
6 37
6 53
7 48
7 64
8 25
8 67
9 27
9 94
10 54
10 61
11 20
11 83
12 53
12 73
13 65
13 83
14 66
14 92
15 20
15 39
16 42
16 43
17 24
17 57
18 74
18 86
19 66
19 69
21 85
21 88
22 59
22 98
23 93
23 99
24 30
25 50
26 31
26 40
27 94
28 46
28 47
29 72
29 90
30 90
31 46
32 34
32 76
33 60
33 93
34 91
35 39
35 42
36 47
36 91
37 74
38 71
38 84
41 55
41 59
43 52
44 51
44 58
45 60
45 61
48 69
49 62
49 96
50 70
51 80
52 82
54 99
55 95
57 62
63 95
63 97
65 86
68 77
68 81
70 96
71 84
73 98
75 78
75 79
76 82
77 81
78 89
79 89
80 97
85 87
87 88
