113 113 1404
78
64
48
14
19
89
35
95
35
15
4
63
30
67
79
3
74
3
31
53
51
62
23
40
98
70
83
8
77
2
99
2
27
87
90
68
69
93
76
94
76
72
47
60
21
32
61
37
81
22
0
55
17
96
16
38
24
6
42
80
59
75
28
73
65
11
97
45
97
82
97
56
25
58
43
71
44
71
26
29
85
18
13
34
36
33
57
39
5
9
49
52
12
20
5
92
1
54
10
66
50
85
29
88
91
84
46
84
91
84
41
86
7
64 78
48 64
14 48
14 19
19 89
35 89
35 95
35 95
15 35
4 15
4 63
30 63
30 67
67 79
3 79
3 74
3 74
3 31
31 53
51 53
51 62
23 62
23 40
40 98
70 98
70 83
8 83
8 77
2 77
2 99
2 99
2 27
27 87
87 90
68 90
68 69
69 93
76 93
76 94
76 94
72 76
47 72
47 60
21 60
21 32
32 61
37 61
37 81
22 81
0 22
0 55
17 55
17 96
16 96
16 38
24 38
6 24
6 42
42 80
59 80
59 75
28 75
28 73
65 73
11 65
11 97
45 97
45 97
82 97
82 97
56 97
25 56
25 58
43 58
43 71
44 71
44 71
26 71
26 29
29 85
18 85
13 18
13 34
34 36
33 36
33 57
39 57
5 39
5 9
9 49
49 52
12 52
12 20
5 20
5 92
1 92
1 54
10 54
10 66
50 66
50 85
29 85
29 88
88 91
84 91
46 84
46 84
84 91
84 91
41 84
41 86
7 86
7 78
