100 100 1551
0
1
2
3
4
5
6
7
8
9
10
11
12
13
14
15
16
17
18
19
20
21
22
23
24
25
26
27
28
29
30
31
32
33
34
35
36
37
38
39
40
41
42
43
44
45
46
47
48
49
50
51
52
53
54
55
56
57
58
59
60
61
62
63
64
65
66
67
68
69
70
71
72
73
74
75
76
77
78
79
80
81
82
83
84
85
86
87
88
89
90
91
92
93
94
95
96
97
98
99
0 48
0 60
1 40
1 56
2 66
2 91
3 68
3 87
4 5
4 6
5 23
6 16
7 42
7 50
8 39
8 79
9 25
9 81
10 29
10 59
11 48
11 60
12 36
12 72
13 78
13 93
14 37
14 99
15 55
15 89
16 74
17 45
17 97
18 26
18 39
19 24
19 61
20 38
20 84
21 53
21 71
22 43
22 58
23 92
24 46
25 40
26 53
27 34
27 97
28 62
28 87
29 51
30 75
30 99
31 32
31 83
32 33
33 74
34 95
35 38
35 84
36 41
37 45
41 50
42 54
43 81
44 47
44 82
46 69
47 85
49 69
49 70
51 73
52 65
52 91
54 76
55 75
56 63
57 58
57 90
59 79
61 71
62 72
63 64
64 94
65 98
66 86
67 82
67 96
68 73
70 96
76 85
77 80
77 83
78 88
80 90
86 98
88 89
92 95
93 94
