107 107 2362
133
127
81
84
55
59
94
70
80
75
167
16
29
116
61
92
38
29
104
46
172
89
136
84
98
134
97
5
10
77
107
156
88
177
82
140
195
0
83
44
87
137
123
24
73
28
73
119
71
175
33
179
50
115
43
51
65
85
72
67
45
117
168
40
99
194
99
47
131
146
58
95
17
11
101
74
147
126
22
79
49
182
110
132
102
157
103
48
118
76
138
64
125
37
178
100
143
187
4
23
14
105
108
154
156
181
159
127 133
81 127
81 84
55 84
55 59
59 94
70 94
70 80
75 80
75 167
16 167
16 29
29 116
61 116
61 92
38 92
29 38
29 104
46 104
46 172
89 172
89 136
84 136
84 98
98 134
97 134
5 97
5 10
10 77
77 107
107 156
88 156
88 177
82 177
82 140
140 195
0 195
0 83
44 83
44 87
87 137
123 137
24 123
24 73
28 73
28 73
73 119
71 119
71 175
33 175
33 179
50 179
50 115
43 115
43 51
51 65
65 85
72 85
67 72
45 67
45 117
117 168
40 168
40 99
99 194
99 194
47 99
47 131
131 146
58 146
58 95
17 95
11 17
11 101
74 101
74 147
126 147
22 126
22 79
49 79
49 182
110 182
110 132
102 132
102 157
103 157
48 103
48 118
76 118
76 138
64 138
64 125
37 125
37 178
100 178
100 143
143 187
4 187
4 23
14 23
14 105
105 108
108 154
154 156
156 181
159 181
133 159
