200 200 1914
0
1
2
3
4
5
6
7
8
9
10
11
12
13
14
15
16
17
18
19
20
21
22
23
24
25
26
27
28
29
30
31
32
33
34
35
36
37
38
39
40
41
42
43
44
45
46
47
48
49
50
51
52
53
54
55
56
57
58
59
60
61
62
63
64
65
66
67
68
69
70
71
72
73
74
75
76
77
78
79
80
81
82
83
84
85
86
87
88
89
90
91
92
93
94
95
96
97
98
99
100
101
102
103
104
105
106
107
108
109
110
111
112
113
114
115
116
117
118
119
120
121
122
123
124
125
126
127
128
129
130
131
132
133
134
135
136
137
138
139
140
141
142
143
144
145
146
147
148
149
150
151
152
153
154
155
156
157
158
159
160
161
162
163
164
165
166
167
168
169
170
171
172
173
174
175
176
177
178
179
180
181
182
183
184
185
186
187
188
189
190
191
192
193
194
195
196
197
198
199
0 50
0 172
1 76
1 118
2 125
2 187
3 18
3 108
4 13
4 20
5 12
5 195
6 39
6 46
7 41
7 158
8 32
8 188
9 105
9 109
10 129
10 135
11 61
11 115
12 156
13 46
14 15
14 154
15 121
16 44
16 55
17 152
17 155
18 121
19 54
19 185
20 173
21 73
21 126
22 78
22 143
23 136
23 173
24 30
24 117
25 92
25 142
26 57
26 106
27 48
27 178
28 87
28 90
29 147
29 195
30 110
31 65
31 95
32 148
33 38
33 123
34 83
34 146
35 84
35 146
36 128
36 197
37 119
37 160
38 149
39 136
40 100
40 149
41 112
42 43
42 44
43 116
45 106
45 144
47 73
47 144
48 71
49 64
49 70
50 88
51 102
51 168
52 72
52 117
53 179
53 183
54 66
55 56
56 63
57 182
58 110
58 138
59 132
59 184
60 80
60 120
61 122
62 162
62 180
63 90
64 167
65 66
67 82
67 104
68 86
68 139
69 158
69 163
70 141
71 109
72 198
74 128
74 168
75 120
75 156
76 161
77 89
77 134
78 150
79 119
79 125
80 185
81 100
81 141
82 191
83 181
84 183
85 99
85 107
86 137
87 155
88 97
89 98
91 127
91 161
92 196
93 95
93 170
94 176
94 189
96 145
96 150
97 172
98 105
99 111
101 177
101 193
102 133
103 131
103 159
104 191
107 130
108 138
111 130
112 122
113 175
113 181
114 127
114 166
115 152
116 174
118 157
123 160
124 159
124 190
126 153
129 151
131 148
132 139
133 154
134 169
135 199
137 184
140 165
140 186
142 196
143 157
145 198
147 178
151 194
153 182
162 164
163 171
164 180
165 192
166 167
169 192
170 175
171 188
174 193
176 189
177 190
179 186
187 197
194 199
