100 100 1370
0
1
2
3
4
5
6
7
8
9
10
11
12
13
14
15
16
17
18
19
20
21
22
23
24
25
26
27
28
29
30
31
32
33
34
35
36
37
38
39
40
41
42
43
44
45
46
47
48
49
50
51
52
53
54
55
56
57
58
59
60
61
62
63
64
65
66
67
68
69
70
71
72
73
74
75
76
77
78
79
80
81
82
83
84
85
86
87
88
89
90
91
92
93
94
95
96
97
98
99
0 20
0 38
1 29
1 94
2 80
2 97
3 18
3 69
4 10
4 79
5 63
5 82
6 58
6 91
7 12
7 64
8 43
8 48
9 44
9 90
10 18
11 26
11 50
12 37
13 87
13 93
14 45
14 60
15 68
15 77
16 19
16 65
17 22
17 47
19 56
20 37
21 74
21 98
22 27
23 40
23 84
24 32
24 89
25 56
25 72
26 47
27 48
28 66
28 73
29 93
30 71
30 96
31 57
31 98
32 88
33 34
33 62
34 39
35 68
35 79
36 49
36 81
38 67
39 55
40 96
41 65
41 76
42 51
42 86
43 61
44 95
45 77
46 50
46 54
49 78
51 75
52 59
52 84
53 76
53 83
54 69
55 70
57 71
58 94
59 95
60 83
61 99
62 85
63 92
64 72
66 74
67 89
70 87
73 81
75 97
78 92
80 90
82 88
85 91
86 99
