199 199 1223
0
1
2
3
4
5
6
7
8
9
10
11
12
13
14
15
16
17
18
19
20
21
22
23
24
25
26
27
28
29
30
31
32
33
34
35
37
38
39
40
41
42
43
44
45
46
47
48
49
50
51
52
53
54
55
56
57
58
59
60
61
62
63
64
65
66
67
68
69
70
71
72
73
74
75
76
77
78
79
80
81
82
83
84
85
86
87
88
89
90
91
92
93
94
95
96
97
98
99
100
101
102
103
104
105
106
107
108
109
110
111
112
113
114
115
116
117
118
119
120
121
122
123
124
125
126
127
128
129
130
131
132
133
134
135
136
137
138
139
140
141
142
143
144
145
146
147
148
149
150
151
152
153
154
155
156
157
158
159
160
161
162
163
164
165
166
167
168
169
170
171
172
173
174
175
176
177
178
179
180
181
182
183
184
185
186
187
188
189
190
191
192
193
194
195
196
197
198
199
0 38
0 83
1 83
1 185
2 155
2 197
3 35
3 50
4 74
4 192
5 98
5 119
6 56
6 100
7 113
7 120
8 28
8 67
9 126
9 136
10 26
10 87
11 59
11 194
12 22
12 60
13 73
13 146
14 76
14 106
15 16
15 82
16 84
17 87
17 196
18 72
18 79
19 48
19 127
20 37
20 103
21 42
21 132
22 154
23 141
23 190
24 33
24 104
25 122
25 124
26 160
27 78
27 86
28 188
29 151
29 199
30 72
30 95
31 178
31 190
32 73
32 145
33 102
34 162
34 179
35 88
37 168
38 171
39 40
39 144
40 183
41 81
41 176
42 92
43 70
43 160
44 92
44 121
45 75
45 116
46 107
46 135
47 129
47 158
48 163
49 180
49 198
50 62
51 91
51 187
52 82
52 139
53 77
53 145
54 164
54 177
55 65
55 80
56 139
57 113
57 130
58 93
58 94
59 114
60 105
61 71
61 178
62 88
63 164
63 177
64 81
64 176
65 130
66 156
66 174
67 103
68 69
68 125
69 98
70 196
71 109
74 111
75 173
76 91
77 147
78 86
79 95
80 102
84 119
85 125
85 172
89 128
89 138
90 107
90 155
93 141
94 179
96 99
96 175
97 100
97 189
99 193
101 157
101 180
104 165
105 148
106 142
108 117
108 161
109 149
110 120
110 129
111 162
112 148
112 156
114 163
115 171
115 192
116 173
117 123
118 140
118 197
121 138
122 146
123 161
124 184
126 153
127 169
128 132
131 187
131 189
133 134
133 182
134 158
135 140
136 184
137 166
137 198
142 153
143 150
143 191
144 182
147 159
149 185
150 170
151 199
152 157
152 169
154 159
165 167
166 186
167 168
170 191
172 195
174 188
175 193
181 183
181 186
194 195
