93 93 1344
0
1
2
3
4
6
9
10
11
12
13
14
15
16
17
18
19
21
22
23
25
26
27
28
29
30
31
32
33
34
35
36
37
38
39
40
41
42
44
45
46
47
48
49
50
51
52
53
54
55
56
57
58
59
60
61
62
63
64
65
66
67
68
69
70
71
72
73
74
75
76
77
78
79
80
81
82
83
84
85
86
87
88
89
90
91
92
93
94
95
96
98
99
0 12
0 68
1 42
1 69
2 48
2 81
3 13
3 41
4 10
4 85
6 27
6 91
9 39
9 75
10 31
11 44
11 85
12 38
13 92
14 35
14 44
15 19
15 47
16 34
16 39
17 29
17 82
18 22
18 87
19 86
21 61
21 95
22 92
23 28
23 62
25 56
25 73
26 74
26 89
27 54
28 42
29 80
30 52
30 64
31 71
32 46
32 59
33 76
33 90
34 37
35 77
36 52
36 84
37 45
38 41
40 93
40 94
45 94
46 57
47 66
48 81
49 72
49 75
50 76
50 90
51 54
51 66
53 59
53 65
55 58
55 72
56 60
57 88
58 95
60 98
61 96
62 83
63 74
63 86
64 96
65 69
67 70
67 98
68 99
70 73
71 91
77 89
78 93
78 99
79 83
79 88
80 82
84 87
