200 200 1243
0
1
2
3
4
5
6
7
8
9
10
11
12
13
14
15
16
17
18
19
20
21
22
23
24
25
26
27
28
29
30
31
32
33
34
35
36
37
38
39
40
41
42
43
44
45
46
47
48
49
50
51
52
53
54
55
56
57
58
59
60
61
62
63
64
65
66
67
68
69
70
71
72
73
74
75
76
77
78
79
80
81
82
83
84
85
86
87
88
89
90
91
92
93
94
95
96
97
98
99
100
101
102
103
104
105
106
107
108
109
110
111
112
113
114
115
116
117
118
119
120
121
122
123
124
125
126
127
128
129
130
131
132
133
134
135
136
137
138
139
140
141
142
143
144
145
146
147
148
149
150
151
152
153
154
155
156
157
158
159
160
161
162
163
164
165
166
167
168
169
170
171
172
173
174
175
176
177
178
179
180
181
182
183
184
185
186
187
188
189
190
191
192
193
194
195
196
197
198
199
0 89
0 125
1 37
1 148
2 86
2 197
3 18
3 151
4 85
4 117
5 81
5 190
6 183
6 187
7 64
7 182
8 83
8 101
9 58
9 135
10 80
10 129
11 17
11 25
12 77
12 175
13 111
13 157
14 71
14 136
15 76
15 124
16 46
16 174
17 134
18 151
19 189
19 194
20 87
20 146
21 67
21 176
22 128
22 178
23 50
23 79
24 36
24 178
25 110
26 51
26 97
27 29
27 199
28 74
28 114
29 160
30 88
30 164
31 56
31 173
32 72
32 167
33 78
33 166
34 161
34 166
35 74
35 142
36 128
37 65
38 75
38 177
39 61
39 184
40 44
40 95
41 80
41 181
42 116
42 132
43 44
43 60
45 92
45 161
46 121
47 129
47 185
48 49
48 73
49 53
50 191
51 183
52 59
52 176
53 116
54 145
54 159
55 126
55 141
56 198
57 103
57 130
58 106
59 152
60 179
61 171
62 86
62 197
63 100
63 155
64 182
65 143
66 142
66 155
67 96
68 91
68 152
69 144
69 156
70 75
70 173
71 106
72 107
73 145
76 124
77 175
78 90
79 137
81 190
82 126
82 139
83 93
84 85
84 147
87 105
88 187
89 168
90 119
91 121
92 186
93 189
94 104
94 163
95 112
96 100
97 109
98 108
98 141
99 165
99 188
101 191
102 105
102 172
103 149
104 184
107 180
108 136
109 120
110 113
111 144
112 193
113 174
114 169
115 140
115 170
117 195
118 165
118 188
119 186
120 192
122 147
122 167
123 170
123 193
125 156
127 149
127 150
130 150
131 143
131 148
132 135
133 146
133 185
134 168
137 138
138 172
139 194
140 154
153 158
153 196
154 179
157 162
158 196
159 162
160 199
163 171
164 181
169 180
177 192
195 198
