194 194 1627
0
1
2
3
4
5
6
7
8
9
10
11
12
13
14
15
16
17
18
19
20
21
22
23
24
25
26
27
28
29
30
31
32
33
34
35
36
37
38
39
40
41
42
43
44
45
46
47
48
49
50
51
52
53
54
55
57
58
59
60
61
62
63
64
65
67
68
69
70
71
72
73
75
76
77
78
79
80
81
82
84
85
86
87
88
89
90
91
92
93
94
95
96
98
99
100
101
102
103
104
105
106
107
108
109
110
111
112
113
114
115
116
117
118
119
120
121
122
123
124
125
126
127
128
129
130
131
132
133
134
135
136
137
138
139
140
141
142
143
144
145
146
147
148
149
150
151
152
153
154
155
156
157
158
159
160
161
162
163
164
165
166
167
168
169
170
171
172
173
174
175
176
177
178
180
181
182
183
184
185
186
187
188
189
190
191
192
193
194
195
196
197
198
199
0 63
0 144
1 31
1 170
2 15
2 41
3 29
3 34
4 105
4 155
5 76
5 145
6 42
6 125
7 48
7 73
8 44
8 112
9 130
9 138
10 75
10 96
11 43
11 148
12 115
12 191
13 40
13 156
14 84
14 141
15 143
16 27
16 147
17 133
17 187
18 90
18 151
19 71
19 111
20 184
20 186
21 167
21 188
22 32
22 194
23 53
23 172
24 117
24 177
25 33
25 40
26 52
26 174
27 65
28 57
28 96
29 34
30 85
30 176
31 84
32 138
33 132
35 103
35 196
36 47
36 149
37 108
37 166
38 90
38 136
39 137
39 175
41 133
42 137
43 68
44 99
45 100
45 159
46 69
46 193
47 149
48 52
49 103
49 120
50 95
50 183
51 131
51 153
53 142
54 79
54 86
55 75
55 139
57 93
58 64
58 129
59 140
59 189
60 71
60 198
61 91
61 105
62 166
62 189
63 181
64 192
65 127
67 135
67 158
68 140
69 167
70 154
70 180
72 182
72 190
73 122
76 109
77 86
77 158
78 126
78 178
79 190
80 106
80 126
81 98
81 168
82 135
82 182
85 100
87 152
87 180
88 185
88 193
89 176
89 195
91 109
92 145
92 177
93 128
94 123
94 151
95 183
98 161
99 172
101 142
101 159
102 160
102 185
104 131
104 163
106 197
107 168
107 181
108 188
110 152
110 154
111 165
112 196
113 128
113 178
114 139
114 186
115 191
116 117
116 184
118 121
118 127
119 148
119 187
120 146
121 143
122 157
123 160
124 155
124 171
125 198
129 134
130 194
132 175
134 170
136 165
141 150
144 161
146 162
147 199
150 164
153 163
156 171
157 174
162 195
164 192
169 173
169 199
173 197
