68 68 1776
166
52
192
189
86
67
92
168
123
95
66
24
32
188
26
100
136
48
109
175
164
87
89
56
94
41
75
19
98
19
179
111
96
28
88
20
99
146
15
147
91
147
114
3
45
169
60
16
173
180
90
132
82
104
171
29
85
129
124
131
101
186
144
97
73
119
166
52
52 166
52 192
189 192
86 189
67 86
67 92
92 168
123 168
95 123
66 95
24 66
24 32
32 188
26 188
26 100
100 136
48 136
48 109
109 175
164 175
87 164
87 89
56 89
56 94
41 94
41 75
19 75
19 98
19 98
19 179
111 179
96 111
28 96
28 88
20 88
20 99
99 146
15 146
15 147
91 147
91 147
114 147
3 114
3 45
45 169
60 169
16 60
16 173
173 180
90 180
90 132
82 132
82 104
104 171
29 171
29 85
85 129
124 129
124 131
101 131
101 186
144 186
97 144
73 97
73 119
119 166
52 166
52 166
