100 100 1195
0
1
2
3
4
5
6
7
8
9
10
11
12
13
14
15
16
17
18
19
20
21
22
23
24
25
26
27
28
29
30
31
32
33
34
35
36
37
38
39
40
41
42
43
44
45
46
47
48
49
50
51
52
53
54
55
56
57
58
59
60
61
62
63
64
65
66
67
68
69
70
71
72
73
74
75
76
77
78
79
80
81
82
83
84
85
86
87
88
89
90
91
92
93
94
95
96
97
98
99
0 36
0 38
1 3
1 98
2 47
2 95
3 34
4 36
4 99
5 28
5 54
6 31
6 51
7 13
7 24
8 31
8 43
9 16
9 75
10 12
10 14
11 72
11 94
12 22
13 97
14 39
15 59
15 65
16 77
17 40
17 61
18 37
18 78
19 26
19 60
20 68
20 88
21 25
21 73
22 42
23 71
23 94
24 89
25 65
26 93
27 62
27 69
28 56
29 40
29 84
30 38
30 96
32 51
32 91
33 82
33 85
34 48
35 47
35 98
37 45
39 52
41 83
41 95
42 83
43 97
44 88
44 91
45 67
46 84
46 87
48 64
49 59
49 79
50 62
50 99
52 92
53 68
53 86
54 76
55 64
55 87
56 69
57 71
57 73
58 80
58 81
60 86
61 63
63 70
66 72
66 96
67 70
74 78
74 80
75 79
76 89
77 90
81 82
85 93
90 92
