61 61 1102
25
33
47
91
31
32
26
4
6
11
46
59
5
97
54
66
79
14
94
34
9
62
51
95
23
19
44
27
13
16
68
36
15
24
45
24
28
76
55
42
21
72
30
58
20
43
40
61
12
38
29
96
64
22
70
49
17
37
41
18
53
25 33
33 47
47 91
31 91
31 32
26 32
4 26
4 6
6 11
11 46
46 59
5 59
5 97
54 97
54 66
66 79
14 79
14 94
34 94
9 34
9 62
51 62
51 95
23 95
19 23
19 44
27 44
13 27
13 16
16 68
36 68
15 36
15 24
24 45
24 45
24 28
28 76
55 76
42 55
21 42
21 72
30 72
30 58
20 58
20 43
40 43
40 61
12 61
12 38
29 38
29 96
64 96
22 64
22 70
49 70
17 49
17 37
37 41
18 41
18 53
25 53
