97 97 1563
0
1
2
3
4
5
6
7
8
9
10
11
12
13
15
16
18
19
20
21
22
23
24
25
26
27
28
29
30
31
32
33
34
35
36
37
38
39
40
41
42
43
44
45
46
47
48
49
50
51
52
53
54
55
56
57
58
59
60
61
62
63
64
65
66
67
68
69
70
71
72
73
74
76
77
78
79
80
81
82
83
84
85
86
87
88
89
90
91
92
93
94
95
96
97
98
99
0 43
0 55
1 62
1 93
2 3
2 31
3 4
4 42
5 23
5 77
6 22
6 44
7 67
7 85
8 52
8 65
9 46
9 77
10 20
10 85
11 68
11 96
12 36
12 45
13 44
13 80
15 40
15 51
16 21
16 99
18 28
18 63
19 29
19 88
20 63
21 96
22 53
23 68
24 53
24 95
25 26
25 43
26 35
27 29
27 56
28 81
30 41
30 66
31 86
32 35
32 69
33 45
33 47
34 89
34 97
36 90
37 60
37 67
38 73
38 74
39 81
39 87
40 94
41 80
42 93
46 57
47 59
48 79
48 82
49 58
49 91
50 65
50 89
51 74
52 59
54 60
54 71
55 84
56 88
57 76
58 76
61 78
61 79
62 78
64 71
64 87
66 69
70 73
70 94
72 82
72 92
83 95
83 99
84 98
86 90
91 97
92 98
