Error code = 10013
Unable to write to file './output/N50D0.5K5T0P1.0/model.lp'

49 49 817
0
1
2
3
4
5
6
7
8
9
11
12
13
14
15
16
17
18
19
20
21
22
23
24
25
26
27
28
29
30
31
32
33
34
35
36
37
38
39
40
41
42
43
44
45
46
47
48
49
0 21
0 22
1 41
1 49
2 32
2 37
3 19
3 27
4 43
4 44
5 20
5 27
6 34
6 46
7 15
7 47
8 26
8 48
9 29
9 35
11 36
11 45
12 38
12 40
13 32
13 44
14 23
14 39
15 47
16 24
16 25
17 37
17 40
18 41
18 48
19 20
21 25
22 30
23 42
24 30
26 49
28 36
28 46
29 39
31 35
31 42
33 34
33 45
38 43
