110 110 1012
3
68
21
68
57
80
22
85
22
66
37
92
37
28
1
35
88
55
77
55
27
11
83
65
26
6
48
26
52
74
67
86
97
63
64
41
24
19
62
81
73
76
84
0
10
93
54
87
91
20
36
69
36
69
15
69
34
75
99
18
30
4
49
53
98
45
78
39
17
58
8
95
43
7
60
95
32
89
44
96
90
96
9
61
79
72
2
50
12
31
33
29
13
14
40
42
23
5
51
94
56
47
16
25
46
59
70
38
82
71
3 68
21 68
21 68
57 68
57 80
22 80
22 85
22 85
22 66
37 66
37 92
37 92
28 37
1 28
1 35
35 88
55 88
55 77
55 77
27 55
11 27
11 83
65 83
26 65
6 26
6 48
26 48
26 52
52 74
67 74
67 86
86 97
63 97
63 64
41 64
24 41
19 24
19 62
62 81
73 81
73 76
76 84
0 84
0 10
10 93
54 93
54 87
87 91
20 91
20 36
36 69
36 69
36 69
15 69
15 69
34 69
34 75
75 99
18 99
18 30
4 30
4 49
49 53
53 98
45 98
45 78
39 78
17 39
17 58
8 58
8 95
43 95
7 43
7 60
60 95
32 95
32 89
44 89
44 96
90 96
90 96
9 96
9 61
61 79
72 79
2 72
2 50
12 50
12 31
31 33
29 33
13 29
13 14
14 40
40 42
23 42
5 23
5 51
51 94
56 94
47 56
16 47
16 25
25 46
46 59
59 70
38 70
38 82
71 82
3 71
