117 117 1388
64
78
86
41
84
91
88
91
84
46
44
71
26
29
85
18
43
50
61
36
33
57
33
57
33
57
94
76
72
12
52
49
9
5
39
20
5
92
1
54
10
66
34
13
58
4
51
53
31
3
74
3
31
3
45
97
11
97
56
25
82
63
30
67
79
62
23
40
98
70
83
8
77
8
69
93
99
2
27
87
90
96
17
14
19
48
15
48
15
60
37
21
32
21
47
0
22
68
16
81
0
55
38
24
6
42
80
59
75
28
73
65
35
95
35
89
7
64 78
78 86
41 86
41 84
84 91
88 91
88 91
84 91
46 84
44 46
44 71
26 71
26 29
29 85
18 85
18 43
43 50
50 61
36 61
33 36
33 57
33 57
33 57
33 57
33 57
57 94
76 94
72 76
12 72
12 52
49 52
9 49
5 9
5 39
20 39
5 20
5 92
1 92
1 54
10 54
10 66
34 66
13 34
13 58
4 58
4 51
51 53
31 53
3 31
3 74
3 74
3 31
3 31
3 45
45 97
11 97
11 97
56 97
25 56
25 82
63 82
30 63
30 67
67 79
62 79
23 62
23 40
40 98
70 98
70 83
8 83
8 77
8 77
8 69
69 93
93 99
2 99
2 27
27 87
87 90
90 96
17 96
14 17
14 19
19 48
15 48
15 48
15 48
15 60
37 60
21 37
21 32
21 32
21 47
0 47
0 22
22 68
16 68
16 81
0 81
0 55
38 55
24 38
6 24
6 42
42 80
59 80
59 75
28 75
28 73
65 73
35 65
35 95
35 95
35 89
7 89
7 64
