94 94 1460
0
1
2
3
4
5
6
8
9
10
11
12
13
14
15
16
17
18
19
20
21
22
23
24
25
26
27
28
29
30
32
33
34
35
36
37
38
39
40
41
42
43
44
45
46
47
48
49
50
51
53
54
55
56
57
58
59
60
61
63
64
65
66
67
68
69
70
72
73
74
75
76
77
78
79
80
81
82
83
84
85
86
87
88
89
90
91
92
93
94
95
96
98
99
0 54
0 63
1 8
1 72
2 44
2 61
3 91
3 94
4 23
4 59
5 13
5 96
6 9
6 16
8 63
9 32
10 88
10 91
11 49
11 89
12 51
12 67
13 73
14 82
14 98
15 34
15 60
16 83
17 21
17 24
18 48
18 54
19 90
19 99
20 35
20 86
21 47
22 35
22 40
23 59
24 65
25 30
25 36
26 27
26 33
27 43
28 74
28 81
29 43
29 98
30 32
33 53
34 38
36 92
37 72
37 94
38 68
39 67
39 73
40 84
41 44
41 45
42 55
42 56
45 48
46 76
46 78
47 96
49 99
50 56
50 64
51 58
53 78
55 95
57 70
57 75
58 65
60 74
61 88
64 76
66 70
66 92
68 81
69 79
69 95
75 79
77 89
77 93
80 82
80 87
83 85
84 87
85 93
86 90
