100 100 1067
0
1
2
3
4
5
6
7
8
9
10
11
12
13
14
15
16
17
18
19
20
21
22
23
24
25
26
27
28
29
30
31
32
33
34
35
36
37
38
39
40
41
42
43
44
45
46
47
48
49
50
51
52
53
54
55
56
57
58
59
60
61
62
63
64
65
66
67
68
69
70
71
72
73
74
75
76
77
78
79
80
81
82
83
84
85
86
87
88
89
90
91
92
93
94
95
96
97
98
99
0 50
0 51
1 65
1 93
2 38
2 95
3 12
3 39
4 9
4 35
5 52
5 61
6 67
6 73
7 12
7 30
8 13
8 36
9 88
10 30
10 94
11 20
11 42
13 46
14 17
14 61
15 62
15 96
16 60
16 92
17 53
18 28
18 86
19 47
19 50
20 81
21 66
21 99
22 67
22 76
23 27
23 93
24 65
24 98
25 53
25 72
26 40
26 59
27 95
28 98
29 70
29 72
31 73
31 87
32 36
32 77
33 44
33 46
34 71
34 90
35 69
37 59
37 69
38 58
39 70
40 83
41 47
41 82
42 52
43 44
43 84
45 55
45 89
48 80
48 97
49 68
49 82
51 54
54 84
55 92
56 81
56 87
57 78
57 90
58 64
60 68
62 78
63 64
63 66
71 94
74 75
74 77
75 79
76 91
79 85
80 99
83 85
86 89
88 96
91 97
