50 100 629
0
1
2
3
4
5
6
7
8
9
10
11
12
13
14
15
16
17
18
19
20
21
22
23
24
25
26
27
28
29
30
31
32
33
34
35
36
37
38
39
40
41
42
43
44
45
46
47
48
49
0 36
0 36
0 37
0 37
1 5
1 5
1 22
1 22
2 24
2 24
2 40
2 40
3 4
3 4
3 42
3 42
4 25
4 25
5 44
5 44
6 7
6 7
6 35
6 35
7 41
7 41
8 14
8 14
8 27
8 27
9 13
9 13
9 42
9 42
10 43
10 43
10 47
10 47
11 16
11 16
11 27
11 27
12 32
12 32
12 37
12 37
13 24
13 24
14 31
14 31
15 28
15 28
15 46
15 46
16 30
16 30
17 39
17 39
17 41
17 41
18 22
18 22
18 33
18 33
19 36
19 36
19 46
19 46
20 26
20 26
20 40
20 40
21 23
21 23
21 48
21 48
23 47
23 47
25 49
25 49
26 38
26 38
28 35
28 35
29 30
29 30
29 48
29 48
31 38
31 38
32 49
32 49
33 45
33 45
34 39
34 39
34 45
34 45
43 44
43 44
