140 140 2015
16
49
38
0
23
38
65
30
74
30
92
54
96
25
48
25
5
71
51
70
51
26
83
82
3
61
3
18
81
36
6
97
6
2
39
93
98
21
98
77
43
42
37
78
47
28
17
88
17
28
91
60
19
80
22
24
72
99
72
24
22
80
27
80
20
53
20
80
95
90
86
52
86
52
69
14
68
12
17
28
9
55
8
94
8
35
64
4
46
63
73
63
67
57
58
40
7
58
57
34
57
34
56
76
1
76
1
76
1
41
84
29
33
59
87
75
13
50
66
50
89
15
85
11
32
11
32
44
10
31
10
44
10
98
77
45
62
79
16
49
16 49
38 49
0 38
0 23
23 38
38 65
30 65
30 74
30 74
30 92
54 92
54 96
25 96
25 48
25 48
5 25
5 71
51 71
51 70
51 70
26 51
26 83
82 83
3 82
3 61
3 61
3 18
18 81
36 81
6 36
6 97
6 97
2 6
2 39
39 93
93 98
21 98
21 98
77 98
43 77
42 43
37 42
37 78
47 78
28 47
17 28
17 88
17 88
17 28
28 91
60 91
19 60
19 80
22 80
22 24
24 72
72 99
72 99
24 72
22 24
22 80
27 80
27 80
20 80
20 53
20 53
20 80
80 95
90 95
86 90
52 86
52 86
52 86
52 69
14 69
14 68
12 68
12 17
17 28
9 28
9 55
8 55
8 94
8 94
8 35
35 64
4 64
4 46
46 63
63 73
63 73
63 67
57 67
57 58
40 58
7 40
7 58
57 58
34 57
34 57
34 57
34 56
56 76
1 76
1 76
1 76
1 76
1 76
1 41
41 84
29 84
29 33
33 59
59 87
75 87
13 75
13 50
50 66
50 66
50 89
15 89
15 85
11 85
11 32
11 32
11 32
32 44
10 44
10 31
10 31
10 44
10 44
10 98
77 98
45 77
45 62
62 79
16 79
16 49
16 49
