100 100 889
0
1
2
3
4
5
6
7
8
9
10
11
12
13
14
15
16
17
18
19
20
21
22
23
24
25
26
27
28
29
30
31
32
33
34
35
36
37
38
39
40
41
42
43
44
45
46
47
48
49
50
51
52
53
54
55
56
57
58
59
60
61
62
63
64
65
66
67
68
69
70
71
72
73
74
75
76
77
78
79
80
81
82
83
84
85
86
87
88
89
90
91
92
93
94
95
96
97
98
99
0 5
0 74
1 23
1 35
2 46
2 87
3 60
3 90
4 38
4 45
5 81
6 47
6 61
7 37
7 71
8 39
8 63
9 49
9 90
10 23
10 78
11 67
11 74
12 47
12 61
13 38
13 95
14 92
14 97
15 50
15 99
16 25
16 59
17 42
17 93
18 55
18 65
19 31
19 35
20 49
20 62
21 75
21 76
22 26
22 92
24 29
24 88
25 59
26 97
27 42
27 93
28 45
28 65
29 88
30 77
30 78
31 80
32 67
32 70
33 79
33 99
34 84
34 87
36 53
36 96
37 71
39 86
40 52
40 60
41 73
41 98
43 57
43 68
44 83
44 95
46 69
48 53
48 66
50 79
51 55
51 56
52 98
54 84
54 94
56 94
57 82
58 77
58 83
62 64
63 81
64 80
66 72
68 91
69 72
70 76
73 75
82 89
85 89
85 91
86 96
