68 68 1376
23
35
2
3
44
19
27
24
27
19
11
39
14
16
18
16
43
16
26
1
9
38
5
28
5
4
15
41
13
29
22
12
7
34
12
22
29
33
37
36
20
36
37
8
32
8
32
46
33
48
30
17
21
17
0
42
25
49
25
47
25
47
10
45
29
31
40
6
23 35
2 35
2 3
3 44
19 44
19 27
24 27
24 27
19 27
11 19
11 39
14 39
14 16
16 18
16 18
16 43
16 43
16 26
1 26
1 9
9 38
5 38
5 28
5 28
4 5
4 15
15 41
13 41
13 29
22 29
12 22
7 12
7 34
12 34
12 22
22 29
29 33
33 37
36 37
20 36
20 36
36 37
8 37
8 32
8 32
8 32
32 46
33 46
33 48
30 48
17 30
17 21
17 21
0 17
0 42
25 42
25 49
25 49
25 47
25 47
25 47
10 47
10 45
29 45
29 31
31 40
6 40
6 23
