100 100 1097
0
1
2
3
4
5
6
7
8
9
10
11
12
13
14
15
16
17
18
19
20
21
22
23
24
25
26
27
28
29
30
31
32
33
34
35
36
37
38
39
40
41
42
43
44
45
46
47
48
49
50
51
52
53
54
55
56
57
58
59
60
61
62
63
64
65
66
67
68
69
70
71
72
73
74
75
76
77
78
79
80
81
82
83
84
85
86
87
88
89
90
91
92
93
94
95
96
97
98
99
0 5
0 17
1 19
1 27
2 12
2 17
3 9
3 96
4 38
4 73
5 98
6 48
6 69
7 95
7 96
8 65
8 89
9 53
10 70
10 71
11 16
11 44
12 49
13 23
13 66
14 74
14 87
15 28
15 55
16 49
18 51
18 63
19 54
20 50
20 60
21 43
21 62
22 57
22 97
23 34
24 83
24 85
25 83
25 90
26 35
26 45
27 70
28 82
29 39
29 86
30 33
30 99
31 76
31 78
32 61
32 76
33 91
34 67
35 67
36 63
36 97
37 42
37 90
38 81
39 75
40 65
40 99
41 46
41 73
42 72
43 88
44 79
45 94
46 89
47 59
47 84
48 85
50 55
51 80
52 54
52 71
53 91
56 58
56 62
57 95
58 88
59 82
60 84
61 93
64 74
64 87
66 80
68 69
68 81
72 77
75 86
77 78
79 94
92 93
92 98
