83 83 1235
0
1
3
4
5
6
7
8
9
10
12
13
15
16
17
21
23
24
25
26
27
28
29
30
31
33
34
35
36
37
38
39
41
42
43
44
45
47
48
50
51
53
54
55
56
57
59
60
61
62
63
64
65
66
67
68
70
71
72
73
74
75
76
77
79
80
81
82
84
85
86
87
89
90
91
92
93
94
95
96
97
98
99
0 16
0 80
1 38
1 56
3 39
3 84
4 13
4 63
5 33
5 70
6 96
6 99
7 48
7 79
8 13
8 24
9 34
9 57
10 66
10 71
12 68
12 74
15 86
15 91
16 93
17 75
17 96
21 45
21 74
23 33
23 47
24 55
25 36
25 99
26 70
26 73
27 53
27 79
28 61
28 92
29 72
29 80
30 67
30 91
31 51
31 90
34 97
35 50
35 57
36 75
37 60
37 95
38 76
39 44
41 48
41 87
42 77
42 84
43 60
43 98
44 55
45 62
47 73
50 59
51 76
53 82
54 56
54 65
59 89
61 64
62 92
63 95
64 72
65 81
66 85
67 81
68 90
71 85
77 86
82 93
87 97
89 94
94 98
