50 102 714
0
1
2
3
4
5
6
7
8
9
10
11
12
13
14
15
16
17
18
19
20
21
22
23
24
25
26
27
28
29
30
31
32
33
34
35
36
37
38
39
40
41
42
43
44
45
46
47
48
49
0 35
0 35
0 43
0 43
1 26
1 26
1 42
1 42
2 25
2 25
2 40
2 40
3 10
3 10
3 27
3 27
4 35
4 35
4 48
4 48
5 14
5 14
5 34
5 34
6 17
6 17
6 42
6 42
7 28
7 28
7 29
7 29
8 19
8 19
8 33
8 33
9 23
9 23
9 44
9 44
10 18
10 18
11 23
11 23
11 24
11 24
12 28
12 28
12 48
12 48
13 30
13 30
13 47
13 47
14 5
5 46
5 46
15 38
15 38
15 45
15 45
16 31
16 31
16 36
16 36
17 19
17 19
18 34
18 34
20 24
20 24
20 43
20 43
21 31
21 31
21 49
21 49
22 32
22 32
22 41
22 41
25 44
25 44
26 47
26 47
27 41
27 41
29 7
7 39
7 39
30 37
30 37
32 40
32 40
33 45
33 45
36 38
36 38
37 46
37 46
39 49
39 49
