199 199 1229
0
1
2
3
4
5
6
7
8
9
10
11
12
13
14
15
16
17
18
19
20
21
22
23
25
26
27
28
29
30
31
32
33
34
35
36
37
38
39
40
41
42
43
44
45
46
47
48
49
50
51
52
53
54
55
56
57
58
59
60
61
62
63
64
65
66
67
68
69
70
71
72
73
74
75
76
77
78
79
80
81
82
83
84
85
86
87
88
89
90
91
92
93
94
95
96
97
98
99
100
101
102
103
104
105
106
107
108
109
110
111
112
113
114
115
116
117
118
119
120
121
122
123
124
125
126
127
128
129
130
131
132
133
134
135
136
137
138
139
140
141
142
143
144
145
146
147
148
149
150
151
152
153
154
155
156
157
158
159
160
161
162
163
164
165
166
167
168
169
170
171
172
173
174
175
176
177
178
179
180
181
182
183
184
185
186
187
188
189
190
191
192
193
194
195
196
197
198
199
0 139
0 151
1 84
1 104
2 25
2 101
3 41
3 111
4 53
4 192
5 40
5 82
6 20
6 66
7 78
7 99
8 167
8 178
9 16
9 43
10 72
10 111
11 35
11 79
12 77
12 150
13 98
13 195
14 187
14 188
15 102
15 121
16 59
17 132
17 138
18 38
18 180
19 87
19 143
20 33
21 63
21 184
22 162
22 165
23 90
23 141
25 92
26 44
26 68
27 129
27 146
28 33
28 150
29 78
29 160
30 174
30 186
31 47
31 49
32 39
32 195
34 157
34 187
35 105
36 51
36 113
37 62
37 175
38 114
39 94
40 109
41 142
42 118
42 181
43 71
44 99
45 126
45 135
46 67
46 135
47 60
48 177
48 194
49 53
50 101
50 170
51 113
52 112
52 164
54 57
54 60
55 122
55 147
56 182
56 197
57 192
58 81
58 139
59 92
61 83
61 191
62 158
63 130
64 76
64 128
65 107
65 145
66 88
67 70
68 168
69 173
69 194
70 71
72 198
73 144
73 176
74 95
74 108
75 93
75 102
76 96
77 110
79 115
80 120
80 158
81 90
82 178
83 191
84 159
85 148
85 161
86 132
86 151
87 196
88 110
89 177
89 198
91 128
91 144
93 121
94 138
95 116
96 166
97 104
97 160
98 152
100 154
100 176
103 125
103 182
105 115
106 118
106 181
107 163
108 116
109 167
112 164
114 154
117 169
117 172
119 133
119 156
120 126
122 147
123 133
123 168
124 131
124 143
125 166
127 186
127 193
129 137
130 146
131 190
134 155
134 183
136 155
136 171
137 185
140 179
140 199
141 171
142 197
145 180
148 161
149 152
149 159
153 157
153 188
156 163
162 165
169 172
170 184
173 185
174 193
175 183
179 199
189 190
189 196
