98 98 1448
0
1
2
3
4
5
6
7
8
9
10
11
12
13
14
15
16
17
18
19
20
21
22
23
24
25
26
27
28
29
30
31
32
33
34
35
36
37
38
39
40
41
42
43
44
45
46
47
48
49
50
51
52
53
54
55
56
57
58
59
60
61
62
63
64
65
66
67
68
69
70
71
72
73
74
75
76
77
78
79
80
81
82
84
86
87
88
89
90
91
92
93
94
95
96
97
98
99
0 17
0 86
1 87
1 88
2 19
2 90
3 73
3 97
4 57
4 65
5 55
5 78
6 40
6 54
7 31
7 91
8 30
8 46
9 10
9 89
10 63
11 58
11 75
12 47
12 61
13 67
13 71
14 30
14 62
15 29
15 93
16 17
16 64
18 26
18 70
19 87
20 21
20 84
21 65
22 48
22 88
23 28
23 46
24 40
24 84
25 36
25 79
26 60
27 66
27 95
28 78
29 68
31 96
32 43
32 51
33 34
33 81
34 37
35 41
35 52
36 61
37 41
38 81
38 98
39 47
39 92
42 50
42 69
43 67
44 52
44 82
45 92
45 97
48 58
49 55
49 77
50 69
51 76
53 66
53 95
54 99
56 73
56 80
57 99
59 62
59 77
60 72
63 86
64 74
68 91
70 72
71 94
74 98
75 79
76 94
80 96
82 90
89 93
