99 99 1368
0
1
2
3
4
5
6
7
8
9
10
11
12
13
15
16
17
18
19
20
21
22
23
24
25
26
27
28
29
30
31
32
33
34
35
36
37
38
39
40
41
42
43
44
45
46
47
48
49
50
51
52
53
54
55
56
57
58
59
60
61
62
63
64
65
66
67
68
69
70
71
72
73
74
75
76
77
78
79
80
81
82
83
84
85
86
87
88
89
90
91
92
93
94
95
96
97
98
99
0 38
0 71
1 67
1 74
2 31
2 52
3 65
3 73
4 28
4 83
5 20
5 44
6 58
6 95
7 9
7 33
8 43
8 50
9 68
10 22
10 96
11 45
11 86
12 59
12 64
13 24
13 34
15 30
15 73
16 45
16 50
17 31
17 72
18 74
18 83
19 38
19 93
20 70
21 35
21 77
22 90
23 87
23 97
24 85
25 58
25 94
26 49
26 92
27 48
27 64
28 70
29 66
29 80
30 88
32 51
32 71
33 66
34 69
35 98
36 75
36 76
37 61
37 81
39 56
39 91
40 75
40 78
41 55
41 88
42 48
42 72
43 86
44 67
46 55
46 59
47 57
47 79
49 89
51 93
52 56
53 89
53 99
54 77
54 97
57 82
60 87
60 99
61 81
62 82
62 95
63 79
63 91
65 84
68 80
69 85
76 84
78 92
90 96
94 98
