96 96 812
0
1
2
3
4
5
6
7
8
9
10
11
12
13
14
15
16
17
18
19
20
21
22
23
24
25
26
27
28
29
30
31
32
33
34
35
36
37
38
39
40
41
42
43
44
45
46
47
48
50
51
52
53
54
55
56
57
58
59
60
61
62
63
64
65
66
67
68
69
70
71
72
74
76
78
79
80
81
82
83
84
85
86
87
88
89
90
91
92
93
94
95
96
97
98
99
0 19
0 81
1 13
1 46
2 36
2 58
3 17
3 50
4 26
4 82
5 25
5 72
6 40
6 47
7 35
7 37
8 24
8 35
9 29
9 71
10 61
10 87
11 16
11 61
12 30
12 92
13 78
14 41
14 83
15 65
15 95
16 80
17 50
18 42
18 93
19 44
20 47
20 82
21 33
21 94
22 23
22 30
23 24
25 52
26 62
27 31
27 53
28 43
28 74
29 71
31 57
32 39
32 53
33 91
34 44
34 81
36 78
37 99
38 67
38 87
39 94
40 88
41 99
42 63
43 74
45 46
45 79
48 70
48 92
51 66
51 86
52 72
54 60
54 69
55 68
55 69
56 57
56 97
58 88
59 89
59 90
60 68
62 83
63 65
64 85
64 96
66 86
67 79
70 84
76 84
76 97
80 91
85 96
89 90
93 98
95 98
