61 61 1738
53
65
115
116
34
133
75
20
120
46
16
125
112
3
111
3
172
177
134
155
29
136
4
33
82
104
29
51
186
119
40
103
110
22
156
199
17
124
162
2
55
106
101
67
28
95
13
6
169
144
194
11
49
148
132
141
83
5
145
127
193
53 65
65 115
115 116
34 116
34 133
75 133
20 75
20 120
46 120
16 46
16 125
112 125
3 112
3 111
3 111
3 172
172 177
134 177
134 155
29 155
29 136
4 136
4 33
33 82
82 104
29 104
29 51
51 186
119 186
40 119
40 103
103 110
22 110
22 156
156 199
17 199
17 124
124 162
2 162
2 55
55 106
101 106
67 101
28 67
28 95
13 95
6 13
6 169
144 169
144 194
11 194
11 49
49 148
132 148
132 141
83 141
5 83
5 145
127 145
127 193
53 193
