200 200 1477
0
1
2
3
4
5
6
7
8
9
10
11
12
13
14
15
16
17
18
19
20
21
22
23
24
25
26
27
28
29
30
31
32
33
34
35
36
37
38
39
40
41
42
43
44
45
46
47
48
49
50
51
52
53
54
55
56
57
58
59
60
61
62
63
64
65
66
67
68
69
70
71
72
73
74
75
76
77
78
79
80
81
82
83
84
85
86
87
88
89
90
91
92
93
94
95
96
97
98
99
100
101
102
103
104
105
106
107
108
109
110
111
112
113
114
115
116
117
118
119
120
121
122
123
124
125
126
127
128
129
130
131
132
133
134
135
136
137
138
139
140
141
142
143
144
145
146
147
148
149
150
151
152
153
154
155
156
157
158
159
160
161
162
163
164
165
166
167
168
169
170
171
172
173
174
175
176
177
178
179
180
181
182
183
184
185
186
187
188
189
190
191
192
193
194
195
196
197
198
199
0 57
0 68
1 32
1 129
2 160
2 183
3 26
3 104
4 42
4 154
5 135
5 183
6 68
6 121
7 43
7 196
8 52
8 101
9 51
9 92
10 113
10 120
11 22
11 181
12 87
12 146
13 94
13 106
14 82
14 102
15 137
15 172
16 61
16 117
17 18
17 116
18 55
19 162
19 189
20 30
20 157
21 62
21 114
22 83
23 45
23 190
24 146
24 182
25 45
25 100
26 49
27 33
27 177
28 125
28 139
29 70
29 168
30 138
31 100
31 124
32 46
33 177
34 73
34 145
35 91
35 155
36 50
36 106
37 63
37 161
38 44
38 171
39 71
39 164
40 47
40 187
41 85
41 174
42 179
43 149
44 163
46 77
47 192
48 107
48 165
49 95
50 112
51 97
52 130
53 74
53 184
54 125
54 160
55 152
56 70
56 142
57 104
58 105
58 191
59 127
59 144
60 115
60 194
61 117
62 193
63 93
64 124
64 144
65 66
65 179
66 81
67 83
67 110
69 111
69 153
71 98
72 176
72 194
73 145
74 103
75 81
75 129
76 77
76 154
78 140
78 173
79 90
79 158
80 147
80 171
82 85
84 90
84 176
86 143
86 153
87 182
88 89
88 159
89 132
91 155
92 167
93 112
94 197
95 108
96 133
96 162
97 185
98 164
99 111
99 143
101 109
102 151
103 168
105 159
107 140
108 121
109 196
110 181
113 180
114 193
115 178
116 152
118 151
118 167
119 132
119 166
120 163
122 147
122 150
123 130
123 185
126 128
126 169
127 190
128 188
131 136
131 198
133 184
134 136
134 141
135 186
137 148
138 195
139 186
141 199
142 175
148 178
149 174
150 156
156 197
157 158
161 199
165 173
166 170
169 188
170 191
172 198
175 189
180 195
187 192
