37 63 2013
3
4
5
12
15
27
42
44
45
56
60
65
71
74
77
80
84
94
97
103
108
117
122
133
138
147
148
149
150
152
155
164
169
183
186
187
190
3 97
3 170
149 170
4 123
42 123
4 77
5 65
5 50
50 133
12 42
12 97
15 101
65 101
15 169
27 172
172 180
60 180
27 130
71 130
32 44
32 74
44 169
45 150
45 54
52 54
33 52
33 187
56 192
80 192
56 68
68 84
60 180
103 180
2 71
2 138
74 91
91 183
77 141
75 141
75 147
80 164
84 155
94 145
122 145
94 147
103 152
43 108
43 131
117 131
43 108
43 122
117 152
2 133
2 138
148 150
128 148
128 155
149 164
137 183
137 186
113 186
113 190
187 190
