100 117 1931
0
1
2
3
4
5
6
7
8
9
10
11
12
13
14
15
16
17
18
19
20
21
22
23
24
25
26
27
28
29
30
31
32
33
34
35
36
37
38
39
40
41
42
43
44
45
46
47
48
49
50
51
52
53
54
55
56
57
58
59
60
61
62
63
64
65
66
67
68
69
70
71
72
73
74
75
76
77
78
79
80
81
82
83
84
85
86
87
88
89
90
91
92
93
94
95
96
97
98
99
0 72
0 95
1 67
1 86
2 45
2 77
2 90
3 54
3 72
4 9
4 98
4 99
5 35
5 96
6 80
6 85
7 33
7 62
8 64
8 89
9 4
10 16
10 33
11 25
11 99
12 95
12 96
13 30
13 70
13 76
13 94
14 71
14 78
15 21
15 32
15 59
16 84
17 27
17 49
18 68
18 81
19 76
19 80
20 34
21 62
22 48
22 79
23 67
24 64
25 89
26 38
26 46
26 53
27 74
28 40
28 97
29 34
29 53
29 58
30 75
31 37
31 58
31 76
32 81
34 29
35 15
36 55
36 88
37 31
37 46
37 73
38 26
39 71
40 87
41 92
42 59
42 79
43 47
43 90
44 75
45 83
47 86
48 82
49 13
50 84
51 63
52 55
52 78
54 98
56 76
57 77
60 61
61 92
63 66
64 1
64 24
65 13
66 91
67 23
68 82
68 97
69 93
71 61
73 84
74 56
75 13
75 57
75 91
76 56
83 88
84 50
85 2
87 69
92 51
93 69
93 97
97 93
