100 100 1034
0
1
2
3
4
5
6
7
8
9
10
11
12
13
14
15
16
17
18
19
20
21
22
23
24
25
26
27
28
29
30
31
32
33
34
35
36
37
38
39
40
41
42
43
44
45
46
47
48
49
50
51
52
53
54
55
56
57
58
59
60
61
62
63
64
65
66
67
68
69
70
71
72
73
74
75
76
77
78
79
80
81
82
83
84
85
86
87
88
89
90
91
92
93
94
95
96
97
98
99
0 31
0 70
1 28
1 80
2 15
2 25
3 42
3 85
4 32
4 45
5 13
5 66
6 63
6 89
7 65
7 98
8 83
8 93
9 50
9 72
10 38
10 53
11 23
11 33
12 55
12 94
13 32
14 24
14 64
15 96
16 90
16 97
17 21
17 86
18 78
18 88
19 69
19 72
20 52
20 82
21 49
22 56
22 84
23 50
24 56
25 90
26 43
26 75
27 49
27 62
28 52
29 55
29 61
30 35
30 79
31 94
33 60
34 41
34 91
35 40
36 40
36 63
37 76
37 95
38 41
39 44
39 68
42 84
43 98
44 96
45 85
46 58
46 64
47 71
47 88
48 66
48 69
51 54
51 67
53 68
54 75
57 62
57 74
58 78
59 86
59 95
60 80
61 71
65 93
67 76
70 77
73 92
73 97
74 82
77 99
79 99
81 87
81 92
83 87
89 91
