65 65 1095
55
83
37
45
59
5
23
95
63
95
8
7
19
11
19
48
8
27
64
27
41
22
52
6
52
62
46
88
87
51
47
66
60
56
1
36
82
81
30
12
73
34
9
40
28
65
72
16
26
67
43
13
97
18
68
3
93
17
80
17
42
20
42
57
86
55 83
37 83
37 45
45 59
5 59
5 23
23 95
63 95
63 95
8 95
7 8
7 19
11 19
11 19
19 48
8 48
8 27
27 64
27 64
27 41
22 41
22 52
6 52
6 52
52 62
46 62
46 88
87 88
51 87
47 51
47 66
60 66
56 60
1 56
1 36
36 82
81 82
30 81
12 30
12 73
34 73
9 34
9 40
28 40
28 65
65 72
16 72
16 26
26 67
43 67
13 43
13 97
18 97
18 68
3 68
3 93
17 93
17 80
17 80
17 42
20 42
20 42
42 57
57 86
55 86
