199 199 1214
0
1
2
3
4
5
6
7
8
9
10
11
12
13
14
15
16
17
18
19
20
21
22
23
24
25
26
27
28
29
30
31
32
33
34
35
36
37
38
39
40
41
42
43
44
45
46
47
48
49
50
51
52
53
54
55
56
57
58
59
60
61
62
63
64
65
66
67
68
69
70
71
72
74
75
76
77
78
79
80
81
82
83
84
85
86
87
88
89
90
91
92
93
94
95
96
97
98
99
100
101
102
103
104
105
106
107
108
109
110
111
112
113
114
115
116
117
118
119
120
121
122
123
124
125
126
127
128
129
130
131
132
133
134
135
136
137
138
139
140
141
142
143
144
145
146
147
148
149
150
151
152
153
154
155
156
157
158
159
160
161
162
163
164
165
166
167
168
169
170
171
172
173
174
175
176
177
178
179
180
181
182
183
184
185
186
187
188
189
190
191
192
193
194
195
196
197
198
199
0 51
0 74
1 75
1 116
2 20
2 81
3 111
3 127
4 50
4 129
5 155
5 198
6 136
6 141
7 110
7 179
8 22
8 197
9 13
9 47
10 105
10 145
11 84
11 196
12 49
12 181
13 120
14 28
14 182
15 61
15 154
16 58
16 64
17 39
17 89
18 31
18 46
19 86
19 94
20 26
21 108
21 135
22 99
23 139
23 176
24 103
24 161
25 97
25 138
26 96
27 90
27 133
28 182
29 34
29 52
30 52
30 178
31 157
32 98
32 150
33 136
33 190
34 152
35 134
35 174
36 158
36 171
37 81
37 93
38 104
38 139
39 170
40 45
40 146
41 156
41 176
42 46
42 97
43 49
43 193
44 132
44 184
45 146
47 120
48 62
48 157
50 190
51 74
53 84
53 105
54 71
54 175
55 66
55 137
56 112
56 149
57 58
57 172
59 92
59 125
60 170
60 186
61 119
62 70
63 147
63 177
64 117
65 93
65 181
66 175
67 162
67 189
68 134
68 174
69 78
69 85
70 140
71 171
72 168
72 173
75 88
76 98
76 104
77 164
77 192
78 187
79 118
79 129
80 103
80 143
82 89
82 186
83 88
83 180
85 122
86 183
87 115
87 169
90 131
91 121
91 143
92 159
94 194
95 107
95 114
96 144
99 141
100 102
100 188
101 113
101 163
102 188
106 152
106 165
107 161
108 135
109 183
109 195
110 185
111 158
112 149
113 163
114 191
115 123
116 156
117 172
118 153
119 154
121 148
122 187
123 199
124 166
124 178
125 160
126 128
126 194
127 138
128 191
130 142
130 159
131 133
132 184
137 173
140 168
142 179
144 177
145 180
147 160
148 195
150 197
151 162
151 167
153 193
155 198
164 192
165 196
166 185
167 189
169 199
