200 200 2125
0
1
2
3
4
5
6
7
8
9
10
11
12
13
14
15
16
17
18
19
20
21
22
23
24
25
26
27
28
29
30
31
32
33
34
35
36
37
38
39
40
41
42
43
44
45
46
47
48
49
50
51
52
53
54
55
56
57
58
59
60
61
62
63
64
65
66
67
68
69
70
71
72
73
74
75
76
77
78
79
80
81
82
83
84
85
86
87
88
89
90
91
92
93
94
95
96
97
98
99
100
101
102
103
104
105
106
107
108
109
110
111
112
113
114
115
116
117
118
119
120
121
122
123
124
125
126
127
128
129
130
131
132
133
134
135
136
137
138
139
140
141
142
143
144
145
146
147
148
149
150
151
152
153
154
155
156
157
158
159
160
161
162
163
164
165
166
167
168
169
170
171
172
173
174
175
176
177
178
179
180
181
182
183
184
185
186
187
188
189
190
191
192
193
194
195
196
197
198
199
0 14
0 190
1 75
1 162
2 125
2 127
3 85
3 192
4 52
4 102
5 13
5 42
6 19
6 43
7 28
7 121
8 32
8 129
9 27
9 177
10 25
10 63
11 23
11 121
12 92
12 187
13 132
14 186
15 91
15 157
16 79
16 81
17 95
17 184
18 44
18 49
19 194
20 34
20 75
21 88
21 110
22 93
22 105
23 48
24 88
24 124
25 112
26 77
26 129
27 72
28 116
29 39
29 152
30 37
30 163
31 40
31 195
32 195
33 83
33 193
34 151
35 114
35 180
36 117
36 118
37 156
38 51
38 74
39 196
40 169
41 111
41 140
42 124
43 112
44 146
45 159
45 187
46 61
46 97
47 153
47 155
48 109
49 69
50 64
50 107
51 59
52 185
53 106
53 164
54 84
54 98
55 80
55 172
56 98
56 140
57 171
57 186
58 62
58 73
59 188
60 123
60 181
61 128
62 158
63 86
64 132
65 134
65 185
66 135
66 179
67 70
67 103
68 83
68 145
69 154
70 78
71 143
71 168
72 143
73 105
74 141
76 119
76 131
77 177
78 111
79 162
80 167
81 85
82 172
82 196
84 126
86 198
87 116
87 194
89 135
89 199
90 100
90 164
91 110
92 117
93 181
94 167
94 199
95 101
96 115
96 165
97 142
99 146
99 165
100 109
101 147
102 137
103 130
104 136
104 139
106 179
107 176
108 183
108 197
113 149
113 197
114 150
115 158
118 142
119 169
120 173
120 191
122 134
122 141
123 168
125 198
126 182
127 133
128 160
130 188
131 176
133 157
136 174
137 193
138 155
138 170
139 175
144 151
144 184
145 152
147 175
148 171
148 174
149 161
150 159
153 161
154 178
156 183
160 166
163 178
166 182
170 189
173 180
189 190
191 192
