78 78 1350
63
14
63
14
63
14
63
14
63
31
54
69
34
30
82
30
77
53
13
53
26
53
97
19
23
69
10
92
90
65
7
44
58
18
58
18
58
70
98
43
21
41
79
41
8
80
37
71
33
9
0
9
0
17
73
67
93
96
81
12
20
40
24
28
2
16
11
16
60
35
6
24
27
57
87
15
61
78
14 63
14 63
14 63
14 63
14 63
14 63
14 63
14 63
31 63
31 54
54 69
34 69
30 34
30 82
30 82
30 77
53 77
13 53
13 53
26 53
26 53
53 97
19 97
19 23
23 69
10 69
10 92
90 92
65 90
7 65
7 44
44 58
18 58
18 58
18 58
18 58
58 70
70 98
43 98
21 43
21 41
41 79
41 79
8 41
8 80
37 80
37 71
33 71
9 33
0 9
0 9
0 9
0 17
17 73
67 73
67 93
93 96
81 96
12 81
12 20
20 40
24 40
24 28
2 28
2 16
11 16
11 16
16 60
35 60
6 35
6 24
24 27
27 57
57 87
15 87
15 61
61 78
63 78
