98 98 1124
0
1
2
3
4
5
6
7
8
9
10
11
12
13
14
15
16
17
18
19
20
21
22
23
24
25
26
27
28
29
30
31
32
33
35
36
37
38
39
40
41
42
43
44
45
46
47
48
49
50
51
52
53
54
55
56
57
59
60
61
62
63
64
65
66
67
68
69
70
71
72
73
74
75
76
77
78
79
80
81
82
83
84
85
86
87
88
89
90
91
92
93
94
95
96
97
98
99
0 76
0 94
1 6
1 12
2 63
2 67
3 18
3 41
4 69
4 89
5 17
5 73
6 42
7 39
7 86
8 33
8 43
9 79
9 95
10 18
10 41
11 13
11 88
12 37
13 98
14 30
14 31
15 48
15 89
16 51
16 82
17 80
19 80
19 98
20 35
20 92
21 45
21 87
22 24
22 39
23 40
23 65
24 30
25 43
25 81
26 28
26 44
27 54
27 59
28 93
29 59
29 68
31 81
32 64
32 86
33 90
35 92
36 38
36 53
37 54
38 61
40 48
42 53
44 55
45 72
46 50
46 74
47 84
47 96
49 79
49 95
50 74
51 71
52 66
52 96
55 91
56 71
56 77
57 69
57 85
60 83
60 97
61 72
62 64
62 78
63 90
65 73
66 84
67 85
68 82
70 75
70 99
75 99
76 94
77 88
78 87
83 97
91 93
