206 206 1511
55
174
11
56
177
127
172
103
102
22
72
26
78
179
176
142
105
109
186
2
65
189
140
1
37
108
185
10
94
106
138
4
28
152
35
165
79
91
133
193
76
110
126
180
184
164
188
124
134
9
45
129
131
158
166
42
85
128
34
157
147
16
137
61
92
156
162
136
64
21
74
113
125
122
154
141
194
175
196
17
31
47
153
20
77
130
83
36
8
58
178
38
23
135
174
118
13
88
160
57
100
27
104
151
120
151
50
0
98
3
144
6
107
80
5
170
99
53
18
32
163
183
191
95
43
52
25
90
114
159
139
195
101
33
197
44
181
199
111
40
167
39
60
145
115
63
19
24
182
187
73
81
82
192
168
112
15
48
70
75
146
87
121
46
29
150
169
66
117
97
14
67
30
62
190
62
96
54
71
12
173
161
84
93
132
149
7
198
132
149
148
41
143
59
69
59
68
86
89
49
171
123
116
119
51
155
55 174
11 174
11 56
56 177
127 177
127 172
103 172
102 103
22 102
22 72
26 72
26 78
78 179
176 179
142 176
105 142
105 109
109 186
2 186
2 65
65 189
140 189
1 140
1 37
37 108
108 185
10 185
10 94
94 106
106 138
4 138
4 28
28 152
35 152
35 165
79 165
79 91
91 133
133 193
76 193
76 110
110 126
126 180
180 184
164 184
164 188
124 188
124 134
9 134
9 45
45 129
129 131
131 158
158 166
42 166
42 85
85 128
34 128
34 157
147 157
16 147
16 137
61 137
61 92
92 156
156 162
136 162
64 136
21 64
21 74
74 113
113 125
122 125
122 154
141 154
141 194
175 194
175 196
17 196
17 31
31 47
47 153
20 153
20 77
77 130
83 130
36 83
8 36
8 58
58 178
38 178
23 38
23 135
135 174
118 174
13 118
13 88
88 160
57 160
57 100
27 100
27 104
104 151
120 151
120 151
50 151
0 50
0 98
3 98
3 144
6 144
6 107
80 107
5 80
5 170
99 170
53 99
18 53
18 32
32 163
163 183
183 191
95 191
43 95
43 52
25 52
25 90
90 114
114 159
139 159
139 195
101 195
33 101
33 197
44 197
44 181
181 199
111 199
40 111
40 167
39 167
39 60
60 145
115 145
63 115
19 63
19 24
24 182
182 187
73 187
73 81
81 82
82 192
168 192
112 168
15 112
15 48
48 70
70 75
75 146
87 146
87 121
46 121
29 46
29 150
150 169
66 169
66 117
97 117
14 97
14 67
30 67
30 62
62 190
62 190
62 96
54 96
54 71
12 71
12 173
161 173
84 161
84 93
93 132
132 149
7 149
7 198
132 198
132 149
148 149
41 148
41 143
59 143
59 69
59 69
59 68
68 86
86 89
49 89
49 171
123 171
116 123
116 119
51 119
51 155
55 155
