105 105 1087
67
0
14
19
40
35
55
18
70
9
22
21
39
3
39
23
92
57
95
25
79
78
45
99
64
88
5
87
93
6
80
48
74
13
51
11
49
69
1
42
98
30
98
24
63
17
61
82
60
97
29
72
27
81
15
36
77
33
86
31
56
38
75
32
50
73
46
84
37
68
52
58
53
26
8
41
83
2
20
59
16
43
90
85
7
85
54
91
66
28
94
29
62
10
12
96
4
96
47
34
65
89
44
71
76
0 67
0 14
14 19
19 40
35 40
35 55
18 55
18 70
9 70
9 22
21 22
21 39
3 39
3 39
23 39
23 92
57 92
57 95
25 95
25 79
78 79
45 78
45 99
64 99
64 88
5 88
5 87
87 93
6 93
6 80
48 80
48 74
13 74
13 51
11 51
11 49
49 69
1 69
1 42
42 98
30 98
30 98
24 98
24 63
17 63
17 61
61 82
60 82
60 97
29 97
29 72
27 72
27 81
15 81
15 36
36 77
33 77
33 86
31 86
31 56
38 56
38 75
32 75
32 50
50 73
46 73
46 84
37 84
37 68
52 68
52 58
53 58
26 53
8 26
8 41
41 83
2 83
2 20
20 59
16 59
16 43
43 90
85 90
7 85
7 85
54 85
54 91
66 91
28 66
28 94
29 94
29 62
10 62
10 12
12 96
4 96
4 96
47 96
34 47
34 65
65 89
44 89
44 71
71 76
67 76
