83 83 858
0
1
2
3
4
5
6
7
8
9
10
11
13
15
16
17
21
22
23
24
26
27
28
29
30
31
32
33
34
35
36
38
39
40
41
42
43
44
45
47
48
49
50
51
52
53
54
55
56
57
58
61
62
63
64
66
67
68
70
71
72
73
74
76
77
78
79
80
81
82
83
85
86
87
88
89
90
91
92
94
95
96
97
0 10
0 51
1 9
1 58
2 47
2 91
3 15
3 77
4 67
4 83
5 53
5 96
6 66
6 68
7 17
7 70
8 45
8 57
9 58
10 73
11 32
11 74
13 30
13 86
15 42
16 31
16 35
17 89
21 39
21 52
22 23
22 53
23 40
24 28
24 92
26 40
26 85
27 76
27 87
28 92
29 57
29 64
30 86
31 41
32 61
33 36
33 88
34 79
34 90
35 38
36 88
38 67
39 74
41 72
42 62
43 48
43 78
44 71
44 94
45 55
47 91
48 85
49 54
49 95
50 68
50 97
51 81
52 61
54 95
55 64
56 71
56 94
62 63
63 77
66 78
70 89
72 96
73 80
76 82
79 90
80 81
82 83
87 97
