200 200 1225
0
1
2
3
4
5
6
7
8
9
10
11
12
13
14
15
16
17
18
19
20
21
22
23
24
25
26
27
28
29
30
31
32
33
34
35
36
37
38
39
40
41
42
43
44
45
46
47
48
49
50
51
52
53
54
55
56
57
58
59
60
61
62
63
64
65
66
67
68
69
70
71
72
73
74
75
76
77
78
79
80
81
82
83
84
85
86
87
88
89
90
91
92
93
94
95
96
97
98
99
100
101
102
103
104
105
106
107
108
109
110
111
112
113
114
115
116
117
118
119
120
121
122
123
124
125
126
127
128
129
130
131
132
133
134
135
136
137
138
139
140
141
142
143
144
145
146
147
148
149
150
151
152
153
154
155
156
157
158
159
160
161
162
163
164
165
166
167
168
169
170
171
172
173
174
175
176
177
178
179
180
181
182
183
184
185
186
187
188
189
190
191
192
193
194
195
196
197
198
199
0 69
0 115
1 58
1 109
2 85
2 104
3 10
3 17
4 28
4 30
5 87
5 101
6 71
6 181
7 52
7 101
8 36
8 88
9 54
9 65
10 28
11 79
11 199
12 31
12 53
13 110
13 189
14 102
14 111
15 133
15 182
16 22
16 113
17 156
18 106
18 193
19 102
19 125
20 29
20 66
21 38
21 131
22 74
23 93
23 198
24 68
24 125
25 37
25 138
26 33
26 39
27 49
27 137
29 91
30 191
31 111
32 77
32 162
33 39
34 69
34 134
35 92
35 132
36 65
37 182
38 168
40 161
40 196
41 51
41 194
42 126
42 154
43 97
43 126
44 148
44 155
45 134
45 194
46 149
46 171
47 57
47 112
48 142
48 172
49 113
50 109
50 157
51 124
52 117
53 161
54 85
55 139
55 178
56 70
56 103
57 112
58 129
59 107
59 137
60 123
60 195
61 100
61 127
62 145
62 183
63 147
63 173
64 140
64 197
66 129
67 128
67 172
68 150
70 192
71 90
72 135
72 154
73 82
73 185
74 188
75 79
75 130
76 95
76 155
77 98
78 84
78 146
80 87
80 156
81 96
81 187
82 89
83 151
83 165
84 196
86 120
86 164
88 157
89 100
90 108
91 95
92 132
93 151
94 119
94 136
96 177
97 99
98 139
99 159
103 186
104 167
105 123
105 141
106 108
107 110
114 143
114 188
115 144
116 142
116 173
117 174
118 128
118 144
119 169
120 121
121 164
122 143
122 180
124 184
127 165
130 199
131 191
133 170
135 190
136 169
138 174
140 197
141 195
145 183
146 150
147 186
148 167
149 171
152 168
152 180
153 160
153 179
158 175
158 176
159 163
160 179
162 170
163 166
166 190
175 176
177 187
178 189
181 193
184 185
192 198
