132 132 2468
160
106
9
112
2
108
85
143
114
33
34
191
55
61
65
97
57
157
12
7
51
68
30
68
30
19
48
87
16
20
185
167
7
43
23
5
57
172
29
183
66
103
169
156
124
154
0
35
36
35
36
3
173
39
173
13
63
138
155
81
155
138
195
144
72
70
34
37
101
166
14
69
161
95
149
151
149
119
170
8
49
174
189
142
128
86
108
175
22
52
150
92
136
91
100
18
59
26
42
32
40
134
83
64
83
164
21
84
21
164
58
117
171
117
193
117
120
75
46
99
59
140
184
78
184
111
28
27
89
47
139
159
106 160
9 106
9 112
2 112
2 108
85 108
85 143
114 143
33 114
33 34
34 191
55 191
55 61
61 65
65 97
57 97
57 157
12 157
7 12
7 51
51 68
30 68
30 68
30 68
19 30
19 48
48 87
16 87
16 20
20 185
167 185
7 167
7 43
23 43
5 23
5 57
57 172
29 172
29 183
66 183
66 103
103 169
156 169
124 156
124 154
0 154
0 35
35 36
35 36
35 36
3 36
3 173
39 173
39 173
13 173
13 63
63 138
138 155
81 155
81 155
138 155
138 195
144 195
72 144
70 72
34 70
34 37
37 101
101 166
14 166
14 69
69 161
95 161
95 149
149 151
149 151
119 149
119 170
8 170
8 49
49 174
174 189
142 189
128 142
86 128
86 108
108 175
22 175
22 52
52 150
92 150
92 136
91 136
91 100
18 100
18 59
26 59
26 42
32 42
32 40
40 134
83 134
64 83
64 83
83 164
21 164
21 84
21 84
21 164
58 164
58 117
117 171
117 171
117 193
117 193
117 120
75 120
46 75
46 99
59 99
59 140
140 184
78 184
78 184
111 184
28 111
27 28
27 89
47 89
47 139
139 159
159 160
