66 66 1146
49
21
49
5
28
7
39
0
29
20
17
47
25
11
25
37
25
4
27
30
27
42
40
34
32
33
14
2
24
33
36
22
36
38
1
33
42
48
18
41
18
48
19
43
45
43
10
12
23
16
35
8
15
39
26
31
13
31
26
6
39
3
44
3
46
9
21 49
21 49
5 49
5 28
7 28
7 39
0 39
0 29
20 29
17 20
17 47
25 47
11 25
11 25
25 37
25 37
4 25
4 27
27 30
27 30
27 42
40 42
34 40
32 34
32 33
14 33
2 14
2 24
24 33
33 36
22 36
22 36
36 38
1 38
1 33
33 42
42 48
18 48
18 41
18 41
18 48
19 48
19 43
43 45
43 45
10 43
10 12
12 23
16 23
16 35
8 35
8 15
15 39
26 39
26 31
13 31
13 31
26 31
6 26
6 39
3 39
3 44
3 44
3 46
9 46
9 49
