50 105 829
0
1
2
3
4
5
6
7
8
9
10
11
12
13
14
15
16
17
18
19
20
21
22
23
24
25
26
27
28
29
30
31
32
33
34
35
36
37
38
39
40
41
42
43
44
45
46
47
48
49
0 34
0 34
0 48
0 48
1 9
1 9
1 40
1 40
2 15
2 15
2 34
2 34
3 35
35 4
35 4
3 22
3 22
4 35
4 35
5 7
5 7
5 49
5 49
6 39
6 39
6 46
6 46
7 3
3 22
3 22
8 35
8 35
8 48
8 48
9 46
46 32
46 32
10 23
10 23
10 43
10 43
11 19
11 19
11 19
19 43
19 43
12 14
12 14
12 18
12 18
13 36
13 36
13 45
13 45
14 31
14 31
15 38
15 38
16 25
16 25
16 42
16 42
17 20
17 20
17 20
20 38
20 38
18 19
18 19
20 24
20 24
21 33
21 33
21 39
21 39
23 37
23 37
24 42
24 42
25 28
25 28
26 36
26 36
26 44
26 44
27 29
27 29
27 30
27 30
28 47
28 47
29 41
29 41
30 40
30 40
31 41
31 41
32 46
32 46
33 45
33 45
37 47
37 47
44 49
44 49
