96 96 1269
0
1
2
3
4
5
6
7
8
9
10
11
12
13
14
15
16
17
18
19
20
21
23
24
25
26
27
28
29
31
32
33
35
36
37
38
39
40
41
42
43
44
45
46
47
48
49
50
51
52
53
54
55
56
57
58
59
60
61
62
63
64
65
66
67
68
69
71
72
73
74
75
76
77
78
79
80
81
82
83
84
85
86
87
88
89
90
91
92
93
94
95
96
97
98
99
0 24
0 85
1 3
1 19
2 29
2 61
3 11
4 18
4 88
5 49
5 80
6 37
6 79
7 67
7 83
8 27
8 64
9 39
9 57
10 31
10 95
11 28
12 36
12 94
13 58
13 73
14 44
14 48
15 35
15 86
16 41
16 69
17 52
17 81
18 94
19 98
20 66
20 99
21 25
21 78
23 45
23 96
24 38
25 62
26 53
26 74
27 68
28 47
29 68
31 46
32 71
32 75
33 71
33 97
35 69
36 41
37 47
38 99
39 63
40 49
40 59
42 45
42 96
43 52
43 65
44 95
46 84
48 89
50 77
50 98
51 60
51 92
53 85
54 65
54 76
55 56
55 73
56 62
57 63
58 87
59 74
60 97
61 88
64 82
66 72
67 76
72 80
75 92
77 83
78 93
79 91
81 89
82 90
84 90
86 91
87 93
