200 200 1486
0
1
2
3
4
5
6
7
8
9
10
11
12
13
14
15
16
17
18
19
20
21
22
23
24
25
26
27
28
29
30
31
32
33
34
35
36
37
38
39
40
41
42
43
44
45
46
47
48
49
50
51
52
53
54
55
56
57
58
59
60
61
62
63
64
65
66
67
68
69
70
71
72
73
74
75
76
77
78
79
80
81
82
83
84
85
86
87
88
89
90
91
92
93
94
95
96
97
98
99
100
101
102
103
104
105
106
107
108
109
110
111
112
113
114
115
116
117
118
119
120
121
122
123
124
125
126
127
128
129
130
131
132
133
134
135
136
137
138
139
140
141
142
143
144
145
146
147
148
149
150
151
152
153
154
155
156
157
158
159
160
161
162
163
164
165
166
167
168
169
170
171
172
173
174
175
176
177
178
179
180
181
182
183
184
185
186
187
188
189
190
191
192
193
194
195
196
197
198
199
0 6
0 149
1 66
1 196
2 96
2 140
3 65
3 155
4 24
4 119
5 38
5 53
6 47
7 171
7 177
8 29
8 61
9 123
9 183
10 25
10 51
11 71
11 143
12 39
12 90
13 112
13 170
14 36
14 115
15 75
15 79
16 28
16 77
17 58
17 139
18 26
18 180
19 85
19 100
20 26
20 175
21 90
21 199
22 56
22 188
23 94
23 130
24 134
25 57
27 161
27 167
28 99
29 104
30 126
30 170
31 32
31 61
32 88
33 132
33 172
34 44
34 183
35 100
35 186
36 115
37 94
37 106
38 111
39 182
40 97
40 145
41 163
41 166
42 69
42 131
43 60
43 165
44 103
45 178
45 193
46 138
46 159
47 76
48 85
48 87
49 50
49 52
50 52
51 68
53 62
54 113
54 194
55 142
55 193
56 117
57 158
58 80
59 92
59 126
60 120
62 125
63 98
63 167
64 117
64 159
65 192
66 120
67 185
67 189
68 162
69 75
70 174
70 197
71 143
72 105
72 130
73 106
73 137
74 135
74 146
76 95
77 131
78 87
78 186
79 123
80 82
81 111
81 127
82 109
83 93
83 151
84 101
84 121
86 122
86 164
88 104
89 139
89 162
91 113
91 166
92 103
93 165
95 153
96 140
97 145
98 158
99 114
101 109
102 128
102 135
105 124
107 152
107 161
108 133
108 191
110 133
110 152
112 179
114 176
116 129
116 150
118 164
118 184
119 134
121 146
122 184
124 160
125 127
128 176
129 156
132 155
136 148
136 149
137 198
138 175
141 154
141 195
142 163
144 168
144 190
147 180
147 188
148 191
150 156
151 153
154 195
157 160
157 179
168 181
169 178
169 194
171 177
172 192
173 198
173 199
174 197
181 190
182 187
185 189
187 196
