231 231 1784
135
14
160
57
21
57
98
9
133
57
162
126
4
99
84
191
15
48
0
166
192
27
100
183
100
183
37
10
199
141
68
26
59
82
95
186
25
129
25
123
197
33
16
17
196
89
131
130
131
89
45
54
180
138
75
145
188
168
1
176
91
154
49
55
107
49
69
62
94
139
88
121
88
51
104
148
158
148
93
182
79
11
184
47
28
155
28
39
76
124
172
66
114
132
164
132
23
177
30
11
184
118
70
53
140
119
140
60
38
19
193
29
189
29
185
6
24
34
175
36
108
117
178
87
174
87
63
111
190
111
194
56
42
151
171
151
86
18
156
159
156
103
170
179
146
40
110
12
152
144
198
144
65
101
65
83
13
106
134
20
64
85
149
115
97
102
122
43
35
61
105
109
195
46
41
32
181
32
113
52
50
22
31
22
153
167
142
137
127
90
44
163
143
157
8
2
187
147
128
81
128
74
3
72
7
173
116
112
3
161
3
77
3
161
125
165
96
5
96
67
150
73
120
92
71
136
169
58
78
58
80
14 135
14 160
57 160
21 57
21 57
57 98
9 98
9 133
57 133
57 162
126 162
4 126
4 99
84 99
84 191
15 191
15 48
0 48
0 166
166 192
27 192
27 100
100 183
100 183
100 183
37 183
10 37
10 199
141 199
68 141
26 68
26 59
59 82
82 95
95 186
25 186
25 129
25 129
25 123
123 197
33 197
16 33
16 17
17 196
89 196
89 131
130 131
130 131
89 131
45 89
45 54
54 180
138 180
75 138
75 145
145 188
168 188
1 168
1 176
91 176
91 154
49 154
49 55
55 107
49 107
49 69
62 69
62 94
94 139
88 139
88 121
88 121
51 88
51 104
104 148
148 158
148 158
93 148
93 182
79 182
11 79
11 184
47 184
28 47
28 155
28 155
28 39
39 76
76 124
124 172
66 172
66 114
114 132
132 164
132 164
23 132
23 177
30 177
11 30
11 184
118 184
70 118
53 70
53 140
119 140
119 140
60 140
38 60
19 38
19 193
29 193
29 189
29 189
29 185
6 185
6 24
24 34
34 175
36 175
36 108
108 117
117 178
87 178
87 174
87 174
63 87
63 111
111 190
111 190
111 194
56 194
42 56
42 151
151 171
151 171
86 151
18 86
18 156
156 159
156 159
103 156
103 170
170 179
146 179
40 146
40 110
12 110
12 152
144 152
144 198
144 198
65 144
65 101
65 101
65 83
13 83
13 106
106 134
20 134
20 64
64 85
85 149
115 149
97 115
97 102
102 122
43 122
35 43
35 61
61 105
105 109
109 195
46 195
41 46
32 41
32 181
32 181
32 113
52 113
50 52
22 50
22 31
22 31
22 153
153 167
142 167
137 142
127 137
90 127
44 90
44 163
143 163
143 157
8 157
2 8
2 187
147 187
128 147
81 128
81 128
74 128
3 74
3 72
7 72
7 173
116 173
112 116
3 112
3 161
3 161
3 77
3 77
3 161
125 161
125 165
96 165
5 96
5 96
67 96
67 150
73 150
73 120
92 120
71 92
71 136
136 169
58 169
58 78
58 78
58 80
80 135
