34 56 3179
1
7
12
14
16
18
21
22
34
52
63
66
71
72
88
89
91
93
94
96
103
114
123
131
135
136
152
158
166
171
176
187
189
197
1 52
1 171
7 81
21 81
7 123
12 34
12 30
30 114
14 125
125 135
14 125
125 136
16 89
16 131
18 168
101 168
66 101
18 183
158 183
21 158
22 37
37 55
55 131
22 161
136 161
34 93
52 133
133 189
63 198
71 198
63 93
66 152
71 88
72 91
72 197
88 176
33 89
8 33
8 166
91 159
142 159
142 176
13 94
13 103
72 94
72 197
8 96
8 166
96 187
102 103
102 171
97 114
97 123
135 178
152 178
187 189
