85 85 1376
0
1
2
3
4
6
7
8
9
10
12
13
14
17
18
19
20
21
22
24
26
28
30
31
32
33
34
35
36
37
38
39
40
41
42
43
44
45
46
47
48
49
50
51
52
53
54
57
58
59
60
62
63
65
66
67
68
70
72
73
74
75
76
77
78
79
80
81
82
83
84
85
86
87
88
89
90
91
93
94
95
96
97
98
99
0 1
0 33
1 19
2 37
2 39
3 20
3 85
4 70
4 95
6 10
6 58
7 68
7 84
8 17
8 86
9 40
9 67
10 83
12 74
12 97
13 41
13 51
14 48
14 49
17 24
18 31
18 84
19 89
20 98
21 74
21 80
22 44
22 77
24 91
26 38
26 50
28 33
28 46
30 45
30 58
31 62
32 52
32 96
34 60
34 79
35 81
35 85
36 47
36 66
37 80
38 41
39 88
40 43
42 81
42 99
43 86
44 65
45 54
46 89
47 52
48 59
49 59
50 83
51 96
53 60
53 94
54 93
57 73
57 91
62 76
63 88
63 90
65 75
66 75
67 93
68 95
70 97
72 98
72 99
73 77
76 82
78 82
78 90
79 87
87 94
