95 95 1054
0
1
2
3
5
6
7
8
9
10
11
12
13
14
15
16
17
18
19
20
21
23
24
25
26
27
28
29
30
31
32
33
34
36
37
38
39
40
41
42
44
45
46
47
48
49
50
51
52
53
54
55
56
57
58
59
61
62
63
64
65
66
67
68
69
70
71
72
73
74
75
76
77
78
79
80
81
82
83
84
85
86
87
88
89
90
91
92
93
94
95
96
97
98
99
0 29
0 49
1 62
1 76
2 7
2 71
3 57
3 77
5 69
5 93
6 15
6 63
7 44
8 10
8 56
9 25
9 77
10 17
11 27
11 28
12 58
12 94
13 74
13 98
14 21
14 34
15 32
16 27
16 52
17 23
18 32
18 66
19 34
19 49
20 66
20 70
21 94
23 36
24 46
24 78
25 37
26 42
26 53
28 41
29 45
30 47
30 50
31 36
31 40
33 73
33 87
37 55
38 42
38 53
39 74
39 88
40 92
41 70
44 81
45 68
46 71
47 61
48 73
48 87
50 57
51 52
51 63
54 90
54 97
55 81
56 76
58 84
59 80
59 82
61 72
62 65
64 65
64 79
67 83
67 96
68 99
69 93
72 92
75 90
75 97
78 80
79 86
82 98
83 96
84 99
85 89
85 95
86 95
88 91
89 91
