138 138 1814
43
74
90
28
60
5
28
20
28
90
58
94
95
12
83
12
24
68
53
68
71
3
59
11
59
63
67
79
76
72
35
72
26
70
52
85
34
17
30
17
97
21
51
27
69
33
7
33
93
33
93
41
31
1
54
91
88
66
64
13
98
42
98
13
15
86
15
82
50
18
25
98
48
98
96
25
88
25
88
87
88
4
73
89
9
41
99
0
99
39
40
19
77
19
40
39
49
44
84
44
49
37
80
45
75
45
75
92
29
55
78
55
29
23
57
56
61
36
38
14
8
46
8
6
8
14
38
16
10
16
22
62
2
81
32
65
74
47
43 74
74 90
28 90
28 60
5 60
5 28
20 28
20 28
28 90
58 90
58 94
94 95
12 95
12 83
12 83
12 24
24 68
53 68
53 68
68 71
3 71
3 59
11 59
11 59
59 63
63 67
67 79
76 79
72 76
35 72
35 72
26 72
26 70
52 70
52 85
34 85
17 34
17 30
17 30
17 97
21 97
21 51
27 51
27 69
33 69
7 33
7 33
33 93
33 93
33 93
41 93
31 41
1 31
1 54
54 91
88 91
66 88
64 66
13 64
13 98
42 98
42 98
13 98
13 15
15 86
15 86
15 82
50 82
18 50
18 25
25 98
48 98
48 98
96 98
25 96
25 88
25 88
25 88
87 88
87 88
4 88
4 73
73 89
9 89
9 41
41 99
0 99
0 99
39 99
39 40
19 40
19 77
19 77
19 40
39 40
39 49
44 49
44 84
44 84
44 49
37 49
37 80
45 80
45 75
45 75
45 75
75 92
29 92
29 55
55 78
55 78
29 55
23 29
23 57
56 57
56 61
36 61
36 38
14 38
8 14
8 46
8 46
6 8
6 8
8 14
14 38
16 38
10 16
10 16
16 22
22 62
2 62
2 81
32 81
32 65
65 74
47 74
43 47
