63 63 1125
2
4
5
6
7
8
9
10
11
12
15
16
19
20
23
24
25
28
29
31
32
33
36
38
39
40
42
43
44
45
46
48
49
50
53
56
57
58
59
62
64
65
66
68
70
71
72
74
76
77
80
81
83
84
86
89
90
91
92
94
95
98
99
2 7
2 31
4 33
4 91
5 11
5 15
6 9
6 62
7 58
8 11
8 33
9 71
10 16
10 38
12 50
12 59
15 77
16 95
19 46
19 65
20 23
20 42
23 76
24 45
24 46
25 28
25 84
28 44
29 48
29 49
31 40
32 56
32 94
36 80
36 89
38 86
39 44
39 66
40 64
42 99
43 53
43 59
45 76
48 74
49 64
50 71
53 74
56 86
57 65
57 81
58 70
62 92
66 72
68 89
68 98
70 95
72 83
77 99
80 94
81 84
83 98
90 91
90 92
