105 105 894
5
39
5
53
62
79
36
1
26
19
96
49
18
49
59
84
68
12
29
25
29
92
83
81
35
66
8
14
32
37
13
21
15
97
88
16
34
16
41
38
51
63
94
27
67
6
43
99
93
86
65
3
64
40
28
71
58
22
30
61
33
60
90
89
2
69
54
20
42
77
55
95
50
23
80
78
47
52
87
31
56
74
7
75
70
4
91
17
91
76
10
48
44
57
73
24
85
9
46
98
45
0
11
82
72
5 39
5 39
5 53
53 62
62 79
36 79
1 36
1 26
19 26
19 96
49 96
18 49
18 49
49 59
59 84
68 84
12 68
12 29
25 29
25 29
29 92
83 92
81 83
35 81
35 66
8 66
8 14
14 32
32 37
13 37
13 21
15 21
15 97
88 97
16 88
16 34
16 34
16 41
38 41
38 51
51 63
63 94
27 94
27 67
6 67
6 43
43 99
93 99
86 93
65 86
3 65
3 64
40 64
28 40
28 71
58 71
22 58
22 30
30 61
33 61
33 60
60 90
89 90
2 89
2 69
54 69
20 54
20 42
42 77
55 77
55 95
50 95
23 50
23 80
78 80
47 78
47 52
52 87
31 87
31 56
56 74
7 74
7 75
70 75
4 70
4 91
17 91
17 91
76 91
10 76
10 48
44 48
44 57
57 73
24 73
24 85
9 85
9 46
46 98
45 98
0 45
0 11
11 82
72 82
5 72
