100 100 974
0
1
2
3
4
5
6
7
8
9
10
11
12
13
14
15
16
17
18
19
20
21
22
23
24
25
26
27
28
29
30
31
32
33
34
35
36
37
38
39
40
41
42
43
44
45
46
47
48
49
50
51
52
53
54
55
56
57
58
59
60
61
62
63
64
65
66
67
68
69
70
71
72
73
74
75
76
77
78
79
80
81
82
83
84
85
86
87
88
89
90
91
92
93
94
95
96
97
98
99
0 30
0 63
1 10
1 92
2 3
2 34
3 97
4 13
4 62
5 20
5 49
6 17
6 78
7 61
7 88
8 25
8 68
9 26
9 40
10 37
11 58
11 66
12 21
12 85
13 27
14 50
14 95
15 18
15 45
16 55
16 62
17 73
18 57
19 49
19 73
20 85
21 33
22 31
22 82
23 26
23 38
24 58
24 94
25 36
27 86
28 51
28 67
29 52
29 68
30 51
31 74
32 61
32 77
33 80
34 79
35 39
35 83
36 55
37 84
38 93
39 44
40 84
41 46
41 76
42 53
42 64
43 66
43 78
44 96
45 71
46 90
47 64
47 65
48 77
48 79
50 80
52 94
53 93
54 91
54 92
56 63
56 87
57 95
59 69
59 89
60 83
60 88
65 70
67 98
69 87
70 81
71 99
72 74
72 86
75 90
75 97
76 98
81 89
82 96
91 99
