253 253 2266
116
25
67
25
149
171
115
109
125
109
93
15
111
194
140
105
140
157
138
11
65
11
26
184
16
0
160
0
160
189
180
154
128
129
10
43
132
4
185
22
33
98
99
69
99
167
179
6
45
159
179
167
30
46
133
46
30
24
27
24
163
172
100
124
17
178
17
122
191
152
41
152
191
55
191
198
127
56
5
71
83
162
8
51
102
76
102
72
21
51
127
117
78
97
121
97
110
35
14
35
141
63
1
77
1
144
197
82
75
84
183
187
75
84
175
113
155
126
113
134
148
12
173
62
88
62
37
168
196
168
37
80
90
108
58
118
58
199
74
123
9
39
79
29
104
139
95
12
32
143
147
170
52
130
28
181
28
130
28
119
49
142
60
3
60
73
18
73
182
31
182
94
182
47
165
34
59
153
161
156
161
153
186
13
186
112
23
190
50
68
89
114
36
150
61
57
135
192
195
192
116
66
151
66
145
137
20
19
20
166
87
48
86
2
177
131
176
42
107
136
107
70
96
91
64
169
164
81
164
7
164
81
188
101
92
120
53
158
85
146
40
103
174
103
44
103
106
38
106
193
54
67
25
25 116
25 67
25 67
25 149
149 171
115 171
109 115
109 125
109 125
93 109
15 93
15 111
111 194
140 194
105 140
105 140
140 157
138 157
11 138
11 65
11 65
11 26
26 184
16 184
0 16
0 160
0 160
0 160
160 189
180 189
154 180
128 154
128 129
10 129
10 43
43 132
4 132
4 185
22 185
22 33
33 98
98 99
69 99
69 99
99 167
167 179
6 179
6 45
45 159
159 179
167 179
30 167
30 46
46 133
46 133
30 46
24 30
24 27
24 27
24 163
163 172
100 172
100 124
17 124
17 178
17 178
17 122
122 191
152 191
41 152
41 152
152 191
55 191
55 191
191 198
127 198
56 127
5 56
5 71
71 83
83 162
8 162
8 51
51 102
76 102
76 102
72 102
21 72
21 51
51 127
117 127
78 117
78 97
97 121
97 121
97 110
35 110
14 35
14 35
35 141
63 141
1 63
1 77
1 77
1 144
144 197
82 197
75 82
75 84
84 183
183 187
75 187
75 84
84 175
113 175
113 155
126 155
113 126
113 134
134 148
12 148
12 173
62 173
62 88
62 88
37 62
37 168
168 196
168 196
37 168
37 80
80 90
90 108
58 108
58 118
58 118
58 199
74 199
74 123
9 123
9 39
39 79
29 79
29 104
104 139
95 139
12 95
12 32
32 143
143 147
147 170
52 170
52 130
28 130
28 181
28 181
28 130
28 130
28 119
49 119
49 142
60 142
3 60
3 60
60 73
18 73
18 73
73 182
31 182
31 182
94 182
94 182
47 182
47 165
34 165
34 59
59 153
153 161
156 161
156 161
153 161
153 186
13 186
13 186
112 186
23 112
23 190
50 190
50 68
68 89
89 114
36 114
36 150
61 150
57 61
57 135
135 192
192 195
192 195
116 192
66 116
66 151
66 151
66 145
137 145
20 137
19 20
19 20
20 166
87 166
48 87
48 86
2 86
2 177
131 177
131 176
42 176
42 107
107 136
107 136
70 107
70 96
91 96
64 91
64 169
164 169
81 164
81 164
7 164
7 164
81 164
81 188
101 188
92 101
92 120
53 120
53 158
85 158
85 146
40 146
40 103
103 174
103 174
44 103
44 103
103 106
38 106
38 106
106 193
54 193
54 67
25 67
25 116
