99 99 1444
0
1
2
3
4
5
6
7
8
9
10
11
12
13
14
15
16
17
19
20
21
22
23
24
25
26
27
28
29
30
31
32
33
34
35
36
37
38
39
40
41
42
43
44
45
46
47
48
49
50
51
52
53
54
55
56
57
58
59
60
61
62
63
64
65
66
67
68
69
70
71
72
73
74
75
76
77
78
79
80
81
82
83
84
85
86
87
88
89
90
91
92
93
94
95
96
97
98
99
0 34
0 56
1 73
1 93
2 7
2 43
3 21
3 80
4 69
4 75
5 55
5 65
6 25
6 79
7 69
8 76
8 78
9 38
9 62
10 51
10 54
11 67
11 82
12 53
12 85
13 17
13 93
14 40
14 84
15 55
15 92
16 63
16 74
17 25
19 35
19 72
20 74
20 87
21 34
22 54
22 59
23 83
23 84
24 27
24 86
26 68
26 95
27 46
28 37
28 96
29 61
29 89
30 42
30 78
31 63
31 86
32 36
32 51
33 64
33 72
35 70
36 70
37 64
38 43
39 57
39 91
40 59
41 60
41 97
42 88
44 66
44 92
45 48
45 50
46 83
47 61
47 94
48 52
49 79
49 98
50 76
52 58
53 66
56 98
57 80
58 94
60 90
62 91
65 67
68 99
71 73
71 85
75 88
77 89
77 95
81 82
81 99
87 96
90 97
