Error code = 10013
Unable to write to file './output/N50D0.7K5T1P0.5/model.lp'

50 50 624
0
1
2
3
4
5
6
7
8
9
10
11
12
13
14
15
16
17
18
19
20
21
22
23
24
25
26
27
28
29
30
31
32
33
34
35
36
37
38
39
40
41
42
43
44
45
46
47
48
49
0 16
0 48
1 2
1 4
2 48
3 21
3 24
4 23
5 13
5 35
6 17
6 46
7 18
7 41
8 38
8 47
9 42
9 43
10 15
10 22
11 21
11 25
12 20
12 37
13 30
14 19
14 40
15 25
16 49
17 28
18 44
19 29
20 32
22 39
23 29
24 26
26 40
27 31
27 33
28 34
30 46
31 34
32 44
33 42
35 36
36 41
37 43
38 49
39 45
45 47
