66 66 1532
29
46
34
32
47
32
6
27
6
25
41
35
39
22
26
23
8
18
10
3
10
38
48
43
48
43
25
11
7
9
42
9
14
37
14
9
1
44
21
24
36
16
0
19
15
49
5
4
2
45
40
45
2
4
20
30
28
31
12
31
12
33
12
31
17
13
29 46
34 46
32 34
32 47
32 47
6 32
6 27
6 27
6 25
25 41
35 41
35 39
22 39
22 26
23 26
8 23
8 18
10 18
3 10
3 10
10 38
38 48
43 48
43 48
43 48
25 43
11 25
7 11
7 9
9 42
9 42
9 14
14 37
14 37
9 14
1 9
1 44
21 44
21 24
24 36
16 36
0 16
0 19
15 19
15 49
5 49
4 5
2 4
2 45
40 45
40 45
2 45
2 4
4 20
20 30
28 30
28 31
12 31
12 31
12 31
12 33
12 33
12 31
17 31
13 17
13 29
