146 146 5095
2
3
4
5
8
10
11
12
16
17
19
20
21
23
24
25
27
28
30
31
32
33
34
35
38
39
40
42
43
44
45
46
47
48
49
50
52
54
56
57
58
60
61
62
63
64
65
66
67
68
70
71
73
75
76
77
78
79
80
81
82
83
85
86
87
88
90
93
94
95
97
99
102
104
106
107
108
110
111
112
113
114
115
117
119
120
121
122
123
124
125
126
127
128
129
130
132
133
134
136
137
138
139
140
141
142
143
144
145
147
148
149
151
152
153
154
155
157
158
162
163
164
165
166
167
168
169
170
171
172
174
175
177
179
180
181
183
184
186
187
191
192
193
194
195
196
2 138
2 153
3 97
3 170
4 107
4 158
5 50
5 194
8 71
8 192
10 180
10 191
11 81
11 196
12 76
12 194
16 94
16 171
17 144
17 196
19 99
19 195
20 83
20 129
21 49
21 191
23 121
23 166
24 127
24 192
25 175
25 195
27 130
27 172
28 157
28 184
30 32
30 187
31 183
31 184
32 44
33 187
33 193
34 61
34 183
35 79
35 193
38 108
38 181
39 165
39 181
40 90
40 172
42 123
42 165
43 108
43 129
44 171
45 54
45 180
46 106
46 177
47 102
47 175
48 93
48 115
49 168
50 133
52 155
52 168
54 177
56 68
56 186
57 127
57 186
58 128
58 174
60 169
60 170
61 169
62 75
62 164
63 167
63 174
64 70
64 154
65 99
65 166
66 86
66 162
67 154
67 162
68 145
70 152
71 120
73 88
73 179
75 147
76 158
77 141
77 157
78 132
78 179
79 117
80 164
80 167
81 152
82 145
82 149
83 153
85 134
85 151
86 155
87 117
87 136
88 124
90 163
93 139
94 144
95 133
95 140
97 125
102 149
104 143
104 151
106 147
107 163
110 128
110 134
111 124
111 148
112 138
112 142
113 136
113 148
114 130
114 142
115 126
119 139
119 143
120 140
121 132
122 137
122 141
123 125
126 137
