122 122 2134
0
1
2
3
5
8
13
14
17
18
19
22
23
24
26
27
28
30
31
33
36
37
38
39
40
41
42
44
45
46
48
49
51
52
54
55
56
59
60
61
65
66
68
69
71
72
74
75
76
77
78
79
80
81
83
84
85
87
88
91
92
93
94
96
99
101
103
105
106
107
110
118
119
121
122
123
124
125
127
128
130
131
132
134
135
136
137
140
141
142
143
144
146
148
149
150
152
155
158
160
161
162
163
165
166
167
170
171
173
175
178
179
182
183
184
185
187
190
193
194
197
198
0 23
0 41
1 99
1 190
2 27
2 171
3 122
3 165
5 33
5 94
8 37
8 96
13 148
13 183
14 152
14 162
17 42
17 78
18 61
18 85
19 142
19 170
22 118
22 183
23 55
24 91
24 130
26 45
26 179
27 150
28 69
28 94
30 74
30 121
31 37
31 105
33 78
36 93
36 141
38 72
38 173
39 72
39 93
40 144
40 185
41 87
42 149
44 107
44 136
45 80
46 87
46 143
48 71
48 75
49 99
49 194
51 134
51 197
52 141
52 178
54 83
54 84
55 166
56 74
56 155
59 110
59 194
60 66
60 160
61 161
65 127
65 140
66 137
68 79
68 150
69 143
71 92
75 171
76 175
76 187
77 106
77 162
79 127
80 149
81 144
81 170
83 130
84 198
85 88
88 193
91 124
92 103
96 152
101 106
101 110
103 119
105 131
107 123
118 146
119 132
121 173
122 187
123 125
124 182
125 137
128 160
128 175
131 132
134 193
135 161
135 167
136 142
140 178
146 179
148 165
155 184
158 190
158 198
163 184
163 185
166 167
182 197
