Error code = 10013
Unable to write to file './output/N100D05K20T0P1/model.lp'

97 97 1004
0
1
2
3
4
5
6
7
8
9
10
11
12
13
14
15
16
17
18
19
21
22
23
24
25
26
28
29
30
31
32
33
34
35
36
37
38
39
40
41
42
43
44
45
46
47
48
49
50
51
52
53
54
55
56
57
58
59
60
61
62
63
64
65
66
67
68
69
70
71
72
73
74
75
76
77
78
79
80
81
82
83
84
85
86
87
88
89
90
92
93
94
95
96
97
98
99
0 1
0 46
1 43
2 32
2 95
3 8
3 13
4 89
4 98
5 9
5 74
6 26
6 53
7 11
7 13
8 11
9 74
10 54
10 67
12 64
12 70
14 29
14 92
15 17
15 60
16 44
16 86
17 64
18 24
18 59
19 38
19 99
21 69
21 84
22 36
22 42
23 62
23 87
24 80
25 40
25 94
26 37
28 54
28 56
29 43
30 32
30 75
31 33
31 71
33 49
34 52
34 58
35 47
35 95
36 96
37 93
38 79
39 78
39 80
40 94
41 57
41 99
42 76
44 86
45 50
45 77
46 82
47 63
48 85
48 97
49 72
50 79
51 55
51 68
52 71
53 63
55 68
56 73
57 70
58 77
59 90
60 76
61 72
61 96
62 87
65 81
65 83
66 82
66 92
67 85
69 84
73 88
75 93
78 90
81 88
83 97
89 98
