87 87 816
0
1
2
3
4
5
7
8
9
10
11
13
14
15
16
18
19
21
22
24
25
26
27
28
29
30
31
33
34
35
36
38
39
40
41
42
43
44
45
46
48
49
50
51
52
53
54
55
56
57
58
59
61
62
63
64
65
67
68
70
71
73
74
75
76
77
78
79
80
81
82
83
84
85
86
87
88
89
90
91
92
94
95
96
97
98
99
0 21
0 64
1 38
1 82
2 40
2 46
3 79
3 90
4 39
4 94
5 65
5 73
7 31
7 44
8 73
8 92
9 29
9 52
10 74
10 83
11 41
11 76
13 15
13 36
14 22
14 95
15 36
16 43
16 62
18 98
18 99
19 26
19 54
21 77
22 84
24 39
24 57
25 33
25 78
26 34
27 48
27 58
28 46
28 54
29 63
30 45
30 80
31 44
33 78
34 56
35 89
35 96
38 62
40 81
41 98
42 75
42 97
43 95
45 80
48 91
49 57
49 59
50 59
50 94
51 63
51 88
52 88
53 55
53 61
55 74
56 58
61 83
64 70
65 92
67 77
67 82
68 71
68 86
70 84
71 87
75 97
76 81
79 86
85 87
85 89
90 99
91 96
