94 94 902
0
1
2
3
4
5
6
7
8
9
10
11
12
13
14
15
16
17
18
19
20
21
22
23
25
26
27
28
30
31
32
33
35
36
37
38
39
40
41
42
43
44
45
46
48
49
50
51
52
53
54
55
56
57
58
59
60
62
63
65
66
67
68
69
70
71
72
73
74
75
76
77
78
79
80
81
82
83
84
85
86
87
88
89
90
91
92
93
94
95
96
97
98
99
0 62
0 78
1 3
1 37
2 4
2 49
3 62
4 16
5 13
5 40
6 21
6 96
7 25
7 51
8 44
8 83
9 46
9 82
10 67
10 79
11 23
11 92
12 65
12 76
13 66
14 48
14 56
15 56
15 65
16 19
17 31
17 75
18 20
18 45
19 38
20 68
21 96
22 42
22 80
23 70
25 51
26 30
26 90
27 81
27 95
28 32
28 70
30 90
31 69
32 35
33 36
33 73
35 79
36 99
37 86
38 76
39 55
39 60
40 41
41 54
42 74
43 57
43 88
44 91
45 84
46 82
48 97
49 67
50 54
50 78
52 86
52 89
53 77
53 98
55 60
57 63
58 72
58 94
59 66
59 69
63 71
68 84
71 83
72 81
73 85
74 91
75 93
77 98
80 89
85 99
87 94
87 95
88 93
92 97
