100 100 1088
0
1
2
3
4
5
6
7
8
9
10
11
12
13
14
15
16
17
18
19
20
21
22
23
24
25
26
27
28
29
30
31
32
33
34
35
36
37
38
39
40
41
42
43
44
45
46
47
48
49
50
51
52
53
54
55
56
57
58
59
60
61
62
63
64
65
66
67
68
69
70
71
72
73
74
75
76
77
78
79
80
81
82
83
84
85
86
87
88
89
90
91
92
93
94
95
96
97
98
99
0 33
0 76
1 22
1 88
2 29
2 88
3 38
3 52
4 34
4 77
5 19
5 30
6 66
6 72
7 44
7 74
8 96
8 98
9 78
9 95
10 11
10 53
11 67
12 79
12 97
13 61
13 62
14 27
14 89
15 40
15 58
16 46
16 54
17 32
17 68
18 70
18 75
19 56
20 42
20 56
21 64
21 69
22 35
23 40
23 73
24 49
24 91
25 41
25 91
26 33
26 90
27 37
28 39
28 92
29 73
30 63
31 65
31 81
32 43
34 77
35 81
36 50
36 59
37 85
38 82
39 66
41 70
42 62
43 93
44 96
45 51
45 55
46 54
47 84
47 94
48 58
48 79
49 71
50 57
51 87
52 86
53 94
55 87
57 64
59 69
60 74
60 98
61 67
63 83
65 68
71 99
72 99
75 83
76 90
78 95
80 92
80 97
82 86
84 93
85 89
