50 50 1721
83
54
130
24
84
124
194
59
29
5
80
42
108
189
74
56
13
81
36
93
66
137
64
79
68
127
2
171
117
12
199
67
28
98
129
87
41
177
82
33
5
73
103
106
77
106
103
48
96
92
54 83
54 130
24 130
24 84
84 124
124 194
59 194
29 59
5 29
5 80
42 80
42 108
108 189
74 189
56 74
13 56
13 81
36 81
36 93
66 93
66 137
64 137
64 79
68 79
68 127
2 127
2 171
117 171
12 117
12 199
67 199
28 67
28 98
98 129
87 129
41 87
41 177
82 177
33 82
5 33
5 73
73 103
103 106
77 106
77 106
103 106
48 103
48 96
92 96
83 92
