61 61 1314
76
92
1
74
89
63
66
21
40
53
84
28
46
8
23
96
64
55
42
36
19
50
90
25
95
54
83
56
12
29
62
80
75
58
81
13
52
47
27
43
37
26
6
39
15
67
38
16
41
88
32
35
4
45
77
65
73
9
28
84
92
76 92
1 92
1 74
74 89
63 89
63 66
21 66
21 40
40 53
53 84
28 84
28 46
8 46
8 23
23 96
64 96
55 64
42 55
36 42
19 36
19 50
50 90
25 90
25 95
54 95
54 83
56 83
12 56
12 29
29 62
62 80
75 80
58 75
58 81
13 81
13 52
47 52
27 47
27 43
37 43
26 37
6 26
6 39
15 39
15 67
38 67
16 38
16 41
41 88
32 88
32 35
4 35
4 45
45 77
65 77
65 73
9 73
9 28
28 84
84 92
76 92
