97 97 1467
0
1
2
3
4
5
6
7
8
9
10
11
12
13
14
15
16
17
18
19
20
21
22
23
24
25
26
27
28
29
30
31
32
33
34
35
36
37
38
39
40
41
42
43
45
47
48
49
50
51
52
53
54
55
56
57
58
59
60
61
62
63
64
65
66
67
68
69
70
71
72
73
74
75
76
77
78
79
80
81
82
83
84
85
86
87
88
89
90
92
93
94
95
96
97
98
99
0 17
0 70
1 4
1 59
2 33
2 85
3 30
3 87
4 67
5 48
5 62
6 71
6 73
7 18
7 32
8 35
8 61
9 45
9 67
10 54
10 63
11 22
11 49
12 77
12 86
13 55
13 69
14 93
14 94
15 27
15 53
16 79
16 90
17 21
18 32
19 24
19 66
20 49
20 84
21 22
23 43
23 56
24 30
25 78
25 82
26 87
26 95
27 98
28 37
28 42
29 50
29 76
31 77
31 96
33 78
34 35
34 47
36 59
36 69
37 42
38 64
38 99
39 80
39 89
40 75
40 84
41 52
41 57
43 56
45 51
47 54
48 63
50 97
51 65
52 95
53 99
55 58
57 72
58 92
60 73
60 74
61 98
62 81
64 70
65 89
66 80
68 83
68 90
71 81
72 74
75 96
76 97
79 86
82 88
83 85
88 92
93 94
