94 94 1356
0
1
2
3
4
5
6
7
8
10
11
12
13
14
15
16
17
18
19
20
21
22
23
24
26
27
28
29
30
31
32
33
34
35
36
37
40
41
42
43
44
45
46
47
48
49
50
51
52
53
54
55
56
57
58
59
60
61
62
63
64
66
67
68
69
70
71
72
73
74
75
76
77
78
79
80
81
82
83
84
85
86
87
88
89
90
92
93
94
95
96
97
98
99
0 7
0 86
1 31
1 87
2 24
2 92
3 23
3 64
4 37
4 59
5 79
5 88
6 54
6 70
7 30
8 17
8 67
10 32
10 47
11 43
11 97
12 14
12 81
13 41
13 99
14 28
15 27
15 52
16 57
16 58
17 81
18 48
18 78
19 49
19 73
20 35
20 67
21 79
21 93
22 61
22 86
23 56
24 97
26 33
26 60
27 96
28 44
29 68
29 96
30 90
31 82
32 84
33 48
34 52
34 63
35 57
36 40
36 45
37 72
40 92
41 76
42 63
42 98
43 77
44 85
45 68
46 56
46 80
47 69
49 98
50 55
50 72
51 76
51 83
53 82
53 84
54 77
55 89
58 60
59 66
61 80
62 78
62 99
64 90
66 75
69 74
70 71
71 75
73 85
74 93
83 89
87 94
88 95
94 95
