34 62 1920
8
13
18
28
39
41
47
52
55
57
59
61
65
66
75
86
87
88
89
90
94
102
105
108
113
119
128
133
141
151
162
170
189
195
8 66
8 92
92 127
90 127
13 45
45 108
13 186
150 186
14 150
14 170
18 138
94 138
18 125
16 125
16 162
28 119
28 189
39 41
39 107
87 107
41 46
46 55
47 59
47 195
52 113
52 106
106 128
55 88
57 65
37 57
37 141
59 128
61 110
110 151
11 61
11 170
65 113
66 120
120 156
105 156
53 75
53 133
16 75
16 162
86 192
89 192
86 192
94 192
87 141
35 88
35 53
53 133
62 89
62 151
90 127
92 127
92 108
102 147
105 147
102 119
159 189
159 195
