97 96 929
0
2
3
4
5
6
7
8
9
10
11
12
13
14
15
16
17
18
19
20
21
22
23
24
25
26
27
28
29
30
31
32
33
34
35
36
37
38
39
40
41
42
43
44
45
46
47
48
49
50
51
52
53
54
55
56
58
59
60
61
62
63
64
65
66
67
68
69
70
71
72
73
74
75
76
77
78
79
80
81
82
84
85
86
87
88
89
90
91
92
93
94
95
96
97
98
99
0 24
0 44
2 5
2 33
3 31
3 84
4 54
4 65
5 8
6 25
6 75
7 51
7 72
8 54
9 59
9 85
10 56
10 62
11 80
11 81
12 58
12 95
13 34
13 50
14 39
14 46
15 29
15 64
16 22
16 38
17 74
17 98
18 22
18 38
19 24
19 55
20 35
20 56
21 42
21 96
23 63
23 84
25 68
26 58
26 78
27 29
27 47
28 45
28 68
30 59
30 85
31 49
32 44
32 53
33 64
34 76
35 97
36 37
36 96
37 99
39 46
40 45
40 89
41 49
41 90
42 99
43 65
43 93
47 92
48 67
48 98
50 78
51 88
52 55
52 82
53 77
60 62
60 63
61 86
61 92
66 72
66 88
67 74
69 80
69 81
70 95
70 97
71 86
71 89
73 87
73 94
75 76
77 82
87 94
90 93
91 79
