50 106 874
0
1
2
3
4
5
6
7
8
9
10
11
12
13
14
15
16
17
18
19
20
21
22
23
24
25
26
27
28
29
30
31
32
33
34
35
36
37
38
39
40
41
42
43
44
45
46
47
48
49
0 8
0 8
0 5
5 18
5 18
1 29
1 29
1 30
1 30
2 26
2 26
2 28
2 28
3 19
3 19
3 6
6 31
6 31
4 7
4 7
4 33
4 33
5 27
5 27
5 30
5 30
6 31
6 31
6 32
6 32
7 4
4 48
4 48
8 42
8 42
9 17
9 17
9 46
9 46
10 14
10 14
10 45
10 45
11 13
11 13
11 43
11 43
12 35
12 35
12 35
35 40
35 40
13 19
13 19
14 44
14 44
15 24
15 24
15 26
15 26
16 32
16 32
16 39
16 39
17 42
17 42
18 27
18 27
20 21
20 21
20 44
20 44
21 39
21 39
22 33
22 33
22 34
22 34
23 47
23 47
23 49
23 49
24 46
24 46
25 36
25 36
25 29
29 41
29 41
28 37
28 37
29 41
29 41
34 40
34 40
35 47
35 47
36 10
10 45
10 45
37 38
37 38
38 49
38 49
43 48
43 48
