136 136 1838
27
75
27
19
54
19
79
56
79
55
46
80
74
68
46
22
14
22
64
22
14
28
59
28
14
22
46
84
46
84
36
66
2
4
45
4
63
4
95
52
58
76
91
32
85
32
91
13
18
12
90
77
31
13
78
3
0
24
40
34
17
96
11
9
93
23
25
87
37
57
37
57
41
5
41
70
30
47
30
94
97
44
35
44
26
83
39
62
39
1
39
43
72
92
42
92
29
7
38
65
49
8
48
98
16
50
16
86
6
42
20
73
72
10
15
81
15
67
71
67
7
21
82
21
60
33
51
33
69
99
53
89
88
61
27
61
27 75
27 75
19 27
19 54
19 54
19 79
56 79
56 79
55 79
46 55
46 80
74 80
68 74
46 68
22 46
14 22
14 22
22 64
22 64
14 22
14 28
28 59
28 59
14 28
14 22
22 46
46 84
46 84
46 84
36 84
36 66
2 66
2 4
4 45
4 45
4 63
4 63
4 95
52 95
52 58
58 76
76 91
32 91
32 85
32 85
32 91
13 91
13 18
12 18
12 90
77 90
31 77
13 31
13 78
3 78
0 3
0 24
24 40
34 40
17 34
17 96
11 96
9 11
9 93
23 93
23 25
25 87
37 87
37 57
37 57
37 57
41 57
5 41
5 41
41 70
30 70
30 47
30 47
30 94
94 97
44 97
35 44
35 44
26 44
26 83
39 83
39 62
39 62
1 39
1 39
39 43
43 72
72 92
42 92
42 92
29 92
7 29
7 38
38 65
49 65
8 49
8 48
48 98
16 98
16 50
16 50
16 86
6 86
6 42
20 42
20 73
72 73
10 72
10 15
15 81
15 81
15 67
67 71
67 71
7 67
7 21
21 82
21 82
21 60
33 60
33 51
33 51
33 69
69 99
53 99
53 89
88 89
61 88
27 61
27 61
27 61
