200 200 1259
0
1
2
3
4
5
6
7
8
9
10
11
12
13
14
15
16
17
18
19
20
21
22
23
24
25
26
27
28
29
30
31
32
33
34
35
36
37
38
39
40
41
42
43
44
45
46
47
48
49
50
51
52
53
54
55
56
57
58
59
60
61
62
63
64
65
66
67
68
69
70
71
72
73
74
75
76
77
78
79
80
81
82
83
84
85
86
87
88
89
90
91
92
93
94
95
96
97
98
99
100
101
102
103
104
105
106
107
108
109
110
111
112
113
114
115
116
117
118
119
120
121
122
123
124
125
126
127
128
129
130
131
132
133
134
135
136
137
138
139
140
141
142
143
144
145
146
147
148
149
150
151
152
153
154
155
156
157
158
159
160
161
162
163
164
165
166
167
168
169
170
171
172
173
174
175
176
177
178
179
180
181
182
183
184
185
186
187
188
189
190
191
192
193
194
195
196
197
198
199
0 61
0 166
1 18
1 134
2 24
2 145
3 85
3 152
4 112
4 169
5 29
5 112
6 73
6 111
7 106
7 114
8 151
8 172
9 10
9 136
10 16
11 92
11 100
12 54
12 67
13 76
13 95
14 132
14 163
15 43
15 91
16 136
17 116
17 135
18 191
19 96
19 143
20 87
20 111
21 131
21 195
22 122
22 158
23 52
23 148
24 123
25 35
25 44
26 81
26 110
27 172
27 185
28 45
28 181
29 169
30 118
30 186
31 56
31 109
32 140
32 165
33 37
33 109
34 101
34 108
35 119
36 70
36 120
37 113
38 48
38 128
39 99
39 144
40 41
40 42
41 147
42 62
43 95
44 153
45 190
46 49
46 162
47 71
47 75
48 72
49 162
50 164
50 182
51 59
51 108
52 148
53 80
53 102
54 184
55 71
55 120
56 147
57 63
57 165
58 180
58 196
59 101
60 141
60 199
61 166
62 89
63 66
64 160
64 198
65 76
65 94
66 85
67 150
68 82
68 188
69 92
69 94
70 126
72 98
73 188
74 106
74 149
75 96
77 97
77 179
78 84
78 99
79 150
79 195
80 117
81 110
82 137
83 144
83 146
84 126
86 97
86 176
87 170
88 154
88 178
89 167
90 93
90 121
91 132
93 152
98 102
100 192
103 163
103 193
104 156
104 173
105 130
105 175
107 140
107 141
113 119
114 149
115 125
115 157
116 154
117 121
118 187
122 161
123 138
124 167
124 197
125 157
127 133
127 142
128 155
129 139
129 174
130 175
131 137
133 142
134 191
135 189
138 145
139 181
143 192
146 199
151 184
153 176
155 190
156 194
158 161
159 185
159 189
160 171
164 182
168 180
168 196
170 178
171 177
173 194
174 193
177 198
179 197
183 186
183 187
