117 117 1167
46
2
15
93
87
93
29
13
70
83
74
83
96
0
1
79
11
37
3
52
75
91
71
12
66
94
63
68
55
41
24
28
24
22
78
63
68
88
68
5
53
94
53
14
60
54
45
34
36
73
48
25
42
50
95
39
80
69
43
4
99
57
31
23
84
19
17
49
90
49
17
81
30
7
10
97
10
44
65
82
62
9
20
86
35
21
76
35
86
16
85
61
8
40
64
92
59
92
26
58
33
51
18
47
56
47
32
38
77
67
89
27
46
98
6
72
6
2 46
2 15
15 93
87 93
87 93
29 93
13 29
13 70
70 83
74 83
74 83
83 96
0 96
0 1
1 79
11 79
11 37
3 37
3 52
52 75
75 91
71 91
12 71
12 66
66 94
63 94
63 68
55 68
41 55
24 41
24 28
24 28
22 24
22 78
63 78
63 68
68 88
68 88
5 68
5 53
53 94
53 94
14 53
14 60
54 60
45 54
34 45
34 36
36 73
48 73
25 48
25 42
42 50
50 95
39 95
39 80
69 80
43 69
4 43
4 99
57 99
31 57
23 31
23 84
19 84
17 19
17 49
49 90
49 90
17 49
17 81
30 81
7 30
7 10
10 97
10 97
10 44
44 65
65 82
62 82
9 62
9 20
20 86
35 86
21 35
21 76
35 76
35 86
16 86
16 85
61 85
8 61
8 40
40 64
64 92
59 92
59 92
26 92
26 58
33 58
33 51
18 51
18 47
47 56
47 56
32 47
32 38
38 77
67 77
67 89
27 89
27 46
46 98
6 98
6 72
6 72
6 46
