100 100 1361
0
1
2
3
4
5
6
7
8
9
10
11
12
13
14
15
16
17
18
19
20
21
22
23
24
25
26
27
28
29
30
31
32
33
34
35
36
37
38
39
40
41
42
43
44
45
46
47
48
49
50
51
52
53
54
55
56
57
58
59
60
61
62
63
64
65
66
67
68
69
70
71
72
73
74
75
76
77
78
79
80
81
82
83
84
85
86
87
88
89
90
91
92
93
94
95
96
97
98
99
0 46
0 63
1 29
1 38
2 12
2 34
3 5
3 8
4 6
4 98
5 27
6 85
7 36
7 97
8 9
9 94
10 18
10 42
11 67
11 95
12 52
13 41
13 44
14 60
14 73
15 23
15 65
16 81
16 84
17 22
17 82
18 51
19 74
19 77
20 33
20 51
21 67
21 88
22 29
23 79
24 28
24 76
25 55
25 99
26 76
26 94
27 49
28 95
30 41
30 56
31 50
31 89
32 69
32 74
33 91
34 87
35 54
35 72
36 78
37 71
37 83
38 44
39 81
39 90
40 93
40 96
42 64
43 86
43 92
45 52
45 85
46 83
47 72
47 92
48 54
48 68
49 80
50 68
53 88
53 89
55 77
56 65
57 60
57 64
58 69
58 93
59 75
59 78
61 66
61 87
62 63
62 96
66 82
70 75
70 99
71 86
73 98
79 90
80 84
91 97
