198 198 1252
0
1
2
3
4
5
6
7
8
9
10
11
12
13
14
15
16
17
18
19
20
21
22
23
24
25
26
27
28
29
30
31
32
33
34
35
36
37
38
39
40
41
42
43
44
45
46
47
48
49
50
51
52
53
54
55
56
57
58
59
60
61
62
63
64
65
66
67
68
69
70
71
72
73
74
75
76
77
78
79
80
81
82
83
84
85
86
87
88
89
90
91
92
93
94
95
96
97
98
99
100
101
102
103
104
105
106
107
108
109
110
111
112
113
114
115
116
117
118
120
121
122
123
124
125
126
127
128
129
130
131
132
133
134
135
136
137
138
139
140
141
142
143
144
145
146
147
148
149
150
151
152
153
154
155
156
157
158
159
160
161
162
163
164
165
166
167
168
169
170
171
172
173
174
175
176
177
178
179
180
181
182
183
184
185
186
187
189
190
191
192
193
194
195
196
197
198
199
0 83
0 189
1 27
1 162
2 95
2 180
3 66
3 85
4 127
4 132
5 166
5 167
6 16
6 176
7 82
7 90
8 17
8 102
9 25
9 57
10 62
10 164
11 90
11 174
12 113
12 159
13 94
13 121
14 26
14 96
15 24
15 189
16 28
17 171
18 127
18 155
19 38
19 65
20 61
20 101
21 29
21 199
22 33
22 50
23 106
23 140
24 83
25 145
26 115
27 101
28 60
29 196
30 32
30 182
31 149
31 194
32 165
33 50
34 36
34 55
35 148
35 158
36 81
37 48
37 57
38 41
39 136
39 143
40 77
40 152
41 141
42 130
42 163
43 54
43 70
44 100
44 171
45 126
45 158
46 135
46 148
47 59
47 134
48 56
49 53
49 117
51 67
51 102
52 69
52 177
53 95
54 137
55 146
56 173
58 109
58 179
59 71
60 174
61 168
62 164
63 64
63 122
64 159
65 169
66 197
67 178
68 139
68 145
69 177
70 130
71 108
72 89
72 104
73 124
73 187
74 78
74 113
75 82
75 117
76 182
76 190
77 172
78 175
79 84
79 107
80 150
80 183
81 163
84 191
85 97
86 129
86 170
87 109
87 179
88 112
88 142
89 125
91 186
91 192
92 105
92 153
93 114
93 133
94 121
96 165
97 107
98 122
98 175
99 103
99 167
100 170
103 157
104 147
105 153
106 138
108 134
110 120
110 142
111 169
111 190
112 120
114 133
115 149
116 181
116 195
118 152
118 172
123 154
123 185
124 141
125 147
126 186
128 140
128 176
129 131
131 156
132 184
135 191
136 139
137 193
138 185
143 195
144 156
144 196
146 187
150 183
151 161
151 178
154 160
155 184
157 166
160 198
161 168
162 198
173 181
180 193
192 197
194 199
