197 197 2033
0
1
2
3
4
5
6
7
8
9
10
11
12
13
14
15
16
17
18
19
20
22
23
24
25
26
27
28
29
30
31
32
33
34
35
36
37
38
39
40
41
42
43
44
45
46
47
48
49
50
51
52
53
54
55
56
57
58
59
60
61
62
63
64
65
66
67
68
69
70
71
72
73
74
75
76
77
78
79
80
81
82
83
84
85
86
87
88
89
90
91
93
94
95
96
97
98
99
100
101
102
103
104
105
106
107
108
109
110
111
112
113
114
115
116
117
118
119
120
121
122
124
125
126
127
128
129
130
131
132
133
134
135
136
137
138
139
140
141
142
143
144
145
146
147
148
149
150
151
152
153
154
155
156
157
158
159
160
161
162
163
164
165
166
167
168
169
170
171
172
173
174
175
176
177
178
179
180
181
182
183
184
185
186
187
188
189
190
191
192
193
194
195
196
197
198
199
0 52
0 183
1 30
1 196
2 50
2 116
3 27
3 40
4 133
4 189
5 46
5 140
6 48
6 103
7 77
7 151
8 16
8 25
9 108
9 109
10 45
10 60
11 147
11 193
12 73
12 137
13 22
13 79
14 97
14 171
15 41
15 118
16 25
17 87
17 129
18 91
18 149
19 112
19 125
20 38
20 107
22 51
23 54
23 166
24 44
24 151
26 42
26 95
27 51
28 82
28 163
29 48
29 124
30 76
31 102
31 174
32 80
32 114
33 170
33 189
34 72
34 105
35 120
35 181
36 55
36 185
37 134
37 172
38 131
39 128
39 171
40 111
41 118
42 176
43 122
43 156
44 192
45 120
46 169
47 91
47 159
49 112
49 184
50 116
52 183
53 138
53 149
54 164
55 57
56 126
56 192
57 58
58 127
59 135
59 142
60 173
61 157
61 173
62 106
62 194
63 106
63 177
64 71
64 113
65 190
65 191
66 175
66 198
67 135
67 195
68 78
68 114
69 108
69 117
70 109
70 111
71 86
72 164
73 148
74 101
74 197
75 89
75 141
76 83
77 121
78 104
79 196
80 147
81 97
81 188
82 178
83 96
84 88
84 155
85 161
85 163
86 177
87 142
88 165
89 141
90 94
90 175
93 134
93 199
94 158
95 195
96 180
98 127
98 178
99 121
99 156
100 110
100 139
101 162
102 136
103 179
104 182
105 130
107 153
110 125
113 160
115 129
115 169
117 159
119 168
119 197
122 186
124 199
126 176
128 167
130 182
131 153
132 144
132 193
133 170
136 150
137 148
138 180
139 161
140 167
143 154
143 185
144 181
145 158
145 166
146 154
146 174
150 198
152 186
152 188
155 187
157 184
160 194
162 168
165 187
172 190
179 191
