50 102 667
0
1
2
3
4
5
6
7
8
9
10
11
12
13
14
15
16
17
18
19
20
21
22
23
24
25
26
27
28
29
30
31
32
33
34
35
36
37
38
39
40
41
42
43
44
45
46
47
48
49
0 9
0 9
0 34
0 34
1 6
1 6
1 24
1 24
2 14
2 14
2 47
2 47
3 6
3 6
3 34
3 34
4 19
4 19
4 42
4 42
5 26
5 26
5 30
5 30
7 22
7 22
7 29
7 29
8 36
8 36
8 38
8 38
9 12
9 12
10 22
10 22
10 32
10 32
11 33
11 33
11 35
11 35
12 14
12 14
13 37
13 37
13 44
13 44
15 17
15 17
15 45
15 45
16 27
27 19
27 19
16 27
16 27
17 41
17 41
18 28
18 28
18 44
18 44
20 25
20 25
20 43
20 43
21 37
21 37
21 47
21 47
23 31
23 31
23 41
23 41
24 48
24 48
25 35
25 35
26 31
26 31
27 40
27 40
28 49
28 49
29 42
29 42
30 46
30 46
32 39
32 39
33 49
33 49
36 39
36 39
38 48
38 48
40 45
40 45
43 20
20 46
20 46
