110 110 981
22
45
77
86
96
91
36
74
29
20
37
89
14
52
7
55
40
41
53
87
48
95
24
28
38
85
60
6
25
8
51
25
13
50
33
50
79
88
57
35
9
35
79
42
97
17
30
94
30
78
23
59
93
21
15
27
49
26
84
19
16
0
32
81
12
64
12
62
1
58
90
75
63
70
2
43
98
46
34
3
76
65
44
65
44
92
11
73
18
56
99
69
71
67
5
66
83
10
61
72
47
72
31
54
39
80
39
68
4
82
22 45
45 77
77 86
86 96
91 96
36 91
36 74
29 74
20 29
20 37
37 89
14 89
14 52
7 52
7 55
40 55
40 41
41 53
53 87
48 87
48 95
24 95
24 28
28 38
38 85
60 85
6 60
6 25
8 25
8 51
25 51
13 25
13 50
33 50
33 50
50 79
79 88
57 88
35 57
9 35
9 35
35 79
42 79
42 97
17 97
17 30
30 94
30 94
30 78
23 78
23 59
59 93
21 93
15 21
15 27
27 49
26 49
26 84
19 84
16 19
0 16
0 32
32 81
12 81
12 64
12 64
12 62
1 62
1 58
58 90
75 90
63 75
63 70
2 70
2 43
43 98
46 98
34 46
3 34
3 76
65 76
44 65
44 65
44 65
44 92
11 92
11 73
18 73
18 56
56 99
69 99
69 71
67 71
5 67
5 66
66 83
10 83
10 61
61 72
47 72
47 72
31 72
31 54
39 54
39 80
39 80
39 68
4 68
4 82
22 82
