100 104 1580
0
1
2
3
4
5
6
7
8
9
10
11
12
13
14
15
16
17
18
19
20
21
22
23
24
25
26
27
28
29
30
31
32
33
34
35
36
37
38
39
40
41
42
43
44
45
46
47
48
49
50
51
52
53
54
55
56
57
58
59
60
61
62
63
64
65
66
67
68
69
70
71
72
73
74
75
76
77
78
79
80
81
82
83
84
85
86
87
88
89
90
91
92
93
94
95
96
97
98
99
0 18
0 74
1 39
1 42
2 19
2 55
3 36
3 63
4 5
4 34
5 71
6 18
6 60
7 32
8 29
8 35
8 79
9 17
9 99
10 51
10 64
10 75
11 66
11 93
12 80
12 81
13 45
13 58
14 19
14 21
15 34
15 48
16 21
16 58
17 94
20 28
20 71
21 86
21 96
22 40
22 52
23 46
23 49
24 75
24 82
25 56
25 86
26 67
26 68
27 39
27 78
28 88
29 8
30 43
30 80
31 82
31 85
32 62
32 94
33 95
35 50
35 84
36 65
37 44
37 79
37 99
38 54
38 61
40 76
41 55
41 95
42 44
43 87
45 77
46 85
47 53
47 78
48 89
49 62
50 83
51 77
52 70
53 90
54 96
56 69
57 63
57 66
59 88
60 92
61 98
64 10
65 98
67 72
68 70
69 92
72 91
73 72
73 74
76 83
81 97
88 87
89 37
90 97
95 93
