229 229 1777
141
21
18
16
193
53
112
187
191
172
32
108
12
44
165
167
179
23
195
79
98
20
111
45
41
119
166
105
132
105
158
185
64
88
37
122
77
1
77
1
176
140
70
155
39
156
148
100
3
56
91
9
162
66
145
27
133
168
94
189
5
168
30
161
60
151
52
87
60
25
60
151
52
57
143
57
52
83
92
180
68
34
74
95
74
144
42
196
197
199
107
13
55
82
115
147
173
29
114
183
130
0
36
0
75
139
154
103
4
33
90
118
90
33
142
0
35
102
69
129
120
101
59
11
84
136
47
137
22
170
96
198
50
163
72
73
182
15
49
15
93
182
73
48
97
150
80
150
61
67
175
38
178
113
127
86
28
49
169
125
134
85
149
85
157
81
157
85
177
194
123
152
188
2
128
46
24
78
192
58
126
117
19
121
19
135
7
106
135
99
160
99
31
186
26
190
17
6
65
51
171
104
131
184
76
184
89
43
138
186
124
54
159
181
8
40
63
110
71
116
153
62
146
109
10
109
174
164
14
21 141
18 21
16 18
16 193
53 193
53 112
112 187
187 191
172 191
32 172
32 108
12 108
12 44
44 165
165 167
167 179
23 179
23 195
79 195
79 98
20 98
20 111
45 111
41 45
41 119
119 166
105 166
105 132
105 132
105 158
158 185
64 185
64 88
37 88
37 122
77 122
1 77
1 77
1 77
1 176
140 176
70 140
70 155
39 155
39 156
148 156
100 148
3 100
3 56
56 91
9 91
9 162
66 162
66 145
27 145
27 133
133 168
94 168
94 189
5 189
5 168
30 168
30 161
60 161
60 151
52 151
52 87
60 87
25 60
25 60
60 151
52 151
52 57
57 143
57 143
52 57
52 83
83 92
92 180
68 180
34 68
34 74
74 95
74 95
74 144
42 144
42 196
196 197
197 199
107 199
13 107
13 55
55 82
82 115
115 147
147 173
29 173
29 114
114 183
130 183
0 130
0 36
0 36
0 75
75 139
139 154
103 154
4 103
4 33
33 90
90 118
90 118
33 90
33 142
0 142
0 35
35 102
69 102
69 129
120 129
101 120
59 101
11 59
11 84
84 136
47 136
47 137
22 137
22 170
96 170
96 198
50 198
50 163
72 163
72 73
73 182
15 182
15 49
15 49
15 93
93 182
73 182
48 73
48 97
97 150
80 150
80 150
61 150
61 67
67 175
38 175
38 178
113 178
113 127
86 127
28 86
28 49
49 169
125 169
125 134
85 134
85 149
85 149
85 157
81 157
81 157
85 157
85 177
177 194
123 194
123 152
152 188
2 188
2 128
46 128
24 46
24 78
78 192
58 192
58 126
117 126
19 117
19 121
19 121
19 135
7 135
7 106
106 135
99 135
99 160
99 160
31 99
31 186
26 186
26 190
17 190
6 17
6 65
51 65
51 171
104 171
104 131
131 184
76 184
76 184
89 184
43 89
43 138
138 186
124 186
54 124
54 159
159 181
8 181
8 40
40 63
63 110
71 110
71 116
116 153
62 153
62 146
109 146
10 109
10 109
109 174
164 174
14 164
14 141
