76 76 2627
101
50
124
109
36
152
73
199
69
68
162
94
172
38
16
93
159
95
81
59
122
108
24
155
91
84
169
78
106
102
80
131
98
87
65
90
67
92
44
63
154
121
150
33
163
192
147
83
96
190
198
170
72
61
45
142
34
133
97
31
74
21
185
130
82
75
60
107
173
161
13
76
181
88
86
5
50 101
50 124
109 124
36 109
36 152
73 152
73 199
69 199
68 69
68 162
94 162
94 172
38 172
16 38
16 93
93 159
95 159
81 95
59 81
59 122
108 122
24 108
24 155
91 155
84 91
84 169
78 169
78 106
102 106
80 102
80 131
98 131
87 98
65 87
65 90
67 90
67 92
44 92
44 63
63 154
121 154
121 150
33 150
33 163
163 192
147 192
83 147
83 96
96 190
190 198
170 198
72 170
61 72
45 61
45 142
34 142
34 133
97 133
31 97
31 74
21 74
21 185
130 185
82 130
75 82
60 75
60 107
107 173
161 173
13 161
13 76
76 181
88 181
86 88
5 86
5 101
