116 116 1233
79
58
90
50
89
55
89
68
37
65
5
74
98
28
43
0
40
0
53
0
41
0
40
19
9
15
9
69
82
69
52
96
46
96
48
33
71
93
70
32
3
66
10
97
2
38
42
56
23
88
1
36
67
36
95
16
83
63
54
63
7
51
76
24
87
57
87
94
24
18
49
14
80
21
80
17
78
17
78
72
34
35
86
29
4
47
27
6
64
75
84
25
11
73
22
44
61
30
85
91
62
8
77
26
13
31
45
59
20
12
39
12
60
99
92
81
58 79
58 90
50 90
50 89
55 89
55 89
68 89
37 68
37 65
5 65
5 74
74 98
28 98
28 43
0 43
0 40
0 40
0 53
0 53
0 41
0 41
0 40
19 40
9 19
9 15
9 15
9 69
69 82
69 82
52 69
52 96
46 96
46 96
48 96
33 48
33 71
71 93
70 93
32 70
3 32
3 66
10 66
10 97
2 97
2 38
38 42
42 56
23 56
23 88
1 88
1 36
36 67
36 67
36 95
16 95
16 83
63 83
54 63
54 63
7 63
7 51
51 76
24 76
24 87
57 87
57 87
87 94
24 94
18 24
18 49
14 49
14 80
21 80
21 80
17 80
17 78
17 78
17 78
72 78
34 72
34 35
35 86
29 86
4 29
4 47
27 47
6 27
6 64
64 75
75 84
25 84
11 25
11 73
22 73
22 44
44 61
30 61
30 85
85 91
62 91
8 62
8 77
26 77
13 26
13 31
31 45
45 59
20 59
12 20
12 39
12 39
12 60
60 99
92 99
81 92
79 81
