99 99 1135
0
1
2
3
4
5
6
7
8
9
10
11
12
13
14
15
16
17
18
19
20
21
22
23
24
25
26
27
28
29
30
31
32
33
34
35
36
37
38
39
40
41
42
43
44
45
46
47
48
50
51
52
53
54
55
56
57
58
59
60
61
62
63
64
65
66
67
68
69
70
71
72
73
74
75
76
77
78
79
80
81
82
83
84
85
86
87
88
89
90
91
92
93
94
95
96
97
98
99
0 42
0 97
1 24
1 66
2 5
2 59
3 14
3 79
4 37
4 95
5 80
6 52
6 96
7 35
7 88
8 24
8 42
9 69
9 77
10 38
10 51
11 75
11 81
12 55
12 80
13 17
13 54
14 29
15 48
15 60
16 45
16 84
17 91
18 88
18 93
19 44
19 56
20 31
20 81
21 52
21 90
22 34
22 89
23 43
23 68
25 27
25 44
26 40
26 43
27 56
28 65
28 98
29 66
30 85
30 87
31 76
32 58
32 61
33 40
33 65
34 77
35 47
36 61
36 94
37 50
38 69
39 62
39 72
41 45
41 78
46 54
46 83
47 93
48 57
50 98
51 82
53 60
53 97
55 64
57 83
58 99
59 86
62 92
63 78
63 86
64 71
67 91
67 96
68 70
70 94
71 79
72 74
73 85
73 92
74 87
75 82
76 90
84 89
95 99
