102 102 1032
5
51
21
64
41
62
19
24
91
97
63
86
67
74
52
26
6
48
65
83
11
15
69
34
75
99
18
30
4
49
53
98
10
93
87
54
20
45
0
84
44
89
32
43
60
95
8
7
39
78
39
17
58
2
72
79
61
50
81
73
76
90
96
9
31
12
33
29
13
14
42
23
94
40
56
47
16
25
46
59
70
38
82
3
68
66
37
92
37
28
1
35
88
55
77
55
27
80
22
85
57
71
5 51
21 51
21 64
41 64
41 62
19 62
19 24
24 91
91 97
63 97
63 86
67 86
67 74
52 74
26 52
6 26
6 48
48 65
65 83
11 83
11 15
15 69
34 69
34 75
75 99
18 99
18 30
4 30
4 49
49 53
53 98
10 98
10 93
87 93
54 87
20 54
20 45
0 45
0 84
44 84
44 89
32 89
32 43
43 60
60 95
8 95
7 8
7 39
39 78
39 78
17 39
17 58
2 58
2 72
72 79
61 79
50 61
50 81
73 81
73 76
76 90
90 96
9 96
9 31
12 31
12 33
29 33
13 29
13 14
14 42
23 42
23 94
40 94
40 56
47 56
16 47
16 25
25 46
46 59
59 70
38 70
38 82
3 82
3 68
66 68
37 66
37 92
37 92
28 37
1 28
1 35
35 88
55 88
55 77
55 77
27 55
27 80
22 80
22 85
57 85
57 71
5 71
