200 200 2052
0
1
2
3
4
5
6
7
8
9
10
11
12
13
14
15
16
17
18
19
20
21
22
23
24
25
26
27
28
29
30
31
32
33
34
35
36
37
38
39
40
41
42
43
44
45
46
47
48
49
50
51
52
53
54
55
56
57
58
59
60
61
62
63
64
65
66
67
68
69
70
71
72
73
74
75
76
77
78
79
80
81
82
83
84
85
86
87
88
89
90
91
92
93
94
95
96
97
98
99
100
101
102
103
104
105
106
107
108
109
110
111
112
113
114
115
116
117
118
119
120
121
122
123
124
125
126
127
128
129
130
131
132
133
134
135
136
137
138
139
140
141
142
143
144
145
146
147
148
149
150
151
152
153
154
155
156
157
158
159
160
161
162
163
164
165
166
167
168
169
170
171
172
173
174
175
176
177
178
179
180
181
182
183
184
185
186
187
188
189
190
191
192
193
194
195
196
197
198
199
0 109
0 146
1 26
1 199
2 13
2 190
3 22
3 171
4 47
4 63
5 16
5 161
6 105
6 147
7 124
7 146
8 158
8 199
9 42
9 132
10 65
10 110
11 29
11 145
12 45
12 125
13 30
14 16
14 130
15 52
15 152
17 69
17 70
18 88
18 118
19 96
19 178
20 75
20 155
21 62
21 80
22 102
23 95
23 158
24 61
24 94
25 103
25 133
26 155
27 67
27 87
28 103
28 151
29 138
30 50
31 111
31 136
32 81
32 149
33 57
33 90
34 49
34 73
35 44
35 71
36 117
36 154
37 55
37 156
38 43
38 99
39 102
39 147
40 182
40 193
41 85
41 115
42 101
43 137
44 97
45 114
46 181
46 193
47 119
48 119
48 135
49 195
50 80
51 56
51 172
52 149
53 61
53 198
54 167
54 173
55 176
56 172
57 62
58 70
58 165
59 167
59 168
60 96
60 143
63 90
64 121
64 176
65 127
66 77
66 188
67 104
68 93
68 181
69 74
71 191
72 184
72 196
73 117
74 112
75 120
76 116
76 194
77 175
78 143
78 178
79 106
79 118
81 195
82 83
82 185
83 151
84 171
84 177
85 140
86 123
86 126
87 180
88 183
89 91
89 198
91 115
92 139
92 170
93 120
94 131
95 142
97 148
98 153
98 160
99 192
100 110
100 141
101 161
104 129
105 164
106 136
107 144
107 185
108 134
108 177
109 187
111 169
112 174
113 162
113 164
114 179
116 153
121 197
122 142
122 157
123 145
124 133
125 168
126 138
127 182
128 148
128 159
129 179
130 132
131 188
134 197
135 163
137 170
139 186
140 160
141 194
144 174
150 192
150 196
152 189
154 189
156 163
157 165
159 191
162 186
166 175
166 187
169 183
173 190
180 184
