200 200 1252
0
1
2
3
4
5
6
7
8
9
10
11
12
13
14
15
16
17
18
19
20
21
22
23
24
25
26
27
28
29
30
31
32
33
34
35
36
37
38
39
40
41
42
43
44
45
46
47
48
49
50
51
52
53
54
55
56
57
58
59
60
61
62
63
64
65
66
67
68
69
70
71
72
73
74
75
76
77
78
79
80
81
82
83
84
85
86
87
88
89
90
91
92
93
94
95
96
97
98
99
100
101
102
103
104
105
106
107
108
109
110
111
112
113
114
115
116
117
118
119
120
121
122
123
124
125
126
127
128
129
130
131
132
133
134
135
136
137
138
139
140
141
142
143
144
145
146
147
148
149
150
151
152
153
154
155
156
157
158
159
160
161
162
163
164
165
166
167
168
169
170
171
172
173
174
175
176
177
178
179
180
181
182
183
184
185
186
187
188
189
190
191
192
193
194
195
196
197
198
199
0 7
0 161
1 21
1 22
2 56
2 146
3 43
3 150
4 35
4 42
5 51
5 170
6 36
6 146
7 124
8 13
8 66
9 21
9 82
10 30
10 132
11 37
11 42
12 111
12 197
13 34
14 138
14 166
15 38
15 50
16 78
16 184
17 80
17 167
18 77
18 93
19 101
19 195
20 121
20 197
22 140
23 27
23 59
24 72
24 168
25 100
25 108
26 91
26 173
27 73
28 84
28 187
29 114
29 118
30 136
31 120
31 162
32 40
32 128
33 67
33 198
34 122
35 90
36 76
37 76
38 165
39 59
39 153
40 155
41 85
41 113
43 152
44 58
44 63
45 98
45 131
46 48
46 97
47 94
47 164
48 139
49 69
49 137
50 52
51 135
52 165
53 68
53 144
54 97
54 178
55 115
55 174
56 100
57 120
57 145
58 153
60 75
60 86
61 68
61 181
62 138
62 196
63 128
64 157
64 192
65 73
65 179
66 74
67 113
69 175
70 143
70 183
71 143
71 166
72 171
74 92
75 176
77 130
78 186
79 117
79 172
80 151
81 83
81 85
82 163
83 159
84 116
86 148
87 123
87 156
88 169
88 198
89 124
89 172
90 154
91 176
92 102
93 177
94 164
95 107
95 111
96 142
96 169
98 131
99 126
99 135
101 102
103 168
103 179
104 144
104 181
105 107
105 193
106 125
106 152
108 134
109 151
109 188
110 117
110 133
112 122
112 191
114 118
115 159
116 187
119 160
119 180
121 193
123 156
125 190
126 158
127 141
127 182
129 163
129 189
130 174
132 149
133 160
134 148
136 149
137 167
139 180
140 155
141 161
142 147
145 162
147 177
150 154
157 189
158 190
170 182
171 199
173 191
175 188
178 186
183 199
184 194
185 192
185 196
194 195
