210 210 1378
167
111
21
52
100
49
78
140
53
109
61
14
43
58
70
65
56
130
8
51
102
87
44
119
156
45
55
101
145
185
39
36
30
122
183
174
72
85
141
76
96
123
96
165
161
118
193
160
12
112
189
112
26
92
73
195
190
137
171
90
133
31
169
57
71
129
95
50
75
38
124
159
84
11
197
79
32
34
127
188
107
67
155
120
32
120
99
25
29
83
176
27
194
144
126
23
147
134
142
16
192
135
9
199
82
88
150
4
80
22
173
143
164
187
117
24
117
59
139
47
40
17
162
131
1
77
106
125
66
125
154
196
138
28
181
191
186
69
89
54
166
19
146
19
104
151
198
2
35
103
6
179
62
175
81
41
163
18
148
18
64
132
116
157
37
180
115
184
7
33
97
94
108
110
152
86
168
178
91
113
5
182
158
153
121
172
20
68
10
60
46
63
48
177
98
170
0
3
105
93
136
42
74
49
13
149
114
15
128
21
111 167
21 111
21 52
52 100
49 100
49 78
78 140
53 140
53 109
61 109
14 61
14 43
43 58
58 70
65 70
56 65
56 130
8 130
8 51
51 102
87 102
44 87
44 119
119 156
45 156
45 55
55 101
101 145
145 185
39 185
36 39
30 36
30 122
122 183
174 183
72 174
72 85
85 141
76 141
76 96
96 123
96 123
96 165
161 165
118 161
118 193
160 193
12 160
12 112
112 189
112 189
26 112
26 92
73 92
73 195
190 195
137 190
137 171
90 171
90 133
31 133
31 169
57 169
57 71
71 129
95 129
50 95
50 75
38 75
38 124
124 159
84 159
11 84
11 197
79 197
32 79
32 34
34 127
127 188
107 188
67 107
67 155
120 155
32 120
32 120
99 120
25 99
25 29
29 83
83 176
27 176
27 194
144 194
126 144
23 126
23 147
134 147
134 142
16 142
16 192
135 192
9 135
9 199
82 199
82 88
88 150
4 150
4 80
22 80
22 173
143 173
143 164
164 187
117 187
24 117
24 117
59 117
59 139
47 139
40 47
17 40
17 162
131 162
1 131
1 77
77 106
106 125
66 125
66 125
125 154
154 196
138 196
28 138
28 181
181 191
186 191
69 186
69 89
54 89
54 166
19 166
19 146
19 146
19 104
104 151
151 198
2 198
2 35
35 103
6 103
6 179
62 179
62 175
81 175
41 81
41 163
18 163
18 148
18 148
18 64
64 132
116 132
116 157
37 157
37 180
115 180
115 184
7 184
7 33
33 97
94 97
94 108
108 110
110 152
86 152
86 168
168 178
91 178
91 113
5 113
5 182
158 182
153 158
121 153
121 172
20 172
20 68
10 68
10 60
46 60
46 63
48 63
48 177
98 177
98 170
0 170
0 3
3 105
93 105
93 136
42 136
42 74
49 74
13 49
13 149
114 149
15 114
15 128
21 128
21 167
