100 100 1137
0
1
2
3
4
5
6
7
8
9
10
11
12
13
14
15
16
17
18
19
20
21
22
23
24
25
26
27
28
29
30
31
32
33
34
35
36
37
38
39
40
41
42
43
44
45
46
47
48
49
50
51
52
53
54
55
56
57
58
59
60
61
62
63
64
65
66
67
68
69
70
71
72
73
74
75
76
77
78
79
80
81
82
83
84
85
86
87
88
89
90
91
92
93
94
95
96
97
98
99
0 21
0 99
1 61
1 81
2 32
2 61
3 19
3 69
4 38
4 48
5 82
5 88
6 82
6 90
7 51
7 54
8 14
8 42
9 20
9 77
10 12
10 13
11 26
11 53
12 63
13 86
14 66
15 37
15 57
16 43
16 91
17 41
17 59
18 40
18 90
19 62
20 52
21 24
22 72
22 75
23 25
23 46
24 80
25 73
26 84
27 35
27 76
28 64
28 70
29 34
29 54
30 70
30 86
31 56
31 89
32 51
33 58
33 74
34 42
35 88
36 91
36 99
37 41
38 60
39 85
39 95
40 43
44 45
44 49
45 83
46 92
47 96
47 98
48 75
49 97
50 84
50 94
52 78
53 76
55 71
55 89
56 96
57 92
58 72
59 95
60 79
62 67
63 93
64 83
65 79
65 80
66 81
67 68
68 69
71 98
73 74
77 93
78 97
85 87
87 94
