67 67 1155
0
1
2
3
4
6
7
8
10
11
13
15
16
19
20
21
22
23
24
25
26
27
28
30
31
33
37
38
39
40
41
44
46
47
48
49
50
51
52
56
57
59
61
62
64
69
72
75
76
77
78
79
80
81
82
83
84
85
87
88
89
92
94
95
96
97
98
0 69
0 96
1 13
1 87
2 40
2 44
3 48
3 83
4 47
4 72
6 19
6 31
7 16
7 38
8 62
8 87
10 61
10 89
11 57
11 88
13 89
15 49
15 95
16 82
19 96
20 49
20 52
21 40
21 72
22 46
22 85
23 38
23 56
24 46
24 83
25 62
25 79
26 28
26 39
27 52
27 59
28 84
30 64
30 92
31 33
33 88
37 44
37 94
39 76
41 80
41 84
47 50
48 77
50 97
51 97
51 98
56 59
57 81
61 64
69 75
75 80
76 78
77 78
79 94
81 92
82 85
95 98
