100 100 916
0
1
2
3
4
5
6
7
8
9
10
11
12
13
14
15
16
17
18
19
20
21
22
23
24
25
26
27
28
29
30
31
32
33
34
35
36
37
38
39
40
41
42
43
44
45
46
47
48
49
50
51
52
53
54
55
56
57
58
59
60
61
62
63
64
65
66
67
68
69
70
71
72
73
74
75
76
77
78
79
80
81
82
83
84
85
86
87
88
89
90
91
92
93
94
95
96
97
98
99
0 57
0 80
1 2
1 40
2 93
3 17
3 85
4 9
4 78
5 12
5 21
6 32
6 83
7 10
7 41
8 14
8 45
9 87
10 31
11 44
11 47
12 27
13 72
13 97
14 45
15 49
15 80
16 19
16 75
17 37
18 36
18 73
19 73
20 49
20 86
21 53
22 56
22 70
23 44
23 64
24 46
24 59
25 33
25 60
26 88
26 93
27 58
28 43
28 65
29 62
29 77
30 52
30 92
31 35
32 74
33 72
34 37
34 62
35 42
36 51
38 39
38 95
39 50
40 88
41 90
42 82
43 70
46 96
47 66
48 50
48 85
51 58
52 69
53 81
54 79
54 84
55 64
55 75
56 74
57 77
59 83
60 98
61 76
61 79
63 67
63 71
65 90
66 87
67 71
68 78
68 95
69 92
76 97
81 94
82 89
84 98
86 99
89 96
91 94
91 99
