67 67 2628
9
71
151
133
39
186
165
7
63
163
60
70
188
70
183
164
109
192
138
192
138
162
1
21
118
176
197
156
47
130
87
160
73
67
193
50
171
105
141
185
114
175
64
35
124
8
195
2
95
158
153
172
177
172
83
144
161
65
68
184
55
82
81
180
132
43
38
9 71
71 151
133 151
39 133
39 186
165 186
7 165
7 63
63 163
60 163
60 70
70 188
70 188
70 183
164 183
109 164
109 192
138 192
138 192
138 192
138 162
1 162
1 21
21 118
118 176
176 197
156 197
47 156
47 130
87 130
87 160
73 160
67 73
67 193
50 193
50 171
105 171
105 141
141 185
114 185
114 175
64 175
35 64
35 124
8 124
8 195
2 195
2 95
95 158
153 158
153 172
172 177
172 177
83 172
83 144
144 161
65 161
65 68
68 184
55 184
55 82
81 82
81 180
132 180
43 132
38 43
9 38
