222 222 1789
114
17
166
140
4
149
26
170
57
169
105
10
79
165
69
84
142
168
126
185
180
185
83
7
63
145
108
199
108
12
11
192
52
87
141
183
14
116
14
156
133
5
15
5
39
5
133
37
70
118
2
177
2
16
81
48
163
48
163
1
189
163
72
117
153
104
143
78
44
85
111
152
82
98
8
119
66
172
45
107
188
9
194
88
62
27
60
97
164
109
198
160
136
130
38
129
167
96
43
110
54
13
161
68
187
41
29
128
29
144
123
135
138
25
67
0
103
171
178
71
91
65
74
122
91
6
64
75
94
36
28
158
127
158
59
20
196
20
51
93
132
76
121
31
182
47
181
191
139
191
101
92
137
42
92
124
40
146
49
89
77
154
147
155
125
162
23
112
23
134
33
50
32
30
193
150
90
24
176
22
106
46
106
22
174
157
64
115
100
73
100
179
100
151
131
195
159
34
184
95
18
102
56
102
55
120
58
80
113
86
148
53
21
84
35
99
175
197
173
19
3
186
17 114
17 166
140 166
4 140
4 149
26 149
26 170
57 170
57 169
105 169
10 105
10 79
79 165
69 165
69 84
84 142
142 168
126 168
126 185
180 185
180 185
83 185
7 83
7 63
63 145
108 145
108 199
108 199
12 108
11 12
11 192
52 192
52 87
87 141
141 183
14 183
14 116
14 116
14 156
133 156
5 133
5 15
5 15
5 39
5 39
5 133
37 133
37 70
70 118
2 118
2 177
2 177
2 16
16 81
48 81
48 163
48 163
48 163
1 163
1 189
163 189
72 163
72 117
117 153
104 153
104 143
78 143
44 78
44 85
85 111
111 152
82 152
82 98
8 98
8 119
66 119
66 172
45 172
45 107
107 188
9 188
9 194
88 194
62 88
27 62
27 60
60 97
97 164
109 164
109 198
160 198
136 160
130 136
38 130
38 129
129 167
96 167
43 96
43 110
54 110
13 54
13 161
68 161
68 187
41 187
29 41
29 128
29 128
29 144
123 144
123 135
135 138
25 138
25 67
0 67
0 103
103 171
171 178
71 178
71 91
65 91
65 74
74 122
91 122
6 91
6 64
64 75
75 94
36 94
28 36
28 158
127 158
127 158
59 158
20 59
20 196
20 196
20 51
51 93
93 132
76 132
76 121
31 121
31 182
47 182
47 181
181 191
139 191
139 191
101 191
92 101
92 137
42 137
42 92
92 124
40 124
40 146
49 146
49 89
77 89
77 154
147 154
147 155
125 155
125 162
23 162
23 112
23 112
23 134
33 134
33 50
32 50
30 32
30 193
150 193
90 150
24 90
24 176
22 176
22 106
46 106
46 106
22 106
22 174
157 174
64 157
64 115
100 115
73 100
73 100
100 179
100 179
100 151
131 151
131 195
159 195
34 159
34 184
95 184
18 95
18 102
56 102
56 102
55 102
55 120
58 120
58 80
80 113
86 113
86 148
53 148
21 53
21 84
35 84
35 99
99 175
175 197
173 197
19 173
3 19
3 186
114 186
