Error code = 10013
Unable to write to file './output/N100D0.5K10T0P0.1/model.lp'

58 58 803
2
3
5
6
7
9
10
11
12
14
16
18
22
23
24
26
28
29
30
32
34
35
40
42
45
46
48
51
54
59
60
61
68
69
70
71
74
75
76
77
78
79
80
81
82
83
84
85
87
88
89
90
91
95
96
97
98
99
2 71
2 88
3 51
3 77
5 87
5 97
6 18
6 89
7 9
7 78
9 24
10 12
10 35
11 14
11 75
12 34
14 23
16 40
16 76
18 89
22 28
22 80
23 26
24 60
26 98
28 84
29 69
29 78
30 48
30 99
32 74
32 98
34 81
35 81
40 76
42 54
42 79
45 71
45 88
46 59
46 97
48 59
51 61
54 79
60 91
61 77
68 82
68 90
69 91
70 83
70 95
74 95
75 83
80 99
82 90
84 96
85 87
85 96
