199 199 1504
0
1
2
3
4
5
7
8
9
10
11
12
13
14
15
16
17
18
19
20
21
22
23
24
25
26
27
28
29
30
31
32
33
34
35
36
37
38
39
40
41
42
43
44
45
46
47
48
49
50
51
52
53
54
55
56
57
58
59
60
61
62
63
64
65
66
67
68
69
70
71
72
73
74
75
76
77
78
79
80
81
82
83
84
85
86
87
88
89
90
91
92
93
94
95
96
97
98
99
100
101
102
103
104
105
106
107
108
109
110
111
112
113
114
115
116
117
118
119
120
121
122
123
124
125
126
127
128
129
130
131
132
133
134
135
136
137
138
139
140
141
142
143
144
145
146
147
148
149
150
151
152
153
154
155
156
157
158
159
160
161
162
163
164
165
166
167
168
169
170
171
172
173
174
175
176
177
178
179
180
181
182
183
184
185
186
187
188
189
190
191
192
193
194
195
196
197
198
199
0 49
0 150
1 10
1 33
2 107
2 198
3 17
3 42
4 61
4 63
5 100
5 191
7 23
7 82
8 59
8 102
9 24
9 159
10 172
11 73
11 132
12 22
12 121
13 158
13 161
14 117
14 178
15 105
15 144
16 110
16 117
17 28
18 55
18 177
19 24
19 71
20 75
20 180
21 43
21 167
22 198
23 151
25 114
25 153
26 88
26 192
27 68
27 123
28 38
29 143
29 165
30 124
30 190
31 138
31 186
32 60
32 89
33 113
34 43
34 65
35 116
35 154
36 54
36 78
37 83
37 97
38 104
39 96
39 136
40 48
40 106
41 49
41 148
42 196
44 48
44 95
45 47
45 154
46 78
46 155
47 145
50 124
50 189
51 134
51 185
52 157
52 171
53 138
53 164
54 88
55 116
56 65
56 147
57 93
57 135
58 97
58 101
59 187
60 191
61 93
62 69
62 160
63 146
64 135
64 187
66 87
66 182
67 70
67 112
68 77
69 90
70 118
71 101
72 121
72 169
73 171
74 91
74 98
75 115
76 109
76 181
77 108
79 167
79 190
80 104
80 176
81 99
81 184
82 86
83 159
84 177
84 196
85 157
85 166
86 176
87 178
89 182
90 147
91 137
92 131
92 188
94 119
94 126
95 106
96 142
98 141
99 120
100 175
102 163
103 129
103 173
105 151
107 109
108 146
110 139
111 119
111 199
112 128
113 127
114 186
115 180
118 172
120 149
122 133
122 156
123 125
125 155
126 140
127 168
128 156
129 179
130 153
130 164
131 181
132 162
133 168
134 185
136 142
137 179
139 183
140 199
141 194
143 197
144 152
145 170
148 195
149 175
150 183
152 195
158 174
160 188
161 174
162 166
163 184
165 193
169 192
170 189
173 194
193 197
