197 197 1172
0
1
2
3
4
5
6
7
8
9
10
11
12
13
14
15
16
17
18
19
20
21
22
23
24
25
26
27
28
29
30
31
32
33
34
36
37
38
39
40
41
42
43
44
45
46
47
48
49
50
51
52
53
54
55
56
57
58
59
60
61
62
63
64
65
66
67
68
69
70
71
72
73
74
75
76
77
78
79
80
81
82
83
84
85
86
87
88
89
90
91
92
93
94
95
96
97
98
99
100
101
102
103
104
105
106
107
108
109
110
111
112
113
114
115
116
117
118
119
120
121
122
123
124
125
126
127
128
129
130
131
132
133
134
135
136
137
138
139
140
142
143
144
145
146
147
148
149
150
151
152
153
154
155
156
157
158
159
160
161
162
163
164
165
166
167
168
169
170
171
172
173
174
175
176
177
178
179
180
181
183
184
185
186
187
188
189
190
191
192
193
194
195
196
197
198
199
0 26
0 63
1 28
1 111
2 52
2 190
3 50
3 97
4 56
4 147
5 38
5 123
6 11
6 160
7 90
7 196
8 125
8 181
9 16
9 76
10 26
10 81
11 14
12 93
12 99
13 16
13 130
14 161
15 151
15 165
17 36
17 139
18 62
18 136
19 57
19 87
20 106
20 107
21 40
21 47
22 64
22 195
23 128
23 180
24 46
24 69
25 51
25 184
27 104
27 133
28 176
29 117
29 124
30 48
30 71
31 70
31 173
32 158
32 178
33 112
33 172
34 143
34 161
36 96
37 78
37 180
38 137
39 135
39 159
40 145
41 114
41 140
42 98
42 186
43 56
43 59
44 65
44 187
45 177
45 190
46 184
47 173
48 82
49 101
49 114
50 169
51 193
52 177
53 110
53 160
54 58
54 74
55 138
55 179
57 89
58 74
59 147
60 75
60 115
61 156
61 174
62 136
63 157
64 102
65 94
66 134
66 166
67 70
67 175
68 69
68 116
71 82
72 122
72 133
73 77
73 168
75 191
76 130
77 189
78 198
79 117
79 193
80 85
80 165
81 157
83 120
83 155
84 103
84 144
85 123
86 163
86 195
87 131
88 152
88 194
89 94
90 118
91 106
91 176
92 164
92 199
93 101
95 124
95 185
96 127
97 120
98 122
99 162
100 126
100 144
102 148
103 167
104 153
105 132
105 196
107 156
108 139
108 192
109 121
109 142
110 194
111 191
112 171
113 170
113 188
115 143
116 162
118 154
119 146
119 151
121 142
125 181
126 138
127 169
128 198
129 164
129 199
131 152
132 178
134 166
135 149
137 150
140 197
145 188
146 155
148 187
149 183
150 175
153 186
154 170
158 159
163 174
167 179
168 189
171 172
183 197
185 192
