122 122 1790
84
25
11
9
35
47
79
0
45
39
15
26
21
93
21
31
3
81
53
13
72
40
75
43
75
40
14
80
86
80
14
85
27
22
94
7
54
18
50
30
18
54
33
55
69
73
64
57
70
0
2
29
10
56
58
77
82
6
23
6
34
91
99
65
4
12
48
92
24
51
28
78
28
32
76
44
38
1
19
59
19
60
87
20
66
96
20
37
17
41
68
83
42
74
42
83
98
71
61
5
23
46
23
5
62
36
23
10
97
49
95
90
89
90
8
67
52
88
63
16
63
52
25 84
11 25
9 11
9 35
35 47
47 79
0 79
0 45
39 45
15 39
15 26
21 26
21 93
21 93
21 31
3 31
3 81
53 81
13 53
13 72
40 72
40 75
43 75
43 75
40 75
14 40
14 80
80 86
80 86
14 80
14 85
27 85
22 27
22 94
7 94
7 54
18 54
18 50
30 50
18 30
18 54
33 54
33 55
55 69
69 73
64 73
57 64
57 70
0 70
0 2
2 29
10 29
10 56
56 58
58 77
77 82
6 82
6 23
6 23
6 34
34 91
91 99
65 99
4 65
4 12
12 48
48 92
24 92
24 51
28 51
28 78
28 78
28 32
32 76
44 76
38 44
1 38
1 19
19 59
19 59
19 60
60 87
20 87
20 66
66 96
20 96
20 37
17 37
17 41
41 68
68 83
42 83
42 74
42 74
42 83
83 98
71 98
61 71
5 61
5 23
23 46
23 46
5 23
5 62
36 62
23 36
10 23
10 97
49 97
49 95
90 95
89 90
89 90
8 90
8 67
52 67
52 88
63 88
16 63
16 63
52 63
52 84
