250 250 2538
106
179
66
102
4
52
74
141
122
68
83
33
193
137
145
137
134
65
185
65
134
172
199
89
80
27
72
143
58
62
58
96
115
158
94
167
94
26
129
26
71
168
71
26
77
177
9
123
60
181
80
55
93
105
73
53
7
28
22
105
194
19
194
87
116
99
165
99
31
40
31
195
32
8
146
44
49
18
169
119
76
131
176
131
76
127
15
91
10
157
133
132
13
5
13
63
107
50
64
110
21
88
24
86
127
2
125
198
86
124
42
34
20
34
151
191
120
191
192
173
180
173
120
191
85
191
85
191
85
3
155
138
170
189
81
16
79
47
153
161
149
113
162
1
75
1
154
69
30
163
43
6
43
112
25
118
36
118
178
37
156
183
108
197
108
183
12
92
117
92
97
142
41
187
45
46
14
0
190
35
175
144
184
139
17
95
101
171
57
186
57
171
148
147
104
136
174
136
114
150
159
128
61
128
61
51
59
188
59
84
126
38
126
182
111
78
160
166
78
70
78
121
56
98
56
98
54
196
82
196
39
29
152
29
39
103
130
103
67
11
23
48
109
140
100
90
164
135
66
179
106 179
66 179
66 102
4 102
4 52
52 74
74 141
122 141
68 122
68 83
33 83
33 193
137 193
137 145
137 145
134 137
65 134
65 185
65 185
65 134
134 172
172 199
89 199
80 89
27 80
27 72
72 143
58 143
58 62
58 62
58 96
96 115
115 158
94 158
94 167
94 167
26 94
26 129
26 129
26 71
71 168
71 168
26 71
26 77
77 177
9 177
9 123
60 123
60 181
80 181
55 80
55 93
93 105
73 105
53 73
7 53
7 28
22 28
22 105
105 194
19 194
19 194
87 194
87 116
99 116
99 165
99 165
31 99
31 40
31 40
31 195
32 195
8 32
8 146
44 146
44 49
18 49
18 169
119 169
76 119
76 131
131 176
131 176
76 131
76 127
15 127
15 91
10 91
10 157
133 157
132 133
13 132
5 13
5 13
13 63
63 107
50 107
50 64
64 110
21 110
21 88
24 88
24 86
86 127
2 127
2 125
125 198
86 198
86 124
42 124
34 42
20 34
20 34
34 151
151 191
120 191
120 191
191 192
173 192
173 180
173 180
120 173
120 191
85 191
85 191
85 191
85 191
85 191
3 85
3 155
138 155
138 170
170 189
81 189
16 81
16 79
47 79
47 153
153 161
149 161
113 149
113 162
1 162
1 75
1 75
1 154
69 154
30 69
30 163
43 163
6 43
6 43
43 112
25 112
25 118
36 118
36 118
118 178
37 178
37 156
156 183
108 183
108 197
108 197
108 183
12 183
12 92
92 117
92 117
92 97
97 142
41 142
41 187
45 187
45 46
14 46
0 14
0 190
35 190
35 175
144 175
144 184
139 184
17 139
17 95
95 101
101 171
57 171
57 186
57 186
57 171
148 171
147 148
104 147
104 136
136 174
136 174
114 136
114 150
150 159
128 159
61 128
61 128
61 128
51 61
51 59
59 188
59 188
59 84
84 126
38 126
38 126
126 182
111 182
78 111
78 160
160 166
78 166
70 78
70 78
78 121
56 121
56 98
56 98
56 98
54 98
54 196
82 196
82 196
39 196
29 39
29 152
29 152
29 39
39 103
103 130
103 130
67 103
11 67
11 23
23 48
48 109
109 140
100 140
90 100
90 164
135 164
66 135
66 179
106 179
