103 103 2737
160
106
168
76
133
105
133
196
98
187
181
22
175
152
69
161
95
149
143
114
25
49
119
185
167
53
166
101
92
157
178
80
48
54
186
174
189
44
27
52
194
97
65
191
23
5
57
172
96
138
155
62
179
130
0
154
127
156
169
13
173
13
63
3
195
192
79
188
104
72
70
158
100
91
15
26
59
99
110
75
129
45
171
117
193
117
120
117
74
40
134
58
198
21
198
21
84
78
184
111
28
27
159
106 160
106 168
76 168
76 133
105 133
105 133
133 196
98 196
98 187
181 187
22 181
22 175
152 175
69 152
69 161
95 161
95 149
143 149
114 143
25 114
25 49
49 119
119 185
167 185
53 167
53 166
101 166
92 101
92 157
157 178
80 178
48 80
48 54
54 186
174 186
174 189
44 189
27 44
27 52
52 194
97 194
65 97
65 191
23 191
5 23
5 57
57 172
96 172
96 138
138 155
62 155
62 179
130 179
0 130
0 154
127 154
127 156
156 169
13 169
13 173
13 173
13 63
3 63
3 195
192 195
79 192
79 188
104 188
72 104
70 72
70 158
100 158
91 100
15 91
15 26
26 59
59 99
99 110
75 110
75 129
45 129
45 171
117 171
117 193
117 193
117 120
117 120
74 117
40 74
40 134
58 134
58 198
21 198
21 198
21 198
21 84
78 84
78 184
111 184
28 111
27 28
27 159
159 160
