100 100 1370
0
1
2
3
4
5
6
7
8
9
10
11
12
13
14
15
16
17
18
19
20
21
22
23
24
25
26
27
28
29
30
31
32
33
34
35
36
37
38
39
40
41
42
43
44
45
46
47
48
49
50
51
52
53
54
55
56
57
58
59
60
61
62
63
64
65
66
67
68
69
70
71
72
73
74
75
76
77
78
79
80
81
82
83
84
85
86
87
88
89
90
91
92
93
94
95
96
97
98
99
0 41
0 83
1 19
1 66
2 13
2 93
3 16
3 66
4 47
4 76
5 8
5 29
6 21
6 58
7 56
7 62
8 54
9 28
9 39
10 79
10 95
11 26
11 71
12 27
12 34
13 22
14 77
14 78
15 59
15 72
16 25
17 80
17 81
18 32
18 44
19 65
20 60
20 70
21 33
22 42
23 80
23 94
24 51
24 78
25 88
26 53
27 84
28 83
29 38
30 67
30 72
31 57
31 60
32 92
33 99
34 65
35 62
35 68
36 41
36 98
37 55
37 61
38 73
39 95
40 61
40 63
42 91
43 46
43 75
44 85
45 76
45 98
46 75
47 97
48 74
48 91
49 89
49 94
50 59
50 97
51 77
52 63
52 87
53 69
54 69
55 82
56 64
57 70
58 96
64 68
67 86
71 79
73 82
74 86
81 90
84 88
85 92
87 90
89 93
96 99
