100 100 1414
0
1
2
3
4
5
6
7
8
9
10
11
12
13
14
15
16
17
18
19
20
21
22
23
24
25
26
27
28
29
30
31
32
33
34
35
36
37
38
39
40
41
42
43
44
45
46
47
48
49
50
51
52
53
54
55
56
57
58
59
60
61
62
63
64
65
66
67
68
69
70
71
72
73
74
75
76
77
78
79
80
81
82
83
84
85
86
87
88
89
90
91
92
93
94
95
96
97
98
99
0 62
0 89
1 5
1 59
2 14
2 64
3 6
3 17
4 48
4 77
5 40
6 87
7 22
7 95
8 35
8 36
9 67
9 83
10 15
10 41
11 57
11 95
12 16
12 85
13 29
13 47
14 70
15 44
16 72
17 52
18 49
18 96
19 73
19 78
20 39
20 55
21 61
21 70
22 93
23 25
23 50
24 38
24 72
25 35
26 36
26 87
27 62
27 79
28 34
28 42
29 53
30 71
30 84
31 43
31 88
32 51
32 59
33 63
33 94
34 83
37 69
37 85
38 94
39 91
40 80
41 71
42 45
43 50
44 56
45 81
46 49
46 89
47 48
51 98
52 65
53 90
54 75
54 84
55 75
56 78
57 68
58 76
58 86
60 91
60 99
61 97
63 82
64 73
65 77
66 80
66 88
67 68
69 99
74 81
74 92
76 82
79 93
86 90
92 97
96 98
