99 99 1540
0
1
2
3
4
5
6
7
8
9
10
11
12
13
14
16
17
18
19
20
21
22
23
24
25
26
27
28
29
30
31
32
33
34
35
36
37
38
39
40
41
42
43
44
45
46
47
48
49
50
51
52
53
54
55
56
57
58
59
60
61
62
63
64
65
66
67
68
69
70
71
72
73
74
75
76
77
78
79
80
81
82
83
84
85
86
87
88
89
90
91
92
93
94
95
96
97
98
99
0 22
0 53
1 16
1 22
2 11
2 99
3 39
3 44
4 68
4 93
5 74
5 79
6 72
6 82
7 12
7 87
8 54
8 56
9 80
9 95
10 81
10 94
11 90
12 47
13 34
13 95
14 20
14 73
16 57
17 42
17 85
18 43
18 65
19 73
19 87
20 35
21 64
21 96
23 65
23 75
24 36
24 96
25 34
25 72
26 62
26 83
27 47
27 94
28 54
28 81
29 62
29 83
30 36
30 64
31 38
31 70
32 57
32 59
33 55
33 66
35 50
37 55
37 88
38 88
39 77
40 61
40 77
41 48
41 66
42 82
43 98
44 70
45 63
45 68
46 75
46 78
48 90
49 52
49 93
50 56
51 63
51 67
52 84
53 97
58 76
58 89
59 61
60 86
60 91
67 99
69 71
69 97
71 89
74 79
76 80
78 98
84 92
85 92
86 91
