252 252 2562
47
186
19
186
19
186
197
22
160
170
59
156
121
196
48
196
81
126
81
194
146
138
166
0
25
153
74
56
163
82
163
56
187
70
167
154
40
54
89
14
89
187
52
100
136
85
177
20
177
9
32
9
130
4
130
92
188
43
139
119
142
35
142
119
139
43
3
28
51
101
190
3
11
16
17
125
45
103
152
105
152
103
131
87
159
104
50
114
5
198
111
106
117
176
97
73
97
73
86
73
148
46
124
161
124
181
123
127
1
158
1
26
120
30
120
91
21
13
8
128
71
173
42
137
168
46
134
12
78
118
168
46
168
76
39
76
168
118
165
18
165
102
80
122
115
61
195
186
138
146
95
36
93
140
157
189
109
99
110
72
66
79
31
141
192
60
83
155
107
141
185
63
171
58
41
68
57
68
129
29
151
145
179
193
27
44
27
65
34
53
184
23
149
10
143
64
38
75
150
164
113
174
113
90
24
172
144
172
162
67
162
172
24
116
33
147
182
94
96
108
96
147
33
180
33
135
193
175
63
6
84
62
112
191
2
15
2
49
37
183
169
77
169
133
98
178
7
88
7
69
199
132
47 186
19 186
19 186
19 186
19 186
186 197
22 197
22 160
160 170
59 170
59 156
121 156
121 196
48 196
48 196
81 196
81 126
81 126
81 194
146 194
138 146
138 166
0 166
0 25
25 153
74 153
56 74
56 163
82 163
82 163
56 163
56 187
70 187
70 167
154 167
40 154
40 54
54 89
14 89
14 89
89 187
52 187
52 100
100 136
85 136
85 177
20 177
20 177
9 177
9 32
9 32
9 130
4 130
4 130
92 130
92 188
43 188
43 139
119 139
119 142
35 142
35 142
119 142
119 139
43 139
3 43
3 28
28 51
51 101
101 190
3 190
3 11
11 16
16 17
17 125
45 125
45 103
103 152
105 152
105 152
103 152
103 131
87 131
87 159
104 159
50 104
50 114
5 114
5 198
111 198
106 111
106 117
117 176
97 176
73 97
73 97
73 97
73 86
73 86
73 148
46 148
46 124
124 161
124 161
124 181
123 181
123 127
1 127
1 158
1 158
1 26
26 120
30 120
30 120
91 120
21 91
13 21
8 13
8 128
71 128
71 173
42 173
42 137
137 168
46 168
46 134
12 134
12 78
78 118
118 168
46 168
46 168
76 168
39 76
39 76
76 168
118 168
118 165
18 165
18 165
102 165
80 102
80 122
115 122
61 115
61 195
186 195
138 186
138 146
95 146
36 95
36 93
93 140
140 157
157 189
109 189
99 109
99 110
72 110
66 72
66 79
31 79
31 141
141 192
60 192
60 83
83 155
107 155
107 141
141 185
63 185
63 171
58 171
41 58
41 68
57 68
57 68
68 129
29 129
29 151
145 151
145 179
179 193
27 193
27 44
27 44
27 65
34 65
34 53
53 184
23 184
23 149
10 149
10 143
64 143
38 64
38 75
75 150
150 164
113 164
113 174
113 174
90 113
24 90
24 172
144 172
144 172
162 172
67 162
67 162
162 172
24 172
24 116
33 116
33 147
147 182
94 182
94 96
96 108
96 108
96 147
33 147
33 180
33 180
33 135
135 193
175 193
63 175
6 63
6 84
62 84
62 112
112 191
2 191
2 15
2 15
2 49
37 49
37 183
169 183
77 169
77 169
133 169
98 133
98 178
7 178
7 88
7 88
7 69
69 199
132 199
47 132
