69 69 1323
45
37
41
25
1
22
32
19
23
19
26
15
47
49
8
48
29
38
11
39
33
5
0
44
2
12
24
36
24
12
24
7
17
48
34
48
29
35
40
43
28
20
3
20
46
20
28
43
28
30
27
13
27
30
6
42
6
4
9
21
18
21
14
21
16
10
31
10
41
37 45
37 41
25 41
1 25
1 22
22 32
19 32
19 23
19 23
19 26
15 26
15 47
47 49
8 49
8 48
29 48
29 38
11 38
11 39
33 39
5 33
0 5
0 44
2 44
2 12
12 24
24 36
24 36
12 24
12 24
7 24
7 17
17 48
34 48
34 48
29 48
29 35
35 40
40 43
28 43
20 28
3 20
3 20
20 46
20 46
20 28
28 43
28 43
28 30
27 30
13 27
13 27
27 30
6 30
6 42
6 42
4 6
4 9
9 21
18 21
18 21
14 21
14 21
16 21
10 16
10 31
10 31
10 41
41 45
