98 98 1529
0
1
2
3
4
5
6
7
8
9
10
12
13
14
15
16
17
19
20
21
22
23
24
25
26
27
28
29
30
31
32
33
34
35
36
37
38
39
40
41
42
43
44
45
46
47
48
49
50
51
52
53
54
55
56
57
58
59
60
61
62
63
64
65
66
67
68
69
70
71
72
73
74
75
76
77
78
79
80
81
82
83
84
85
86
87
88
89
90
91
92
93
94
95
96
97
98
99
0 71
0 90
1 9
1 47
2 15
2 87
3 40
3 57
4 33
4 76
5 49
5 98
6 81
6 97
7 46
7 66
8 33
8 91
9 30
10 27
10 80
12 79
12 85
13 86
13 97
14 35
14 93
15 66
16 26
16 53
17 65
17 96
19 51
19 76
20 27
20 43
21 36
21 80
22 47
22 81
23 26
23 41
24 54
24 73
25 50
25 67
28 63
28 69
29 44
29 50
30 82
31 48
31 52
32 72
32 98
34 37
34 53
35 82
36 84
37 78
38 57
38 62
39 63
39 89
40 95
41 48
42 74
42 94
43 99
44 67
45 64
45 75
46 94
49 59
51 77
52 96
54 72
55 70
55 75
56 65
56 86
58 69
58 99
59 60
60 68
61 77
61 91
62 90
64 93
68 71
70 92
73 83
74 87
78 79
83 85
84 89
88 92
88 95
