80 80 1330
0
1
2
3
4
6
7
8
9
10
11
12
13
15
16
17
19
20
21
22
23
24
25
26
27
28
29
32
33
34
36
37
38
39
40
41
42
43
44
45
47
48
49
50
51
53
54
55
56
57
58
59
61
62
63
64
65
66
68
69
72
74
75
76
77
78
81
82
83
85
86
87
88
90
92
93
94
95
98
99
0 7
0 28
1 74
1 92
2 27
2 59
3 8
3 90
4 69
4 85
6 34
6 49
7 45
8 51
9 47
9 50
10 13
10 99
11 61
11 63
12 32
12 77
13 99
15 17
15 59
16 72
16 86
17 58
19 47
19 69
20 58
20 94
21 24
21 87
22 45
22 57
23 44
23 63
24 48
25 53
25 65
26 56
26 74
27 41
28 48
29 54
29 62
32 39
33 64
33 75
34 38
36 54
36 94
37 44
37 51
38 49
39 66
40 50
40 82
41 98
42 55
42 98
43 68
43 92
53 61
55 76
56 68
57 88
62 76
64 75
65 93
66 72
77 86
78 81
78 83
81 95
82 85
83 95
87 88
90 93
