200 200 1631
0
1
2
3
4
5
6
7
8
9
10
11
12
13
14
15
16
17
18
19
20
21
22
23
24
25
26
27
28
29
30
31
32
33
34
35
36
37
38
39
40
41
42
43
44
45
46
47
48
49
50
51
52
53
54
55
56
57
58
59
60
61
62
63
64
65
66
67
68
69
70
71
72
73
74
75
76
77
78
79
80
81
82
83
84
85
86
87
88
89
90
91
92
93
94
95
96
97
98
99
100
101
102
103
104
105
106
107
108
109
110
111
112
113
114
115
116
117
118
119
120
121
122
123
124
125
126
127
128
129
130
131
132
133
134
135
136
137
138
139
140
141
142
143
144
145
146
147
148
149
150
151
152
153
154
155
156
157
158
159
160
161
162
163
164
165
166
167
168
169
170
171
172
173
174
175
176
177
178
179
180
181
182
183
184
185
186
187
188
189
190
191
192
193
194
195
196
197
198
199
0 62
0 163
1 140
1 174
2 61
2 159
3 82
3 128
4 67
4 94
5 130
5 153
6 98
6 114
7 35
7 107
8 170
8 175
9 19
9 170
10 132
10 164
11 17
11 81
12 69
12 142
13 79
13 137
14 77
14 120
15 30
15 187
16 53
16 75
17 118
18 54
18 150
19 52
20 82
20 116
21 53
21 61
22 138
22 195
23 191
23 193
24 110
24 133
25 63
25 173
26 32
26 109
27 88
27 119
28 149
28 193
29 48
29 122
30 91
31 64
31 199
32 143
33 156
33 191
34 50
34 188
35 146
36 38
36 136
37 101
37 199
38 63
39 123
39 180
40 57
40 159
41 73
41 187
42 85
42 122
43 95
43 167
44 171
44 196
45 139
45 192
46 104
46 114
47 52
47 71
48 72
49 166
49 190
50 68
51 164
51 183
54 116
55 87
55 198
56 99
56 108
57 102
58 107
58 196
59 157
59 183
60 147
60 162
62 194
64 168
65 165
65 172
66 92
66 141
67 185
68 72
69 129
70 84
70 127
71 135
73 148
74 184
74 192
75 133
76 125
76 161
77 178
78 145
78 146
79 189
80 155
80 177
81 194
83 140
83 144
84 120
85 188
86 153
86 181
87 115
88 89
89 156
90 95
90 124
91 158
92 179
93 128
93 168
94 185
96 97
96 130
97 134
98 182
99 108
100 111
100 117
101 103
102 186
103 163
104 151
105 144
105 172
106 129
106 131
109 119
110 121
111 160
112 123
112 198
113 131
113 182
115 137
117 165
118 142
121 186
124 197
125 161
126 162
126 169
127 176
132 152
134 175
135 173
136 184
138 149
139 147
141 179
143 189
145 157
148 154
150 152
151 174
154 158
155 177
160 195
166 190
167 197
169 176
171 178
180 181
