Error code = 10013
Unable to write to file './output/N50D07K10T1P1/model.lp'

50 50 655
0
1
2
3
4
5
6
7
8
9
10
11
12
13
14
15
16
17
18
19
20
21
22
23
24
25
26
27
28
29
30
31
32
33
34
35
36
37
38
39
40
41
42
43
44
45
46
47
48
49
0 4
0 12
1 14
1 34
2 21
2 46
3 18
3 47
4 49
5 20
5 38
6 39
6 44
7 40
7 42
8 19
8 26
9 23
9 42
10 38
10 48
11 24
11 37
12 23
13 17
13 27
14 28
15 18
15 22
16 32
16 33
17 49
19 26
20 48
21 29
22 47
24 45
25 31
25 41
27 37
28 32
29 43
30 35
30 36
31 35
33 40
34 43
36 46
39 44
41 45
