200 200 1506
0
1
2
3
4
5
6
7
8
9
10
11
12
13
14
15
16
17
18
19
20
21
22
23
24
25
26
27
28
29
30
31
32
33
34
35
36
37
38
39
40
41
42
43
44
45
46
47
48
49
50
51
52
53
54
55
56
57
58
59
60
61
62
63
64
65
66
67
68
69
70
71
72
73
74
75
76
77
78
79
80
81
82
83
84
85
86
87
88
89
90
91
92
93
94
95
96
97
98
99
100
101
102
103
104
105
106
107
108
109
110
111
112
113
114
115
116
117
118
119
120
121
122
123
124
125
126
127
128
129
130
131
132
133
134
135
136
137
138
139
140
141
142
143
144
145
146
147
148
149
150
151
152
153
154
155
156
157
158
159
160
161
162
163
164
165
166
167
168
169
170
171
172
173
174
175
176
177
178
179
180
181
182
183
184
185
186
187
188
189
190
191
192
193
194
195
196
197
198
199
0 31
0 182
1 45
1 174
2 134
2 173
3 79
3 107
4 104
4 122
5 37
5 52
6 78
6 198
7 63
7 65
8 169
8 175
9 172
9 193
10 94
10 185
11 67
11 88
12 56
12 120
13 63
13 93
14 56
14 120
15 71
15 135
16 102
16 176
17 123
17 160
18 171
18 190
19 62
19 114
20 122
20 197
21 116
21 143
22 52
22 81
23 28
23 133
24 74
24 183
25 75
25 144
26 186
26 199
27 55
27 190
28 197
29 64
29 124
30 40
30 152
31 153
32 72
32 138
33 49
33 58
34 92
34 110
35 83
35 130
36 115
36 137
37 93
38 178
38 192
39 100
39 198
40 152
41 101
41 113
42 132
42 196
43 159
43 196
44 51
44 165
45 90
46 50
46 162
47 96
47 119
48 108
48 140
49 58
50 164
51 126
53 61
53 181
54 77
54 80
55 139
57 70
57 131
59 109
59 149
60 166
60 191
61 97
62 195
64 92
65 103
66 118
66 194
67 135
68 91
68 126
69 83
69 158
70 131
71 161
72 80
73 153
73 182
74 183
75 97
76 157
76 193
77 178
78 191
79 90
81 96
82 165
82 192
84 108
84 125
85 107
85 174
86 155
86 188
87 147
87 151
88 158
89 113
89 159
91 127
94 185
95 145
95 170
98 128
98 173
99 134
99 136
100 142
101 144
102 164
103 106
104 146
105 148
105 184
106 166
109 149
110 124
111 163
111 167
112 142
112 145
114 195
115 150
116 143
117 141
117 187
118 151
119 140
121 148
121 184
123 128
125 169
127 138
129 163
129 167
130 137
132 154
133 176
136 139
141 170
146 161
147 194
150 175
154 177
155 187
156 179
156 180
157 172
160 162
168 179
168 180
171 188
177 186
181 189
189 199
