100 100 1128
0
1
2
3
4
5
6
7
8
9
10
11
12
13
14
15
16
17
18
19
20
21
22
23
24
25
26
27
28
29
30
31
32
33
34
35
36
37
38
39
40
41
42
43
44
45
46
47
48
49
50
51
52
53
54
55
56
57
58
59
60
61
62
63
64
65
66
67
68
69
70
71
72
73
74
75
76
77
78
79
80
81
82
83
84
85
86
87
88
89
90
91
92
93
94
95
96
97
98
99
0 27
0 45
1 22
1 65
2 32
2 89
3 18
3 65
4 5
4 10
5 94
6 74
6 78
7 83
7 99
8 45
8 86
9 25
9 44
10 91
11 14
11 69
12 51
12 64
13 23
13 84
14 58
15 39
15 99
16 48
16 71
17 28
17 53
18 49
19 47
19 69
20 23
20 46
21 87
21 98
22 53
24 77
24 81
25 40
26 38
26 56
27 68
28 54
29 81
29 95
30 62
30 67
31 33
31 79
32 92
33 72
34 51
34 88
35 43
35 97
36 61
36 90
37 39
37 89
38 75
40 97
41 59
41 73
42 52
42 85
43 57
44 49
46 91
47 93
48 68
50 56
50 86
52 82
54 83
55 64
55 98
57 78
58 80
59 70
60 63
60 96
61 84
62 74
63 73
66 88
66 90
67 96
70 77
71 87
72 76
75 80
76 85
79 94
82 95
92 93
