199 199 1469
0
1
2
3
4
5
6
7
8
9
10
11
12
13
14
15
16
17
18
19
20
21
22
23
24
25
26
27
28
29
30
31
32
33
34
35
36
37
38
39
40
41
42
43
44
45
46
47
48
49
50
51
52
53
54
55
56
57
58
59
60
61
62
63
64
65
66
67
68
69
70
71
72
73
74
75
76
77
78
79
80
81
82
83
84
85
86
87
88
89
90
91
92
93
94
95
96
97
98
99
100
101
102
103
104
105
106
107
108
109
110
111
112
113
114
115
116
117
118
119
120
121
122
123
124
125
126
127
128
129
130
131
132
133
134
135
136
137
138
139
140
141
142
143
144
145
146
147
148
149
150
151
152
153
154
155
156
157
158
159
160
161
162
163
164
165
166
167
168
169
170
171
172
173
174
175
176
178
179
180
181
182
183
184
185
186
187
188
189
190
191
192
193
194
195
196
197
198
199
0 25
0 126
1 109
1 127
2 155
2 163
3 76
3 107
4 31
4 173
5 29
5 50
6 16
6 147
7 47
7 169
8 36
8 93
9 33
9 94
10 63
10 137
11 109
11 114
12 14
12 126
13 71
13 146
14 25
15 43
15 178
16 82
17 26
17 166
18 27
18 69
19 79
19 84
20 72
20 189
21 141
21 149
22 27
22 69
23 65
23 161
24 128
24 182
26 135
28 56
28 75
29 62
30 85
30 121
31 66
32 57
32 155
33 67
34 80
34 192
35 40
35 127
36 194
37 81
37 82
38 143
38 186
39 54
39 176
40 133
41 89
41 161
42 89
42 132
43 110
44 59
44 108
45 60
45 100
46 97
46 154
47 186
48 54
48 60
49 95
49 97
50 64
51 83
51 131
52 153
52 162
53 83
53 173
55 140
55 141
56 106
57 199
58 88
58 158
59 191
61 145
61 164
62 117
63 157
64 184
65 160
66 117
67 146
68 135
68 143
70 159
70 189
71 102
72 179
73 78
73 170
74 119
74 150
75 105
76 180
77 140
77 149
78 133
79 194
80 165
81 147
84 95
85 129
86 115
86 116
87 187
87 197
88 166
90 111
90 178
91 130
91 174
92 122
92 183
93 142
94 154
96 152
96 198
98 118
98 125
99 139
99 144
100 185
101 138
101 172
102 128
103 193
103 196
104 114
104 136
105 167
106 185
107 124
108 193
110 156
111 156
112 134
112 168
113 148
113 175
115 171
116 131
118 190
119 181
120 121
120 130
122 152
123 190
123 198
124 134
125 183
129 163
132 153
136 180
137 172
138 157
139 191
142 196
144 162
145 164
148 175
150 151
151 197
158 188
159 160
165 176
167 181
168 192
169 182
170 195
171 184
174 199
179 195
187 188
