106 106 1009
62
37
8
20
71
65
18
94
60
96
59
64
39
18
33
45
86
69
52
29
90
2
4
13
93
95
76
9
80
27
30
7
58
36
58
16
47
79
85
26
81
3
54
19
72
31
72
11
25
63
81
70
34
0
28
21
83
87
89
6
87
35
98
10
38
48
38
50
77
23
55
44
73
91
84
75
22
42
17
53
57
15
14
40
68
78
61
99
24
5
32
66
49
12
51
82
56
46
67
92
74
43
97
88
1
41
37 62
8 37
8 20
20 71
65 71
18 65
18 94
60 94
60 96
59 96
59 64
39 64
18 39
18 33
33 45
45 86
69 86
52 69
29 52
29 90
2 90
2 4
4 13
13 93
93 95
76 95
9 76
9 80
27 80
27 30
7 30
7 58
36 58
36 58
16 58
16 47
47 79
79 85
26 85
26 81
3 81
3 54
19 54
19 72
31 72
31 72
11 72
11 25
25 63
63 81
70 81
34 70
0 34
0 28
21 28
21 83
83 87
87 89
6 89
6 87
35 87
35 98
10 98
10 38
38 48
38 48
38 50
50 77
23 77
23 55
44 55
44 73
73 91
84 91
75 84
22 75
22 42
17 42
17 53
53 57
15 57
14 15
14 40
40 68
68 78
61 78
61 99
24 99
5 24
5 32
32 66
49 66
12 49
12 51
51 82
56 82
46 56
46 67
67 92
74 92
43 74
43 97
88 97
1 88
1 41
41 62
