200 200 1544
0
1
2
3
4
5
6
7
8
9
10
11
12
13
14
15
16
17
18
19
20
21
22
23
24
25
26
27
28
29
30
31
32
33
34
35
36
37
38
39
40
41
42
43
44
45
46
47
48
49
50
51
52
53
54
55
56
57
58
59
60
61
62
63
64
65
66
67
68
69
70
71
72
73
74
75
76
77
78
79
80
81
82
83
84
85
86
87
88
89
90
91
92
93
94
95
96
97
98
99
100
101
102
103
104
105
106
107
108
109
110
111
112
113
114
115
116
117
118
119
120
121
122
123
124
125
126
127
128
129
130
131
132
133
134
135
136
137
138
139
140
141
142
143
144
145
146
147
148
149
150
151
152
153
154
155
156
157
158
159
160
161
162
163
164
165
166
167
168
169
170
171
172
173
174
175
176
177
178
179
180
181
182
183
184
185
186
187
188
189
190
191
192
193
194
195
196
197
198
199
0 23
0 158
1 46
1 89
2 150
2 168
3 42
3 158
4 59
4 71
5 79
5 197
6 14
6 152
7 57
7 189
8 123
8 129
9 114
9 145
10 67
10 187
11 29
11 165
12 147
12 182
13 117
13 140
14 21
15 120
15 166
16 104
16 142
17 28
17 85
18 44
18 116
19 25
19 99
20 95
20 195
21 84
22 36
22 156
23 27
24 122
24 126
25 185
26 59
26 98
27 198
28 149
29 89
30 135
30 183
31 83
31 176
32 153
32 188
33 108
33 185
34 94
34 124
35 92
35 132
36 156
37 48
37 102
38 80
38 108
39 75
39 81
40 66
40 74
41 121
41 166
42 64
43 126
43 157
44 45
45 129
46 112
47 50
47 85
48 139
49 97
49 118
50 131
51 101
51 194
52 87
52 137
53 97
53 115
54 109
54 144
55 141
55 149
56 100
56 136
57 61
58 76
58 155
60 184
60 198
61 176
62 128
62 154
63 147
63 161
64 96
65 117
65 190
66 105
67 90
68 174
68 175
69 142
69 153
70 159
70 194
71 84
72 146
72 170
73 134
73 191
74 105
75 160
76 178
77 106
77 135
78 123
78 143
79 172
80 112
81 150
82 88
82 113
83 125
86 127
86 173
87 148
88 118
90 193
91 110
91 157
92 184
93 169
93 197
94 143
95 161
96 139
98 152
99 179
100 162
101 160
102 155
103 163
103 177
104 138
106 196
107 165
107 171
109 192
110 122
111 115
111 170
113 164
114 181
116 190
119 154
119 187
120 151
121 130
124 180
125 173
127 193
128 183
130 189
131 132
133 186
133 199
134 145
136 162
137 159
138 182
140 191
141 192
144 171
146 195
148 164
151 181
163 186
167 172
167 178
168 188
169 179
174 177
175 199
180 196
