100 101 1229
0
1
2
3
4
5
6
7
8
9
10
11
12
13
14
15
16
17
18
19
20
21
22
23
24
25
26
27
28
29
30
31
32
33
34
35
36
37
38
39
40
41
42
43
44
45
46
47
48
49
50
51
52
53
54
55
56
57
58
59
60
61
62
63
64
65
66
67
68
69
70
71
72
73
74
75
76
77
78
79
80
81
82
83
84
85
86
87
88
89
90
91
92
93
94
95
96
97
98
99
0 38
0 76
1 6
1 81
2 9
2 55
3 35
3 46
4 12
4 71
5 31
5 61
6 77
7 42
7 88
8 24
8 87
9 54
10 79
10 92
11 18
11 43
12 52
13 41
13 60
14 21
14 98
15 47
15 53
16 94
16 99
17 40
17 74
18 20
19 22
19 39
20 69
21 71
22 59
23 36
23 52
24 92
25 74
25 99
26 31
26 45
27 72
27 93
28 83
28 93
29 77
29 90
30 32
30 49
32 40
33 64
33 97
34 38
34 68
35 51
36 55
37 51
37 73
39 65
41 44
42 67
43 49
44 48
45 78
46 70
47 61
48 66
50 80
50 96
53 64
54 73
56 59
56 88
57 84
57 90
58 83
58 86
60 98
62 84
62 97
63 66
63 75
65 82
67 72
68 69
0 70
0 76
75 85
78 86
79 95
80 91
81 95
82 85
87 96
89 91
89 94
