61 61 1457
4
2
90
33
86
25
98
13
10
78
76
7
81
64
3
95
59
16
40
47
44
24
4
36
79
49
26
51
93
15
30
11
48
63
87
1
12
5
54
68
31
38
43
84
34
50
27
22
94
19
0
71
74
35
8
58
77
17
73
61
52
2 4
2 90
33 90
33 86
25 86
25 98
13 98
10 13
10 78
76 78
7 76
7 81
64 81
3 64
3 95
59 95
16 59
16 40
40 47
44 47
24 44
4 24
4 36
36 79
49 79
26 49
26 51
51 93
15 93
15 30
11 30
11 48
48 63
63 87
1 87
1 12
5 12
5 54
54 68
31 68
31 38
38 43
43 84
34 84
34 50
27 50
22 27
22 94
19 94
0 19
0 71
71 74
35 74
8 35
8 58
58 77
17 77
17 73
61 73
52 61
4 52
