83 83 771
0
1
2
3
4
5
6
7
8
9
10
11
12
13
14
15
17
18
19
20
21
22
23
24
25
26
28
29
30
31
32
34
35
36
37
39
40
41
43
44
45
46
47
48
49
50
52
53
54
55
56
57
59
60
62
63
64
65
66
67
68
69
70
74
75
76
77
78
79
82
83
84
85
86
87
88
89
90
91
93
94
95
97
0 5
0 46
1 5
1 94
2 3
2 7
3 7
4 69
4 91
6 14
6 23
8 35
8 84
9 28
9 44
10 24
10 95
11 65
11 82
12 21
12 93
13 41
13 64
14 50
15 68
15 85
17 36
17 85
18 28
18 44
19 25
19 87
20 48
20 62
21 29
22 47
22 83
23 32
24 77
25 87
26 63
26 82
29 31
30 35
30 60
31 62
32 84
34 45
34 53
36 48
37 43
37 54
39 66
39 67
40 46
40 78
41 70
43 76
45 53
47 83
49 60
49 63
50 97
52 65
52 74
54 76
55 68
55 79
56 57
56 88
57 88
59 86
59 90
64 89
66 67
69 91
70 89
74 97
75 78
75 93
77 95
79 94
86 90
