77 77 1166
1
3
5
6
8
9
10
11
12
14
15
16
17
18
20
21
22
23
24
25
26
27
28
29
32
34
35
36
37
38
39
40
41
43
45
46
47
50
51
53
54
55
56
58
59
60
61
62
63
64
65
66
67
69
71
73
74
75
76
77
78
79
82
83
84
86
87
88
89
91
92
93
94
95
96
97
98
1 37
1 96
3 6
3 66
5 22
5 82
6 96
8 55
8 71
9 23
9 56
10 40
10 46
11 24
11 71
12 26
12 53
14 25
14 58
15 28
15 45
16 65
16 98
17 35
17 66
18 59
18 97
20 79
20 98
21 86
21 88
22 63
23 43
24 60
25 43
26 29
27 29
27 82
28 86
32 37
32 59
34 76
34 79
35 75
36 39
36 51
38 41
38 94
39 89
40 55
41 97
45 78
46 62
47 56
47 89
50 60
50 64
51 91
53 74
54 69
54 94
58 83
61 76
61 93
62 78
63 84
64 92
65 75
67 88
67 91
69 87
73 74
73 87
77 93
77 95
83 84
92 95
