197 197 1262
0
1
2
3
4
5
6
7
8
9
10
11
12
13
14
15
16
17
18
19
20
21
22
23
24
25
26
27
28
29
30
32
33
34
35
36
37
38
39
40
41
42
43
44
45
46
47
48
49
50
51
52
53
54
55
56
57
58
59
60
61
62
63
64
65
66
67
68
69
70
71
72
73
74
75
76
77
78
79
80
81
82
83
84
85
86
87
88
89
90
91
92
94
95
96
97
98
99
101
102
103
104
105
106
107
108
109
110
111
112
113
114
115
116
117
118
119
120
121
122
123
124
125
126
127
128
129
130
131
132
133
134
135
136
137
138
139
140
141
142
143
144
145
146
147
148
149
150
151
152
153
154
155
156
157
158
159
160
161
162
163
164
165
166
167
168
169
170
171
172
173
174
175
176
177
178
179
180
181
182
183
184
185
186
187
188
189
190
191
192
193
194
195
196
197
198
199
0 45
0 124
1 5
1 179
2 73
2 156
3 85
3 131
4 80
4 150
5 50
6 44
6 145
7 26
7 51
8 66
8 177
9 167
9 181
10 146
10 198
11 43
11 188
12 53
12 54
13 85
13 178
14 137
14 186
15 63
15 196
16 96
16 141
17 42
17 126
18 23
18 114
19 70
19 163
20 59
20 161
21 47
21 120
22 105
22 197
23 114
24 92
24 154
25 86
25 147
26 123
27 41
27 140
28 65
28 122
29 81
29 172
30 74
30 117
32 38
32 84
33 131
33 163
34 104
34 150
35 79
35 110
36 83
36 185
37 109
37 162
38 64
39 76
39 144
40 41
40 140
42 58
43 188
44 67
45 142
46 178
46 199
47 120
48 59
48 77
49 134
49 136
50 187
51 168
52 96
52 133
53 54
55 124
55 193
56 92
56 165
57 107
57 137
58 160
60 98
60 148
61 78
61 170
62 71
62 75
63 196
64 155
65 130
66 177
67 113
68 95
68 164
69 151
69 184
70 136
71 75
72 157
72 190
73 182
74 117
76 118
77 81
78 97
79 110
80 104
82 105
82 109
83 185
84 155
86 130
87 94
87 149
88 153
88 176
89 143
89 192
90 189
90 197
91 138
91 194
94 195
95 156
97 170
98 126
99 119
99 181
101 169
101 173
102 108
102 180
103 162
103 189
106 174
106 184
107 121
108 125
111 125
111 152
112 143
112 192
113 158
115 129
115 146
116 123
116 134
118 144
119 128
121 145
122 166
127 139
127 174
128 176
129 183
132 183
132 198
133 142
135 141
135 152
138 194
139 167
147 175
148 175
149 153
151 160
154 182
157 186
158 159
159 171
161 190
164 165
166 187
168 199
169 173
171 195
172 191
179 180
191 193
