80 80 771
1
3
4
5
6
7
8
9
10
11
12
13
14
15
16
17
18
19
21
22
23
24
25
28
29
30
32
33
34
35
37
38
39
40
41
43
45
46
47
48
49
50
51
55
56
57
58
59
60
61
62
63
64
65
67
68
69
70
71
72
73
75
77
79
81
82
84
85
86
87
88
90
91
92
93
94
95
96
97
99
1 35
1 57
3 21
3 48
4 5
4 81
5 72
6 46
6 96
7 28
7 47
8 17
8 68
9 15
9 40
10 18
10 99
11 92
11 95
12 24
12 82
13 34
13 71
14 16
14 86
15 97
16 49
17 68
18 49
19 29
19 88
21 75
22 38
22 70
23 51
23 88
24 99
25 56
25 71
28 37
29 51
30 61
30 69
32 64
32 65
33 58
33 73
34 56
35 50
37 47
38 63
39 72
39 81
40 84
41 57
41 87
43 46
43 94
45 77
45 79
48 67
50 85
55 61
55 62
58 73
59 86
59 87
60 64
60 93
62 90
63 70
65 91
67 97
69 90
75 84
77 79
82 85
91 93
92 95
94 96
