Error code = 10013
Unable to write to file './output/N100D03K20T0P1/model.lp'

91 91 1554
0
2
3
5
6
7
8
9
10
11
12
13
14
15
16
18
19
20
21
22
23
24
25
26
27
28
29
30
31
32
33
34
35
37
38
39
40
41
42
43
45
46
47
48
49
50
51
52
53
54
55
56
57
58
59
60
61
62
63
64
65
66
67
68
69
70
72
73
74
75
76
77
79
80
81
82
83
84
85
86
87
89
90
91
92
94
95
96
97
98
99
0 12
0 25
2 56
2 85
3 72
3 96
5 16
5 51
6 65
6 79
7 26
7 55
8 40
8 89
9 22
9 83
10 64
10 90
11 41
11 85
12 82
13 59
13 72
14 21
14 38
15 32
15 67
16 29
18 25
18 62
19 35
19 46
20 86
20 95
21 87
22 23
23 45
24 52
24 77
26 60
27 48
27 80
28 30
28 97
29 55
30 33
31 47
31 94
32 47
33 42
34 53
34 58
35 54
37 83
37 95
38 81
39 69
39 75
40 61
41 84
42 69
43 74
43 77
45 94
46 57
48 84
49 76
49 87
50 68
50 99
51 60
52 82
53 58
54 90
56 80
57 79
59 63
61 70
62 92
63 86
64 73
65 97
66 73
66 98
67 76
68 96
70 75
74 91
81 98
89 99
91 92
