100 100 1114
0
1
2
3
4
5
6
7
8
9
10
11
12
13
14
15
16
17
18
19
20
21
22
23
24
25
26
27
28
29
30
31
32
33
34
35
36
37
38
39
40
41
42
43
44
45
46
47
48
49
50
51
52
53
54
55
56
57
58
59
60
61
62
63
64
65
66
67
68
69
70
71
72
73
74
75
76
77
78
79
80
81
82
83
84
85
86
87
88
89
90
91
92
93
94
95
96
97
98
99
0 20
0 24
1 9
1 28
2 29
2 96
3 36
3 62
4 43
4 99
5 27
5 51
6 17
6 69
7 8
7 77
8 9
10 50
10 72
11 29
11 45
12 18
12 49
13 21
13 35
14 47
14 88
15 25
15 67
16 59
16 99
17 50
18 64
19 38
19 91
20 76
21 98
22 47
22 59
23 89
23 94
24 89
25 90
26 74
26 83
27 87
28 30
30 67
31 66
31 83
32 41
32 86
33 72
33 88
34 42
34 44
35 93
36 82
37 48
37 68
38 92
39 73
39 76
40 45
40 71
41 44
42 93
43 57
46 78
46 97
48 91
49 81
51 85
52 75
52 96
53 62
53 73
54 66
54 97
55 57
55 58
56 58
56 65
60 84
60 92
61 63
61 82
63 80
64 79
65 86
68 80
69 90
70 74
70 84
71 81
75 95
77 85
78 79
87 95
94 98
