58 58 985
45
54
59
44
57
6
39
6
39
87
20
32
11
26
40
26
5
35
82
71
41
8
34
38
47
22
12
91
51
17
85
17
53
64
70
30
37
36
19
9
72
25
95
67
24
52
23
58
62
66
21
2
15
28
96
43
33
80
45 54
54 59
44 59
44 57
6 57
6 39
6 39
6 39
39 87
20 87
20 32
11 32
11 26
26 40
26 40
5 26
5 35
35 82
71 82
41 71
8 41
8 34
34 38
38 47
22 47
12 22
12 91
51 91
17 51
17 85
17 85
17 53
53 64
64 70
30 70
30 37
36 37
19 36
9 19
9 72
25 72
25 95
67 95
24 67
24 52
23 52
23 58
58 62
62 66
21 66
2 21
2 15
15 28
28 96
43 96
33 43
33 80
45 80
