100 100 1514
0
1
2
3
4
5
6
7
8
9
10
11
12
13
14
15
16
17
18
19
20
21
22
23
24
25
26
27
28
29
30
31
32
33
34
35
36
37
38
39
40
41
42
43
44
45
46
47
48
49
50
51
52
53
54
55
56
57
58
59
60
61
62
63
64
65
66
67
68
69
70
71
72
73
74
75
76
77
78
79
80
81
82
83
84
85
86
87
88
89
90
91
92
93
94
95
96
97
98
99
0 50
0 78
1 11
1 19
2 25
2 30
3 49
3 90
4 21
4 96
5 31
5 51
6 38
6 69
7 45
7 58
8 42
8 72
9 17
9 70
10 89
10 95
11 33
12 72
12 91
13 44
13 97
14 39
14 76
15 78
15 82
16 71
16 93
17 87
18 36
18 66
19 26
20 48
20 96
21 22
22 61
23 24
23 92
24 28
25 37
26 79
27 62
27 75
28 48
29 93
29 94
30 69
31 36
32 74
32 81
33 35
34 54
34 95
35 56
37 50
38 49
39 86
40 63
40 73
41 62
41 85
42 43
43 76
44 79
45 56
46 55
46 90
47 87
47 98
51 60
52 68
52 99
53 65
53 68
54 59
55 80
57 92
57 94
58 89
59 84
60 77
61 70
63 84
64 83
64 97
65 66
67 88
67 99
71 91
73 88
74 98
75 86
77 82
80 85
81 83
