86 86 1117
0
1
3
5
6
7
8
9
10
11
12
13
14
15
16
17
18
19
20
22
23
24
25
26
27
28
29
30
31
32
33
34
35
36
37
38
39
40
41
42
43
44
45
47
48
50
51
52
54
55
56
57
58
59
60
64
65
67
68
69
70
72
73
74
75
76
77
78
79
80
82
83
84
85
87
88
89
90
91
92
93
94
95
96
97
99
0 57
0 64
1 76
1 77
3 12
3 45
5 42
5 65
6 15
6 67
7 90
7 95
8 12
8 91
9 32
9 73
10 80
10 99
11 27
11 28
13 22
13 94
14 20
14 30
15 84
16 50
16 56
17 83
17 96
18 87
18 92
19 55
19 78
20 82
22 74
23 72
23 99
24 29
24 65
25 48
25 97
26 64
26 69
27 30
28 40
29 42
31 48
31 97
32 33
33 73
34 35
34 56
35 85
36 87
36 96
37 75
37 88
38 83
38 89
39 68
39 79
40 67
41 60
41 84
43 59
43 85
44 51
44 58
45 47
47 95
50 59
51 58
52 78
52 92
54 90
54 93
55 70
57 69
60 74
68 79
70 89
72 82
75 88
76 77
80 94
91 93
