210 210 1514
51
55
155
178
38
23
38
135
174
11
118
13
88
3
107
5
80
144
6
0
98
0
50
151
120
104
160
100
27
72
22
78
179
26
176
127
172
57
102
103
56
58
8
36
153
83
189
140
1
37
141
194
175
154
134
9
45
124
188
126
110
184
180
164
94
106
10
108
185
193
76
138
4
91
133
2
79
152
28
35
165
79
186
109
105
142
65
177
83
130
77
20
199
181
116
139
159
195
182
24
19
63
167
101
40
111
44
33
197
47
31
17
196
61
145
39
60
162
156
125
122
125
113
74
21
64
136
129
92
131
137
147
16
158
166
42
85
128
34
157
112
168
192
82
192
115
81
73
187
121
46
87
146
70
75
15
48
29
190
62
30
62
117
97
14
93
84
67
169
66
150
198
7
132
149
148
68
59
68
59
69
41
143
89
96
54
71
173
12
173
161
86
123
171
49
114
90
25
53
18
99
32
170
163
183
191
95
43
52
119
51 55
55 155
155 178
38 178
23 38
23 38
38 135
135 174
11 174
11 118
13 118
13 88
3 88
3 107
5 107
5 80
80 144
6 144
0 6
0 98
0 98
0 50
50 151
120 151
104 120
104 160
100 160
27 100
27 72
22 72
22 78
78 179
26 179
26 176
127 176
127 172
57 172
57 102
102 103
56 103
56 58
8 58
8 36
36 153
83 153
83 189
140 189
1 140
1 37
37 141
141 194
175 194
154 175
134 154
9 134
9 45
45 124
124 188
126 188
110 126
110 184
180 184
164 180
94 164
94 106
10 106
10 108
108 185
185 193
76 193
76 138
4 138
4 91
91 133
2 133
2 79
79 152
28 152
28 35
35 165
79 165
79 186
109 186
105 109
105 142
65 142
65 177
83 177
83 130
77 130
20 77
20 199
181 199
116 181
116 139
139 159
159 195
182 195
24 182
19 24
19 63
63 167
101 167
40 101
40 111
44 111
33 44
33 197
47 197
31 47
17 31
17 196
61 196
61 145
39 145
39 60
60 162
156 162
125 156
122 125
122 125
113 125
74 113
21 74
21 64
64 136
129 136
92 129
92 131
131 137
137 147
16 147
16 158
158 166
42 166
42 85
85 128
34 128
34 157
112 157
112 168
168 192
82 192
82 192
115 192
81 115
73 81
73 187
121 187
46 121
46 87
87 146
70 146
70 75
15 75
15 48
29 48
29 190
62 190
30 62
30 62
62 117
97 117
14 97
14 93
84 93
67 84
67 169
66 169
66 150
150 198
7 198
7 132
132 149
148 149
68 148
59 68
59 68
59 68
59 69
41 69
41 143
89 143
89 96
54 96
54 71
71 173
12 173
12 173
161 173
86 161
86 123
123 171
49 171
49 114
90 114
25 90
25 53
18 53
18 99
32 99
32 170
163 170
163 183
183 191
95 191
43 95
43 52
52 119
51 119
