100 100 1299
0
1
2
3
4
5
6
7
8
9
10
11
12
13
14
15
16
17
18
19
20
21
22
23
24
25
26
27
28
29
30
31
32
33
34
35
36
37
38
39
40
41
42
43
44
45
46
47
48
49
50
51
52
53
54
55
56
57
58
59
60
61
62
63
64
65
66
67
68
69
70
71
72
73
74
75
76
77
78
79
80
81
82
83
84
85
86
87
88
89
90
91
92
93
94
95
96
97
98
99
0 5
0 49
1 93
1 97
2 10
2 97
3 21
3 74
4 58
4 88
5 91
6 17
6 40
7 54
7 76
8 14
8 42
9 68
9 80
10 70
11 24
11 63
12 19
12 64
13 85
13 88
14 78
15 59
15 72
16 28
16 66
17 58
18 66
18 67
19 26
20 55
20 98
21 86
22 31
22 43
23 41
23 51
24 65
25 86
25 93
26 35
27 28
27 57
29 46
29 71
30 36
30 94
31 76
32 40
32 62
33 45
33 50
34 42
34 73
35 38
36 56
37 61
37 75
38 81
39 54
39 95
41 77
43 62
44 48
44 82
45 68
46 74
47 69
47 82
48 91
49 67
50 89
51 81
52 92
52 99
53 65
53 90
55 89
56 78
57 96
59 98
60 70
60 90
61 80
63 99
64 94
69 85
71 75
72 87
73 92
77 84
79 87
79 95
83 84
83 96
