100 100 935
0
1
2
3
4
5
6
7
8
9
10
11
12
13
14
15
16
17
18
19
20
21
22
23
24
25
26
27
28
29
30
31
32
33
34
35
36
37
38
39
40
41
42
43
44
45
46
47
48
49
50
51
52
53
54
55
56
57
58
59
60
61
62
63
64
65
66
67
68
69
70
71
72
73
74
75
76
77
78
79
80
81
82
83
84
85
86
87
88
89
90
91
92
93
94
95
96
97
98
99
0 82
0 98
1 28
1 61
2 12
2 62
3 59
3 77
4 24
4 63
5 40
5 96
6 29
6 44
7 23
7 27
8 18
8 25
9 68
9 72
10 19
10 49
11 34
11 56
12 91
13 80
13 82
14 17
14 55
15 52
15 54
16 26
16 74
17 55
18 94
19 63
20 44
20 78
21 65
21 80
22 64
22 70
23 27
24 96
25 75
26 51
28 37
29 32
30 85
30 90
31 42
31 75
32 47
33 88
33 95
34 84
35 42
35 77
36 66
36 81
37 62
38 47
38 48
39 43
39 86
40 91
41 65
41 69
43 87
45 83
45 89
46 76
46 92
48 73
49 99
50 85
50 98
51 67
52 54
53 69
53 92
56 93
57 58
57 78
58 64
59 87
60 86
60 90
61 68
66 97
67 76
70 99
71 79
71 94
72 73
74 97
79 95
81 88
83 89
84 93
