196 196 2042
0
1
2
3
4
5
6
7
8
9
10
11
12
13
14
15
16
17
18
19
20
21
22
23
24
25
26
27
28
29
30
31
32
33
34
35
36
37
38
39
40
41
42
43
44
46
47
48
49
50
51
52
53
54
55
56
57
58
59
60
61
62
63
64
65
66
67
68
69
70
71
72
73
74
75
76
77
78
79
80
81
82
83
84
85
86
88
89
90
91
92
93
94
95
96
97
98
99
100
101
102
103
104
105
106
107
108
109
110
111
112
113
114
115
117
118
119
120
121
122
123
124
125
126
127
128
129
130
131
132
133
134
135
136
137
138
139
140
141
142
143
144
145
146
147
148
149
150
151
153
154
155
156
157
158
159
160
161
162
163
164
165
166
167
168
169
170
171
172
173
174
175
176
177
178
179
180
181
182
183
184
185
186
187
188
189
190
191
192
193
194
195
196
197
198
199
0 36
0 143
1 126
1 128
2 32
2 171
3 11
3 150
4 84
4 94
5 173
5 193
6 39
6 160
7 105
7 136
8 97
8 154
9 14
9 142
10 85
10 90
11 36
12 93
12 112
13 63
13 119
14 38
15 51
15 127
16 110
16 166
17 106
17 179
18 29
18 88
19 69
19 111
20 25
20 193
21 156
21 177
22 113
22 158
23 42
23 82
24 101
24 176
25 196
26 130
26 163
27 30
27 155
28 119
28 139
29 178
30 129
31 156
31 165
32 191
33 78
33 180
34 134
34 164
35 96
35 175
37 97
37 132
38 85
39 64
40 128
40 141
41 144
41 173
42 155
43 103
43 199
44 50
44 184
46 60
46 174
47 100
47 150
48 81
48 93
49 125
49 186
50 67
51 65
52 89
52 103
53 68
53 160
54 88
54 104
55 117
55 192
56 57
56 135
57 136
58 75
58 161
59 77
59 121
60 126
61 159
61 162
62 111
62 153
63 179
64 195
65 107
66 67
66 108
68 77
69 183
70 168
70 175
71 106
71 194
72 123
72 157
73 80
73 182
74 137
74 194
75 178
76 107
76 167
78 118
79 130
79 170
80 148
81 147
82 188
83 89
83 108
84 94
86 151
86 171
90 92
91 96
91 183
92 146
95 185
95 188
98 110
98 198
99 181
99 192
100 163
101 137
102 131
102 153
104 138
105 158
109 117
109 190
112 177
113 185
114 123
114 140
115 149
115 172
118 196
120 133
120 197
121 127
122 169
122 199
124 139
124 154
125 186
129 157
131 189
132 145
133 168
134 164
135 148
138 170
140 187
141 184
142 146
143 187
144 174
145 176
147 197
149 172
151 191
159 162
161 189
165 182
166 167
169 180
181 190
195 198
