198 198 1517
0
1
2
3
4
5
6
7
8
9
10
11
12
13
14
15
16
17
18
19
20
21
22
23
24
25
26
27
28
29
30
31
32
33
34
35
36
37
38
39
40
41
42
43
44
45
46
47
48
49
50
51
52
53
54
55
56
57
58
60
61
62
63
64
65
66
67
68
69
70
71
72
73
74
75
76
77
78
79
80
81
82
83
84
85
86
87
88
89
90
91
92
93
94
95
96
97
98
99
100
101
102
103
104
105
106
107
108
109
110
111
112
113
114
115
116
117
118
119
120
121
122
123
124
125
126
127
128
129
130
131
132
133
134
135
136
137
138
139
140
141
142
143
144
145
146
147
148
149
150
151
152
153
154
155
156
157
159
160
161
162
163
164
165
166
167
168
169
170
171
172
173
174
175
176
177
178
179
180
181
182
183
184
185
186
187
188
189
190
191
192
193
194
195
196
197
198
199
0 27
0 55
1 69
1 121
2 82
2 190
3 10
3 110
4 155
4 187
5 32
5 135
6 43
6 128
7 13
7 135
8 31
8 32
9 90
9 146
10 192
11 65
11 142
12 144
12 199
13 106
14 165
14 189
15 87
15 169
16 177
16 194
17 23
17 76
18 104
18 182
19 91
19 137
20 72
20 193
21 66
21 114
22 40
22 194
23 76
24 63
24 186
25 49
25 171
26 54
26 108
27 81
28 73
28 157
29 89
29 95
30 177
30 196
31 85
33 116
33 180
34 107
34 123
35 94
35 186
36 57
36 140
37 178
37 183
38 102
38 122
39 52
39 89
40 181
41 43
41 175
42 117
42 198
44 79
44 109
45 50
45 136
46 144
46 153
47 179
47 184
48 94
48 149
49 169
50 187
51 69
51 105
52 134
53 104
53 120
54 60
55 77
56 99
56 126
57 80
58 64
58 155
60 185
61 83
61 84
62 91
62 182
63 90
64 176
65 173
66 114
67 112
67 163
68 124
68 195
70 74
70 131
71 83
71 139
72 193
73 103
74 75
75 123
77 181
78 127
78 133
79 109
80 153
81 161
82 111
84 130
85 196
86 141
86 157
87 134
88 141
88 156
92 171
92 174
93 147
93 165
95 159
96 98
96 118
97 149
97 172
98 154
99 100
100 137
101 117
101 188
102 143
103 119
105 191
106 138
107 140
108 168
110 126
111 190
112 167
113 121
113 191
115 152
115 183
116 180
118 154
119 172
120 145
122 166
124 133
125 197
125 198
127 195
128 129
129 175
130 150
131 150
132 151
132 162
136 176
138 184
139 199
142 197
143 170
145 192
146 168
147 167
148 160
148 189
151 164
152 164
156 185
159 160
161 188
162 178
163 173
166 170
174 179
