213 213 1405
7
37
101
37
12
37
197
136
83
64
77
191
58
48
18
111
164
158
1
155
81
173
27
84
93
84
20
146
3
165
103
79
175
79
192
11
125
2
71
2
46
41
128
57
61
57
82
72
0
187
195
105
76
106
107
35
130
161
124
112
160
31
44
53
63
166
52
17
91
87
33
15
102
116
30
68
45
115
65
55
50
40
180
134
70
134
132
134
75
32
118
114
179
143
172
156
163
25
170
176
167
194
67
13
67
121
16
8
119
159
122
49
145
168
22
47
174
151
95
69
135
154
29
74
73
133
98
178
98
110
142
120
6
123
97
137
141
34
26
140
4
147
177
59
92
184
100
186
138
38
126
38
150
139
56
14
149
90
89
109
88
113
185
131
28
39
60
198
188
104
99
24
181
21
54
193
199
134
70
5
144
108
127
153
162
96
169
85
9
190
36
66
62
10
196
117
42
171
189
183
23
129
152
86
80
157
43
19
78
94
51
182
148
7 37
37 101
37 101
12 37
12 37
37 197
136 197
83 136
64 83
64 77
77 191
58 191
48 58
18 48
18 111
111 164
158 164
1 158
1 155
81 155
81 173
27 173
27 84
84 93
84 93
20 84
20 146
3 146
3 165
103 165
79 103
79 175
79 175
79 192
11 192
11 125
2 125
2 71
2 71
2 46
41 46
41 128
57 128
57 61
57 61
57 82
72 82
0 72
0 187
187 195
105 195
76 105
76 106
106 107
35 107
35 130
130 161
124 161
112 124
112 160
31 160
31 44
44 53
53 63
63 166
52 166
17 52
17 91
87 91
33 87
15 33
15 102
102 116
30 116
30 68
45 68
45 115
65 115
55 65
50 55
40 50
40 180
134 180
70 134
70 134
132 134
132 134
75 134
32 75
32 118
114 118
114 179
143 179
143 172
156 172
156 163
25 163
25 170
170 176
167 176
167 194
67 194
13 67
13 67
67 121
16 121
8 16
8 119
119 159
122 159
49 122
49 145
145 168
22 168
22 47
47 174
151 174
95 151
69 95
69 135
135 154
29 154
29 74
73 74
73 133
98 133
98 178
98 178
98 110
110 142
120 142
6 120
6 123
97 123
97 137
137 141
34 141
26 34
26 140
4 140
4 147
147 177
59 177
59 92
92 184
100 184
100 186
138 186
38 138
38 126
38 126
38 150
139 150
56 139
14 56
14 149
90 149
89 90
89 109
88 109
88 113
113 185
131 185
28 131
28 39
39 60
60 198
188 198
104 188
99 104
24 99
24 181
21 181
21 54
54 193
193 199
134 199
70 134
5 70
5 144
108 144
108 127
127 153
153 162
96 162
96 169
85 169
9 85
9 190
36 190
36 66
62 66
10 62
10 196
117 196
42 117
42 171
171 189
183 189
23 183
23 129
129 152
86 152
80 86
80 157
43 157
19 43
19 78
78 94
51 94
51 182
148 182
7 148
