100 100 902
0
1
2
3
4
5
6
7
8
9
10
11
12
13
14
15
16
17
18
19
20
21
22
23
24
25
26
27
28
29
30
31
32
33
34
35
36
37
38
39
40
41
42
43
44
45
46
47
48
49
50
51
52
53
54
55
56
57
58
59
60
61
62
63
64
65
66
67
68
69
70
71
72
73
74
75
76
77
78
79
80
81
82
83
84
85
86
87
88
89
90
91
92
93
94
95
96
97
98
99
0 12
0 82
1 55
1 77
2 75
2 91
3 39
3 66
4 40
4 43
5 77
5 88
6 35
6 68
7 63
7 86
8 20
8 78
9 75
9 97
10 11
10 14
11 92
12 82
13 50
13 53
14 95
15 67
15 79
16 23
16 43
17 31
17 72
18 57
18 95
19 21
19 59
20 46
21 96
22 36
22 52
23 76
24 54
24 69
25 54
25 90
26 50
26 65
27 41
27 81
28 30
28 84
29 85
29 93
30 84
31 72
32 34
32 47
33 71
33 94
34 80
35 87
36 53
37 61
37 89
38 69
38 90
39 66
40 63
41 60
42 62
42 87
44 56
44 74
45 68
45 98
46 61
47 97
48 64
48 76
49 62
49 65
51 58
51 70
52 70
55 79
56 74
57 78
58 86
59 96
60 81
64 93
67 73
71 94
73 88
80 91
83 89
83 99
85 98
92 99
