75 75 2538
55
20
107
76
20
152
56
49
63
126
114
100
52
0
90
138
149
48
98
172
65
94
30
117
87
195
40
64
141
7
12
89
192
23
73
191
101
13
82
26
34
176
151
79
128
198
93
67
19
67
19
102
27
17
189
97
9
68
42
44
143
29
155
145
96
164
15
78
170
56
39
129
194
92
199
20 55
20 107
76 107
20 76
20 152
56 152
49 56
49 63
63 126
114 126
100 114
52 100
0 52
0 90
90 138
138 149
48 149
48 98
98 172
65 172
65 94
30 94
30 117
87 117
87 195
40 195
40 64
64 141
7 141
7 12
12 89
89 192
23 192
23 73
73 191
101 191
13 101
13 82
26 82
26 34
34 176
151 176
79 151
79 128
128 198
93 198
67 93
19 67
19 67
19 67
19 102
27 102
17 27
17 189
97 189
9 97
9 68
42 68
42 44
44 143
29 143
29 155
145 155
96 145
96 164
15 164
15 78
78 170
56 170
39 56
39 129
129 194
92 194
92 199
55 199
