87 87 2351
53
66
55
28
44
154
149
105
63
25
158
187
33
52
31
143
26
153
74
56
182
35
20
62
13
27
157
24
91
50
32
82
59
43
37
10
11
71
58
94
115
148
163
36
29
41
22
6
18
128
61
99
85
48
121
151
84
51
17
46
129
89
69
123
72
175
77
39
19
198
114
130
49
70
150
145
23
134
68
45
169
98
97
87
47
1
167
53 66
55 66
28 55
28 44
44 154
149 154
105 149
63 105
25 63
25 158
158 187
33 187
33 52
31 52
31 143
26 143
26 153
74 153
56 74
56 182
35 182
20 35
20 62
13 62
13 27
27 157
24 157
24 91
50 91
32 50
32 82
59 82
43 59
37 43
10 37
10 11
11 71
58 71
58 94
94 115
115 148
148 163
36 163
29 36
29 41
22 41
6 22
6 18
18 128
61 128
61 99
85 99
48 85
48 121
121 151
84 151
51 84
17 51
17 46
46 129
89 129
69 89
69 123
72 123
72 175
77 175
39 77
19 39
19 198
114 198
114 130
49 130
49 70
70 150
145 150
23 145
23 134
68 134
45 68
45 169
98 169
97 98
87 97
47 87
1 47
1 167
53 167
