100 100 1338
0
1
2
3
4
5
6
7
8
9
10
11
12
13
14
15
16
17
18
19
20
21
22
23
24
25
26
27
28
29
30
31
32
33
34
35
36
37
38
39
40
41
42
43
44
45
46
47
48
49
50
51
52
53
54
55
56
57
58
59
60
61
62
63
64
65
66
67
68
69
70
71
72
73
74
75
76
77
78
79
80
81
82
83
84
85
86
87
88
89
90
91
92
93
94
95
96
97
98
99
0 55
0 83
1 54
1 58
2 44
2 45
3 23
3 75
4 27
4 53
5 22
5 66
6 55
6 86
7 47
7 97
8 13
8 49
9 31
9 39
10 35
10 38
11 69
11 88
12 41
12 46
13 99
14 69
14 88
15 72
15 90
16 58
16 93
17 40
17 79
18 59
18 80
19 59
19 65
20 45
20 60
21 34
21 84
22 31
23 70
24 26
24 43
25 32
25 77
27 35
28 56
28 87
29 61
29 83
30 32
30 52
33 37
33 57
34 54
36 43
36 63
37 98
38 77
39 91
40 78
41 73
42 50
42 86
44 68
46 73
47 81
48 70
48 71
49 67
50 71
51 52
51 99
53 64
56 87
57 98
60 94
61 74
62 26
62 74
63 81
64 80
65 96
66 95
67 89
68 94
72 90
75 85
76 85
76 97
78 79
82 92
82 93
84 92
89 95
91 96
