97 97 1042
0
1
2
3
4
5
6
7
8
9
10
11
12
13
14
15
16
17
18
19
20
21
22
23
24
25
26
27
28
29
30
31
32
33
34
35
36
37
38
39
40
41
42
43
44
45
46
47
48
50
51
52
53
54
55
56
57
58
59
60
62
63
64
65
66
67
68
69
70
71
72
73
74
75
76
77
78
79
80
81
82
83
84
85
86
87
88
89
90
92
93
94
95
96
97
98
99
0 20
0 29
1 58
1 87
2 25
2 88
3 21
3 34
4 18
4 26
5 47
5 98
6 76
6 82
7 16
7 68
8 11
8 56
9 40
9 58
10 51
10 57
11 40
12 67
12 85
13 30
13 53
14 35
14 46
15 65
15 92
16 89
17 31
17 62
18 32
19 60
19 97
20 36
21 29
22 47
22 72
23 50
23 73
24 39
24 76
25 37
26 54
27 53
27 78
28 55
28 62
30 93
31 89
32 38
33 64
33 75
34 81
35 44
36 96
37 77
38 77
39 84
41 67
41 75
42 66
42 95
43 70
43 79
44 46
45 90
45 92
48 83
48 94
50 96
51 63
52 65
52 73
54 64
55 80
56 63
57 95
59 72
59 78
60 71
66 82
68 98
69 70
69 79
71 84
74 86
74 99
80 86
81 90
83 99
85 88
87 94
93 97
