180 180 3193
0
1
2
3
5
6
7
8
9
10
11
12
14
16
17
18
19
20
21
22
24
25
27
28
29
30
32
33
34
35
37
39
40
41
42
43
44
45
47
48
49
50
51
52
53
54
55
56
57
58
59
60
61
62
63
64
65
66
67
68
69
70
71
72
73
74
76
77
78
79
80
81
82
83
84
85
86
87
88
89
90
91
92
93
94
95
96
97
98
99
100
101
102
103
104
105
106
107
108
109
110
112
113
114
115
116
117
118
119
121
122
123
124
125
126
127
128
129
130
132
133
134
135
137
138
139
140
141
142
143
144
145
146
147
149
150
151
152
153
154
155
156
157
158
159
160
161
162
163
164
165
166
168
169
170
171
173
174
175
176
177
178
179
180
181
182
183
184
186
188
189
190
192
193
194
195
196
197
198
199
0 68
0 152
1 57
1 143
2 71
2 168
3 5
3 93
5 195
6 100
6 155
7 44
7 156
8 40
8 45
9 11
9 176
10 27
10 77
11 17
12 34
12 171
14 105
14 155
16 29
16 104
17 95
18 115
18 141
19 88
19 177
20 37
20 109
21 53
21 190
22 90
22 126
24 119
24 123
25 125
25 175
27 193
28 47
28 92
29 116
30 74
30 188
32 55
32 98
33 152
33 179
34 145
35 84
35 127
37 178
39 43
39 173
40 65
41 135
41 151
42 113
42 183
43 114
44 54
45 117
47 146
48 52
48 85
49 79
49 130
50 115
50 184
51 128
51 142
52 157
53 134
54 170
55 161
56 103
56 104
57 124
58 95
58 146
59 89
59 98
60 61
60 154
61 97
62 153
62 197
63 105
63 141
64 121
64 125
65 67
66 100
66 122
67 99
68 193
69 176
69 197
70 80
70 94
71 158
72 162
72 194
73 119
73 122
74 183
76 132
76 173
77 134
78 94
78 97
79 182
80 169
81 139
81 165
82 175
82 181
83 140
83 189
84 159
85 118
86 102
86 147
87 112
87 123
88 174
89 139
90 145
91 126
91 198
92 109
93 107
96 140
96 177
99 194
101 157
101 192
102 186
103 129
106 108
106 154
107 133
108 162
110 138
110 196
112 142
113 186
114 190
116 144
117 160
118 124
121 198
127 161
128 143
129 163
130 192
132 199
133 151
135 169
137 164
137 170
138 150
144 171
147 163
149 153
149 184
150 199
156 165
158 174
159 181
160 166
164 180
166 179
168 180
178 188
182 196
189 195
