50 104 1099
0
1
2
3
4
5
6
7
8
9
10
11
12
13
14
15
16
17
18
19
20
21
22
23
24
25
26
27
28
29
30
31
32
33
34
35
36
37
38
39
40
41
42
43
44
45
46
47
48
49
0 16
0 16
0 33
0 33
1 13
1 13
1 40
1 40
2 22
2 22
2 23
2 23
3 26
3 26
3 38
3 38
4 49
49 24
49 24
4 31
4 31
5 27
5 27
5 45
5 45
6 13
6 13
6 32
6 32
7 19
7 19
7 41
7 41
8 21
8 21
8 46
8 46
9 41
41 15
41 15
9 41
9 41
10 37
10 37
10 45
10 45
11 37
11 37
11 40
11 40
12 28
12 28
12 34
12 34
14 44
44 18
44 18
14 32
14 32
15 47
15 47
16 43
16 43
17 20
17 20
17 43
17 43
18 44
18 44
19 28
19 28
20 29
20 29
21 26
21 26
22 39
22 39
23 25
23 25
24 49
24 49
25 46
25 46
27 36
27 36
29 47
29 47
30 35
30 35
30 39
30 39
31 38
31 38
33 0
0 35
0 35
34 48
34 48
36 42
36 42
42 48
42 48
44 49
44 49
