121 121 1208
61
15
16
66
79
89
74
75
36
77
39
27
68
86
7
86
68
90
68
56
83
46
23
46
0
32
54
6
24
57
24
13
52
2
20
97
50
98
17
98
88
25
91
60
97
18
30
34
85
42
38
42
10
31
12
78
9
28
53
28
33
44
62
43
58
59
62
44
62
59
62
72
73
51
65
1
14
94
47
49
21
81
21
55
40
26
84
22
69
99
95
11
19
29
82
29
45
48
67
37
93
76
96
76
3
41
5
71
80
4
92
35
8
87
70
87
63
87
64
61
64
15 61
15 16
16 66
66 79
79 89
74 89
74 75
36 75
36 77
39 77
27 39
27 68
68 86
7 86
7 86
68 86
68 90
68 90
56 68
56 83
46 83
23 46
23 46
0 46
0 32
32 54
6 54
6 24
24 57
24 57
13 24
13 52
2 52
2 20
20 97
50 97
50 98
17 98
17 98
88 98
25 88
25 91
60 91
60 97
18 97
18 30
30 34
34 85
42 85
38 42
38 42
10 42
10 31
12 31
12 78
9 78
9 28
28 53
28 53
28 33
33 44
44 62
43 62
43 58
58 59
59 62
44 62
44 62
59 62
59 62
62 72
72 73
51 73
51 65
1 65
1 14
14 94
47 94
47 49
21 49
21 81
21 81
21 55
40 55
26 40
26 84
22 84
22 69
69 99
95 99
11 95
11 19
19 29
29 82
29 82
29 45
45 48
48 67
37 67
37 93
76 93
76 96
76 96
3 76
3 41
5 41
5 71
71 80
4 80
4 92
35 92
8 35
8 87
70 87
70 87
63 87
63 87
64 87
61 64
61 64
61 64
