50 101 702
0
1
2
3
4
5
6
7
8
9
10
11
12
13
14
15
16
17
18
19
20
21
22
23
24
25
26
27
28
29
30
31
32
33
34
35
36
37
38
39
40
41
42
43
44
45
46
47
48
49
0 20
0 20
0 30
0 30
1 3
1 3
1 41
1 41
2 11
2 11
2 29
2 29
3 21
3 21
4 13
4 13
4 37
4 37
5 29
5 29
5 32
5 32
6 35
6 35
6 38
6 38
7 25
7 25
7 45
7 45
8 16
8 16
8 27
8 27
9 22
9 22
9 37
9 37
10 20
10 20
10 32
10 32
11 17
11 17
12 15
12 15
12 34
12 34
13 42
13 42
14 23
14 23
14 31
14 31
15 16
15 16
17 39
17 39
18 40
18 40
18 44
18 44
19 22
19 22
19 36
19 36
21 38
21 38
23 47
23 47
24 28
24 28
24 48
24 48
25 35
25 35
26 36
26 36
26 44
26 44
27 30
27 30
28 40
28 40
31 39
31 39
33 46
46 43
46 43
33 45
33 45
34 48
34 48
41 49
41 49
42 49
42 49
43 46
43 46
46 47
46 47
