63 63 1312
41
0
20
49
48
21
7
21
23
21
48
49
48
26
10
35
3
22
29
36
25
5
13
45
4
42
16
38
11
24
2
14
17
14
19
39
43
39
19
12
44
28
12
6
37
6
27
47
9
47
18
46
30
40
32
1
32
33
31
15
31
33
34
0 41
0 20
20 49
48 49
21 48
7 21
7 21
21 23
21 23
21 48
48 49
48 49
26 48
10 26
10 35
3 35
3 22
22 29
29 36
25 36
5 25
5 13
13 45
4 45
4 42
16 42
16 38
11 38
11 24
2 24
2 14
14 17
14 17
14 19
19 39
39 43
39 43
19 39
12 19
12 44
28 44
12 28
6 12
6 37
6 37
6 27
27 47
9 47
9 47
18 47
18 46
30 46
30 40
32 40
1 32
1 32
32 33
31 33
15 31
15 31
31 33
33 34
34 41
