93 93 1467
0
1
2
3
4
5
6
7
8
9
11
12
13
15
16
17
18
19
20
21
22
23
24
25
26
27
28
29
30
31
32
33
34
35
36
37
38
39
41
42
43
44
45
46
47
48
49
50
51
53
54
55
56
57
58
59
60
61
62
63
64
66
67
68
69
70
71
73
74
75
76
77
78
79
80
81
82
83
84
85
86
87
88
89
90
91
92
93
94
95
96
97
98
0 61
0 88
1 56
1 87
2 26
2 34
3 25
3 66
4 39
4 73
5 35
5 93
6 18
6 28
7 42
7 44
8 43
8 90
9 29
9 30
11 28
11 29
12 16
12 39
13 81
13 83
15 32
15 51
16 30
17 61
17 89
18 77
19 68
19 95
20 21
20 50
21 48
22 58
22 92
23 24
23 55
24 45
25 34
26 58
27 47
27 97
31 47
31 97
32 63
33 70
33 90
35 51
36 49
36 74
37 53
37 82
38 71
38 78
41 85
41 88
42 75
43 62
44 98
45 48
46 59
46 67
49 96
50 54
53 94
54 73
55 63
56 87
57 76
57 77
59 94
60 79
60 91
62 82
64 67
64 80
66 85
68 95
69 92
69 93
70 81
71 86
74 75
76 80
78 86
79 91
83 89
84 96
84 98
