100 100 2352
161
168
112
35
156
93
48
109
49
71
80
36
54
100
54
36
56
10
81
76
115
12
126
75
66
96
5
21
102
127
26
14
180
159
50
29
64
29
70
199
147
113
102
130
18
7
194
58
128
51
38
182
40
27
47
13
41
34
67
138
145
15
17
114
192
165
142
108
6
45
43
22
106
119
44
16
25
16
4
84
133
88
87
19
121
61
24
107
23
137
154
173
57
140
33
183
122
86
0
60
161 168
112 168
35 112
35 156
93 156
48 93
48 109
49 109
49 71
71 80
36 80
36 54
54 100
54 100
36 54
36 56
10 56
10 81
76 81
76 115
12 115
12 126
75 126
66 75
66 96
5 96
5 21
21 102
102 127
26 127
14 26
14 180
159 180
50 159
29 50
29 64
29 64
29 70
70 199
147 199
113 147
102 113
102 130
18 130
7 18
7 194
58 194
58 128
51 128
38 51
38 182
40 182
27 40
27 47
13 47
13 41
34 41
34 67
67 138
138 145
15 145
15 17
17 114
114 192
165 192
142 165
108 142
6 108
6 45
43 45
22 43
22 106
106 119
44 119
16 44
16 25
16 25
4 16
4 84
84 133
88 133
87 88
19 87
19 121
61 121
24 61
24 107
23 107
23 137
137 154
154 173
57 173
57 140
33 140
33 183
122 183
86 122
0 86
0 60
60 161
