194 194 1945
0
1
2
3
4
5
6
7
8
9
10
12
13
14
15
16
17
18
19
20
21
22
23
24
25
26
27
28
29
30
31
32
33
34
35
36
37
38
39
40
41
42
43
44
45
46
47
48
49
50
51
52
53
54
55
56
57
58
59
60
61
62
63
64
65
66
67
68
69
70
71
72
73
74
75
76
77
78
79
80
81
82
83
84
85
86
87
89
90
91
92
93
95
96
97
98
99
100
101
102
103
104
105
106
107
109
110
111
112
113
114
115
116
117
118
119
120
121
123
124
125
126
127
128
129
130
131
132
133
134
135
136
137
138
140
141
142
143
144
145
146
147
148
149
150
151
152
153
154
155
156
157
158
159
160
161
162
163
164
165
166
167
168
169
170
171
172
173
174
175
176
177
178
179
180
181
182
183
184
185
186
187
188
189
190
191
192
193
194
195
196
197
198
199
0 20
0 101
1 176
1 194
2 47
2 58
3 63
3 96
4 41
4 83
5 104
5 159
6 60
6 92
7 69
7 149
8 169
8 181
9 173
9 180
10 128
10 191
12 101
12 105
13 132
13 135
14 22
14 42
15 136
15 190
16 111
16 198
17 148
17 170
18 65
18 70
19 40
19 81
20 55
21 36
21 81
22 178
23 28
23 113
24 59
24 189
25 119
25 123
26 51
26 189
27 29
27 167
28 57
29 147
30 75
30 112
31 163
31 197
32 98
32 182
33 155
33 171
34 106
34 132
35 76
35 134
36 126
37 80
37 146
38 74
38 110
39 124
39 125
40 174
41 157
42 46
43 77
43 89
44 66
44 91
45 109
45 117
46 158
47 172
48 109
48 142
49 78
49 168
50 56
50 121
51 71
52 111
52 183
53 152
53 165
54 184
54 195
55 186
56 145
57 98
58 153
59 133
60 188
61 125
61 179
62 67
62 185
63 97
64 164
64 192
65 103
66 114
67 183
68 79
68 149
69 90
70 154
71 164
72 102
72 141
73 91
73 115
74 86
75 104
76 171
77 118
78 107
79 160
80 146
82 97
82 137
83 119
84 85
84 193
85 95
86 161
87 185
87 192
89 143
90 170
92 144
93 99
93 140
95 156
96 145
99 140
100 106
100 116
102 155
103 166
105 136
107 168
110 186
112 175
113 182
114 120
115 133
116 196
117 195
118 159
120 151
121 176
123 172
124 179
126 197
127 128
127 191
129 135
129 157
130 131
130 190
131 199
134 144
137 194
138 158
138 160
141 153
142 175
143 161
147 167
148 165
150 151
150 198
152 199
154 163
156 169
162 166
162 196
173 187
174 177
177 188
178 193
180 187
181 184
