219 219 1379
101
115
164
186
164
177
182
72
91
69
73
34
24
10
84
137
131
178
93
178
95
97
160
1
14
85
166
27
192
26
138
106
138
66
48
43
48
181
139
135
17
8
37
103
0
117
150
117
68
133
104
127
185
15
49
7
32
67
111
114
19
183
58
62
102
129
170
180
40
76
165
74
61
199
75
171
109
124
99
130
23
125
113
56
149
169
54
79
197
79
197
98
194
79
30
169
140
141
16
148
16
3
70
80
161
174
179
12
51
36
86
153
175
60
110
168
46
2
159
31
47
189
107
196
11
52
172
81
105
4
50
100
9
146
25
163
64
121
154
122
128
143
35
157
119
188
119
45
193
187
147
90
162
63
123
158
118
195
118
18
65
116
152
94
145
41
108
167
156
136
39
144
42
176
89
191
190
89
176
89
176
132
176
89
173
142
82
96
77
134
21
78
83
38
71
151
112
126
28
59
57
29
5
6
33
20
13
87
55
92
44
53
155
88
120
198
22
101
184
101 115
115 164
164 186
164 186
164 177
177 182
72 182
72 91
69 91
69 73
34 73
24 34
10 24
10 84
84 137
131 137
131 178
93 178
93 178
95 178
95 97
97 160
1 160
1 14
14 85
85 166
27 166
27 192
26 192
26 138
106 138
106 138
66 138
48 66
43 48
43 48
48 181
139 181
135 139
17 135
8 17
8 37
37 103
0 103
0 117
117 150
117 150
68 117
68 133
104 133
104 127
127 185
15 185
15 49
7 49
7 32
32 67
67 111
111 114
19 114
19 183
58 183
58 62
62 102
102 129
129 170
170 180
40 180
40 76
76 165
74 165
61 74
61 199
75 199
75 171
109 171
109 124
99 124
99 130
23 130
23 125
113 125
56 113
56 149
149 169
54 169
54 79
79 197
79 197
79 197
98 197
98 194
79 194
30 79
30 169
140 169
140 141
16 141
16 148
16 148
3 16
3 70
70 80
80 161
161 174
174 179
12 179
12 51
36 51
36 86
86 153
153 175
60 175
60 110
110 168
46 168
2 46
2 159
31 159
31 47
47 189
107 189
107 196
11 196
11 52
52 172
81 172
81 105
4 105
4 50
50 100
9 100
9 146
25 146
25 163
64 163
64 121
121 154
122 154
122 128
128 143
35 143
35 157
119 157
119 188
119 188
45 119
45 193
187 193
147 187
90 147
90 162
63 162
63 123
123 158
118 158
118 195
118 195
18 118
18 65
65 116
116 152
94 152
94 145
41 145
41 108
108 167
156 167
136 156
39 136
39 144
42 144
42 176
89 176
89 191
190 191
89 190
89 176
89 176
89 176
132 176
132 176
89 176
89 173
142 173
82 142
82 96
77 96
77 134
21 134
21 78
78 83
38 83
38 71
71 151
112 151
112 126
28 126
28 59
57 59
29 57
5 29
5 6
6 33
20 33
13 20
13 87
55 87
55 92
44 92
44 53
53 155
88 155
88 120
120 198
22 198
22 101
101 184
101 184
