50 104 1123
0
1
2
3
4
5
6
7
8
9
10
11
12
13
14
15
16
17
18
19
20
21
22
23
24
25
26
27
28
29
30
31
32
33
34
35
36
37
38
39
40
41
42
43
44
45
46
47
48
49
0 33
33 2
33 2
0 33
0 33
1 23
1 23
1 34
34 44
34 44
2 49
2 49
3 21
3 21
3 44
3 44
4 20
4 20
4 20
20 45
20 45
5 15
5 15
5 24
5 24
6 17
6 17
6 45
6 45
7 32
7 32
7 42
7 42
8 22
8 22
8 33
8 33
9 16
9 16
9 26
9 26
10 41
10 41
10 43
10 43
11 20
11 20
11 35
11 35
12 36
12 36
12 42
12 42
13 24
13 24
13 43
13 43
14 29
14 29
14 38
14 38
15 30
15 30
16 35
16 35
17 25
17 25
18 30
18 30
18 19
19 39
19 39
19 39
19 39
19 48
19 48
21 29
21 29
22 31
22 31
23 34
23 34
25 27
25 27
26 47
26 47
27 46
27 46
28 46
28 46
28 48
28 48
31 36
31 36
32 37
32 37
34 40
34 40
37 38
37 38
40 41
40 41
47 49
47 49
