100 100 1172
0
1
2
3
4
5
6
7
8
9
10
11
12
13
14
15
16
17
18
19
20
21
22
23
24
25
26
27
28
29
30
31
32
33
34
35
36
37
38
39
40
41
42
43
44
45
46
47
48
49
50
51
52
53
54
55
56
57
58
59
60
61
62
63
64
65
66
67
68
69
70
71
72
73
74
75
76
77
78
79
80
81
82
83
84
85
86
87
88
89
90
91
92
93
94
95
96
97
98
99
0 26
0 45
1 22
1 56
2 17
2 39
3 20
3 52
4 7
4 74
5 8
5 50
6 60
6 72
7 55
8 72
9 89
9 97
10 28
10 91
11 21
11 83
12 71
12 84
13 41
13 51
14 29
14 43
15 57
15 85
16 27
16 52
17 77
18 48
18 50
19 93
19 95
20 48
21 37
22 75
23 62
23 76
24 64
24 85
25 63
25 70
26 49
27 88
28 75
29 57
30 68
30 86
31 35
31 39
32 87
32 93
33 42
33 76
34 35
34 44
36 51
36 66
37 80
38 73
38 89
40 47
40 98
41 83
42 90
43 70
44 79
45 49
46 69
46 92
47 59
53 67
53 94
54 78
54 95
55 78
56 81
58 82
58 98
59 81
60 69
61 65
61 68
62 90
63 64
65 66
67 86
71 88
73 96
74 82
77 80
79 84
87 97
91 99
92 94
96 99
