200 200 1270
0
1
2
3
4
5
6
7
8
9
10
11
12
13
14
15
16
17
18
19
20
21
22
23
24
25
26
27
28
29
30
31
32
33
34
35
36
37
38
39
40
41
42
43
44
45
46
47
48
49
50
51
52
53
54
55
56
57
58
59
60
61
62
63
64
65
66
67
68
69
70
71
72
73
74
75
76
77
78
79
80
81
82
83
84
85
86
87
88
89
90
91
92
93
94
95
96
97
98
99
100
101
102
103
104
105
106
107
108
109
110
111
112
113
114
115
116
117
118
119
120
121
122
123
124
125
126
127
128
129
130
131
132
133
134
135
136
137
138
139
140
141
142
143
144
145
146
147
148
149
150
151
152
153
154
155
156
157
158
159
160
161
162
163
164
165
166
167
168
169
170
171
172
173
174
175
176
177
178
179
180
181
182
183
184
185
186
187
188
189
190
191
192
193
194
195
196
197
198
199
0 112
0 186
1 75
1 114
2 6
2 87
3 96
3 171
4 125
4 139
5 33
5 92
6 122
7 127
7 181
8 24
8 176
9 63
9 157
10 141
10 193
11 43
11 155
12 55
12 146
13 56
13 195
14 51
14 101
15 53
15 138
16 39
16 80
17 62
17 68
18 29
18 86
19 88
19 159
20 51
20 166
21 56
21 137
22 85
22 156
23 39
23 186
24 176
25 90
25 170
26 109
26 113
27 100
27 135
28 40
28 120
29 119
30 59
30 191
31 123
31 175
32 102
32 142
33 92
34 76
34 174
35 47
35 175
36 131
36 178
37 145
37 173
38 112
38 161
40 49
41 72
41 163
42 57
42 151
43 158
44 107
44 183
45 54
45 179
46 49
46 93
47 54
48 124
48 168
50 60
50 160
52 102
52 122
53 100
55 88
57 105
58 91
58 97
59 191
60 150
61 82
61 120
62 121
63 64
64 83
65 96
65 155
66 118
66 124
67 95
67 198
68 121
69 77
69 197
70 74
70 195
71 107
71 182
72 129
73 165
73 194
74 145
75 114
76 174
77 199
78 147
78 150
79 101
79 166
80 103
81 110
81 180
82 126
83 180
84 134
84 162
85 156
86 116
87 177
89 133
89 189
90 153
91 137
93 104
94 172
94 187
95 190
97 103
98 99
98 192
99 192
104 181
105 196
106 153
106 198
108 116
108 127
109 113
110 125
111 131
111 178
115 136
115 169
117 118
117 164
119 149
123 141
126 151
128 167
128 173
129 130
130 154
132 135
132 140
133 148
134 170
136 169
138 140
139 164
142 184
143 147
143 190
144 158
144 196
146 159
148 189
149 193
152 185
152 188
154 163
157 168
160 171
161 162
165 194
167 179
172 187
177 185
182 183
184 188
197 199
