50 103 733
0
1
2
3
4
5
6
7
8
9
10
11
12
13
14
15
16
17
18
19
20
21
22
23
24
25
26
27
28
29
30
31
32
33
34
35
36
37
38
39
40
41
42
43
44
45
46
47
48
49
0 2
0 2
0 15
0 15
1 42
1 42
1 8
8 47
8 47
2 44
2 44
3 15
3 15
3 29
3 29
4 33
4 33
4 45
4 45
5 44
5 44
5 46
5 46
6 28
6 28
6 43
6 43
7 21
7 21
7 26
7 26
8 13
8 13
8 47
8 47
9 18
9 18
9 35
9 35
10 28
10 28
10 36
10 36
11 31
31 23
31 23
11 24
11 24
12 34
12 34
12 45
12 45
13 22
13 22
14 17
14 17
14 48
14 48
16 20
16 20
16 40
16 40
17 27
17 27
18 41
18 41
19 29
19 29
19 31
19 31
20 46
20 46
21 25
21 25
22 30
22 30
23 31
23 31
24 37
24 37
25 49
25 49
26 30
26 30
27 35
27 35
32 39
39 38
39 38
32 48
32 48
33 40
33 40
34 42
34 42
36 39
36 39
37 43
37 43
38 39
38 39
41 49
41 49
