90 90 854
0
1
2
3
4
6
8
9
10
11
12
13
14
15
16
18
19
20
21
22
23
24
25
27
28
29
30
31
32
33
34
35
36
37
38
39
40
42
43
45
46
47
48
49
50
51
52
53
55
56
57
58
59
60
61
62
64
65
66
68
69
70
71
72
73
74
75
76
77
78
79
80
81
82
83
84
85
86
87
88
89
90
91
92
93
94
95
97
98
99
0 29
0 91
1 14
1 65
2 39
2 60
3 38
3 52
4 8
4 18
6 16
6 84
8 98
9 83
9 94
10 50
10 51
11 12
11 74
12 78
13 22
13 62
14 88
15 76
15 99
16 69
18 37
19 32
19 38
20 59
20 95
21 46
21 60
22 80
23 34
23 53
24 33
24 49
25 27
25 31
27 72
28 40
28 77
29 48
30 79
30 99
31 72
32 71
33 42
34 70
35 56
35 61
36 85
36 88
37 53
39 65
40 66
42 57
43 69
43 89
45 68
45 90
46 76
47 70
47 84
48 82
49 57
50 80
51 64
52 97
55 75
55 81
56 61
58 73
58 87
59 95
62 64
66 93
68 81
71 98
73 79
74 86
75 90
77 89
78 86
82 92
83 94
85 93
87 97
91 92
