119 119 1310
49
18
49
97
40
3
65
1
25
44
9
57
43
35
34
35
78
63
6
74
60
73
41
59
70
77
70
36
88
66
90
36
46
20
23
94
79
94
5
4
10
91
42
31
33
72
76
85
42
85
13
61
84
51
12
64
12
64
55
98
56
50
86
8
0
27
0
45
8
11
14
58
80
75
80
75
68
48
16
48
69
19
47
92
32
2
89
2
22
15
99
15
17
15
39
37
39
15
28
54
53
83
7
93
21
87
71
38
26
52
82
95
29
81
24
96
67
30
62
18 49
18 49
49 97
40 97
3 40
3 65
1 65
1 25
25 44
9 44
9 57
43 57
35 43
34 35
34 35
35 78
63 78
6 63
6 74
60 74
60 73
41 73
41 59
59 70
70 77
70 77
36 70
36 88
66 88
66 90
36 90
36 46
20 46
20 23
23 94
79 94
79 94
5 94
4 5
4 10
10 91
42 91
31 42
31 33
33 72
72 76
76 85
42 85
42 85
13 85
13 61
61 84
51 84
12 51
12 64
12 64
12 64
55 64
55 98
56 98
50 56
50 86
8 86
0 8
0 27
0 27
0 45
8 45
8 11
11 14
14 58
58 80
75 80
75 80
75 80
68 75
48 68
16 48
16 48
48 69
19 69
19 47
47 92
32 92
2 32
2 89
2 89
2 22
15 22
15 99
15 99
15 17
15 17
15 39
37 39
37 39
15 39
15 28
28 54
53 54
53 83
7 83
7 93
21 93
21 87
71 87
38 71
26 38
26 52
52 82
82 95
29 95
29 81
24 81
24 96
67 96
30 67
30 62
49 62
