71 71 922
0
1
2
3
4
5
6
7
8
9
13
15
19
20
21
25
26
27
29
30
32
33
34
35
36
37
40
42
43
44
45
46
47
48
49
51
53
54
55
56
57
58
60
61
62
63
65
67
71
73
74
75
76
77
78
79
81
82
83
86
87
89
90
91
92
93
94
95
96
98
99
0 26
0 51
1 4
1 35
2 27
2 44
3 13
3 77
4 9
5 57
5 78
6 55
6 87
7 43
7 74
8 49
8 71
9 91
13 42
15 62
15 86
19 25
19 37
20 78
20 96
21 56
21 79
25 27
26 49
29 45
29 47
30 63
30 73
32 48
32 99
33 65
33 75
34 67
34 75
35 56
36 81
36 95
37 81
40 79
40 87
42 62
43 74
44 95
45 47
46 82
46 89
48 99
51 60
53 92
53 93
54 58
54 90
55 83
57 96
58 77
60 71
61 76
61 94
63 91
65 67
73 93
76 83
82 89
86 98
90 92
94 98
