100 100 975
0
1
2
3
4
5
6
7
8
9
10
11
12
13
14
15
16
17
18
19
20
21
22
23
24
25
26
27
28
29
30
31
32
33
34
35
36
37
38
39
40
41
42
43
44
45
46
47
48
49
50
51
52
53
54
55
56
57
58
59
60
61
62
63
64
65
66
67
68
69
70
71
72
73
74
75
76
77
78
79
80
81
82
83
84
85
86
87
88
89
90
91
92
93
94
95
96
97
98
99
0 44
0 95
1 5
1 13
2 27
2 60
3 45
3 73
4 23
4 28
5 78
6 61
6 81
7 43
7 85
8 15
8 43
9 36
9 88
10 25
10 79
11 40
11 56
12 14
12 77
13 78
14 58
15 76
16 37
16 96
17 20
17 49
18 47
18 98
19 51
19 79
20 64
21 58
21 86
22 40
22 65
23 28
24 69
24 94
25 70
26 36
26 88
27 32
29 34
29 39
30 71
30 97
31 38
31 62
32 68
33 87
33 97
34 82
35 80
35 82
37 54
38 62
39 48
41 60
41 68
42 52
42 55
44 95
45 57
46 84
46 89
47 99
48 98
49 51
50 59
50 86
52 76
53 66
53 99
54 96
55 92
56 92
57 91
59 93
61 81
63 67
63 72
64 75
65 71
66 87
67 83
69 90
70 74
72 83
73 91
74 75
77 89
80 85
84 93
90 94
