85 85 950
1
2
3
4
5
6
7
8
9
10
11
12
13
14
15
16
17
18
19
20
22
24
25
26
27
29
30
31
33
34
35
36
38
40
41
42
43
44
45
46
47
48
49
50
51
52
53
54
56
57
58
59
60
61
62
64
65
66
68
70
71
72
73
74
75
76
77
78
79
80
81
82
83
84
85
86
87
89
90
91
92
93
96
98
99
1 19
1 36
2 64
2 87
3 42
3 90
4 7
4 13
5 18
5 76
6 27
6 56
7 93
8 16
8 66
9 57
9 98
10 11
10 70
11 90
12 58
12 91
13 18
14 31
14 83
15 34
15 46
16 24
17 35
17 70
19 71
20 51
20 58
22 38
22 77
24 66
25 86
25 89
26 38
26 92
27 56
29 64
29 74
30 59
30 86
31 83
33 84
33 85
34 52
35 54
36 99
40 52
40 62
41 73
41 85
42 53
43 65
43 89
44 78
44 87
45 60
45 96
46 77
47 54
47 98
48 49
48 62
49 79
50 57
50 65
51 80
53 75
59 72
60 82
61 73
61 84
68 74
68 81
71 99
72 79
75 80
76 78
81 92
82 96
91 93
