100 100 951
0
1
2
3
4
5
6
7
8
9
10
11
12
13
14
15
16
17
18
19
20
21
22
23
24
25
26
27
28
29
30
31
32
33
34
35
36
37
38
39
40
41
42
43
44
45
46
47
48
49
50
51
52
53
54
55
56
57
58
59
60
61
62
63
64
65
66
67
68
69
70
71
72
73
74
75
76
77
78
79
80
81
82
83
84
85
86
87
88
89
90
91
92
93
94
95
96
97
98
99
0 43
0 84
1 28
1 77
2 58
2 72
3 68
3 71
4 30
4 49
5 51
5 71
6 26
6 83
7 39
7 43
8 17
8 95
9 31
9 96
10 93
10 98
11 15
11 48
12 31
12 33
13 14
13 29
14 40
15 69
16 25
16 47
17 58
18 30
18 99
19 24
19 62
20 45
20 93
21 46
21 66
22 66
22 85
23 42
23 94
24 91
25 59
26 48
27 35
27 55
28 37
29 33
32 60
32 89
34 36
34 75
35 88
36 69
37 92
38 70
38 82
39 78
40 42
41 62
41 64
44 76
44 89
45 78
46 59
47 56
49 53
50 61
50 81
51 94
52 74
52 88
53 98
54 65
54 87
55 77
56 70
57 68
57 82
60 95
61 79
63 64
63 97
65 83
67 74
67 86
72 79
73 81
73 90
75 99
76 84
80 85
80 92
86 97
87 91
90 96
