99 99 2758
71
3
21
8
15
191
53
159
49
56
133
24
133
142
119
57
118
13
68
89
5
155
18
155
192
175
43
79
62
68
44
13
63
123
17
167
55
61
78
107
75
99
147
105
138
26
7
40
51
170
35
42
109
28
25
116
38
181
111
84
113
10
52
135
1
16
137
141
73
54
32
54
73
115
69
33
81
46
36
69
9
29
48
31
171
151
183
103
96
4
108
34
58
91
30
14
23
172
193
3 71
3 21
8 21
8 15
15 191
53 191
53 159
49 159
49 56
56 133
24 133
24 133
133 142
119 142
57 119
57 118
13 118
13 68
68 89
5 89
5 155
18 155
18 155
155 192
175 192
43 175
43 79
62 79
62 68
44 68
13 44
13 63
63 123
17 123
17 167
55 167
55 61
61 78
78 107
75 107
75 99
99 147
105 147
105 138
26 138
7 26
7 40
40 51
51 170
35 170
35 42
42 109
28 109
25 28
25 116
38 116
38 181
111 181
84 111
84 113
10 113
10 52
52 135
1 135
1 16
16 137
137 141
73 141
54 73
32 54
32 54
54 73
73 115
69 115
33 69
33 81
46 81
36 46
36 69
9 69
9 29
29 48
31 48
31 171
151 171
151 183
103 183
96 103
4 96
4 108
34 108
34 58
58 91
30 91
14 30
14 23
23 172
172 193
71 193
