57 57 1077
0
1
4
6
7
8
9
10
13
15
17
19
20
21
22
24
25
26
28
29
30
31
34
35
36
43
48
51
52
53
55
56
61
62
63
65
66
69
70
72
73
74
76
78
79
81
82
83
84
85
88
90
91
92
94
95
97
0 43
0 92
1 53
1 62
4 10
4 25
6 84
6 90
7 31
7 74
8 22
8 76
9 19
9 48
10 25
13 29
13 61
15 28
15 69
17 79
17 91
19 48
20 73
20 97
21 56
21 65
22 90
24 35
24 82
26 52
26 74
28 73
29 51
30 69
30 91
31 97
34 36
34 79
35 76
36 95
43 81
51 53
52 78
55 66
55 94
56 63
61 83
62 78
63 83
65 72
66 88
70 81
70 85
72 84
82 85
88 94
92 95
