Error code = 10013
Unable to write to file './output/N50D0.5K0T1P0.1/model.lp'

50 50 865
0
1
2
3
4
5
6
7
8
9
10
11
12
13
14
15
16
17
18
19
20
21
22
23
24
25
26
27
28
29
30
31
32
33
34
35
36
37
38
39
40
41
42
43
44
45
46
47
48
49
0 38
0 45
1 31
1 32
2 39
2 41
3 5
3 23
4 5
4 9
6 7
6 17
7 33
8 11
8 35
9 21
10 18
10 27
11 14
12 36
12 40
13 22
13 39
14 19
15 37
15 41
16 23
16 34
17 42
18 49
19 47
20 29
20 46
21 26
22 37
24 25
24 44
25 43
26 30
27 38
28 33
28 36
29 46
30 34
31 35
32 42
40 49
43 44
45 48
47 48
