199 355 10265
0
1
2
3
4
5
6
7
8
9
10
11
12
13
14
15
16
17
18
19
20
21
22
23
24
25
26
27
28
29
30
31
32
33
34
35
36
37
38
39
40
41
42
43
44
45
46
47
48
49
50
51
52
53
54
55
56
57
58
59
60
61
62
63
64
65
66
67
68
69
70
71
72
74
75
76
77
78
79
80
81
82
83
84
85
86
87
88
89
90
91
92
93
94
95
96
97
98
99
100
101
102
103
104
105
106
107
108
109
110
111
112
113
114
115
116
117
118
119
120
121
122
123
124
125
126
127
128
129
130
131
132
133
134
135
136
137
138
139
140
141
142
143
144
145
146
147
148
149
150
151
152
153
154
155
156
157
158
159
160
161
162
163
164
165
166
167
168
169
170
171
172
173
174
175
176
177
178
179
180
181
182
183
184
185
186
187
188
189
190
191
192
193
194
195
196
197
198
199
0 147
60 147
0 183
183 185
20 185
20 108
1 56
56 91
91 102
1 98
98 112
2 55
2 43
43 171
3 103
3 110
0 4
0 36
36 82
0 4
0 27
27 168
5 67
5 134
6 109
109 146
45 146
6 106
7 91
7 106
45 106
45 187
8 40
40 153
7 8
7 154
9 56
37 56
9 91
75 91
10 49
10 29
13 29
13 196
180 196
11 149
58 149
58 192
76 192
11 84
84 136
12 74
12 117
13 78
4 13
4 194
14 70
14 62
62 183
15 54
15 127
4 127
4 147
16 18
18 21
16 61
17 56
17 62
18 47
18 45
45 106
48 106
19 71
19 177
86 177
20 108
20 159
21 77
77 196
22 63
22 72
72 73
73 182
152 182
5 23
5 143
83 143
74 83
23 56
56 178
24 44
24 116
25 139
25 27
27 145
26 28
28 48
26 71
71 111
27 49
9 27
9 112
28 39
28 149
45 149
29 135
29 167
30 161
60 161
30 85
31 41
31 58
28 58
28 48
48 96
32 125
32 140
33 155
4 33
4 29
29 161
34 57
57 143
34 144
144 148
35 199
68 199
35 114
36 97
36 188
37 163
38 58
38 176
39 185
160 185
40 100
40 172
41 121
42 117
25 42
25 124
43 148
43 168
8 44
8 89
46 128
24 46
24 194
47 149
58 149
58 124
38 50
33 38
33 36
36 82
50 93
93 166
155 166
51 141
51 154
52 151
118 151
52 176
53 147
53 184
31 54
31 121
55 199
102 199
56 89
4 57
4 86
57 60
60 137
28 58
28 198
59 101
101 125
33 59
33 149
61 150
62 63
37 64
37 100
64 104
17 65
17 88
17 65
17 110
110 146
66 120
66 158
106 158
106 135
67 157
68 157
69 157
81 157
69 103
103 126
126 186
37 70
37 98
71 105
105 158
33 72
4 33
4 162
72 101
101 180
75 172
76 174
37 77
37 101
77 178
78 149
85 149
79 141
16 79
16 160
160 188
80 150
7 150
7 98
49 80
49 125
125 186
186 190
58 81
58 126
25 83
25 123
82 83
82 114
114 160
4 84
4 111
72 84
72 73
73 182
82 87
82 114
114 183
17 183
17 104
82 87
82 114
114 183
106 183
88 153
75 90
75 91
90 127
60 92
60 119
60 92
60 171
4 93
0 4
0 114
114 133
93 106
45 106
45 187
94 151
94 198
95 196
107 196
107 121
121 138
87 95
87 167
96 97
99 101
99 133
103 164
105 149
105 132
132 183
13 107
13 116
107 123
123 128
64 109
64 140
109 174
33 110
33 137
33 113
33 151
113 177
13 114
13 144
115 147
143 147
115 147
147 173
118 144
119 189
120 147
147 173
64 122
19 64
19 126
117 122
117 192
123 193
15 127
15 49
49 169
129 146
129 195
130 132
130 139
131 177
31 131
31 192
132 195
125 134
125 169
0 136
0 156
138 184
142 162
72 142
72 73
73 182
4 145
4 163
150 175
152 175
156 185
158 186
159 189
161 185
181 185
10 164
10 190
112 165
112 181
165 191
39 166
39 179
166 191
33 170
33 179
170 197
115 185
115 147
147 197
16 193
16 147
147 199
107 196
107 199
