100 100 1128
0
1
2
3
4
5
6
7
8
9
10
11
12
13
14
15
16
17
18
19
20
21
22
23
24
25
26
27
28
29
30
31
32
33
34
35
36
37
38
39
40
41
42
43
44
45
46
47
48
49
50
51
52
53
54
55
56
57
58
59
60
61
62
63
64
65
66
67
68
69
70
71
72
73
74
75
76
77
78
79
80
81
82
83
84
85
86
87
88
89
90
91
92
93
94
95
96
97
98
99
0 13
0 60
1 23
1 70
2 64
2 96
3 25
3 27
4 13
4 80
5 50
5 99
6 59
6 84
7 12
7 41
8 52
8 93
9 35
9 65
10 62
10 91
11 26
11 31
12 93
14 24
14 85
15 40
15 74
16 22
16 95
17 44
17 82
18 20
18 83
19 67
19 77
20 21
21 83
22 95
23 96
24 86
25 48
26 40
27 74
28 37
28 43
29 66
29 99
30 54
30 73
31 32
32 90
33 57
33 68
34 46
34 97
35 42
36 48
36 89
37 47
38 42
38 98
39 77
39 92
41 61
43 47
44 70
45 63
45 79
46 97
49 76
49 94
50 64
51 58
51 81
52 78
53 72
53 73
54 88
55 59
55 84
56 78
56 92
57 68
58 62
60 94
61 89
63 72
65 98
66 81
67 88
69 80
69 91
71 76
71 87
75 86
75 87
79 90
82 85
