62 62 1428
26
73
10
62
82
76
68
75
68
36
83
33
8
87
93
75
79
52
28
7
69
37
46
97
91
14
86
63
30
67
48
66
0
74
72
60
51
70
9
85
19
85
57
88
44
71
11
58
22
98
84
50
21
89
64
81
90
17
53
65
38
20
26 73
10 73
10 62
62 82
76 82
68 76
68 75
68 75
36 68
36 83
33 83
8 33
8 87
87 93
75 93
75 79
52 79
28 52
7 28
7 69
37 69
37 46
46 97
91 97
14 91
14 86
63 86
30 63
30 67
48 67
48 66
0 66
0 74
72 74
60 72
51 60
51 70
9 70
9 85
19 85
19 85
57 85
57 88
44 88
44 71
11 71
11 58
22 58
22 98
84 98
50 84
21 50
21 89
64 89
64 81
81 90
17 90
17 53
53 65
38 65
20 38
20 26
