137 137 1930
88
52
67
52
63
16
9
79
0
2
29
10
97
45
69
73
70
30
81
3
31
3
53
13
72
40
75
43
75
40
14
80
86
80
14
85
27
22
94
54
18
54
33
54
7
54
26
15
39
15
26
21
93
21
33
55
50
30
70
64
57
49
95
90
8
90
89
90
95
82
77
82
6
34
91
87
76
32
76
44
20
66
96
20
37
6
23
46
23
5
59
19
60
1
38
1
19
59
61
71
98
71
58
56
10
29
10
35
47
84
52
36
62
36
74
42
48
12
4
65
99
78
28
78
28
51
24
92
24
83
17
41
68
11
25
84
52
52 88
52 67
52 67
52 63
16 63
9 16
9 79
0 79
0 2
2 29
10 29
10 97
45 97
45 69
69 73
70 73
30 70
30 81
3 81
3 31
3 31
3 53
13 53
13 72
40 72
40 75
43 75
43 75
40 75
14 40
14 80
80 86
80 86
14 80
14 85
27 85
22 27
22 94
54 94
18 54
18 54
33 54
33 54
7 54
7 54
26 54
15 26
15 39
15 39
15 26
21 26
21 93
21 93
21 33
33 55
50 55
30 50
30 70
64 70
57 64
49 57
49 95
90 95
8 90
8 90
89 90
89 90
90 95
82 95
77 82
77 82
6 82
6 34
34 91
87 91
76 87
32 76
32 76
44 76
20 44
20 66
66 96
20 96
20 37
6 37
6 23
23 46
23 46
5 23
5 59
19 59
19 60
1 60
1 38
1 38
1 19
19 59
59 61
61 71
71 98
71 98
58 71
56 58
10 56
10 29
10 29
10 35
35 47
47 84
52 84
36 52
36 62
36 62
36 74
42 74
42 48
12 48
4 12
4 65
65 99
78 99
28 78
28 78
28 78
28 51
24 51
24 92
24 92
24 83
17 83
17 41
41 68
11 68
11 25
25 84
52 84
52 88
