251 251 2471
106
179
55
80
96
72
27
72
143
60
123
60
181
93
11
23
36
7
87
116
44
18
169
119
49
44
146
8
32
9
195
31
40
31
99
165
99
28
22
105
194
19
194
105
73
58
80
89
199
94
167
94
26
129
26
71
168
71
26
77
177
115
158
62
53
164
90
109
48
109
100
140
41
92
117
92
97
142
118
36
118
178
163
43
6
43
112
25
10
91
15
157
133
127
76
131
176
107
50
64
132
63
13
5
42
124
86
198
125
2
127
86
24
86
24
88
21
110
21
88
24
86
127
133
157
154
69
30
37
156
183
108
197
45
46
45
159
150
45
187
12
187
186
57
171
101
95
171
148
174
136
104
139
175
139
17
184
144
138
155
47
79
153
161
147
0
14
0
190
47
113
149
170
189
161
85
81
16
81
85
3
85
191
162
1
75
20
34
151
191
120
191
192
173
180
35
114
61
128
160
166
78
121
78
70
78
111
130
51
59
188
130
103
130
182
126
84
54
98
56
98
38
126
82
196
67
39
29
152
33
83
68
83
193
137
145
137
134
65
185
52
4
102
66
135
122
141
74
172
55
179
106 179
55 179
55 80
80 96
72 96
27 72
27 72
72 143
60 143
60 123
60 123
60 181
93 181
11 93
11 23
23 36
7 36
7 87
87 116
44 116
18 44
18 169
119 169
49 119
44 49
44 146
8 146
8 32
9 32
9 195
31 195
31 40
31 40
31 99
99 165
99 165
28 99
22 28
22 105
105 194
19 194
19 194
105 194
73 105
58 73
58 80
80 89
89 199
94 199
94 167
94 167
26 94
26 129
26 129
26 71
71 168
71 168
26 71
26 77
77 177
115 177
115 158
62 158
53 62
53 164
90 164
90 109
48 109
48 109
100 109
100 140
41 140
41 92
92 117
92 117
92 97
97 142
118 142
36 118
36 118
118 178
163 178
43 163
6 43
6 43
43 112
25 112
10 25
10 91
15 91
15 157
133 157
127 133
76 127
76 131
131 176
107 176
50 107
50 64
64 132
63 132
13 63
5 13
5 42
42 124
86 124
86 198
125 198
2 125
2 127
86 127
24 86
24 86
24 86
24 88
21 88
21 110
21 110
21 88
24 88
24 86
86 127
127 133
133 157
154 157
69 154
30 69
30 37
37 156
156 183
108 183
108 197
45 197
45 46
45 46
45 159
150 159
45 150
45 187
12 187
12 187
186 187
57 186
57 171
101 171
95 101
95 171
148 171
148 174
136 174
104 136
104 139
139 175
139 175
17 139
17 184
144 184
138 144
138 155
47 155
47 79
79 153
153 161
147 161
0 147
0 14
0 14
0 190
47 190
47 113
113 149
149 170
170 189
161 189
85 161
81 85
16 81
16 81
81 85
3 85
3 85
85 191
162 191
1 162
1 75
20 75
20 34
34 151
151 191
120 191
120 191
191 192
173 192
173 180
35 180
35 114
61 114
61 128
128 160
160 166
78 166
78 121
78 121
70 78
70 78
78 111
111 130
51 130
51 59
59 188
130 188
103 130
103 130
130 182
126 182
84 126
54 84
54 98
56 98
56 98
38 98
38 126
82 126
82 196
67 196
39 67
29 39
29 152
33 152
33 83
68 83
68 83
83 193
137 193
137 145
137 145
134 137
65 134
65 185
52 185
4 52
4 102
66 102
66 135
122 135
122 141
74 141
74 172
55 172
55 179
106 179
