134 134 2019
38
97
6
2
96
25
5
74
48
69
52
86
90
95
90
86
68
14
68
12
86
52
99
72
99
72
24
28
9
28
17
88
17
28
47
61
3
18
82
83
26
51
70
51
71
81
36
54
92
30
92
30
65
93
39
98
21
98
77
43
42
37
78
58
7
40
58
57
34
57
67
63
73
63
4
46
60
19
60
91
60
19
80
27
80
22
80
20
53
20
64
35
8
55
8
94
8
55
56
76
1
76
1
41
84
29
33
59
87
89
15
89
50
66
50
89
75
13
0
23
44
10
31
10
44
32
11
85
16
45
62
79
16
49
38 97
6 97
2 6
2 96
25 96
5 25
5 74
48 74
48 69
52 69
52 86
86 90
90 95
90 95
86 90
68 86
14 68
14 68
12 68
12 86
52 86
52 99
72 99
72 99
72 99
24 72
24 28
9 28
9 28
17 28
17 88
17 88
17 28
28 47
47 61
3 61
3 18
18 82
82 83
26 83
26 51
51 70
51 70
51 71
71 81
36 81
36 54
54 92
30 92
30 92
30 92
30 65
65 93
39 93
39 98
21 98
21 98
77 98
43 77
42 43
37 42
37 78
58 78
7 58
7 40
40 58
57 58
34 57
34 57
57 67
63 67
63 73
63 73
4 63
4 46
46 60
19 60
19 60
60 91
60 91
19 60
19 80
27 80
27 80
22 80
22 80
20 80
20 53
20 53
20 64
35 64
8 35
8 55
8 55
8 94
8 94
8 55
55 56
56 76
1 76
1 76
1 76
1 41
41 84
29 84
29 33
33 59
59 87
87 89
15 89
15 89
50 89
50 66
50 66
50 89
75 89
13 75
0 13
0 23
23 44
10 44
10 31
10 31
10 44
32 44
11 32
11 85
16 85
16 45
45 62
62 79
16 79
16 49
38 49
