200 200 1277
0
1
2
3
4
5
6
7
8
9
10
11
12
13
14
15
16
17
18
19
20
21
22
23
24
25
26
27
28
29
30
31
32
33
34
35
36
37
38
39
40
41
42
43
44
45
46
47
48
49
50
51
52
53
54
55
56
57
58
59
60
61
62
63
64
65
66
67
68
69
70
71
72
73
74
75
76
77
78
79
80
81
82
83
84
85
86
87
88
89
90
91
92
93
94
95
96
97
98
99
100
101
102
103
104
105
106
107
108
109
110
111
112
113
114
115
116
117
118
119
120
121
122
123
124
125
126
127
128
129
130
131
132
133
134
135
136
137
138
139
140
141
142
143
144
145
146
147
148
149
150
151
152
153
154
155
156
157
158
159
160
161
162
163
164
165
166
167
168
169
170
171
172
173
174
175
176
177
178
179
180
181
182
183
184
185
186
187
188
189
190
191
192
193
194
195
196
197
198
199
0 62
0 183
1 79
1 166
2 114
2 160
3 158
3 168
4 145
4 178
5 43
5 150
6 107
6 158
7 56
7 195
8 93
8 155
9 28
9 185
10 124
10 162
11 41
11 96
12 124
12 162
13 116
13 149
14 40
14 192
15 24
15 113
16 35
16 151
17 103
17 155
18 94
18 152
19 70
19 92
20 88
20 138
21 25
21 186
22 142
22 178
23 28
23 56
24 78
25 186
26 78
26 167
27 184
27 189
29 53
29 128
30 52
30 66
31 148
31 198
32 58
32 120
33 125
33 136
34 163
34 173
35 97
36 67
36 111
37 87
37 117
38 134
38 164
39 103
39 136
40 165
41 112
42 98
42 128
43 76
44 57
44 119
45 165
45 180
46 48
46 50
47 85
47 171
48 101
49 85
49 171
50 112
51 90
51 177
52 68
53 132
54 86
54 137
55 173
55 179
57 119
58 64
59 96
59 199
60 101
60 164
61 133
61 196
62 195
63 129
63 145
64 120
65 80
65 125
66 153
67 82
68 176
69 168
69 169
70 99
71 74
71 89
72 104
72 118
73 75
73 108
74 105
75 86
76 133
77 157
77 170
79 130
80 107
81 91
81 139
82 190
83 160
83 188
84 116
84 161
87 174
88 131
89 104
90 141
91 154
92 188
93 140
94 106
95 115
95 126
97 163
98 135
99 179
100 114
100 151
102 156
102 191
105 111
106 110
108 137
109 175
109 197
110 152
113 199
115 175
117 174
118 190
121 167
121 198
122 153
122 196
123 132
123 159
126 166
127 144
127 197
129 181
130 181
131 156
134 187
135 172
138 182
139 154
140 182
141 177
142 159
143 180
143 191
144 147
146 148
146 184
147 194
149 161
150 193
157 194
169 172
170 187
176 189
183 185
192 193
