122 122 1802
57
70
38
91
113
91
51
108
163
84
163
108
36
19
43
44
20
44
20
48
165
99
136
66
120
32
79
98
90
127
92
127
90
114
176
152
193
116
25
69
72
28
119
5
79
8
161
11
61
24
118
179
140
27
125
18
125
133
53
75
16
82
26
81
30
81
89
169
54
17
186
175
33
73
78
40
78
129
78
40
122
124
15
39
41
46
107
87
132
194
34
35
56
129
78
40
177
55
177
142
96
60
97
141
97
52
106
101
134
12
7
130
128
117
68
59
68
157
172
22
57
65
57 70
38 70
38 91
91 113
91 113
51 91
51 108
108 163
84 163
84 163
108 163
36 108
19 36
19 43
43 44
20 44
20 44
20 44
20 48
48 165
99 165
99 136
66 136
66 120
32 120
32 79
79 98
90 98
90 127
92 127
92 127
90 127
90 114
114 176
152 176
152 193
116 193
25 116
25 69
69 72
28 72
28 119
5 119
5 79
8 79
8 161
11 161
11 61
24 61
24 118
118 179
140 179
27 140
27 125
18 125
18 125
125 133
53 133
53 75
16 75
16 82
26 82
26 81
30 81
30 81
81 89
89 169
54 169
17 54
17 186
175 186
33 175
33 73
73 78
40 78
40 78
78 129
78 129
40 78
40 122
122 124
15 124
15 39
39 41
41 46
46 107
87 107
87 132
132 194
34 194
34 35
35 56
56 129
78 129
40 78
40 177
55 177
55 177
142 177
96 142
60 96
60 97
97 141
97 141
52 97
52 106
101 106
101 134
12 134
7 12
7 130
128 130
117 128
68 117
59 68
59 68
68 157
157 172
22 172
22 57
57 65
57 65
