100 100 948
0
1
2
3
4
5
6
7
8
9
10
11
12
13
14
15
16
17
18
19
20
21
22
23
24
25
26
27
28
29
30
31
32
33
34
35
36
37
38
39
40
41
42
43
44
45
46
47
48
49
50
51
52
53
54
55
56
57
58
59
60
61
62
63
64
65
66
67
68
69
70
71
72
73
74
75
76
77
78
79
80
81
82
83
84
85
86
87
88
89
90
91
92
93
94
95
96
97
98
99
0 8
0 47
1 2
1 94
2 83
3 24
3 66
4 78
4 82
5 6
5 74
6 66
7 40
7 79
8 41
9 39
9 80
10 16
10 92
11 80
11 94
12 17
12 88
13 31
13 44
14 35
14 99
15 34
15 59
16 97
17 88
18 42
18 84
19 40
19 61
20 21
20 77
21 46
22 49
22 91
23 41
23 47
24 33
25 38
25 95
26 39
26 89
27 36
27 93
28 68
28 96
29 56
29 76
30 58
30 90
31 44
32 60
32 89
33 63
34 59
35 99
36 93
37 54
37 73
38 97
42 64
43 55
43 67
45 65
45 82
46 69
48 76
48 92
49 55
50 62
50 85
51 64
51 96
52 75
52 87
53 57
53 81
54 71
56 74
57 81
58 90
60 70
61 78
62 84
63 69
65 77
67 91
68 95
70 72
71 85
72 98
73 86
75 87
79 98
83 86
