135 135 1919
53
40
43
66
8
2
82
26
23
26
27
74
39
95
28
67
87
67
87
99
11
14
47
97
1
97
50
49
50
17
83
17
50
44
50
80
50
36
63
36
62
45
11
94
12
92
86
28
86
89
25
89
25
15
13
76
73
70
73
4
34
24
10
6
10
91
10
24
21
84
41
7
30
65
64
56
37
35
48
19
85
19
48
35
42
46
68
22
79
22
68
75
9
75
59
16
38
16
75
77
29
69
88
58
32
0
98
71
96
18
31
72
55
33
93
96
52
90
57
90
61
3
5
3
61
60
20
54
81
54
81
51
40
53
78
40 53
40 43
43 66
8 66
2 8
2 82
26 82
23 26
23 26
26 27
27 74
39 74
39 95
28 95
28 67
67 87
67 87
67 87
87 99
11 99
11 14
14 47
47 97
1 97
1 97
50 97
49 50
49 50
17 50
17 83
17 83
17 50
44 50
44 50
50 80
50 80
36 50
36 63
36 63
36 62
45 62
11 45
11 94
12 94
12 92
86 92
28 86
28 86
86 89
25 89
25 89
25 89
15 25
13 15
13 76
73 76
70 73
70 73
4 73
4 34
24 34
10 24
6 10
6 10
10 91
10 91
10 24
21 24
21 84
41 84
7 41
7 30
30 65
64 65
56 64
37 56
35 37
35 48
19 48
19 85
19 85
19 48
35 48
35 42
42 46
46 68
22 68
22 79
22 79
22 68
68 75
9 75
9 75
59 75
16 59
16 38
16 38
16 75
75 77
29 77
29 69
69 88
58 88
32 58
0 32
0 98
71 98
71 96
18 96
18 31
31 72
55 72
33 55
33 93
93 96
52 96
52 90
57 90
57 90
61 90
3 61
3 5
3 5
3 61
60 61
20 60
20 54
54 81
54 81
54 81
51 81
40 51
40 53
53 78
53 78
