199 199 10745
0
1
2
3
4
5
6
7
8
9
10
12
13
14
15
16
17
18
19
20
21
22
23
24
25
26
27
28
29
30
31
32
33
34
35
36
37
38
39
40
41
42
43
44
45
46
47
48
49
50
51
52
53
54
55
56
57
58
59
60
61
62
63
64
65
66
67
68
69
70
71
72
73
74
75
76
77
78
79
80
81
82
83
84
85
86
87
88
89
90
91
92
93
94
95
96
97
98
99
100
101
102
103
104
105
106
107
108
109
110
111
112
113
114
115
116
117
118
119
120
121
122
123
124
125
126
127
128
129
130
131
132
133
134
135
136
137
138
139
140
141
142
143
144
145
146
147
148
149
150
151
152
153
154
155
156
157
158
159
160
161
162
163
164
165
166
167
168
169
170
171
172
173
174
175
176
177
178
179
180
181
182
183
184
185
186
187
188
189
190
191
192
193
194
195
196
197
198
199
0 182
0 196
1 136
1 144
2 150
2 168
3 97
3 144
4 157
4 159
5 195
5 196
6 176
6 180
7 69
7 187
8 149
8 153
9 36
9 197
10 126
10 127
12 141
12 150
13 76
13 182
14 77
14 194
15 80
15 174
16 86
16 151
17 159
17 188
18 80
18 81
19 154
19 169
20 152
20 154
21 39
21 65
22 173
22 174
23 166
23 172
24 32
24 63
25 62
25 133
26 60
26 151
27 64
27 90
28 79
28 143
29 115
29 132
30 63
30 78
31 73
31 87
32 62
33 71
33 93
34 60
34 90
35 68
35 105
36 45
37 78
37 105
38 69
38 130
39 51
40 53
40 114
41 100
41 131
42 82
42 84
43 70
43 104
44 57
44 96
45 73
46 88
46 96
47 134
47 139
48 65
48 111
49 67
49 71
50 66
50 70
51 153
52 64
52 92
53 117
54 58
54 74
55 57
55 86
56 67
56 68
58 93
59 189
59 195
61 87
61 91
66 124
72 192
72 193
74 199
75 194
75 199
76 198
77 197
79 169
81 193
82 173
83 123
83 157
84 198
85 188
85 191
88 99
89 187
89 192
91 124
92 155
94 189
94 190
95 185
95 190
97 191
98 184
98 185
99 178
100 184
101 114
101 181
102 180
102 183
103 181
103 183
104 186
106 175
106 179
107 175
107 176
108 170
108 171
109 177
109 178
110 171
110 186
111 177
112 170
112 172
113 168
113 179
115 167
116 165
116 167
117 164
118 155
118 166
119 160
119 164
120 161
120 162
121 158
121 160
122 163
122 165
123 162
125 148
125 149
126 163
127 161
128 152
128 156
129 147
129 158
130 156
131 148
132 142
133 147
134 143
135 139
135 140
136 146
137 141
137 145
138 140
138 146
142 145
