199 199 1247
0
1
2
3
4
5
6
7
8
9
10
11
12
13
14
15
16
17
18
19
20
21
22
23
24
25
26
27
28
29
30
31
32
33
34
35
36
37
38
39
40
41
43
44
45
46
47
48
49
50
51
52
53
54
55
56
57
58
59
60
61
62
63
64
65
66
67
68
69
70
71
72
73
74
75
76
77
78
79
80
81
82
83
84
85
86
87
88
89
90
91
92
93
94
95
96
97
98
99
100
101
102
103
104
105
106
107
108
109
110
111
112
113
114
115
116
117
118
119
120
121
122
123
124
125
126
127
128
129
130
131
132
133
134
135
136
137
138
139
140
141
142
143
144
145
146
147
148
149
150
151
152
153
154
155
156
157
158
159
160
161
162
163
164
165
166
167
168
169
170
171
172
173
174
175
176
177
178
179
180
181
182
183
184
185
186
187
188
189
190
191
192
193
194
195
196
197
198
199
0 62
0 194
1 41
1 82
2 5
2 80
3 134
3 185
4 57
4 146
5 80
6 91
6 130
7 128
7 152
8 125
8 127
9 132
9 153
10 73
10 75
11 85
11 101
12 52
12 84
13 47
13 66
14 23
14 99
15 52
15 104
16 113
16 168
17 28
17 56
18 32
18 67
19 31
19 39
20 128
20 181
21 116
21 197
22 92
22 195
23 74
24 120
24 166
25 193
25 194
26 100
26 189
27 105
27 118
28 158
29 49
29 151
30 38
30 170
31 43
32 43
33 165
33 181
34 144
34 182
35 37
35 51
36 90
36 180
37 77
38 164
39 162
40 60
40 107
41 72
44 126
44 176
45 54
45 174
46 79
46 141
47 187
48 129
48 190
49 64
50 117
50 186
51 111
53 73
53 75
54 160
55 72
55 141
56 158
57 146
58 111
58 118
59 112
59 169
60 107
61 139
61 175
62 88
63 157
63 171
64 173
65 91
65 130
66 187
67 162
68 87
68 138
69 126
69 142
70 95
70 119
71 97
71 124
74 99
76 135
76 154
77 83
78 155
78 196
79 110
81 86
81 106
82 88
83 156
84 149
85 195
86 102
87 167
89 123
89 178
90 180
92 191
93 142
93 163
94 103
94 156
95 150
96 177
96 196
97 175
98 108
98 136
100 114
101 174
102 179
103 150
104 149
105 143
106 114
108 136
109 148
109 198
110 116
112 169
113 137
115 145
115 172
117 186
119 184
120 192
121 147
121 161
122 151
122 189
123 178
124 170
125 127
129 134
131 159
131 185
132 153
133 135
133 154
137 190
138 184
139 188
140 168
140 193
143 173
144 176
145 182
147 161
148 167
152 155
157 199
159 166
160 177
163 172
164 198
165 179
171 199
183 188
183 191
192 197
