100 100 1000
0
1
2
3
4
5
6
7
8
9
10
11
12
13
14
15
16
17
18
19
20
21
22
23
24
25
26
27
28
29
30
31
32
33
34
35
36
37
38
39
40
41
42
43
44
45
46
47
48
49
50
51
52
53
54
55
56
57
58
59
60
61
62
63
64
65
66
67
68
69
70
71
72
73
74
75
76
77
78
79
80
81
82
83
84
85
86
87
88
89
90
91
92
93
94
95
96
97
98
99
0 9
0 11
1 5
1 18
2 39
2 69
3 58
3 65
4 48
4 91
5 39
6 67
6 93
7 55
7 75
8 66
8 83
9 46
10 48
10 76
11 45
12 29
12 68
13 37
13 60
14 21
14 32
15 94
15 97
16 34
16 88
17 70
17 91
18 49
19 26
19 89
20 42
20 54
21 88
22 30
22 77
23 50
23 80
24 44
24 57
25 59
25 84
26 37
27 38
27 43
28 40
28 71
29 92
30 61
31 56
31 87
32 96
33 60
33 61
34 51
35 81
35 97
36 62
36 79
38 51
40 41
41 63
42 77
43 99
44 85
45 98
46 72
47 52
47 78
49 96
50 95
52 87
53 62
53 82
54 69
55 56
57 73
58 71
59 79
63 94
64 67
64 99
65 86
66 81
68 84
70 95
72 82
73 76
74 75
74 90
78 80
83 92
85 98
86 93
89 90
