99 99 922
0
1
2
3
4
5
6
7
8
9
10
11
12
13
14
15
16
17
18
19
20
21
22
23
24
25
26
27
28
29
30
31
32
33
34
35
36
37
38
39
40
41
42
43
44
45
46
47
48
49
50
51
52
53
54
55
56
57
58
59
60
61
62
63
64
65
66
67
68
69
71
72
73
74
75
76
77
78
79
80
81
82
83
84
85
86
87
88
89
90
91
92
93
94
95
96
97
98
99
0 6
0 26
1 73
1 79
2 48
2 84
3 66
3 77
4 38
4 72
5 10
5 13
6 99
7 46
7 51
8 15
8 88
9 31
9 68
10 49
11 26
11 33
12 33
12 50
13 82
14 25
14 36
15 17
16 23
16 40
17 88
18 47
18 99
19 22
19 37
20 69
20 85
21 67
21 93
22 76
23 81
24 37
24 90
25 52
27 29
27 68
28 56
28 96
29 47
30 53
30 80
31 40
32 43
32 95
34 55
34 83
35 57
35 87
36 52
38 72
39 63
39 69
41 45
41 97
42 62
42 94
43 95
44 63
44 71
45 97
46 64
48 87
49 89
50 59
51 61
53 80
54 92
54 98
55 83
56 96
57 94
58 74
58 78
59 82
60 75
60 85
61 75
62 91
64 76
65 67
65 93
66 71
73 79
74 78
77 86
81 91
84 86
89 90
92 98
