100 100 1210
0
1
2
3
4
5
6
7
8
9
10
11
12
13
14
15
16
17
18
19
20
21
22
23
24
25
26
27
28
29
30
31
32
33
34
35
36
37
38
39
40
41
42
43
44
45
46
47
48
49
50
51
52
53
54
55
56
57
58
59
60
61
62
63
64
65
66
67
68
69
70
71
72
73
74
75
76
77
78
79
80
81
82
83
84
85
86
87
88
89
90
91
92
93
94
95
96
97
98
99
0 68
0 88
1 8
1 89
2 4
2 95
3 27
3 98
4 27
5 60
5 69
6 17
6 31
7 43
7 75
8 70
9 19
9 83
10 40
10 44
11 28
11 61
12 13
12 50
13 64
14 36
14 71
15 32
15 62
16 28
16 30
17 99
18 62
18 97
19 56
20 48
20 57
21 29
21 66
22 70
22 96
23 42
23 73
24 42
24 78
25 76
25 96
26 55
26 81
29 84
30 46
31 39
32 81
33 54
33 59
34 43
34 65
35 94
35 97
36 98
37 85
37 91
38 68
38 93
39 67
40 49
41 51
41 56
44 75
45 80
45 87
46 48
47 82
47 85
49 53
50 58
51 90
52 55
52 61
53 72
54 86
57 80
58 64
59 91
60 76
63 66
63 93
65 78
67 79
69 87
71 88
72 92
73 92
74 77
74 86
77 84
79 83
82 95
89 99
90 94
