100 100 815
0
1
2
3
4
5
6
7
8
9
10
11
12
13
14
15
16
17
18
19
20
21
22
23
24
25
26
27
28
29
30
31
32
33
34
35
36
37
38
39
40
41
42
43
44
45
46
47
48
49
50
51
52
53
54
55
56
57
58
59
60
61
62
63
64
65
66
67
68
69
70
71
72
73
74
75
76
77
78
79
80
81
82
83
84
85
86
87
88
89
90
91
92
93
94
95
96
97
98
99
0 22
0 43
1 73
1 79
2 17
2 64
3 28
3 78
4 20
4 78
5 6
5 33
6 33
7 47
7 60
8 53
8 83
9 65
9 98
10 46
10 62
11 44
11 85
12 36
12 70
13 77
13 90
14 34
14 62
15 17
15 26
16 24
16 61
18 50
18 55
19 76
19 87
20 42
21 38
21 96
22 52
23 38
23 96
24 40
25 27
25 32
26 75
27 89
28 64
29 51
29 91
30 54
30 80
31 58
31 69
32 93
34 48
35 85
35 88
36 49
37 53
37 83
39 65
39 72
40 43
41 42
41 51
44 66
45 46
45 67
47 71
48 84
49 94
50 56
52 75
54 80
55 97
56 86
57 59
57 68
58 70
59 63
60 72
61 69
63 68
66 88
67 76
71 92
73 79
74 94
74 99
77 95
81 90
81 95
82 92
82 98
84 87
86 97
89 91
93 99
