Error code = 10013
Unable to write to file './output/N50D0.7K5T0P0.5/model.lp'

49 49 611
0
1
2
3
4
5
6
7
8
9
10
11
12
13
14
15
16
17
18
19
20
21
22
23
24
25
26
27
28
29
30
31
32
33
35
36
37
38
39
40
41
42
43
44
45
46
47
48
49
0 9
0 24
1 38
1 40
2 26
2 44
3 17
3 23
4 27
4 31
5 22
5 43
6 11
6 47
7 39
7 46
8 18
8 43
9 41
10 33
10 35
11 45
12 19
12 36
13 26
13 37
14 23
14 49
15 28
15 32
16 42
16 46
17 25
18 21
19 40
20 31
20 42
21 22
24 41
25 49
27 48
28 32
29 45
29 47
30 39
30 48
33 35
36 38
37 44
