93 93 1660
67
38
19
47
23
57
185
160
72
181
74
103
62
95
98
59
196
10
76
83
70
29
124
24
42
184
77
73
9
61
64
102
68
45
90
112
142
106
39
116
115
11
8
11
145
66
25
93
81
164
63
180
43
50
6
190
46
16
91
82
97
86
27
31
13
20
118
113
167
55
153
111
144
40
105
49
105
168
107
40
158
89
141
32
44
183
21
60
75
104
7
65
148
38 67
19 38
19 47
23 47
23 57
57 185
160 185
72 160
72 181
74 181
74 103
62 103
62 95
95 98
59 98
59 196
10 196
10 76
76 83
70 83
29 70
29 124
24 124
24 42
42 184
77 184
73 77
9 73
9 61
61 64
64 102
68 102
45 68
45 90
90 112
112 142
106 142
39 106
39 116
115 116
11 115
8 11
8 11
11 145
66 145
25 66
25 93
81 93
81 164
63 164
63 180
43 180
43 50
6 50
6 190
46 190
16 46
16 91
82 91
82 97
86 97
27 86
27 31
13 31
13 20
20 118
113 118
113 167
55 167
55 153
111 153
111 144
40 144
40 105
49 105
49 105
105 168
107 168
40 107
40 158
89 158
89 141
32 141
32 44
44 183
21 183
21 60
60 75
75 104
7 104
7 65
65 148
67 148
