114 114 1259
61
15
75
74
89
79
66
16
87
70
87
8
35
5
3
45
48
67
37
93
76
96
76
82
29
41
5
71
84
22
26
46
23
69
36
77
81
21
55
49
47
56
7
86
68
27
39
83
90
25
88
98
17
98
50
60
91
60
97
18
20
13
52
24
57
24
52
2
30
34
42
38
42
85
34
12
9
28
53
28
33
44
62
43
58
59
62
72
62
78
12
31
10
6
65
51
73
54
32
0
94
14
1
40
19
11
92
4
80
95
99
63
87
64
15 61
15 75
74 75
74 89
79 89
66 79
16 66
16 87
70 87
70 87
8 87
8 35
5 35
3 5
3 45
45 48
48 67
37 67
37 93
76 93
76 96
76 96
76 82
29 82
29 41
5 41
5 71
71 84
22 84
22 26
26 46
23 46
23 69
36 69
36 77
77 81
21 81
21 55
49 55
47 49
47 56
7 56
7 86
68 86
27 68
27 39
39 83
83 90
25 90
25 88
88 98
17 98
17 98
50 98
50 60
60 91
60 91
60 97
18 97
18 20
13 20
13 52
24 52
24 57
24 57
24 52
2 52
2 30
30 34
34 42
38 42
38 42
42 85
34 85
12 34
9 12
9 28
28 53
28 53
28 33
33 44
44 62
43 62
43 58
58 59
59 62
62 72
62 72
62 78
12 78
12 31
10 31
6 10
6 65
51 65
51 73
54 73
32 54
0 32
0 94
14 94
1 14
1 40
19 40
11 19
11 92
4 92
4 80
80 95
95 99
63 99
63 87
64 87
61 64
