92 92 1390
0
1
2
3
4
5
6
7
8
9
11
13
14
15
16
18
20
21
22
23
24
25
26
27
28
29
30
32
33
34
35
36
37
38
39
40
41
43
44
45
46
47
48
49
50
51
52
53
54
55
56
58
59
60
61
62
63
64
65
66
67
68
69
70
71
72
73
74
75
76
77
78
79
80
81
82
83
84
85
86
87
88
90
91
92
93
94
95
96
97
98
99
0 18
0 53
1 9
1 69
2 4
2 33
3 37
3 62
4 36
5 28
5 77
6 80
6 90
7 47
7 55
8 61
8 74
9 32
11 39
11 49
13 69
13 93
14 23
14 58
15 40
15 81
16 35
16 97
18 70
20 22
20 58
21 27
21 73
22 27
23 47
24 68
24 80
25 26
25 52
26 95
28 36
29 46
29 51
30 56
30 96
32 60
33 94
34 38
34 79
35 64
37 38
39 41
40 98
41 59
43 73
43 87
44 48
44 97
45 83
45 99
46 96
48 67
49 54
50 70
50 93
51 86
52 83
53 59
54 68
55 86
56 65
60 85
61 65
62 78
63 66
63 84
64 67
66 84
71 88
71 98
72 87
72 95
74 77
75 76
75 92
76 94
78 82
79 91
81 90
82 85
88 91
92 99
