126 126 2299
178
176
159
161
168
75
45
27
89
128
11
36
93
175
190
92
140
169
79
151
90
182
95
2
122
179
94
55
181
149
38
101
194
76
172
44
46
171
71
147
77
174
81
104
119
42
170
81
104
82
102
43
15
9
85
53
173
197
4
52
160
180
91
139
115
5
153
198
66
163
104
81
158
164
105
97
138
30
23
132
50
17
133
129
54
143
21
73
191
72
70
58
103
157
192
134
111
196
99
112
64
193
64
177
131
145
16
145
127
62
142
145
28
10
130
8
141
83
20
118
87
24
34
121
34
167
176 178
159 176
159 161
161 168
75 168
45 75
27 45
27 89
89 128
11 128
11 36
36 93
93 175
175 190
92 190
92 140
140 169
79 169
79 151
90 151
90 182
95 182
2 95
2 122
122 179
94 179
55 94
55 181
149 181
38 149
38 101
101 194
76 194
76 172
44 172
44 46
46 171
71 171
71 147
77 147
77 174
81 174
81 104
104 119
42 119
42 170
81 170
81 104
82 104
82 102
43 102
15 43
9 15
9 85
53 85
53 173
173 197
4 197
4 52
52 160
160 180
91 180
91 139
115 139
5 115
5 153
153 198
66 198
66 163
104 163
81 104
81 158
158 164
105 164
97 105
97 138
30 138
23 30
23 132
50 132
17 50
17 133
129 133
54 129
54 143
21 143
21 73
73 191
72 191
70 72
58 70
58 103
103 157
157 192
134 192
111 134
111 196
99 196
99 112
64 112
64 193
64 193
64 177
131 177
131 145
16 145
16 145
127 145
62 127
62 142
142 145
28 145
10 28
10 130
8 130
8 141
83 141
20 83
20 118
87 118
24 87
24 34
34 121
34 121
34 167
167 178
