100 100 905
0
1
2
3
4
5
6
7
8
9
10
11
12
13
14
15
16
17
18
19
20
21
22
23
24
25
26
27
28
29
30
31
32
33
34
35
36
37
38
39
40
41
42
43
44
45
46
47
48
49
50
51
52
53
54
55
56
57
58
59
60
61
62
63
64
65
66
67
68
69
70
71
72
73
74
75
76
77
78
79
80
81
82
83
84
85
86
87
88
89
90
91
92
93
94
95
96
97
98
99
0 12
0 38
1 29
1 86
2 23
2 58
3 8
3 46
4 42
4 61
5 26
5 44
6 13
6 78
7 27
7 79
8 99
9 37
9 59
10 33
10 79
11 40
11 95
12 64
13 71
14 66
14 69
15 82
15 94
16 34
16 62
17 47
17 78
18 25
18 33
19 28
19 52
20 22
20 24
21 84
21 94
22 50
23 38
24 64
25 54
26 77
27 67
28 83
29 37
30 43
30 88
31 54
31 71
32 81
32 92
34 65
35 36
35 59
36 66
39 50
39 97
40 74
41 49
41 68
42 87
43 91
44 68
45 62
45 65
46 99
47 84
48 51
48 73
49 76
51 96
52 89
53 56
53 60
55 56
55 67
57 70
57 85
58 74
60 75
61 90
63 77
63 88
69 80
70 72
72 85
73 96
75 87
76 93
80 86
81 83
82 97
89 98
90 98
91 93
92 95
