100 110 1442
0
1
2
3
4
5
6
7
8
9
10
11
12
13
14
15
16
17
18
19
20
21
22
23
24
25
26
27
28
29
30
31
32
33
34
35
36
37
38
39
40
41
42
43
44
45
46
47
48
49
50
51
52
53
54
55
56
57
58
59
60
61
62
63
64
65
66
67
68
69
70
71
72
73
74
75
76
77
78
79
80
81
82
83
84
85
86
87
88
89
90
91
92
93
94
95
96
97
98
99
0 11
0 84
1 64
1 89
2 55
2 74
3 18
3 22
4 87
9 87
4 34
5 18
5 86
6 11
6 77
7 54
7 59
8 29
8 42
9 87
10 48
10 81
12 23
12 56
56 93
13 15
13 77
14 51
14 69
15 40
16 98
22 98
16 26
17 32
17 45
19 31
19 91
20 38
20 60
21 30
21 89
23 61
24 62
24 88
25 27
25 84
26 39
27 90
28 52
28 69
29 43
30 85
31 98
32 73
33 74
33 96
34 63
35 43
35 58
36 49
47 49
36 49
37 51
37 82
38 64
39 83
40 68
41 53
41 68
42 97
44 65
44 92
45 98
46 85
46 85
85 91
47 67
48 95
75 95
49 50
50 63
52 54
41 53
41 96
55 81
56 66
56 93
57 76
57 78
58 94
72 94
59 95
60 79
61 70
62 78
65 90
66 97
47 67
47 76
70 83
71 82
71 99
72 94
73 86
75 95
79 80
80 87
88 99
44 92
44 94
