200 200 2060
0
1
2
3
4
5
6
7
8
9
10
11
12
13
14
15
16
17
18
19
20
21
22
23
24
25
26
27
28
29
30
31
32
33
34
35
36
37
38
39
40
41
42
43
44
45
46
47
48
49
50
51
52
53
54
55
56
57
58
59
60
61
62
63
64
65
66
67
68
69
70
71
72
73
74
75
76
77
78
79
80
81
82
83
84
85
86
87
88
89
90
91
92
93
94
95
96
97
98
99
100
101
102
103
104
105
106
107
108
109
110
111
112
113
114
115
116
117
118
119
120
121
122
123
124
125
126
127
128
129
130
131
132
133
134
135
136
137
138
139
140
141
142
143
144
145
146
147
148
149
150
151
152
153
154
155
156
157
158
159
160
161
162
163
164
165
166
167
168
169
170
171
172
173
174
175
176
177
178
179
180
181
182
183
184
185
186
187
188
189
190
191
192
193
194
195
196
197
198
199
0 87
0 178
1 158
1 184
2 131
2 161
3 55
3 159
4 9
4 89
5 171
5 190
6 139
6 191
7 41
7 170
8 15
8 137
9 156
10 76
10 119
11 48
11 177
12 74
12 129
13 14
13 177
14 84
15 101
16 83
16 112
17 151
17 176
18 87
18 190
19 183
19 189
20 182
20 199
21 102
21 118
22 85
22 164
23 122
23 187
24 44
24 55
25 77
25 130
26 103
26 115
27 123
27 178
28 127
28 194
29 31
29 105
30 86
30 88
31 37
32 144
32 184
33 130
33 151
34 146
34 158
35 76
35 107
36 150
36 154
37 147
38 60
38 168
39 63
39 93
40 64
40 127
41 170
42 94
42 185
43 129
43 188
44 196
45 140
45 152
46 86
46 120
47 101
47 181
48 84
49 53
49 153
50 110
50 179
51 115
51 142
52 85
52 198
53 70
54 90
54 157
56 192
56 193
57 79
57 82
58 114
58 152
59 95
59 104
60 75
61 73
61 128
62 134
62 172
63 125
64 132
65 89
65 186
66 88
66 111
67 72
67 97
68 144
68 169
69 156
69 165
70 169
71 153
71 154
72 128
73 179
74 149
75 165
77 187
78 109
78 163
79 116
80 140
80 142
81 133
81 149
82 123
83 160
90 175
91 108
91 132
92 136
92 188
93 135
94 148
95 193
96 157
96 174
97 176
98 109
98 113
99 107
99 121
100 163
100 172
102 118
103 199
104 189
105 167
106 139
106 145
108 145
110 173
111 120
112 119
113 117
114 137
116 136
117 126
121 183
122 143
124 141
124 181
125 162
126 164
131 161
133 166
134 143
135 197
138 141
138 160
146 196
147 167
148 180
150 195
155 185
155 198
159 191
162 194
166 173
168 182
171 174
175 195
180 192
186 197
