100 100 959
0
1
2
3
4
5
6
7
8
9
10
11
12
13
14
15
16
17
18
19
20
21
22
23
24
25
26
27
28
29
30
31
32
33
34
35
36
37
38
39
40
41
42
43
44
45
46
47
48
49
50
51
52
53
54
55
56
57
58
59
60
61
62
63
64
65
66
67
68
69
70
71
72
73
74
75
76
77
78
79
80
81
82
83
84
85
86
87
88
89
90
91
92
93
94
95
96
97
98
99
0 10
0 40
1 47
1 78
2 20
2 42
3 10
3 93
4 45
4 67
5 35
5 66
6 71
6 92
7 30
7 76
8 23
8 72
9 14
9 81
11 21
11 71
12 37
12 52
13 61
13 94
14 51
15 31
15 39
16 54
16 60
17 28
17 66
18 44
18 79
19 25
19 91
20 36
21 77
22 69
22 81
23 82
24 41
24 96
25 63
26 56
26 82
27 74
27 88
28 75
29 56
29 72
30 43
31 38
32 54
32 90
33 73
33 80
34 70
34 83
35 75
36 85
37 77
38 48
39 65
40 93
41 89
42 84
43 76
44 95
45 47
46 48
46 49
49 53
50 59
50 98
51 69
52 62
53 95
55 73
55 74
57 67
57 80
58 87
58 88
59 84
60 92
61 63
62 85
64 86
64 97
65 79
68 78
68 87
70 83
86 97
89 96
90 98
91 99
94 99
