76 76 1535
79
16
66
67
66
44
18
57
94
10
71
51
20
76
20
51
6
83
7
74
77
37
77
74
82
52
42
73
35
86
21
23
96
23
70
68
8
95
69
95
84
95
63
28
87
28
91
89
91
80
5
59
85
9
26
98
26
64
13
64
54
40
1
34
50
45
65
88
93
62
41
62
75
81
65
97
16 79
16 66
66 67
66 67
44 66
18 44
18 57
57 94
10 94
10 71
51 71
20 51
20 76
20 76
20 51
6 51
6 83
7 83
7 74
74 77
37 77
37 77
74 77
74 82
52 82
42 52
42 73
35 73
35 86
21 86
21 23
23 96
23 96
23 70
68 70
8 68
8 95
69 95
69 95
84 95
84 95
63 95
28 63
28 87
28 87
28 91
89 91
89 91
80 91
5 80
5 59
59 85
9 85
9 26
26 98
26 98
26 64
13 64
13 64
54 64
40 54
1 40
1 34
34 50
45 50
45 65
65 88
88 93
62 93
41 62
41 62
62 75
75 81
65 81
65 97
79 97
