196 196 1322
0
1
2
3
4
5
6
7
8
9
10
11
12
13
14
15
16
17
18
19
20
21
22
23
24
25
26
27
28
29
30
31
32
33
34
35
36
37
38
39
40
41
42
43
44
45
46
47
48
49
50
51
52
53
54
55
56
57
58
59
60
61
62
63
64
65
66
67
68
69
70
71
72
73
75
76
77
78
79
81
82
83
84
85
86
87
88
89
90
91
92
93
94
95
96
97
98
99
100
101
103
104
105
106
107
108
109
110
111
112
113
114
115
116
117
118
119
120
121
122
123
124
125
126
127
128
129
130
131
132
133
134
135
136
137
138
140
141
142
143
144
145
146
147
148
149
150
151
152
153
154
155
156
157
158
159
160
161
162
163
164
165
166
167
168
169
170
171
172
173
174
175
176
177
178
179
180
181
182
183
184
185
186
187
188
189
190
191
192
193
194
195
196
197
198
199
0 110
0 154
1 17
1 62
2 12
2 187
3 4
3 50
4 181
5 18
5 163
6 36
6 145
7 72
7 153
8 108
8 127
9 87
9 185
10 58
10 116
11 82
11 154
12 187
13 105
13 155
14 79
14 83
15 150
15 176
16 34
16 47
17 117
18 191
19 39
19 184
20 144
20 196
21 147
21 192
22 67
22 104
23 45
23 181
24 76
24 127
25 115
25 171
26 97
26 168
27 63
27 189
28 56
28 135
29 41
29 115
30 64
30 147
31 130
31 190
32 170
32 171
33 73
33 100
34 91
35 108
35 195
36 77
37 105
37 155
38 96
38 119
39 98
40 148
40 197
41 161
42 92
42 167
43 103
43 156
44 107
44 126
45 68
46 120
46 132
47 141
48 89
48 134
49 161
49 170
50 152
51 100
51 185
52 87
52 199
53 60
53 141
54 112
54 122
55 69
55 173
56 135
57 112
57 180
58 114
59 97
59 133
60 123
61 81
61 140
62 131
63 70
64 159
65 91
65 194
66 75
66 146
67 132
68 94
69 150
70 156
71 77
71 172
72 153
73 188
75 179
76 118
78 130
78 192
79 137
81 101
82 167
83 106
84 122
84 162
85 92
85 173
86 110
86 182
88 160
88 168
89 134
90 138
90 142
93 144
93 145
94 125
95 166
95 177
96 99
98 159
99 169
101 140
103 165
104 136
106 113
107 126
109 160
109 191
111 157
111 190
113 114
116 157
117 198
118 195
119 189
120 146
121 149
121 183
123 164
124 188
124 199
125 149
128 174
128 186
129 137
129 142
131 136
133 163
138 196
143 175
143 178
148 197
151 158
151 183
152 198
158 194
162 169
164 193
165 184
166 177
172 193
174 186
175 178
176 179
180 182
