61 61 959
0
1
2
3
4
5
7
8
9
12
14
15
17
20
23
24
28
30
32
33
37
38
39
40
41
42
43
44
48
49
51
52
54
55
57
61
62
63
64
66
67
69
70
71
73
75
76
78
79
84
85
86
87
89
91
94
95
96
97
98
99
0 4
0 76
1 39
1 79
2 44
2 94
3 67
3 75
4 84
5 43
5 79
7 84
7 86
8 38
8 99
9 14
9 20
12 39
12 69
14 38
15 67
15 85
17 51
17 95
20 33
23 61
23 91
24 44
24 86
28 37
28 75
30 49
30 97
32 42
32 57
33 55
37 48
40 55
40 89
41 42
41 54
43 66
48 96
49 89
51 62
52 54
52 87
57 94
61 95
62 71
63 64
63 76
64 91
66 70
69 78
70 96
71 73
73 97
78 99
85 98
87 98
