98 98 1149
0
1
2
3
4
5
6
7
8
9
10
11
12
13
14
15
16
17
18
19
20
21
22
23
24
25
27
28
29
30
31
32
33
34
35
36
37
38
39
40
41
42
43
44
45
46
47
48
49
50
51
52
53
54
55
57
58
59
60
61
62
63
64
65
66
67
68
69
70
71
72
73
74
75
76
77
78
79
80
81
82
83
84
85
86
87
88
89
90
91
92
93
94
95
96
97
98
99
0 60
0 97
1 24
1 40
2 10
2 55
3 35
3 68
4 20
4 77
5 13
5 74
6 23
6 87
7 21
7 71
8 36
8 61
9 32
9 69
10 68
11 95
11 97
12 32
12 43
13 91
14 15
14 22
15 46
16 33
16 57
17 83
17 89
18 51
18 54
19 72
19 98
20 99
21 94
22 46
23 95
24 40
25 52
25 78
27 37
27 71
28 29
28 92
29 48
30 44
30 59
31 79
31 96
33 92
34 73
34 98
35 81
36 65
37 64
38 39
38 66
39 90
41 67
41 75
42 65
42 67
43 53
44 59
45 47
45 80
47 87
48 86
49 70
49 82
50 75
50 86
51 88
52 61
53 74
54 72
55 63
57 58
58 76
60 99
62 64
62 78
63 96
66 81
69 84
70 82
73 85
76 79
77 84
80 93
83 90
85 88
89 91
93 94
