100 100 1408
0
1
2
3
4
5
6
7
8
9
10
11
12
13
14
15
16
17
18
19
20
21
22
23
24
25
26
27
28
29
30
31
32
33
34
35
36
37
38
39
40
41
42
43
44
45
46
47
48
49
50
51
52
53
54
55
56
57
58
59
60
61
62
63
64
65
66
67
68
69
70
71
72
73
74
75
76
77
78
79
80
81
82
83
84
85
86
87
88
89
90
91
92
93
94
95
96
97
98
99
0 79
0 96
1 52
1 83
2 23
2 74
3 11
3 76
4 72
4 98
5 49
5 82
6 18
6 46
7 17
7 94
8 84
8 90
9 25
9 45
10 38
10 95
11 44
12 32
12 71
13 63
13 67
14 61
14 93
15 33
15 65
16 63
16 95
17 26
18 35
19 30
19 87
20 53
20 97
21 45
21 99
22 47
22 82
23 24
24 96
25 44
26 31
27 43
27 72
28 40
28 60
29 46
29 76
30 81
31 55
32 36
33 47
34 61
34 73
35 92
36 68
37 56
37 75
38 67
39 40
39 78
41 77
41 88
42 62
42 86
43 52
48 49
48 60
50 71
50 80
51 57
51 87
53 64
54 89
54 92
55 91
56 74
57 86
58 89
58 94
59 62
59 66
64 97
65 79
66 85
68 88
69 75
69 81
70 73
70 90
77 99
78 83
80 98
84 91
85 93
