206 206 1469
68
110
184
167
61
168
70
191
70
103
10
183
93
72
37
190
169
14
179
124
45
116
92
118
81
46
139
122
16
82
195
193
114
152
106
23
67
186
56
108
71
62
5
83
104
184
110
113
77
25
35
94
142
197
84
111
24
141
176
69
196
198
66
129
33
156
63
154
171
17
171
3
99
20
28
148
65
131
85
28
97
40
48
162
44
128
59
15
107
13
90
75
187
58
126
105
87
121
26
137
138
43
31
180
74
163
119
134
55
146
51
155
140
19
95
32
22
1
199
79
18
4
165
178
30
8
96
91
174
41
36
123
173
150
54
39
164
101
130
188
158
47
136
7
125
42
73
172
11
53
98
192
177
86
52
109
157
144
151
78
21
89
147
6
181
182
145
0
133
161
80
9
185
166
64
29
149
2
194
127
2
50
49
102
60
57
27
153
135
189
38
100
143
159
175
34
88
112
12
170
132
120
160
115
76
117
68 110
110 184
167 184
61 167
61 168
70 168
70 191
70 191
70 103
10 103
10 183
93 183
72 93
37 72
37 190
169 190
14 169
14 179
124 179
45 124
45 116
92 116
92 118
81 118
46 81
46 139
122 139
16 122
16 82
82 195
193 195
114 193
114 152
106 152
23 106
23 67
67 186
56 186
56 108
71 108
62 71
5 62
5 83
83 104
104 184
110 184
110 113
77 113
25 77
25 35
35 94
94 142
142 197
84 197
84 111
24 111
24 141
141 176
69 176
69 196
196 198
66 198
66 129
33 129
33 156
63 156
63 154
154 171
17 171
17 171
3 171
3 99
20 99
20 28
28 148
65 148
65 131
85 131
28 85
28 97
40 97
40 48
48 162
44 162
44 128
59 128
15 59
15 107
13 107
13 90
75 90
75 187
58 187
58 126
105 126
87 105
87 121
26 121
26 137
137 138
43 138
31 43
31 180
74 180
74 163
119 163
119 134
55 134
55 146
51 146
51 155
140 155
19 140
19 95
32 95
22 32
1 22
1 199
79 199
18 79
4 18
4 165
165 178
30 178
8 30
8 96
91 96
91 174
41 174
36 41
36 123
123 173
150 173
54 150
39 54
39 164
101 164
101 130
130 188
158 188
47 158
47 136
7 136
7 125
42 125
42 73
73 172
11 172
11 53
53 98
98 192
177 192
86 177
52 86
52 109
109 157
144 157
144 151
78 151
21 78
21 89
89 147
6 147
6 181
181 182
145 182
0 145
0 133
133 161
80 161
9 80
9 185
166 185
64 166
29 64
29 149
2 149
2 194
127 194
2 127
2 50
49 50
49 102
60 102
57 60
27 57
27 153
135 153
135 189
38 189
38 100
100 143
143 159
159 175
34 175
34 88
88 112
12 112
12 170
132 170
120 132
120 160
115 160
76 115
76 117
68 117
