99 99 1515
0
1
2
3
4
5
6
7
8
9
10
11
12
13
15
16
17
18
19
20
21
22
23
24
25
26
27
28
29
30
31
32
33
34
35
36
37
38
39
40
41
42
43
44
45
46
47
48
49
50
51
52
53
54
55
56
57
58
59
60
61
62
63
64
65
66
67
68
69
70
71
72
73
74
75
76
77
78
79
80
81
82
83
84
85
86
87
88
89
90
91
92
93
94
95
96
97
98
99
0 29
0 35
1 55
1 71
2 48
2 89
3 9
3 10
4 31
4 69
5 72
5 76
6 27
6 95
7 43
7 46
8 22
8 88
9 45
10 46
11 17
11 49
12 20
12 26
13 16
13 59
15 34
15 40
16 58
17 37
18 44
18 79
19 82
19 91
20 70
21 25
21 52
22 88
23 32
23 94
24 61
24 62
25 41
26 39
27 93
28 30
28 32
29 92
30 60
31 44
33 66
33 68
34 38
35 65
36 47
36 59
37 68
38 49
39 79
40 42
41 65
42 93
43 56
45 86
47 64
48 57
50 51
50 97
51 90
52 62
53 67
53 78
54 80
54 87
55 89
56 63
57 63
58 75
60 73
61 76
64 72
66 81
67 77
69 86
70 96
71 87
73 84
74 77
74 83
75 85
78 99
80 96
81 90
82 91
83 99
84 98
85 95
92 98
94 97
