107 107 991
25
58
30
84
6
15
63
15
63
51
31
52
31
89
56
62
45
19
33
76
33
19
87
32
18
83
3
75
77
57
36
82
24
46
29
17
47
94
12
20
44
92
50
7
48
8
93
1
93
39
35
39
42
80
64
16
81
0
41
70
11
49
90
59
40
2
91
14
96
79
88
28
10
86
37
97
85
5
60
9
73
55
38
95
65
69
34
67
68
98
4
22
66
72
26
71
43
13
27
74
21
23
53
99
54
61
78
25 58
30 58
30 84
6 84
6 15
15 63
15 63
15 63
51 63
31 51
31 52
31 52
31 89
56 89
56 62
45 62
19 45
19 33
33 76
33 76
19 33
19 87
32 87
18 32
18 83
3 83
3 75
75 77
57 77
36 57
36 82
24 82
24 46
29 46
17 29
17 47
47 94
12 94
12 20
20 44
44 92
50 92
7 50
7 48
8 48
8 93
1 93
1 93
39 93
35 39
35 39
39 42
42 80
64 80
16 64
16 81
0 81
0 41
41 70
11 70
11 49
49 90
59 90
40 59
2 40
2 91
14 91
14 96
79 96
79 88
28 88
10 28
10 86
37 86
37 97
85 97
5 85
5 60
9 60
9 73
55 73
38 55
38 95
65 95
65 69
34 69
34 67
67 68
68 98
4 98
4 22
22 66
66 72
26 72
26 71
43 71
13 43
13 27
27 74
21 74
21 23
23 53
53 99
54 99
54 61
61 78
25 78
