100 100 900
0
1
2
3
4
5
6
7
8
9
10
11
12
13
14
15
16
17
18
19
20
21
22
23
24
25
26
27
28
29
30
31
32
33
34
35
36
37
38
39
40
41
42
43
44
45
46
47
48
49
50
51
52
53
54
55
56
57
58
59
60
61
62
63
64
65
66
67
68
69
70
71
72
73
74
75
76
77
78
79
80
81
82
83
84
85
86
87
88
89
90
91
92
93
94
95
96
97
98
99
0 62
0 98
1 24
1 71
2 61
2 81
3 64
3 91
4 46
4 76
5 13
5 89
6 31
6 47
7 56
7 78
8 50
8 95
9 72
9 99
10 12
10 52
11 44
11 95
12 70
13 21
14 57
14 94
15 32
15 48
16 34
16 43
17 59
17 97
18 31
18 47
19 25
19 55
20 46
20 58
21 73
22 38
22 86
23 28
23 74
24 57
25 41
26 36
26 49
27 40
27 92
28 74
29 36
29 45
30 51
30 77
32 91
33 35
33 79
34 85
35 83
37 76
37 87
38 69
39 44
39 63
40 92
41 93
42 63
42 65
43 68
45 75
48 88
49 55
50 83
51 77
52 96
53 64
53 88
54 68
54 85
56 75
58 89
59 96
60 72
60 99
61 97
62 82
65 70
66 67
66 80
67 90
69 86
71 94
73 78
79 84
80 98
81 90
82 87
84 93
