100 121 1360
0
1
2
3
4
5
6
7
8
9
10
11
12
13
14
15
16
17
18
19
20
21
22
23
24
25
26
27
28
29
30
31
32
33
34
35
36
37
38
39
40
41
42
43
44
45
46
47
48
49
50
51
52
53
54
55
56
57
58
59
60
61
62
63
64
65
66
67
68
69
70
71
72
73
74
75
76
77
78
79
80
81
82
83
84
85
86
87
88
89
90
91
92
93
94
95
96
97
98
99
0 8
8 11
0 27
1 22
1 65
2 32
2 32
32 98
55 98
3 40
3 65
4 10
4 23
5 94
23 94
5 94
6 74
6 78
7 83
7 83
83 98
8 14
0 8
0 27
9 25
9 25
25 40
40 97
10 91
8 11
8 45
12 64
12 89
13 61
13 84
14 58
58 86
50 86
15 17
15 99
16 48
16 48
48 69
15 17
15 39
18 49
18 49
49 74
19 47
19 69
20 29
20 29
29 81
21 87
21 98
15 22
15 99
24 81
24 95
25 44
26 38
26 56
28 54
28 92
29 95
82 95
30 62
30 67
31 79
31 94
32 92
33 72
33 76
34 57
34 88
35 43
34 35
34 51
36 61
36 90
37 39
37 89
38 75
40 97
41 59
41 73
42 46
42 85
43 57
44 78
45 68
46 95
47 93
48 68
49 62
50 86
12 51
12 56
52 76
52 79
53 54
53 83
55 64
58 80
58 86
59 70
60 63
60 96
63 73
66 88
66 90
67 96
70 77
71 87
21 71
21 93
72 85
75 80
77 82
29 84
29 91
