100 100 925
0
1
2
3
4
5
6
7
8
9
10
11
12
13
14
15
16
17
18
19
20
21
22
23
24
25
26
27
28
29
30
31
32
33
34
35
36
37
38
39
40
41
42
43
44
45
46
47
48
49
50
51
52
53
54
55
56
57
58
59
60
61
62
63
64
65
66
67
68
69
70
71
72
73
74
75
76
77
78
79
80
81
82
83
84
85
86
87
88
89
90
91
92
93
94
95
96
97
98
99
0 88
0 92
1 12
1 17
2 21
2 50
3 51
3 79
4 13
4 95
5 10
5 77
6 38
6 67
7 14
7 46
8 89
8 94
9 67
9 75
10 77
11 16
11 71
12 82
13 34
14 33
15 19
15 62
16 72
17 27
18 23
18 26
19 45
20 47
20 70
21 39
22 50
22 83
23 97
24 56
24 57
25 28
25 98
26 97
27 63
28 64
29 36
29 44
30 38
30 86
31 42
31 99
32 73
32 76
33 37
34 95
35 58
35 90
36 44
37 87
39 53
40 63
40 92
41 57
41 81
42 99
43 65
43 69
45 93
46 54
47 91
48 84
48 85
49 66
49 80
51 79
52 53
52 83
54 59
55 78
55 87
56 90
58 68
59 88
60 89
60 94
61 70
61 91
62 93
64 96
65 69
66 80
68 76
71 74
72 75
73 82
74 78
81 86
84 85
96 98
