98 98 928
0
1
2
3
4
5
6
7
8
9
10
12
13
14
15
16
17
18
19
20
21
22
23
24
25
26
27
28
29
30
31
32
33
34
35
36
37
38
39
40
41
42
43
44
45
46
47
48
49
50
51
52
53
54
55
56
57
58
59
60
61
62
63
64
65
66
67
68
69
70
71
72
73
74
75
76
77
78
79
80
81
82
83
85
86
87
88
89
90
91
92
93
94
95
96
97
98
99
0 38
0 57
1 18
1 95
2 45
2 68
3 40
3 80
4 88
4 90
5 32
5 94
6 75
6 85
7 16
7 41
8 24
8 72
9 28
9 86
10 78
10 87
12 43
12 76
13 36
13 50
14 30
14 57
15 77
15 97
16 41
17 34
17 55
18 42
19 48
19 72
20 48
20 74
21 46
21 79
22 36
22 53
23 24
23 44
25 79
25 99
26 83
26 99
27 50
27 56
28 34
29 35
29 65
30 38
31 33
31 53
32 71
33 70
35 65
37 52
37 56
39 78
39 87
40 80
42 74
43 91
44 73
45 81
46 76
47 58
47 68
49 66
49 82
51 61
51 63
52 96
54 64
54 88
55 69
58 69
59 73
59 86
60 67
60 70
61 63
62 64
62 71
66 85
67 81
75 89
77 96
82 92
83 92
89 91
90 98
93 95
93 97
94 98
