98 98 823
0
1
2
3
4
5
6
7
8
9
10
11
12
13
14
15
16
17
18
19
20
21
22
23
24
25
26
27
28
29
30
31
32
33
34
35
36
37
38
39
41
42
43
44
45
46
47
48
49
50
51
52
53
55
56
57
58
59
60
61
62
63
64
65
66
67
68
69
70
71
72
73
74
75
76
77
78
79
80
81
82
83
84
85
86
87
88
89
90
91
92
93
94
95
96
97
98
99
0 21
0 48
1 6
1 31
2 77
2 89
3 72
3 94
4 45
4 94
5 8
5 86
6 29
7 37
7 88
8 97
9 16
9 89
10 68
10 73
11 52
11 70
12 19
12 30
13 88
13 96
14 23
14 62
15 43
15 58
16 18
17 28
17 49
18 84
19 35
20 49
20 91
21 48
22 56
22 71
23 53
24 25
24 32
25 73
26 65
26 93
27 67
27 71
28 42
29 85
30 91
31 64
32 39
33 50
33 99
34 35
34 80
36 51
36 64
37 38
38 82
39 57
41 60
41 81
42 55
43 46
44 65
44 98
45 72
46 69
47 66
47 87
50 55
51 59
52 79
53 87
56 62
57 99
58 92
59 61
60 63
61 95
63 78
66 75
67 68
69 80
70 79
74 85
74 90
75 77
76 84
76 97
78 81
82 96
83 95
83 98
86 92
90 93
