81 81 2558
117
50
46
80
46
50
18
54
140
102
34
111
24
136
81
149
127
75
5
166
176
166
63
146
84
185
186
93
51
147
67
18
116
70
76
95
139
100
17
113
163
36
109
79
73
98
23
87
16
47
108
142
144
118
0
118
187
106
143
179
159
85
49
88
89
126
28
173
91
92
12
57
86
57
86
64
58
123
65
6
134
50 117
46 50
46 80
46 80
46 50
18 50
18 54
54 140
102 140
34 102
34 111
24 111
24 136
81 136
81 149
127 149
75 127
5 75
5 166
166 176
166 176
63 166
63 146
84 146
84 185
185 186
93 186
51 93
51 147
67 147
18 67
18 116
70 116
70 76
76 95
95 139
100 139
17 100
17 113
113 163
36 163
36 109
79 109
73 79
73 98
23 98
23 87
16 87
16 47
47 108
108 142
142 144
118 144
0 118
0 118
118 187
106 187
106 143
143 179
159 179
85 159
49 85
49 88
88 89
89 126
28 126
28 173
91 173
91 92
12 92
12 57
57 86
57 86
57 86
64 86
58 64
58 123
65 123
6 65
6 134
117 134
