98 98 919
0
1
2
3
4
5
6
7
8
9
10
11
12
13
14
15
16
17
19
20
21
22
23
25
26
27
28
29
30
31
32
33
34
35
36
37
38
39
40
41
42
43
44
45
46
47
48
49
50
51
52
53
54
55
56
57
58
59
60
61
62
63
64
65
66
67
68
69
70
71
72
73
74
75
76
77
78
79
80
81
82
83
84
85
86
87
88
89
90
91
92
93
94
95
96
97
98
99
0 11
0 32
1 37
1 92
2 27
2 58
3 49
3 63
4 14
4 86
5 17
5 41
6 17
6 28
7 53
7 85
8 33
8 74
9 29
9 69
10 21
10 88
11 32
12 46
12 52
13 65
13 81
14 95
15 73
15 93
16 19
16 31
19 95
20 25
20 40
21 68
22 55
22 76
23 39
23 57
25 49
26 56
26 78
27 70
28 89
29 92
30 61
30 90
31 53
33 91
34 51
34 80
35 84
35 99
36 69
36 72
37 84
38 42
38 55
39 94
40 82
41 79
42 59
43 71
43 87
44 50
44 60
45 48
45 96
46 52
47 60
47 89
48 96
50 51
54 62
54 77
56 78
57 63
58 75
59 64
61 91
62 70
64 67
65 81
66 73
66 86
67 97
68 98
71 87
72 88
74 90
75 83
76 79
77 80
82 85
83 98
93 97
94 99
