98 98 1174
0
1
2
3
4
5
6
7
8
9
10
11
12
13
14
15
16
17
18
19
20
21
22
23
24
25
26
27
28
29
30
31
32
33
34
35
36
37
38
39
40
41
42
43
44
45
46
47
48
49
50
51
52
53
54
55
56
57
58
59
60
61
62
63
64
65
66
67
68
69
70
71
72
73
75
76
77
78
79
80
81
82
83
84
85
86
87
88
89
90
92
93
94
95
96
97
98
99
0 15
0 21
1 7
1 72
2 41
2 50
3 13
3 80
4 54
4 84
5 14
5 86
6 12
6 36
7 23
8 67
8 76
9 19
9 24
10 62
10 63
11 62
11 86
12 32
13 47
14 52
15 89
16 53
16 68
17 51
17 85
18 50
18 93
19 71
20 52
20 70
21 72
22 31
22 58
23 46
24 87
25 27
25 82
26 44
26 54
27 45
28 63
28 88
29 39
29 40
30 68
30 73
31 71
32 36
33 55
33 73
34 65
34 80
35 49
35 58
37 66
37 75
38 64
38 69
39 78
40 48
41 44
42 76
42 81
43 61
43 90
45 60
46 78
47 66
48 89
49 96
51 94
53 56
55 94
56 67
57 75
57 77
59 97
59 98
60 79
61 92
64 83
65 95
69 85
70 88
77 95
79 90
81 93
82 83
84 98
87 99
92 97
96 99
