66 66 2575
6
111
101
54
40
86
5
91
194
157
168
152
93
143
119
75
66
153
132
15
80
176
129
94
46
188
87
107
73
29
187
41
74
171
120
92
99
63
123
88
105
151
112
179
49
81
121
64
147
181
71
133
84
56
3
113
197
11
189
58
191
65
118
2
165
12
6 111
101 111
54 101
40 54
40 86
5 86
5 91
91 194
157 194
157 168
152 168
93 152
93 143
119 143
75 119
66 75
66 153
132 153
15 132
15 80
80 176
129 176
94 129
46 94
46 188
87 188
87 107
73 107
29 73
29 187
41 187
41 74
74 171
120 171
92 120
92 99
63 99
63 123
88 123
88 105
105 151
112 151
112 179
49 179
49 81
81 121
64 121
64 147
147 181
71 181
71 133
84 133
56 84
3 56
3 113
113 197
11 197
11 189
58 189
58 191
65 191
65 118
2 118
2 165
12 165
6 12
