67 67 1247
88
31
71
11
44
60
51
95
3
85
35
58
5
58
92
25
74
14
0
4
24
18
36
91
8
54
57
52
26
40
33
81
2
81
59
67
1
53
48
65
39
96
49
30
68
29
27
9
10
22
7
12
42
64
70
98
83
56
84
97
76
55
38
16
13
6
41
31 88
31 71
11 71
11 44
44 60
51 60
51 95
3 95
3 85
35 85
35 58
5 58
5 58
58 92
25 92
25 74
14 74
0 14
0 4
4 24
18 24
18 36
36 91
8 91
8 54
54 57
52 57
26 52
26 40
33 40
33 81
2 81
2 81
59 81
59 67
1 67
1 53
48 53
48 65
39 65
39 96
49 96
30 49
30 68
29 68
27 29
9 27
9 10
10 22
7 22
7 12
12 42
42 64
64 70
70 98
83 98
56 83
56 84
84 97
76 97
55 76
38 55
16 38
13 16
6 13
6 41
41 88
