99 99 818
0
1
2
3
4
5
6
7
8
9
10
11
12
13
14
15
16
17
18
19
20
21
22
23
24
25
26
27
28
29
30
31
32
33
34
35
36
37
38
39
40
41
42
43
44
45
46
47
48
49
50
51
52
53
54
55
56
57
58
59
60
61
62
63
64
65
66
67
68
69
70
71
72
73
74
75
76
77
78
79
80
81
82
84
85
86
87
88
89
90
91
92
93
94
95
96
97
98
99
0 50
0 90
1 10
1 37
2 46
2 85
3 45
3 68
4 49
4 71
5 30
5 75
6 12
6 60
7 39
7 62
8 34
8 69
9 67
9 91
10 15
11 13
11 21
12 77
13 40
14 32
14 41
15 37
16 18
16 58
17 24
17 36
18 54
19 23
19 94
20 22
20 29
21 35
22 41
23 95
24 48
25 46
25 61
26 47
26 56
27 57
27 59
28 58
28 88
29 31
30 97
31 51
32 74
33 36
33 48
34 69
35 53
38 80
38 92
39 62
40 47
42 89
42 99
43 76
43 90
44 63
44 66
45 91
49 79
50 76
51 71
52 57
52 59
53 88
54 68
55 73
55 96
56 87
60 77
61 72
63 66
64 81
64 94
65 70
65 82
67 75
70 82
72 96
73 86
74 80
78 81
78 97
79 95
84 93
84 98
85 86
87 92
89 99
93 98
