50 105 1151
0
1
2
3
4
5
6
7
8
9
10
11
12
13
14
15
16
17
18
19
20
21
22
23
24
25
26
27
28
29
30
31
32
33
34
35
36
37
38
39
40
41
42
43
44
45
46
47
48
49
0 17
0 17
0 17
17 24
24 46
24 46
1 29
1 29
1 37
1 37
2 8
2 8
2 49
2 49
3 28
3 28
3 37
3 37
4 31
4 31
4 36
4 36
5 30
5 30
5 40
5 40
6 30
6 30
6 32
6 32
7 22
7 22
7 29
7 29
8 16
8 16
9 10
9 10
9 48
9 48
10 12
12 47
12 47
11 20
11 20
11 40
11 40
12 42
12 42
12 47
12 47
13 15
13 15
13 41
13 41
14 46
46 24
46 24
14 46
14 46
15 44
15 44
16 18
16 18
17 41
17 41
18 24
18 24
19 21
19 21
19 31
19 31
20 45
20 45
21 27
21 27
22 42
22 42
23 33
23 33
23 38
23 38
25 34
25 34
25 43
25 43
26 27
26 27
26 39
26 39
28 33
28 33
32 43
32 43
34 25
25 48
25 48
35 39
35 39
35 49
35 49
36 45
36 45
38 44
38 44
