100 100 1020
0
1
2
3
4
5
6
7
8
9
10
11
12
13
14
15
16
17
18
19
20
21
22
23
24
25
26
27
28
29
30
31
32
33
34
35
36
37
38
39
40
41
42
43
44
45
46
47
48
49
50
51
52
53
54
55
56
57
58
59
60
61
62
63
64
65
66
67
68
69
70
71
72
73
74
75
76
77
78
79
80
81
82
83
84
85
86
87
88
89
90
91
92
93
94
95
96
97
98
99
0 19
0 64
1 22
1 59
2 9
2 44
3 9
3 33
4 30
4 55
5 28
5 74
6 25
6 78
7 37
7 77
8 54
8 72
10 48
10 86
11 48
11 81
12 53
12 60
13 78
13 87
14 79
14 98
15 20
15 90
16 17
16 38
17 73
18 36
18 68
19 41
20 24
21 26
21 34
22 59
23 83
23 91
24 93
25 94
26 91
27 39
27 56
28 83
29 92
29 99
30 63
31 82
31 84
32 43
32 89
33 35
34 74
35 49
36 58
37 61
38 97
39 63
40 57
40 95
41 55
42 51
42 92
43 89
44 46
45 70
45 79
46 77
47 62
47 71
49 69
50 73
50 85
51 86
52 54
52 72
53 67
56 62
57 95
58 76
60 80
61 64
65 66
65 71
66 96
67 82
68 75
69 93
70 98
75 97
76 94
80 88
81 90
84 85
87 99
88 96
