100 100 903
0
1
2
3
4
5
6
7
8
9
10
11
12
13
14
15
16
17
18
19
20
21
22
23
24
25
26
27
28
29
30
31
32
33
34
35
36
37
38
39
40
41
42
43
44
45
46
47
48
49
50
51
52
53
54
55
56
57
58
59
60
61
62
63
64
65
66
67
68
69
70
71
72
73
74
75
76
77
78
79
80
81
82
83
84
85
86
87
88
89
90
91
92
93
94
95
96
97
98
99
0 75
0 81
1 52
1 77
2 25
2 42
3 35
3 55
4 13
4 33
5 12
5 37
6 28
6 68
7 15
7 24
8 57
8 84
9 17
9 94
10 52
10 85
11 63
11 66
12 61
13 67
14 27
14 77
15 48
16 90
16 98
17 89
18 22
18 72
19 72
19 85
20 73
20 99
21 25
21 82
22 88
23 53
23 71
24 63
26 58
26 74
27 30
28 35
29 30
29 39
31 79
31 84
32 93
32 95
33 65
34 45
34 47
36 41
36 46
37 45
38 48
38 96
39 66
40 51
40 76
41 62
42 68
43 44
43 60
44 60
46 94
47 61
49 50
49 83
50 59
51 70
53 58
54 75
54 81
55 82
56 64
56 87
57 88
59 91
62 98
64 70
65 79
67 69
69 91
71 97
73 78
74 97
76 87
78 86
80 86
80 99
83 90
89 92
92 96
93 95
