114 114 1626
89
47
186
30
16
82
99
72
48
101
156
139
77
112
5
138
116
6
68
130
100
141
100
73
173
150
7
104
25
44
1
145
90
17
160
53
102
106
71
119
75
118
155
135
97
8
88
38
91
183
23
117
45
197
58
61
76
21
85
79
85
120
62
122
132
83
198
168
198
108
37
65
177
132
67
161
131
110
74
157
115
128
115
128
109
172
54
28
189
93
69
107
60
124
95
142
170
171
56
199
59
199
2
143
55
127
113
15
187
19
39
190
14
13
47 89
47 186
30 186
16 30
16 82
82 99
72 99
48 72
48 101
101 156
139 156
77 139
77 112
5 112
5 138
116 138
6 116
6 68
68 130
100 130
100 141
100 141
73 100
73 173
150 173
7 150
7 104
25 104
25 44
1 44
1 145
90 145
17 90
17 160
53 160
53 102
102 106
71 106
71 119
75 119
75 118
118 155
135 155
97 135
8 97
8 88
38 88
38 91
91 183
23 183
23 117
45 117
45 197
58 197
58 61
61 76
21 76
21 85
79 85
79 85
85 120
62 120
62 122
122 132
83 132
83 198
168 198
168 198
108 198
37 108
37 65
65 177
132 177
67 132
67 161
131 161
110 131
74 110
74 157
115 157
115 128
115 128
115 128
109 128
109 172
54 172
28 54
28 189
93 189
69 93
69 107
60 107
60 124
95 124
95 142
142 170
170 171
56 171
56 199
59 199
59 199
2 199
2 143
55 143
55 127
113 127
15 113
15 187
19 187
19 39
39 190
14 190
13 14
13 89
