100 100 925
0
1
2
3
4
5
6
7
8
9
10
11
12
13
14
15
16
17
18
19
20
21
22
23
24
25
26
27
28
29
30
31
32
33
34
35
36
37
38
39
40
41
42
43
44
45
46
47
48
49
50
51
52
53
54
55
56
57
58
59
60
61
62
63
64
65
66
67
68
69
70
71
72
73
74
75
76
77
78
79
80
81
82
83
84
85
86
87
88
89
90
91
92
93
94
95
96
97
98
99
0 14
0 31
1 25
1 88
2 58
2 75
3 84
3 90
4 28
4 73
5 7
5 56
6 7
6 14
8 52
8 78
9 29
9 77
10 13
10 92
11 65
11 71
12 76
12 97
13 27
15 78
15 97
16 43
16 45
17 62
17 92
18 66
18 90
19 45
19 53
20 50
20 55
21 33
21 80
22 38
22 53
23 57
23 66
24 32
24 33
25 95
26 31
26 56
27 36
28 42
29 59
30 37
30 64
32 80
34 65
34 72
35 62
35 91
36 74
37 64
38 79
39 61
39 72
40 63
40 70
41 46
41 83
42 99
43 57
44 88
44 94
46 83
47 68
47 69
48 68
48 69
49 67
49 81
50 67
51 58
51 75
52 76
54 61
54 82
55 73
59 84
60 79
60 99
63 70
71 93
74 91
77 98
81 96
82 89
85 87
85 89
86 96
86 98
87 93
94 95
