100 216 1622
0
1
2
3
4
5
6
7
8
9
10
11
12
13
14
15
16
17
18
19
20
21
22
23
24
25
26
27
28
29
30
31
32
33
34
35
36
37
38
39
40
41
42
43
44
45
46
47
48
49
50
51
52
53
54
55
56
57
58
59
60
61
62
63
64
65
66
67
68
69
70
71
72
73
74
75
76
77
78
79
80
81
82
83
84
85
86
87
88
89
90
91
92
93
94
95
96
97
98
99
0 82
82 52
82 52
0 82
0 82
1 8
8 63
8 63
1 85
1 85
2 9
2 9
2 35
2 35
3 37
3 37
3 77
3 77
4 68
4 68
4 69
4 69
5 30
5 30
5 84
5 84
6 28
6 28
6 66
6 66
7 31
7 31
7 36
7 36
8 22
8 22
8 46
8 46
9 96
9 96
10 13
10 13
10 54
10 54
11 30
11 30
11 65
11 65
12 67
12 67
12 77
12 77
13 52
13 52
14 15
14 15
14 59
14 59
15 60
15 60
16 40
40 32
40 32
16 55
16 55
17 36
17 36
17 45
17 45
18 49
18 49
18 81
81 89
81 89
19 60
19 60
19 90
19 90
20 61
20 61
20 68
20 68
21 41
21 41
21 15
15 80
15 80
22 98
22 98
23 86
23 86
23 87
23 87
24 38
24 38
24 88
24 88
25 51
25 51
25 51
51 57
51 57
26 27
26 27
26 29
26 29
27 32
27 32
28 16
16 89
16 89
29 11
11 33
11 33
31 97
97 61
97 61
33 57
33 57
34 37
34 37
34 92
34 92
35 95
35 95
38 74
38 74
39 42
39 42
39 64
39 64
40 71
40 71
40 96
40 96
41 83
83 91
83 91
42 79
42 79
43 62
43 62
43 83
43 83
44 54
44 54
44 56
44 56
45 42
42 79
79 76
79 76
46 54
54 94
54 94
47 48
47 48
47 55
47 55
48 58
48 58
49 81
49 81
50 18
18 86
18 86
50 93
50 93
51 85
51 85
53 78
78 74
78 74
53 78
53 78
56 94
56 94
58 99
58 99
59 75
59 75
62 75
62 75
63 98
63 98
64 36
36 72
36 72
65 67
65 67
66 97
66 97
69 99
69 99
70 71
70 71
70 78
70 78
72 73
72 73
73 82
73 82
76 93
76 93
79 95
79 95
80 81
80 81
83 91
83 91
84 90
84 90
87 97
87 97
88 92
88 92
