100 100 1144
0
1
2
3
4
5
6
7
8
9
10
11
12
13
14
15
16
17
18
19
20
21
22
23
24
25
26
27
28
29
30
31
32
33
34
35
36
37
38
39
40
41
42
43
44
45
46
47
48
49
50
51
52
53
54
55
56
57
58
59
60
61
62
63
64
65
66
67
68
69
70
71
72
73
74
75
76
77
78
79
80
81
82
83
84
85
86
87
88
89
90
91
92
93
94
95
96
97
98
99
0 4
0 63
1 17
1 63
2 38
2 85
3 14
3 84
4 61
5 64
5 82
6 52
6 95
7 38
7 60
8 33
8 39
9 28
9 84
10 31
10 79
11 58
11 97
12 15
12 69
13 50
13 96
14 28
15 16
16 90
17 51
18 54
18 73
19 34
19 35
20 37
20 89
21 48
21 50
22 40
22 55
23 74
23 98
24 67
24 83
25 72
25 82
26 52
26 62
27 43
27 53
29 73
29 92
30 60
30 93
31 57
32 42
32 91
33 99
34 37
35 86
36 66
36 75
39 75
40 77
41 56
41 65
42 93
43 78
44 54
44 92
45 70
45 95
46 56
46 61
47 86
47 91
48 49
49 87
51 71
53 80
55 77
57 79
58 94
59 78
59 80
62 96
64 72
65 81
66 87
67 70
68 69
68 83
71 76
74 89
76 81
85 88
88 99
90 98
94 97
