100 100 1545
0
1
2
3
4
5
6
7
8
9
10
11
12
13
14
15
16
17
18
19
20
21
22
23
24
25
26
27
28
29
30
31
32
33
34
35
36
37
38
39
40
41
42
43
44
45
46
47
48
49
50
51
52
53
54
55
56
57
58
59
60
61
62
63
64
65
66
67
68
69
70
71
72
73
74
75
76
77
78
79
80
81
82
83
84
85
86
87
88
89
90
91
92
93
94
95
96
97
98
99
0 7
0 26
1 13
1 69
2 46
2 90
3 41
3 71
4 18
4 48
5 42
5 87
6 28
6 51
7 44
8 27
8 48
9 33
9 99
10 29
10 61
11 24
11 50
12 24
12 42
13 76
14 23
14 65
15 49
15 66
16 25
16 44
17 81
17 86
18 31
19 38
19 40
20 65
20 92
21 52
21 97
22 58
22 64
23 54
25 53
26 31
27 81
28 91
29 80
30 62
30 99
32 55
32 83
33 45
34 60
34 73
35 47
35 78
36 40
36 74
37 58
37 84
38 79
39 90
39 93
41 59
43 77
43 88
45 79
46 74
47 77
49 98
50 57
51 94
52 70
53 80
54 98
55 83
56 72
56 87
57 89
59 96
60 85
61 86
62 71
63 69
63 97
64 82
66 84
67 68
67 76
68 96
70 95
72 94
73 91
75 78
75 95
82 93
85 88
89 92
