138 138 1734
52
8
44
41
44
18
46
53
46
53
50
21
54
53
46
99
7
99
87
66
62
65
29
37
38
63
38
37
68
5
82
84
51
40
22
69
94
24
88
60
79
23
33
23
89
58
77
4
3
36
20
22
56
42
56
22
47
11
47
83
78
1
78
31
96
31
98
14
72
98
78
1
78
1
0
61
91
15
91
61
97
30
97
28
97
32
49
17
10
45
16
37
38
37
6
2
25
74
75
27
71
67
43
67
26
27
57
39
48
70
12
80
55
76
55
35
82
13
34
27
73
95
81
64
90
93
9
93
19
59
92
85
92
59
86
87
44
8
8 52
8 44
41 44
41 44
18 44
18 46
46 53
46 53
46 53
50 53
21 50
21 54
53 54
46 53
46 99
7 99
7 99
87 99
66 87
62 66
62 65
29 65
29 37
37 38
38 63
38 63
37 38
37 68
5 68
5 82
82 84
51 84
40 51
22 40
22 69
69 94
24 94
24 88
60 88
60 79
23 79
23 33
23 33
23 89
58 89
58 77
4 77
3 4
3 36
20 36
20 22
22 56
42 56
42 56
22 56
22 47
11 47
11 47
47 83
78 83
1 78
1 78
31 78
31 96
31 96
31 98
14 98
14 72
72 98
78 98
1 78
1 78
1 78
0 1
0 61
61 91
15 91
15 91
61 91
61 97
30 97
30 97
28 97
28 97
32 97
32 49
17 49
10 17
10 45
16 45
16 37
37 38
37 38
6 37
2 6
2 25
25 74
74 75
27 75
27 71
67 71
43 67
43 67
26 67
26 27
27 57
39 57
39 48
48 70
12 70
12 80
55 80
55 76
55 76
35 55
35 82
13 82
13 34
27 34
27 73
73 95
81 95
64 81
64 90
90 93
9 93
9 93
19 93
19 59
59 92
85 92
85 92
59 92
59 86
86 87
44 87
8 44
8 52
