99 99 1438
0
1
2
3
4
5
6
7
8
9
10
11
12
13
14
15
16
17
18
19
20
21
22
23
24
25
26
27
28
29
30
31
32
33
34
35
36
37
38
39
40
41
42
43
44
45
46
47
48
49
50
51
52
53
54
55
56
57
58
59
60
61
62
63
64
65
66
67
68
69
71
72
73
74
75
76
77
78
79
80
81
82
83
84
85
86
87
88
89
90
91
92
93
94
95
96
97
98
99
0 63
0 71
1 4
1 80
2 34
2 44
3 23
3 40
4 20
5 11
5 87
6 40
6 50
7 42
7 68
8 46
8 95
9 13
9 64
10 28
10 47
11 90
12 54
12 90
13 99
14 28
14 63
15 48
15 56
16 51
16 57
17 34
17 62
18 43
18 81
19 64
19 99
20 93
21 26
21 92
22 26
22 61
23 41
24 39
24 67
25 57
25 82
27 45
27 82
29 87
29 91
30 73
30 80
31 65
31 94
32 72
32 75
33 71
33 93
35 38
35 54
36 53
36 60
37 84
37 97
38 72
39 67
41 53
42 86
43 60
44 58
45 55
46 97
47 96
48 50
49 59
49 79
51 58
52 56
52 74
55 75
59 77
61 91
62 66
65 84
66 76
68 89
69 85
69 98
73 98
74 88
76 94
77 79
78 92
78 95
81 88
83 85
83 96
86 89
