210 210 1459
34
175
159
143
100
38
189
135
153
133
0
57
102
60
27
145
51
146
55
134
119
19
22
199
1
32
95
140
155
181
182
6
78
165
4
18
79
52
86
52
86
177
192
98
47
130
30
178
30
8
96
126
105
126
58
91
187
107
15
59
48
40
48
162
85
99
20
28
131
65
148
3
171
17
97
63
156
33
154
44
128
75
90
13
174
164
39
54
41
36
123
173
150
101
188
158
47
73
172
11
7
136
53
42
125
157
144
151
21
89
147
109
64
29
149
2
194
49
50
2
127
185
166
9
80
161
12
112
88
170
132
76
120
160
115
104
83
184
167
5
61
108
56
70
168
70
191
62
93
183
10
103
14
169
190
37
72
179
124
45
92
71
186
118
81
46
67
106
23
116
152
114
193
195
82
122
139
94
35
142
197
84
111
24
141
24
16
69
196
129
198
66
87
121
26
69
176
138
43
31
137
180
74
163
113
77
25
110
68
117
34 175
159 175
143 159
100 143
38 100
38 189
135 189
135 153
133 153
0 133
0 57
57 102
60 102
27 60
27 145
51 145
51 146
55 146
55 134
119 134
19 119
19 22
22 199
1 199
1 32
32 95
95 140
140 155
155 181
181 182
6 182
6 78
78 165
4 165
4 18
18 79
52 79
52 86
52 86
52 86
86 177
177 192
98 192
47 98
47 130
30 130
30 178
30 178
8 30
8 96
96 126
105 126
105 126
58 126
58 91
91 187
107 187
15 107
15 59
48 59
40 48
40 48
48 162
85 162
85 99
20 99
20 28
28 131
65 131
65 148
3 148
3 171
17 171
17 97
63 97
63 156
33 156
33 154
44 154
44 128
75 128
75 90
13 90
13 174
164 174
39 164
39 54
41 54
36 41
36 123
123 173
150 173
101 150
101 188
158 188
47 158
47 73
73 172
11 172
7 11
7 136
53 136
42 53
42 125
125 157
144 157
144 151
21 151
21 89
89 147
109 147
64 109
29 64
29 149
2 149
2 194
49 194
49 50
2 50
2 127
127 185
166 185
9 166
9 80
80 161
12 161
12 112
88 112
88 170
132 170
76 132
76 120
120 160
115 160
104 115
83 104
83 184
167 184
5 167
5 61
61 108
56 108
56 70
70 168
70 168
70 191
62 191
62 93
93 183
10 183
10 103
14 103
14 169
169 190
37 190
37 72
72 179
124 179
45 124
45 92
71 92
71 186
118 186
81 118
46 81
46 67
67 106
23 106
23 116
116 152
114 152
114 193
193 195
82 195
82 122
122 139
94 139
35 94
35 142
142 197
84 197
84 111
24 111
24 141
24 141
16 24
16 69
69 196
129 196
129 198
66 198
66 87
87 121
26 121
26 69
69 176
138 176
43 138
31 43
31 137
137 180
74 180
74 163
113 163
77 113
25 77
25 110
68 110
68 117
34 117
