99 99 1504
0
1
2
3
4
5
6
7
8
9
10
11
12
13
14
15
16
17
18
19
20
21
22
23
24
25
26
27
28
29
30
31
32
33
34
35
36
37
38
39
40
41
42
43
44
45
46
47
48
49
50
51
52
53
54
55
56
57
58
59
60
61
62
63
64
65
66
68
69
70
71
72
73
74
75
76
77
78
79
80
81
82
83
84
85
86
87
88
89
90
91
92
93
94
95
96
97
98
99
0 43
0 57
1 22
1 80
2 47
2 56
3 12
3 77
4 78
4 91
5 14
5 30
6 8
6 52
7 69
7 87
8 34
9 66
9 90
10 66
10 82
11 33
11 82
12 24
13 54
13 97
14 42
15 36
15 64
16 17
16 79
17 43
18 69
18 94
19 65
19 93
20 49
20 99
21 35
21 41
22 63
23 33
23 94
24 32
25 26
25 91
26 99
27 46
27 98
28 50
28 62
29 71
29 92
30 48
31 51
31 61
32 68
34 86
35 76
36 54
37 61
37 90
38 41
38 50
39 70
39 79
40 78
40 81
42 96
44 96
44 97
45 46
45 95
47 93
48 75
49 75
51 52
53 74
53 88
55 80
55 84
56 88
57 74
58 71
58 86
59 76
59 95
60 70
60 72
62 85
63 73
64 68
65 77
72 92
73 87
81 98
83 84
83 89
85 89
