200 200 1180
0
1
2
3
4
5
6
7
8
9
10
11
12
13
14
15
16
17
18
19
20
21
22
23
24
25
26
27
28
29
30
31
32
33
34
35
36
37
38
39
40
41
42
43
44
45
46
47
48
49
50
51
52
53
54
55
56
57
58
59
60
61
62
63
64
65
66
67
68
69
70
71
72
73
74
75
76
77
78
79
80
81
82
83
84
85
86
87
88
89
90
91
92
93
94
95
96
97
98
99
100
101
102
103
104
105
106
107
108
109
110
111
112
113
114
115
116
117
118
119
120
121
122
123
124
125
126
127
128
129
130
131
132
133
134
135
136
137
138
139
140
141
142
143
144
145
146
147
148
149
150
151
152
153
154
155
156
157
158
159
160
161
162
163
164
165
166
167
168
169
170
171
172
173
174
175
176
177
178
179
180
181
182
183
184
185
186
187
188
189
190
191
192
193
194
195
196
197
198
199
0 14
0 66
1 51
1 190
2 117
2 139
3 48
3 196
4 84
4 134
5 53
5 162
6 43
6 155
7 171
7 176
8 53
8 168
9 148
9 154
10 34
10 184
11 13
11 82
12 73
12 194
13 82
14 66
15 125
15 138
16 143
16 199
17 64
17 149
18 73
18 142
19 72
19 96
20 150
20 172
21 109
21 174
22 113
22 115
23 126
23 151
24 44
24 70
25 94
25 156
26 77
26 137
27 121
27 178
28 81
28 129
29 75
29 106
30 139
30 187
31 112
31 128
32 33
32 74
33 115
34 107
35 125
35 183
36 110
36 167
37 105
37 173
38 57
38 86
39 123
39 170
40 67
40 100
41 86
41 108
42 52
42 132
43 52
44 199
45 106
45 164
46 60
46 191
47 144
47 152
48 100
49 97
49 161
50 152
50 161
51 56
54 58
54 169
55 85
55 144
56 119
57 174
58 118
59 145
59 185
60 89
61 121
61 133
62 80
62 93
63 69
63 190
64 141
65 97
65 159
67 80
68 93
68 119
69 129
70 158
71 98
71 136
72 92
74 137
75 182
76 153
76 167
77 114
78 96
78 132
79 166
79 177
81 196
83 109
83 183
84 155
85 159
87 117
87 127
88 95
88 191
89 165
90 94
90 156
91 131
91 180
92 104
95 165
98 195
99 111
99 127
101 136
101 141
102 116
102 179
103 118
103 194
104 176
105 175
107 184
108 175
110 151
111 185
112 128
113 146
114 124
116 148
120 134
120 147
122 160
122 170
123 154
124 198
126 193
130 140
130 186
131 180
133 178
135 179
135 193
138 149
140 186
142 192
143 147
145 163
146 163
150 192
153 164
157 189
157 197
158 188
160 171
162 168
166 177
169 188
172 181
173 187
181 182
189 197
195 198
