200 200 1236
0
1
2
3
4
5
6
7
8
9
10
11
12
13
14
15
16
17
18
19
20
21
22
23
24
25
26
27
28
29
30
31
32
33
34
35
36
37
38
39
40
41
42
43
44
45
46
47
48
49
50
51
52
53
54
55
56
57
58
59
60
61
62
63
64
65
66
67
68
69
70
71
72
73
74
75
76
77
78
79
80
81
82
83
84
85
86
87
88
89
90
91
92
93
94
95
96
97
98
99
100
101
102
103
104
105
106
107
108
109
110
111
112
113
114
115
116
117
118
119
120
121
122
123
124
125
126
127
128
129
130
131
132
133
134
135
136
137
138
139
140
141
142
143
144
145
146
147
148
149
150
151
152
153
154
155
156
157
158
159
160
161
162
163
164
165
166
167
168
169
170
171
172
173
174
175
176
177
178
179
180
181
182
183
184
185
186
187
188
189
190
191
192
193
194
195
196
197
198
199
0 100
0 158
1 64
1 67
2 73
2 189
3 38
3 44
4 48
4 113
5 40
5 192
6 24
6 149
7 103
7 111
8 105
8 144
9 49
9 157
10 93
10 110
11 70
11 95
12 24
12 56
13 101
13 188
14 19
14 164
15 101
15 146
16 151
16 188
17 82
17 172
18 84
18 142
19 164
20 116
20 179
21 46
21 145
22 36
22 78
23 43
23 125
25 77
25 120
26 176
26 187
27 72
27 152
28 54
28 137
29 47
29 126
30 69
30 73
31 131
31 155
32 99
32 122
33 106
33 180
34 172
34 184
35 147
35 158
36 39
37 91
37 114
38 123
39 168
40 41
41 112
42 50
42 153
43 197
44 180
45 55
45 174
46 89
47 175
48 174
49 133
50 52
51 109
51 194
52 127
53 86
53 129
54 171
55 130
56 149
57 99
57 191
58 132
58 183
59 193
59 194
60 85
60 118
61 65
61 166
62 97
62 129
63 104
63 144
64 111
65 153
66 117
66 119
67 140
68 121
68 138
69 163
70 173
71 167
71 186
72 152
74 141
74 198
75 112
75 196
76 113
76 161
77 178
78 82
79 97
79 134
80 143
80 195
81 98
81 154
83 147
83 150
84 102
85 96
86 135
87 108
87 139
88 148
88 185
89 185
90 116
90 178
91 163
92 105
92 135
93 94
94 176
95 173
96 103
98 190
100 168
102 142
104 166
106 114
107 160
107 198
108 156
109 199
110 187
115 140
115 190
117 170
118 169
119 170
120 179
121 138
122 156
123 139
124 126
124 183
125 197
127 182
128 154
128 177
130 161
131 199
132 155
133 136
134 175
136 167
137 171
141 157
143 195
145 148
146 151
150 162
159 189
159 191
160 196
162 184
165 169
165 177
181 182
181 193
186 192
