200 200 1370
0
1
2
3
4
5
6
7
8
9
10
11
12
13
14
15
16
17
18
19
20
21
22
23
24
25
26
27
28
29
30
31
32
33
34
35
36
37
38
39
40
41
42
43
44
45
46
47
48
49
50
51
52
53
54
55
56
57
58
59
60
61
62
63
64
65
66
67
68
69
70
71
72
73
74
75
76
77
78
79
80
81
82
83
84
85
86
87
88
89
90
91
92
93
94
95
96
97
98
99
100
101
102
103
104
105
106
107
108
109
110
111
112
113
114
115
116
117
118
119
120
121
122
123
124
125
126
127
128
129
130
131
132
133
134
135
136
137
138
139
140
141
142
143
144
145
146
147
148
149
150
151
152
153
154
155
156
157
158
159
160
161
162
163
164
165
166
167
168
169
170
171
172
173
174
175
176
177
178
179
180
181
182
183
184
185
186
187
188
189
190
191
192
193
194
195
196
197
198
199
0 31
0 194
1 154
1 189
2 30
2 101
3 163
3 188
4 22
4 35
5 46
5 141
6 12
6 187
7 31
7 160
8 65
8 110
9 109
9 176
10 111
10 120
11 36
11 76
12 111
13 68
13 107
14 128
14 184
15 147
15 194
16 24
16 57
17 42
17 142
18 107
18 175
19 95
19 139
20 105
20 189
21 144
21 181
22 130
23 117
23 184
24 45
25 63
25 123
26 77
26 169
27 51
27 191
28 96
28 186
29 67
29 135
30 116
32 127
32 134
33 52
33 158
34 83
34 89
35 157
36 132
37 50
37 160
38 45
38 57
39 47
39 156
40 81
40 196
41 44
41 188
42 167
43 74
43 112
44 114
46 78
47 137
48 104
48 151
49 94
49 161
50 55
51 154
52 190
53 133
53 182
54 143
54 191
55 132
56 66
56 138
58 141
58 195
59 176
59 199
60 85
60 178
61 64
61 115
62 103
62 131
63 123
64 178
65 84
66 138
67 135
68 175
69 88
69 92
70 166
70 190
71 72
71 105
72 97
73 164
73 183
74 112
75 113
75 165
76 146
77 136
78 170
79 173
79 177
80 162
80 168
81 93
82 137
82 156
83 174
84 99
85 143
86 92
86 173
87 108
87 148
88 114
89 142
90 121
90 129
91 150
91 180
93 118
94 118
95 139
96 196
97 177
98 136
98 164
99 183
100 113
100 124
101 106
102 126
102 167
103 182
104 180
106 198
108 155
109 126
110 185
115 159
116 170
117 153
119 144
119 181
120 187
121 179
122 140
122 172
124 158
125 147
125 198
127 128
129 195
130 157
131 133
134 192
140 152
145 148
145 150
146 174
149 171
149 185
151 155
152 169
153 192
159 172
161 193
162 197
163 199
165 166
168 197
171 179
186 193
