197 197 1264
0
1
2
3
4
5
6
7
8
9
10
11
12
13
14
15
16
17
18
19
20
21
22
23
24
25
26
27
28
29
30
31
32
33
34
35
36
37
38
39
40
41
42
43
44
45
46
47
48
49
50
51
52
53
54
55
56
57
58
59
60
61
62
63
64
65
66
67
68
69
70
71
72
73
74
75
76
77
78
79
80
81
82
83
84
85
86
87
88
89
90
91
92
93
94
95
96
97
98
99
100
101
102
103
104
105
106
107
108
109
110
111
112
113
114
115
116
117
118
119
120
121
122
123
124
125
126
127
128
129
130
131
132
133
134
135
136
137
138
139
141
142
143
144
146
147
148
149
150
151
152
153
154
155
156
157
158
159
160
161
162
163
164
165
166
167
168
169
170
171
172
173
174
175
176
177
178
179
180
181
182
183
184
185
186
187
188
189
190
191
192
193
195
196
197
198
199
0 60
0 73
1 40
1 94
2 62
2 138
3 27
3 113
4 71
4 101
5 61
5 152
6 63
6 73
7 118
7 125
8 118
8 171
9 57
9 116
10 142
10 157
11 76
11 110
12 17
12 189
13 22
13 75
14 136
14 182
15 63
15 102
16 68
16 147
17 37
18 28
18 195
19 93
19 158
20 85
20 127
21 32
21 170
22 179
23 139
23 175
24 131
24 176
25 66
25 137
26 119
26 152
27 36
28 111
29 50
29 107
30 160
30 186
31 41
31 198
32 170
33 99
33 167
34 126
34 196
35 120
35 136
36 185
37 112
38 58
38 123
39 104
39 133
40 108
41 95
42 87
42 90
43 183
43 197
44 82
44 163
45 148
45 185
46 144
46 192
47 153
47 198
48 56
48 187
49 72
49 96
50 184
51 177
51 190
52 80
52 157
53 89
53 135
54 87
54 187
55 130
55 183
56 90
57 134
58 123
59 74
59 165
60 153
61 119
62 138
64 127
64 172
65 156
65 180
66 81
67 79
67 92
68 139
69 70
69 92
70 86
71 166
72 162
74 165
75 164
76 177
77 80
77 142
78 141
78 171
79 184
81 151
82 163
83 93
83 125
84 96
84 149
85 106
86 111
88 98
88 101
89 124
91 103
91 121
94 108
95 115
97 158
97 178
98 155
99 114
100 146
100 173
102 124
103 121
104 166
105 151
105 197
106 172
107 176
109 169
109 193
110 131
112 189
113 178
114 167
115 133
116 134
117 128
117 181
120 159
122 188
122 196
126 188
128 143
129 132
129 155
130 175
132 161
135 149
137 160
141 168
143 174
144 192
146 173
147 162
148 161
150 154
150 174
154 199
156 191
159 182
164 179
168 181
169 193
180 191
186 199
190 195
