58 58 1191
63
90
27
72
53
88
21
67
2
96
58
9
1
65
70
47
26
92
60
51
84
15
68
34
56
23
59
94
73
37
86
37
17
62
69
42
77
75
28
33
3
24
82
91
85
61
40
83
20
50
19
78
49
81
76
8
98
99
63 90
27 90
27 72
53 72
53 88
21 88
21 67
2 67
2 96
58 96
9 58
1 9
1 65
65 70
47 70
26 47
26 92
60 92
51 60
51 84
15 84
15 68
34 68
34 56
23 56
23 59
59 94
73 94
37 73
37 86
37 86
17 37
17 62
62 69
42 69
42 77
75 77
28 75
28 33
3 33
3 24
24 82
82 91
85 91
61 85
40 61
40 83
20 83
20 50
19 50
19 78
49 78
49 81
76 81
8 76
8 98
98 99
63 99
