211 211 1416
167
111
21
52
171
137
133
31
169
129
161
71
95
75
50
6
198
2
151
27
84
159
124
26
112
189
112
12
160
193
118
193
38
79
11
197
99
120
32
120
155
67
107
188
127
34
25
29
144
194
83
176
126
23
147
134
142
16
192
135
9
199
82
146
19
104
166
54
69
89
4
80
150
88
22
173
143
164
187
117
24
117
59
139
47
40
17
162
131
1
77
28
106
125
66
125
154
196
181
138
186
191
37
132
116
157
180
115
184
7
33
113
91
178
168
86
152
110
108
94
97
20
172
121
153
158
182
5
63
48
177
98
177
3
170
0
105
93
136
78
109
61
51
141
183
174
72
85
76
190
195
73
92
165
96
123
43
14
43
58
70
65
56
102
130
8
44
87
119
156
45
55
101
39
185
145
30
36
30
122
100
140
53
74
42
74
49
13
149
114
128
15
46
10
68
10
60
148
18
64
41
163
81
175
62
179
103
35
57
90
21
111 167
21 111
21 52
52 171
137 171
133 137
31 133
31 169
129 169
129 161
71 161
71 95
75 95
50 75
6 50
6 198
2 198
2 151
27 151
27 84
84 159
124 159
26 124
26 112
112 189
112 189
12 112
12 160
160 193
118 193
118 193
38 193
38 79
11 79
11 197
99 197
99 120
32 120
32 120
120 155
67 155
67 107
107 188
127 188
34 127
25 34
25 29
29 144
144 194
83 194
83 176
126 176
23 126
23 147
134 147
134 142
16 142
16 192
135 192
9 135
9 199
82 199
82 146
19 146
19 104
104 166
54 166
54 69
69 89
4 89
4 80
80 150
88 150
22 88
22 173
143 173
143 164
164 187
117 187
24 117
24 117
59 117
59 139
47 139
40 47
17 40
17 162
131 162
1 131
1 77
28 77
28 106
106 125
66 125
66 125
125 154
154 196
181 196
138 181
138 186
186 191
37 191
37 132
116 132
116 157
157 180
115 180
115 184
7 184
7 33
33 113
91 113
91 178
168 178
86 168
86 152
110 152
108 110
94 108
94 97
20 97
20 172
121 172
121 153
153 158
158 182
5 182
5 63
48 63
48 177
98 177
98 177
3 177
3 170
0 170
0 105
93 105
93 136
78 136
78 109
61 109
51 61
51 141
141 183
174 183
72 174
72 85
76 85
76 190
190 195
73 195
73 92
92 165
96 165
96 123
43 123
14 43
14 43
43 58
58 70
65 70
56 65
56 102
102 130
8 130
8 44
44 87
87 119
119 156
45 156
45 55
55 101
39 101
39 185
145 185
30 145
30 36
30 36
30 122
100 122
100 140
53 140
53 74
42 74
42 74
49 74
13 49
13 149
114 149
114 128
15 128
15 46
10 46
10 68
10 68
10 60
60 148
18 148
18 64
41 64
41 163
81 163
81 175
62 175
62 179
103 179
35 103
35 57
57 90
21 90
21 167
