199 199 2027
0
1
2
3
4
5
6
7
8
9
10
11
12
13
14
15
16
17
18
19
20
21
22
23
24
25
26
27
28
29
30
31
32
33
34
35
36
37
38
39
40
41
42
43
44
45
46
47
48
49
50
51
52
53
54
55
56
57
58
59
60
61
62
63
64
65
66
67
69
70
71
72
73
74
75
76
77
78
79
80
81
82
83
84
85
86
87
88
89
90
91
92
93
94
95
96
97
98
99
100
101
102
103
104
105
106
107
108
109
110
111
112
113
114
115
116
117
118
119
120
121
122
123
124
125
126
127
128
129
130
131
132
133
134
135
136
137
138
139
140
141
142
143
144
145
146
147
148
149
150
151
152
153
154
155
156
157
158
159
160
161
162
163
164
165
166
167
168
169
170
171
172
173
174
175
176
177
178
179
180
181
182
183
184
185
186
187
188
189
190
191
192
193
194
195
196
197
198
199
0 44
0 47
1 57
1 183
2 44
2 160
3 82
3 154
4 6
4 23
5 168
5 169
6 184
7 34
7 159
8 15
8 29
9 90
9 158
10 71
10 137
11 96
11 148
12 31
12 69
13 63
13 195
14 41
14 163
15 52
16 88
16 164
17 145
17 177
18 86
18 92
19 84
19 167
20 32
20 142
21 34
21 120
22 162
22 186
23 45
24 118
24 180
25 79
25 109
26 101
26 138
27 136
27 150
28 53
28 103
29 187
30 39
30 62
31 73
32 198
33 100
33 135
35 106
35 125
36 114
36 176
37 53
37 123
38 71
38 88
39 98
40 57
40 155
41 58
42 134
42 182
43 122
43 127
45 100
46 185
46 197
47 139
48 58
48 171
49 50
49 152
50 66
51 65
51 70
52 187
54 59
54 135
55 102
55 105
56 94
56 119
59 112
60 79
60 192
61 153
61 157
62 141
63 186
64 162
64 174
65 199
66 195
67 127
67 190
69 194
70 113
72 160
72 173
73 132
74 180
74 197
75 89
75 110
76 117
76 196
77 92
77 108
78 130
78 151
80 126
80 188
81 166
81 177
82 121
83 128
83 165
84 165
85 97
85 122
86 87
87 144
89 129
90 163
91 138
91 175
93 130
93 156
94 169
95 164
95 189
96 119
97 146
98 150
99 124
99 142
101 185
102 144
103 104
104 123
105 118
106 132
107 131
107 156
108 114
109 192
110 146
111 172
111 183
112 173
113 199
115 124
115 198
116 176
116 179
117 154
120 137
121 133
125 140
126 188
128 147
129 174
131 181
133 168
134 182
136 141
139 157
140 166
143 175
143 184
145 193
147 152
148 194
149 161
149 178
151 191
153 159
155 189
158 181
161 178
167 179
170 171
170 191
172 193
190 196
