87 87 1445
0
1
2
3
6
7
8
9
10
11
12
13
15
16
17
18
19
20
21
22
23
24
25
28
29
31
32
33
34
35
36
37
38
39
40
41
42
43
44
45
46
48
49
50
52
53
54
55
56
57
59
60
62
63
64
65
66
67
68
69
70
71
72
73
74
76
78
79
80
81
82
83
84
85
87
88
89
90
91
92
93
94
95
96
97
98
99
0 44
0 71
1 37
1 90
2 22
2 69
3 15
3 79
6 23
6 31
7 21
7 56
8 72
8 89
9 13
9 60
10 16
10 17
11 33
11 42
12 29
12 49
13 97
15 81
16 22
17 52
18 45
18 60
19 37
19 95
20 57
20 64
21 56
23 78
24 57
24 76
25 50
25 94
28 54
28 96
29 70
31 45
32 48
32 89
33 72
34 49
34 70
35 85
35 88
36 65
36 66
38 69
38 73
39 74
39 85
40 63
40 83
41 82
41 93
42 59
43 74
43 80
44 82
46 76
46 97
48 55
50 68
52 98
53 55
53 87
54 96
59 99
62 66
62 88
63 98
64 68
65 80
67 90
67 91
71 94
73 91
78 99
79 84
81 92
83 87
84 92
93 95
