121 121 1745
12
3
65
77
88
53
81
40
59
76
35
95
45
16
17
43
0
57
0
27
46
98
74
39
79
26
25
78
4
91
76
39
50
38
50
28
62
41
62
1
80
55
84
73
63
73
33
23
94
22
94
18
69
7
87
7
83
21
89
85
28
82
10
66
9
32
68
58
24
58
29
49
20
48
75
44
97
11
97
13
97
14
42
67
5
30
36
54
15
64
68
32
68
86
58
71
8
34
8
6
37
90
37
61
31
61
31
51
52
56
2
47
93
19
70
60
72
92
26
99
3
3 12
3 65
65 77
77 88
53 88
53 81
40 81
40 59
59 76
35 76
35 95
45 95
16 45
16 17
17 43
0 43
0 57
0 57
0 27
27 46
46 98
74 98
39 74
39 79
26 79
25 26
25 78
4 78
4 91
76 91
39 76
39 50
38 50
38 50
28 50
28 62
41 62
41 62
1 62
1 80
55 80
55 84
73 84
63 73
63 73
33 73
23 33
23 94
22 94
22 94
18 94
18 69
7 69
7 87
7 87
7 83
21 83
21 89
85 89
28 85
28 82
10 82
10 66
9 66
9 32
32 68
58 68
24 58
24 58
29 58
29 49
20 49
20 48
48 75
44 75
44 97
11 97
11 97
13 97
13 97
14 97
14 42
42 67
5 67
5 30
30 36
36 54
15 54
15 64
64 68
32 68
32 68
68 86
58 86
58 71
8 71
8 34
8 34
6 8
6 37
37 90
37 90
37 61
31 61
31 61
31 61
31 51
51 52
52 56
2 56
2 47
47 93
19 93
19 70
60 70
60 72
72 92
26 92
26 99
3 99
3 12
