255 255 2456
47
50
104
159
87
166
178
42
173
86
73
86
73
97
73
97
176
117
106
111
118
158
1
46
168
46
134
12
78
118
165
18
165
102
137
168
46
148
128
123
30
120
26
120
26
21
91
21
76
39
12
55
12
161
124
181
51
28
101
190
3
11
111
13
8
128
69
199
69
128
71
88
7
114
98
114
5
198
188
43
139
119
142
35
142
119
139
43
139
52
80
122
115
61
115
125
115
16
17
45
103
152
103
131
105
54
89
14
40
167
154
82
163
56
74
4
130
177
20
177
9
32
9
177
70
187
70
187
92
100
130
85
136
153
25
0
156
121
196
48
72
170
59
19
186
195
186
19
186
160
84
6
63
6
107
6
63
185
141
31
79
66
81
194
146
95
36
93
140
15
2
157
189
109
99
110
81
126
160
22
133
22
197
138
191
112
62
63
175
58
41
171
144
149
10
53
34
65
90
113
174
96
127
96
108
180
33
150
75
38
64
164
64
67
162
172
24
116
24
94
182
147
135
193
27
44
27
193
27
143
23
184
23
145
179
145
151
29
129
68
57
155
83
60
192
77
169
183
37
49
6
107
6
22
132
47 50
50 104
104 159
87 159
87 166
166 178
42 178
42 173
86 173
73 86
73 86
73 86
73 97
73 97
73 97
97 176
117 176
106 117
106 111
111 118
118 158
1 158
1 46
46 168
46 168
46 134
12 134
12 78
78 118
118 165
18 165
18 165
102 165
102 137
137 168
46 168
46 148
128 148
123 128
30 123
30 120
26 120
26 120
26 120
21 26
21 91
21 91
21 76
39 76
12 39
12 55
12 55
12 161
124 161
124 181
51 181
28 51
28 101
101 190
3 190
3 11
11 111
13 111
8 13
8 128
69 128
69 199
69 199
69 128
71 128
71 88
7 88
7 114
98 114
98 114
5 114
5 198
188 198
43 188
43 139
119 139
119 142
35 142
35 142
119 142
119 139
43 139
43 139
52 139
52 80
80 122
115 122
61 115
61 115
115 125
115 125
16 115
16 17
17 45
45 103
103 152
103 152
103 131
105 131
54 105
54 89
14 89
14 40
40 167
154 167
82 154
82 163
56 163
56 74
4 74
4 130
130 177
20 177
20 177
9 177
9 32
9 32
9 177
70 177
70 187
70 187
70 187
92 187
92 100
100 130
85 130
85 136
136 153
25 153
0 25
0 156
121 156
121 196
48 196
48 72
72 170
59 170
19 59
19 186
186 195
186 195
19 186
19 186
160 186
84 160
6 84
6 63
6 63
6 107
6 107
6 63
63 185
141 185
31 141
31 79
66 79
66 81
81 194
146 194
95 146
36 95
36 93
93 140
15 140
2 15
2 157
157 189
109 189
99 109
99 110
81 110
81 126
126 160
22 160
22 133
22 133
22 197
138 197
138 191
112 191
62 112
62 63
63 175
58 175
41 58
41 171
144 171
144 149
10 149
10 53
34 53
34 65
65 90
90 113
113 174
96 174
96 127
96 127
96 108
108 180
33 180
33 150
75 150
38 75
38 64
64 164
64 164
64 67
67 162
162 172
24 172
24 116
24 116
24 94
94 182
147 182
135 147
135 193
27 193
27 44
27 44
27 193
27 193
27 143
23 143
23 184
23 184
23 145
145 179
145 179
145 151
29 151
29 129
68 129
57 68
57 155
83 155
60 83
60 192
77 192
77 169
169 183
37 183
37 49
6 49
6 107
6 107
6 22
22 132
47 132
