64 64 1350
40
31
29
48
30
17
21
17
0
42
25
49
25
47
25
47
10
45
22
12
34
7
37
36
20
36
37
33
46
32
8
32
8
39
14
16
26
1
9
38
5
4
5
28
5
16
43
16
18
16
14
15
13
41
24
27
19
44
11
3
2
35
23
6
31 40
29 31
29 48
30 48
17 30
17 21
17 21
0 17
0 42
25 42
25 49
25 49
25 47
25 47
25 47
10 47
10 45
22 45
12 22
12 34
7 34
7 37
36 37
20 36
20 36
36 37
33 37
33 46
32 46
8 32
8 32
8 32
8 39
14 39
14 16
16 26
1 26
1 9
9 38
5 38
4 5
4 5
5 28
5 28
5 16
16 43
16 43
16 18
16 18
14 16
14 15
13 15
13 41
24 41
24 27
19 27
19 44
11 44
3 11
2 3
2 35
23 35
6 23
6 40
