57 57 1073
1
3
4
6
8
9
10
12
15
16
17
18
19
20
21
23
27
28
30
31
32
34
35
36
38
39
42
43
47
49
51
58
60
61
62
63
64
65
73
74
75
76
79
80
81
86
87
88
89
90
91
92
93
94
95
98
99
1 38
1 91
3 35
3 81
4 28
4 73
6 8
6 18
8 98
9 47
9 49
10 18
10 21
12 64
12 93
15 32
15 91
16 38
16 93
17 58
17 90
19 60
19 86
20 62
20 88
21 36
23 27
23 98
27 76
28 74
30 47
30 60
31 32
31 65
34 73
34 80
35 76
36 87
39 62
39 94
42 61
42 86
43 90
43 99
49 58
51 64
51 79
61 95
63 81
63 99
65 75
74 79
75 89
80 92
87 89
88 95
92 94
