75 75 1142
0
1
3
4
5
6
7
8
9
10
11
13
14
15
16
17
18
19
21
22
23
24
26
27
29
30
31
33
34
35
38
40
41
42
43
45
47
48
49
50
51
53
54
55
56
57
58
60
61
62
63
67
68
69
70
71
72
75
76
79
80
81
82
83
84
87
88
89
92
94
95
96
97
98
99
0 45
0 99
1 16
1 43
3 14
3 29
4 6
4 10
5 72
5 94
6 30
7 62
7 92
8 19
8 81
9 33
9 40
10 40
11 17
11 27
13 60
13 89
14 79
15 38
15 81
16 69
17 71
18 49
18 84
19 48
21 80
21 89
22 35
22 67
23 71
23 97
24 56
24 70
26 38
26 76
27 35
29 76
30 33
31 34
31 84
34 68
41 61
41 72
42 87
42 96
43 79
45 92
47 69
47 83
48 50
49 68
50 83
51 55
51 82
53 57
53 63
54 75
54 98
55 56
57 63
58 61
58 95
60 97
62 88
67 80
70 82
75 98
87 99
88 96
94 95
