199 199 1950
0
1
2
3
4
5
6
7
8
9
10
11
12
13
14
15
16
17
18
19
20
21
22
23
24
25
26
27
28
29
30
31
32
33
34
35
36
37
38
39
40
41
42
43
44
45
46
47
48
49
50
51
52
53
54
55
56
57
58
59
60
61
62
64
65
66
67
68
69
70
71
72
73
74
75
76
77
78
79
80
81
82
83
84
85
86
87
88
89
90
91
92
93
94
95
96
97
98
99
100
101
102
103
104
105
106
107
108
109
110
111
112
113
114
115
116
117
118
119
120
121
122
123
124
125
126
127
128
129
130
131
132
133
134
135
136
137
138
139
140
141
142
143
144
145
146
147
148
149
150
151
152
153
154
155
156
157
158
159
160
161
162
163
164
165
166
167
168
169
170
171
172
173
174
175
176
177
178
179
180
181
182
183
184
185
186
187
188
189
190
191
192
193
194
195
196
197
198
199
0 48
0 102
1 10
1 61
2 31
2 130
3 121
3 164
4 9
4 128
5 122
5 167
6 86
6 110
7 115
7 138
8 133
8 190
9 26
10 94
11 177
11 186
12 44
12 180
13 57
13 131
14 117
14 151
15 59
15 156
16 116
16 141
17 55
17 129
18 188
18 195
19 102
19 116
20 24
20 159
21 62
21 70
22 99
22 160
23 80
23 114
24 197
25 135
25 185
26 92
27 54
27 103
28 127
28 190
29 30
29 177
30 90
31 150
32 167
32 199
33 171
33 195
34 145
34 191
35 124
35 127
36 76
36 161
37 125
37 165
38 143
38 199
39 139
39 186
40 112
40 194
41 105
41 197
42 113
42 140
43 46
43 132
44 110
45 50
45 143
46 78
47 83
47 161
48 92
49 87
49 189
50 176
51 56
51 65
52 64
52 142
53 66
53 154
54 108
55 76
56 103
57 174
58 98
58 188
59 168
60 101
60 128
61 95
62 106
64 82
65 91
66 140
67 178
67 189
68 85
68 158
69 107
69 135
70 82
71 115
71 196
72 157
72 179
73 172
73 180
74 166
74 174
75 134
75 181
77 126
77 181
78 145
79 81
79 123
80 130
81 123
83 184
84 86
84 159
85 147
87 89
88 162
88 175
89 178
90 101
91 154
93 109
93 111
94 119
95 173
96 107
96 182
97 108
97 156
98 171
99 114
100 118
100 142
104 137
104 173
105 179
106 185
109 164
111 141
112 194
113 183
117 176
118 182
119 148
120 169
120 193
121 125
122 146
124 196
126 187
129 152
131 132
133 198
134 166
136 157
136 175
137 158
138 198
139 165
144 149
144 187
146 151
147 191
148 153
149 153
150 160
152 163
155 169
155 183
162 172
163 184
168 192
170 192
170 193
