67 67 1306
21
48
66
93
25
6
0
64
52
32
95
68
90
38
96
38
51
79
83
56
20
72
77
6
45
94
49
37
58
88
19
40
59
35
23
50
98
41
8
28
81
78
62
39
67
42
92
80
43
17
5
17
76
26
76
63
69
65
3
47
60
47
16
57
54
44
61
21 48
48 66
66 93
25 93
6 25
0 6
0 64
52 64
32 52
32 95
68 95
68 90
38 90
38 96
38 96
38 51
51 79
79 83
56 83
20 56
20 72
72 77
6 77
6 45
45 94
49 94
37 49
37 58
58 88
19 88
19 40
40 59
35 59
23 35
23 50
50 98
41 98
8 41
8 28
28 81
78 81
62 78
39 62
39 67
42 67
42 92
80 92
43 80
17 43
5 17
5 17
17 76
26 76
26 76
63 76
63 69
65 69
3 65
3 47
47 60
47 60
16 47
16 57
54 57
44 54
44 61
21 61
