100 100 1526
0
1
2
3
4
5
6
7
8
9
10
11
12
13
14
15
16
17
18
19
20
21
22
23
24
25
26
27
28
29
30
31
32
33
34
35
36
37
38
39
40
41
42
43
44
45
46
47
48
49
50
51
52
53
54
55
56
57
58
59
60
61
62
63
64
65
66
67
68
69
70
71
72
73
74
75
76
77
78
79
80
81
82
83
84
85
86
87
88
89
90
91
92
93
94
95
96
97
98
99
0 3
0 35
1 18
1 83
2 40
2 98
3 92
4 63
4 68
5 13
5 79
6 11
6 44
7 12
7 46
8 13
8 82
9 52
9 86
10 19
10 56
11 76
12 58
14 64
14 71
15 57
15 81
16 31
16 50
17 37
17 64
18 92
19 95
20 37
20 77
21 56
21 70
22 61
22 96
23 68
23 73
24 59
24 69
25 28
25 32
26 30
26 95
27 43
27 76
28 29
29 94
30 65
31 35
32 53
33 42
33 48
34 41
34 69
36 62
36 71
38 48
38 78
39 50
39 97
40 49
41 67
42 47
43 61
44 77
45 51
45 65
46 58
47 99
49 54
51 97
52 79
53 94
54 83
55 74
55 90
57 85
59 87
60 63
60 93
62 66
66 87
67 82
70 72
72 84
73 91
74 89
75 78
75 85
80 91
80 96
81 93
84 88
86 90
88 89
98 99
