198 198 1970
0
1
2
3
4
5
6
7
8
9
10
11
12
13
14
15
16
17
18
19
20
21
22
23
24
25
26
27
28
29
30
31
32
33
34
35
36
37
38
39
40
41
42
43
44
45
46
47
48
49
50
51
52
53
54
55
56
57
58
59
60
61
62
63
64
65
66
67
68
69
70
71
72
73
74
75
76
77
78
79
80
81
82
83
84
85
86
87
88
89
90
91
92
93
94
95
96
97
98
99
100
101
102
103
104
105
106
107
108
109
110
111
112
113
114
115
116
117
118
119
120
121
122
123
124
125
127
128
129
130
131
132
133
134
135
136
137
138
139
140
141
142
143
144
145
146
148
149
150
151
152
153
154
155
156
157
158
159
160
161
162
163
164
165
166
167
168
169
170
171
172
173
174
175
176
177
178
179
180
181
182
183
184
185
186
187
188
189
190
191
192
193
194
195
196
197
198
199
0 125
0 154
1 59
1 153
2 10
2 132
3 66
3 161
4 134
4 157
5 29
5 64
6 48
6 176
7 74
7 159
8 21
8 131
9 66
9 90
10 158
11 58
11 171
12 14
12 161
13 17
13 79
14 177
15 53
15 105
16 121
16 160
17 153
18 30
18 88
19 93
19 112
20 35
20 62
21 131
22 174
22 196
23 51
23 129
24 130
24 181
25 57
25 135
26 179
26 191
27 33
27 95
28 42
28 56
29 182
30 40
31 133
31 146
32 43
32 69
33 119
34 49
34 52
35 118
36 142
36 186
37 141
37 180
38 83
38 124
39 121
39 194
40 189
41 72
41 90
42 87
43 68
44 99
44 150
45 71
45 116
46 114
46 148
47 98
47 178
48 139
49 102
50 135
50 167
51 143
52 109
53 97
54 56
54 142
55 155
55 187
57 187
58 92
59 79
60 81
60 185
61 89
61 128
62 195
63 169
63 177
64 163
65 93
65 149
67 108
67 164
68 162
69 193
70 89
70 180
71 116
72 198
73 136
73 151
74 138
75 133
75 151
76 123
76 144
77 100
77 175
78 197
78 199
80 145
80 196
81 94
82 85
82 91
83 138
84 166
84 183
85 91
86 141
86 191
87 175
88 166
92 185
94 127
95 193
96 99
96 181
97 162
98 170
100 182
101 107
101 122
102 108
103 111
103 190
104 113
104 186
105 144
106 159
106 198
107 168
109 130
110 184
110 194
111 132
112 115
113 163
114 160
115 167
117 156
117 188
118 154
119 165
120 145
120 174
122 168
123 140
124 169
125 195
127 197
128 173
129 171
134 157
136 190
137 179
137 183
139 184
140 176
143 158
146 199
148 189
149 155
150 165
152 164
152 170
156 188
172 178
172 192
173 192
