63 63 1029
20
42
3
93
17
80
26
16
38
24
38
96
13
97
18
15
48
8
61
50
89
65
28
34
9
40
89
7
14
32
1
36
81
82
47
51
47
51
87
88
46
99
4
60
66
22
62
52
6
41
5
23
74
54
53
45
68
2
69
31
37
55
86
20 42
3 42
3 93
17 93
17 80
26 80
16 26
16 38
24 38
24 38
38 96
13 96
13 97
18 97
15 18
15 48
8 48
8 61
50 61
50 89
65 89
28 65
28 34
9 34
9 40
40 89
7 89
7 14
14 32
1 32
1 36
36 81
81 82
47 82
47 51
47 51
47 51
51 87
87 88
46 88
46 99
4 99
4 60
60 66
22 66
22 62
52 62
6 52
6 41
5 41
5 23
23 74
54 74
53 54
45 53
45 68
2 68
2 69
31 69
31 37
37 55
55 86
20 86
