81 81 1561
55
82
74
77
37
77
24
73
42
26
64
13
9
85
59
85
69
95
84
96
48
96
23
21
86
21
32
8
32
85
9
1
40
36
72
46
63
28
87
28
91
89
46
93
62
43
62
41
62
75
81
65
45
65
88
78
80
5
36
30
0
34
57
94
10
71
51
20
76
20
51
6
83
79
2
44
66
67
66
16
97
55 82
74 82
74 77
37 77
37 77
24 77
24 73
42 73
26 42
26 64
13 64
9 13
9 85
59 85
59 85
69 85
69 95
84 95
84 96
48 96
48 96
23 96
21 23
21 86
21 86
21 32
8 32
8 32
32 85
9 85
1 9
1 40
36 40
36 72
46 72
46 63
28 63
28 87
28 87
28 91
89 91
46 89
46 93
62 93
43 62
43 62
41 62
41 62
62 75
75 81
65 81
45 65
45 65
65 88
78 88
78 80
5 80
5 36
30 36
0 30
0 34
34 57
57 94
10 94
10 71
51 71
20 51
20 76
20 76
20 51
6 51
6 83
79 83
2 79
2 44
44 66
66 67
66 67
16 66
16 97
55 97
