80 80 2739
119
166
115
38
25
165
137
71
176
86
144
173
142
60
111
143
13
8
13
22
5
52
162
110
87
43
87
21
88
89
88
36
90
46
195
19
69
163
83
100
7
182
26
126
75
116
103
191
118
167
121
101
109
97
148
97
68
120
85
32
96
18
180
94
82
58
16
138
29
61
104
159
73
17
84
125
192
124
119
6
119 166
115 166
38 115
25 38
25 165
137 165
71 137
71 176
86 176
86 144
144 173
142 173
60 142
60 111
111 143
13 143
8 13
8 13
13 22
5 22
5 52
52 162
110 162
87 110
43 87
43 87
21 87
21 88
88 89
88 89
36 88
36 90
46 90
46 195
19 195
19 69
69 163
83 163
83 100
7 100
7 182
26 182
26 126
75 126
75 116
103 116
103 191
118 191
118 167
121 167
101 121
101 109
97 109
97 148
97 148
68 97
68 120
85 120
32 85
32 96
18 96
18 180
94 180
82 94
58 82
16 58
16 138
29 138
29 61
61 104
104 159
73 159
17 73
17 84
84 125
125 192
124 192
119 124
6 119
6 119
