105 105 1041
79
33
22
10
93
18
23
45
68
50
13
5
30
46
30
31
92
60
21
73
94
78
61
9
39
80
4
1
2
37
96
87
48
81
95
86
82
37
62
64
65
76
27
17
66
8
83
69
99
57
97
98
36
91
56
59
6
34
47
67
25
38
85
16
24
26
52
7
40
11
19
63
70
88
42
29
32
55
58
89
84
3
49
3
49
44
71
54
51
72
15
28
41
75
53
0
75
12
20
90
35
43
77
74
14
33 79
22 33
10 22
10 93
18 93
18 23
23 45
45 68
50 68
13 50
5 13
5 30
30 46
30 46
30 31
31 92
60 92
21 60
21 73
73 94
78 94
61 78
9 61
9 39
39 80
4 80
1 4
1 2
2 37
37 96
87 96
48 87
48 81
81 95
86 95
82 86
37 82
37 62
62 64
64 65
65 76
27 76
17 27
17 66
8 66
8 83
69 83
69 99
57 99
57 97
97 98
36 98
36 91
56 91
56 59
6 59
6 34
34 47
47 67
25 67
25 38
38 85
16 85
16 24
24 26
26 52
7 52
7 40
11 40
11 19
19 63
63 70
70 88
42 88
29 42
29 32
32 55
55 58
58 89
84 89
3 84
3 49
3 49
3 49
44 49
44 71
54 71
51 54
51 72
15 72
15 28
28 41
41 75
53 75
0 53
0 75
12 75
12 20
20 90
35 90
35 43
43 77
74 77
14 74
14 79
