106 106 1022
70
97
72
64
50
98
57
89
35
90
85
77
15
95
0
7
0
9
82
78
75
47
88
4
81
34
38
66
65
43
87
25
66
39
44
96
48
41
63
2
3
84
30
23
54
83
11
37
40
61
1
14
69
49
36
8
29
45
62
80
51
18
21
17
21
67
32
28
31
5
60
5
60
5
60
93
92
56
19
76
99
74
13
42
27
73
12
22
55
6
86
53
20
46
24
33
94
52
91
68
16
71
59
79
26
58
70 97
72 97
64 72
50 64
50 98
57 98
57 89
35 89
35 90
85 90
77 85
15 77
15 95
0 95
0 7
0 7
0 9
9 82
78 82
75 78
47 75
47 88
4 88
4 81
34 81
34 38
38 66
65 66
43 65
43 87
25 87
25 66
39 66
39 44
44 96
48 96
41 48
41 63
2 63
2 3
3 84
30 84
23 30
23 54
54 83
11 83
11 37
37 40
40 61
1 61
1 14
14 69
49 69
36 49
8 36
8 29
29 45
45 62
62 80
51 80
18 51
18 21
17 21
17 21
21 67
32 67
28 32
28 31
5 31
5 60
5 60
5 60
5 60
5 60
60 93
92 93
56 92
19 56
19 76
76 99
74 99
13 74
13 42
27 42
27 73
12 73
12 22
22 55
6 55
6 86
53 86
20 53
20 46
24 46
24 33
33 94
52 94
52 91
68 91
16 68
16 71
59 71
59 79
26 79
26 58
58 70
