96 96 1386
0
1
2
3
4
5
6
7
8
9
10
11
12
13
14
15
16
17
18
19
20
21
22
23
24
25
26
27
28
29
30
31
32
33
34
35
36
37
38
39
40
41
42
43
44
45
46
48
49
51
52
53
54
55
56
57
58
59
60
61
62
63
64
65
66
67
68
69
70
71
72
74
75
76
77
78
79
80
81
82
83
84
85
86
87
88
90
91
92
93
94
95
96
97
98
99
0 28
0 69
1 37
1 78
2 36
2 53
3 49
3 65
4 21
4 64
5 28
5 79
6 27
6 41
7 14
7 23
8 10
8 38
9 81
9 85
10 38
11 17
11 98
12 34
12 97
13 55
13 66
14 30
15 37
15 57
16 46
16 56
17 85
18 27
18 80
19 78
19 84
20 42
20 83
21 97
22 42
22 44
23 82
24 44
24 99
25 83
25 94
26 91
26 92
29 54
29 65
30 59
31 60
31 88
32 39
32 60
33 86
33 98
34 88
35 72
35 95
36 75
39 43
40 62
40 76
41 81
43 92
45 53
45 86
46 74
48 56
48 70
49 84
51 64
51 90
52 66
52 67
54 74
55 77
57 93
58 91
58 93
59 62
61 63
61 96
63 96
67 87
68 72
68 95
69 79
70 77
71 82
71 99
75 76
80 90
87 94
