Error code = 10013
Unable to write to file './output/N100D0.3K10T1P0.5/model.lp'

89 89 1547
0
2
3
4
5
6
7
8
9
11
12
13
14
15
16
17
18
20
21
22
24
25
26
27
28
29
30
31
32
33
34
35
37
38
39
40
41
42
43
44
45
46
47
48
49
50
51
53
55
56
57
58
59
60
62
63
64
65
67
68
69
70
71
72
73
74
75
76
77
78
79
80
81
82
83
84
85
87
88
89
90
91
92
93
94
95
96
97
99
0 71
0 89
2 31
2 85
3 65
3 99
4 26
4 28
5 35
5 62
6 40
6 70
7 69
7 76
8 16
8 60
9 80
9 83
11 42
11 48
12 29
12 78
13 24
13 88
14 74
14 97
15 73
15 77
16 60
17 87
17 91
18 68
18 82
20 41
20 63
21 33
21 77
22 55
22 57
24 42
25 64
25 97
26 33
27 56
27 80
28 79
29 53
30 37
30 50
31 49
32 47
32 58
34 47
34 50
35 55
37 75
38 43
38 84
39 73
39 90
40 41
43 44
44 74
45 69
45 94
46 62
46 84
48 88
49 85
51 81
51 95
53 63
56 59
57 67
58 71
59 83
64 96
65 99
67 75
68 93
70 90
72 76
72 92
78 93
79 95
81 89
82 91
87 96
92 94
