89 89 1049
0
1
2
3
4
5
6
7
8
9
10
11
12
14
16
17
18
19
20
21
22
23
24
25
26
27
28
29
30
31
32
33
34
35
36
37
38
39
40
41
44
45
46
47
49
51
52
53
54
55
56
58
59
60
61
62
63
64
65
66
67
68
69
71
72
73
74
75
77
78
79
80
82
83
84
85
86
87
88
89
90
91
92
93
94
96
97
98
99
0 29
0 90
1 5
1 66
2 64
2 68
3 53
3 77
4 5
4 19
6 62
6 71
7 40
7 74
8 71
8 92
9 73
9 84
10 27
10 82
11 18
11 31
12 77
12 89
14 60
14 88
16 52
16 67
17 32
17 65
18 80
19 87
20 51
20 58
21 24
21 85
22 33
22 64
23 25
23 96
24 98
25 35
26 86
26 87
27 69
28 44
28 75
29 39
30 63
30 96
31 59
32 60
33 62
34 63
34 78
35 67
36 47
36 51
37 91
37 94
38 45
38 46
39 45
40 68
41 74
41 97
44 66
46 49
47 80
49 56
52 83
53 89
54 91
54 94
55 72
55 97
56 92
58 99
59 99
61 75
61 79
65 88
69 72
73 84
78 83
79 93
82 86
85 98
90 93
