100 100 1078
0
1
2
3
4
5
6
7
8
9
10
11
12
13
14
15
16
17
18
19
20
21
22
23
24
25
26
27
28
29
30
31
32
33
34
35
36
37
38
39
40
41
42
43
44
45
46
47
48
49
50
51
52
53
54
55
56
57
58
59
60
61
62
63
64
65
66
67
68
69
70
71
72
73
74
75
76
77
78
79
80
81
82
83
84
85
86
87
88
89
90
91
92
93
94
95
96
97
98
99
0 49
0 99
1 8
1 97
2 64
2 66
3 31
3 88
4 6
4 42
5 11
5 72
6 60
7 80
7 92
8 54
9 61
9 72
10 79
10 96
11 12
12 61
13 27
13 39
14 34
14 65
15 20
15 42
16 24
16 60
17 27
17 37
18 66
18 85
19 57
19 69
20 94
21 26
21 36
22 33
22 96
23 28
23 84
24 85
25 43
25 81
26 35
28 90
29 53
29 97
30 70
30 71
31 32
32 38
33 44
34 89
35 67
36 59
37 65
38 55
39 64
40 56
40 90
41 74
41 87
43 56
44 79
45 91
45 99
46 62
46 95
47 52
47 62
48 59
48 98
49 91
50 86
50 89
51 68
51 77
52 92
53 78
54 78
55 75
57 69
58 63
58 82
63 82
67 86
68 83
70 71
73 93
73 94
74 75
76 77
76 80
81 84
83 98
87 93
88 95
