88 88 1027
0
1
2
3
4
5
7
8
9
10
11
12
13
14
15
16
17
18
19
21
22
23
25
26
27
28
29
30
32
33
34
35
36
37
38
39
40
43
44
45
46
47
49
50
51
52
54
55
57
58
59
60
61
62
63
65
66
67
68
69
70
71
72
73
75
76
77
78
79
80
81
82
83
84
85
86
87
88
89
90
91
92
93
94
95
97
98
99
0 25
0 36
1 76
1 88
2 35
2 55
3 50
3 89
4 62
4 65
5 43
5 51
7 67
7 73
8 43
8 71
9 14
9 27
10 18
10 47
11 14
11 44
12 69
12 72
13 40
13 45
15 33
15 97
16 52
16 77
17 49
17 60
18 81
19 59
19 99
21 46
21 87
22 34
22 71
23 72
23 92
25 99
26 60
26 84
27 70
28 38
28 86
29 51
29 79
30 67
30 69
32 37
32 44
33 86
34 92
35 61
36 75
37 88
38 97
39 45
39 90
40 91
46 94
47 54
49 84
50 98
52 68
54 90
55 57
57 83
58 70
58 82
59 87
61 93
62 78
63 66
63 98
65 76
66 93
68 83
73 80
75 85
77 80
78 95
79 81
82 95
85 94
89 91
