50 50 2777
94
123
129
62
23
154
167
52
190
141
164
43
163
74
134
194
101
183
24
131
158
58
189
142
171
44
99
90
126
176
76
192
7
33
93
188
91
148
0
79
66
85
68
151
104
184
48
185
29
63
94 123
123 129
62 129
23 62
23 154
154 167
52 167
52 190
141 190
141 164
43 164
43 163
74 163
74 134
134 194
101 194
101 183
24 183
24 131
131 158
58 158
58 189
142 189
142 171
44 171
44 99
90 99
90 126
126 176
76 176
76 192
7 192
7 33
33 93
93 188
91 188
91 148
0 148
0 79
66 79
66 85
68 85
68 151
104 151
104 184
48 184
48 185
29 185
29 63
63 94
