197 197 1202
0
1
2
3
4
5
6
7
8
9
10
11
12
13
14
15
16
17
18
19
20
21
22
23
24
26
27
28
29
30
31
32
33
34
35
36
37
38
39
40
41
42
43
44
45
46
47
48
49
50
51
52
53
54
55
56
57
58
59
60
61
62
63
64
65
66
67
68
69
70
71
72
73
74
75
76
77
78
79
80
81
82
83
84
85
86
87
88
89
90
91
92
93
94
95
96
97
98
99
100
101
102
103
104
105
106
107
108
109
110
111
112
113
114
115
116
117
118
119
120
121
122
123
124
125
126
127
128
129
130
131
132
133
134
135
136
137
138
139
140
141
142
143
144
145
146
147
148
149
150
151
152
153
154
155
156
157
158
159
160
162
163
164
165
166
167
168
169
171
172
173
174
175
176
177
178
179
180
181
182
183
184
185
186
187
188
189
190
191
192
193
194
195
196
197
198
199
0 37
0 143
1 18
1 193
2 100
2 197
3 73
3 77
4 17
4 199
5 118
5 143
6 58
6 91
7 46
7 62
8 101
8 104
9 33
9 60
10 45
10 187
11 80
11 140
12 50
12 87
13 66
13 183
14 42
14 63
15 81
15 188
16 79
16 103
17 71
18 176
19 48
19 96
20 137
20 150
21 154
21 175
22 82
22 93
23 40
23 109
24 97
24 157
26 31
26 162
27 88
27 168
28 73
28 102
29 113
29 156
30 134
30 153
31 81
32 45
32 74
33 72
34 68
34 191
35 51
35 159
36 90
36 169
37 64
38 94
38 195
39 49
39 146
40 61
41 99
41 157
42 63
43 96
43 125
44 124
44 164
46 78
47 120
47 149
48 177
49 146
50 131
51 186
52 112
52 198
53 129
53 172
54 98
54 144
55 90
55 191
56 125
56 139
57 106
57 122
58 91
59 129
59 172
60 72
61 83
62 184
64 126
65 116
65 130
66 76
67 69
67 189
68 169
69 178
70 74
70 145
71 188
75 85
75 103
76 145
77 144
78 148
79 85
80 140
82 135
83 98
84 133
84 178
86 95
86 192
87 130
88 136
89 123
89 156
92 115
92 166
93 108
94 199
95 117
97 187
99 183
100 160
101 104
102 190
105 160
105 185
106 113
107 128
107 148
108 111
109 192
110 123
110 151
111 173
112 186
114 118
114 121
115 155
116 181
117 133
119 158
119 167
120 182
121 141
122 189
124 164
126 150
127 147
127 182
128 155
131 136
132 134
132 196
135 173
137 193
138 171
138 179
139 179
141 163
142 163
142 166
147 171
149 194
151 168
152 176
152 194
153 165
154 175
158 185
159 198
162 174
165 196
167 197
174 190
177 181
180 184
180 195
