Error code = 10013
Unable to write to file './output/N100D0.5K5T0P0.5/model.lp'

98 98 1121
0
1
2
3
4
5
6
7
8
9
10
11
12
13
14
16
17
18
19
20
21
22
23
24
25
26
27
28
29
30
31
32
33
34
35
36
37
38
39
40
41
42
43
44
46
47
48
49
50
51
52
53
54
55
56
57
58
59
60
61
62
63
64
65
66
67
68
69
70
71
72
73
74
75
76
77
78
79
80
81
82
83
84
85
86
87
88
89
90
91
92
93
94
95
96
97
98
99
0 50
0 67
1 40
1 51
2 21
2 26
3 71
3 84
4 63
4 69
5 35
5 65
6 36
6 80
7 9
7 54
8 56
8 66
9 22
10 16
10 72
11 38
11 52
12 29
12 57
13 57
13 85
14 59
14 61
16 55
17 18
17 59
18 91
19 37
19 75
20 86
20 99
21 47
22 23
23 25
24 54
24 79
25 64
26 60
27 41
27 43
28 88
28 97
29 48
30 70
30 90
31 74
31 86
32 71
32 98
33 49
33 75
34 64
34 84
35 93
36 78
37 56
38 46
39 40
39 90
41 47
42 62
42 82
43 61
44 91
44 95
46 65
48 89
49 76
50 67
51 63
52 79
53 70
53 97
55 72
58 73
58 99
60 94
62 83
66 96
68 76
68 92
69 95
73 81
74 87
77 88
77 94
78 85
80 87
81 82
83 98
89 93
92 96
