Error code = 10013
Unable to write to file './output/N50D07K0T0P1/model.lp'

50 50 653
0
1
2
3
4
5
6
7
8
9
10
11
12
13
14
15
16
17
18
19
20
21
22
23
24
25
26
27
28
29
30
31
32
33
34
35
36
37
38
39
40
41
42
43
44
45
46
47
48
49
0 41
0 44
1 10
1 48
2 4
2 27
3 19
3 46
4 20
5 32
5 49
6 16
6 21
7 8
7 35
8 39
9 24
9 25
10 24
11 22
11 29
12 28
12 35
13 14
13 33
14 36
15 21
15 38
16 31
17 22
17 38
18 26
18 42
19 23
20 30
23 36
25 43
26 42
27 44
28 33
29 49
30 40
31 40
32 46
34 39
34 47
37 41
37 45
43 47
45 48
