100 100 937
0
1
2
3
4
5
6
7
8
9
10
11
12
13
14
15
16
17
18
19
20
21
22
23
24
25
26
27
28
29
30
31
32
33
34
35
36
37
38
39
40
41
42
43
44
45
46
47
48
49
50
51
52
53
54
55
56
57
58
59
60
61
62
63
64
65
66
67
68
69
70
71
72
73
74
75
76
77
78
79
80
81
82
83
84
85
86
87
88
89
90
91
92
93
94
95
96
97
98
99
0 2
0 88
1 21
1 96
2 69
3 43
3 48
4 41
4 49
5 76
5 85
6 39
6 95
7 31
7 66
8 24
8 75
9 34
9 69
10 30
10 92
11 54
11 93
12 50
12 65
13 77
13 79
14 18
14 19
15 56
15 60
16 44
16 87
17 36
17 82
18 28
19 79
20 48
20 52
21 84
22 36
22 78
23 45
23 95
24 73
25 53
25 57
26 35
26 51
27 63
27 67
28 92
29 38
29 82
30 66
31 47
32 42
32 45
33 86
33 99
34 40
35 65
37 43
37 85
38 58
39 46
40 77
41 49
42 62
44 74
46 62
47 78
50 58
51 81
52 90
53 83
54 94
55 59
55 97
56 60
57 68
59 70
61 80
61 89
63 98
64 84
64 96
67 94
68 83
70 97
71 86
71 99
72 76
72 81
73 75
74 87
80 91
88 91
89 93
90 98
