96 96 1464
0
1
2
3
4
5
6
7
8
10
11
12
13
14
15
16
17
18
19
20
21
22
23
24
25
26
27
28
29
30
31
32
33
34
35
36
37
38
39
40
41
42
43
44
45
46
47
48
49
50
51
52
53
54
55
56
57
58
59
60
61
62
63
64
65
66
67
68
70
71
72
73
74
75
76
77
78
80
81
82
83
84
85
86
87
88
89
90
91
92
93
94
95
96
98
99
0 4
0 75
1 10
1 20
2 82
2 91
3 30
3 74
4 7
5 50
5 76
6 46
6 80
7 76
8 25
8 55
10 19
11 61
11 86
12 43
12 60
13 22
13 71
14 34
14 38
15 78
15 93
16 62
16 93
17 45
17 54
18 54
18 58
19 72
20 48
21 25
21 59
22 51
23 31
23 33
24 61
24 63
26 29
26 66
27 62
27 94
28 36
28 58
29 91
30 78
31 73
32 40
32 98
33 73
34 57
35 46
35 75
36 83
37 64
37 74
38 81
39 63
39 88
40 52
41 52
41 56
42 57
42 68
43 53
44 56
44 77
45 70
47 85
47 87
48 96
49 55
49 96
50 51
53 60
59 92
64 77
65 98
65 99
66 82
67 68
67 89
70 89
71 95
72 86
80 90
81 92
83 84
84 99
85 95
87 88
90 94
