100 100 912
0
1
2
3
4
5
6
7
8
9
10
11
12
13
14
15
16
17
18
19
20
21
22
23
24
25
26
27
28
29
30
31
32
33
34
35
36
37
38
39
40
41
42
43
44
45
46
47
48
49
50
51
52
53
54
55
56
57
58
59
60
61
62
63
64
65
66
67
68
69
70
71
72
73
74
75
76
77
78
79
80
81
82
83
84
85
86
87
88
89
90
91
92
93
94
95
96
97
98
99
0 78
0 97
1 5
1 31
2 37
2 86
3 6
3 18
4 26
4 62
5 92
6 94
7 74
7 84
8 34
8 80
9 22
9 74
10 35
10 72
11 68
11 84
12 49
12 98
13 23
13 29
14 92
14 93
15 41
15 72
16 61
16 87
17 20
17 43
18 41
19 21
19 47
20 25
21 50
22 69
23 89
24 30
24 63
25 38
26 66
27 56
27 67
28 77
28 86
29 56
30 91
31 93
32 71
32 83
33 59
33 82
34 65
35 90
36 70
36 94
37 54
38 88
39 51
39 81
40 71
40 75
42 44
42 45
43 62
44 45
46 52
46 57
47 99
48 80
48 99
49 73
50 53
51 61
52 96
53 88
54 76
55 77
55 79
57 96
58 78
58 95
59 68
60 69
60 75
63 64
64 83
65 73
66 85
67 87
70 90
76 95
79 82
81 85
89 91
97 98
