68 68 941
16
38
0
39
28
20
13
20
16
35
16
35
42
6
1
8
19
9
49
17
30
47
30
18
31
18
40
2
27
32
24
44
37
44
24
32
43
46
33
25
45
48
41
29
14
2
11
10
11
10
26
36
15
34
3
23
2
18
38
21
5
21
7
12
4
22
16
35
16 38
0 38
0 39
28 39
20 28
13 20
13 20
16 20
16 35
16 35
16 35
35 42
6 42
1 6
1 8
8 19
9 19
9 49
17 49
17 30
30 47
30 47
18 30
18 31
18 31
18 40
2 40
2 27
27 32
24 32
24 44
37 44
37 44
24 44
24 32
32 43
43 46
33 46
25 33
25 45
45 48
41 48
29 41
14 29
2 14
2 11
10 11
10 11
10 11
10 26
26 36
15 36
15 34
3 34
3 23
2 23
2 18
18 38
21 38
5 21
5 21
7 21
7 12
4 12
4 22
16 22
16 35
16 35
