63 63 1319
81
67
46
38
65
90
70
66
30
57
30
33
98
40
20
74
59
28
9
5
41
45
69
51
47
13
24
13
23
28
59
71
53
68
55
39
64
36
37
80
14
80
17
0
21
29
11
61
50
61
92
54
18
32
8
50
34
79
35
4
26
86
22
67 81
46 67
38 46
38 65
65 90
70 90
66 70
30 66
30 57
30 57
30 33
33 98
40 98
20 40
20 74
59 74
28 59
9 28
5 9
5 41
41 45
45 69
51 69
47 51
13 47
13 24
13 24
13 23
23 28
28 59
59 71
53 71
53 68
55 68
39 55
39 64
36 64
36 37
37 80
14 80
14 80
17 80
0 17
0 21
21 29
11 29
11 61
50 61
50 61
61 92
54 92
18 54
18 32
8 32
8 50
34 50
34 79
35 79
4 35
4 26
26 86
22 86
22 81
