177 177 2064
0
1
2
3
4
5
6
7
8
10
11
12
13
15
16
17
18
19
20
21
22
23
24
25
26
27
28
31
32
33
34
35
37
38
39
40
41
42
44
45
46
47
48
49
51
53
54
55
56
57
59
60
61
62
63
64
65
66
67
68
69
70
71
72
73
74
75
77
78
79
80
81
82
84
85
86
87
88
89
90
91
92
93
95
96
97
98
99
100
101
102
103
104
105
107
109
110
111
112
113
114
115
116
117
118
119
120
121
122
123
124
126
127
128
129
130
131
132
133
134
135
136
137
138
139
140
141
142
143
144
146
147
148
150
151
152
154
156
157
158
159
160
161
162
164
166
167
168
169
170
171
173
174
175
176
177
178
179
180
181
182
183
184
185
186
187
188
189
190
192
193
194
195
196
197
198
199
0 28
0 78
1 135
1 199
2 116
2 164
3 57
3 110
4 151
4 187
5 53
5 62
6 12
6 111
7 10
7 144
8 11
8 71
10 20
11 189
12 126
13 57
13 133
15 132
15 169
16 26
16 182
17 19
17 131
18 54
18 195
19 140
20 84
21 44
21 126
22 171
22 173
23 33
23 158
24 122
24 178
25 97
25 103
26 93
27 102
27 154
28 31
31 161
32 66
32 75
33 59
34 40
34 167
35 150
35 198
37 118
37 175
38 148
38 184
39 48
39 101
40 86
41 74
41 96
42 56
42 70
44 170
45 84
45 198
46 80
46 138
47 51
47 179
48 158
49 81
49 123
51 67
53 162
54 177
55 100
55 103
56 131
59 144
60 186
60 189
61 104
61 107
62 194
63 105
63 188
64 115
64 121
65 89
65 175
66 183
67 190
68 92
68 160
69 122
69 170
70 130
71 199
72 91
72 114
73 142
73 173
74 112
75 95
77 152
77 168
78 194
79 147
79 181
80 85
81 193
82 115
82 167
85 176
86 91
87 138
87 181
88 105
88 196
89 180
90 129
90 177
92 188
93 169
95 104
96 187
97 143
98 141
98 161
99 120
99 185
100 148
101 134
102 190
107 141
109 119
109 183
110 117
111 120
112 179
113 150
113 159
114 129
116 186
117 124
118 164
119 166
121 123
124 128
127 139
127 176
128 156
130 192
132 139
133 137
134 192
135 160
136 157
136 174
137 197
140 178
142 166
143 182
146 174
146 195
147 156
151 193
152 157
154 196
159 197
162 180
168 184
171 185
