50 100 673
0
1
2
3
4
5
6
7
8
9
10
11
12
13
14
15
16
17
18
19
20
21
22
23
24
25
26
27
28
29
30
31
32
33
34
35
36
37
38
39
40
41
42
43
44
45
46
47
48
49
0 2
0 2
0 13
0 13
1 44
1 44
1 46
1 46
2 32
2 32
3 18
3 18
3 40
3 40
4 14
4 14
4 33
4 33
5 8
5 8
5 47
5 47
6 18
6 18
6 38
6 38
7 42
7 42
7 45
7 45
8 15
8 15
9 48
9 48
9 49
9 49
10 35
10 35
10 48
10 48
11 28
11 28
11 49
11 49
12 20
12 20
12 41
12 41
13 33
13 33
14 44
14 44
15 30
15 30
16 19
16 19
16 23
16 23
17 27
17 27
17 37
17 37
19 36
19 36
20 34
20 34
21 31
21 31
21 42
21 42
22 32
22 32
22 43
22 43
23 27
23 27
24 25
24 25
24 34
24 34
25 26
25 26
26 40
26 40
28 37
28 37
29 39
29 39
29 43
29 43
30 41
30 41
31 35
31 35
36 46
36 46
38 45
38 45
39 47
39 47
