65 65 1145
49
21
49
44
3
46
9
7
28
5
6
39
15
8
35
19
43
10
43
35
26
31
13
45
43
47
17
20
17
47
43
10
37
25
11
25
12
23
16
23
22
36
1
38
14
2
24
33
32
34
40
42
27
4
27
30
29
0
29
48
18
41
21
49
9
21 49
21 49
44 49
3 44
3 46
9 46
7 9
7 28
5 28
5 6
6 39
15 39
8 15
8 35
19 35
19 43
10 43
10 43
35 43
26 35
26 31
13 31
13 45
43 45
43 47
17 47
17 20
17 20
17 47
43 47
10 43
10 37
25 37
11 25
11 25
12 25
12 23
16 23
16 23
22 23
22 36
1 36
1 38
14 38
2 14
2 24
24 33
32 33
32 34
34 40
40 42
27 42
4 27
4 27
27 30
29 30
0 29
0 29
29 48
18 48
18 41
21 41
21 49
9 49
9 49
