228 228 1723
58
78
58
169
126
162
126
15
48
135
14
130
131
89
45
54
92
71
5
96
165
125
161
3
77
3
77
3
161
3
72
7
128
81
128
147
74
173
112
116
163
143
187
2
142
44
90
127
90
127
137
142
167
153
22
31
22
50
52
83
65
101
65
12
152
144
198
40
110
146
179
146
179
170
103
156
159
156
18
86
151
171
194
111
190
111
63
87
174
87
178
53
140
119
117
108
36
175
34
115
149
20
134
64
85
24
6
102
97
122
43
35
61
105
109
195
106
13
113
32
41
46
181
8
157
73
120
73
150
67
136
160
57
21
57
133
16
33
123
197
186
95
26
68
26
59
82
59
176
121
88
139
94
62
51
104
39
76
114
66
172
124
172
164
132
118
70
56
42
23
177
30
155
28
47
184
11
79
182
93
148
158
69
1
176
55
107
49
154
91
129
25
168
188
145
29
189
29
185
60
38
19
193
75
17
196
17
138
180
9
98
9
99
84
191
27
100
183
37
192
10
166
0
141
199
4
126
80
58 78
58 78
58 169
126 169
126 162
126 162
15 126
15 48
48 135
14 135
14 130
130 131
89 131
45 89
45 54
54 92
71 92
5 71
5 96
96 165
125 165
125 161
3 161
3 77
3 77
3 77
3 77
3 161
3 161
3 72
7 72
7 128
81 128
81 128
128 147
74 147
74 173
112 173
112 116
116 163
143 163
143 187
2 187
2 142
44 142
44 90
90 127
90 127
90 127
127 137
137 142
142 167
153 167
22 153
22 31
22 31
22 50
50 52
52 83
65 83
65 101
65 101
12 65
12 152
144 152
144 198
40 198
40 110
110 146
146 179
146 179
146 179
170 179
103 170
103 156
156 159
156 159
18 156
18 86
86 151
151 171
171 194
111 194
111 190
111 190
63 111
63 87
87 174
87 174
87 178
53 178
53 140
119 140
117 119
108 117
36 108
36 175
34 175
34 115
115 149
20 149
20 134
64 134
64 85
24 85
6 24
6 102
97 102
97 122
43 122
35 43
35 61
61 105
105 109
109 195
106 195
13 106
13 113
32 113
32 41
41 46
46 181
8 181
8 157
73 157
73 120
73 120
73 150
67 150
67 136
136 160
57 160
21 57
21 57
57 133
16 133
16 33
33 123
123 197
186 197
95 186
26 95
26 68
26 68
26 59
59 82
59 82
59 176
121 176
88 121
88 139
94 139
62 94
51 62
51 104
39 104
39 76
76 114
66 114
66 172
124 172
124 172
164 172
132 164
118 132
70 118
56 70
42 56
23 42
23 177
30 177
30 155
28 155
28 47
47 184
11 184
11 79
79 182
93 182
93 148
148 158
69 158
1 69
1 176
55 176
55 107
49 107
49 154
91 154
91 129
25 129
25 168
168 188
145 188
29 145
29 189
29 189
29 185
60 185
38 60
19 38
19 193
75 193
17 75
17 196
17 196
17 138
138 180
9 180
9 98
9 98
9 99
84 99
84 191
27 191
27 100
100 183
37 183
37 192
10 192
10 166
0 166
0 141
141 199
4 199
4 126
80 126
58 80
