Error code = 10013
Unable to write to file './output/N100D0.7K20T0P0.5/model.lp'

91 91 920
0
1
2
3
4
5
6
7
8
9
11
12
13
14
15
16
17
18
19
20
21
22
23
24
25
26
27
29
30
31
33
34
35
36
37
38
39
40
41
42
43
44
45
46
47
48
49
50
51
52
53
54
55
56
57
58
59
60
63
64
65
66
67
68
69
70
71
73
75
76
77
78
79
80
82
83
84
85
87
88
89
90
91
92
93
94
95
96
97
98
99
0 56
0 63
1 29
1 77
2 43
2 44
3 7
3 83
4 43
4 69
5 48
5 82
6 31
6 51
7 16
8 19
8 87
9 20
9 76
11 42
11 49
12 13
12 78
13 78
14 19
14 75
15 53
15 66
16 94
17 67
17 99
18 47
18 55
20 75
21 24
21 52
22 41
22 57
23 68
23 92
24 59
25 47
25 53
26 33
26 66
27 73
27 98
29 37
30 36
30 40
31 51
33 48
34 64
34 79
35 88
35 91
36 93
37 38
38 50
39 67
39 99
40 60
41 64
42 46
44 45
45 89
46 83
49 77
50 71
52 54
54 59
55 69
56 65
57 71
58 65
58 96
60 84
63 97
68 70
70 97
73 98
76 95
79 92
80 82
80 96
84 93
85 90
85 95
87 94
88 91
89 90
