199 199 1519
0
1
2
3
4
5
6
7
8
9
10
11
12
13
14
15
16
17
18
19
20
21
22
23
24
25
26
27
28
29
30
31
32
33
34
35
36
37
38
39
40
41
42
43
44
45
46
47
48
49
50
51
52
53
54
55
56
57
58
59
60
61
62
63
64
65
66
67
68
69
70
71
72
73
74
75
76
77
78
79
80
81
82
83
84
85
86
87
88
89
90
91
92
93
94
95
96
97
98
99
100
101
102
103
104
105
106
107
108
109
110
111
112
113
114
115
116
117
118
119
120
121
122
123
124
125
126
127
128
129
130
131
132
133
134
135
136
138
139
140
141
142
143
144
145
146
147
148
149
150
151
152
153
154
155
156
157
158
159
160
161
162
163
164
165
166
167
168
169
170
171
172
173
174
175
176
177
178
179
180
181
182
183
184
185
186
187
188
189
190
191
192
193
194
195
196
197
198
199
0 1
0 55
1 9
2 37
2 192
3 17
3 21
4 86
4 170
5 61
5 144
6 133
6 162
7 27
7 130
8 184
8 190
9 119
10 70
10 113
11 177
11 189
12 39
12 40
13 143
13 153
14 42
14 56
15 171
15 190
16 21
16 138
17 139
18 105
18 117
19 97
19 107
20 123
20 132
22 83
22 159
23 120
23 174
24 94
24 146
25 59
25 73
26 44
26 82
27 130
28 48
28 157
29 67
29 188
30 140
30 169
31 46
31 97
32 101
32 103
33 168
33 181
34 71
34 107
35 36
35 169
36 136
37 82
38 68
38 175
39 194
40 79
41 58
41 92
42 108
43 70
43 161
44 99
45 51
45 105
46 168
47 197
47 198
48 74
49 112
49 161
50 53
50 180
51 122
52 118
52 164
53 180
54 156
54 176
55 78
56 108
57 92
57 148
58 193
59 163
60 91
60 110
61 79
62 133
62 162
63 65
63 72
64 119
64 148
65 74
66 125
66 172
67 122
68 160
69 155
69 198
71 131
72 87
73 117
75 87
75 165
76 102
76 103
77 89
77 102
78 175
80 181
80 193
81 99
81 199
83 135
84 141
84 196
85 127
85 136
86 126
88 149
88 195
89 124
90 104
90 156
91 118
93 114
93 126
94 100
95 154
95 182
96 160
96 192
98 110
98 144
100 151
101 132
104 182
106 114
106 187
109 138
109 196
111 113
111 167
112 183
115 131
115 154
116 127
116 187
120 157
121 164
121 183
123 185
124 129
125 194
128 158
128 185
129 195
134 171
134 184
135 142
139 178
140 150
141 178
142 166
143 145
145 179
146 173
147 167
147 191
149 165
150 179
151 186
152 155
152 189
153 177
158 174
159 199
163 166
170 172
173 186
176 188
191 197
