95 95 1407
0
1
2
3
4
5
6
7
8
9
10
11
12
13
14
15
16
17
18
19
20
21
22
23
24
25
26
27
28
29
30
31
32
33
34
35
36
37
38
40
41
42
44
46
47
48
49
50
51
52
53
54
55
56
57
58
59
60
61
62
63
64
65
66
67
68
69
70
71
72
74
76
77
78
79
80
81
82
83
84
85
86
87
88
89
90
91
92
93
94
95
96
97
98
99
0 2
0 92
1 52
1 76
2 83
3 96
3 97
4 58
4 72
5 71
5 84
6 27
6 58
7 26
7 42
8 51
8 82
9 92
9 94
10 23
10 46
11 61
11 74
12 19
12 99
13 82
13 93
14 28
14 63
15 30
15 63
16 38
16 64
17 48
17 94
18 41
18 87
19 90
20 59
20 96
21 53
21 61
22 38
22 64
23 70
24 86
24 87
25 34
25 55
26 90
27 59
28 54
29 32
29 80
30 98
31 40
31 79
32 36
33 60
33 98
34 55
35 89
35 91
36 84
37 49
37 57
40 83
41 97
42 50
44 50
44 85
46 70
47 57
47 60
48 81
49 95
51 66
52 67
53 77
54 72
56 69
56 79
62 65
62 69
65 81
66 77
67 86
68 88
68 91
71 78
74 80
76 93
78 85
88 89
95 99
