98 98 798
0
1
2
3
4
5
6
7
9
10
11
12
13
14
15
16
17
18
19
20
21
22
23
24
25
26
27
28
29
30
31
32
33
34
35
36
37
38
39
40
41
42
43
44
45
46
47
48
49
50
51
52
53
54
55
56
57
58
59
60
61
62
63
64
65
66
67
68
69
70
71
72
73
74
75
76
77
78
79
80
81
82
83
84
85
87
88
89
90
91
92
93
94
95
96
97
98
99
0 43
0 57
1 31
1 72
2 17
2 27
3 64
3 77
4 39
4 45
5 13
5 53
6 23
6 54
7 44
7 65
9 57
9 99
10 33
10 64
11 14
11 69
12 40
12 44
13 22
14 78
15 27
15 82
16 31
16 80
17 62
18 30
18 92
19 84
19 90
20 23
20 35
21 61
21 83
22 55
24 95
24 96
25 87
25 91
26 28
26 71
28 38
29 59
29 75
30 88
32 60
32 68
33 58
34 84
34 93
35 54
36 42
36 71
37 56
37 66
38 74
39 46
40 59
41 47
41 78
42 89
43 74
45 46
47 70
48 73
48 87
49 81
49 82
50 98
50 99
51 65
51 75
52 66
52 97
53 58
55 79
56 94
60 68
61 83
62 89
63 88
63 92
67 73
67 91
69 85
70 85
72 76
76 80
77 81
79 95
90 93
94 97
96 98
