198 198 1245
0
1
2
3
4
5
6
7
8
9
10
11
12
13
14
15
16
17
18
19
20
21
22
23
24
25
26
27
28
29
30
31
32
33
34
35
36
37
38
39
40
41
42
43
44
45
46
47
48
49
50
51
52
53
54
55
56
57
58
59
60
61
62
63
64
65
66
67
68
69
70
71
72
73
74
75
76
77
78
79
80
81
82
83
84
85
86
87
88
89
90
91
92
93
95
96
97
98
100
101
102
103
104
105
106
107
108
109
110
111
112
113
114
115
116
117
118
119
120
121
122
123
124
125
126
127
128
129
130
131
132
133
134
135
136
137
138
139
140
141
142
143
144
145
146
147
148
149
150
151
152
153
154
155
156
157
158
159
160
161
162
163
164
165
166
167
168
169
170
171
172
173
174
175
176
177
178
179
180
181
182
183
184
185
186
187
188
189
190
191
192
193
194
195
196
197
198
199
0 20
0 101
1 31
1 100
2 20
2 126
3 41
3 88
4 37
4 143
5 56
5 146
6 36
6 177
7 91
7 109
8 61
8 179
9 164
9 197
10 15
10 93
11 86
11 165
12 44
12 116
13 45
13 106
14 74
14 103
15 76
16 81
16 110
17 72
17 191
18 72
18 123
19 24
19 89
21 188
21 193
22 119
22 140
23 41
23 62
24 89
25 48
25 147
26 34
26 59
27 51
27 63
28 79
28 114
29 97
29 101
30 115
30 169
31 189
32 92
32 166
33 139
33 178
34 46
35 157
35 178
36 117
37 134
38 176
38 198
39 79
39 153
40 120
40 152
42 90
42 180
43 44
43 185
45 177
46 187
47 96
47 141
48 77
49 127
49 175
50 53
50 67
51 82
52 156
52 185
53 191
54 151
54 192
55 75
55 122
56 146
57 64
57 70
58 67
58 167
59 176
60 61
60 137
62 180
63 80
64 199
65 108
65 136
66 149
66 190
68 102
68 186
69 80
69 116
70 88
71 85
71 172
73 151
73 194
74 161
75 138
76 93
77 182
78 158
78 183
81 184
82 84
83 91
83 109
84 165
85 118
86 142
87 131
87 155
90 190
92 149
95 120
95 187
96 105
97 138
98 119
98 140
100 166
102 186
103 130
104 121
104 179
105 174
106 172
107 145
107 188
108 147
110 170
111 162
111 196
112 126
112 163
113 150
113 160
114 129
115 130
117 169
118 154
121 132
122 162
123 128
124 144
124 154
125 133
125 183
127 175
128 159
129 135
131 155
132 157
133 148
134 143
135 173
136 141
137 171
139 171
142 156
144 192
145 196
148 158
150 160
152 168
153 159
161 173
163 195
164 197
167 181
168 194
170 184
174 193
181 198
182 199
189 195
