87 87 907
1
2
3
4
5
6
7
8
9
10
11
12
14
15
16
17
19
20
22
23
24
25
26
28
29
30
31
32
33
34
35
36
37
38
39
40
41
42
43
44
45
46
47
48
49
50
51
52
53
54
55
57
58
59
60
61
62
63
64
65
66
67
69
70
71
72
73
74
75
76
77
78
79
80
81
83
84
88
90
91
92
93
94
95
96
97
99
1 6
1 64
2 60
2 62
3 16
3 83
4 32
4 65
5 25
5 71
6 72
7 46
7 84
8 19
8 50
9 31
9 78
10 53
10 66
11 49
11 94
12 23
12 26
14 38
14 77
15 22
15 28
16 67
17 52
17 74
19 50
20 35
20 64
22 78
23 24
24 47
25 51
26 31
28 54
29 58
29 66
30 55
30 69
32 65
33 37
33 94
34 41
34 88
35 63
36 44
36 99
37 61
38 93
39 59
39 96
40 81
40 96
41 95
42 52
42 76
43 53
43 97
44 70
45 63
45 72
46 91
47 90
48 92
48 99
49 57
51 71
54 57
55 69
58 88
59 83
60 62
61 95
67 80
70 73
73 80
74 91
75 79
75 97
76 84
77 93
79 92
81 90
