202 202 1361
155
178
38
23
135
174
118
13
88
5
80
107
6
144
3
98
0
50
151
120
104
160
100
27
100
57
11
56
58
8
36
83
130
77
20
153
47
31
37
1
140
189
65
177
105
78
22
72
102
103
172
127
26
179
176
109
142
109
186
35
165
28
152
79
2
133
91
4
138
106
94
10
108
185
193
76
110
184
164
180
126
188
124
134
9
45
64
21
136
74
113
125
122
154
141
194
175
196
17
156
162
60
39
145
115
81
73
182
24
19
146
87
30
62
190
29
46
121
187
159
139
195
101
40
111
44
33
197
167
63
61
92
129
131
158
166
42
34
128
85
137
16
157
147
168
192
82
112
15
75
70
48
117
97
66
150
169
67
14
84
93
132
149
7
198
161
86
12
173
71
54
96
89
69
59
143
68
148
41
53
18
99
32
170
163
183
191
95
43
52
25
114
49
171
123
116
90
181
199
119
51
55
155 178
38 178
23 38
23 135
135 174
118 174
13 118
13 88
5 88
5 80
80 107
6 107
6 144
3 144
3 98
0 98
0 50
50 151
120 151
104 120
104 160
100 160
27 100
27 100
57 100
11 57
11 56
56 58
8 58
8 36
36 83
83 130
77 130
20 77
20 153
47 153
31 47
31 37
1 37
1 140
140 189
65 189
65 177
105 177
78 105
22 78
22 72
72 102
102 103
103 172
127 172
26 127
26 179
176 179
109 176
109 142
109 142
109 186
35 186
35 165
28 165
28 152
79 152
2 79
2 133
91 133
4 91
4 138
106 138
94 106
10 94
10 108
108 185
185 193
76 193
76 110
110 184
164 184
164 180
126 180
126 188
124 188
124 134
9 134
9 45
45 64
21 64
21 136
74 136
74 113
113 125
122 125
122 154
141 154
141 194
175 194
175 196
17 196
17 156
156 162
60 162
39 60
39 145
115 145
81 115
73 81
73 182
24 182
19 24
19 146
87 146
30 87
30 62
62 190
29 190
29 46
46 121
121 187
159 187
139 159
139 195
101 195
40 101
40 111
44 111
33 44
33 197
167 197
63 167
61 63
61 92
92 129
129 131
131 158
158 166
42 166
34 42
34 128
85 128
85 137
16 137
16 157
147 157
147 168
168 192
82 192
82 112
15 112
15 75
70 75
48 70
48 117
97 117
66 97
66 150
150 169
67 169
14 67
14 84
84 93
93 132
132 149
7 149
7 198
161 198
86 161
12 86
12 173
71 173
54 71
54 96
89 96
69 89
59 69
59 143
68 143
68 148
41 148
41 53
18 53
18 99
32 99
32 170
163 170
163 183
183 191
95 191
43 95
43 52
25 52
25 114
49 114
49 171
123 171
116 123
90 116
90 181
181 199
119 199
51 119
51 55
55 155
