100 100 1108
0
1
2
3
4
5
6
7
8
9
10
11
12
13
14
15
16
17
18
19
20
21
22
23
24
25
26
27
28
29
30
31
32
33
34
35
36
37
38
39
40
41
42
43
44
45
46
47
48
49
50
51
52
53
54
55
56
57
58
59
60
61
62
63
64
65
66
67
68
69
70
71
72
73
74
75
76
77
78
79
80
81
82
83
84
85
86
87
88
89
90
91
92
93
94
95
96
97
98
99
0 20
0 57
1 52
1 79
2 25
2 90
3 59
3 80
4 69
4 73
5 29
5 69
6 14
6 65
7 63
7 88
8 13
8 84
9 26
9 40
10 30
10 80
11 40
11 58
12 51
12 99
13 75
14 72
15 28
15 46
16 39
16 89
17 28
17 64
18 49
18 92
19 41
19 93
20 37
21 32
21 96
22 31
22 38
23 48
23 79
24 26
24 83
25 97
27 96
27 99
29 32
30 43
31 77
33 36
33 56
34 43
34 71
35 64
35 88
36 57
37 72
38 74
39 97
41 70
42 50
42 61
44 85
44 90
45 87
45 93
46 81
47 60
47 78
48 53
49 67
50 65
51 70
52 58
53 84
54 67
54 74
55 94
55 98
56 63
59 75
60 95
61 68
62 78
62 98
66 82
66 94
68 85
71 76
73 86
76 92
77 81
82 89
83 91
86 95
87 91
