81 81 1373
0
1
2
3
4
5
6
7
8
10
11
12
14
15
16
17
19
20
21
22
23
25
26
27
28
29
30
31
32
33
34
36
38
40
41
42
45
46
47
48
49
50
51
52
54
55
56
58
59
60
62
63
64
65
66
67
68
69
70
71
72
74
75
76
77
78
79
80
82
83
84
86
89
90
92
93
94
96
97
98
99
0 7
0 77
1 19
1 98
2 15
2 27
3 30
3 75
4 8
4 74
5 23
5 71
6 45
6 58
7 15
8 84
10 16
10 41
11 25
11 42
12 51
12 90
14 31
14 64
16 21
17 25
17 38
19 86
20 94
20 99
21 93
22 67
22 78
23 36
26 34
26 71
27 38
28 55
28 84
29 56
29 62
30 75
31 67
32 64
32 72
33 45
33 97
34 70
36 70
40 54
40 77
41 92
42 83
46 50
46 63
47 80
47 94
48 55
48 99
49 59
49 96
50 52
51 79
52 89
54 83
56 62
58 69
59 68
60 63
60 89
65 76
65 78
66 74
66 80
68 96
69 82
72 76
79 93
82 92
86 98
90 97
