227 227 1791
99
62
93
95
55
4
18
116
6
134
169
17
192
75
81
75
83
32
48
30
128
23
84
23
63
8
143
44
21
113
137
22
102
74
176
100
125
100
159
198
100
158
166
72
78
104
172
114
104
58
82
107
109
13
155
13
151
69
141
149
136
173
195
12
5
70
152
174
16
5
12
5
105
47
29
119
7
139
86
135
120
138
197
160
97
188
123
56
85
59
101
41
168
185
168
110
14
2
112
80
145
51
161
148
122
37
31
46
36
91
9
165
24
177
28
117
39
79
129
108
167
98
57
106
71
106
154
179
181
88
181
154
3
40
162
150
19
150
126
66
121
92
27
92
183
52
170
194
170
52
187
52
45
167
67
1
130
164
147
53
153
182
42
68
42
180
15
115
133
124
35
196
73
140
33
191
171
156
64
111
157
199
38
186
60
0
189
127
178
127
11
146
34
131
118
184
190
26
79
49
132
77
103
157
111
157
65
163
96
89
50
90
76
87
62
10
20
61
175
193
25
62
144
142
54
94
43
62 99
62 93
93 95
55 95
4 55
4 18
18 116
6 116
6 134
134 169
17 169
17 192
75 192
75 81
75 81
75 83
32 83
32 48
30 48
30 128
23 128
23 84
23 84
23 63
8 63
8 143
44 143
21 44
21 113
113 137
22 137
22 102
74 102
74 176
100 176
100 125
100 125
100 159
159 198
100 198
100 158
158 166
72 166
72 78
78 104
104 172
114 172
104 114
58 104
58 82
82 107
107 109
13 109
13 155
13 155
13 151
69 151
69 141
141 149
136 149
136 173
173 195
12 195
5 12
5 70
70 152
152 174
16 174
5 16
5 12
5 12
5 105
47 105
29 47
29 119
7 119
7 139
86 139
86 135
120 135
120 138
138 197
160 197
97 160
97 188
123 188
56 123
56 85
59 85
59 101
41 101
41 168
168 185
168 185
110 168
14 110
2 14
2 112
80 112
80 145
51 145
51 161
148 161
122 148
37 122
31 37
31 46
36 46
36 91
9 91
9 165
24 165
24 177
28 177
28 117
39 117
39 79
79 129
108 129
108 167
98 167
57 98
57 106
71 106
71 106
106 154
154 179
179 181
88 181
88 181
154 181
3 154
3 40
40 162
150 162
19 150
19 150
126 150
66 126
66 121
92 121
27 92
27 92
92 183
52 183
52 170
170 194
170 194
52 170
52 187
52 187
45 52
45 167
67 167
1 67
1 130
130 164
147 164
53 147
53 153
153 182
42 182
42 68
42 68
42 180
15 180
15 115
115 133
124 133
35 124
35 196
73 196
73 140
33 140
33 191
171 191
156 171
64 156
64 111
111 157
157 199
38 199
38 186
60 186
0 60
0 189
127 189
127 178
127 178
11 127
11 146
34 146
34 131
118 131
118 184
184 190
26 190
26 79
49 79
49 132
77 132
77 103
103 157
111 157
111 157
65 157
65 163
96 163
89 96
50 89
50 90
76 90
76 87
62 87
10 62
10 20
20 61
61 175
175 193
25 193
25 62
62 144
142 144
54 142
54 94
43 94
43 99
