50 108 933
0
1
2
3
4
5
6
7
8
9
10
11
12
13
14
15
16
17
18
19
20
21
22
23
24
25
26
27
28
29
30
31
32
33
34
35
36
37
38
39
40
41
42
43
44
45
46
47
48
49
0 7
0 7
0 47
0 47
1 11
1 11
1 35
1 35
2 18
2 18
2 26
2 26
3 20
3 20
3 37
3 37
4 6
4 6
4 43
4 43
5 6
5 6
5 48
5 48
7 40
7 40
8 46
8 46
8 49
8 49
9 2
2 29
2 29
9 2
2 29
29 37
29 37
10 16
10 16
10 16
16 33
16 33
11 25
11 25
12 19
12 19
12 45
12 45
13 15
13 15
13 30
13 30
14 34
14 34
14 45
14 45
15 19
15 19
16 47
16 47
17 25
17 25
17 49
17 49
18 28
18 28
20 22
20 22
21 23
21 23
21 38
21 38
22 36
22 36
23 44
23 44
24 34
24 34
24 40
24 40
26 2
2 29
2 29
27 41
41 31
41 31
27 41
27 41
28 1
1 42
1 42
30 44
30 44
31 39
31 39
32 36
32 36
32 38
32 38
33 39
33 39
35 1
1 42
1 42
41 48
41 48
43 46
43 46
