100 100 1037
0
1
2
3
4
5
6
7
8
9
10
11
12
13
14
15
16
17
18
19
20
21
22
23
24
25
26
27
28
29
30
31
32
33
34
35
36
37
38
39
40
41
42
43
44
45
46
47
48
49
50
51
52
53
54
55
56
57
58
59
60
61
62
63
64
65
66
67
68
69
70
71
72
73
74
75
76
77
78
79
80
81
82
83
84
85
86
87
88
89
90
91
92
93
94
95
96
97
98
99
0 65
0 88
1 13
1 27
2 29
2 71
3 45
3 58
4 14
4 30
5 60
5 89
6 21
6 78
7 60
7 69
8 11
8 84
9 24
9 95
10 20
10 61
11 79
12 80
12 87
13 47
14 57
15 52
15 73
16 24
16 26
17 85
17 90
18 21
18 77
19 22
19 46
20 48
22 53
23 70
23 89
25 32
25 62
26 85
27 59
28 64
28 96
29 51
30 50
31 43
31 68
32 43
33 38
33 51
34 49
34 87
35 40
35 75
36 73
36 83
37 76
37 86
38 97
39 91
39 98
40 75
41 55
41 67
42 50
42 61
44 48
44 93
45 56
46 53
47 78
49 99
52 83
54 63
54 82
55 71
56 58
57 66
59 97
62 81
63 98
64 96
65 88
66 92
67 77
68 93
69 80
70 72
72 99
74 81
74 94
76 91
79 84
82 94
86 92
90 95
