73 73 916
0
1
3
4
6
7
8
9
10
11
12
13
14
18
19
20
21
22
23
26
27
28
29
30
31
32
33
34
35
38
39
40
42
47
48
50
51
52
53
54
58
59
60
61
62
63
64
65
67
68
69
70
73
75
76
77
78
79
80
81
82
84
85
86
87
88
89
90
91
92
93
97
98
0 33
0 52
1 90
1 93
3 27
3 50
4 19
4 40
6 7
6 87
7 68
8 23
8 84
9 67
9 85
10 68
10 82
11 52
11 80
12 22
12 23
13 18
13 97
14 22
14 26
18 21
19 50
20 30
20 65
21 86
26 38
27 80
28 54
28 92
29 39
29 40
30 88
31 48
31 61
32 53
32 78
33 88
34 35
34 53
35 48
38 78
39 73
42 76
42 77
47 62
47 91
51 59
51 93
54 79
58 59
58 77
60 85
60 98
61 98
62 70
63 82
63 84
64 65
64 92
67 75
69 86
69 91
70 87
73 90
75 81
76 97
79 89
81 89
