95 95 1594
0
1
2
3
4
5
6
7
8
9
10
11
12
13
15
16
17
18
19
20
21
22
23
24
25
26
27
28
29
30
31
32
33
34
35
36
37
38
39
40
41
42
43
44
45
46
47
48
50
51
52
53
54
55
56
57
58
59
60
61
62
63
64
65
66
67
68
69
70
71
72
73
74
75
77
78
79
80
81
82
83
84
85
86
87
88
90
91
92
93
94
95
96
97
98
0 45
0 77
1 86
1 97
2 5
2 16
3 39
3 66
4 12
4 80
5 36
6 7
6 55
7 55
8 21
8 54
9 20
9 52
10 30
10 71
11 18
11 68
12 53
13 67
13 95
15 16
15 47
17 18
17 28
19 75
19 81
20 96
21 68
22 57
22 67
23 96
23 98
24 65
24 70
25 44
25 63
26 61
26 74
27 33
27 48
28 74
29 43
29 46
30 77
31 34
31 41
32 39
32 71
33 79
34 60
35 47
35 79
36 58
37 42
37 69
38 52
38 92
40 44
40 95
41 81
42 69
43 91
45 88
46 72
48 72
50 57
50 66
51 86
51 94
53 82
54 82
56 70
56 93
58 64
59 62
59 87
60 75
61 80
62 73
63 73
64 84
65 91
78 84
78 90
83 85
83 94
85 93
87 98
88 97
90 92
