100 100 1584
0
1
2
3
4
5
6
7
8
9
10
11
12
13
14
15
16
17
18
19
20
21
22
23
24
25
26
27
28
29
30
31
32
33
34
35
36
37
38
39
40
41
42
43
44
45
46
47
48
49
50
51
52
53
54
55
56
57
58
59
60
61
62
63
64
65
66
67
68
69
70
71
72
73
74
75
76
77
78
79
80
81
82
83
84
85
86
87
88
89
90
91
92
93
94
95
96
97
98
99
0 24
0 95
1 69
1 87
2 66
2 74
3 32
3 78
4 45
4 63
5 37
5 41
6 42
6 50
7 38
7 67
8 48
8 49
9 11
9 93
10 43
10 92
11 57
12 18
12 85
13 31
13 91
14 22
14 28
15 81
15 82
16 50
16 86
17 34
17 96
18 76
19 54
19 55
20 42
20 70
21 48
21 82
22 64
23 25
23 93
24 40
25 87
26 64
26 83
27 61
27 75
28 59
29 72
29 92
30 47
30 70
31 77
32 85
33 51
33 60
34 40
35 44
35 98
36 66
36 95
37 47
38 65
39 62
39 83
41 57
43 94
44 97
45 80
46 53
46 84
49 59
51 68
52 58
52 91
53 99
54 56
55 79
56 84
58 76
60 62
61 88
63 89
65 86
67 71
68 90
69 99
71 73
72 73
74 80
75 79
77 90
78 96
81 98
88 89
94 97
