200 200 1263
0
1
2
3
4
5
6
7
8
9
10
11
12
13
14
15
16
17
18
19
20
21
22
23
24
25
26
27
28
29
30
31
32
33
34
35
36
37
38
39
40
41
42
43
44
45
46
47
48
49
50
51
52
53
54
55
56
57
58
59
60
61
62
63
64
65
66
67
68
69
70
71
72
73
74
75
76
77
78
79
80
81
82
83
84
85
86
87
88
89
90
91
92
93
94
95
96
97
98
99
100
101
102
103
104
105
106
107
108
109
110
111
112
113
114
115
116
117
118
119
120
121
122
123
124
125
126
127
128
129
130
131
132
133
134
135
136
137
138
139
140
141
142
143
144
145
146
147
148
149
150
151
152
153
154
155
156
157
158
159
160
161
162
163
164
165
166
167
168
169
170
171
172
173
174
175
176
177
178
179
180
181
182
183
184
185
186
187
188
189
190
191
192
193
194
195
196
197
198
199
0 100
0 112
1 25
1 162
2 9
2 139
3 48
3 197
4 182
4 196
5 38
5 77
6 39
6 44
7 49
7 151
8 75
8 178
9 113
10 31
10 173
11 73
11 165
12 98
12 197
13 56
13 67
14 32
14 37
15 157
15 185
16 23
16 161
17 64
17 72
18 20
18 111
19 35
19 132
20 37
21 66
21 176
22 119
22 143
23 114
24 167
24 186
25 120
26 147
26 162
27 86
27 131
28 97
28 171
29 105
29 170
30 53
30 59
31 102
32 41
33 34
33 134
34 102
35 96
36 50
36 57
38 142
39 187
40 112
40 136
41 145
42 86
42 92
43 83
43 99
44 140
45 70
45 90
46 138
46 193
47 177
47 195
48 180
49 107
50 194
51 65
51 73
52 119
52 160
53 144
54 62
54 104
55 61
55 115
56 95
57 194
58 114
58 124
59 91
60 87
60 111
61 193
62 79
63 82
63 89
64 94
65 80
66 179
67 188
68 164
68 174
69 79
69 168
70 93
71 83
71 199
72 143
74 99
74 133
75 144
76 82
76 191
77 185
78 177
78 190
80 139
81 98
81 141
84 159
84 181
85 88
85 192
87 152
88 172
89 136
90 132
91 96
92 183
93 155
94 100
95 166
97 123
101 187
101 198
103 163
103 167
104 168
105 189
106 108
106 148
107 125
108 179
109 117
109 181
110 137
110 141
113 146
115 126
116 155
116 183
117 159
118 126
118 149
120 190
121 131
121 161
122 150
122 169
123 138
124 171
125 137
127 129
127 191
128 149
128 175
129 151
130 133
130 134
135 156
135 184
140 198
142 174
145 146
147 156
148 163
150 169
152 164
153 173
153 175
154 158
154 176
157 160
158 189
165 199
166 186
170 172
178 188
180 192
182 196
184 195
