196 196 1506
0
1
2
3
4
5
6
7
8
9
10
11
12
13
14
15
16
17
18
19
20
21
22
23
24
25
26
27
28
29
30
31
32
33
34
35
36
37
38
39
40
41
42
43
44
45
46
47
48
49
50
51
52
53
54
55
56
57
58
59
60
61
62
63
64
65
66
67
68
69
70
71
72
73
74
75
77
78
79
80
81
82
83
84
85
86
87
88
89
90
91
92
93
94
95
96
97
98
99
100
101
102
103
104
105
106
107
108
109
110
111
112
113
114
115
116
117
118
119
120
121
122
123
124
125
126
127
128
129
130
132
133
134
135
137
138
139
140
141
143
144
145
146
147
148
149
150
151
152
153
154
155
156
157
158
159
160
161
162
163
164
165
166
167
168
169
170
171
172
173
174
175
176
177
178
179
180
181
182
183
184
185
186
187
188
189
190
191
192
193
194
195
196
197
198
199
0 129
0 154
1 169
1 178
2 7
2 155
3 126
3 179
4 67
4 192
5 25
5 164
6 59
6 126
7 168
8 37
8 82
9 93
9 192
10 91
10 115
11 22
11 88
12 50
12 58
13 115
13 163
14 68
14 133
15 168
15 184
16 87
16 187
17 133
17 158
18 30
18 43
19 24
19 72
20 81
20 128
21 29
21 175
22 92
23 111
23 156
24 73
25 191
26 80
26 100
27 92
27 157
28 59
28 179
29 151
30 121
31 113
31 151
32 100
32 159
33 85
33 172
34 72
34 138
35 40
35 167
36 87
36 119
37 166
38 117
38 189
39 112
39 132
40 155
41 139
41 188
42 123
42 147
43 101
44 96
44 137
45 79
45 95
46 180
46 182
47 63
47 181
48 83
48 150
49 116
49 172
50 58
51 91
51 196
52 89
52 146
53 69
53 193
54 56
54 60
55 99
55 157
56 158
57 81
57 109
60 103
61 153
61 154
62 83
62 190
63 108
64 94
64 144
65 135
65 159
66 98
66 170
67 73
68 114
69 161
70 95
70 162
71 89
71 130
74 140
74 147
75 150
75 186
77 191
77 198
78 106
78 194
79 102
80 123
82 194
84 141
84 185
85 128
86 143
86 199
88 176
90 110
90 173
93 190
94 118
96 178
97 106
97 120
98 173
99 195
101 160
102 112
103 198
104 127
104 162
105 175
105 197
107 116
107 187
108 145
109 134
110 170
111 125
113 183
114 124
117 145
118 144
119 167
120 166
121 135
122 149
122 171
124 193
125 188
127 180
129 182
130 165
132 148
134 189
137 148
138 153
139 152
140 181
141 169
143 199
146 174
149 160
152 156
161 164
163 171
165 174
176 186
177 185
177 196
183 197
184 195
