86 86 2519
156
60
169
90
176
27
9
155
130
150
48
38
148
56
112
174
125
140
159
143
141
178
94
87
4
168
115
194
99
2
121
135
54
158
8
189
70
118
133
55
79
197
106
190
177
199
165
91
127
164
35
30
163
30
154
86
93
161
34
16
175
68
162
193
105
41
53
144
69
123
191
20
157
179
76
149
116
166
63
142
40
10
15
97
107
136
60 156
60 169
90 169
90 176
27 176
9 27
9 155
130 155
130 150
48 150
38 48
38 148
56 148
56 112
112 174
125 174
125 140
140 159
143 159
141 143
141 178
94 178
87 94
4 87
4 168
115 168
115 194
99 194
2 99
2 121
121 135
54 135
54 158
8 158
8 189
70 189
70 118
118 133
55 133
55 79
79 197
106 197
106 190
177 190
177 199
165 199
91 165
91 127
127 164
35 164
30 35
30 163
30 163
30 154
86 154
86 93
93 161
34 161
16 34
16 175
68 175
68 162
162 193
105 193
41 105
41 53
53 144
69 144
69 123
123 191
20 191
20 157
157 179
76 179
76 149
116 149
116 166
63 166
63 142
40 142
10 40
10 15
15 97
97 107
107 136
136 156
