100 100 1035
0
1
2
3
4
5
6
7
8
9
10
11
12
13
14
15
16
17
18
19
20
21
22
23
24
25
26
27
28
29
30
31
32
33
34
35
36
37
38
39
40
41
42
43
44
45
46
47
48
49
50
51
52
53
54
55
56
57
58
59
60
61
62
63
64
65
66
67
68
69
70
71
72
73
74
75
76
77
78
79
80
81
82
83
84
85
86
87
88
89
90
91
92
93
94
95
96
97
98
99
0 1
0 74
1 79
2 15
2 72
3 52
3 53
4 43
4 99
5 53
5 63
6 72
6 98
7 30
7 50
8 21
8 61
9 20
9 62
10 44
10 97
11 37
11 79
12 14
12 66
13 29
13 70
14 60
15 93
16 85
16 86
17 49
17 50
18 26
18 56
19 84
19 97
20 86
21 40
22 41
22 78
23 31
23 57
24 28
24 41
25 42
25 48
26 58
27 46
27 89
28 54
29 71
30 42
31 69
32 38
32 80
33 51
33 59
34 36
34 45
35 76
35 85
36 73
37 52
38 70
39 43
39 95
40 64
44 81
45 54
46 98
47 56
47 77
48 73
49 90
51 58
55 60
55 68
57 99
59 92
61 76
62 82
63 94
64 92
65 81
65 82
66 94
67 77
67 89
68 88
69 80
71 91
74 83
75 87
75 91
78 88
83 96
84 90
87 93
95 96
