83 83 1803
18
111
138
103
121
177
152
24
140
194
126
181
50
86
102
116
65
142
70
46
189
107
163
169
3
27
184
49
118
132
191
30
182
21
84
91
148
164
141
115
196
14
183
192
76
174
22
195
72
110
72
171
55
87
101
185
197
13
186
106
162
153
139
172
178
188
5
40
180
135
154
66
190
88
10
56
74
35
124
44
47
89
167
18 111
111 138
103 138
103 121
121 177
152 177
24 152
24 140
140 194
126 194
126 181
50 181
50 86
86 102
102 116
65 116
65 142
70 142
46 70
46 189
107 189
107 163
163 169
3 169
3 27
27 184
49 184
49 118
118 132
132 191
30 191
30 182
21 182
21 84
84 91
91 148
148 164
141 164
115 141
115 196
14 196
14 183
183 192
76 192
76 174
22 174
22 195
72 195
72 110
72 110
72 171
55 171
55 87
87 101
101 185
185 197
13 197
13 186
106 186
106 162
153 162
139 153
139 172
172 178
178 188
5 188
5 40
40 180
135 180
135 154
66 154
66 190
88 190
10 88
10 56
56 74
35 74
35 124
44 124
44 47
47 89
89 167
18 167
