100 100 1076
0
1
2
3
4
5
6
7
8
9
10
11
12
13
14
15
16
17
18
19
20
21
22
23
24
25
26
27
28
29
30
31
32
33
34
35
36
37
38
39
40
41
42
43
44
45
46
47
48
49
50
51
52
53
54
55
56
57
58
59
60
61
62
63
64
65
66
67
68
69
70
71
72
73
74
75
76
77
78
79
80
81
82
83
84
85
86
87
88
89
90
91
92
93
94
95
96
97
98
99
0 74
0 78
1 5
1 41
2 19
2 54
3 13
3 48
4 31
4 56
5 41
6 18
6 20
7 26
7 86
8 45
8 90
9 31
9 58
10 28
10 63
11 72
11 88
12 42
12 75
13 61
14 19
14 82
15 69
15 87
16 36
16 45
17 92
17 98
18 93
20 30
21 25
21 79
22 62
22 82
23 32
23 46
24 38
24 92
25 88
26 96
27 86
27 96
28 58
29 49
29 89
30 56
32 70
33 34
33 94
34 66
35 38
35 76
36 90
37 57
37 79
39 74
39 78
40 50
40 65
42 43
43 75
44 60
44 67
46 72
47 61
47 62
48 99
49 83
50 77
51 59
51 77
52 53
52 87
53 63
54 67
55 60
55 73
57 85
59 73
64 80
64 98
65 93
66 94
68 70
68 84
69 99
71 76
71 80
81 91
81 97
83 89
84 97
85 95
91 95
