169 169 2297
0
1
2
3
5
7
8
9
11
12
13
15
17
18
19
20
21
22
23
24
25
28
29
30
31
32
33
35
36
37
38
39
40
42
43
44
45
46
47
49
50
51
52
54
55
56
58
59
60
61
62
63
64
65
66
67
69
71
72
73
74
75
76
77
78
79
80
83
84
85
86
87
88
90
92
93
94
95
96
97
98
99
101
102
103
105
106
107
108
109
110
112
113
115
116
117
118
119
120
121
122
123
124
125
126
127
128
129
130
131
133
134
135
136
137
138
139
140
141
142
143
144
145
146
147
148
149
150
152
153
154
156
157
158
160
161
162
163
164
165
167
168
169
170
171
172
173
174
175
176
178
179
180
182
183
185
186
187
188
189
190
191
192
194
195
196
197
198
199
0 35
0 97
1 22
1 31
2 15
2 130
3 64
3 189
5 88
5 122
7 99
7 191
8 113
8 194
9 28
9 133
11 51
11 143
12 47
12 141
13 88
13 165
15 56
17 23
17 154
18 92
18 137
19 55
19 147
20 95
20 98
21 44
21 77
22 110
23 67
24 157
24 182
25 49
25 115
28 179
29 72
29 145
30 150
30 183
31 61
32 106
32 116
33 44
33 65
35 103
36 64
36 127
37 38
37 134
38 67
39 51
39 125
40 45
40 194
42 58
42 186
43 119
43 163
45 133
46 138
46 199
47 112
49 163
50 160
50 192
52 190
52 197
54 130
54 195
55 112
56 102
58 189
59 92
59 101
60 96
60 188
61 180
62 83
62 157
63 66
63 135
65 158
66 72
69 75
69 79
71 107
71 128
73 121
73 196
74 134
74 175
75 136
76 176
76 192
77 176
78 120
78 152
79 105
80 167
80 196
83 145
84 165
84 167
85 123
85 156
86 129
86 146
87 93
87 187
90 126
90 170
93 188
94 106
94 123
95 117
96 171
97 127
98 198
99 170
101 183
102 125
103 131
105 168
107 146
108 150
108 195
109 144
109 185
110 174
113 143
115 164
116 147
117 137
118 148
118 172
119 126
120 139
121 197
122 139
124 160
124 187
128 154
129 178
131 173
135 198
136 148
138 164
140 173
140 178
141 180
142 153
142 171
144 152
149 169
149 185
153 186
156 182
158 179
161 162
161 169
162 168
172 191
174 190
175 199
