Error code = 10013
Unable to write to file './output/N50D0.5K0T1P0.5/model.lp'

50 50 717
0
1
2
3
4
5
6
7
8
9
10
11
12
13
14
15
16
17
18
19
20
21
22
23
24
25
26
27
28
29
30
31
32
33
34
35
36
37
38
39
40
41
42
43
44
45
46
47
48
49
0 3
0 31
1 14
1 38
2 19
2 37
3 44
4 10
4 41
5 15
5 28
6 9
6 13
7 18
7 42
8 25
8 34
9 30
10 20
11 15
11 18
12 24
12 39
13 48
14 46
16 27
16 47
17 25
17 34
19 49
20 21
21 36
22 40
22 47
23 41
23 49
24 32
26 40
26 43
27 38
28 45
29 35
29 46
30 48
31 44
32 45
33 37
33 39
35 42
36 43
