69 69 2752
117
7
60
18
167
145
3
149
127
125
40
82
5
143
1
198
23
98
73
183
72
10
2
115
13
194
70
137
175
14
100
17
113
95
161
9
161
76
22
79
73
6
65
99
45
99
4
119
144
118
0
29
0
47
92
12
15
20
131
88
16
169
85
8
52
141
59
18
134
7 117
7 60
18 60
18 167
145 167
3 145
3 149
127 149
125 127
40 125
40 82
5 82
5 143
1 143
1 198
23 198
23 98
73 98
73 183
72 183
10 72
2 10
2 115
13 115
13 194
70 194
70 137
137 175
14 175
14 100
17 100
17 113
95 113
95 161
9 161
9 161
76 161
22 76
22 79
73 79
6 73
6 65
65 99
45 99
45 99
4 99
4 119
119 144
118 144
0 118
0 29
0 29
0 47
47 92
12 92
12 15
15 20
20 131
88 131
16 88
16 169
85 169
8 85
8 52
52 141
59 141
18 59
18 134
117 134
