68 68 1717
95
85
75
8
73
167
113
69
90
193
22
67
194
124
43
97
0
20
87
40
102
149
87
20
140
103
91
76
110
105
100
32
99
179
138
147
81
122
86
95
126
108
55
65
131
57
29
82
78
56
78
130
44
134
12
55
37
109
25
101
127
169
49
176
112
121
119
136
85 95
75 85
8 75
8 73
73 167
113 167
69 113
69 90
90 193
22 193
22 67
67 194
124 194
43 124
43 97
0 97
0 20
20 87
40 87
40 102
102 149
87 149
20 87
20 140
103 140
91 103
76 91
76 110
105 110
100 105
32 100
32 99
99 179
138 179
138 147
81 147
81 122
86 122
86 95
95 126
108 126
55 108
55 65
65 131
57 131
29 57
29 82
78 82
56 78
56 78
78 130
44 130
44 134
12 134
12 55
37 55
37 109
25 109
25 101
101 127
127 169
49 169
49 176
112 176
112 121
119 121
119 136
95 136
