85 85 1071
0
1
2
3
4
5
6
7
8
9
10
11
12
13
14
15
16
18
19
20
21
22
24
25
26
27
28
29
31
32
33
34
35
36
37
38
42
43
44
45
46
47
49
51
52
53
54
55
57
58
59
60
61
62
63
64
65
67
68
69
70
71
72
73
74
75
76
78
79
80
81
83
84
86
87
89
90
91
92
93
94
96
97
98
99
0 6
0 26
1 53
1 71
2 16
2 58
3 27
3 52
4 24
4 57
5 70
5 75
6 60
7 75
7 89
8 70
8 94
9 22
9 29
10 47
10 59
11 35
11 83
12 18
12 20
13 36
13 87
14 33
14 93
15 32
15 54
16 64
18 55
19 76
19 99
20 71
21 51
21 72
22 74
24 42
25 45
25 62
26 96
27 35
28 60
28 97
29 89
31 37
31 91
32 42
33 68
34 43
34 92
36 67
37 73
38 45
38 62
43 96
44 78
44 98
46 69
46 84
47 90
49 63
49 68
51 53
52 86
54 65
55 78
57 81
58 64
59 93
61 69
61 84
63 98
65 90
67 87
72 92
73 91
74 97
76 99
79 80
79 83
80 86
81 94
