106 106 1151
93
1
65
24
98
64
63
66
21
99
80
99
21
45
55
92
58
92
89
86
18
28
95
27
23
82
44
43
13
32
77
74
75
8
36
46
33
0
79
85
83
40
26
59
37
69
35
4
9
62
15
96
88
90
34
57
78
71
56
87
31
73
6
67
22
76
91
97
48
3
11
70
39
3
20
81
12
7
30
10
94
14
17
29
42
52
5
61
25
53
25
72
19
50
84
51
54
84
16
60
68
49
47
41
38
2
1 93
1 65
24 65
24 98
64 98
63 64
63 66
21 66
21 99
80 99
80 99
21 99
21 45
45 55
55 92
58 92
58 92
89 92
86 89
18 86
18 28
28 95
27 95
23 27
23 82
44 82
43 44
13 43
13 32
32 77
74 77
74 75
8 75
8 36
36 46
33 46
0 33
0 79
79 85
83 85
40 83
26 40
26 59
37 59
37 69
35 69
4 35
4 9
9 62
15 62
15 96
88 96
88 90
34 90
34 57
57 78
71 78
56 71
56 87
31 87
31 73
6 73
6 67
22 67
22 76
76 91
91 97
48 97
3 48
3 11
11 70
39 70
3 39
3 20
20 81
12 81
7 12
7 30
10 30
10 94
14 94
14 17
17 29
29 42
42 52
5 52
5 61
25 61
25 53
25 53
25 72
19 72
19 50
50 84
51 84
51 54
54 84
16 84
16 60
60 68
49 68
47 49
41 47
38 41
2 38
2 93
