55 55 1776
36
50
132
114
74
158
72
139
9
94
127
152
81
154
162
83
104
15
95
148
194
66
115
69
107
151
68
153
88
13
64
194
3
140
75
180
145
78
40
99
150
160
105
89
71
63
79
134
24
25
76
129
123
67
159
36 50
50 132
114 132
74 114
74 158
72 158
72 139
9 139
9 94
94 127
127 152
81 152
81 154
154 162
83 162
83 104
15 104
15 95
95 148
148 194
66 194
66 115
69 115
69 107
107 151
68 151
68 153
88 153
13 88
13 64
64 194
3 194
3 140
75 140
75 180
145 180
78 145
40 78
40 99
99 150
150 160
105 160
89 105
71 89
63 71
63 79
79 134
24 134
24 25
25 76
76 129
123 129
67 123
67 159
36 159
