92 92 874
0
1
2
3
4
5
6
7
8
9
10
12
13
14
15
16
17
18
19
20
21
23
24
25
26
27
28
29
30
31
32
33
34
36
38
39
40
41
42
43
44
45
47
48
49
50
51
52
53
54
55
57
58
59
60
61
62
63
64
65
66
67
68
69
70
71
73
74
75
76
77
78
79
80
81
82
83
84
85
86
87
88
89
90
91
92
93
94
95
96
97
98
0 49
0 68
1 17
1 78
2 5
2 80
3 12
3 42
4 21
4 52
5 88
6 19
6 88
7 27
7 38
8 24
8 51
9 16
9 43
10 27
10 38
12 66
13 15
13 60
14 65
14 96
15 60
16 98
17 41
18 62
18 89
19 51
20 94
20 97
21 69
23 92
23 98
24 44
25 29
25 30
26 73
26 92
28 36
28 78
29 64
30 77
31 70
31 85
32 42
32 79
33 71
33 97
34 64
34 69
36 41
39 77
39 84
40 53
40 93
43 91
44 76
45 52
45 67
47 55
47 59
48 57
48 75
49 68
50 62
50 95
53 59
54 85
54 86
55 90
57 63
58 70
58 73
61 80
61 81
63 75
65 96
66 83
67 81
71 94
74 84
74 93
76 82
79 83
82 90
86 91
87 89
87 95
