97 97 1473
0
1
2
3
4
5
6
7
8
9
10
12
13
14
15
16
17
18
19
20
21
22
23
24
25
26
27
28
29
30
31
32
33
34
35
36
37
38
39
40
42
43
44
45
46
47
48
49
50
51
52
53
54
55
56
57
58
59
60
61
62
63
64
65
66
67
68
69
70
71
72
73
74
75
76
77
78
79
80
81
83
84
85
86
87
88
89
90
91
92
93
94
95
96
97
98
99
0 20
0 27
1 42
1 88
2 6
2 65
3 24
3 58
4 72
4 96
5 28
5 85
6 45
7 21
7 55
8 59
8 94
9 26
9 80
10 57
10 81
12 16
12 91
13 50
13 79
14 15
14 95
15 62
16 26
17 31
17 83
18 60
18 88
19 32
19 99
20 49
21 67
22 73
22 87
23 93
23 97
24 63
25 84
25 94
27 44
28 53
29 31
29 49
30 33
30 50
32 77
33 47
34 66
34 80
35 43
35 85
36 43
36 76
37 52
37 86
38 46
38 54
39 64
39 79
40 52
40 67
42 60
44 56
45 99
46 93
47 78
48 62
48 90
51 68
51 69
53 61
54 91
55 87
56 64
57 70
58 92
59 75
61 86
63 84
65 72
66 74
68 69
70 71
71 77
73 76
74 95
75 98
78 81
83 89
89 97
90 96
92 98
