Error code = 10013
Unable to write to file './output/N50D0.5K10T1P0.5/model.lp'

49 49 874
0
1
2
3
4
5
6
7
8
9
10
11
12
13
14
15
16
17
19
20
21
22
23
24
25
26
27
28
29
30
31
32
33
34
35
36
37
38
39
40
41
42
43
44
45
46
47
48
49
0 12
0 24
1 29
1 39
2 20
2 23
3 11
3 22
4 7
4 32
5 26
5 31
6 13
6 30
7 15
8 25
8 41
9 24
9 36
10 34
10 35
11 38
12 33
13 43
14 32
14 48
15 34
16 21
16 49
17 26
17 27
19 22
19 40
20 30
21 44
23 44
25 28
27 46
28 48
29 33
31 41
35 37
36 42
37 42
38 40
39 47
43 47
45 46
45 49
