50 104 1215
0
1
2
3
4
5
6
7
8
9
10
11
12
13
14
15
16
17
18
19
20
21
22
23
24
25
26
27
28
29
30
31
32
33
34
35
36
37
38
39
40
41
42
43
44
45
46
47
48
49
0 13
0 13
0 43
0 43
1 26
1 26
1 40
1 40
2 35
2 35
2 44
2 44
3 5
3 5
3 42
3 42
4 8
4 8
4 30
4 30
5 25
5 25
6 23
6 23
6 33
6 33
7 18
7 18
7 33
7 33
8 45
8 45
9 32
9 32
9 35
9 35
10 18
18 15
18 15
10 18
10 18
11 15
11 15
11 41
11 41
12 25
12 25
12 27
12 27
13 17
13 17
14 38
14 38
14 44
14 44
16 36
16 36
16 47
16 47
17 46
17 46
19 47
19 47
19 48
19 48
20 29
20 29
20 34
20 34
21 27
21 27
21 36
21 36
22 23
22 23
22 46
22 46
24 37
24 37
24 37
37 41
37 41
26 42
26 42
28 30
28 30
28 30
30 39
30 39
29 37
29 37
31 40
31 40
31 49
31 49
32 48
32 48
34 20
20 39
20 39
38 45
38 45
43 49
43 49
