127 127 1284
46
98
6
72
6
46
27
87
93
71
91
71
12
66
94
53
14
60
55
22
41
24
28
45
54
78
63
68
88
68
5
53
3
52
1
0
73
36
34
0
74
83
96
0
1
79
11
37
70
13
75
13
29
13
38
32
95
39
43
4
99
49
90
49
17
81
17
50
42
25
48
25
42
30
7
10
97
10
44
10
97
19
84
23
57
23
62
82
65
82
62
9
20
86
35
85
16
86
35
76
21
40
64
92
26
58
51
33
59
61
8
69
31
69
80
56
47
18
47
77
67
89
2
15
27
46
27
46 98
6 98
6 72
6 72
6 46
27 46
27 87
87 93
71 93
71 91
71 91
12 71
12 66
66 94
53 94
14 53
14 60
55 60
22 55
22 41
24 41
24 28
28 45
45 54
54 78
63 78
63 68
68 88
68 88
5 68
5 53
3 53
3 52
1 52
0 1
0 73
36 73
34 36
0 34
0 74
74 83
83 96
0 96
0 1
1 79
11 79
11 37
37 70
13 70
13 75
13 75
13 29
13 29
13 38
32 38
32 95
39 95
39 43
4 43
4 99
49 99
49 90
49 90
17 49
17 81
17 81
17 50
42 50
25 42
25 48
25 48
25 42
30 42
7 30
7 10
10 97
10 97
10 44
10 44
10 97
19 97
19 84
23 84
23 57
23 57
23 62
62 82
65 82
65 82
62 82
9 62
9 20
20 86
35 86
35 85
16 85
16 86
35 86
35 76
21 76
21 40
40 64
64 92
26 92
26 58
51 58
33 51
33 59
59 61
8 61
8 69
31 69
31 69
69 80
56 80
47 56
18 47
18 47
47 77
67 77
67 89
2 89
2 15
15 27
27 46
27 46
27 46
