94 94 1079
0
1
2
3
4
5
6
7
8
9
10
11
12
13
14
16
17
18
19
20
21
22
24
25
26
27
28
29
30
31
32
33
34
35
36
37
38
39
40
41
43
44
45
46
47
48
49
50
51
52
53
54
55
56
57
58
59
60
61
62
63
64
65
66
67
68
69
70
71
73
74
75
76
77
78
79
80
81
82
83
84
85
86
87
88
90
92
93
94
95
96
97
98
99
0 18
0 73
1 36
1 93
2 3
2 80
3 27
4 10
4 12
5 8
5 16
6 7
6 44
7 69
8 92
9 83
9 98
10 58
11 32
11 73
12 33
13 38
13 67
14 81
14 82
16 54
17 49
17 59
18 71
19 30
19 45
20 36
20 86
21 65
21 75
22 35
22 77
24 35
24 62
25 39
25 99
26 39
26 68
27 61
28 46
28 50
29 44
29 56
30 62
31 53
31 93
32 33
34 37
34 88
37 84
38 74
40 74
40 92
41 48
41 90
43 76
43 95
45 87
46 66
47 76
47 99
48 90
49 70
50 88
51 68
51 96
52 54
52 79
53 80
55 81
55 82
56 79
57 58
57 70
59 98
60 67
60 95
61 75
63 64
63 66
64 71
65 69
77 96
78 94
78 97
83 85
84 87
85 86
94 97
