100 100 1187
0
1
2
3
4
5
6
7
8
9
10
11
12
13
14
15
16
17
18
19
20
21
22
23
24
25
26
27
28
29
30
31
32
33
34
35
36
37
38
39
40
41
42
43
44
45
46
47
48
49
50
51
52
53
54
55
56
57
58
59
60
61
62
63
64
65
66
67
68
69
70
71
72
73
74
75
76
77
78
79
80
81
82
83
84
85
86
87
88
89
90
91
92
93
94
95
96
97
98
99
0 22
0 55
1 24
1 85
2 61
2 69
3 11
3 65
4 7
4 33
5 20
5 62
6 42
6 58
7 67
8 21
8 64
9 32
9 79
10 35
10 87
11 59
12 42
12 66
13 62
13 84
14 15
14 59
15 60
16 37
16 38
17 70
17 86
18 75
18 84
19 30
19 77
20 61
21 29
22 78
23 60
23 69
24 76
25 30
25 99
26 38
26 45
27 33
27 83
28 65
28 88
29 71
31 50
31 93
32 72
34 64
34 94
35 95
36 55
36 82
37 43
39 48
39 94
40 86
40 90
41 66
41 96
43 98
44 90
44 92
45 73
46 63
46 68
47 50
47 67
48 71
49 74
49 80
51 57
51 83
52 63
52 98
53 81
53 97
54 88
54 97
56 79
56 92
57 91
58 96
68 95
70 72
73 89
74 80
75 77
76 93
78 85
81 82
87 89
91 99
