97 96 863
0
1
2
3
4
6
7
8
9
10
12
13
14
15
16
17
18
19
20
21
22
23
24
25
26
27
28
29
30
31
32
33
34
35
36
37
38
39
40
41
42
43
44
45
46
47
48
49
50
51
52
53
54
55
56
57
58
59
60
61
62
63
64
65
66
67
68
69
70
71
72
73
74
75
76
77
78
79
80
82
83
84
85
86
87
88
89
90
91
92
93
94
95
96
97
98
99
0 17
0 78
1 40
1 92
2 3
2 31
3 31
4 50
4 61
6 28
6 55
7 53
7 63
8 34
8 37
10 33
10 64
12 9
13 29
13 56
14 41
14 96
15 19
15 49
16 30
16 36
17 48
18 45
18 76
19 86
20 42
20 97
21 46
21 79
22 47
22 95
23 65
23 66
24 27
24 42
25 75
25 94
26 52
26 88
27 38
28 61
29 35
30 99
32 39
32 84
33 80
34 38
35 68
36 96
37 60
39 59
40 57
41 72
43 83
43 90
44 51
44 87
45 76
46 77
47 95
48 78
49 86
50 71
51 54
52 73
53 63
54 60
55 71
56 68
57 91
58 69
58 90
59 84
62 72
62 98
64 66
65 74
67 75
67 94
69 74
70 89
70 92
73 88
77 82
79 93
80 85
82 93
83 87
85 98
89 97
91 99
