200 200 1612
0
1
2
3
4
5
6
7
8
9
10
11
12
13
14
15
16
17
18
19
20
21
22
23
24
25
26
27
28
29
30
31
32
33
34
35
36
37
38
39
40
41
42
43
44
45
46
47
48
49
50
51
52
53
54
55
56
57
58
59
60
61
62
63
64
65
66
67
68
69
70
71
72
73
74
75
76
77
78
79
80
81
82
83
84
85
86
87
88
89
90
91
92
93
94
95
96
97
98
99
100
101
102
103
104
105
106
107
108
109
110
111
112
113
114
115
116
117
118
119
120
121
122
123
124
125
126
127
128
129
130
131
132
133
134
135
136
137
138
139
140
141
142
143
144
145
146
147
148
149
150
151
152
153
154
155
156
157
158
159
160
161
162
163
164
165
166
167
168
169
170
171
172
173
174
175
176
177
178
179
180
181
182
183
184
185
186
187
188
189
190
191
192
193
194
195
196
197
198
199
0 24
0 151
1 180
1 196
2 98
2 177
3 68
3 187
4 48
4 54
5 9
5 41
6 112
6 187
7 134
7 155
8 95
8 167
9 45
10 86
10 146
11 38
11 186
12 64
12 165
13 74
13 140
14 133
14 191
15 117
15 176
16 163
16 176
17 99
17 182
18 80
18 199
19 30
19 74
20 55
20 56
21 105
21 120
22 92
22 137
23 107
23 186
24 78
25 113
25 182
26 143
26 153
27 42
27 196
28 154
28 158
29 38
29 192
30 87
31 82
31 103
32 145
32 148
33 142
33 168
34 73
34 158
35 110
35 178
36 173
36 190
37 75
37 109
39 46
39 150
40 63
40 65
41 49
42 89
43 78
43 143
44 52
44 147
45 49
46 141
47 144
47 161
48 152
50 70
50 147
51 72
51 160
52 172
53 100
53 175
54 194
55 136
56 185
57 64
57 138
58 60
58 188
59 71
59 183
60 116
61 139
61 184
62 123
62 190
63 191
65 106
66 94
66 155
67 119
67 121
68 189
69 95
69 127
70 88
71 129
72 126
73 179
75 84
76 193
76 197
77 144
77 192
79 93
79 170
80 89
81 98
81 115
82 103
83 90
83 159
84 163
85 183
85 185
86 91
87 142
88 90
91 133
92 121
93 135
94 152
96 137
96 157
97 132
97 145
99 113
100 134
101 123
101 194
102 138
102 169
104 195
104 198
105 166
106 177
107 141
108 149
108 181
109 151
110 111
111 156
112 175
114 125
114 154
115 174
116 171
117 146
118 131
118 157
119 131
120 171
122 178
122 181
124 126
124 153
125 165
127 135
128 130
128 150
129 160
130 164
132 174
136 188
139 169
140 149
148 172
156 173
159 199
161 184
162 193
162 197
164 166
167 170
168 180
179 189
195 198
