199 199 1719
0
1
2
3
4
5
6
7
8
9
10
11
12
13
14
15
16
17
18
19
20
21
22
23
24
25
26
27
28
29
30
31
32
33
34
35
36
37
38
39
40
41
42
43
44
45
46
47
48
49
50
51
52
53
54
55
56
57
58
59
60
61
63
64
65
66
67
68
69
70
71
72
73
74
75
76
77
78
79
80
81
82
83
84
85
86
87
88
89
90
91
92
93
94
95
96
97
98
99
100
101
102
103
104
105
106
107
108
109
110
111
112
113
114
115
116
117
118
119
120
121
122
123
124
125
126
127
128
129
130
131
132
133
134
135
136
137
138
139
140
141
142
143
144
145
146
147
148
149
150
151
152
153
154
155
156
157
158
159
160
161
162
163
164
165
166
167
168
169
170
171
172
173
174
175
176
177
178
179
180
181
182
183
184
185
186
187
188
189
190
191
192
193
194
195
196
197
198
199
0 29
0 103
1 82
1 189
2 118
2 177
3 19
3 186
4 140
4 149
5 15
5 39
6 91
6 115
7 83
7 142
8 78
8 98
9 188
9 194
10 79
10 105
11 12
11 175
12 96
13 54
13 161
14 15
14 116
16 81
16 177
17 69
17 114
18 95
18 102
19 173
20 93
20 196
21 84
21 180
22 106
22 176
23 107
23 112
24 42
24 134
25 67
25 138
26 69
26 170
27 60
27 198
28 30
28 71
29 128
30 32
31 121
31 182
32 97
33 50
33 146
34 159
34 195
35 84
35 99
36 46
36 94
37 61
37 70
38 63
38 129
39 60
40 124
40 146
41 184
41 187
42 92
43 110
43 151
44 85
44 152
45 88
45 172
46 106
47 137
47 181
48 118
48 163
49 89
49 112
50 174
51 59
51 93
52 192
52 197
53 86
53 148
54 110
55 58
55 120
56 80
56 102
57 169
57 170
58 168
59 178
61 133
63 83
64 115
64 157
65 74
65 122
66 81
66 119
67 103
68 73
68 161
70 172
71 178
72 117
72 153
73 100
74 158
75 94
75 196
76 121
76 132
77 89
77 147
78 143
79 165
80 148
82 152
85 111
86 113
87 141
87 192
88 107
90 92
90 150
91 193
95 184
96 145
97 164
98 116
99 175
100 179
101 182
101 191
104 143
104 153
105 169
108 145
108 199
109 164
109 198
111 183
113 166
114 186
117 119
120 190
122 138
123 135
123 144
124 137
125 155
125 162
126 168
126 185
127 158
127 171
128 187
129 167
130 136
130 179
131 151
131 195
132 176
133 156
134 162
135 171
136 160
139 181
139 191
140 166
141 183
142 190
144 159
147 154
149 173
150 193
154 194
155 188
156 199
157 174
160 167
163 189
165 197
180 185
