97 97 1060
0
1
2
4
5
6
7
8
9
10
11
12
13
14
15
16
17
18
19
20
21
22
23
24
25
26
27
28
29
30
31
32
33
34
35
36
37
38
39
40
41
42
43
44
45
46
47
48
49
50
51
52
53
54
55
56
57
58
59
60
61
62
63
64
65
66
67
68
69
70
71
72
73
74
75
76
77
78
79
80
81
82
83
84
85
86
88
90
91
92
93
94
95
96
97
98
99
0 81
0 84
1 54
1 93
2 47
2 56
4 7
4 14
5 19
5 55
6 25
6 77
7 14
8 20
8 47
9 84
9 97
10 45
10 85
11 65
11 73
12 17
12 51
13 30
13 69
15 40
15 60
16 18
16 65
17 78
18 73
19 42
20 50
21 42
21 90
22 31
22 94
23 41
23 96
24 36
24 93
25 77
26 58
26 71
27 70
27 79
28 67
28 94
29 56
29 63
30 64
31 88
32 34
32 71
33 54
33 76
34 96
35 43
35 59
36 76
37 52
37 92
38 49
38 50
39 61
39 74
40 62
41 66
43 57
44 83
44 86
45 75
46 75
46 82
48 72
48 86
49 66
51 63
52 78
53 82
53 95
55 81
57 98
58 99
59 92
60 68
61 95
62 68
64 80
67 70
69 79
72 74
80 91
83 85
88 98
90 97
91 99
