199 199 1247
0
1
2
3
4
5
6
7
8
9
10
11
12
13
14
15
16
17
18
19
20
21
22
23
24
25
26
27
28
29
30
31
32
33
34
35
36
37
38
39
40
41
42
43
44
45
46
47
48
49
50
51
52
53
54
55
56
57
58
59
60
61
62
63
64
65
66
67
68
69
70
71
72
73
74
75
76
77
78
79
80
81
82
83
84
85
86
87
88
89
90
91
92
93
94
95
96
97
98
99
100
101
102
103
104
105
106
107
108
109
110
111
112
114
115
116
117
118
119
120
121
122
123
124
125
126
127
128
129
130
131
132
133
134
135
136
137
138
139
140
141
142
143
144
145
146
147
148
149
150
151
152
153
154
155
156
157
158
159
160
161
162
163
164
165
166
167
168
169
170
171
172
173
174
175
176
177
178
179
180
181
182
183
184
185
186
187
188
189
190
191
192
193
194
195
196
197
198
199
0 38
0 76
1 40
1 126
2 147
2 173
3 49
3 146
4 59
4 88
5 49
5 118
6 183
6 191
7 53
7 112
8 29
8 44
9 62
9 153
10 90
10 180
11 37
11 52
12 28
12 138
13 88
13 93
14 122
14 148
15 23
15 65
16 116
16 174
17 51
17 197
18 30
18 89
19 22
19 46
20 59
20 117
21 98
21 185
22 162
23 74
24 133
24 134
25 39
25 197
26 110
26 170
27 90
27 100
28 138
29 134
30 89
31 103
31 120
32 115
32 171
33 164
33 191
34 36
34 111
35 175
35 193
36 111
37 141
38 172
39 139
40 147
41 159
41 163
42 73
42 84
43 83
43 92
44 108
45 132
45 176
46 162
47 72
47 93
48 161
48 196
50 143
50 184
51 129
52 158
53 104
54 102
54 168
55 77
55 131
56 196
56 198
57 75
57 193
58 102
58 146
60 105
60 118
61 125
61 172
62 164
63 128
63 176
64 96
64 97
65 179
66 151
66 156
67 91
67 168
68 145
68 182
69 79
69 82
70 140
70 166
71 109
71 181
72 169
73 190
74 135
75 178
76 155
77 154
78 114
78 142
79 80
80 94
81 125
81 160
82 94
83 153
84 123
85 117
85 156
86 155
86 177
87 91
87 152
92 108
95 120
95 192
96 188
97 107
98 167
99 144
99 199
100 116
101 109
101 194
103 192
104 112
105 124
106 141
106 190
107 199
110 150
114 195
115 149
119 126
119 174
121 136
121 157
122 124
123 130
127 165
127 187
128 132
129 150
130 179
131 135
133 183
136 157
137 142
137 186
139 166
140 152
143 178
144 175
145 182
148 184
149 169
151 171
154 158
159 163
160 177
161 198
165 187
167 194
170 188
173 180
181 185
186 189
189 195
