99 99 1529
0
1
2
3
4
5
6
7
8
9
10
11
12
13
14
15
16
17
18
19
20
21
22
23
24
25
26
27
28
29
30
31
32
33
34
35
36
37
38
39
40
41
42
43
44
45
46
47
48
49
50
51
52
53
54
55
56
58
59
60
61
62
63
64
65
66
67
68
69
70
71
72
73
74
75
76
77
78
79
80
81
82
83
84
85
86
87
88
89
90
91
92
93
94
95
96
97
98
99
0 24
0 39
1 45
1 50
2 60
2 67
3 53
3 69
4 62
4 79
5 27
5 67
6 49
6 59
7 52
7 55
8 53
8 82
9 28
9 73
10 36
10 92
11 44
11 51
12 56
12 83
13 47
13 78
14 83
14 95
15 38
15 68
16 60
16 62
17 21
17 87
18 26
18 52
19 34
19 46
20 25
20 88
21 31
22 41
22 82
23 59
23 94
24 29
25 95
26 85
27 97
28 32
29 91
30 71
30 84
31 89
32 63
33 35
33 58
34 36
35 99
37 76
37 80
38 98
39 76
40 78
40 96
41 73
42 64
42 86
43 66
43 74
44 94
45 61
46 92
47 99
48 56
48 88
49 58
50 93
51 65
54 64
54 96
55 75
61 66
63 70
65 97
68 89
69 71
70 74
72 75
72 85
77 91
77 93
79 86
80 90
81 87
81 98
84 90
