100 303 5498
0
1
2
3
4
5
6
7
8
9
10
11
12
13
14
15
16
17
18
19
20
21
22
23
24
25
26
27
28
29
30
31
32
33
34
35
36
37
38
39
40
41
42
43
44
45
46
47
48
49
50
51
52
53
54
55
56
57
58
59
60
61
62
63
64
65
66
67
68
69
70
71
72
73
74
75
76
77
78
79
80
81
82
83
84
85
86
87
88
89
90
91
92
93
94
95
96
97
98
99
0 62
62 26
62 26
0 63
0 63
1 33
33 55
33 55
1 90
90 76
90 76
2 32
2 32
2 35
2 35
3 29
29 36
36 60
36 60
3 29
29 90
90 99
90 99
4 21
21 51
21 51
4 52
4 52
5 19
5 19
5 64
5 64
6 0
0 51
0 51
6 69
6 69
7 66
66 26
66 26
7 60
7 60
8 78
78 77
77 14
77 14
8 78
78 4
4 52
4 52
9 46
46 84
84 36
84 36
9 12
12 50
12 50
10 26
26 43
43 67
43 67
10 1
1 87
1 87
11 69
69 42
69 42
11 69
69 82
82 55
82 55
12 71
71 57
71 57
12 71
12 71
13 74
74 30
74 30
13 21
21 50
50 80
50 80
14 21
21 81
21 81
15 0
0 51
51 48
51 48
15 94
94 75
94 75
16 19
19 17
19 17
16 8
8 86
8 86
17 19
19 96
96 61
96 61
18 51
51 53
51 53
18 95
18 95
19 85
85 75
85 75
20 37
20 37
20 90
90 42
90 42
21 29
29 46
29 46
21 26
26 25
25 70
70 59
70 59
22 0
0 67
0 67
22 51
51 96
51 96
23 58
58 45
58 45
23 62
62 74
62 74
24 36
36 84
84 46
46 41
46 41
24 76
76 83
76 83
25 19
19 41
41 46
41 46
25 19
19 91
19 91
27 13
13 44
13 44
27 5
5 88
5 88
28 74
74 58
58 68
58 68
28 74
74 62
62 95
62 95
29 35
35 43
43 30
43 30
29 5
5 37
5 37
31 51
51 33
33 58
33 58
31 62
31 62
32 38
38 72
38 72
33 27
27 77
77 54
77 54
33 55
55 82
55 82
34 12
12 49
12 49
34 26
26 21
21 4
4 79
4 79
35 36
35 36
38 49
49 47
49 47
38 49
38 49
39 0
0 51
51 47
51 47
39 84
39 84
40 65
65 63
65 63
40 3
3 73
3 73
41 53
53 87
87 79
87 79
43 28
28 74
28 74
43 98
43 98
44 7
7 65
65 89
65 89
45 58
58 85
58 85
48 72
48 72
50 82
50 82
53 61
61 42
42 90
42 90
54 62
54 62
56 81
81 89
81 89
56 58
58 93
58 93
57 50
50 91
50 91
58 97
58 97
59 70
70 95
95 68
95 68
61 81
61 81
64 26
26 93
26 93
65 73
65 73
65 98
65 98
66 26
26 25
25 70
25 70
66 92
66 92
69 65
65 92
65 92
70 59
59 78
59 78
71 36
36 96
36 96
76 14
14 77
14 77
77 78
77 78
80 35
35 90
35 90
83 21
21 87
21 87
84 36
36 88
36 88
85 75
75 97
75 97
86 69
69 94
69 94
94 77
77 99
77 99
