199 199 1521
0
1
2
3
4
5
6
7
8
9
10
11
12
13
14
15
16
17
18
19
20
21
22
23
24
25
26
28
29
30
31
32
33
34
35
36
37
38
39
40
41
42
43
44
45
46
47
48
49
50
51
52
53
54
55
56
57
58
59
60
61
62
63
64
65
66
67
68
69
70
71
72
73
74
75
76
77
78
79
80
81
82
83
84
85
86
87
88
89
90
91
92
93
94
95
96
97
98
99
100
101
102
103
104
105
106
107
108
109
110
111
112
113
114
115
116
117
118
119
120
121
122
123
124
125
126
127
128
129
130
131
132
133
134
135
136
137
138
139
140
141
142
143
144
145
146
147
148
149
150
151
152
153
154
155
156
157
158
159
160
161
162
163
164
165
166
167
168
169
170
171
172
173
174
175
176
177
178
179
180
181
182
183
184
185
186
187
188
189
190
191
192
193
194
195
196
197
198
199
0 23
0 122
1 19
1 176
2 14
2 109
3 103
3 109
4 149
4 156
5 48
5 55
6 39
6 194
7 8
7 129
8 129
9 97
9 187
10 20
10 126
11 155
11 175
12 72
12 199
13 102
13 104
14 81
15 37
15 166
16 20
16 194
17 116
17 180
18 101
18 191
19 54
21 25
21 159
22 38
22 178
23 195
24 69
24 87
25 56
26 138
26 163
28 76
28 96
29 128
29 161
30 108
30 193
31 40
31 160
32 80
32 189
33 113
33 147
34 133
34 172
35 150
35 164
36 52
36 126
37 130
38 66
39 160
40 65
41 127
41 171
42 102
42 106
43 75
43 115
44 89
44 198
45 112
45 171
46 113
46 139
47 53
47 58
48 71
49 64
49 83
50 114
50 175
51 77
51 179
52 99
53 147
54 61
55 60
56 88
57 58
57 134
59 131
59 163
60 71
61 157
62 135
62 167
63 74
63 100
64 164
65 79
66 148
67 167
67 188
68 69
68 132
70 117
70 139
72 145
73 122
73 189
74 82
75 114
76 96
77 123
78 140
78 182
79 115
80 176
81 181
82 155
83 142
84 118
84 177
85 119
85 144
86 121
86 123
87 170
88 146
89 154
90 101
90 156
91 111
91 152
92 93
92 196
93 173
94 105
94 153
95 137
95 180
97 159
98 142
98 184
99 124
100 120
103 141
104 111
105 153
106 157
107 130
107 166
108 192
110 128
110 168
112 127
116 137
117 136
118 177
119 138
120 150
121 195
124 141
125 181
125 183
131 154
132 143
133 172
134 190
135 197
136 191
140 190
143 174
144 158
145 151
146 178
148 183
149 165
151 185
152 169
158 198
161 185
162 184
162 192
165 188
168 197
169 179
170 174
173 187
182 199
186 193
186 196
