100 100 1129
0
1
2
3
4
5
6
7
8
9
10
11
12
13
14
15
16
17
18
19
20
21
22
23
24
25
26
27
28
29
30
31
32
33
34
35
36
37
38
39
40
41
42
43
44
45
46
47
48
49
50
51
52
53
54
55
56
57
58
59
60
61
62
63
64
65
66
67
68
69
70
71
72
73
74
75
76
77
78
79
80
81
82
83
84
85
86
87
88
89
90
91
92
93
94
95
96
97
98
99
0 7
0 38
1 10
1 41
2 5
2 30
3 10
3 94
4 42
4 70
5 49
6 7
6 88
8 50
8 79
9 16
9 79
11 22
11 40
12 23
12 83
13 61
13 85
14 32
14 63
15 39
15 62
16 30
17 18
17 59
18 35
19 22
19 28
20 34
20 77
21 23
21 64
24 32
24 80
25 54
25 89
26 60
26 76
27 58
27 97
28 84
29 41
29 90
31 78
31 86
33 73
33 92
34 35
36 76
36 93
37 67
37 87
38 58
39 49
40 87
42 43
43 70
44 63
44 80
45 52
45 71
46 91
46 98
47 48
47 56
48 56
50 60
51 75
51 88
52 74
53 71
53 75
54 93
55 66
55 97
57 65
57 89
59 95
61 99
62 69
64 83
65 69
66 73
67 82
68 81
68 85
72 77
72 94
74 96
78 86
81 99
82 91
84 95
90 98
92 96
