96 96 1042
0
1
2
3
4
5
6
7
8
9
10
11
12
13
14
15
16
17
18
19
20
22
23
24
25
26
27
28
29
31
32
33
34
35
36
37
38
39
40
41
43
44
45
46
47
48
49
50
51
52
53
54
55
56
57
58
59
60
61
62
63
64
65
66
67
68
69
70
71
72
73
74
75
76
77
78
79
80
81
82
83
84
85
86
87
88
89
90
91
92
93
94
95
96
97
99
0 9
0 82
1 39
1 77
2 10
2 47
3 4
3 70
4 67
5 8
5 29
6 63
6 91
7 15
7 85
8 61
9 35
10 69
11 13
11 25
12 41
12 81
13 62
14 17
14 78
15 68
16 50
16 87
17 66
18 48
18 59
19 54
19 83
20 72
20 73
22 47
22 65
23 36
23 40
24 51
24 57
25 55
26 46
26 84
27 43
27 75
28 68
28 88
29 54
31 51
31 66
32 53
32 74
33 35
33 39
34 45
34 92
36 88
37 41
37 95
38 48
38 72
40 76
43 96
44 85
44 86
45 97
46 94
49 62
49 86
50 87
52 58
52 71
53 79
55 59
56 67
56 70
57 78
58 71
60 84
60 99
61 77
63 82
64 76
64 90
65 69
73 93
74 79
75 80
80 96
81 95
83 99
89 93
89 94
90 91
92 97
