207 207 1446
55
119
51
13
88
163
183
191
95
43
52
25
114
90
116
101
40
159
139
195
182
19
24
167
63
115
145
39
60
162
16
137
131
158
166
42
85
128
34
147
157
112
168
192
82
81
73
187
121
62
190
29
48
15
75
70
146
87
46
173
71
54
96
30
123
171
49
89
86
161
84
132
149
7
198
132
93
14
97
117
66
150
169
67
12
148
68
59
69
59
143
41
53
18
99
32
170
5
80
107
3
98
0
6
144
6
50
151
120
104
160
118
174
23
38
135
36
8
56
58
57
11
57
100
27
72
102
103
172
127
26
179
176
22
78
105
142
109
186
79
2
133
91
28
165
35
152
4
138
106
94
180
184
154
122
125
113
156
17
196
61
92
129
136
74
136
64
21
134
9
45
124
126
188
164
110
76
193
185
108
10
106
10
141
194
175
37
1
140
189
65
177
153
31
47
197
83
130
77
20
111
44
33
181
199
178
155
55 119
51 119
13 51
13 88
88 163
163 183
183 191
95 191
43 95
43 52
25 52
25 114
90 114
90 116
101 116
40 101
40 159
139 159
139 195
182 195
19 182
19 24
24 167
63 167
63 115
115 145
39 145
39 60
60 162
16 162
16 137
131 137
131 158
158 166
42 166
42 85
85 128
34 128
34 147
147 157
112 157
112 168
168 192
82 192
81 82
73 81
73 187
121 187
62 121
62 190
29 190
29 48
15 48
15 75
70 75
70 146
87 146
46 87
46 173
71 173
54 71
54 96
30 96
30 123
123 171
49 171
49 89
86 89
86 161
84 161
84 132
132 149
7 149
7 198
132 198
93 132
14 93
14 97
97 117
66 117
66 150
150 169
67 169
12 67
12 148
68 148
59 68
59 69
59 69
59 143
41 143
41 53
18 53
18 99
32 99
32 170
5 170
5 80
80 107
3 107
3 98
0 98
0 6
6 144
6 144
6 50
50 151
120 151
104 120
104 160
118 160
118 174
23 174
23 38
38 135
36 135
8 36
8 56
56 58
57 58
11 57
11 57
57 100
27 100
27 72
72 102
102 103
103 172
127 172
26 127
26 179
176 179
22 176
22 78
78 105
105 142
109 142
109 186
79 186
2 79
2 133
91 133
28 91
28 165
35 165
35 152
4 152
4 138
106 138
94 106
94 180
180 184
154 184
122 154
122 125
113 125
113 156
17 156
17 196
61 196
61 92
92 129
129 136
74 136
74 136
64 136
21 64
21 134
9 134
9 45
45 124
124 126
126 188
164 188
110 164
76 110
76 193
185 193
108 185
10 108
10 106
10 106
10 141
141 194
175 194
37 175
1 37
1 140
140 189
65 189
65 177
153 177
31 153
31 47
47 197
83 197
83 130
77 130
20 77
20 111
44 111
33 44
33 181
181 199
178 199
155 178
55 155
