68 68 1266
0
1
2
8
9
10
11
12
13
14
15
16
17
18
22
26
29
30
31
32
33
34
35
36
37
38
39
41
42
43
45
46
47
48
49
51
52
53
55
56
57
60
61
62
64
65
67
68
69
70
72
73
77
78
80
81
83
84
86
87
88
89
90
92
93
97
98
99
0 49
0 81
1 14
1 90
2 56
2 73
8 30
8 92
9 15
9 45
10 64
10 93
11 48
11 81
12 53
12 62
13 56
13 61
14 35
15 41
16 55
16 97
17 31
17 47
18 35
18 36
22 29
22 88
26 42
26 78
29 87
30 65
31 57
32 80
32 89
33 41
33 68
34 36
34 37
37 97
38 42
38 99
39 65
39 80
43 51
43 72
45 49
46 51
46 84
47 72
48 52
52 93
53 67
55 86
57 60
60 78
61 83
62 68
64 87
67 70
69 77
69 92
70 73
77 84
83 99
86 98
88 98
89 90
