Error code = 10013
Unable to write to file './output/N100D0.5K0T0P1.0/model.lp'

100 100 1131
0
1
2
3
4
5
6
7
8
9
10
11
12
13
14
15
16
17
18
19
20
21
22
23
24
25
26
27
28
29
30
31
32
33
34
35
36
37
38
39
40
41
42
43
44
45
46
47
48
49
50
51
52
53
54
55
56
57
58
59
60
61
62
63
64
65
66
67
68
69
70
71
72
73
74
75
76
77
78
79
80
81
82
83
84
85
86
87
88
89
90
91
92
93
94
95
96
97
98
99
0 43
0 56
1 16
1 96
2 57
2 93
3 4
3 87
4 35
5 36
5 96
6 25
6 62
7 10
7 12
8 60
8 80
9 30
9 86
10 68
11 14
11 90
12 26
13 43
13 51
14 26
15 59
15 68
16 97
17 92
17 98
18 39
18 86
19 73
19 87
20 60
20 67
21 67
21 71
22 46
22 65
23 79
23 89
24 64
24 73
25 28
27 37
27 88
28 69
29 45
29 62
30 82
31 54
31 71
32 57
32 70
33 38
33 77
34 49
34 99
35 78
36 38
37 90
39 63
40 41
40 98
41 84
42 55
42 81
44 75
44 97
45 69
46 81
47 61
47 83
48 52
48 92
49 58
50 53
50 89
51 95
52 55
53 80
54 61
56 91
58 99
59 94
63 76
64 95
65 66
66 83
70 85
72 77
72 94
74 85
74 93
75 88
76 82
78 84
79 91
