200 200 1594
0
1
2
3
4
5
6
7
8
9
10
11
12
13
14
15
16
17
18
19
20
21
22
23
24
25
26
27
28
29
30
31
32
33
34
35
36
37
38
39
40
41
42
43
44
45
46
47
48
49
50
51
52
53
54
55
56
57
58
59
60
61
62
63
64
65
66
67
68
69
70
71
72
73
74
75
76
77
78
79
80
81
82
83
84
85
86
87
88
89
90
91
92
93
94
95
96
97
98
99
100
101
102
103
104
105
106
107
108
109
110
111
112
113
114
115
116
117
118
119
120
121
122
123
124
125
126
127
128
129
130
131
132
133
134
135
136
137
138
139
140
141
142
143
144
145
146
147
148
149
150
151
152
153
154
155
156
157
158
159
160
161
162
163
164
165
166
167
168
169
170
171
172
173
174
175
176
177
178
179
180
181
182
183
184
185
186
187
188
189
190
191
192
193
194
195
196
197
198
199
0 89
0 139
1 49
1 52
2 85
2 113
3 143
3 187
4 68
4 175
5 12
5 30
6 117
6 191
7 42
7 124
8 34
8 192
9 128
9 178
10 145
10 161
11 90
11 148
12 118
13 33
13 109
14 154
14 156
15 78
15 164
16 94
16 184
17 70
17 142
18 53
18 137
19 86
19 96
20 24
20 152
21 69
21 77
22 38
22 71
23 88
23 186
24 82
25 46
25 172
26 57
26 177
27 31
27 133
28 46
28 176
29 108
29 132
30 167
31 182
32 131
32 190
33 43
34 79
35 58
35 170
36 129
36 135
37 115
37 160
38 106
39 104
39 147
40 54
40 83
41 123
41 146
42 155
43 109
44 60
44 165
45 91
45 160
47 113
47 184
48 61
48 164
49 51
50 105
50 193
51 162
52 120
53 83
54 114
55 85
55 166
56 148
56 149
57 87
58 170
59 119
59 196
60 159
61 158
62 87
62 144
63 74
63 138
64 152
64 174
65 124
65 173
66 104
66 171
67 81
67 140
68 175
69 147
70 195
71 162
72 96
72 141
73 116
73 177
74 138
75 151
75 187
76 149
76 185
77 108
78 150
79 154
80 98
80 183
81 140
82 169
84 99
84 127
86 103
88 95
89 114
90 119
91 186
92 153
92 197
93 115
93 120
94 185
95 112
97 121
97 168
98 183
99 198
100 130
100 171
101 107
101 110
102 168
102 176
103 173
105 125
106 194
107 141
110 150
111 134
111 182
112 179
116 169
117 190
118 167
121 125
122 153
122 157
123 199
126 129
126 189
127 145
128 157
130 144
131 196
132 142
133 155
134 172
135 163
136 137
136 180
139 188
143 178
146 179
151 197
156 192
158 199
159 165
161 198
163 189
166 191
174 194
180 188
181 193
181 195
