200 200 1457
0
1
2
3
4
5
6
7
8
9
10
11
12
13
14
15
16
17
18
19
20
21
22
23
24
25
26
27
28
29
30
31
32
33
34
35
36
37
38
39
40
41
42
43
44
45
46
47
48
49
50
51
52
53
54
55
56
57
58
59
60
61
62
63
64
65
66
67
68
69
70
71
72
73
74
75
76
77
78
79
80
81
82
83
84
85
86
87
88
89
90
91
92
93
94
95
96
97
98
99
100
101
102
103
104
105
106
107
108
109
110
111
112
113
114
115
116
117
118
119
120
121
122
123
124
125
126
127
128
129
130
131
132
133
134
135
136
137
138
139
140
141
142
143
144
145
146
147
148
149
150
151
152
153
154
155
156
157
158
159
160
161
162
163
164
165
166
167
168
169
170
171
172
173
174
175
176
177
178
179
180
181
182
183
184
185
186
187
188
189
190
191
192
193
194
195
196
197
198
199
0 13
0 47
1 39
1 167
2 51
2 95
3 76
3 166
4 71
4 85
5 21
5 61
6 33
6 124
7 70
7 142
8 22
8 141
9 141
9 197
10 44
10 187
11 16
11 172
12 80
12 132
13 31
14 20
14 153
15 18
15 60
16 184
17 100
17 111
18 177
19 47
19 146
20 143
21 31
22 101
23 87
23 107
24 78
24 84
25 64
25 151
26 147
26 156
27 116
27 156
28 133
28 158
29 115
29 133
30 79
30 136
32 179
32 183
33 184
34 118
34 194
35 63
35 190
36 42
36 196
37 140
37 160
38 108
38 113
39 46
40 115
40 171
41 77
41 153
42 84
43 94
43 117
44 137
45 111
45 179
46 167
48 161
48 183
49 110
49 176
50 168
50 175
51 105
52 162
52 174
53 161
53 185
54 154
54 186
55 163
55 164
56 145
56 180
57 122
57 134
58 76
58 99
59 186
59 191
60 177
61 92
62 137
62 150
63 87
64 174
65 93
65 171
66 159
66 197
67 110
67 120
68 86
68 109
69 77
69 192
70 126
71 85
72 86
72 132
73 83
73 94
74 83
74 103
75 143
75 192
78 196
79 102
80 109
81 169
81 185
82 120
82 176
88 188
88 199
89 128
89 173
90 136
90 147
91 99
91 166
92 124
93 169
95 155
96 139
96 152
97 130
97 193
98 102
98 195
100 116
101 123
103 139
104 107
104 189
105 125
106 119
106 144
108 128
112 148
112 149
113 165
114 138
114 157
117 152
118 190
119 164
121 189
121 198
122 129
123 195
125 155
126 142
127 165
127 199
129 170
130 193
131 150
131 172
134 181
135 148
135 149
138 157
140 160
144 163
145 178
146 168
151 187
154 191
158 159
162 175
170 181
173 188
178 180
182 194
182 198
