100 100 1094
0
1
2
3
4
5
6
7
8
9
10
11
12
13
14
15
16
17
18
19
20
21
22
23
24
25
26
27
28
29
30
31
32
33
34
35
36
37
38
39
40
41
42
43
44
45
46
47
48
49
50
51
52
53
54
55
56
57
58
59
60
61
62
63
64
65
66
67
68
69
70
71
72
73
74
75
76
77
78
79
80
81
82
83
84
85
86
87
88
89
90
91
92
93
94
95
96
97
98
99
0 11
0 46
1 14
1 60
2 22
2 94
3 15
3 81
4 66
4 85
5 10
5 52
6 9
6 88
7 53
7 78
8 87
8 89
9 51
10 44
11 88
12 50
12 71
13 26
13 91
14 18
15 35
16 46
16 57
17 35
17 96
18 31
19 70
19 98
20 21
20 43
21 39
22 31
23 57
23 99
24 67
24 75
25 52
25 81
26 80
27 70
27 90
28 38
28 68
29 48
29 91
30 41
30 98
32 33
32 79
33 34
34 77
36 45
36 84
37 75
37 83
38 95
39 71
40 63
40 80
41 66
42 45
42 58
43 92
44 72
47 54
47 65
48 64
49 67
49 95
50 92
51 55
53 69
54 68
55 64
56 62
56 73
58 84
59 76
59 96
60 97
61 76
61 77
62 90
63 85
65 99
69 78
72 73
74 82
74 86
79 87
82 86
83 97
89 93
93 94
