100 100 1617
0
1
2
3
4
5
6
7
8
9
10
11
12
13
14
15
16
17
18
19
20
21
22
23
24
25
26
27
28
29
30
31
32
33
34
35
36
37
38
39
40
41
42
43
44
45
46
47
48
49
50
51
52
53
54
55
56
57
58
59
60
61
62
63
64
65
66
67
68
69
70
71
72
73
74
75
76
77
78
79
80
81
82
83
84
85
86
87
88
89
90
91
92
93
94
95
96
97
98
99
0 44
0 84
1 40
1 41
2 21
2 45
3 8
3 60
4 7
4 8
5 41
5 74
6 36
6 77
7 73
9 35
9 85
10 34
10 64
11 20
11 86
12 65
12 79
13 69
13 96
14 84
14 85
15 27
15 90
16 50
16 66
17 43
17 44
18 62
18 95
19 55
19 68
20 22
21 22
23 30
23 76
24 51
24 86
25 54
25 67
26 38
26 59
27 45
28 29
28 55
29 81
30 68
31 50
31 82
32 47
32 52
33 63
33 64
34 66
35 75
36 65
37 89
37 90
38 91
39 47
39 71
40 92
42 75
42 76
43 54
46 52
46 70
48 53
48 57
49 93
49 96
51 80
53 72
56 69
56 98
57 87
58 94
58 95
59 61
60 81
61 87
62 73
63 97
67 92
70 83
71 78
72 79
74 99
77 78
80 98
82 89
83 91
88 94
88 99
93 97
