66 66 763
0
1
2
4
7
8
9
10
11
12
13
15
16
20
21
22
25
27
32
34
35
36
37
38
39
40
41
42
44
45
48
49
50
51
52
53
56
58
59
60
61
62
63
67
68
70
71
73
74
76
78
81
82
83
84
85
86
87
89
90
91
93
94
95
97
99
0 39
0 63
1 58
1 86
2 10
2 90
4 53
4 76
7 51
7 97
8 50
8 68
9 37
9 87
10 95
11 22
11 48
12 56
12 91
13 35
13 73
15 25
15 36
16 41
16 56
20 41
20 76
21 39
21 63
22 27
25 50
27 40
32 40
32 61
34 62
34 74
35 73
36 68
37 87
38 70
38 85
42 93
42 94
44 67
44 90
45 82
45 99
48 52
49 78
49 84
51 60
52 59
53 91
58 81
59 83
60 97
61 89
62 74
67 95
70 85
71 81
71 86
78 84
82 99
83 89
93 94
