100 100 844
0
1
2
3
4
5
6
7
8
9
10
11
12
13
14
15
16
17
18
19
20
21
22
23
24
25
26
27
28
29
30
31
32
33
34
35
36
37
38
39
40
41
42
43
44
45
46
47
48
49
50
51
52
53
54
55
56
57
58
59
60
61
62
63
64
65
66
67
68
69
70
71
72
73
74
75
76
77
78
79
80
81
82
83
84
85
86
87
88
89
90
91
92
93
94
95
96
97
98
99
0 36
0 41
1 11
1 86
2 78
2 97
3 26
3 68
4 27
4 98
5 9
5 48
6 34
6 87
7 12
7 80
8 55
8 61
9 76
10 51
10 82
11 40
12 61
13 29
13 64
14 52
14 92
15 18
15 38
16 55
16 88
17 59
17 92
18 38
19 24
19 83
20 22
20 91
21 44
21 72
22 91
23 25
23 89
24 85
25 37
26 79
27 73
28 42
28 73
29 96
30 50
30 76
31 43
31 63
32 65
32 81
33 35
33 59
34 35
36 41
37 54
39 44
39 72
40 86
42 98
43 99
45 52
45 71
46 50
46 94
47 58
47 79
48 74
49 57
49 95
51 66
53 63
53 99
54 85
56 58
56 90
57 95
60 70
60 90
62 67
62 83
64 96
65 81
66 84
67 75
68 70
69 71
69 87
74 93
75 89
77 93
77 94
78 97
80 88
82 84
