50 101 682
0
1
2
3
4
5
6
7
8
9
10
11
12
13
14
15
16
17
18
19
20
21
22
23
24
25
26
27
28
29
30
31
32
33
34
35
36
37
38
39
40
41
42
43
44
45
46
47
48
49
0 16
0 16
0 17
0 17
1 14
1 14
1 28
1 28
2 25
2 25
2 34
2 34
3 13
3 13
3 49
49 48
49 48
4 15
4 15
4 38
4 38
5 24
5 24
5 45
5 45
6 26
6 26
6 28
6 28
7 19
7 19
7 20
7 20
8 36
8 36
8 39
8 39
9 10
9 10
9 26
9 26
10 17
10 17
11 25
11 25
11 49
11 49
12 35
12 35
12 42
12 42
13 47
13 47
14 43
14 43
15 27
15 27
16 31
16 31
18 22
18 22
18 29
18 29
19 44
19 44
20 45
20 45
21 29
21 29
21 32
21 32
22 27
22 27
23 30
23 30
23 37
23 37
24 36
24 36
30 31
30 31
32 43
32 43
33 44
33 44
33 47
33 47
34 41
34 41
35 37
35 37
38 46
38 46
39 42
39 42
40 41
40 41
40 46
40 46
48 49
48 49
