59 59 931
0
1
2
3
5
7
8
9
13
14
16
20
21
22
27
28
33
34
36
37
38
42
43
45
46
47
49
50
51
52
55
56
58
59
60
61
62
63
64
65
66
67
69
74
75
81
82
83
84
85
86
87
88
89
91
92
93
96
98
0 16
0 98
1 36
1 56
2 21
2 67
3 69
3 93
5 59
5 92
7 8
7 14
8 61
9 34
9 81
13 43
13 96
14 36
16 38
20 42
20 86
21 33
22 66
22 85
27 64
27 75
28 34
28 65
33 93
37 45
37 83
38 96
42 58
43 67
45 63
46 62
46 88
47 51
47 82
49 84
49 92
50 61
50 89
51 87
52 62
52 84
55 83
55 86
56 60
58 91
59 74
60 66
63 74
64 85
65 89
69 75
81 82
87 88
91 98
