137 137 1685
44
41
44
18
21
54
21
50
53
46
53
49
17
10
45
16
1
78
83
78
1
78
1
78
1
78
31
78
1
0
61
91
15
96
31
72
14
98
77
58
89
23
79
23
33
23
4
3
36
20
94
20
60
88
24
94
20
69
56
42
56
22
51
84
51
40
47
11
12
80
55
76
55
35
34
27
75
27
73
27
71
67
43
67
73
95
81
90
64
57
39
48
70
26
27
34
13
82
5
68
5
38
63
62
65
29
37
6
2
6
66
74
25
32
97
30
97
28
97
30
9
7
99
93
19
59
92
85
92
59
86
87
86
59
19
52
8
41 44
41 44
18 44
18 21
21 54
21 54
21 50
50 53
46 53
46 53
49 53
17 49
10 17
10 45
16 45
1 16
1 78
78 83
78 83
1 78
1 78
1 78
1 78
1 78
1 78
31 78
31 78
1 78
0 1
0 61
61 91
15 91
15 96
31 96
31 72
14 72
14 98
77 98
58 77
58 89
23 89
23 79
23 79
23 33
23 33
4 23
3 4
3 36
20 36
20 94
20 94
20 60
60 88
24 88
24 94
20 94
20 69
56 69
42 56
42 56
22 56
22 51
51 84
51 84
40 51
40 47
11 47
11 12
12 80
55 80
55 76
55 76
35 55
34 35
27 34
27 75
27 75
27 73
27 73
27 71
67 71
43 67
43 67
67 73
73 95
81 95
81 90
64 90
57 64
39 57
39 48
48 70
26 70
26 27
27 34
13 34
13 82
5 82
5 68
5 68
5 38
38 63
62 63
62 65
29 65
29 37
6 37
2 6
2 6
6 66
66 74
25 74
25 32
32 97
30 97
30 97
28 97
28 97
30 97
9 30
7 9
7 99
93 99
19 93
19 59
59 92
85 92
85 92
59 92
59 86
86 87
86 87
59 86
19 59
19 52
8 52
8 44
