94 94 1376
0
1
2
3
4
5
6
7
8
9
10
11
12
13
14
15
16
17
18
19
20
21
22
23
24
25
27
28
29
30
31
32
33
34
35
36
37
38
39
40
41
42
43
44
45
46
47
48
49
50
51
52
53
54
55
56
59
60
61
62
63
64
66
67
68
69
70
71
72
73
74
75
77
78
79
80
81
82
83
84
86
87
88
89
90
91
92
93
94
95
96
97
98
99
0 45
0 60
1 28
1 73
2 11
2 63
3 10
3 62
4 28
4 51
5 7
5 25
6 89
6 96
7 46
8 15
8 45
9 80
9 94
10 54
11 50
12 75
12 92
13 71
13 84
14 48
14 98
15 35
16 52
16 88
17 71
17 90
18 29
18 34
19 49
19 84
20 33
20 72
21 30
21 56
22 74
22 80
23 37
23 98
24 42
24 87
25 91
27 55
27 89
29 60
30 37
31 67
31 69
32 51
32 79
33 40
34 68
35 79
36 66
36 78
38 82
38 93
39 43
39 87
40 94
41 59
41 62
42 55
43 78
44 47
44 90
46 96
47 99
48 70
49 81
50 77
52 64
53 73
53 86
54 61
56 66
59 97
61 68
63 77
64 88
67 69
70 97
72 74
75 95
81 83
82 93
83 99
86 91
92 95
