113 113 1211
89
2
15
93
87
93
71
91
71
12
14
60
54
45
28
24
41
22
78
88
68
55
68
5
63
94
66
94
66
94
53
3
52
37
11
79
1
79
70
83
74
83
96
0
34
36
73
48
96
95
39
38
32
75
13
29
67
77
47
80
69
43
4
99
49
90
84
19
17
50
42
25
42
30
7
10
97
10
44
81
65
57
31
23
62
82
62
9
61
8
21
20
16
85
35
86
35
76
40
64
92
59
56
18
26
58
33
51
72
6
98
46
27
2 89
2 15
15 93
87 93
87 93
71 93
71 91
71 91
12 71
12 14
14 60
54 60
45 54
28 45
24 28
24 41
22 41
22 78
78 88
68 88
55 68
55 68
5 68
5 63
63 94
66 94
66 94
66 94
66 94
53 94
3 53
3 52
37 52
11 37
11 79
1 79
1 79
70 79
70 83
74 83
74 83
83 96
0 96
0 34
34 36
36 73
48 73
48 96
95 96
39 95
38 39
32 38
32 75
13 75
13 29
29 67
67 77
47 77
47 80
69 80
43 69
4 43
4 99
49 99
49 90
84 90
19 84
17 19
17 50
42 50
25 42
25 42
30 42
7 30
7 10
10 97
10 97
10 44
44 81
65 81
57 65
31 57
23 31
23 62
62 82
62 82
9 62
9 61
8 61
8 21
20 21
16 20
16 85
35 85
35 86
35 86
35 76
40 76
40 64
64 92
59 92
56 59
18 56
18 26
26 58
33 58
33 51
51 72
6 72
6 98
46 98
27 46
27 89
