200 200 2013
0
1
2
3
4
5
6
7
8
9
10
11
12
13
14
15
16
17
18
19
20
21
22
23
24
25
26
27
28
29
30
31
32
33
34
35
36
37
38
39
40
41
42
43
44
45
46
47
48
49
50
51
52
53
54
55
56
57
58
59
60
61
62
63
64
65
66
67
68
69
70
71
72
73
74
75
76
77
78
79
80
81
82
83
84
85
86
87
88
89
90
91
92
93
94
95
96
97
98
99
100
101
102
103
104
105
106
107
108
109
110
111
112
113
114
115
116
117
118
119
120
121
122
123
124
125
126
127
128
129
130
131
132
133
134
135
136
137
138
139
140
141
142
143
144
145
146
147
148
149
150
151
152
153
154
155
156
157
158
159
160
161
162
163
164
165
166
167
168
169
170
171
172
173
174
175
176
177
178
179
180
181
182
183
184
185
186
187
188
189
190
191
192
193
194
195
196
197
198
199
0 137
0 153
1 131
1 157
2 22
2 113
3 45
3 75
4 104
4 191
5 64
5 102
6 118
6 153
7 44
7 177
8 51
8 107
9 13
9 24
10 66
10 195
11 69
11 174
12 77
12 148
13 93
14 21
14 147
15 19
15 93
16 27
16 82
17 65
17 87
18 188
18 197
19 23
20 47
20 104
21 97
22 123
23 72
24 155
25 30
25 193
26 56
26 95
27 178
28 88
28 140
29 80
29 132
30 61
31 52
31 179
32 33
32 149
33 187
34 60
34 167
35 106
35 181
36 100
36 159
37 39
37 107
38 126
38 185
39 183
40 81
40 103
41 122
41 196
42 124
42 165
43 122
43 156
44 150
45 176
46 86
46 90
47 136
48 49
48 120
49 57
50 55
50 94
51 113
52 66
53 86
53 144
54 150
54 165
55 126
56 112
57 161
58 134
58 166
59 94
59 121
60 186
61 172
62 181
62 189
63 114
63 132
64 99
65 80
67 100
67 175
68 119
68 177
69 174
70 129
70 158
71 74
71 169
72 115
73 95
73 121
74 103
75 142
76 144
76 148
77 130
78 84
78 194
79 133
79 179
81 152
82 147
83 155
83 173
84 119
85 109
85 163
87 170
88 136
89 105
89 154
90 130
91 97
91 125
92 116
92 135
96 190
96 192
98 105
98 164
99 145
101 143
101 146
102 171
106 168
108 152
108 184
109 163
110 112
110 172
111 166
111 180
114 123
115 182
116 143
117 171
117 173
118 137
120 154
124 162
125 128
127 192
127 198
128 184
129 183
131 141
133 161
134 199
135 146
138 139
138 164
139 185
140 151
141 194
142 160
145 158
149 170
151 178
156 162
157 198
159 175
160 176
167 186
168 188
169 189
180 190
182 197
187 193
191 196
195 199
