200 200 1247
0
1
2
3
4
5
6
7
8
9
10
11
12
13
14
15
16
17
18
19
20
21
22
23
24
25
26
27
28
29
30
31
32
33
34
35
36
37
38
39
40
41
42
43
44
45
46
47
48
49
50
51
52
53
54
55
56
57
58
59
60
61
62
63
64
65
66
67
68
69
70
71
72
73
74
75
76
77
78
79
80
81
82
83
84
85
86
87
88
89
90
91
92
93
94
95
96
97
98
99
100
101
102
103
104
105
106
107
108
109
110
111
112
113
114
115
116
117
118
119
120
121
122
123
124
125
126
127
128
129
130
131
132
133
134
135
136
137
138
139
140
141
142
143
144
145
146
147
148
149
150
151
152
153
154
155
156
157
158
159
160
161
162
163
164
165
166
167
168
169
170
171
172
173
174
175
176
177
178
179
180
181
182
183
184
185
186
187
188
189
190
191
192
193
194
195
196
197
198
199
0 15
0 143
1 126
1 137
2 103
2 125
3 84
3 95
4 87
4 128
5 167
5 180
6 21
6 154
7 62
7 166
8 98
8 195
9 129
9 179
10 14
10 52
11 26
11 42
12 93
12 165
13 62
13 166
14 64
15 23
16 60
16 71
17 63
17 67
18 37
18 100
19 38
19 79
20 35
20 82
21 175
22 140
22 183
23 108
24 25
24 167
25 70
26 29
27 75
27 93
28 77
28 186
29 137
30 155
30 160
31 48
31 138
32 98
32 148
33 188
33 192
34 68
34 185
35 110
36 123
36 190
37 121
38 197
39 177
39 195
40 119
40 141
41 44
41 86
42 136
43 109
43 145
44 108
45 90
45 164
46 76
46 130
47 102
47 168
48 120
49 102
49 139
50 87
50 101
51 76
51 198
52 170
53 56
53 116
54 99
54 158
55 180
55 194
56 183
57 162
57 170
58 117
58 152
59 136
59 194
60 172
61 135
61 198
63 157
64 176
65 134
65 152
66 160
66 190
67 80
68 181
69 116
69 154
70 148
71 189
72 95
72 153
73 139
73 159
74 124
74 189
75 171
77 187
78 151
78 174
79 94
80 156
81 104
81 127
82 110
83 99
83 199
84 146
85 89
85 92
86 106
88 106
88 124
89 146
90 142
91 169
91 175
92 177
94 135
96 113
96 114
97 165
97 196
100 121
101 134
103 196
104 127
105 118
105 133
107 117
107 144
109 114
111 129
111 164
112 131
112 147
113 161
115 130
115 149
118 133
119 141
120 138
122 131
122 147
123 179
125 145
126 128
132 163
132 184
140 193
142 155
143 185
144 157
149 176
150 153
150 169
151 174
156 171
158 178
159 182
161 193
162 187
163 191
168 191
172 186
173 178
173 199
181 197
182 184
188 192
