100 100 938
0
1
2
3
4
5
6
7
8
9
10
11
12
13
14
15
16
17
18
19
20
21
22
23
24
25
26
27
28
29
30
31
32
33
34
35
36
37
38
39
40
41
42
43
44
45
46
47
48
49
50
51
52
53
54
55
56
57
58
59
60
61
62
63
64
65
66
67
68
69
70
71
72
73
74
75
76
77
78
79
80
81
82
83
84
85
86
87
88
89
90
91
92
93
94
95
96
97
98
99
0 44
0 55
1 10
1 67
2 31
2 89
3 56
3 84
4 47
4 53
5 11
5 38
6 32
6 56
7 46
7 55
8 60
8 93
9 57
9 79
10 25
11 38
12 60
12 93
13 31
13 86
14 50
14 76
15 26
15 94
16 45
16 53
17 33
17 42
18 29
18 35
19 24
19 27
20 44
20 61
21 71
21 84
22 26
22 83
23 30
23 36
24 59
25 68
27 77
28 71
28 95
29 32
30 87
33 48
34 58
34 90
35 78
36 74
37 48
37 61
39 75
39 92
40 80
40 88
41 57
41 72
42 66
43 51
43 63
45 82
46 66
47 97
49 81
49 95
50 89
51 63
52 80
52 96
54 65
54 98
58 70
59 67
62 91
62 99
64 73
64 85
65 87
68 96
69 72
69 88
70 76
73 94
74 77
75 92
78 85
79 82
81 90
83 97
86 98
91 99
