99 99 945
0
1
2
3
4
5
6
7
8
9
10
11
12
13
14
15
16
17
18
19
20
21
22
23
24
25
26
27
28
29
30
31
32
33
34
35
36
37
38
39
40
41
42
43
44
45
46
47
48
49
50
51
52
53
54
55
56
57
58
59
60
61
62
63
64
65
66
67
68
69
70
71
72
73
74
75
76
77
78
79
80
81
83
84
85
86
87
88
89
90
91
92
93
94
95
96
97
98
99
0 2
0 42
1 41
1 87
2 9
3 71
3 85
4 24
4 66
5 60
5 88
6 28
6 54
7 44
7 56
8 23
8 74
9 52
10 62
10 91
11 20
11 61
12 71
12 85
13 19
13 38
14 15
14 78
15 79
16 31
16 39
17 48
17 68
18 55
18 96
19 49
20 45
21 78
21 88
22 93
22 98
23 80
24 55
25 57
25 59
26 63
26 89
27 33
27 89
28 77
29 57
29 59
30 67
30 69
31 32
32 79
33 69
34 50
34 53
35 44
35 54
36 62
36 76
37 56
37 94
38 72
39 51
40 41
40 92
42 52
43 64
43 99
45 61
46 51
46 58
47 60
47 90
48 75
49 86
50 63
53 87
58 67
64 99
65 77
65 81
66 96
68 76
70 75
70 92
72 94
73 81
73 93
74 80
83 84
83 95
84 97
86 91
90 98
95 97
