Error code = 10013
Unable to write to file './output/N50D0.7K0T1P1.0/model.lp'

50 49 681
0
1
2
3
4
5
6
7
8
9
10
11
12
13
14
15
16
17
18
19
20
21
22
23
24
25
26
27
28
29
30
31
32
33
34
35
36
37
38
39
40
41
42
43
44
45
46
47
48
49
0 13
0 37
1 32
1 47
2 36
2 44
3 13
3 43
4 29
4 41
6 10
6 17
7 30
7 48
8 12
8 38
9 14
9 27
10 15
11 17
11 25
12 37
14 42
15 19
16 18
16 35
18 35
19 26
20 25
20 31
21 22
21 47
22 46
23 32
23 48
24 31
24 38
26 45
27 28
28 43
29 49
30 42
33 34
33 45
34 46
36 44
39 41
39 49
40 5
