100 100 1611
0
1
2
3
4
5
6
7
8
9
10
11
12
13
14
15
16
17
18
19
20
21
22
23
24
25
26
27
28
29
30
31
32
33
34
35
36
37
38
39
40
41
42
43
44
45
46
47
48
49
50
51
52
53
54
55
56
57
58
59
60
61
62
63
64
65
66
67
68
69
70
71
72
73
74
75
76
77
78
79
80
81
82
83
84
85
86
87
88
89
90
91
92
93
94
95
96
97
98
99
0 26
0 54
1 5
1 22
2 10
2 48
3 61
3 77
4 25
4 82
5 63
6 43
6 87
7 61
7 69
8 72
8 78
9 28
9 70
10 34
11 16
11 77
12 59
12 65
13 33
13 40
14 38
14 68
15 35
15 83
16 50
17 44
17 91
18 19
18 98
19 63
20 96
20 97
21 30
21 41
22 62
23 33
23 67
24 32
24 67
25 79
26 53
27 39
27 51
28 45
29 52
29 85
30 48
31 57
31 75
32 83
34 59
35 69
36 43
36 54
37 40
37 84
38 71
39 66
41 81
42 73
42 96
44 49
45 97
46 70
46 89
47 58
47 93
49 65
50 68
51 76
52 58
53 78
55 56
55 76
56 99
57 94
60 64
60 91
62 81
64 71
66 85
72 93
73 88
74 92
74 94
75 84
79 98
80 82
80 90
86 87
86 89
88 95
90 95
92 99
