80 80 1713
18
60
116
73
142
169
161
163
107
189
120
0
166
78
119
159
145
49
168
160
114
174
76
192
29
125
132
108
98
2
30
157
77
164
148
100
91
182
4
8
106
162
69
178
172
139
25
13
33
185
176
88
32
137
188
5
10
175
66
154
135
180
35
124
79
149
53
63
150
155
194
140
24
177
152
134
181
54
173
167
18 60
60 116
73 116
73 142
142 169
161 169
161 163
107 163
107 189
120 189
0 120
0 166
78 166
78 119
119 159
145 159
49 145
49 168
160 168
114 160
114 174
76 174
76 192
29 192
29 125
125 132
108 132
98 108
2 98
2 30
30 157
77 157
77 164
148 164
100 148
91 100
91 182
4 182
4 8
8 106
106 162
69 162
69 178
172 178
139 172
25 139
13 25
13 33
33 185
176 185
88 176
32 88
32 137
137 188
5 188
5 10
10 175
66 175
66 154
135 154
135 180
35 180
35 124
79 124
79 149
53 149
53 63
63 150
150 155
155 194
140 194
24 140
24 177
152 177
134 152
134 181
54 181
54 173
167 173
18 167
