104 104 965
53
36
79
62
59
1
18
49
96
19
26
37
21
15
97
35
66
8
81
83
92
29
25
29
12
84
68
32
14
88
16
34
16
13
60
90
61
33
41
67
27
94
63
38
51
99
43
6
93
65
86
65
3
64
40
28
71
58
22
77
30
61
89
20
42
54
69
2
39
5
46
73
57
44
24
4
70
56
74
75
7
55
95
50
31
87
52
47
78
80
23
17
91
76
10
48
85
9
98
45
0
11
82
72
36 53
36 79
62 79
59 62
1 59
1 18
18 49
49 96
19 96
19 26
26 37
21 37
15 21
15 97
35 97
35 66
8 66
8 81
81 83
83 92
29 92
25 29
25 29
12 29
12 84
68 84
32 68
14 32
14 88
16 88
16 34
16 34
13 16
13 60
60 90
61 90
33 61
33 41
41 67
27 67
27 94
63 94
38 63
38 51
51 99
43 99
6 43
6 93
65 93
65 86
65 86
3 65
3 64
40 64
28 40
28 71
58 71
22 58
22 77
30 77
30 61
61 89
20 89
20 42
42 54
54 69
2 69
2 39
5 39
5 46
46 73
57 73
44 57
24 44
4 24
4 70
56 70
56 74
74 75
7 75
7 55
55 95
50 95
31 50
31 87
52 87
47 52
47 78
78 80
23 80
17 23
17 91
76 91
10 76
10 48
48 85
9 85
9 98
45 98
0 45
0 11
11 82
72 82
53 72
