63 63 1141
13
24
34
30
38
31
43
37
36
22
14
16
7
25
15
47
49
9
17
5
0
1
32
44
40
23
3
45
41
35
29
35
42
35
28
41
19
6
39
10
39
8
39
6
20
46
12
11
12
11
2
18
27
18
2
18
2
11
26
21
4
33
48
13 24
24 34
30 34
30 38
31 38
31 43
37 43
36 37
22 36
14 22
14 16
7 16
7 25
15 25
15 47
47 49
9 49
9 17
5 17
0 5
0 1
1 32
32 44
40 44
23 40
3 23
3 45
41 45
35 41
29 35
29 35
35 42
35 42
28 35
28 41
19 41
6 19
6 39
10 39
10 39
8 39
8 39
6 39
6 20
20 46
12 46
11 12
11 12
11 12
2 11
2 18
18 27
18 27
2 18
2 18
2 18
2 11
11 26
21 26
4 21
4 33
33 48
13 48
