84 84 1250
0
1
2
3
4
5
8
9
10
11
12
13
14
15
17
18
19
20
21
22
23
24
25
26
27
29
30
31
32
33
34
35
36
38
40
42
43
44
45
46
47
48
51
52
54
55
56
57
58
60
62
63
64
65
66
67
68
71
72
73
74
75
76
78
79
80
81
82
83
84
85
87
88
89
90
91
92
93
94
95
96
97
98
99
0 12
0 84
1 71
1 76
2 34
2 84
3 8
3 30
4 23
4 26
5 29
5 44
8 81
9 35
9 47
10 21
10 95
11 21
11 58
12 82
13 22
13 34
14 54
14 94
15 60
15 83
17 20
17 32
18 23
18 96
19 57
19 93
20 97
22 71
24 32
24 78
25 36
25 88
26 44
27 66
27 83
29 80
30 48
31 79
31 89
33 38
33 56
35 74
36 67
38 65
40 62
40 92
42 45
42 72
43 76
43 87
45 58
46 52
46 91
47 97
48 55
51 55
51 79
52 90
54 94
56 63
57 90
60 91
62 92
63 99
64 82
64 96
65 73
66 67
68 80
68 98
72 98
73 88
74 81
75 85
75 87
78 95
85 89
93 99
