152 152 2148
1
2
4
7
8
9
10
12
13
14
15
18
20
21
23
24
25
27
28
30
32
34
35
36
37
39
40
41
42
44
45
46
48
49
50
51
53
55
57
60
61
62
63
64
65
66
67
68
69
70
71
72
73
74
75
76
77
78
79
80
81
82
83
88
91
92
93
95
96
97
98
99
100
101
102
103
104
105
106
107
109
110
111
112
113
114
116
117
118
120
121
123
125
126
127
128
129
130
131
132
136
137
139
140
141
142
143
144
145
146
147
149
150
151
152
154
155
156
159
160
161
163
164
165
166
167
168
169
170
172
173
174
175
176
177
178
179
181
182
183
184
186
187
188
189
190
192
193
194
196
198
199
1 79
1 199
2 99
2 120
4 64
4 192
7 110
7 116
8 18
8 166
9 36
9 169
10 27
10 187
12 30
12 184
13 102
13 121
14 151
14 163
15 20
15 101
18 75
20 55
21 127
21 174
23 88
23 95
24 92
24 183
25 67
25 131
27 177
28 42
28 127
30 61
32 128
32 167
34 39
34 93
35 41
35 63
36 71
37 67
37 146
39 114
40 71
40 100
41 126
42 117
44 65
44 166
45 74
45 151
46 60
46 74
48 66
48 168
49 150
49 175
50 98
50 116
51 83
51 123
53 79
53 189
55 131
57 149
57 186
60 97
61 98
62 179
62 181
63 144
64 118
65 183
66 172
68 141
68 193
69 165
69 172
70 160
70 164
72 91
72 181
73 113
73 114
75 152
76 141
76 196
77 170
77 198
78 147
78 170
80 173
80 178
81 129
81 163
82 121
82 150
83 113
88 137
91 95
92 161
93 182
96 105
96 187
97 123
99 110
100 188
101 168
102 103
103 193
104 107
104 169
105 167
106 188
106 192
107 176
109 144
109 198
111 130
111 137
112 126
112 160
117 161
118 194
120 139
125 132
125 139
128 145
129 174
130 184
132 155
136 155
136 173
140 159
140 190
142 159
142 176
143 177
143 189
145 149
146 154
147 156
152 178
154 194
156 179
164 165
175 182
186 190
196 199
