199 199 1924
0
1
2
3
4
5
6
7
8
9
10
11
12
13
14
15
16
17
18
19
20
21
22
23
24
25
26
27
28
29
30
31
32
33
34
35
36
37
38
39
40
41
42
43
44
45
46
47
48
49
50
51
52
53
54
55
56
57
58
59
60
61
62
63
64
65
66
67
68
69
70
71
72
73
74
75
76
77
78
79
80
81
82
83
84
85
86
87
88
89
90
91
92
94
95
96
97
98
99
100
101
102
103
104
105
106
107
108
109
110
111
112
113
114
115
116
117
118
119
120
121
122
123
124
125
126
127
128
129
130
131
132
133
134
135
136
137
138
139
140
141
142
143
144
145
146
147
148
149
150
151
152
153
154
155
156
157
158
159
160
161
162
163
164
165
166
167
168
169
170
171
172
173
174
175
176
177
178
179
180
181
182
183
184
185
186
187
188
189
190
191
192
193
194
195
196
197
198
199
0 102
0 127
1 75
1 142
2 131
2 155
3 17
3 140
4 159
4 186
5 58
5 62
6 28
6 167
7 16
7 175
8 11
8 176
9 75
9 162
10 170
10 188
11 162
12 136
12 178
13 72
13 78
14 127
14 198
15 153
15 171
16 184
17 38
18 98
18 100
19 57
19 107
20 150
20 152
21 60
21 139
22 95
22 115
23 83
23 132
24 67
24 116
25 88
25 91
26 27
26 32
27 104
28 47
29 109
29 129
30 134
30 198
31 39
31 189
32 192
33 126
33 148
34 123
34 169
35 63
35 160
36 168
36 194
37 108
37 187
38 147
39 171
40 120
40 129
41 124
41 155
42 109
42 138
43 187
43 194
44 57
44 113
45 81
45 193
46 51
46 182
47 105
48 50
48 169
49 122
49 145
50 120
51 190
52 53
52 180
53 121
54 92
54 196
55 101
55 108
56 78
56 165
58 151
59 70
59 130
60 92
61 144
61 158
62 67
63 179
64 68
64 77
65 69
65 190
66 106
66 124
68 136
69 80
70 123
71 191
71 196
72 79
73 105
73 116
74 154
74 174
76 107
76 143
77 126
79 114
80 134
81 133
82 158
82 199
83 142
84 95
84 164
85 135
85 199
86 99
86 173
87 119
87 180
88 181
89 112
89 195
90 154
90 172
91 188
94 106
94 185
96 125
96 152
97 163
97 170
98 183
99 156
100 141
101 111
102 118
103 131
103 153
104 157
110 112
110 113
111 150
114 157
115 166
117 146
117 159
118 156
119 174
121 146
122 176
125 140
128 133
128 160
130 161
132 177
135 141
137 145
137 193
138 197
139 166
143 189
144 192
147 178
148 163
149 164
149 183
151 195
161 186
165 173
167 184
168 172
175 191
177 181
179 185
182 197
