124 124 1641
12
3
77
65
19
78
4
91
25
26
92
26
99
20
49
29
64
68
32
68
86
58
24
10
82
10
30
36
54
15
36
30
5
75
48
67
42
14
97
44
97
13
97
11
97
14
5
66
9
90
37
61
31
51
52
6
8
34
8
6
8
71
2
47
93
57
0
39
79
39
79
39
74
17
16
17
43
0
43
17
16
76
70
60
72
35
21
41
38
50
28
85
62
55
80
1
33
23
18
69
18
94
22
63
73
84
83
89
87
7
83
59
95
45
46
27
98
81
40
81
53
56
88
3
3 12
3 77
65 77
19 65
19 78
4 78
4 91
25 91
25 26
26 92
26 92
26 99
20 99
20 49
29 49
29 64
64 68
32 68
32 68
68 86
58 86
24 58
10 24
10 82
10 82
10 30
30 36
36 54
15 54
15 36
30 36
5 30
5 75
48 75
48 67
42 67
14 42
14 97
44 97
44 97
13 97
13 97
11 97
11 97
14 97
5 14
5 66
9 66
9 90
37 90
37 61
31 61
31 51
51 52
6 52
6 8
8 34
8 34
6 8
6 8
8 71
2 71
2 47
47 93
57 93
0 57
0 39
39 79
39 79
39 79
39 79
39 74
17 74
16 17
16 17
17 43
0 43
0 43
17 43
16 17
16 76
70 76
60 70
60 72
35 72
21 35
21 41
38 41
38 50
28 50
28 85
62 85
55 62
55 80
1 80
1 33
23 33
18 23
18 69
18 69
18 94
22 94
22 63
63 73
73 84
83 84
83 89
87 89
7 87
7 83
59 83
59 95
45 95
45 46
27 46
27 98
81 98
40 81
40 81
53 81
53 56
56 88
3 88
3 12
