91 91 868
0
1
2
3
4
5
6
7
8
9
11
12
13
14
15
16
17
18
20
21
22
24
25
26
27
28
29
30
31
32
34
35
36
39
40
41
42
43
44
46
47
48
49
50
51
53
54
55
56
57
58
59
60
61
62
63
64
65
66
67
68
69
70
71
72
73
74
75
76
77
78
79
80
81
82
83
84
85
86
87
88
89
90
91
92
93
94
95
96
97
98
0 24
0 63
1 9
1 89
2 59
2 91
3 58
3 89
4 17
4 47
5 15
5 54
6 34
6 73
7 13
7 98
8 41
8 85
9 97
11 65
11 67
12 20
12 88
13 48
14 25
14 84
15 57
16 21
16 48
17 47
18 25
18 81
20 64
21 50
22 27
22 31
24 83
26 42
26 75
27 31
28 46
28 66
29 78
29 90
30 71
30 72
32 86
32 97
34 53
35 51
35 76
36 88
36 96
39 56
39 74
40 77
40 80
41 95
42 75
43 69
43 83
44 54
44 79
46 71
49 58
49 63
50 98
51 82
53 73
55 64
55 77
56 91
57 60
59 74
60 70
61 65
61 94
62 78
62 96
66 68
67 81
68 92
69 87
70 79
72 94
76 93
80 93
82 92
84 95
85 86
87 90
