69 69 1270
31
45
72
63
73
67
93
5
81
96
42
7
65
9
0
9
65
7
44
58
18
58
70
98
43
21
41
79
41
8
41
21
80
37
75
36
92
90
92
10
54
69
23
19
25
77
13
53
26
53
77
30
82
27
29
51
2
28
24
28
24
28
24
6
35
76
60
40
38
31 45
45 72
63 72
63 73
67 73
67 93
5 93
5 81
81 96
42 96
7 42
7 65
9 65
0 9
0 9
9 65
7 65
7 44
44 58
18 58
18 58
58 70
70 98
43 98
21 43
21 41
41 79
41 79
8 41
8 41
21 41
21 80
37 80
37 75
36 75
36 92
90 92
90 92
10 92
10 54
54 69
23 69
19 23
19 25
25 77
13 77
13 53
26 53
26 53
53 77
30 77
30 82
27 82
27 29
29 51
2 51
2 28
24 28
24 28
24 28
24 28
24 28
6 24
6 35
35 76
60 76
40 60
38 40
31 38
