84 84 968
0
1
3
4
5
6
7
8
9
10
11
12
13
14
15
16
17
18
19
20
21
22
23
25
26
27
28
29
30
32
34
35
36
37
38
39
40
42
43
44
46
48
49
50
51
52
53
54
55
56
57
58
59
61
63
64
65
66
67
68
69
70
71
72
73
74
77
78
79
80
81
82
83
84
85
87
88
89
91
93
94
95
97
99
0 12
0 32
1 50
1 77
3 73
3 83
4 18
4 35
5 78
5 94
6 27
6 63
7 30
7 94
8 26
8 70
9 43
9 56
10 57
10 73
11 20
11 82
12 32
13 29
13 99
14 21
14 37
15 18
15 22
16 17
16 23
17 28
19 23
19 40
20 84
21 64
22 97
25 43
25 49
26 66
27 63
28 39
29 83
30 69
34 55
34 85
35 71
36 37
36 87
38 72
38 84
39 87
40 91
42 72
42 95
44 56
44 79
46 52
46 67
48 59
48 68
49 79
50 65
51 52
51 67
53 70
53 74
54 68
54 78
55 74
57 66
58 81
58 88
59 69
61 77
61 85
64 81
65 99
71 97
80 89
80 95
82 93
88 91
89 93
