100 100 1291
0
1
2
3
4
5
6
7
8
9
10
11
12
13
14
15
16
17
18
19
20
21
22
23
24
25
26
27
28
29
30
31
32
33
34
35
36
37
38
39
40
41
42
43
44
45
46
47
48
49
50
51
52
53
54
55
56
57
58
59
60
61
62
63
64
65
66
67
68
69
70
71
72
73
74
75
76
77
78
79
80
81
82
83
84
85
86
87
88
89
90
91
92
93
94
95
96
97
98
99
0 4
0 22
1 33
1 40
2 9
2 17
3 74
3 77
4 10
5 62
5 74
6 66
6 73
7 18
7 26
8 79
8 87
9 93
10 21
11 72
11 83
12 29
12 55
13 46
13 69
14 51
14 59
15 31
15 50
16 27
16 47
17 85
18 64
19 65
19 99
20 33
20 91
21 84
22 37
23 44
23 94
24 51
24 52
25 28
25 92
26 41
27 36
28 35
29 53
30 39
30 89
31 70
32 77
32 78
34 39
34 98
35 95
36 40
37 42
38 52
38 63
41 75
42 68
43 49
43 86
44 94
45 56
45 99
46 86
47 69
48 65
48 90
49 88
50 80
53 76
54 60
54 97
55 71
56 96
57 58
57 66
58 82
59 96
60 98
61 62
61 67
63 80
64 79
67 72
68 78
70 81
71 93
73 95
75 87
76 82
81 91
83 84
85 92
88 90
89 97
