95 95 1022
0
1
3
4
5
6
7
8
9
10
11
12
13
14
15
17
18
19
20
21
22
23
24
25
26
27
28
29
30
32
33
34
35
37
38
39
40
42
43
44
45
46
47
48
49
50
51
52
53
54
55
56
57
58
59
60
61
62
63
64
65
66
67
68
69
70
71
72
73
74
75
76
77
78
79
80
81
82
83
84
85
86
87
88
89
90
91
92
93
94
95
96
97
98
99
0 27
0 29
1 37
1 67
3 76
3 84
4 22
4 53
5 38
5 90
6 7
6 51
7 40
8 33
8 81
9 22
9 53
10 78
10 86
11 48
11 94
12 59
12 60
13 37
13 94
14 65
14 74
15 44
15 70
17 45
17 75
18 26
18 67
19 28
19 45
20 25
20 82
21 57
21 93
23 55
23 95
24 64
24 82
25 64
26 86
27 88
28 72
29 91
30 58
30 68
32 55
32 95
33 49
34 39
34 73
35 43
35 93
38 90
39 65
40 44
42 72
42 99
43 54
46 50
46 79
47 52
47 85
48 74
49 80
50 97
51 66
52 57
54 80
56 69
56 70
58 98
59 60
61 84
61 98
62 85
62 89
63 68
63 96
66 96
69 89
71 81
71 83
73 79
75 99
76 87
77 83
77 92
78 92
87 91
88 97
