100 223 1776
0
1
2
3
4
5
6
7
8
9
10
11
12
13
14
15
16
17
18
19
20
21
22
23
24
25
26
27
28
29
30
31
32
33
34
35
36
37
38
39
40
41
42
43
44
45
46
47
48
49
50
51
52
53
54
55
56
57
58
59
60
61
62
63
64
65
66
67
68
69
70
71
72
73
74
75
76
77
78
79
80
81
82
83
84
85
86
87
88
89
90
91
92
93
94
95
96
97
98
99
0 4
0 4
0 4
4 56
4 56
1 33
33 21
33 21
1 89
1 89
2 65
2 65
2 65
65 72
65 72
3 49
49 59
59 16
59 16
3 22
3 22
4 35
4 35
5 42
42 23
42 23
5 47
5 47
6 97
97 70
97 70
6 97
6 97
7 46
7 46
7 55
7 55
8 68
8 68
8 71
8 71
9 27
9 27
9 79
79 63
79 63
10 30
10 30
10 91
10 91
11 14
11 14
11 39
11 39
12 24
12 24
12 73
12 73
13 27
13 27
13 27
27 33
27 33
14 40
14 40
15 97
97 53
97 53
15 61
15 61
16 62
16 62
17 32
17 32
17 32
32 76
32 76
18 49
18 49
18 95
18 95
19 37
19 37
19 88
19 88
20 90
20 90
20 92
20 92
21 26
26 89
89 28
89 28
22 78
22 78
23 73
23 73
24 64
24 64
25 10
10 37
10 37
25 5
5 47
5 47
26 21
21 33
21 33
26 89
26 89
28 92
92 48
92 48
29 53
29 53
29 70
29 70
30 50
30 50
31 57
31 57
31 67
31 67
32 86
32 86
34 58
34 58
34 80
34 80
35 83
35 83
36 46
36 46
36 71
36 71
38 74
38 74
38 99
38 99
39 66
39 66
40 82
40 82
41 57
41 57
41 84
41 84
42 51
42 51
42 51
51 94
51 94
43 68
43 68
43 88
43 88
44 37
37 60
37 60
44 37
37 98
37 98
45 93
93 77
93 77
45 93
45 93
48 92
48 92
49 59
49 59
50 65
50 65
51 99
51 99
52 72
52 72
52 96
52 96
54 62
54 62
54 87
54 87
55 81
55 81
56 75
56 75
58 96
58 96
59 66
59 66
60 91
60 91
61 95
61 95
63 79
63 79
64 94
64 94
67 69
67 69
69 83
69 83
74 32
32 76
32 76
75 87
75 87
77 81
77 81
78 80
78 80
79 63
63 86
63 86
82 85
82 85
84 97
84 97
85 90
85 90
93 98
93 98
