100 117 1408
0
1
2
3
4
5
6
7
8
9
10
11
12
13
14
15
16
17
18
19
20
21
22
23
24
25
26
27
28
29
30
31
32
33
34
35
36
37
38
39
40
41
42
43
44
45
46
47
48
49
50
51
52
53
54
55
56
57
58
59
60
61
62
63
64
65
66
67
68
69
70
71
72
73
74
75
76
77
78
79
80
81
82
83
84
85
86
87
88
89
90
91
92
93
94
95
96
97
98
99
0 32
0 94
1 55
1 65
2 6
2 91
3 5
3 76
4 71
4 92
5 41
6 65
51 65
7 56
7 86
68 86
68 90
8 87
70 87
8 87
9 28
9 78
10 34
30 34
10 53
11 92
11 95
12 31
12 78
13 20
13 24
14 47
14 94
15 66
15 75
16 64
16 66
17 60
17 98
18 30
18 97
19 29
19 40
20 38
21 55
21 81
22 69
22 86
23 36
23 46
24 57
25 50
25 91
26 49
26 84
27 39
27 68
28 53
29 45
31 59
58 59
32 69
33 65
54 65
33 82
34 62
62 72
34 85
35 64
61 64
8 35
8 87
36 79
37 67
37 96
38 42
39 77
26 40
26 84
41 80
42 85
43 58
43 62
44 62
59 62
44 62
45 48
46 83
47 49
48 93
50 60
51 65
59 65
24 52
24 57
52 88
54 73
56 83
61 64
63 87
70 87
63 99
51 65
51 73
48 67
48 93
68 90
71 80
72 82
74 75
74 89
76 96
77 81
79 89
86 97
88 98
95 99
