100 100 1408
0
1
2
3
4
5
6
7
8
9
10
11
12
13
14
15
16
17
18
19
20
21
22
23
24
25
26
27
28
29
30
31
32
33
34
35
36
37
38
39
40
41
42
43
44
45
46
47
48
49
50
51
52
53
54
55
56
57
58
59
60
61
62
63
64
65
66
67
68
69
70
71
72
73
74
75
76
77
78
79
80
81
82
83
84
85
86
87
88
89
90
91
92
93
94
95
96
97
98
99
0 25
0 74
1 9
1 51
2 29
2 38
3 43
3 58
4 23
4 59
5 23
5 29
6 18
6 88
7 78
7 87
8 61
8 69
9 41
10 76
10 91
11 45
11 99
12 15
12 19
13 50
13 52
14 46
14 80
15 98
16 24
16 81
17 49
17 80
18 50
19 61
20 62
20 72
21 46
21 82
22 63
22 73
24 54
25 69
26 42
26 88
27 85
27 97
28 36
28 92
30 45
30 97
31 32
31 37
32 62
33 43
33 93
34 77
34 96
35 65
35 87
36 40
37 66
38 90
39 48
39 75
40 52
41 95
42 68
44 56
44 90
47 55
47 83
48 70
49 59
51 53
53 92
54 57
55 77
56 67
57 98
58 65
60 74
60 79
63 68
64 86
64 99
66 93
67 76
70 95
71 89
71 96
72 73
75 94
78 91
79 94
81 83
82 85
84 86
84 89
