64 64 993
81
60
73
60
49
76
7
25
72
9
69
98
61
93
87
20
6
39
32
5
35
41
78
41
94
34
8
34
37
53
64
70
64
63
75
89
90
12
91
51
3
55
71
82
57
19
36
67
52
62
66
92
97
0
48
88
2
15
28
96
43
83
33
80
60 81
60 73
60 73
49 60
49 76
7 76
7 25
25 72
9 72
9 69
69 98
61 98
61 93
87 93
20 87
6 20
6 39
32 39
5 32
5 35
35 41
41 78
41 78
41 94
34 94
8 34
8 34
34 37
37 53
53 64
64 70
64 70
63 64
63 75
75 89
89 90
12 90
12 91
51 91
3 51
3 55
55 71
71 82
57 82
19 57
19 36
36 67
52 67
52 62
62 66
66 92
92 97
0 97
0 48
48 88
2 88
2 15
15 28
28 96
43 96
43 83
33 83
33 80
80 81
