90 90 2465
24
96
75
153
90
169
73
152
147
87
168
42
16
86
84
34
198
193
53
41
18
76
57
149
21
185
88
69
123
105
192
72
80
89
44
85
139
59
25
52
8
158
199
177
64
28
54
118
2
99
23
197
101
78
190
106
26
112
50
56
29
131
125
145
150
48
51
98
130
155
13
67
143
104
141
108
178
95
187
43
17
137
117
134
62
15
97
107
138
136
24 96
75 96
75 153
90 153
90 169
73 169
73 152
147 152
87 147
87 168
42 168
16 42
16 86
84 86
34 84
34 198
193 198
53 193
41 53
18 41
18 76
57 76
57 149
21 149
21 185
88 185
69 88
69 123
105 123
105 192
72 192
72 80
80 89
44 89
44 85
85 139
59 139
25 59
25 52
8 52
8 158
158 199
177 199
64 177
28 64
28 54
54 118
2 118
2 99
23 99
23 197
101 197
78 101
78 190
106 190
26 106
26 112
50 112
50 56
29 56
29 131
125 131
125 145
145 150
48 150
48 51
51 98
98 130
130 155
13 155
13 67
67 143
104 143
104 141
108 141
108 178
95 178
95 187
43 187
17 43
17 137
117 137
117 134
62 134
15 62
15 97
97 107
107 138
136 138
24 136
