97 97 1048
0
1
2
3
4
5
6
7
8
9
10
11
12
13
14
15
16
17
18
19
20
21
23
24
25
26
27
28
29
30
31
32
33
34
35
36
37
38
39
40
41
42
43
44
45
46
47
48
49
50
51
52
53
54
55
56
57
58
59
60
62
63
64
65
66
67
68
69
70
71
72
73
74
75
76
77
78
79
80
81
83
84
85
86
87
88
89
90
91
92
93
94
95
96
97
98
99
0 21
0 67
1 48
1 84
2 38
2 45
3 63
3 83
4 56
4 74
5 39
5 99
6 33
6 79
7 28
7 65
8 64
8 85
9 41
9 51
10 86
10 89
11 32
11 37
12 31
12 51
13 92
13 96
14 40
14 66
15 60
15 93
16 59
16 80
17 52
17 68
18 42
18 49
19 20
19 71
20 76
21 94
23 72
23 87
24 62
24 78
25 67
25 94
26 50
26 70
27 74
27 95
28 41
29 69
29 70
30 75
30 91
31 73
32 38
33 79
34 57
34 92
35 60
35 63
36 50
36 55
37 86
39 69
40 43
42 56
43 59
44 52
44 68
45 89
46 53
46 54
47 62
47 75
48 84
49 80
53 97
54 81
55 90
57 96
58 81
58 99
64 88
65 88
66 90
71 93
72 97
73 98
76 87
77 78
77 91
83 85
95 98
