70 70 1347
24
0
31
82
88
36
44
83
56
34
54
62
36
93
53
57
3
49
61
40
35
47
59
50
10
66
13
25
2
41
55
58
65
58
76
28
11
78
67
11
28
72
98
45
90
4
90
18
30
6
21
48
51
20
23
27
15
79
22
16
1
39
87
19
26
75
80
94
92
52
0 24
0 31
31 82
82 88
36 88
36 44
44 83
56 83
34 56
34 54
54 62
36 62
36 93
53 93
53 57
3 57
3 49
49 61
40 61
35 40
35 47
47 59
50 59
10 50
10 66
13 66
13 25
2 25
2 41
41 55
55 58
58 65
58 65
58 76
28 76
11 28
11 78
67 78
11 67
11 28
28 72
72 98
45 98
45 90
4 90
4 90
18 90
18 30
6 30
6 21
21 48
48 51
20 51
20 23
23 27
15 27
15 79
22 79
16 22
1 16
1 39
39 87
19 87
19 26
26 75
75 80
80 94
92 94
52 92
24 52
