50 100 694
0
1
2
3
4
5
6
7
8
9
10
11
12
13
14
15
16
17
18
19
20
21
22
23
24
25
26
27
28
29
30
31
32
33
34
35
36
37
38
39
40
41
42
43
44
45
46
47
48
49
0 15
0 15
0 47
0 47
1 23
1 23
1 38
1 38
2 18
2 18
2 34
2 34
3 14
3 14
3 29
3 29
4 41
4 41
4 42
4 42
5 24
5 24
5 34
5 34
6 8
6 8
6 19
6 19
7 9
7 9
7 40
7 40
8 17
8 17
9 44
9 44
10 26
10 26
10 40
10 40
11 14
11 14
11 21
11 21
12 25
12 25
12 30
12 30
13 24
13 24
13 43
13 43
15 31
15 31
16 20
16 20
16 41
16 41
17 45
17 45
18 36
18 36
19 32
19 32
20 44
20 44
21 36
21 36
22 23
22 23
22 43
22 43
25 35
25 35
26 28
26 28
27 28
27 28
27 46
27 46
29 37
29 37
30 49
30 49
31 45
31 45
32 37
32 37
33 35
33 35
33 39
33 39
38 49
38 49
39 48
39 48
42 48
42 48
46 47
46 47
